Entered python experiment_script.py
----------pca----------
Index(['dr_name', 'dataset_name', 'n_components', 'n_neighbors',
       'fit_transform_time'],
      dtype='object')
PCA,Admission,2,None,0.011719703674316406
PCA,BankHappiness,2,None,0.040998220443725586
PCA,BankHappiness,4,None,0.04230475425720215
PCA,BankHappiness,6,None,0.03759288787841797
PCA,BankHappiness,8,None,0.057134151458740234
PCA,Credit,2,None,0.004767417907714844
PCA,Credit,4,None,0.008193492889404297
PCA,Credit,6,None,0.006624698638916016
PCA,Credit,8,None,0.006608486175537109
PCA,Credit,10,None,0.006562709808349609
PCA,Facebook,2,None,0.006765604019165039
PCA,Facebook,4,None,0.004670381546020508
PCA,Facebook,6,None,0.006699323654174805
PCA,Facebook,8,None,0.0024232864379882812
PCA,ForestFires,2,None,0.0011856555938720703
PCA,ForestFires,4,None,0.0009174346923828125
PCA,HousePrice,2,None,0.02882218360900879
PCA,HousePrice,11,None,0.08257174491882324
PCA,HousePrice,20,None,0.06852912902832031
PCA,HousePrice,29,None,0.06112074851989746
PCA,HousePrice,38,None,0.4459238052368164
PCA,HousePrice,47,None,0.5582408905029297
PCA,HousePrice,56,None,0.49111104011535645
PCA,HousePrice,65,None,0.8262267112731934
PCA,HousePrice,74,None,0.7394342422485352
PCA,HousePrice,83,None,0.612879753112793
PCA,HousePrice,92,None,1.006859540939331
PCA,OnlineNewsPopularity,2,None,0.1269991397857666
PCA,OnlineNewsPopularity,4,None,0.14756059646606445
PCA,OnlineNewsPopularity,6,None,0.1528487205505371
PCA,OnlineNewsPopularity,8,None,0.14510726928710938
PCA,OnlineNewsPopularity,10,None,0.145493745803833
PCA,OnlineNewsPopularity,12,None,0.22960495948791504
PCA,OnlineNewsPopularity,14,None,0.21016812324523926
PCA,OnlineNewsPopularity,16,None,0.21078968048095703
PCA,OnlineNewsPopularity,18,None,0.24191522598266602
PCA,OnlineNewsPopularity,20,None,0.21671605110168457
PCA,OnlineNewsPopularity,22,None,0.2635984420776367
PCA,PremiumPrice,2,None,0.0024187564849853516
PCA,PremiumPrice,4,None,0.0018312931060791016
PCA,WineQuality,2,None,0.025799036026000977
PCA,WineQuality,4,None,0.021509170532226562
Index(['dr_name', 'dataset_name', 'n_components', 'n_neighbors',
       'transform_time'],
      dtype='object')
PCA,Admission,2,None,0.0008413791656494141
PCA,BankHappiness,2,None,0.0009701251983642578
PCA,BankHappiness,4,None,0.0009229183197021484
PCA,BankHappiness,6,None,0.00995945930480957
PCA,BankHappiness,8,None,0.0010116100311279297
PCA,Credit,2,None,0.0008449554443359375
PCA,Credit,4,None,0.0008080005645751953
PCA,Credit,6,None,0.0008075237274169922
PCA,Credit,8,None,0.0008070468902587891
PCA,Credit,10,None,0.0008077621459960938
PCA,Facebook,2,None,0.0008258819580078125
PCA,Facebook,4,None,0.0007901191711425781
PCA,Facebook,6,None,0.0008108615875244141
PCA,Facebook,8,None,0.0007936954498291016
PCA,ForestFires,2,None,0.0007393360137939453
PCA,ForestFires,4,None,0.0007143020629882812
PCA,HousePrice,2,None,0.0021948814392089844
PCA,HousePrice,11,None,0.015206336975097656
PCA,HousePrice,20,None,0.004548072814941406
PCA,HousePrice,29,None,0.005262851715087891
PCA,HousePrice,38,None,0.003292560577392578
PCA,HousePrice,47,None,0.002137899398803711
PCA,HousePrice,56,None,0.0021338462829589844
PCA,HousePrice,65,None,0.002215862274169922
PCA,HousePrice,74,None,0.0022428035736083984
PCA,HousePrice,83,None,0.0022246837615966797
PCA,HousePrice,92,None,0.002170085906982422
PCA,OnlineNewsPopularity,2,None,0.003915309906005859
PCA,OnlineNewsPopularity,4,None,0.0023827552795410156
PCA,OnlineNewsPopularity,6,None,0.002635478973388672
PCA,OnlineNewsPopularity,8,None,0.002706766128540039
PCA,OnlineNewsPopularity,10,None,0.0025310516357421875
PCA,OnlineNewsPopularity,12,None,0.0030014514923095703
PCA,OnlineNewsPopularity,14,None,0.0028319358825683594
PCA,OnlineNewsPopularity,16,None,0.0028967857360839844
PCA,OnlineNewsPopularity,18,None,0.0030622482299804688
PCA,OnlineNewsPopularity,20,None,0.0029816627502441406
PCA,OnlineNewsPopularity,22,None,0.002976655960083008
PCA,PremiumPrice,2,None,0.0007233619689941406
PCA,PremiumPrice,4,None,0.0006947517395019531
PCA,WineQuality,2,None,0.000728607177734375
PCA,WineQuality,4,None,0.0007090568542480469
Index(['dr_name', 'dataset_name', 'n_components', 'n_neighbors', 'RMSE', 'MAE',
       'MAE_percentage', 'R2', 'residuals_mean', 'residuals_var'],
      dtype='object')
[['PCA' 'Admission' 2 None 0.07596191665356902 0.05803619336361043
  0.09066858506111779 0.747501729483897 0.008537674485822681
  0.005769438882083948]]
[['PCA' 'BankHappiness' 2 None 0.31018139336095185 0.17410154050928678
  411536261099789.7 -0.0007090255485955321 -0.008657272507167845
  0.09617711119720578]]
[['PCA' 'BankHappiness' 4 None 0.30139127675816485 0.17109297193744166
  407960865725519.6 0.05520477813713687 -0.010078046572351774
  0.09077247424480026]]
[['PCA' 'BankHappiness' 6 None 0.30353290100904035 0.16926285631649848
  397386402656727.6 0.04173003328256408 -0.007152390055373587
  0.09211895875397469]]
[['PCA' 'BankHappiness' 8 None 0.30213522742355925 0.16657606760142768
  388086541965095.25 0.05053477883818924 -0.005315736054056918
  0.09129499310197116]]
[['PCA' 'Credit' 2 None 9104.687953796794 6109.652321221694
  1.2049189355627443 0.0001293486536888544 -302.8671069303735
  92004015.83505788]]
[['PCA' 'Credit' 4 None 9104.687954324689 6109.652321648383
  1.2049189357143493 0.00012934853774293487 -302.8671069491502
  92004015.84572592]]
[['PCA' 'Credit' 6 None 9104.687954624982 6109.652321900868
  1.2049189357780912 0.00012934847178680542 -302.86710694873693
  92004015.85180193]]
[['PCA' 'Credit' 8 None 9104.687954729827 6109.652322070478
  1.2049189358232573 0.00012934844875900353 -302.86710705658425
  92004015.85385065]]
[['PCA' 'Credit' 10 None 9104.687954814797 6109.652322198437
  1.2049189358596781 0.00012934843009637653 -302.8671071463019
  92004015.85550943]]
[['PCA' 'Facebook' 2 None 255.3285960148372 131.81201038637573
  1.5697983989552342 -0.05174711815778377 70.34392280206913
  60852.95400780247]]
[['PCA' 'Facebook' 4 None 255.4794329733617 131.82218083263925
  1.5676025943817182 -0.05299013753274506 70.6978120008073
  60880.36368756455]]
[['PCA' 'Facebook' 6 None 255.62642954153907 131.8981951830849
  1.5671117628627869 -0.05420221527024571 70.77959997441778
  60944.565361229135]]
[['PCA' 'Facebook' 8 None 255.5721177233639 131.95042242284197
  1.5718492174596037 -0.05375429948382293 70.4804892918398
  60959.19998665437]]
[['PCA' 'ForestFires' 2 None 11.359339172599284 4.978928482041842
  3064501908147591.5 -0.13896449783432785 3.476744850273174
  118.0822378171043]]
[['PCA' 'ForestFires' 4 None 11.386857626686496 4.970502637521231
  2919626116037859.5 -0.14448955629868587 3.5284546225915694
  118.34850094195167]]
[['PCA' 'HousePrice' 2 None 92606.19451567192 59920.46745179519
  0.31470045169096417 -0.06401566263652603 23174.23892258588
  8066486868.060976]]
[['PCA' 'HousePrice' 11 None 92640.64562575729 60002.89271917536
  0.3153894105082518 -0.06480747444454704 23100.68596903455
  8076306112.293541]]
[['PCA' 'HousePrice' 20 None 92649.97724066766 60020.988154765946
  0.31554097825517796 -0.06502199958476762 23083.761249716692
  8078825459.740877]]
[['PCA' 'HousePrice' 29 None 92653.41790140329 60028.17953439741
  0.3156049343835074 -0.06510110262453317 23074.646468480434
  8079887386.380353]]
[['PCA' 'HousePrice' 38 None 92655.23087773692 60032.439195192776
  0.3156432556195283 -0.06514278531747553 23069.468018399373
  8080464277.22198]]
[['PCA' 'HousePrice' 47 None 92656.32365244521 60035.116508613275
  0.3156672083870049 -0.0651679100287168 23066.17228361272
  8080820050.237309]]
[['PCA' 'HousePrice' 56 None 92657.19389294827 60036.968516464076
  0.315682801143612 -0.0651879185197588 23064.35966328871
  8081065776.233191]]
[['PCA' 'HousePrice' 65 None 92657.88802799454 60038.25260985395
  0.31569333945908606 -0.06520387814477147 23063.279432919848
  8081244851.674809]]
[['PCA' 'HousePrice' 74 None 92658.41775970084 60039.285555896786
  0.3157022878210281 -0.06521605787156926 23062.18916085234
  8081393819.0700035]]
[['PCA' 'HousePrice' 83 None 92658.795666956 60039.98755227513
  0.3157082771118978 -0.06522474685433455 23061.49144963363
  8081496384.048798]]
[['PCA' 'HousePrice' 92 None 92659.08986070701 60040.44880236337
  0.3157119611987765 -0.06523151108991931 23061.155019215177
  8081566661.148921]]
[['PCA' 'OnlineNewsPopularity' 2 None 7053.021816591866
  2195.8636227435936 0.6740714772801941 -0.05966415465704977
  1699.370098856498 46863168.362838484]]
[['PCA' 'OnlineNewsPopularity' 4 None 7037.921655280017
  2178.8132834362386 0.6632049473583924 -0.0551316375837434
  1679.5834455920317 46717232.62024283]]
[['PCA' 'OnlineNewsPopularity' 6 None 7033.677247133288
  2172.8082846402717 0.6544352600839567 -0.053859370251124083
  1677.885256017232 46663201.8152429]]
[['PCA' 'OnlineNewsPopularity' 8 None 7035.884974208264
  2174.0533945304446 0.6540018291035125 -0.05452104377536848
  1680.8541043922455 46684294.6410124]]
[['PCA' 'OnlineNewsPopularity' 10 None 7038.2047256070155
  2173.760809493822 0.6518910086613473 -0.05521651561416174
  1686.282311021445 46698667.33074183]]
[['PCA' 'OnlineNewsPopularity' 12 None 7039.690373561645
  2172.1917201194797 0.6480285250240317 -0.05566203994170027
  1688.5363163656536 46711976.94617904]]
[['PCA' 'OnlineNewsPopularity' 14 None 7038.843516213576
  2168.8275806117654 0.6437967682345362 -0.05540806815161825
  1688.7045679336836 46699484.634708345]]
[['PCA' 'OnlineNewsPopularity' 16 None 7040.123899665458
  2169.958581764353 0.6440549771520798 -0.05579206587148078
  1691.2941342905322 46708759.55042772]]
[['PCA' 'OnlineNewsPopularity' 18 None 7041.134740415706
  2170.5801091859125 0.6438828182052062 -0.05609527481429777
  1693.7201230873366 46714782.213384554]]
[['PCA' 'OnlineNewsPopularity' 20 None 7041.3591634283375
  2170.6475571358314 0.6446219678727992 -0.05616259801406498
  1694.6725558419942 46714715.4244954]]
[['PCA' 'OnlineNewsPopularity' 22 None 7041.820722679594
  2171.146871805941 0.6446734378287985 -0.05630106491620013
  1695.596723975962 46718082.892327674]]
[['PCA' 'PremiumPrice' 2 None 5874.323069270407 4495.492534436815
  0.20132815670587398 -0.017924341340147087 1179.2080898503114
  33285247.111638714]]
[['PCA' 'PremiumPrice' 4 None 5896.407115761341 4514.209928574706
  0.20190758962025218 -0.0255923377652032 1211.2199907146035
  33469601.399802383]]
[['PCA' 'WineQuality' 2 None 0.7991392187689221 0.5995921357035989
  0.10740786727972296 0.10624500799714243 -0.0025435710151613324
  0.6392693368709624]]
[['PCA' 'WineQuality' 4 None 0.7230702089315938 0.5392048481643339
  0.09473122067013798 0.2682975178312359 0.054221589934158425
  0.5204215886668059]]
----------kpca----------
Index(['dr_name', 'dataset_name', 'n_components', 'n_neighbors',
       'fit_transform_time'],
      dtype='object')
KPCA,Admission,2,None,0.014718055725097656
KPCA,BankHappiness,2,None,2.1356005668640137
KPCA,BankHappiness,4,None,2.212684154510498
KPCA,BankHappiness,6,None,2.271886110305786
KPCA,BankHappiness,8,None,2.1021718978881836
KPCA,Credit,2,None,0.022984743118286133
KPCA,Credit,4,None,0.007496833801269531
KPCA,Credit,6,None,0.016333818435668945
KPCA,Credit,8,None,0.0023140907287597656
KPCA,Credit,10,None,0.002313852310180664
KPCA,Facebook,2,None,0.02561473846435547
KPCA,Facebook,4,None,0.020531654357910156
KPCA,Facebook,6,None,0.02118515968322754
KPCA,Facebook,8,None,0.0053899288177490234
KPCA,ForestFires,2,None,0.013970613479614258
KPCA,ForestFires,4,None,0.015371084213256836
KPCA,HousePrice,2,None,0.11937332153320312
KPCA,HousePrice,11,None,0.13274908065795898
KPCA,HousePrice,20,None,0.14238834381103516
KPCA,HousePrice,29,None,0.1512441635131836
KPCA,HousePrice,38,None,0.26206135749816895
KPCA,HousePrice,47,None,0.17201757431030273
KPCA,HousePrice,56,None,0.17103052139282227
KPCA,HousePrice,65,None,0.1830124855041504
KPCA,HousePrice,74,None,0.21178245544433594
KPCA,HousePrice,83,None,0.1719379425048828
KPCA,HousePrice,92,None,0.11965608596801758
KPCA,OnlineNewsPopularity,2,None,32.65690207481384
KPCA,OnlineNewsPopularity,4,None,36.955634355545044
KPCA,OnlineNewsPopularity,6,None,34.79783773422241
KPCA,OnlineNewsPopularity,8,None,37.6866192817688
** fit_transform took too long **
KPCA,PremiumPrice,2,None,0.10543036460876465
KPCA,PremiumPrice,4,None,0.03956890106201172
KPCA,WineQuality,2,None,0.538722038269043
KPCA,WineQuality,4,None,0.6026315689086914
Index(['dr_name', 'dataset_name', 'n_components', 'n_neighbors',
       'transform_time'],
      dtype='object')
KPCA,Admission,2,None,0.011498451232910156
KPCA,BankHappiness,2,None,0.3233489990234375
KPCA,BankHappiness,4,None,0.3396115303039551
KPCA,BankHappiness,6,None,0.290118932723999
KPCA,BankHappiness,8,None,0.2943902015686035
KPCA,Credit,2,None,0.0043201446533203125
KPCA,Credit,4,None,0.0017733573913574219
KPCA,Credit,6,None,0.0019025802612304688
KPCA,Credit,8,None,0.0019428730010986328
KPCA,Credit,10,None,0.0024471282958984375
KPCA,Facebook,2,None,0.015227317810058594
KPCA,Facebook,4,None,0.0024836063385009766
KPCA,Facebook,6,None,0.0021657943725585938
KPCA,Facebook,8,None,0.0019969940185546875
KPCA,ForestFires,2,None,0.0151824951171875
KPCA,ForestFires,4,None,0.0025839805603027344
KPCA,HousePrice,2,None,0.054361820220947266
KPCA,HousePrice,11,None,0.01805567741394043
KPCA,HousePrice,20,None,0.019106626510620117
KPCA,HousePrice,29,None,0.025931596755981445
KPCA,HousePrice,38,None,0.020398616790771484
KPCA,HousePrice,47,None,0.02427363395690918
KPCA,HousePrice,56,None,0.03519010543823242
KPCA,HousePrice,65,None,0.029558420181274414
KPCA,HousePrice,74,None,0.031986236572265625
KPCA,HousePrice,83,None,0.026192188262939453
KPCA,HousePrice,92,None,0.01985955238342285
KPCA,OnlineNewsPopularity,2,None,3.3471732139587402
KPCA,OnlineNewsPopularity,4,None,3.242615222930908
KPCA,OnlineNewsPopularity,6,None,3.418510675430298
KPCA,OnlineNewsPopularity,8,None,3.4578208923339844
KPCA,PremiumPrice,2,None,0.012046337127685547
KPCA,PremiumPrice,4,None,0.0038433074951171875
KPCA,WineQuality,2,None,0.07835960388183594
KPCA,WineQuality,4,None,0.12571001052856445
Index(['dr_name', 'dataset_name', 'n_components', 'n_neighbors', 'RMSE', 'MAE',
       'MAE_percentage', 'R2', 'residuals_mean', 'residuals_var'],
      dtype='object')
[['KPCA' 'Admission' 2 None 0.0775274539806892 0.05906724290854346
  0.09258899936075912 0.7369867528581175 0.009453702680195445
  0.005996084684923897]]
[['KPCA' 'BankHappiness' 2 None 0.31019847995820066 0.174070294701678
  411354647207971.0 -0.0008192783451661523 -0.008607865545061068
  0.09618856910951461]]
[['KPCA' 'BankHappiness' 4 None 0.31018003202337535 0.1739962804021456
  411009094542706.94 -0.000700241657367151 -0.00852842363451479
  0.09617848159717864]]
[['KPCA' 'BankHappiness' 6 None 0.31003567061155113 0.17356552561105876
  409053618479430.3 0.00023101675722869697 -0.00809077260578038
  0.09609618593844689]]
[['KPCA' 'BankHappiness' 8 None 0.3096835255607972 0.17145031153717508
  398985943587311.5 0.002500844341688513 -0.00573504089179569
  0.09591044839422397]]
[['KPCA' 'Credit' 2 None 9110.396306798064 6116.053444235013
  1.206529017014209 -0.0011248192892217013 -305.37574039168555
  92117851.69344448]]
[['KPCA' 'Credit' 4 None 9110.393553737224 6116.004157716073
  1.206512544700124 -0.0011242142316529868 -305.293596193453
  92117851.69344449]]
[['KPCA' 'Credit' 6 None 9110.403376476439 6116.179948134801
  1.2065712965668163 -0.0011263730379265091 -305.58658022467387
  92117851.69344433]]
[['KPCA' 'Credit' 8 None 9110.393764481018 6116.007931013357
  1.2065138057942195 -0.0011242605481411871 -305.2998850222628
  92117851.69344443]]
[['KPCA' 'Credit' 10 None 9110.381732616048 6115.792380026123
  1.2064417653328638 -0.0011216162312699396 -304.9406333768802
  92117851.6934443]]
[['KPCA' 'Facebook' 2 None 251.2251438707158 131.34540503093314
  1.5377261322364402 -0.01821296717482679 67.11896744007616
  59201.12840670693]]
[['KPCA' 'Facebook' 4 None 251.0590104291841 129.37599917878833
  1.4292901235857565 -0.01686673813155659 68.3462912032773
  58948.90019842221]]
[['KPCA' 'Facebook' 6 None 249.66044698216245 128.34418552952533
  1.428057816131198 -0.005569063642685501 67.40019846508781
  58371.26468101002]]
[['KPCA' 'Facebook' 8 None 248.9252661305928 127.18685087536507
  1.4294410745139776 0.0003444613007461683 67.00251203385767
  58055.00151448404]]
[['KPCA' 'ForestFires' 2 None 11.334388204695186 4.79899023152905
  2172805206986573.5 -0.13396648595840865 3.7440966807348044
  115.5612620008211]]
[['KPCA' 'ForestFires' 4 None 11.375173283104607 4.943103845649593
  2856650584251647.0 -0.1421419818136025 3.506431471013011
  118.23639396323905]]
[['KPCA' 'HousePrice' 2 None 92601.97598587006 59913.012313415325
  0.31460395472349145 -0.06391872571841173 23201.348824054687
  8064441318.95464]]
[['KPCA' 'HousePrice' 11 None 92639.87559389252 60003.247351548605
  0.3153909547312585 -0.06478977309387157 23101.623311894895
  8076119493.879386]]
[['KPCA' 'HousePrice' 20 None 92649.27049648037 60021.490218918436
  0.3155460099622866 -0.0650057514375122 23083.023235599252
  8078728239.366852]]
[['KPCA' 'HousePrice' 29 None 92652.61632545934 60028.5337433098
  0.31560944889756415 -0.06508267360706155 23073.697160518608
  8079782298.621496]]
[['KPCA' 'HousePrice' 38 None 92654.344667764 60032.91675125213
  0.31565005356241443 -0.0651224100912573 23067.895320920026
  8080372299.149684]]
[['KPCA' 'HousePrice' 47 None 92655.51222081762 60035.559861985304
  0.31567323787586016 -0.0651492538353291 23064.755146287138
  8080734764.13615]]
[['KPCA' 'HousePrice' 56 None 92656.269419855 60037.347617271036
  0.31568882807661575 -0.06516666312412167 23062.662506404813
  8080972424.016374]]
[['KPCA' 'HousePrice' 65 None 92657.06159149119 60038.69120291105
  0.3156997156552478 -0.06518487664449446 23061.58160122251
  8081169755.708961]]
[['KPCA' 'HousePrice' 74 None 92657.51727875273 60039.63334994135
  0.31570812429733364 -0.06519535382485664 23060.486071972733
  8081305193.102818]]
[['KPCA' 'HousePrice' 83 None 92657.86509085793 60040.2898260514
  0.3157136701783655 -0.06520335076983619 23059.81152443315
  8081401086.77233]]
[['KPCA' 'HousePrice' 92 None 92658.17459412782 60040.84052720088
  0.31571858816797693 -0.06521046693791255 23059.2253373187
  8081485767.078768]]
[['KPCA' 'OnlineNewsPopularity' 2 None 7040.452827666414
  2185.2674174046124 0.6750060640469498 -0.05589072540968876
  1679.530388238863 46753050.15595128]]
[['KPCA' 'OnlineNewsPopularity' 4 None 7041.990019547979
  2183.8339133324203 0.6707823933850547 -0.05635185593149816
  1684.2838097287297 46758708.65971864]]
[['KPCA' 'OnlineNewsPopularity' 6 None 7040.199396019222
  2179.516086307862 0.6623891216006752 -0.055814710040767324
  1682.7512350110526 46738650.463071935]]
[['KPCA' 'OnlineNewsPopularity' 8 None 7041.08030154638 2177.273943649008
  0.656646200322707 -0.056078944375376194 1685.628479075857
  46741363.43180435]]
[['KPCA' 'PremiumPrice' 2 None 5966.330475000484 4570.323713402762
  0.20370341935225328 -0.05006082119686339 1305.9581760468116
  34063611.018825]]
[['KPCA' 'PremiumPrice' 4 None 5965.826723103411 4569.909292626769
  0.20371374147686827 -0.04988351026787141 1303.3347033444627
  34064449.8169962]]
[['KPCA' 'WineQuality' 2 None 0.8101825203644352 0.6070162728812095
  0.10969055744406979 0.08137273923206989 -0.037811874101039894
  0.6556349937808118]]
[['KPCA' 'WineQuality' 4 None 0.7596348504064839 0.570860723642085
  0.10165081396294157 0.19242409440901675 0.006738583187860431
  0.5775890740548798]]
----------ica----------
Index(['dr_name', 'dataset_name', 'n_components', 'n_neighbors',
       'fit_transform_time'],
      dtype='object')
ICA,Admission,2,None,0.008574724197387695
ICA,BankHappiness,2,None,0.04257798194885254
ICA,BankHappiness,4,None,0.03928041458129883
ICA,BankHappiness,6,None,0.062462568283081055
ICA,BankHappiness,8,None,0.06263518333435059
ICA,Credit,2,None,0.007250070571899414
ICA,Credit,4,None,0.010822534561157227
ICA,Credit,6,None,0.018712282180786133
ICA,Credit,8,None,0.02178215980529785
ICA,Credit,10,None,0.03469514846801758
ICA,Facebook,2,None,0.0018684864044189453
ICA,Facebook,4,None,0.002690553665161133
ICA,Facebook,6,None,0.004660844802856445
ICA,Facebook,8,None,0.005312204360961914
ICA,ForestFires,2,None,0.0021359920501708984
ICA,ForestFires,4,None,0.004259586334228516
ICA,HousePrice,2,None,0.06336665153503418
ICA,HousePrice,11,None,0.11857843399047852
ICA,HousePrice,20,None,0.220625638961792
ICA,HousePrice,29,None,0.3303072452545166
ICA,HousePrice,38,None,0.7852737903594971
ICA,HousePrice,47,None,1.2031402587890625
ICA,HousePrice,56,None,1.2532906532287598
ICA,HousePrice,65,None,1.727388858795166
ICA,HousePrice,74,None,1.179330587387085
ICA,HousePrice,83,None,1.2210733890533447
ICA,HousePrice,92,None,1.9997169971466064
ICA,OnlineNewsPopularity,2,None,0.24692749977111816
ICA,OnlineNewsPopularity,4,None,0.27501606941223145
ICA,OnlineNewsPopularity,6,None,0.2591855525970459
ICA,OnlineNewsPopularity,8,None,0.36247730255126953
ICA,OnlineNewsPopularity,10,None,0.3203287124633789
ICA,OnlineNewsPopularity,12,None,0.31363415718078613
ICA,OnlineNewsPopularity,14,None,0.41195106506347656
ICA,OnlineNewsPopularity,16,None,0.4085652828216553
ICA,OnlineNewsPopularity,18,None,0.606835126876831
ICA,OnlineNewsPopularity,20,None,0.5787138938903809
ICA,OnlineNewsPopularity,22,None,0.7204313278198242
ICA,PremiumPrice,2,None,0.006803035736083984
ICA,PremiumPrice,4,None,0.0032999515533447266
ICA,WineQuality,2,None,0.013762950897216797
ICA,WineQuality,4,None,0.0258941650390625
Index(['dr_name', 'dataset_name', 'n_components', 'n_neighbors',
       'transform_time'],
      dtype='object')
ICA,Admission,2,None,0.0009706020355224609
ICA,BankHappiness,2,None,0.0009951591491699219
ICA,BankHappiness,4,None,0.0009529590606689453
ICA,BankHappiness,6,None,0.003437519073486328
ICA,BankHappiness,8,None,0.0010564327239990234
ICA,Credit,2,None,0.0008275508880615234
ICA,Credit,4,None,0.0008146762847900391
ICA,Credit,6,None,0.0008153915405273438
ICA,Credit,8,None,0.0008187294006347656
ICA,Credit,10,None,0.0008101463317871094
ICA,Facebook,2,None,0.0008170604705810547
ICA,Facebook,4,None,0.0008080005645751953
ICA,Facebook,6,None,0.0008077621459960938
ICA,Facebook,8,None,0.0008111000061035156
ICA,ForestFires,2,None,0.0007059574127197266
ICA,ForestFires,4,None,0.009594440460205078
ICA,HousePrice,2,None,0.0021219253540039062
ICA,HousePrice,11,None,0.003749370574951172
ICA,HousePrice,20,None,0.0015192031860351562
ICA,HousePrice,29,None,0.0015492439270019531
ICA,HousePrice,38,None,0.0015869140625
ICA,HousePrice,47,None,0.0015726089477539062
ICA,HousePrice,56,None,0.0016345977783203125
ICA,HousePrice,65,None,0.0016431808471679688
ICA,HousePrice,74,None,0.002336263656616211
ICA,HousePrice,83,None,0.0023398399353027344
ICA,HousePrice,92,None,0.0023119449615478516
ICA,OnlineNewsPopularity,2,None,0.0030105113983154297
ICA,OnlineNewsPopularity,4,None,0.0026543140411376953
ICA,OnlineNewsPopularity,6,None,0.0026710033416748047
ICA,OnlineNewsPopularity,8,None,0.0027341842651367188
ICA,OnlineNewsPopularity,10,None,0.0027587413787841797
ICA,OnlineNewsPopularity,12,None,0.0029191970825195312
ICA,OnlineNewsPopularity,14,None,0.0029425621032714844
ICA,OnlineNewsPopularity,16,None,0.002946138381958008
ICA,OnlineNewsPopularity,18,None,0.003076314926147461
ICA,OnlineNewsPopularity,20,None,0.0029637813568115234
ICA,OnlineNewsPopularity,22,None,0.002985715866088867
ICA,PremiumPrice,2,None,0.0007035732269287109
ICA,PremiumPrice,4,None,0.0007026195526123047
ICA,WineQuality,2,None,0.0007321834564208984
ICA,WineQuality,4,None,0.0007278919219970703
Index(['dr_name', 'dataset_name', 'n_components', 'n_neighbors', 'RMSE', 'MAE',
       'MAE_percentage', 'R2', 'residuals_mean', 'residuals_var'],
      dtype='object')
[['ICA' 'Admission' 2 None 0.07800709466798104 0.060568590879696814
  0.09481311720268333 0.7337223070067471 0.011481535833198865
  0.00602863914273451]]
[['ICA' 'BankHappiness' 2 None 0.31017435022604267 0.17405001351968424
  411287725639728.94 -0.000663580858466295 -0.008598427580692297
  0.09617375597823442]]
[['ICA' 'BankHappiness' 4 None 0.30038993713905116 0.17108802410705612
  409333698592189.44 0.06147230721590202 -0.010692654665752954
  0.09015686780042535]]
[['ICA' 'BankHappiness' 6 None 0.3038033991534795 0.16938505533397455
  397544206629847.75 0.040021317379527854 -0.007028718545620147
  0.09228506422337154]]
[['ICA' 'BankHappiness' 8 None 0.30285033531235217 0.16657260126064005
  387466741153004.0 0.0460349819442184 -0.004975514663685664
  0.09173130383199883]]
[['ICA' 'Credit' 2 None 9107.55370927253 6113.3100106251 1.20599105290654
  -0.0005001810473272972 -304.74163915719873 92060741.22294173]]
[['ICA' 'Credit' 4 None 9108.781070080515 6114.579239338861
  1.2062934163572283 -0.0007698599298349151 -305.23267034882394
  92085250.66623205]]
[['ICA' 'Credit' 6 None 9109.428269566213 6114.926229225414
  1.2062962461190838 -0.0009120789037810884 -304.9799172794195
  92098522.94269815]]
[['ICA' 'Credit' 8 None 9109.583507490075 6115.25169620273
  1.2063598877076838 -0.0009461931933820722 -305.12086851908134
  92101569.92836592]]
[['ICA' 'Credit' 10 None 9109.807334821773 6115.432735863047
  1.206383303382555 -0.0009953813626963903 -305.02797838682875
  92106164.01108202]]
[['ICA' 'Facebook' 2 None 242.46827433510705 124.41192120462644
  1.455147829870601 0.051532924852124795 60.877992832983466
  55641.14550269896]]
[['ICA' 'Facebook' 4 None 246.35165657447698 125.8180885049665
  1.4696600318492596 0.020908251741856954 65.12876653355853
  57017.55804727907]]
[['ICA' 'Facebook' 6 None 250.75548058011978 128.75675461455964
  1.5019459080153181 -0.014409444694818863 67.52850126476257
  58907.285412022014]]
[['ICA' 'Facebook' 8 None 253.54763359615836 129.64622199792484
  1.4911396602901192 -0.037126042097544554 70.17333092775624
  59961.72336233877]]
[['ICA' 'ForestFires' 2 None 11.355591522598564 4.935281119231539
  2805199770497142.0 -0.1382130921198359 3.557331029109103
  117.42393103742519]]
[['ICA' 'ForestFires' 4 None 11.301392835211647 4.952907111371688
  3242778183319829.0 -0.12737394960809145 3.381013219745987
  117.41926097924569]]
[['ICA' 'HousePrice' 2 None 92613.38982824075 59949.12948564843
  0.3149519486946666 -0.0641810127566933 23140.470918480027
  8069393490.362238]]
[['ICA' 'HousePrice' 11 None 92662.19355800902 60048.963576406524
  0.31578271789097623 -0.06530287400840362 23053.393324978617
  8082502975.897739]]
[['ICA' 'HousePrice' 20 None 92672.43272545894 60063.83197321263
  0.3158996249166668 -0.0655383188376153 23042.82130046807
  8084896174.366556]]
[['ICA' 'HousePrice' 29 None 92675.63677688836 60070.17730656459
  0.3159587251532785 -0.0656119998340361 23033.22377403777
  8085935815.589136]]
[['ICA' 'HousePrice' 38 None 92677.03637437262 60073.64849668662
  0.3159914401430355 -0.06564418605228894 23028.10623057206
  8086432657.094569]]
[['ICA' 'HousePrice' 47 None 92677.84050007047 60075.52526969693
  0.3160080432009703 -0.06566267856404484 23025.992122365114
  8086679915.838097]]
[['ICA' 'HousePrice' 56 None 92678.5753247339 60076.69121534428
  0.316016493606336 -0.0656795774973673 23025.53424515061
  8086837746.765464]]
[['ICA' 'HousePrice' 65 None 92679.20826882224 60077.46156216872
  0.31602121734131006 -0.06569413356687037 23025.6315535929
  8086950974.477745]]
[['ICA' 'HousePrice' 74 None 92679.55692772001 60078.22175173983
  0.31602740096596293 -0.06570215185808825 23024.803438180894
  8087054089.669674]]
[['ICA' 'HousePrice' 83 None 92679.91492739087 60078.32036767863
  0.31602678083034696 -0.06571038499534332 23025.333330100235
  8087096190.88648]]
[['ICA' 'HousePrice' 92 None 92680.37805739671 60078.58225382331
  0.31602688680589797 -0.06572103592635448 23026.08690853872
  8087147509.190312]]
[['ICA' 'OnlineNewsPopularity' 2 None 7053.185773115175
  2195.9361363289486 0.6742630489757818 -0.0597134217299673
  1699.1526290954384 46866220.628467195]]
[['ICA' 'OnlineNewsPopularity' 4 None 7038.359227938375 2178.736837379604
  0.6625192278487502 -0.05526284424697603 1680.0843095489715
  46721709.84406721]]
[['ICA' 'OnlineNewsPopularity' 6 None 7034.220233955693
  2172.5067117116623 0.6526813061216159 -0.05402208850452794
  1679.6494743036283 46664917.29038021]]
[['ICA' 'OnlineNewsPopularity' 8 None 7037.686790320471 2174.479685775838
  0.6516916774677248 -0.055061216420627446 1685.2818340580732
  46694749.60799335]]
[['ICA' 'OnlineNewsPopularity' 10 None 7040.165700698093
  2174.476102962245 0.6513609363696005 -0.055804603528559316
  1689.842462529295 46714257.11494033]]
[['ICA' 'OnlineNewsPopularity' 12 None 7042.310901077387
  2173.041739668667 0.6475469117322529 -0.056448127445926755
  1691.3371148197202 46739416.334351584]]
[['ICA' 'OnlineNewsPopularity' 14 None 7041.481517078872
  2169.288151455507 0.6427913456502176 -0.05619930299364717
  1691.7391253136957 46726373.785213836]]
[['ICA' 'OnlineNewsPopularity' 16 None 7043.692487942762
  2171.6223942179054 0.6442894343755353 -0.05686268398844785
  1696.2214670789394 46742331.70989193]]
[['ICA' 'OnlineNewsPopularity' 18 None 7045.605582359221
  2172.826190543752 0.6436569251309091 -0.05743685802519405
  1700.861510650088 46753524.665978454]]
[['ICA' 'OnlineNewsPopularity' 20 None 7045.842278171063
  2173.4100274229036 0.6460944263949633 -0.057507908008589625
  1701.3715531892515 46755124.97090848]]
[['ICA' 'OnlineNewsPopularity' 22 None 7046.760208143603
  2174.587893059396 0.6462517717155891 -0.05778346950970015
  1703.0625311494437 46762305.07566806]]
[['ICA' 'PremiumPrice' 2 None 5873.563926664608 4494.912673197017
  0.20131023315429006 -0.017661264285513623 1178.3765515576151
  33278253.892712086]]
[['ICA' 'PremiumPrice' 4 None 5918.863479058711 4532.723655746309
  0.20253331166970434 -0.03341911444469603 1240.3645541641527
  33664463.197911754]]
[['ICA' 'WineQuality' 2 None 0.8051502786088034 0.6015653496795056
  0.10768111145793056 0.09274893611231871 0.0025573533907741115
  0.6489225970027773]]
[['ICA' 'WineQuality' 4 None 0.7249447020079292 0.5385989219724018
  0.094492921840468 0.26449885746326607 0.06025546544790439
  0.5224472092502159]]
----------svd----------
Index(['dr_name', 'dataset_name', 'n_components', 'n_neighbors',
       'fit_transform_time'],
      dtype='object')
SVD,Admission,2,None,0.007212162017822266
SVD,BankHappiness,2,None,0.028856515884399414
SVD,BankHappiness,4,None,0.03332161903381348
SVD,BankHappiness,6,None,0.05724167823791504
SVD,BankHappiness,8,None,0.03602123260498047
SVD,Credit,2,None,0.007157564163208008
SVD,Credit,4,None,0.007107973098754883
SVD,Credit,6,None,0.007145881652832031
SVD,Credit,8,None,0.0073184967041015625
SVD,Credit,10,None,0.007223367691040039
SVD,Facebook,2,None,0.021907806396484375
SVD,Facebook,4,None,0.004760265350341797
SVD,Facebook,6,None,0.001859426498413086
SVD,Facebook,8,None,0.002663850784301758
SVD,ForestFires,2,None,0.001905679702758789
SVD,ForestFires,4,None,0.001737833023071289
SVD,HousePrice,2,None,0.0358736515045166
SVD,HousePrice,11,None,0.050919532775878906
SVD,HousePrice,20,None,0.04103708267211914
SVD,HousePrice,29,None,0.04263806343078613
SVD,HousePrice,38,None,0.5435924530029297
SVD,HousePrice,47,None,0.32858848571777344
SVD,HousePrice,56,None,0.32503819465637207
SVD,HousePrice,65,None,1.0173733234405518
SVD,HousePrice,74,None,0.3208324909210205
SVD,HousePrice,83,None,1.6546351909637451
SVD,HousePrice,92,None,1.2739887237548828
SVD,OnlineNewsPopularity,2,None,0.11362218856811523
SVD,OnlineNewsPopularity,4,None,0.13645505905151367
SVD,OnlineNewsPopularity,6,None,0.1553177833557129
SVD,OnlineNewsPopularity,8,None,0.16833257675170898
SVD,OnlineNewsPopularity,10,None,0.20151782035827637
SVD,OnlineNewsPopularity,12,None,0.18475103378295898
SVD,OnlineNewsPopularity,14,None,0.23906683921813965
SVD,OnlineNewsPopularity,16,None,0.24558377265930176
SVD,OnlineNewsPopularity,18,None,0.3293418884277344
SVD,OnlineNewsPopularity,20,None,0.24233722686767578
SVD,OnlineNewsPopularity,22,None,0.2557539939880371
SVD,PremiumPrice,2,None,0.006506919860839844
SVD,PremiumPrice,4,None,0.013806819915771484
SVD,WineQuality,2,None,0.021170854568481445
SVD,WineQuality,4,None,0.019149065017700195
Index(['dr_name', 'dataset_name', 'n_components', 'n_neighbors',
       'transform_time'],
      dtype='object')
SVD,Admission,2,None,0.0007643699645996094
SVD,BankHappiness,2,None,0.0008776187896728516
SVD,BankHappiness,4,None,0.0008590221405029297
SVD,BankHappiness,6,None,0.0008857250213623047
SVD,BankHappiness,8,None,0.000993967056274414
SVD,Credit,2,None,0.0007648468017578125
SVD,Credit,4,None,0.000751495361328125
SVD,Credit,6,None,0.0007598400115966797
SVD,Credit,8,None,0.0007612705230712891
SVD,Credit,10,None,0.0007452964782714844
SVD,Facebook,2,None,0.0007517337799072266
SVD,Facebook,4,None,0.0007352828979492188
SVD,Facebook,6,None,0.0007348060607910156
SVD,Facebook,8,None,0.0007467269897460938
SVD,ForestFires,2,None,0.0006897449493408203
SVD,ForestFires,4,None,0.0006630420684814453
SVD,HousePrice,2,None,0.00586390495300293
SVD,HousePrice,11,None,0.006134510040283203
SVD,HousePrice,20,None,0.004952192306518555
SVD,HousePrice,29,None,0.0049936771392822266
SVD,HousePrice,38,None,0.0022013187408447266
SVD,HousePrice,47,None,0.002043485641479492
SVD,HousePrice,56,None,0.002134084701538086
SVD,HousePrice,65,None,0.0021686553955078125
SVD,HousePrice,74,None,0.0021653175354003906
SVD,HousePrice,83,None,0.0021393299102783203
SVD,HousePrice,92,None,0.0021085739135742188
SVD,OnlineNewsPopularity,2,None,0.0024302005767822266
SVD,OnlineNewsPopularity,4,None,0.0019059181213378906
SVD,OnlineNewsPopularity,6,None,0.0022058486938476562
SVD,OnlineNewsPopularity,8,None,0.002368927001953125
SVD,OnlineNewsPopularity,10,None,0.0023581981658935547
SVD,OnlineNewsPopularity,12,None,0.0026068687438964844
SVD,OnlineNewsPopularity,14,None,0.002575397491455078
SVD,OnlineNewsPopularity,16,None,0.002590656280517578
SVD,OnlineNewsPopularity,18,None,0.0027000904083251953
SVD,OnlineNewsPopularity,20,None,0.0025780200958251953
SVD,OnlineNewsPopularity,22,None,0.0026082992553710938
SVD,PremiumPrice,2,None,0.0006699562072753906
SVD,PremiumPrice,4,None,0.0006711483001708984
SVD,WineQuality,2,None,0.0006844997406005859
SVD,WineQuality,4,None,0.0006830692291259766
Index(['dr_name', 'dataset_name', 'n_components', 'n_neighbors', 'RMSE', 'MAE',
       'MAE_percentage', 'R2', 'residuals_mean', 'residuals_var'],
      dtype='object')
[['SVD' 'Admission' 2 None 0.0753929762056226 0.05815507096385408
  0.09086976944224083 0.7512698939919272 0.008690409245175326
  0.005679572302068807]]
[['SVD' 'BankHappiness' 2 None 0.3101618746239395 0.1740035497304445
  411071475881424.2 -0.0005830865841580657 -0.008548857185636211
  0.09616686407299468]]
[['SVD' 'BankHappiness' 4 None 0.3069113856535714 0.1723674130725696
  406362675689034.56 0.02027919274229717 -0.00809386648673098
  0.09416782421928326]]
[['SVD' 'BankHappiness' 6 None 0.30494503800180106 0.17008884183262316
  397776210103192.7 0.03279290485482955 -0.006555727900154014
  0.09298674904457936]]
[['SVD' 'BankHappiness' 8 None 0.302092925609823 0.16686405000956137
  388856818722885.0 0.050800628600883635 -0.0056872219222867705
  0.09126533351121827]]
[['SVD' 'Credit' 2 None 9105.027877605431 6110.640922113173
  1.2052133485162493 5.4686856077346135e-05 -303.63005029346294
  92010379.38281205]]
[['SVD' 'Credit' 4 None 9105.134924924483 6110.986598222704
  1.205319320106664 3.117411220632249e-05 -303.9047880191938
  92012359.86766513]]
[['SVD' 'Credit' 6 None 9105.16463920065 6111.086490783458
  1.2053502531807134 2.4647377879327692e-05 -303.9852039738045
  92012906.78079435]]
[['SVD' 'Credit' 8 None 9105.178635229715 6111.133993721437
  1.2053650052019576 2.157314574624536e-05 -304.02356862415616
  92013164.0546274]]
[['SVD' 'Credit' 10 None 9105.186786800148 6111.16176330596
  1.2053736404656266 1.9782648589594665e-05 -304.0460262967452
  92013313.81823689]]
[['SVD' 'Facebook' 2 None 259.645233886721 133.77694084569887
  1.582274209392146 -0.08760983544013912 73.96727944916725
  62570.19096058468]]
[['SVD' 'Facebook' 4 None 259.67091076220055 133.80231625835864
  1.58267126101369 -0.08782495822709602 73.97344684032898
  62582.73844306237]]
[['SVD' 'Facebook' 6 None 259.6760084134788 133.8076138593503
  1.5827492271832775 -0.08786766926241008 73.9737520152965
  62585.36702862276]]
[['SVD' 'Facebook' 8 None 259.6774335682569 133.809995129691
  1.5828191416022404 -0.08787961017347601 73.97164119762051
  62586.43010416868]]
[['SVD' 'ForestFires' 2 None 11.337853918690366 4.911016946012477
  2784892725645777.0 -0.13466005746623533 3.569554955165364
  116.92953132015681]]
[['SVD' 'ForestFires' 4 None 11.385995555544595 4.866570470453947
  2399747306234615.5 -0.144316269848058 3.70637404475059
  117.02896473838024]]
[['SVD' 'HousePrice' 2 None 92555.66646868037 59877.61162564915
  0.3144482410902467 -0.0628548770838 23169.772252923485
  8057306564.842283]]
[['SVD' 'HousePrice' 11 None 92622.67495359365 59993.193348500776
  0.3153535841973177 -0.06439440629388149 23087.940902798055
  8073556065.03425]]
[['SVD' 'HousePrice' 20 None 92636.1763990866 60012.73171279943
  0.31550443039759946 -0.06470473873622518 23075.477699142983
  8076643243.935808]]
[['SVD' 'HousePrice' 29 None 92641.3199456342 60020.453983528474
  0.3155673273423609 -0.06482297570651352 23068.61505680588
  8077917260.838622]]
[['SVD' 'HousePrice' 38 None 92644.0163051327 60024.630722458525
  0.3156008790387863 -0.06488496073283478 23065.482906649515
  8078563569.021288]]
[['SVD' 'HousePrice' 47 None 92645.41589683486 60027.33188396662
  0.31562427901956625 -0.06491713583646641 23062.528996392866
  8078960515.988001]]
[['SVD' 'HousePrice' 56 None 92646.61697226552 60029.22250148031
  0.3156393512404653 -0.06494474765268121 23061.100531808093
  8079249942.855382]]
[['SVD' 'HousePrice' 65 None 92647.48232705625 60030.574909822215
  0.31565009707081926 -0.06496464172702954 23060.120731548588
  8079456183.88135]]
[['SVD' 'HousePrice' 74 None 92648.15127645657 60031.604665613515
  0.3156584046359693 -0.06498002066690933 23059.324946929584
  8079617390.507322]]
[['SVD' 'HousePrice' 83 None 92648.61620661696 60032.33990559338
  0.3156644645644707 -0.06499070933295137 23058.676780981677
  8079733831.451813]]
[['SVD' 'HousePrice' 92 None 92649.01836431478 60032.86668371958
  0.315668507927613 -0.06499995491392041 23058.388772416365
  8079821934.153407]]
[['SVD' 'OnlineNewsPopularity' 2 None 7052.84398691384 2195.8422796533728
  0.6741810863617098 -0.059610720153443264 1699.045774995038
  46861761.931245245]]
[['SVD' 'OnlineNewsPopularity' 4 None 7036.897035126193
  2182.0116629842473 0.6697907040651284 -0.05482443597031672
  1678.9097348391142 46705072.39668148]]
[['SVD' 'OnlineNewsPopularity' 6 None 7033.490138030965 2175.376706725212
  0.6593364320038466 -0.05380330169664127 1677.6053647524905
  46661508.679157786]]
[['SVD' 'OnlineNewsPopularity' 8 None 7033.974128135452
  2173.0788387052357 0.6542461733721437 -0.05394833578590563
  1679.02196120877 46663562.46530491]]
[['SVD' 'OnlineNewsPopularity' 10 None 7037.541802613947
  2173.7013261799143 0.6522046575433113 -0.05501774494062395
  1684.7424029020683 46694526.740842916]]
[['SVD' 'OnlineNewsPopularity' 12 None 7038.739601858364
  2172.369715434698 0.6492218541534294 -0.05537690643049431
  1687.9886980962533 46700439.1649798]]
[['SVD' 'OnlineNewsPopularity' 14 None 7038.276541220061
  2168.3651521734078 0.6431132781540168 -0.05523804991460923
  1688.7010605670982 46691514.10021641]]
[['SVD' 'OnlineNewsPopularity' 16 None 7039.151792593427
  2169.3763140291444 0.6436905749100811 -0.055500516435918135
  1689.7089392595522 46700431.48590037]]
[['SVD' 'OnlineNewsPopularity' 18 None 7040.419761319333
  2170.1656362876483 0.6438158750484936 -0.05588080719332633
  1692.7541731606198 46707984.50354719]]
[['SVD' 'OnlineNewsPopularity' 20 None 7040.721974628981
  2170.633068095284 0.6445400369137743 -0.05597145749343313
  1693.2214806036304 46710658.05755676]]
[['SVD' 'OnlineNewsPopularity' 22 None 7041.037958164809
  2170.684051736791 0.6447514010566823 -0.05606624239859603
  1694.174505406182 46711879.54351326]]
[['SVD' 'PremiumPrice' 2 None 5959.6697047723355 4565.328486177151
  0.20356160185050906 -0.047717568593345305 1294.5185167706122
  34013671.01697664]]
[['SVD' 'PremiumPrice' 4 None 5960.269245271848 4564.935382545098
  0.20349144283779205 -0.04792837917222692 1301.283956713463
  34003202.88805306]]
[['SVD' 'WineQuality' 2 None 0.7991392187689247 0.5995921357035929
  0.10740786727972214 0.10624500799713676 -0.002543571015181391
  0.6392693368709663]]
[['SVD' 'WineQuality' 4 None 0.7230702089316074 0.5392048481643329
  0.09473122067013692 0.26829751783120825 0.0542215899342154
  0.5204215886668193]]
----------lpp----------
Index(['dr_name', 'dataset_name', 'n_components', 'n_neighbors',
       'fit_transform_time'],
      dtype='object')
LPP,Admission,2,5,0.031088590621948242
LPP,Admission,2,6,0.007352590560913086
LPP,Admission,2,17,0.00594639778137207
LPP,BankHappiness,2,8,0.8728675842285156
LPP,BankHappiness,2,19,0.7640433311462402
LPP,BankHappiness,2,87,0.8813862800598145
LPP,BankHappiness,4,8,0.7248475551605225
LPP,BankHappiness,4,19,0.7678563594818115
LPP,BankHappiness,4,87,0.8617358207702637
LPP,BankHappiness,6,8,0.7071669101715088
LPP,BankHappiness,6,19,0.7780239582061768
LPP,BankHappiness,6,87,0.8679904937744141
LPP,BankHappiness,8,8,0.7235305309295654
LPP,BankHappiness,8,19,0.772172212600708
LPP,BankHappiness,8,87,0.8717401027679443
LPP,Credit,2,3,0.025740861892700195
LPP,Credit,2,3,0.053009748458862305
LPP,Credit,2,6,0.0039746761322021484
LPP,Credit,4,3,0.002482175827026367
LPP,Credit,4,3,0.0025599002838134766
LPP,Credit,4,6,0.002277374267578125
LPP,Credit,6,3,0.002324342727661133
LPP,Credit,6,3,0.002293825149536133
LPP,Credit,6,6,0.0022771358489990234
LPP,Credit,8,3,0.002309560775756836
LPP,Credit,8,3,0.0022885799407958984
LPP,Credit,8,6,0.0022995471954345703
LPP,Credit,10,3,0.0023169517517089844
LPP,Credit,10,3,0.002334117889404297
LPP,Credit,10,6,0.0026552677154541016
LPP,Facebook,2,5,0.013750791549682617
LPP,Facebook,2,7,0.08098387718200684
LPP,Facebook,2,20,0.07379865646362305
LPP,Facebook,4,5,0.09010195732116699
LPP,Facebook,4,7,0.06676840782165527
LPP,Facebook,4,20,0.07406115531921387
LPP,Facebook,6,5,0.08165669441223145
LPP,Facebook,6,7,0.08223772048950195
LPP,Facebook,6,20,0.07770347595214844
LPP,Facebook,8,5,0.07200431823730469
LPP,Facebook,8,7,0.07337427139282227
LPP,Facebook,8,20,0.06782197952270508
LPP,ForestFires,2,6,0.008630990982055664
LPP,ForestFires,2,7,0.009263992309570312
LPP,ForestFires,2,20,0.010053157806396484
LPP,ForestFires,4,6,0.023562908172607422
LPP,ForestFires,4,7,0.009730100631713867
LPP,ForestFires,4,20,0.009995460510253906
LPP,HousePrice,2,7,0.15709733963012695
LPP,HousePrice,2,10,0.13829660415649414
LPP,HousePrice,2,34,0.1516129970550537
LPP,HousePrice,11,7,0.1311171054840088
LPP,HousePrice,11,10,0.15061092376708984
LPP,HousePrice,11,34,0.15465760231018066
LPP,HousePrice,20,7,0.1778254508972168
LPP,HousePrice,20,10,0.17817020416259766
LPP,HousePrice,20,34,0.16511201858520508
LPP,HousePrice,29,7,0.1346430778503418
LPP,HousePrice,29,10,0.14123320579528809
LPP,HousePrice,29,34,0.14307117462158203
LPP,HousePrice,38,7,0.1544816493988037
LPP,HousePrice,38,10,0.18658733367919922
LPP,HousePrice,38,34,0.14515423774719238
LPP,HousePrice,47,7,0.14882302284240723
LPP,HousePrice,47,10,0.16525936126708984
LPP,HousePrice,47,34,0.18643784523010254
LPP,HousePrice,56,7,0.18452239036560059
LPP,HousePrice,56,10,0.1449449062347412
LPP,HousePrice,56,34,0.17334723472595215
LPP,HousePrice,65,7,0.15706610679626465
LPP,HousePrice,65,10,0.175368070602417
LPP,HousePrice,65,34,0.15476560592651367
LPP,HousePrice,74,7,0.1607208251953125
LPP,HousePrice,74,10,0.15287518501281738
LPP,HousePrice,74,34,0.15424847602844238
LPP,HousePrice,83,7,0.19338488578796387
LPP,HousePrice,83,10,0.1580657958984375
LPP,HousePrice,83,34,0.14986944198608398
LPP,HousePrice,92,7,0.16832613945007324
LPP,HousePrice,92,10,0.20644688606262207
LPP,HousePrice,92,34,0.2060713768005371
LPP,OnlineNewsPopularity,2,10,22.635955810546875
LPP,OnlineNewsPopularity,2,31,21.92036271095276
LPP,OnlineNewsPopularity,2,178,22.94655203819275
LPP,OnlineNewsPopularity,4,10,21.340824365615845
LPP,OnlineNewsPopularity,4,31,22.906139135360718
LPP,OnlineNewsPopularity,4,178,22.276138067245483
LPP,OnlineNewsPopularity,6,10,20.872814893722534
LPP,OnlineNewsPopularity,6,31,20.773075103759766
LPP,OnlineNewsPopularity,6,178,23.326891660690308
LPP,OnlineNewsPopularity,8,10,20.42803955078125
LPP,OnlineNewsPopularity,8,31,20.95126986503601
LPP,OnlineNewsPopularity,8,178,21.788230419158936
LPP,OnlineNewsPopularity,10,10,20.118014335632324
LPP,OnlineNewsPopularity,10,31,21.111297130584717
LPP,OnlineNewsPopularity,10,178,21.700624227523804
LPP,OnlineNewsPopularity,12,10,20.96825861930847
LPP,OnlineNewsPopularity,12,31,21.061195850372314
LPP,OnlineNewsPopularity,12,178,21.649038791656494
LPP,OnlineNewsPopularity,14,10,20.06977152824402
LPP,OnlineNewsPopularity,14,31,21.199180603027344
LPP,OnlineNewsPopularity,14,178,22.157763481140137
LPP,OnlineNewsPopularity,16,10,19.574198484420776
LPP,OnlineNewsPopularity,16,31,20.613787174224854
LPP,OnlineNewsPopularity,16,178,21.789692640304565
LPP,OnlineNewsPopularity,18,10,20.92402410507202
LPP,OnlineNewsPopularity,18,31,19.7988600730896
LPP,OnlineNewsPopularity,18,178,21.573395490646362
LPP,OnlineNewsPopularity,20,10,19.983503580093384
LPP,OnlineNewsPopularity,20,31,21.62449884414673
LPP,OnlineNewsPopularity,20,178,21.83329439163208
LPP,OnlineNewsPopularity,22,10,19.83479380607605
LPP,OnlineNewsPopularity,22,31,20.288066864013672
LPP,OnlineNewsPopularity,22,178,21.75049662590027
LPP,PremiumPrice,2,6,0.04354691505432129
LPP,PremiumPrice,2,9,0.034523963928222656
LPP,PremiumPrice,2,28,0.04816699028015137
LPP,PremiumPrice,4,6,0.043740034103393555
LPP,PremiumPrice,4,9,0.12360644340515137
LPP,PremiumPrice,4,28,0.022423505783081055
LPP,WineQuality,2,8,0.3412628173828125
LPP,WineQuality,2,15,0.3747873306274414
LPP,WineQuality,2,62,0.4913008213043213
LPP,WineQuality,4,8,0.3447859287261963
LPP,WineQuality,4,15,0.38970422744750977
LPP,WineQuality,4,62,0.4676213264465332
Index(['dr_name', 'dataset_name', 'n_components', 'n_neighbors',
       'transform_time'],
      dtype='object')
LPP,Admission,2,5,0.0027587413787841797
LPP,Admission,2,6,0.0010476112365722656
LPP,Admission,2,17,0.0009758472442626953
LPP,BankHappiness,2,8,0.010570764541625977
LPP,BankHappiness,2,19,0.0012865066528320312
LPP,BankHappiness,2,87,0.0012822151184082031
LPP,BankHappiness,4,8,0.0014371871948242188
LPP,BankHappiness,4,19,0.001603841781616211
LPP,BankHappiness,4,87,0.0014231204986572266
LPP,BankHappiness,6,8,0.003016948699951172
LPP,BankHappiness,6,19,0.006815910339355469
LPP,BankHappiness,6,87,0.0022101402282714844
LPP,BankHappiness,8,8,0.011775016784667969
LPP,BankHappiness,8,19,0.0070078372955322266
LPP,BankHappiness,8,87,0.0015048980712890625
LPP,Credit,2,3,0.0015959739685058594
LPP,Credit,2,3,0.0007069110870361328
LPP,Credit,2,6,0.0008518695831298828
LPP,Credit,4,3,0.0007824897766113281
LPP,Credit,4,3,0.0007145404815673828
LPP,Credit,4,6,0.000698089599609375
LPP,Credit,6,3,0.0009391307830810547
LPP,Credit,6,3,0.0007767677307128906
LPP,Credit,6,6,0.0007729530334472656
LPP,Credit,8,3,0.0009145736694335938
LPP,Credit,8,3,0.0008029937744140625
LPP,Credit,8,6,0.0008330345153808594
LPP,Credit,10,3,0.0008599758148193359
LPP,Credit,10,3,0.0007328987121582031
LPP,Credit,10,6,0.0008418560028076172
LPP,Facebook,2,5,0.002191305160522461
LPP,Facebook,2,7,0.0008447170257568359
LPP,Facebook,2,20,0.0008342266082763672
LPP,Facebook,4,5,0.0007846355438232422
LPP,Facebook,4,7,0.0008697509765625
LPP,Facebook,4,20,0.0008234977722167969
LPP,Facebook,6,5,0.0008387565612792969
LPP,Facebook,6,7,0.00110626220703125
LPP,Facebook,6,20,0.0008933544158935547
LPP,Facebook,8,5,0.0009322166442871094
LPP,Facebook,8,7,0.0010335445404052734
LPP,Facebook,8,20,0.0008113384246826172
LPP,ForestFires,2,6,0.0017066001892089844
LPP,ForestFires,2,7,0.0007040500640869141
LPP,ForestFires,2,20,0.0006883144378662109
LPP,ForestFires,4,6,0.0006940364837646484
LPP,ForestFires,4,7,0.0007059574127197266
LPP,ForestFires,4,20,0.0006253719329833984
LPP,HousePrice,2,7,0.00723576545715332
LPP,HousePrice,2,10,0.0022706985473632812
LPP,HousePrice,2,34,0.001550912857055664
LPP,HousePrice,11,7,0.01829218864440918
LPP,HousePrice,11,10,0.019095420837402344
LPP,HousePrice,11,34,0.016467809677124023
LPP,HousePrice,20,7,0.021899700164794922
LPP,HousePrice,20,10,0.01916360855102539
LPP,HousePrice,20,34,0.023044109344482422
LPP,HousePrice,29,7,0.03089618682861328
LPP,HousePrice,29,10,0.02317953109741211
LPP,HousePrice,29,34,0.026801347732543945
LPP,HousePrice,38,7,0.026927947998046875
LPP,HousePrice,38,10,0.022459030151367188
LPP,HousePrice,38,34,0.020833730697631836
LPP,HousePrice,47,7,0.021151065826416016
LPP,HousePrice,47,10,0.031778812408447266
LPP,HousePrice,47,34,0.026661396026611328
LPP,HousePrice,56,7,0.03705453872680664
LPP,HousePrice,56,10,0.022853612899780273
LPP,HousePrice,56,34,0.030130863189697266
LPP,HousePrice,65,7,0.027904748916625977
LPP,HousePrice,65,10,0.02692437171936035
LPP,HousePrice,65,34,0.022627830505371094
LPP,HousePrice,74,7,0.019329309463500977
LPP,HousePrice,74,10,0.022770166397094727
LPP,HousePrice,74,34,0.026641130447387695
LPP,HousePrice,83,7,0.022584199905395508
LPP,HousePrice,83,10,0.02272772789001465
LPP,HousePrice,83,34,0.03883790969848633
LPP,HousePrice,92,7,0.02664971351623535
LPP,HousePrice,92,10,0.023264646530151367
LPP,HousePrice,92,34,0.018940448760986328
LPP,OnlineNewsPopularity,2,10,0.022862672805786133
LPP,OnlineNewsPopularity,2,31,0.0047454833984375
LPP,OnlineNewsPopularity,2,178,0.013395547866821289
LPP,OnlineNewsPopularity,4,10,0.01487421989440918
LPP,OnlineNewsPopularity,4,31,0.0114288330078125
LPP,OnlineNewsPopularity,4,178,0.015084266662597656
LPP,OnlineNewsPopularity,6,10,0.019136905670166016
LPP,OnlineNewsPopularity,6,31,0.002256155014038086
LPP,OnlineNewsPopularity,6,178,0.01443934440612793
LPP,OnlineNewsPopularity,8,10,0.004703044891357422
LPP,OnlineNewsPopularity,8,31,0.0044672489166259766
LPP,OnlineNewsPopularity,8,178,0.013860464096069336
LPP,OnlineNewsPopularity,10,10,0.01917433738708496
LPP,OnlineNewsPopularity,10,31,0.0021147727966308594
LPP,OnlineNewsPopularity,10,178,0.002557992935180664
LPP,OnlineNewsPopularity,12,10,0.0027163028717041016
LPP,OnlineNewsPopularity,12,31,0.013184309005737305
LPP,OnlineNewsPopularity,12,178,0.002368927001953125
LPP,OnlineNewsPopularity,14,10,0.011714935302734375
LPP,OnlineNewsPopularity,14,31,0.018346548080444336
LPP,OnlineNewsPopularity,14,178,0.004991054534912109
LPP,OnlineNewsPopularity,16,10,0.014322996139526367
LPP,OnlineNewsPopularity,16,31,0.0022568702697753906
LPP,OnlineNewsPopularity,16,178,0.0024836063385009766
LPP,OnlineNewsPopularity,18,10,0.0051572322845458984
LPP,OnlineNewsPopularity,18,31,0.01434946060180664
LPP,OnlineNewsPopularity,18,178,0.0061910152435302734
LPP,OnlineNewsPopularity,20,10,0.005021572113037109
LPP,OnlineNewsPopularity,20,31,0.014234066009521484
LPP,OnlineNewsPopularity,20,178,0.007136821746826172
LPP,OnlineNewsPopularity,22,10,0.0048694610595703125
LPP,OnlineNewsPopularity,22,31,0.010530233383178711
LPP,OnlineNewsPopularity,22,178,0.011243581771850586
LPP,PremiumPrice,2,6,0.0011894702911376953
LPP,PremiumPrice,2,9,0.0005950927734375
LPP,PremiumPrice,2,28,0.0005881786346435547
LPP,PremiumPrice,4,6,0.0005974769592285156
LPP,PremiumPrice,4,9,0.0006916522979736328
LPP,PremiumPrice,4,28,0.0006070137023925781
LPP,WineQuality,2,8,0.002975940704345703
LPP,WineQuality,2,15,0.001867532730102539
LPP,WineQuality,2,62,0.0021822452545166016
LPP,WineQuality,4,8,0.0020227432250976562
LPP,WineQuality,4,15,0.0006453990936279297
LPP,WineQuality,4,62,0.0006325244903564453
Index(['dr_name', 'dataset_name', 'n_components', 'n_neighbors', 'RMSE', 'MAE',
       'MAE_percentage', 'R2', 'residuals_mean', 'residuals_var'],
      dtype='object')
[['LPP' 'Admission' 2 5 0.07490654022985166 0.05945728399932254
  0.09072337699012005 0.7544691563012442 0.014936276269486126
  0.0054560986535776915]]
[['LPP' 'Admission' 2 6 0.07588535032559006 0.05980603649872478
  0.09139425984074809 0.7480104876327027 0.013815909465388207
  0.005638184343981498]]
[['LPP' 'Admission' 2 17 0.0755984086975257 0.06008293700059233
  0.09232379919982978 0.7499125563848841 0.0136201439098459
  0.005599606154403257]]
[['LPP' 'BankHappiness' 2 8 0.3101894759492164 0.17402282796003138
  411128995306579.7 -0.0007611784151468903 -0.008555122712117629
  0.09618388642917214]]
[['LPP' 'BankHappiness' 2 19 0.31018386972388756 0.1738198450581335
  410118487681494.75 -0.0007250041255539852 -0.008309350081244078
  0.09618455357668836]]
[['LPP' 'BankHappiness' 2 87 0.310184424434751 0.1738386765769386
  410212217434073.9 -0.0007285833801942143 -0.008332142934201326
  0.09618451838013896]]
[['LPP' 'BankHappiness' 4 8 0.3064671643674096 0.17309966973780622
  411361060994811.4 0.02311322168665142 -0.0095813388024629
  0.09386893408288667]]
[['LPP' 'BankHappiness' 4 19 0.30651931868475696 0.17311586248154798
  411361267469241.0 0.02278070189863113 -0.009565237751787478
  0.09390122553765094]]
[['LPP' 'BankHappiness' 4 87 0.3065307124328536 0.1730977778457124
  411292712241609.7 0.02270805135574061 -0.009552877750753213
  0.09390844974690624]]
[['LPP' 'BankHappiness' 6 8 0.3064553495314812 0.17299509455523815
  410624684620503.06 0.02318854156343475 -0.009358897182812138
  0.09386590435442829]]
[['LPP' 'BankHappiness' 6 19 0.30645455617973655 0.17298105616800208
  410688826935870.25 0.023193599096760775 -0.009401420480197613
  0.0938646198223217]]
[['LPP' 'BankHappiness' 6 87 0.30631150391410084 0.17293550748181274
  410930189812637.75 0.02410532810898991 -0.009554155815617775
  0.0937740297983069]]
[['LPP' 'BankHappiness' 8 8 0.3045830082908669 0.1723035227202806
  409894714022683.9 0.0350880715795896 -0.009680827333458136
  0.09271522924203333]]
[['LPP' 'BankHappiness' 8 19 0.3048717580897659 0.17230630041545744
  409487430862562.06 0.03325769900445452 -0.009508166931249472
  0.09289459614590874]]
[['LPP' 'BankHappiness' 8 87 0.30514743398829175 0.17225310703503388
  408772627786787.56 0.03150858293709902 -0.00924669092645161
  0.09306773890295966]]
[['LPP' 'Credit' 2 3 9104.937734879084 6111.495015801163
  1.205564808969519 7.448632330375737e-05 -305.0056189342784
  92007625.2538262]]
[['LPP' 'Credit' 2 6 9110.402820347737 6116.17 1.2065679717468742
  -0.0011262508138998317 -305.57000000000005 92117851.69344443]]
[['LPP' 'Credit' 4 3 9108.441505582485 6114.569771875699
  1.2061176168278975 -0.0006952463062632752 -306.2037584106649
  92077717.68772542]]
[['LPP' 'Credit' 4 6 9106.279716598809 6112.13207205212
  1.2054467326173293 -0.00022029452855010234 -304.5799378449863
  92035068.15377912]]
[['LPP' 'Credit' 6 3 9108.868998299598 6115.480893135567
  1.2064216961721361 -0.0007891811398930137 -306.6565833369674
  92086062.40897734]]
[['LPP' 'Credit' 6 6 9109.01133828263 6114.042347458725
  1.2059381385226697 -0.0008204591016474083 -304.52579254530303
  92090390.6695957]]
[['LPP' 'Credit' 8 3 9109.45982772457 6114.84963688277 1.2061466220450545
  -0.0009190139156534105 -304.98686910866144 92099157.06955452]]
[['LPP' 'Credit' 8 6 9109.466331834166 6114.577226136111
  1.2060103563611608 -0.0009204432186882272 -304.66120912251824
  92099509.33164024]]
[['LPP' 'Credit' 10 3 9109.88354718563 6115.167464760785
  1.2062012307947603 -0.0010121300249967824 -304.91866417386734
  92107780.94613542]]
[['LPP' 'Credit' 10 6 9110.03710019098 6115.4950003428185
  1.206307458934635 -0.0010458757288998033 -305.25514448423894
  92110661.40402447]]
[['LPP' 'Facebook' 2 5 255.87984135466925 132.06674741753986
  1.5869541456068337 -0.056293389580277964 68.93787974125438
  61335.41610956673]]
[['LPP' 'Facebook' 2 7 248.51472507061266 131.77907049280168
  1.6692014779915914 0.0036391145447675077 64.30236478143519
  58206.84288933073]]
[['LPP' 'Facebook' 2 20 248.56229135319813 130.32518991631517
  1.5761773094222875 0.0032576665721963938 66.4334875371768
  57949.297390302956]]
[['LPP' 'Facebook' 4 5 249.75198365978702 126.36025077186196
  1.3893177251906312 -0.00630657193838946 69.70145471877872
  58098.74803240865]]
[['LPP' 'Facebook' 4 7 250.32873776241365 126.39028371219223
  1.380004103424695 -0.010959680886533985 71.09833635396144
  58191.41769436587]]
[['LPP' 'Facebook' 4 20 249.9365826157914 126.01828467603255
  1.358335051426059 -0.007794702613855398 70.71589007233555
  58048.03860700775]]
[['LPP' 'Facebook' 6 5 251.30800193945444 127.47963454905376
  1.4416522113998438 -0.018884723763707312 69.70584063309988
  58885.664263064355]]
[['LPP' 'Facebook' 6 7 251.99454794780522 127.47755882773976
  1.4279789172425228 -0.024459291456023546 70.75669864431947
  59085.59777007641]]
[['LPP' 'Facebook' 6 20 252.70862534779363 127.95049722202009
  1.4265553364917236 -0.030273541969590534 70.87118069728317
  59433.25764822685]]
[['LPP' 'Facebook' 8 5 253.18932101477867 129.34850236686404
  1.4858642582928414 -0.034196787965685926 69.79324673816566
  59832.055541081]]
[['LPP' 'Facebook' 8 7 253.17884445164333 129.24173812320836
  1.4769554164760643 -0.0341112029675803 70.02946018509645
  59793.33533742769]]
[['LPP' 'Facebook' 8 20 253.85545497570206 129.9022894429533
  1.4858016210004823 -0.039645831836130796 70.02514268907328
  60140.47617403598]]
[['LPP' 'ForestFires' 2 6 11.30438051050003 4.957934842848355
  2975985135741389.5 -0.12797010134925046 3.5020317012801767
  116.6463926184249]]
[['LPP' 'ForestFires' 2 7 11.299525339110257 4.995622116834749
  3155102983771055.5 -0.1270013950856539 3.4332351526404135
  117.01733596786764]]
[['LPP' 'ForestFires' 2 20 11.316534428431869 4.974347422754129
  3053844259815314.0 -0.13039688197468347 3.4692374150839744
  117.15483199686591]]
[['LPP' 'ForestFires' 4 6 11.350414642250387 5.023057092950086
  3082866513961163.0 -0.13717553280984363 3.5093417073499373
  117.64766084014452]]
[['LPP' 'ForestFires' 4 7 11.358695406011313 5.004155697714011
  3019417600846340.5 -0.13883540467135536 3.5183108223042043
  117.77389154909481]]
[['LPP' 'ForestFires' 4 20 11.423933064531694 4.985155007749115
  2823219078757538.5 -0.15195457123353084 3.606889505877497
  118.63733839369219]]
[['LPP' 'HousePrice' 2 7 92680.72972560575 60082.66281703247
  0.31606512724026753 -0.0657291235264903 23020.939516476974
  8087450755.411858]]
[['LPP' 'HousePrice' 2 10 92679.17093955677 60082.54532350065
  0.316072627459719 -0.06569327508799572 23014.69769180875
  8087449159.896515]]
[['LPP' 'HousePrice' 2 34 92679.41238610126 60082.94954088723
  0.3160764953875307 -0.06569882775514424 23014.831237827006
  8087487899.696185]]
[['LPP' 'HousePrice' 11 7 92680.72884265905 60082.3117514695
  0.31606146281785463 -0.06572910322060777 23021.236621029453
  8087436864.836973]]
[['LPP' 'HousePrice' 11 10 92679.25606463283 60082.51865917781
  0.31607166427672956 -0.06569523275036637 23015.088099272438
  8087446960.643095]]
[['LPP' 'HousePrice' 11 34 92679.5246257109 60083.0487173946
  0.3160772359732828 -0.06570140899060473 23014.61655246164
  8087518691.611498]]
[['LPP' 'HousePrice' 20 7 92678.73167214068 60083.767123282974
  0.3160957100034755 -0.06568317307225291 23008.75342466781
  8087641974.220794]]
[['LPP' 'HousePrice' 20 10 92679.25509019644 60082.517967631415
  0.31607166270398895 -0.0656952103407733 23015.086774020336
  8087446840.613543]]
[['LPP' 'HousePrice' 20 34 92678.73167211731 60083.76712326475
  0.316095710003546 -0.06568317307171578 23008.75342456352
  8087641974.221264]]
[['LPP' 'HousePrice' 29 7 92678.73167214064 60083.767123283054
  0.31609571000347636 -0.06568317307225224 23008.753424667644
  8087641974.220794]]
[['LPP' 'HousePrice' 29 10 92679.25029911612 60082.504367526686
  0.3160714930335698 -0.06569510015794511 23015.1368752893
  8087443635.396669]]
[['LPP' 'HousePrice' 29 34 92678.73167211622 60083.76712326536
  0.31609571000355835 -0.06568317307169047 23008.753424559323
  8087641974.221253]]
[['LPP' 'HousePrice' 38 7 92678.73167214061 60083.76712328307
  0.3160957100034768 -0.06568317307225136 23008.7534246675
  8087641974.220794]]
[['LPP' 'HousePrice' 38 10 92679.18363296338 60082.57689832019
  0.3160728462033975 -0.06569356700426665 23014.64870102602
  8087453783.573695]]
[['LPP' 'HousePrice' 38 34 92678.73167212316 60083.76712326449
  0.316095710003499 -0.06568317307185012 23008.75342458742
  8087641974.221247]]
[['LPP' 'HousePrice' 47 7 92626.65642413261 59968.79031695868
  0.31503915825975837 -0.06448591619805266 23181.464559642558
  8069954009.985667]]
[['LPP' 'HousePrice' 47 10 92599.08379822283 59912.5219225971
  0.31457090805124 -0.06385226915500763 23240.708730920072
  8062069605.3704815]]
[['LPP' 'HousePrice' 47 34 92623.03360124661 59958.44223464936
  0.3149643778747602 -0.06440264927099082 23179.006689670947
  8069394916.475368]]
[['LPP' 'HousePrice' 56 7 92663.02698505615 60042.39729678007
  0.31569945296800506 -0.06532203729792374 23077.37713761877
  8081547767.933178]]
[['LPP' 'HousePrice' 56 10 92659.5424480185 60039.68833983447
  0.31568599137446335 -0.06524191722371309 23074.08927707165
  8081052046.485506]]
[['LPP' 'HousePrice' 56 34 92663.56623110405 60044.43725390916
  0.3157231310336427 -0.06533443646917036 23068.061136158303
  8082079416.2499075]]
[['LPP' 'HousePrice' 65 7 92672.34750013756 60060.715519281104
  0.31586753051815974 -0.06553635901415444 23050.050355052485
  8084545971.086642]]
[['LPP' 'HousePrice' 65 10 92671.39727078383 60059.78476772469
  0.3158640806043467 -0.0655145078630357 23048.674087397238
  8084432909.004315]]
[['LPP' 'HousePrice' 65 34 92672.03574148628 60061.36548674
  0.3158767880064806 -0.06552918989351864 23046.710842473447
  8084642459.525431]]
[['LPP' 'HousePrice' 74 7 92674.29865329174 60069.42444146238
  0.31595895381052186 -0.0655812277710186 23031.186653358694
  8085781103.393672]]
[['LPP' 'HousePrice' 74 10 92673.8185748823 60069.10175900956
  0.3159565516590423 -0.06557018779071422 23031.417763501508
  8085681133.867886]]
[['LPP' 'HousePrice' 74 34 92674.88105127872 60069.51527258856
  0.31595538145757895 -0.0655946207898177 23033.109094864867
  8085800561.104713]]
[['LPP' 'HousePrice' 83 7 92676.11377258091 60072.72709577112
  0.3159858596991174 -0.06562296913858257 23028.074508798698
  8086262528.297004]]
[['LPP' 'HousePrice' 83 10 92676.18111176479 60073.28378991002
  0.3159918229503923 -0.06562451771899269 23026.83812806943
  8086332189.742342]]
[['LPP' 'HousePrice' 83 34 92676.1359513435 60073.396457020106
  0.31599285674814126 -0.06562347917726918 23026.694809656336
  8086330413.389469]]
[['LPP' 'HousePrice' 92 7 92677.2973539236 60075.15541256191
  0.31600742902457896 -0.06565018779217269 23025.071647985777
  8086621429.437617]]
[['LPP' 'HousePrice' 92 10 92676.82033017343 60075.30543128989
  0.31601234989273014 -0.0656392177022973 23022.90625947695
  8086632761.692599]]
[['LPP' 'HousePrice' 92 34 92677.55445189978 60075.558372621614
  0.31600893758028353 -0.06565610028410851 23025.47241416755
  8086650728.633893]]
[['LPP' 'OnlineNewsPopularity' 2 10 7068.964981451007 2200.494181155501
  0.6575160432200271 -0.064460253526468 1740.3758431736849
  46947278.79183249]]
[['LPP' 'OnlineNewsPopularity' 2 31 7070.01283428961 2200.4531088409635
  0.6560425263434845 -0.06477585287388465 1743.8040232059527
  46950150.32618084]]
[['LPP' 'OnlineNewsPopularity' 2 178 7070.012834289613 2200.453108840962
  0.6560425263434765 -0.06477585287388576 1743.8040232059668
  46950150.32618084]]
[['LPP' 'OnlineNewsPopularity' 4 10 7062.933979945224 2198.582958186732
  0.6666701422238462 -0.06264470546612055 1713.708278459508
  46954162.16788523]]
[['LPP' 'OnlineNewsPopularity' 4 31 7062.796170591624 2198.624958368269
  0.6669944645248697 -0.06260323801032452 1713.3044184275782
  46953599.47263451]]
[['LPP' 'OnlineNewsPopularity' 4 178 7062.564509058995 2198.6564893719187
  0.6674709339574035 -0.06253353183401078 1712.7088059203388
  46952367.59089285]]
[['LPP' 'OnlineNewsPopularity' 6 10 7041.750327410483 2186.3101943345746
  0.663288157597059 -0.056279945882080185 1691.2391233654942
  46731851.69002075]]
[['LPP' 'OnlineNewsPopularity' 6 31 7046.464990830134 2184.2306662531514
  0.6668287556778618 -0.057694841702417454 1687.0038719689796
  46812590.77455113]]
[['LPP' 'OnlineNewsPopularity' 6 178 7045.074086770309 2183.865397122112
  0.6680338873381871 -0.05727732544264752 1684.5815108400695
  46801156.55093663]]
[['LPP' 'OnlineNewsPopularity' 8 10 7044.578259524372 2182.6557304046437
  0.662213441528843 -0.057128509844499575 1690.2558091098726
  46775017.387198836]]
[['LPP' 'OnlineNewsPopularity' 8 31 7045.024816244555 2184.0955135928893
  0.6651396344515762 -0.057262537116252954 1688.0078562660835
  46788905.123062335]]
[['LPP' 'OnlineNewsPopularity' 8 178 7042.24445262023 2181.161526674467
  0.6619502854352963 -0.056428191087553925 1682.7235425667322
  46767546.70041929]]
[['LPP' 'OnlineNewsPopularity' 10 10 7042.655697150928 2181.3070562244734
  0.6610631388806193 -0.05655157873870298 1686.011221555379
  46762263.05369911]]
/home/soyoung/.local/lib/python3.8/site-packages/umap/distances.py:1063: NumbaDeprecationWarning: [1mThe 'nopython' keyword argument was not supplied to the 'numba.jit' decorator. The implicit default value for this argument is currently False, but it will be changed to True in Numba 0.59.0. See https://numba.readthedocs.io/en/stable/reference/deprecation.html#deprecation-of-object-mode-fall-back-behaviour-when-using-jit for details.[0m
  @numba.jit()
/home/soyoung/.local/lib/python3.8/site-packages/umap/distances.py:1071: NumbaDeprecationWarning: [1mThe 'nopython' keyword argument was not supplied to the 'numba.jit' decorator. The implicit default value for this argument is currently False, but it will be changed to True in Numba 0.59.0. See https://numba.readthedocs.io/en/stable/reference/deprecation.html#deprecation-of-object-mode-fall-back-behaviour-when-using-jit for details.[0m
  @numba.jit()
/home/soyoung/.local/lib/python3.8/site-packages/umap/distances.py:1086: NumbaDeprecationWarning: [1mThe 'nopython' keyword argument was not supplied to the 'numba.jit' decorator. The implicit default value for this argument is currently False, but it will be changed to True in Numba 0.59.0. See https://numba.readthedocs.io/en/stable/reference/deprecation.html#deprecation-of-object-mode-fall-back-behaviour-when-using-jit for details.[0m
  @numba.jit()
/home/soyoung/.local/lib/python3.8/site-packages/umap/umap_.py:660: NumbaDeprecationWarning: [1mThe 'nopython' keyword argument was not supplied to the 'numba.jit' decorator. The implicit default value for this argument is currently False, but it will be changed to True in Numba 0.59.0. See https://numba.readthedocs.io/en/stable/reference/deprecation.html#deprecation-of-object-mode-fall-back-behaviour-when-using-jit for details.[0m
  @numba.jit()
[['LPP' 'OnlineNewsPopularity' 10 31 7045.251475680984 2177.1436685532512
  0.652343885562879 -0.05733056878172316 1689.2661504097564
  46787849.07985418]]
[['LPP' 'OnlineNewsPopularity' 10 178 7044.620399988058
  2176.5351362824385 0.6525489129385211 -0.05714115730675551
  1686.7890875905584 46787319.93836766]]
[['LPP' 'OnlineNewsPopularity' 12 10 7043.710751942094 2176.0462048879813
  0.6512385826542483 -0.05686816479681989 1688.5938824910409
  46768410.25661683]]
[['LPP' 'OnlineNewsPopularity' 12 31 7046.303719488854 2176.128504901792
  0.6495141039789699 -0.057646427663878175 1692.1939015317253
  46792777.37964434]]
[['LPP' 'OnlineNewsPopularity' 12 178 7038.144333087182 2166.324413590283
  0.6396024340427207 -0.055198406760150975 1688.6012949372157
  46689989.82935181]]
[['LPP' 'OnlineNewsPopularity' 14 10 7045.420984648506 2175.3981980207395
  0.6485240212625267 -0.05738144820590452 1693.0117693196416
  46777567.55436111]]
[['LPP' 'OnlineNewsPopularity' 14 31 7038.527533548789 2165.7635146292564
  0.6388626950797653 -0.05531331304941012 1688.898358054304
  46694381.23977576]]
[['LPP' 'OnlineNewsPopularity' 14 178 7041.357579014413
  2168.5222287138977 0.6401264768090152 -0.056162122708516726
  1692.9810075881653 46720424.21110091]]
[['LPP' 'OnlineNewsPopularity' 16 10 7040.297280553939 2167.931497425676
  0.6389384189040114 -0.055844069621166614 1692.4374561247082
  46707331.952106096]]
[['LPP' 'OnlineNewsPopularity' 16 31 7039.763999244769 2167.2170210609743
  0.6388248863067335 -0.05568412166437797 1691.5163114076602
  46702939.875803694]]
[['LPP' 'OnlineNewsPopularity' 16 178 7042.732984818648
  2169.2002052230287 0.6398174219655309 -0.05657476852929566
  1696.4322886733073 46728098.70091203]]
[['LPP' 'OnlineNewsPopularity' 18 10 7042.322114879056 2169.643946383703
  0.6403289683507069 -0.05645149191232823 1695.7279261994445
  46724700.45695057]]
[['LPP' 'OnlineNewsPopularity' 18 31 7042.029834494666 2169.193507724522
  0.6399801152258017 -0.05636380105258132 1695.342640677473
  46721890.053096116]]
[['LPP' 'OnlineNewsPopularity' 18 178 7043.969517485589
  2169.6594546245815 0.6387429562126132 -0.05694581877727112
  1699.3804756996524 46735506.81189561]]
[['LPP' 'OnlineNewsPopularity' 20 10 7043.160418414727 2170.65569371838
  0.6411163945286599 -0.05670302250638404 1697.2029601305057
  46731504.53670261]]
[['LPP' 'OnlineNewsPopularity' 20 31 7044.075831442964 2171.111658259155
  0.6411116601096903 -0.05697772378209143 1698.4045532045236
  46740321.14977262]]
[['LPP' 'OnlineNewsPopularity' 20 178 7044.644906833588 2170.976125398584
  0.6432762152502807 -0.05714851249089237 1700.292676154614
  46741921.73765603]]
[['LPP' 'OnlineNewsPopularity' 22 10 7043.876377837532 2171.2049746658504
  0.6412785328732902 -0.056917867801477895 1698.6009164817362
  46736843.77122002]]
[['LPP' 'OnlineNewsPopularity' 22 31 7044.859559063534 2171.8107840250773
  0.6427768884550221 -0.05721293667287397 1700.2210054055245
  46745190.21078888]]
[['LPP' 'OnlineNewsPopularity' 22 178 7045.06376935204 2172.1647935568703
  0.6442585817988559 -0.057274228707461905 1700.7535551801002
  46746256.46433639]]
[['LPP' 'PremiumPrice' 2 6 5832.785323050833 4458.252818201277
  0.20017321664497886 -0.003579610216084106 1107.3923258516245
  32961539.2820586]]
[['LPP' 'PremiumPrice' 2 9 5825.086958989671 4451.942823673724
  0.1999415348380992 -0.0009322222967407257 1102.7074290387447
  32881743.818961382]]
[['LPP' 'PremiumPrice' 2 28 5821.953220740555 4449.647720816468
  0.19985359875313002 0.0001444366074492276 1101.343290628534
  32848081.663017306]]
[['LPP' 'PremiumPrice' 4 6 5898.034171391959 4516.6798132063095
  0.20194594017029255 -0.02615842012187275 1218.1364382929053
  33472001.215801228]]
[['LPP' 'PremiumPrice' 4 9 5896.299209552975 4515.4055870019365
  0.2018947955984597 -0.025554800747932926 1216.6145014461279
  33455158.972803622]]
[['LPP' 'PremiumPrice' 4 28 5898.958986204814 4517.298920650657
  0.20195731223278068 -0.02648024969492746 1219.8287374166146
  33478819.92139709]]
[['LPP' 'WineQuality' 2 8 0.8070821817131757 0.6114026074521773
  0.11006536591199752 0.08838993888972568 -0.024006747098857664
  0.6514700895301107]]
[['LPP' 'WineQuality' 2 15 0.8036710729371445 0.6122413240947496
  0.10979928846106046 0.09607944023657222 -0.00913727882549773
  0.6464633601015057]]
[['LPP' 'WineQuality' 2 62 0.8062002391338949 0.612791146684367
  0.11002637468901544 0.09038118207722134 -0.017463237411149857
  0.6503174501535217]]
[['LPP' 'WineQuality' 4 8 0.7248927288409182 0.5459483983316197
  0.09771625522740163 0.26460431365417236 -0.008726845363535473
  0.5259299737349389]]
[['LPP' 'WineQuality' 4 15 0.7223262361317154 0.543245088811598
  0.0972313711944543 0.2698024524446059 -0.00877824885036818
  0.5222110021208428]]
[['LPP' 'WineQuality' 4 62 0.7143096105474137 0.538030375410924
  0.09641171064257029 0.2859204798592482 -0.013477685300816451
  0.5105775692389616]]
Finished python experiment_script.py
