Entered python experiment_script.py
----------umap----------
Index(['dr_name', 'dataset_name', 'n_components', 'n_neighbors',
       'fit_transform_time'],
      dtype='object')
PCA,AcademicSuccess,2,None,0.1658182144165039
PCA,AcademicSuccess,4,None,0.0808100700378418
PCA,AcademicSuccess,6,None,0.07561445236206055
PCA,AcademicSuccess,8,None,0.08158135414123535
PCA,AcademicSuccess,10,None,0.07116365432739258
PCA,AcademicSuccess,12,None,0.07873225212097168
PCA,AcademicSuccess,14,None,0.13129687309265137
PCA,AcademicSuccess,16,None,0.07030320167541504
PCA,BuyCoupon,2,None,0.14544177055358887
PCA,BuyCoupon,5,None,0.20203828811645508
PCA,BuyCoupon,8,None,0.1846325397491455
PCA,BuyCoupon,11,None,0.158463716506958
PCA,BuyCoupon,14,None,0.16600465774536133
PCA,BuyCoupon,17,None,0.26732611656188965
PCA,BuyCoupon,20,None,0.29515552520751953
PCA,BuyCoupon,23,None,0.2244119644165039
PCA,BuyCoupon,26,None,0.270474910736084
PCA,BuyCoupon,29,None,0.19264554977416992
PCA,DryBean,2,None,0.04460406303405762
PCA,DryBean,4,None,0.055045366287231445
PCA,DryBean,6,None,0.06797003746032715
PCA,FakeWebsite,2,None,0.0507512092590332
PCA,FakeWebsite,4,None,0.06779956817626953
PCA,FakeWebsite,6,None,0.06755256652832031
PCA,FakeWebsite,8,None,0.08134746551513672
PCA,FakeWebsite,10,None,0.12236142158508301
PCA,FakeWebsite,12,None,0.143416166305542
PCA,FakeWebsite,14,None,0.11051630973815918
PCA,Glass,2,None,0.015906572341918945
PCA,Grade,2,None,0.021404266357421875
PCA,Heart,2,None,0.030173540115356445
PCA,Heart,4,None,0.018558979034423828
PCA,Heart,6,None,0.03474760055541992
PCA,Heart,8,None,0.01657271385192871
PCA,Parkinsons,2,None,0.006583452224731445
PCA,Parkinsons,4,None,0.006546974182128906
PCA,Parkinsons,6,None,0.0045545101165771484
PCA,Parkinsons,8,None,0.004518747329711914
PCA,Parkinsons,10,None,0.0064890384674072266
PCA,StayHospital,2,None,0.1092524528503418
PCA,StayHospital,4,None,0.12204861640930176
PCA,StayHospital,6,None,0.0650935173034668
PCA,StayHospital,8,None,0.05995035171508789
PCA,StayHospital,10,None,0.05220961570739746
PCA,StayHospital,12,None,0.08530139923095703
PCA,StayHospital,14,None,0.10024309158325195
PCA,StayHospital,16,None,0.10552477836608887
PCA,StayHospital,18,None,0.05508875846862793
PCA,StayHospital,20,None,0.12782049179077148
PCA,StayHospital,22,None,0.16472172737121582
PCA,StayHospital,24,None,0.07243466377258301
PCA,Zoo,2,None,0.01393437385559082
PCA,Zoo,4,None,0.015719890594482422
PCA,Zoo,6,None,0.010848283767700195
Index(['dr_name', 'dataset_name', 'n_components', 'n_neighbors',
       'transform_time'],
      dtype='object')
PCA,AcademicSuccess,2,None,0.001013040542602539
PCA,AcademicSuccess,4,None,0.0009546279907226562
PCA,AcademicSuccess,6,None,0.0009486675262451172
PCA,AcademicSuccess,8,None,0.0009064674377441406
PCA,AcademicSuccess,10,None,0.0009500980377197266
PCA,AcademicSuccess,12,None,0.0009930133819580078
PCA,AcademicSuccess,14,None,0.0010044574737548828
PCA,AcademicSuccess,16,None,0.0050923824310302734
PCA,BuyCoupon,2,None,0.0017704963684082031
PCA,BuyCoupon,5,None,0.001688241958618164
PCA,BuyCoupon,8,None,0.004131317138671875
PCA,BuyCoupon,11,None,0.0018999576568603516
PCA,BuyCoupon,14,None,0.002068042755126953
PCA,BuyCoupon,17,None,0.002062559127807617
PCA,BuyCoupon,20,None,0.0020513534545898438
PCA,BuyCoupon,23,None,0.002127408981323242
PCA,BuyCoupon,26,None,0.002221822738647461
PCA,BuyCoupon,29,None,0.002329111099243164
PCA,DryBean,2,None,0.0008320808410644531
PCA,DryBean,4,None,0.0007863044738769531
PCA,DryBean,6,None,0.0008313655853271484
PCA,FakeWebsite,2,None,0.0009598731994628906
PCA,FakeWebsite,4,None,0.005167245864868164
PCA,FakeWebsite,6,None,0.0029048919677734375
PCA,FakeWebsite,8,None,0.002966642379760742
PCA,FakeWebsite,10,None,0.0029599666595458984
PCA,FakeWebsite,12,None,0.0029859542846679688
PCA,FakeWebsite,14,None,0.0029785633087158203
PCA,Glass,2,None,0.0006856918334960938
PCA,Grade,2,None,0.0007066726684570312
PCA,Heart,2,None,0.0007736682891845703
PCA,Heart,4,None,0.0007417201995849609
PCA,Heart,6,None,0.0007493495941162109
PCA,Heart,8,None,0.0007486343383789062
PCA,Parkinsons,2,None,0.000736236572265625
PCA,Parkinsons,4,None,0.0007066726684570312
PCA,Parkinsons,6,None,0.0007131099700927734
PCA,Parkinsons,8,None,0.0007059574127197266
PCA,Parkinsons,10,None,0.0007078647613525391
PCA,StayHospital,2,None,0.001216888427734375
PCA,StayHospital,4,None,0.0050084590911865234
PCA,StayHospital,6,None,0.0033626556396484375
PCA,StayHospital,8,None,0.0032978057861328125
PCA,StayHospital,10,None,0.003339529037475586
PCA,StayHospital,12,None,0.0033712387084960938
PCA,StayHospital,14,None,0.0033864974975585938
PCA,StayHospital,16,None,0.003409147262573242
PCA,StayHospital,18,None,0.003390073776245117
PCA,StayHospital,20,None,0.003420114517211914
PCA,StayHospital,22,None,0.003391265869140625
PCA,StayHospital,24,None,0.0033969879150390625
PCA,Zoo,2,None,0.0007822513580322266
PCA,Zoo,4,None,0.0007393360137939453
PCA,Zoo,6,None,0.0007536411285400391
Index(['dr_name', 'dataset_name', 'n_components', 'n_neighbors', 'accuracy',
       'precision', 'recall', 'f1_score'],
      dtype='object')
[['PCA' 'AcademicSuccess' 2 None 0.6632768361581921 0.7347228966701628
  0.6632768361581921 0.5916958017180788]]
[['PCA' 'AcademicSuccess' 4 None 0.6892655367231638 0.645587810426751
  0.6892655367231638 0.6211979123184951]]
[['PCA' 'AcademicSuccess' 6 None 0.7163841807909604 0.6959356947223863
  0.7163841807909604 0.6779205518747072]]
[['PCA' 'AcademicSuccess' 8 None 0.711864406779661 0.686609095648002
  0.711864406779661 0.6767114522066557]]
[['PCA' 'AcademicSuccess' 10 None 0.7175141242937854 0.6942984531715364
  0.7175141242937854 0.6903904314853734]]
[['PCA' 'AcademicSuccess' 12 None 0.7231638418079096 0.701122134335739
  0.7231638418079096 0.693829695538]]
[['PCA' 'AcademicSuccess' 14 None 0.7242937853107345 0.7049712079958974
  0.7242937853107345 0.7033876655969136]]
[['PCA' 'AcademicSuccess' 16 None 0.7344632768361582 0.7169102505339165
  0.7344632768361582 0.7153861336195151]]
[['PCA' 'BuyCoupon' 2 None 0.5648403626330312 0.5672235481304694
  0.9889042995839112 0.7209302325581396]]
[['PCA' 'BuyCoupon' 5 None 0.5849428458809618 0.5873372249663225
  0.9070735090152566 0.7130008176614883]]
[['PCA' 'BuyCoupon' 8 None 0.5888845092629089 0.590312358533273
  0.9042995839112344 0.7143248425089018]]
[['PCA' 'BuyCoupon' 11 None 0.5975561687031927 0.5952919873245812
  0.9119278779472955 0.7203505888797589]]
[['PCA' 'BuyCoupon' 14 None 0.6208119826566811 0.6170731707317073
  0.8772538141470181 0.7245131729667812]]
[['PCA' 'BuyCoupon' 17 None 0.6235711470240441 0.6218109054527263
  0.8619972260748959 0.7224643998837547]]
[['PCA' 'BuyCoupon' 20 None 0.6468269609775326 0.6391437308868502
  0.869625520110957 0.736780258519389]]
[['PCA' 'BuyCoupon' 23 None 0.6547102877414269 0.6481675392670158
  0.8585298196948682 0.7386634844868735]]
[['PCA' 'BuyCoupon' 26 None 0.6621994481671265 0.6551724137931034
  0.8564493758668515 0.7424105801021941]]
[['PCA' 'BuyCoupon' 29 None 0.6653527788726843 0.6617566830332787
  0.8411927877947295 0.740763358778626]]
[['PCA' 'DryBean' 2 None 0.8813808299669482 0.8843244259056775
  0.8813808299669482 0.8789536856737367]]
[['PCA' 'DryBean' 4 None 0.8993756885787734 0.9005470549775895
  0.8993756885787734 0.8990481345643544]]
[['PCA' 'DryBean' 6 None 0.9302240176276166 0.9309364266339312
  0.9302240176276166 0.9304224615446598]]
[['PCA' 'FakeWebsite' 2 None 0.8977838082315694 0.9023218574859888
  0.9155158407798538 0.9088709677419355]]
[['PCA' 'FakeWebsite' 4 None 0.8986883763003166 0.9123669123669124
  0.9049553208773355 0.9086460032626429]]
[['PCA' 'FakeWebsite' 6 None 0.911352329262777 0.9136690647482014
  0.9285134037367994 0.9210314262691377]]
[['PCA' 'FakeWebsite' 8 None 0.9312528267752148 0.9298804780876494
  0.9480097481722177 0.9388576025744167]]
[['PCA' 'FakeWebsite' 10 None 0.9402985074626866 0.9357652656621729
  0.958570268074736 0.9470304975922954]]
[['PCA' 'FakeWebsite' 12 None 0.939846223428313 0.933649289099526
  0.9601949634443542 0.94673608329996]]
[['PCA' 'FakeWebsite' 14 None 0.9466304839439168 0.9364705882352942
  0.9699431356620634 0.9529130087789306]]
[['PCA' 'Glass' 2 None 0.6976744186046512 0.7586831772878284
  0.6976744186046512 0.6410941815913748]]
[['PCA' 'Grade' 2 None 0.975 0.9757602150537634 0.975 0.974836880818729]]
[['PCA' 'Heart' 2 None 0.7065217391304348 0.7105263157894737
  0.7941176470588235 0.7499999999999999]]
[['PCA' 'Heart' 4 None 0.7336956521739131 0.7345132743362832
  0.8137254901960784 0.772093023255814]]
[['PCA' 'Heart' 6 None 0.7336956521739131 0.7345132743362832
  0.8137254901960784 0.772093023255814]]
[['PCA' 'Heart' 8 None 0.7336956521739131 0.7345132743362832
  0.8137254901960784 0.772093023255814]]
[['PCA' 'Parkinsons' 2 None 0.7948717948717948 0.8 0.9655172413793104
  0.8750000000000001]]
[['PCA' 'Parkinsons' 4 None 0.7948717948717948 0.8 0.9655172413793104
  0.8750000000000001]]
[['PCA' 'Parkinsons' 6 None 0.7948717948717948 0.8181818181818182
  0.9310344827586207 0.8709677419354839]]
[['PCA' 'Parkinsons' 8 None 0.8461538461538461 0.8285714285714286 1.0
  0.90625]]
[['PCA' 'Parkinsons' 10 None 0.8461538461538461 0.8285714285714286 1.0
  0.90625]]
[['PCA' 'StayHospital' 2 None 0.2955 0.79182025 0.2955 0.1348054805094558]]
[['PCA' 'StayHospital' 4 None 0.2955 0.79182025 0.2955 0.1348054805094558]]
[['PCA' 'StayHospital' 6 None 0.2955 0.79182025 0.2955 0.1348054805094558]]
[['PCA' 'StayHospital' 8 None 0.2955 0.79182025 0.2955 0.1348054805094558]]
[['PCA' 'StayHospital' 10 None 0.2955 0.79182025 0.2955
  0.1348054805094558]]
[['PCA' 'StayHospital' 12 None 0.2955 0.79182025 0.2955
  0.1348054805094558]]
[['PCA' 'StayHospital' 14 None 0.2955 0.79182025 0.2955
  0.1348054805094558]]
[['PCA' 'StayHospital' 16 None 0.2955 0.79182025 0.2955
  0.1348054805094558]]
[['PCA' 'StayHospital' 18 None 0.2955 0.79182025 0.2955
  0.1348054805094558]]
[['PCA' 'StayHospital' 20 None 0.2955 0.79182025 0.2955
  0.1348054805094558]]
[['PCA' 'StayHospital' 22 None 0.2955 0.79182025 0.2955
  0.1348054805094558]]
[['PCA' 'StayHospital' 24 None 0.2955 0.79182025 0.2955
  0.1348054805094558]]
[['PCA' 'Zoo' 2 None 0.9047619047619048 0.9325396825396824
  0.9047619047619048 0.8811791383219953]]
[['PCA' 'Zoo' 4 None 0.9523809523809523 0.9642857142857143
  0.9523809523809523 0.9319727891156462]]
[['PCA' 'Zoo' 6 None 0.9523809523809523 0.9642857142857143
  0.9523809523809523 0.9319727891156462]]
----------kpca----------
Index(['dr_name', 'dataset_name', 'n_components', 'n_neighbors',
       'fit_transform_time'],
      dtype='object')
KPCA,AcademicSuccess,2,None,0.7963836193084717
KPCA,AcademicSuccess,4,None,0.8114833831787109
KPCA,AcademicSuccess,6,None,0.8980612754821777
KPCA,AcademicSuccess,8,None,1.2031886577606201
KPCA,AcademicSuccess,10,None,1.860147476196289
KPCA,AcademicSuccess,12,None,3.3110809326171875
KPCA,AcademicSuccess,14,None,3.4921019077301025
KPCA,AcademicSuccess,16,None,3.511195182800293
KPCA,BuyCoupon,2,None,2.104260206222534
KPCA,BuyCoupon,5,None,2.749075174331665
KPCA,BuyCoupon,8,None,2.869110584259033
KPCA,BuyCoupon,11,None,99.97130155563354
KPCA,BuyCoupon,14,None,88.36742734909058
KPCA,BuyCoupon,17,None,86.79362678527832
KPCA,BuyCoupon,20,None,76.70372343063354
KPCA,BuyCoupon,23,None,99.34383201599121
KPCA,BuyCoupon,26,None,138.71083450317383
KPCA,BuyCoupon,29,None,133.21438241004944
KPCA,DryBean,2,None,2.2993528842926025
KPCA,DryBean,4,None,2.9743270874023438
KPCA,DryBean,6,None,2.918271541595459
KPCA,FakeWebsite,2,None,2.5064077377319336
KPCA,FakeWebsite,4,None,2.512155294418335
KPCA,FakeWebsite,6,None,2.5661263465881348
KPCA,FakeWebsite,8,None,2.5468015670776367
KPCA,FakeWebsite,10,None,56.4335355758667
KPCA,FakeWebsite,12,None,57.066264152526855
KPCA,FakeWebsite,14,None,56.3368866443634
KPCA,Glass,2,None,0.03837299346923828
KPCA,Grade,2,None,0.040688514709472656
KPCA,Heart,2,None,0.023712158203125
KPCA,Heart,4,None,0.03741312026977539
KPCA,Heart,6,None,0.024310588836669922
KPCA,Heart,8,None,0.049880027770996094
KPCA,Parkinsons,2,None,0.0032150745391845703
KPCA,Parkinsons,4,None,0.003228902816772461
KPCA,Parkinsons,6,None,0.01022028923034668
KPCA,Parkinsons,8,None,0.003522157669067383
KPCA,Parkinsons,10,None,0.013398408889770508
KPCA,StayHospital,2,None,5.513803005218506
KPCA,StayHospital,4,None,3.9226391315460205
KPCA,StayHospital,6,None,4.15038800239563
KPCA,StayHospital,8,None,4.6952550411224365
KPCA,StayHospital,10,None,33.61395978927612
KPCA,StayHospital,12,None,31.02750325202942
KPCA,StayHospital,14,None,66.1193220615387
KPCA,StayHospital,16,None,74.7017183303833
KPCA,StayHospital,18,None,83.7336790561676
KPCA,StayHospital,20,None,87.48123240470886
KPCA,StayHospital,22,None,92.85396480560303
KPCA,StayHospital,24,None,73.35019445419312
KPCA,Zoo,2,None,0.04268693923950195
KPCA,Zoo,4,None,0.015023231506347656
KPCA,Zoo,6,None,0.0044476985931396484
Index(['dr_name', 'dataset_name', 'n_components', 'n_neighbors',
       'transform_time'],
      dtype='object')
KPCA,AcademicSuccess,2,None,0.08463811874389648
KPCA,AcademicSuccess,4,None,0.09040284156799316
KPCA,AcademicSuccess,6,None,0.10212182998657227
KPCA,AcademicSuccess,8,None,0.08223080635070801
KPCA,AcademicSuccess,10,None,0.051207780838012695
KPCA,AcademicSuccess,12,None,0.05536508560180664
KPCA,AcademicSuccess,14,None,0.06911754608154297
KPCA,AcademicSuccess,16,None,0.0652012825012207
KPCA,BuyCoupon,2,None,0.31635141372680664
KPCA,BuyCoupon,5,None,0.3426523208618164
KPCA,BuyCoupon,8,None,0.34130406379699707
KPCA,BuyCoupon,11,None,0.32865333557128906
KPCA,BuyCoupon,14,None,0.3253917694091797
KPCA,BuyCoupon,17,None,0.3562290668487549
KPCA,BuyCoupon,20,None,0.3391439914703369
KPCA,BuyCoupon,23,None,0.39705324172973633
KPCA,BuyCoupon,26,None,0.3354182243347168
KPCA,BuyCoupon,29,None,0.3449723720550537
KPCA,DryBean,2,None,0.3786303997039795
KPCA,DryBean,4,None,0.35115909576416016
KPCA,DryBean,6,None,0.363466739654541
KPCA,FakeWebsite,2,None,0.24711132049560547
KPCA,FakeWebsite,4,None,0.24662446975708008
KPCA,FakeWebsite,6,None,0.2659933567047119
KPCA,FakeWebsite,8,None,0.25359320640563965
KPCA,FakeWebsite,10,None,0.2514324188232422
KPCA,FakeWebsite,12,None,0.2596771717071533
KPCA,FakeWebsite,14,None,0.28034019470214844
KPCA,Glass,2,None,0.0014777183532714844
KPCA,Grade,2,None,0.03162527084350586
KPCA,Heart,2,None,0.014292716979980469
KPCA,Heart,4,None,0.0188753604888916
KPCA,Heart,6,None,0.006187915802001953
KPCA,Heart,8,None,0.015588045120239258
KPCA,Parkinsons,2,None,0.001294851303100586
KPCA,Parkinsons,4,None,0.001262664794921875
KPCA,Parkinsons,6,None,0.0012583732604980469
KPCA,Parkinsons,8,None,0.0012676715850830078
KPCA,Parkinsons,10,None,0.0012714862823486328
KPCA,StayHospital,2,None,0.3137338161468506
KPCA,StayHospital,4,None,0.3189239501953125
KPCA,StayHospital,6,None,0.3253309726715088
KPCA,StayHospital,8,None,0.3156754970550537
KPCA,StayHospital,10,None,0.32576990127563477
KPCA,StayHospital,12,None,0.3146843910217285
KPCA,StayHospital,14,None,0.32774782180786133
KPCA,StayHospital,16,None,0.328857421875
KPCA,StayHospital,18,None,0.31874799728393555
KPCA,StayHospital,20,None,0.31952714920043945
KPCA,StayHospital,22,None,0.3345174789428711
KPCA,StayHospital,24,None,0.32555389404296875
KPCA,Zoo,2,None,0.0014524459838867188
KPCA,Zoo,4,None,0.0012698173522949219
KPCA,Zoo,6,None,0.0012505054473876953
Index(['dr_name', 'dataset_name', 'n_components', 'n_neighbors', 'accuracy',
       'precision', 'recall', 'f1_score'],
      dtype='object')
[['KPCA' 'AcademicSuccess' 2 None 0.6666666666666666 0.6346177901584097
  0.6666666666666666 0.6024883344228782]]
[['KPCA' 'AcademicSuccess' 4 None 0.6983050847457627 0.6788467661963118
  0.6983050847457627 0.6365614054523306]]
[['KPCA' 'AcademicSuccess' 6 None 0.703954802259887 0.6803312552953104
  0.703954802259887 0.6437628237897647]]
[['KPCA' 'AcademicSuccess' 8 None 0.7141242937853107 0.6839291610126276
  0.7141242937853107 0.6641034038175714]]
[['KPCA' 'AcademicSuccess' 10 None 0.7310734463276836 0.7067204315383757
  0.7310734463276836 0.702316567543213]]
[['KPCA' 'AcademicSuccess' 12 None 0.727683615819209 0.7038474448401306
  0.727683615819209 0.6987981208998159]]
[['KPCA' 'AcademicSuccess' 14 None 0.735593220338983 0.7120460067454243
  0.735593220338983 0.7064228537379436]]
[['KPCA' 'AcademicSuccess' 16 None 0.7367231638418079 0.7151890738677986
  0.7367231638418079 0.7096303767166174]]
[['KPCA' 'BuyCoupon' 2 None 0.5683878596767836 0.5683878596767836 1.0
  0.7248052274440815]]
[['KPCA' 'BuyCoupon' 5 None 0.570752857705952 0.5720114239086087
  0.9722607489597781 0.7202671461597739]]
[['KPCA' 'BuyCoupon' 8 None 0.5668111943240047 0.573009791400596
  0.9334257975034674 0.71010287523081]]
[['KPCA' 'BuyCoupon' 11 None 0.5668111943240047 0.573009791400596
  0.9334257975034674 0.71010287523081]]
[['KPCA' 'BuyCoupon' 14 None 0.5668111943240047 0.573009791400596
  0.9334257975034674 0.71010287523081]]
[['KPCA' 'BuyCoupon' 17 None 0.5782420181316515 0.5845454545454546
  0.8918169209431346 0.7062053816584295]]
[['KPCA' 'BuyCoupon' 20 None 0.5798186834844304 0.5852994555353902
  0.8945908460471568 0.7076247942951178]]
[['KPCA' 'BuyCoupon' 23 None 0.5806070161608199 0.5884003741814781
  0.8723994452149791 0.7027932960893856]]
[['KPCA' 'BuyCoupon' 26 None 0.5892786756011037 0.5938967136150235
  0.8772538141470181 0.708286674132139]]
[['KPCA' 'BuyCoupon' 29 None 0.5947970043358297 0.6018700787401575
  0.848127600554785 0.7040875071963154]]
[['KPCA' 'DryBean' 2 None 0.7484392214469335 0.7507136604433188
  0.7484392214469335 0.7427455298013773]]
[['KPCA' 'DryBean' 4 None 0.8883584282041865 0.8896628116470202
  0.8883584282041865 0.8877192391048507]]
[['KPCA' 'DryBean' 6 None 0.9059860448035255 0.9066681154499048
  0.9059860448035255 0.9058921184134332]]
[['KPCA' 'FakeWebsite' 2 None 0.898236092265943 0.9030448717948718
  0.9155158407798538 0.90923759580476]]
[['KPCA' 'FakeWebsite' 4 None 0.8995929443690638 0.908502024291498
  0.9114541023558083 0.9099756690997566]]
[['KPCA' 'FakeWebsite' 6 None 0.9095431931252826 0.9114126097366321
  0.9277010560519903 0.9194847020933978]]
[['KPCA' 'FakeWebsite' 8 None 0.932157394843962 0.934136546184739
  0.9447603574329814 0.9394184168012923]]
[['KPCA' 'FakeWebsite' 10 None 0.9366802351876978 0.9346613545816733
  0.9528838342810723 0.9436846339501206]]
[['KPCA' 'FakeWebsite' 12 None 0.9430122116689281 0.9367588932806324
  0.9626320064987814 0.9495192307692307]]
[['KPCA' 'FakeWebsite' 14 None 0.9466304839439168 0.9385342789598109
  0.9675060926076361 0.9528]]
[['KPCA' 'Glass' 2 None 0.46511627906976744 0.5340380549682876
  0.46511627906976744 0.3836597307221542]]
[['KPCA' 'Grade' 2 None 0.445 0.753025 0.445 0.274083044982699]]
[['KPCA' 'Heart' 2 None 0.5543478260869565 0.5543478260869565 1.0
  0.7132867132867133]]
[['KPCA' 'Heart' 4 None 0.5543478260869565 0.5543478260869565 1.0
  0.7132867132867133]]
[['KPCA' 'Heart' 6 None 0.5543478260869565 0.5543478260869565 1.0
  0.7132867132867133]]
[['KPCA' 'Heart' 8 None 0.5543478260869565 0.5543478260869565 1.0
  0.7132867132867133]]
[['KPCA' 'Parkinsons' 2 None 0.8205128205128205 0.8055555555555556 1.0
  0.8923076923076924]]
[['KPCA' 'Parkinsons' 4 None 0.8205128205128205 0.8055555555555556 1.0
  0.8923076923076924]]
[['KPCA' 'Parkinsons' 6 None 0.8974358974358975 0.8787878787878788 1.0
  0.9354838709677419]]
[['KPCA' 'Parkinsons' 8 None 0.8974358974358975 0.8787878787878788 1.0
  0.9354838709677419]]
[['KPCA' 'Parkinsons' 10 None 0.8974358974358975 0.8787878787878788 1.0
  0.9354838709677419]]
[['KPCA' 'StayHospital' 2 None 0.2955 0.79182025 0.2955
  0.1348054805094558]]
[['KPCA' 'StayHospital' 4 None 0.2955 0.79182025 0.2955
  0.1348054805094558]]
[['KPCA' 'StayHospital' 6 None 0.2955 0.79182025 0.2955
  0.1348054805094558]]
[['KPCA' 'StayHospital' 8 None 0.2955 0.79182025 0.2955
  0.1348054805094558]]
[['KPCA' 'StayHospital' 10 None 0.2955 0.79182025 0.2955
  0.1348054805094558]]
[['KPCA' 'StayHospital' 12 None 0.2955 0.79182025 0.2955
  0.1348054805094558]]
[['KPCA' 'StayHospital' 14 None 0.2955 0.79182025 0.2955
  0.1348054805094558]]
[['KPCA' 'StayHospital' 16 None 0.2955 0.79182025 0.2955
  0.1348054805094558]]
[['KPCA' 'StayHospital' 18 None 0.2955 0.79182025 0.2955
  0.1348054805094558]]
[['KPCA' 'StayHospital' 20 None 0.2955 0.79182025 0.2955
  0.1348054805094558]]
[['KPCA' 'StayHospital' 22 None 0.2955 0.79182025 0.2955
  0.1348054805094558]]
[['KPCA' 'StayHospital' 24 None 0.2955 0.79182025 0.2955
  0.1348054805094558]]
[['KPCA' 'Zoo' 2 None 0.8571428571428571 0.8944444444444444
  0.8571428571428571 0.8123960695389266]]
[['KPCA' 'Zoo' 4 None 0.9523809523809523 0.9642857142857143
  0.9523809523809523 0.9319727891156462]]
[['KPCA' 'Zoo' 6 None 0.9523809523809523 0.9642857142857143
  0.9523809523809523 0.9319727891156462]]
----------ica----------
Index(['dr_name', 'dataset_name', 'n_components', 'n_neighbors',
       'fit_transform_time'],
      dtype='object')
ICA,AcademicSuccess,2,None,0.010275840759277344
ICA,AcademicSuccess,4,None,0.04090404510498047
ICA,AcademicSuccess,6,None,0.03346562385559082
ICA,AcademicSuccess,8,None,0.08475589752197266
ICA,AcademicSuccess,10,None,0.0754544734954834
ICA,AcademicSuccess,12,None,0.06934237480163574
ICA,AcademicSuccess,14,None,0.10078644752502441
ICA,AcademicSuccess,16,None,0.09834551811218262
ICA,BuyCoupon,2,None,0.2174692153930664
ICA,BuyCoupon,5,None,0.1848444938659668
ICA,BuyCoupon,8,None,0.3023214340209961
ICA,BuyCoupon,11,None,0.7163121700286865
ICA,BuyCoupon,14,None,1.514481544494629
ICA,BuyCoupon,17,None,0.9539761543273926
ICA,BuyCoupon,20,None,2.3436553478240967
ICA,BuyCoupon,23,None,0.8979976177215576
ICA,BuyCoupon,26,None,0.9822978973388672
ICA,BuyCoupon,29,None,3.1037802696228027
ICA,DryBean,2,None,0.05463433265686035
ICA,DryBean,4,None,0.05444073677062988
ICA,DryBean,6,None,0.7173268795013428
ICA,FakeWebsite,2,None,0.04834461212158203
ICA,FakeWebsite,4,None,0.07076215744018555
ICA,FakeWebsite,6,None,0.1756734848022461
ICA,FakeWebsite,8,None,0.10149502754211426
ICA,FakeWebsite,10,None,0.07740473747253418
ICA,FakeWebsite,12,None,0.12092900276184082
ICA,FakeWebsite,14,None,0.3453788757324219
ICA,Glass,2,None,0.005934476852416992
ICA,Grade,2,None,0.0067136287689208984
ICA,Heart,2,None,0.01091623306274414
ICA,Heart,4,None,0.0033609867095947266
ICA,Heart,6,None,0.04106473922729492
ICA,Heart,8,None,0.040598154067993164
ICA,Parkinsons,2,None,0.04250788688659668
ICA,Parkinsons,4,None,0.023912429809570312
ICA,Parkinsons,6,None,0.02819085121154785
ICA,Parkinsons,8,None,0.006911277770996094
ICA,Parkinsons,10,None,0.03719925880432129
ICA,StayHospital,2,None,0.023813486099243164
ICA,StayHospital,4,None,0.04753613471984863
ICA,StayHospital,6,None,0.0670170783996582
ICA,StayHospital,8,None,0.0814504623413086
ICA,StayHospital,10,None,0.06787872314453125
ICA,StayHospital,12,None,0.0653231143951416
ICA,StayHospital,14,None,0.12239742279052734
ICA,StayHospital,16,None,1.7370553016662598
ICA,StayHospital,18,None,1.592996597290039
ICA,StayHospital,20,None,2.473076343536377
ICA,StayHospital,22,None,2.704752206802368
ICA,StayHospital,24,None,2.8954875469207764
ICA,Zoo,2,None,0.005716562271118164
ICA,Zoo,4,None,0.010045766830444336
ICA,Zoo,6,None,0.023920059204101562
Index(['dr_name', 'dataset_name', 'n_components', 'n_neighbors',
       'transform_time'],
      dtype='object')
ICA,AcademicSuccess,2,None,0.0010378360748291016
ICA,AcademicSuccess,4,None,0.0010263919830322266
ICA,AcademicSuccess,6,None,0.0010182857513427734
ICA,AcademicSuccess,8,None,0.0010123252868652344
ICA,AcademicSuccess,10,None,0.002996206283569336
ICA,AcademicSuccess,12,None,0.009157896041870117
ICA,AcademicSuccess,14,None,0.015743494033813477
ICA,AcademicSuccess,16,None,0.003165006637573242
ICA,BuyCoupon,2,None,0.005974769592285156
ICA,BuyCoupon,5,None,0.004681825637817383
ICA,BuyCoupon,8,None,0.013090848922729492
ICA,BuyCoupon,11,None,0.00505375862121582
ICA,BuyCoupon,14,None,0.008897066116333008
ICA,BuyCoupon,17,None,0.014693737030029297
ICA,BuyCoupon,20,None,0.005102634429931641
ICA,BuyCoupon,23,None,0.005105495452880859
ICA,BuyCoupon,26,None,0.006441593170166016
ICA,BuyCoupon,29,None,0.00516963005065918
ICA,DryBean,2,None,0.0009055137634277344
ICA,DryBean,4,None,0.0008687973022460938
ICA,DryBean,6,None,0.0008897781372070312
ICA,FakeWebsite,2,None,0.0010211467742919922
ICA,FakeWebsite,4,None,0.011188268661499023
ICA,FakeWebsite,6,None,0.013693809509277344
ICA,FakeWebsite,8,None,0.010871648788452148
ICA,FakeWebsite,10,None,0.0030150413513183594
ICA,FakeWebsite,12,None,0.018520116806030273
ICA,FakeWebsite,14,None,0.0031244754791259766
ICA,Glass,2,None,0.0006821155548095703
ICA,Grade,2,None,0.0006847381591796875
ICA,Heart,2,None,0.0008041858673095703
ICA,Heart,4,None,0.0007989406585693359
ICA,Heart,6,None,0.0007996559143066406
ICA,Heart,8,None,0.0007953643798828125
ICA,Parkinsons,2,None,0.0007314682006835938
ICA,Parkinsons,4,None,0.0007212162017822266
ICA,Parkinsons,6,None,0.0007264614105224609
ICA,Parkinsons,8,None,0.0007207393646240234
ICA,Parkinsons,10,None,0.0007190704345703125
ICA,StayHospital,2,None,0.001117706298828125
ICA,StayHospital,4,None,0.0051326751708984375
ICA,StayHospital,6,None,0.01079249382019043
ICA,StayHospital,8,None,0.003348112106323242
ICA,StayHospital,10,None,0.0033042430877685547
ICA,StayHospital,12,None,0.003360271453857422
ICA,StayHospital,14,None,0.0033941268920898438
ICA,StayHospital,16,None,0.003419160842895508
ICA,StayHospital,18,None,0.0033867359161376953
ICA,StayHospital,20,None,0.003408193588256836
ICA,StayHospital,22,None,0.003363370895385742
ICA,StayHospital,24,None,0.003447294235229492
ICA,Zoo,2,None,0.0007901191711425781
ICA,Zoo,4,None,0.0007815361022949219
ICA,Zoo,6,None,0.0007791519165039062
Index(['dr_name', 'dataset_name', 'n_components', 'n_neighbors', 'accuracy',
       'precision', 'recall', 'f1_score'],
      dtype='object')
[['ICA' 'AcademicSuccess' 2 None 0.6632768361581921 0.7329015521488949
  0.6632768361581921 0.5922454629577624]]
[['ICA' 'AcademicSuccess' 4 None 0.688135593220339 0.6486800415589331
  0.688135593220339 0.6223973335528433]]
[['ICA' 'AcademicSuccess' 6 None 0.7220338983050848 0.7005712887181842
  0.7220338983050848 0.6871392627899197]]
[['ICA' 'AcademicSuccess' 8 None 0.7163841807909604 0.6897124340048578
  0.7163841807909604 0.6814749075522525]]
[['ICA' 'AcademicSuccess' 10 None 0.7163841807909604 0.6907437608395502
  0.7163841807909604 0.6885760714645008]]
[['ICA' 'AcademicSuccess' 12 None 0.7254237288135593 0.7059164615221021
  0.7254237288135593 0.6990001190003091]]
[['ICA' 'AcademicSuccess' 14 None 0.7163841807909604 0.6951726694569254
  0.7163841807909604 0.6940579560004534]]
[['ICA' 'AcademicSuccess' 16 None 0.7209039548022599 0.6982940640690284
  0.7209039548022599 0.6991914643727876]]
[['ICA' 'BuyCoupon' 2 None 0.5648403626330312 0.5672235481304694
  0.9889042995839112 0.7209302325581396]]
[['ICA' 'BuyCoupon' 5 None 0.6081986598344501 0.619530416221985
  0.805131761442441 0.7002412545235223]]
[['ICA' 'BuyCoupon' 8 None 0.6026803310997241 0.61337513061651
  0.8141470180305131 0.699642431466031]]
[['ICA' 'BuyCoupon' 11 None 0.640520299566417 0.644808743169399
  0.8183079056865464 0.7212713936430318]]
[['ICA' 'BuyCoupon' 14 None 0.6677177769018526 0.6760728982951205
  0.79750346740638 0.7317849188673241]]
[['ICA' 'BuyCoupon' 17 None 0.6960977532518723 0.7027190332326284
  0.8065187239944521 0.7510494026477236]]
[['ICA' 'BuyCoupon' 20 None 0.7162002364998029 0.724502487562189
  0.8079056865464632 0.7639344262295082]]
[['ICA' 'BuyCoupon' 23 None 0.7327552227039811 0.7426937738246506
  0.8106796116504854 0.7751989389920425]]
[['ICA' 'BuyCoupon' 26 None 0.7366968860859283 0.7421777221526908
  0.8224687933425797 0.7802631578947368]]
[['ICA' 'BuyCoupon' 29 None 0.7382735514387071 0.7465145754119138
  0.8169209431345353 0.7801324503311259]]
[['ICA' 'DryBean' 2 None 0.8817480719794345 0.8847594473444789
  0.8817480719794345 0.879600793301895]]
[['ICA' 'DryBean' 4 None 0.9015791406536908 0.9025774777273238
  0.9015791406536908 0.9012749984692034]]
[['ICA' 'DryBean' 6 None 0.9331619537275064 0.9335386536491167
  0.9331619537275064 0.933282762455244]]
[['ICA' 'FakeWebsite' 2 None 0.8991406603346902 0.9057971014492754
  0.9138911454102355 0.9098261221188839]]
[['ICA' 'FakeWebsite' 4 None 0.900497512437811 0.9146841673502871
  0.9057676685621446 0.9102040816326531]]
[['ICA' 'FakeWebsite' 6 None 0.9136137494346449 0.9166666666666666
  0.9293257514216084 0.9229528035498185]]
[['ICA' 'FakeWebsite' 8 None 0.9344188150158299 0.931637519872814
  0.9520714865962632 0.9417436721574929]]
[['ICA' 'FakeWebsite' 10 None 0.9389416553595658 0.9349206349206349
  0.9569455727051178 0.9458048976314732]]
[['ICA' 'FakeWebsite' 12 None 0.9448213478064225 0.9383399209486166
  0.9642567018683996 0.9511217948717949]]
[['ICA' 'FakeWebsite' 14 None 0.9511533242876526 0.9424743892829
  0.9715678310316815 0.9568]]
[['ICA' 'Glass' 2 None 0.6976744186046512 0.7586831772878284
  0.6976744186046512 0.6410941815913748]]
[['ICA' 'Grade' 2 None 0.965 0.9667947368421053 0.965 0.9648522851046799]]
[['ICA' 'Heart' 2 None 0.6956521739130435 0.6949152542372882
  0.803921568627451 0.7454545454545455]]
[['ICA' 'Heart' 4 None 0.7391304347826086 0.7288135593220338
  0.8431372549019608 0.7818181818181819]]
[['ICA' 'Heart' 6 None 0.8478260869565217 0.8363636363636363
  0.9019607843137255 0.8679245283018867]]
[['ICA' 'Heart' 8 None 0.8369565217391305 0.8272727272727273
  0.8921568627450981 0.8584905660377359]]
[['ICA' 'Parkinsons' 2 None 0.8461538461538461 0.8285714285714286 1.0
  0.90625]]
[['ICA' 'Parkinsons' 4 None 0.8205128205128205 0.8055555555555556 1.0
  0.8923076923076924]]
[['ICA' 'Parkinsons' 6 None 0.8461538461538461 0.8285714285714286 1.0
  0.90625]]
[['ICA' 'Parkinsons' 8 None 0.8717948717948718 0.8529411764705882 1.0
  0.9206349206349206]]
[['ICA' 'Parkinsons' 10 None 0.8205128205128205 0.8055555555555556 1.0
  0.8923076923076924]]
[['ICA' 'StayHospital' 2 None 0.2975 0.5414044097043852 0.2975
  0.1480585611513613]]
[['ICA' 'StayHospital' 4 None 0.299 0.41279130330225283 0.299
  0.1624705956183184]]
[['ICA' 'StayHospital' 6 None 0.35 0.43987840273874224 0.35
  0.26080781210693604]]
[['ICA' 'StayHospital' 8 None 0.378 0.4110576277709195 0.378
  0.3059247758758022]]
[['ICA' 'StayHospital' 10 None 0.3955 0.47249044165856724 0.3955
  0.3347591846493424]]
[['ICA' 'StayHospital' 12 None 0.4005 0.4321193771195202 0.4005
  0.3406350517732711]]
[['ICA' 'StayHospital' 14 None 0.4055 0.44232387960667446 0.4055
  0.3468690224970343]]
[['ICA' 'StayHospital' 16 None 0.412 0.44189353017139865 0.412
  0.3529711397081986]]
[['ICA' 'StayHospital' 18 None 0.4155 0.44327644646961145 0.4155
  0.35425470808027465]]
[['ICA' 'StayHospital' 20 None 0.413 0.4414682835907191 0.413
  0.350869966649571]]
[['ICA' 'StayHospital' 22 None 0.421 0.4663739817467502 0.421
  0.36078585305106986]]
[['ICA' 'StayHospital' 24 None 0.4145 0.45434459616419365 0.4145
  0.3549321991533389]]
[['ICA' 'Zoo' 2 None 0.8571428571428571 0.8944444444444444
  0.8571428571428571 0.8123960695389266]]
[['ICA' 'Zoo' 4 None 0.9523809523809523 0.9642857142857143
  0.9523809523809523 0.9319727891156462]]
[['ICA' 'Zoo' 6 None 0.9523809523809523 0.9576719576719577
  0.9523809523809523 0.9299719887955182]]
----------svd----------
Index(['dr_name', 'dataset_name', 'n_components', 'n_neighbors',
       'fit_transform_time'],
      dtype='object')
SVD,AcademicSuccess,2,None,0.012052536010742188
SVD,AcademicSuccess,4,None,0.03471064567565918
SVD,AcademicSuccess,6,None,0.03574728965759277
SVD,AcademicSuccess,8,None,0.05934596061706543
SVD,AcademicSuccess,10,None,0.08340311050415039
SVD,AcademicSuccess,12,None,0.08623266220092773
SVD,AcademicSuccess,14,None,0.05714750289916992
SVD,AcademicSuccess,16,None,0.06704258918762207
SVD,BuyCoupon,2,None,0.05788898468017578
SVD,BuyCoupon,5,None,0.08608770370483398
SVD,BuyCoupon,8,None,0.10145354270935059
SVD,BuyCoupon,11,None,0.09616303443908691
SVD,BuyCoupon,14,None,0.1021270751953125
SVD,BuyCoupon,17,None,0.1395888328552246
SVD,BuyCoupon,20,None,0.13285088539123535
SVD,BuyCoupon,23,None,0.34725069999694824
SVD,BuyCoupon,26,None,0.14010071754455566
SVD,BuyCoupon,29,None,0.36891746520996094
SVD,DryBean,2,None,0.032387495040893555
SVD,DryBean,4,None,0.052449703216552734
SVD,DryBean,6,None,0.05260968208312988
SVD,FakeWebsite,2,None,0.03973078727722168
SVD,FakeWebsite,4,None,0.059137821197509766
SVD,FakeWebsite,6,None,0.08266234397888184
SVD,FakeWebsite,8,None,0.09885978698730469
SVD,FakeWebsite,10,None,0.12325739860534668
SVD,FakeWebsite,12,None,0.1518566608428955
SVD,FakeWebsite,14,None,0.10124349594116211
SVD,Glass,2,None,0.005257129669189453
SVD,Grade,2,None,0.0055048465728759766
SVD,Heart,2,None,0.007917642593383789
SVD,Heart,4,None,0.006279945373535156
SVD,Heart,6,None,0.008413553237915039
SVD,Heart,8,None,0.00688481330871582
SVD,Parkinsons,2,None,0.005057811737060547
SVD,Parkinsons,4,None,0.005233049392700195
SVD,Parkinsons,6,None,0.0051727294921875
SVD,Parkinsons,8,None,0.0013756752014160156
SVD,Parkinsons,10,None,0.0015065670013427734
SVD,StayHospital,2,None,0.06239962577819824
SVD,StayHospital,4,None,0.03553056716918945
SVD,StayHospital,6,None,0.09278583526611328
SVD,StayHospital,8,None,0.09605121612548828
SVD,StayHospital,10,None,0.17320799827575684
SVD,StayHospital,12,None,0.11226129531860352
SVD,StayHospital,14,None,0.19769954681396484
SVD,StayHospital,16,None,0.12019848823547363
SVD,StayHospital,18,None,0.18037939071655273
SVD,StayHospital,20,None,0.10616827011108398
SVD,StayHospital,22,None,0.35759806632995605
SVD,StayHospital,24,None,0.12307929992675781
SVD,Zoo,2,None,0.00824880599975586
SVD,Zoo,4,None,0.005103588104248047
SVD,Zoo,6,None,0.02565908432006836
Index(['dr_name', 'dataset_name', 'n_components', 'n_neighbors',
       'transform_time'],
      dtype='object')
SVD,AcademicSuccess,2,None,0.0009274482727050781
SVD,AcademicSuccess,4,None,0.0008714199066162109
SVD,AcademicSuccess,6,None,0.0008749961853027344
SVD,AcademicSuccess,8,None,0.0008728504180908203
SVD,AcademicSuccess,10,None,0.0009045600891113281
SVD,AcademicSuccess,12,None,0.009684562683105469
SVD,AcademicSuccess,14,None,0.000982046127319336
SVD,AcademicSuccess,16,None,0.0009431838989257812
SVD,BuyCoupon,2,None,0.0037469863891601562
SVD,BuyCoupon,5,None,0.010174036026000977
SVD,BuyCoupon,8,None,0.003961086273193359
SVD,BuyCoupon,11,None,0.00402069091796875
SVD,BuyCoupon,14,None,0.00896000862121582
SVD,BuyCoupon,17,None,0.004118680953979492
SVD,BuyCoupon,20,None,0.004008293151855469
SVD,BuyCoupon,23,None,0.0017316341400146484
SVD,BuyCoupon,26,None,0.010033369064331055
SVD,BuyCoupon,29,None,0.0018353462219238281
SVD,DryBean,2,None,0.0007548332214355469
SVD,DryBean,4,None,0.0007498264312744141
SVD,DryBean,6,None,0.0007717609405517578
SVD,FakeWebsite,2,None,0.0009751319885253906
SVD,FakeWebsite,4,None,0.004539966583251953
SVD,FakeWebsite,6,None,0.000911712646484375
SVD,FakeWebsite,8,None,0.0009210109710693359
SVD,FakeWebsite,10,None,0.007012605667114258
SVD,FakeWebsite,12,None,0.0009720325469970703
SVD,FakeWebsite,14,None,0.0009698867797851562
SVD,Glass,2,None,0.0006604194641113281
SVD,Grade,2,None,0.0006508827209472656
SVD,Heart,2,None,0.0007562637329101562
SVD,Heart,4,None,0.0007495880126953125
SVD,Heart,6,None,0.0007500648498535156
SVD,Heart,8,None,0.0007500648498535156
SVD,Parkinsons,2,None,0.0007147789001464844
SVD,Parkinsons,4,None,0.0007059574127197266
SVD,Parkinsons,6,None,0.0007040500640869141
SVD,Parkinsons,8,None,0.0007045269012451172
SVD,Parkinsons,10,None,0.0007071495056152344
SVD,StayHospital,2,None,0.0011448860168457031
SVD,StayHospital,4,None,0.0009827613830566406
SVD,StayHospital,6,None,0.0010533332824707031
SVD,StayHospital,8,None,0.0011038780212402344
SVD,StayHospital,10,None,0.0010879039764404297
SVD,StayHospital,12,None,0.0011196136474609375
SVD,StayHospital,14,None,0.0011310577392578125
SVD,StayHospital,16,None,0.0011250972747802734
SVD,StayHospital,18,None,0.0011489391326904297
SVD,StayHospital,20,None,0.0011396408081054688
SVD,StayHospital,22,None,0.0011262893676757812
SVD,StayHospital,24,None,0.0011518001556396484
SVD,Zoo,2,None,0.000743865966796875
SVD,Zoo,4,None,0.0007317066192626953
SVD,Zoo,6,None,0.0007283687591552734
Index(['dr_name', 'dataset_name', 'n_components', 'n_neighbors', 'accuracy',
       'precision', 'recall', 'f1_score'],
      dtype='object')
[['SVD' 'AcademicSuccess' 2 None 0.6677966101694915 0.7391272845916284
  0.6677966101694915 0.5962875975926383]]
[['SVD' 'AcademicSuccess' 4 None 0.6824858757062147 0.6616507936507936
  0.6824858757062147 0.6134142426069646]]
[['SVD' 'AcademicSuccess' 6 None 0.7073446327683616 0.6887525306512176
  0.7073446327683616 0.6545253462397015]]
[['SVD' 'AcademicSuccess' 8 None 0.7175141242937854 0.697224529670815
  0.7175141242937854 0.6810861794676148]]
[['SVD' 'AcademicSuccess' 10 None 0.7028248587570621 0.673926655233751
  0.7028248587570621 0.666434563674536]]
[['SVD' 'AcademicSuccess' 12 None 0.7129943502824859 0.6887336121726428
  0.7129943502824859 0.6842158937808183]]
[['SVD' 'AcademicSuccess' 14 None 0.7265536723163842 0.7060363369469033
  0.7265536723163842 0.7037591055091045]]
[['SVD' 'AcademicSuccess' 16 None 0.7446327683615819 0.7325957888170025
  0.7446327683615819 0.7280407461446319]]
[['SVD' 'BuyCoupon' 2 None 0.5683878596767836 0.5683878596767836 1.0
  0.7248052274440815]]
[['SVD' 'BuyCoupon' 5 None 0.5683878596767836 0.5683878596767836 1.0
  0.7248052274440815]]
[['SVD' 'BuyCoupon' 8 None 0.5683878596767836 0.5683878596767836 1.0
  0.7248052274440815]]
[['SVD' 'BuyCoupon' 11 None 0.5683878596767836 0.5683878596767836 1.0
  0.7248052274440815]]
[['SVD' 'BuyCoupon' 14 None 0.5683878596767836 0.5683878596767836 1.0
  0.7248052274440815]]
[['SVD' 'BuyCoupon' 17 None 0.5683878596767836 0.5683878596767836 1.0
  0.7248052274440815]]
[['SVD' 'BuyCoupon' 20 None 0.5683878596767836 0.5683878596767836 1.0
  0.7248052274440815]]
[['SVD' 'BuyCoupon' 23 None 0.5683878596767836 0.5683878596767836 1.0
  0.7248052274440815]]
[['SVD' 'BuyCoupon' 26 None 0.5683878596767836 0.5683878596767836 1.0
  0.7248052274440815]]
[['SVD' 'BuyCoupon' 29 None 0.5683878596767836 0.5683878596767836 1.0
  0.7248052274440815]]
[['SVD' 'DryBean' 2 None 0.8813808299669482 0.8843244259056775
  0.8813808299669482 0.8789536856737367]]
[['SVD' 'DryBean' 4 None 0.8993756885787734 0.9005470549775895
  0.8993756885787734 0.8990481345643544]]
[['SVD' 'DryBean' 6 None 0.9302240176276166 0.9309364266339312
  0.9302240176276166 0.9304224615446598]]
[['SVD' 'FakeWebsite' 2 None 0.8941655359565808 0.8928289992119779
  0.9203899268887084 0.9063999999999999]]
[['SVD' 'FakeWebsite' 4 None 0.8937132519222072 0.9068627450980392
  0.9017059301380991 0.9042769857433809]]
[['SVD' 'FakeWebsite' 6 None 0.9014020805065581 0.9094583670169766
  0.9138911454102355 0.9116693679092382]]
[['SVD' 'FakeWebsite' 8 None 0.9199457259158752 0.9222756410256411
  0.9350121852152722 0.9286002420330778]]
[['SVD' 'FakeWebsite' 10 None 0.926729986431479 0.916601714731099
  0.9553208773354996 0.9355608591885441]]
[['SVD' 'FakeWebsite' 12 None 0.9294436906377205 0.9209083790133125
  0.9553208773354996 0.937799043062201]]
[['SVD' 'FakeWebsite' 14 None 0.9303482587064676 0.9230164964650432
  0.9545085296506904 0.9384984025559105]]
[['SVD' 'Glass' 2 None 0.6976744186046512 0.7586831772878284
  0.6976744186046512 0.6410941815913748]]
[['SVD' 'Grade' 2 None 0.955 0.9580948874395119 0.955 0.9548696167631651]]
[['SVD' 'Heart' 2 None 0.6195652173913043 0.6777777777777778
  0.5980392156862745 0.6354166666666667]]
[['SVD' 'Heart' 4 None 0.7065217391304348 0.7142857142857143
  0.7843137254901961 0.7476635514018691]]
[['SVD' 'Heart' 6 None 0.7119565217391305 0.7207207207207207
  0.7843137254901961 0.7511737089201878]]
[['SVD' 'Heart' 8 None 0.7119565217391305 0.7207207207207207
  0.7843137254901961 0.7511737089201878]]
[['SVD' 'Parkinsons' 2 None 0.7948717948717948 0.8 0.9655172413793104
  0.8750000000000001]]
[['SVD' 'Parkinsons' 4 None 0.7948717948717948 0.8 0.9655172413793104
  0.8750000000000001]]
[['SVD' 'Parkinsons' 6 None 0.7948717948717948 0.8181818181818182
  0.9310344827586207 0.8709677419354839]]
[['SVD' 'Parkinsons' 8 None 0.8461538461538461 0.8285714285714286 1.0
  0.90625]]
[['SVD' 'Parkinsons' 10 None 0.8461538461538461 0.8285714285714286 1.0
  0.90625]]
[['SVD' 'StayHospital' 2 None 0.2955 0.79182025 0.2955 0.1348054805094558]]
[['SVD' 'StayHospital' 4 None 0.2955 0.79182025 0.2955 0.1348054805094558]]
[['SVD' 'StayHospital' 6 None 0.2955 0.79182025 0.2955 0.1348054805094558]]
[['SVD' 'StayHospital' 8 None 0.2955 0.79182025 0.2955 0.1348054805094558]]
[['SVD' 'StayHospital' 10 None 0.2955 0.79182025 0.2955
  0.1348054805094558]]
[['SVD' 'StayHospital' 12 None 0.2955 0.79182025 0.2955
  0.1348054805094558]]
[['SVD' 'StayHospital' 14 None 0.2955 0.79182025 0.2955
  0.1348054805094558]]
[['SVD' 'StayHospital' 16 None 0.2955 0.79182025 0.2955
  0.1348054805094558]]
[['SVD' 'StayHospital' 18 None 0.2955 0.79182025 0.2955
  0.1348054805094558]]
[['SVD' 'StayHospital' 20 None 0.2955 0.79182025 0.2955
  0.1348054805094558]]
[['SVD' 'StayHospital' 22 None 0.2955 0.79182025 0.2955
  0.1348054805094558]]
[['SVD' 'StayHospital' 24 None 0.2955 0.79182025 0.2955
  0.1348054805094558]]
[['SVD' 'Zoo' 2 None 0.7142857142857143 0.7987528344671203
  0.7142857142857143 0.6430839002267573]]
[['SVD' 'Zoo' 4 None 0.9047619047619048 0.9166666666666666
  0.9047619047619048 0.8843537414965985]]
[['SVD' 'Zoo' 6 None 0.9523809523809523 0.9642857142857143
  0.9523809523809523 0.9319727891156462]]
----------lpp----------
Index(['dr_name', 'dataset_name', 'n_components', 'n_neighbors',
       'fit_transform_time'],
      dtype='object')
LPP,AcademicSuccess,2,8,0.3013956546783447
LPP,AcademicSuccess,2,15,0.20312809944152832
LPP,AcademicSuccess,2,59,0.26747965812683105
LPP,AcademicSuccess,4,8,0.20748329162597656
LPP,AcademicSuccess,4,15,0.2343919277191162
LPP,AcademicSuccess,4,59,0.2450711727142334
LPP,AcademicSuccess,6,8,0.24535584449768066
LPP,AcademicSuccess,6,15,0.22361087799072266
LPP,AcademicSuccess,6,59,0.2424004077911377
LPP,AcademicSuccess,8,8,0.2171473503112793
LPP,AcademicSuccess,8,15,0.26407432556152344
LPP,AcademicSuccess,8,59,0.28374814987182617
LPP,AcademicSuccess,10,8,0.2233281135559082
LPP,AcademicSuccess,10,15,0.23537015914916992
LPP,AcademicSuccess,10,59,0.2956230640411377
LPP,AcademicSuccess,12,8,0.25252676010131836
LPP,AcademicSuccess,12,15,0.2455894947052002
LPP,AcademicSuccess,12,59,0.25640058517456055
LPP,AcademicSuccess,14,8,0.2757108211517334
LPP,AcademicSuccess,14,15,0.23931193351745605
LPP,AcademicSuccess,14,59,0.2681999206542969
LPP,AcademicSuccess,16,8,0.23423099517822266
LPP,AcademicSuccess,16,15,0.23443031311035156
LPP,AcademicSuccess,16,59,0.27152442932128906
LPP,BuyCoupon,2,9,1.415992021560669
LPP,BuyCoupon,2,21,1.699174404144287
LPP,BuyCoupon,2,100,1.989570140838623
LPP,BuyCoupon,5,9,1.8805193901062012
LPP,BuyCoupon,5,21,1.823436975479126
LPP,BuyCoupon,5,100,2.193582773208618
LPP,BuyCoupon,8,9,1.9070754051208496
LPP,BuyCoupon,8,21,1.9820196628570557
LPP,BuyCoupon,8,100,1.5016372203826904
LPP,BuyCoupon,11,9,2.087185859680176
LPP,BuyCoupon,11,21,2.051544666290283
LPP,BuyCoupon,11,100,2.1719717979431152
LPP,BuyCoupon,14,9,1.9134204387664795
LPP,BuyCoupon,14,21,2.098747730255127
LPP,BuyCoupon,14,100,2.0621323585510254
LPP,BuyCoupon,17,9,1.889833688735962
LPP,BuyCoupon,17,21,2.0486810207366943
LPP,BuyCoupon,17,100,2.1413044929504395
LPP,BuyCoupon,20,9,1.8793871402740479
LPP,BuyCoupon,20,21,2.1114039421081543
LPP,BuyCoupon,20,100,2.2301158905029297
LPP,BuyCoupon,23,9,1.9479734897613525
LPP,BuyCoupon,23,21,1.9978303909301758
LPP,BuyCoupon,23,100,1.914785385131836
LPP,BuyCoupon,26,9,1.7092053890228271
LPP,BuyCoupon,26,21,2.180136203765869
LPP,BuyCoupon,26,100,2.7476303577423096
LPP,BuyCoupon,29,9,2.6215693950653076
LPP,BuyCoupon,29,21,3.6687490940093994
LPP,BuyCoupon,29,100,4.39703369140625
LPP,DryBean,2,9,3.066061019897461
LPP,DryBean,2,22,2.392505407333374
LPP,DryBean,2,104,2.859179735183716
LPP,DryBean,4,9,2.3023393154144287
LPP,DryBean,4,22,2.8207480907440186
LPP,DryBean,4,104,3.124079465866089
LPP,DryBean,6,9,1.9161410331726074
LPP,DryBean,6,22,2.165821075439453
LPP,DryBean,6,104,3.348845958709717
LPP,FakeWebsite,2,9,2.188429355621338
LPP,FakeWebsite,2,20,2.082648515701294
LPP,FakeWebsite,2,94,1.8615400791168213
LPP,FakeWebsite,4,9,1.848801612854004
LPP,FakeWebsite,4,20,1.92069411277771
LPP,FakeWebsite,4,94,2.007389545440674
LPP,FakeWebsite,6,9,1.9026529788970947
LPP,FakeWebsite,6,20,1.916743516921997
LPP,FakeWebsite,6,94,1.8717689514160156
LPP,FakeWebsite,8,9,1.7339375019073486
LPP,FakeWebsite,8,20,1.8246827125549316
LPP,FakeWebsite,8,94,2.005856513977051
LPP,FakeWebsite,10,9,1.8386948108673096
LPP,FakeWebsite,10,20,1.9006261825561523
LPP,FakeWebsite,10,94,1.990574598312378
LPP,FakeWebsite,12,9,1.9513835906982422
LPP,FakeWebsite,12,20,1.9684889316558838
LPP,FakeWebsite,12,94,2.1587870121002197
LPP,FakeWebsite,14,9,2.0137135982513428
LPP,FakeWebsite,14,20,1.9722976684570312
LPP,FakeWebsite,14,94,2.207481622695923
LPP,Glass,2,5,0.015835046768188477
LPP,Glass,2,5,0.016907691955566406
LPP,Glass,2,13,0.010300874710083008
LPP,Grade,2,6,0.025303363800048828
LPP,Grade,2,9,0.022994518280029297
LPP,Grade,2,28,0.029484272003173828
LPP,Heart,2,6,0.12668371200561523
LPP,Heart,2,9,0.12561964988708496
LPP,Heart,2,27,0.10025668144226074
LPP,Heart,4,6,0.12632489204406738
LPP,Heart,4,9,0.13274717330932617
LPP,Heart,4,27,0.14062738418579102
LPP,Heart,6,6,0.07805871963500977
LPP,Heart,6,9,0.08742523193359375
LPP,Heart,6,27,0.13243627548217773
LPP,Heart,8,6,0.08266425132751465
LPP,Heart,8,9,0.09163689613342285
LPP,Heart,8,27,0.08758139610290527
LPP,Parkinsons,2,5,0.08400297164916992
LPP,Parkinsons,2,5,0.10990190505981445
LPP,Parkinsons,2,12,0.08484959602355957
LPP,Parkinsons,4,5,0.06587886810302734
LPP,Parkinsons,4,5,0.07124733924865723
LPP,Parkinsons,4,12,0.07470893859863281
LPP,Parkinsons,6,5,0.04005694389343262
LPP,Parkinsons,6,5,0.07120752334594727
LPP,Parkinsons,6,12,0.07916617393493652
LPP,Parkinsons,8,5,0.0772557258605957
LPP,Parkinsons,8,5,0.0825963020324707
LPP,Parkinsons,8,12,0.0837562084197998
LPP,Parkinsons,10,5,0.07295560836791992
LPP,Parkinsons,10,5,0.09151196479797363
LPP,Parkinsons,10,12,0.08441448211669922
LPP,StayHospital,2,8,1.6769115924835205
LPP,StayHospital,2,19,2.5580642223358154
LPP,StayHospital,2,89,2.099334716796875
LPP,StayHospital,4,8,1.9651286602020264
LPP,StayHospital,4,19,2.1007091999053955
LPP,StayHospital,4,89,2.40847110748291
LPP,StayHospital,6,8,1.9629569053649902
LPP,StayHospital,6,19,2.2323315143585205
LPP,StayHospital,6,89,2.4931561946868896
LPP,StayHospital,8,8,2.1205856800079346
LPP,StayHospital,8,19,2.353379011154175
LPP,StayHospital,8,89,2.4443559646606445
LPP,StayHospital,10,8,1.7726669311523438
LPP,StayHospital,10,19,2.3559975624084473
LPP,StayHospital,10,89,1.8133478164672852
LPP,StayHospital,12,8,1.7982475757598877
LPP,StayHospital,12,19,2.1541149616241455
LPP,StayHospital,12,89,1.8226797580718994
LPP,StayHospital,14,8,2.0023372173309326
LPP,StayHospital,14,19,2.123856782913208
LPP,StayHospital,14,89,2.3170278072357178
LPP,StayHospital,16,8,2.2943201065063477
LPP,StayHospital,16,19,2.3510143756866455
LPP,StayHospital,16,89,2.2027690410614014
LPP,StayHospital,18,8,2.3790740966796875
LPP,StayHospital,18,19,2.1123456954956055
LPP,StayHospital,18,89,2.53739333152771
LPP,StayHospital,20,8,2.0232443809509277
LPP,StayHospital,20,19,2.2020914554595947
LPP,StayHospital,20,89,1.9791584014892578
LPP,StayHospital,22,8,2.187609910964966
LPP,StayHospital,22,19,2.2511696815490723
LPP,StayHospital,22,89,2.01503324508667
LPP,StayHospital,24,8,2.4107613563537598
LPP,StayHospital,24,19,1.9259417057037354
LPP,StayHospital,24,89,2.0033178329467773
LPP,Zoo,2,4,0.07584381103515625
LPP,Zoo,2,4,0.026210784912109375
LPP,Zoo,2,8,0.038430213928222656
LPP,Zoo,4,4,0.03781914710998535
LPP,Zoo,4,4,0.03769087791442871
LPP,Zoo,4,8,0.034360647201538086
LPP,Zoo,6,4,0.03619503974914551
LPP,Zoo,6,4,0.03671574592590332
LPP,Zoo,6,8,0.04470562934875488
Index(['dr_name', 'dataset_name', 'n_components', 'n_neighbors',
       'transform_time'],
      dtype='object')
LPP,AcademicSuccess,2,8,0.0006482601165771484
LPP,AcademicSuccess,2,15,0.0006589889526367188
LPP,AcademicSuccess,2,59,0.0006053447723388672
LPP,AcademicSuccess,4,8,0.0006062984466552734
LPP,AcademicSuccess,4,15,0.0006241798400878906
LPP,AcademicSuccess,4,59,0.0006146430969238281
LPP,AcademicSuccess,6,8,0.0006213188171386719
LPP,AcademicSuccess,6,15,0.0006406307220458984
LPP,AcademicSuccess,6,59,0.0006132125854492188
LPP,AcademicSuccess,8,8,0.0006117820739746094
LPP,AcademicSuccess,8,15,0.0006091594696044922
LPP,AcademicSuccess,8,59,0.000667572021484375
LPP,AcademicSuccess,10,8,0.008782148361206055
LPP,AcademicSuccess,10,15,0.003206014633178711
LPP,AcademicSuccess,10,59,0.0057828426361083984
LPP,AcademicSuccess,12,8,0.0024864673614501953
LPP,AcademicSuccess,12,15,0.003889322280883789
LPP,AcademicSuccess,12,59,0.010071039199829102
LPP,AcademicSuccess,14,8,0.007995128631591797
LPP,AcademicSuccess,14,15,0.004450559616088867
LPP,AcademicSuccess,14,59,0.0042133331298828125
LPP,AcademicSuccess,16,8,0.004258632659912109
LPP,AcademicSuccess,16,15,0.009153127670288086
LPP,AcademicSuccess,16,59,0.007818460464477539
LPP,BuyCoupon,2,9,0.0038275718688964844
LPP,BuyCoupon,2,21,0.010088920593261719
LPP,BuyCoupon,2,100,0.004213809967041016
LPP,BuyCoupon,5,9,0.006971597671508789
LPP,BuyCoupon,5,21,0.004226207733154297
LPP,BuyCoupon,5,100,0.012509822845458984
LPP,BuyCoupon,8,9,0.008206605911254883
LPP,BuyCoupon,8,21,0.01462101936340332
LPP,BuyCoupon,8,100,0.017575740814208984
LPP,BuyCoupon,11,9,0.011456966400146484
LPP,BuyCoupon,11,21,0.013546943664550781
LPP,BuyCoupon,11,100,0.0200042724609375
LPP,BuyCoupon,14,9,0.00940847396850586
LPP,BuyCoupon,14,21,0.016534090042114258
LPP,BuyCoupon,14,100,0.00933837890625
LPP,BuyCoupon,17,9,0.007982015609741211
LPP,BuyCoupon,17,21,0.011153459548950195
LPP,BuyCoupon,17,100,0.00699925422668457
LPP,BuyCoupon,20,9,0.010805845260620117
LPP,BuyCoupon,20,21,0.019158124923706055
LPP,BuyCoupon,20,100,0.020775318145751953
LPP,BuyCoupon,23,9,0.005593299865722656
LPP,BuyCoupon,23,21,0.015352964401245117
LPP,BuyCoupon,23,100,0.004863739013671875
LPP,BuyCoupon,26,9,0.01100611686706543
LPP,BuyCoupon,26,21,0.021873950958251953
LPP,BuyCoupon,26,100,0.025783538818359375
LPP,BuyCoupon,29,9,0.01406240463256836
LPP,BuyCoupon,29,21,0.011221647262573242
LPP,BuyCoupon,29,100,0.012515544891357422
LPP,DryBean,2,9,0.0009267330169677734
LPP,DryBean,2,22,0.0009105205535888672
LPP,DryBean,2,104,0.0008358955383300781
LPP,DryBean,4,9,0.0008382797241210938
LPP,DryBean,4,22,0.0006999969482421875
LPP,DryBean,4,104,0.0006935596466064453
LPP,DryBean,6,9,0.0009710788726806641
LPP,DryBean,6,22,0.0009672641754150391
LPP,DryBean,6,104,0.0007908344268798828
LPP,FakeWebsite,2,9,0.0008203983306884766
LPP,FakeWebsite,2,20,0.0007712841033935547
LPP,FakeWebsite,2,94,0.0007631778717041016
LPP,FakeWebsite,4,9,0.010087251663208008
LPP,FakeWebsite,4,20,0.007187604904174805
LPP,FakeWebsite,4,94,0.009037971496582031
LPP,FakeWebsite,6,9,0.004264354705810547
LPP,FakeWebsite,6,20,0.003973722457885742
LPP,FakeWebsite,6,94,0.0018794536590576172
LPP,FakeWebsite,8,9,0.0043828487396240234
LPP,FakeWebsite,8,20,0.015292644500732422
LPP,FakeWebsite,8,94,0.004912853240966797
LPP,FakeWebsite,10,9,0.009462594985961914
LPP,FakeWebsite,10,20,0.0045354366302490234
LPP,FakeWebsite,10,94,0.004714250564575195
LPP,FakeWebsite,12,9,0.005417346954345703
LPP,FakeWebsite,12,20,0.004876852035522461
LPP,FakeWebsite,12,94,0.009885311126708984
LPP,FakeWebsite,14,9,0.0009098052978515625
LPP,FakeWebsite,14,20,0.0009191036224365234
LPP,FakeWebsite,14,94,0.0008909702301025391
LPP,Glass,2,5,0.0006120204925537109
LPP,Glass,2,5,0.0006024837493896484
LPP,Glass,2,13,0.0007135868072509766
LPP,Grade,2,6,0.0005917549133300781
LPP,Grade,2,9,0.0005879402160644531
LPP,Grade,2,28,0.0006031990051269531
LPP,Heart,2,6,0.0006914138793945312
LPP,Heart,2,9,0.0006871223449707031
LPP,Heart,2,27,0.0006997585296630859
LPP,Heart,4,6,0.0007023811340332031
LPP,Heart,4,9,0.0006971359252929688
LPP,Heart,4,27,0.0006976127624511719
LPP,Heart,6,6,0.0006895065307617188
LPP,Heart,6,9,0.0006909370422363281
LPP,Heart,6,27,0.0008335113525390625
LPP,Heart,8,6,0.0007107257843017578
LPP,Heart,8,9,0.0006947517395019531
LPP,Heart,8,27,0.0006852149963378906
LPP,Parkinsons,2,5,0.0006506443023681641
LPP,Parkinsons,2,5,0.0008225440979003906
LPP,Parkinsons,2,12,0.0006470680236816406
LPP,Parkinsons,4,5,0.0006501674652099609
LPP,Parkinsons,4,5,0.0007336139678955078
LPP,Parkinsons,4,12,0.0008714199066162109
LPP,Parkinsons,6,5,0.0008809566497802734
LPP,Parkinsons,6,5,0.0008676052093505859
LPP,Parkinsons,6,12,0.0006442070007324219
LPP,Parkinsons,8,5,0.0006787776947021484
LPP,Parkinsons,8,5,0.0007152557373046875
LPP,Parkinsons,8,12,0.0006730556488037109
LPP,Parkinsons,10,5,0.0006422996520996094
LPP,Parkinsons,10,5,0.0006444454193115234
LPP,Parkinsons,10,12,0.0006449222564697266
LPP,StayHospital,2,8,0.0009875297546386719
LPP,StayHospital,2,19,0.0008881092071533203
LPP,StayHospital,2,89,0.0008854866027832031
LPP,StayHospital,4,8,0.005315065383911133
LPP,StayHospital,4,19,0.0008826255798339844
LPP,StayHospital,4,89,0.0008852481842041016
LPP,StayHospital,6,8,0.0009872913360595703
LPP,StayHospital,6,19,0.000934600830078125
LPP,StayHospital,6,89,0.0009412765502929688
LPP,StayHospital,8,8,0.0010838508605957031
LPP,StayHospital,8,19,0.0009553432464599609
LPP,StayHospital,8,89,0.0009715557098388672
LPP,StayHospital,10,8,0.005700826644897461
LPP,StayHospital,10,19,0.0009570121765136719
LPP,StayHospital,10,89,0.0009520053863525391
LPP,StayHospital,12,8,0.005815744400024414
LPP,StayHospital,12,19,0.0042345523834228516
LPP,StayHospital,12,89,0.004235744476318359
LPP,StayHospital,14,8,0.0010101795196533203
LPP,StayHospital,14,19,0.0010097026824951172
LPP,StayHospital,14,89,0.0010366439819335938
LPP,StayHospital,16,8,0.0011327266693115234
LPP,StayHospital,16,19,0.000993490219116211
LPP,StayHospital,16,89,0.0013570785522460938
LPP,StayHospital,18,8,0.001001119613647461
LPP,StayHospital,18,19,0.0010170936584472656
LPP,StayHospital,18,89,0.006289243698120117
LPP,StayHospital,20,8,0.004174232482910156
LPP,StayHospital,20,19,0.004320859909057617
LPP,StayHospital,20,89,0.0010793209075927734
LPP,StayHospital,22,8,0.0010313987731933594
LPP,StayHospital,22,19,0.0015919208526611328
LPP,StayHospital,22,89,0.032270193099975586
LPP,StayHospital,24,8,0.0071659088134765625
LPP,StayHospital,24,19,0.0043964385986328125
LPP,StayHospital,24,89,0.005628347396850586
LPP,Zoo,2,4,0.0008289813995361328
LPP,Zoo,2,4,0.0006735324859619141
LPP,Zoo,2,8,0.0009217262268066406
LPP,Zoo,4,4,0.0009448528289794922
LPP,Zoo,4,4,0.0006983280181884766
LPP,Zoo,4,8,0.0006783008575439453
LPP,Zoo,6,4,0.0006868839263916016
LPP,Zoo,6,4,0.0006878376007080078
LPP,Zoo,6,8,0.000705718994140625
Index(['dr_name', 'dataset_name', 'n_components', 'n_neighbors', 'accuracy',
       'precision', 'recall', 'f1_score'],
      dtype='object')
[['LPP' 'AcademicSuccess' 2 8 0.6519774011299435 0.7506112547479971
  0.6519774011299435 0.5786687511422788]]
[['LPP' 'AcademicSuccess' 2 15 0.6474576271186441 0.7455743879472693
  0.6474576271186441 0.5741471697329026]]
[['LPP' 'AcademicSuccess' 2 59 0.656497175141243 0.7615206631820735
  0.656497175141243 0.5826294175231647]]
[['LPP' 'AcademicSuccess' 4 8 0.6587570621468927 0.7654114555460159
  0.6587570621468927 0.5846297445812776]]
[['LPP' 'AcademicSuccess' 4 15 0.6576271186440678 0.7673599950461528
  0.6576271186440678 0.5836295253779259]]
[['LPP' 'AcademicSuccess' 4 59 0.6542372881355932 0.764108824424052
  0.6542372881355932 0.5796075067010135]]
[['LPP' 'AcademicSuccess' 6 8 0.6711864406779661 0.6405752439650746
  0.6711864406779661 0.6041062363460139]]
[['LPP' 'AcademicSuccess' 6 15 0.6768361581920904 0.6773629179719384
  0.6768361581920904 0.6114342097820272]]
[['LPP' 'AcademicSuccess' 6 59 0.6813559322033899 0.6338123358885165
  0.6813559322033899 0.6131615404010166]]
[['LPP' 'AcademicSuccess' 8 8 0.6689265536723163 0.624430882114431
  0.6689265536723163 0.6005400838569093]]
[['LPP' 'AcademicSuccess' 8 15 0.6937853107344633 0.6758695046885345
  0.6937853107344633 0.6324589970624243]]
[['LPP' 'AcademicSuccess' 8 59 0.7050847457627119 0.6955786887263806
  0.7050847457627119 0.6443614211096318]]
[['LPP' 'AcademicSuccess' 10 8 0.6836158192090396 0.6716970583924439
  0.6836158192090396 0.6190222796719513]]
[['LPP' 'AcademicSuccess' 10 15 0.6949152542372882 0.7038020449521002
  0.6949152542372882 0.6384065879019787]]
[['LPP' 'AcademicSuccess' 10 59 0.711864406779661 0.6892935823551346
  0.711864406779661 0.6608232602646311]]
[['LPP' 'AcademicSuccess' 12 8 0.6847457627118644 0.6806243076550491
  0.6847457627118644 0.6265675446435515]]
[['LPP' 'AcademicSuccess' 12 15 0.688135593220339 0.673845739856692
  0.688135593220339 0.6362036531641543]]
[['LPP' 'AcademicSuccess' 12 59 0.7310734463276836 0.7150042229383451
  0.7310734463276836 0.6971070686209789]]
[['LPP' 'AcademicSuccess' 14 8 0.6983050847457627 0.6832071020682998
  0.6983050847457627 0.6541757267234339]]
[['LPP' 'AcademicSuccess' 14 15 0.7028248587570621 0.6905395485570321
  0.7028248587570621 0.6594507237128885]]
[['LPP' 'AcademicSuccess' 14 59 0.7265536723163842 0.7073392099177425
  0.7265536723163842 0.6915299362832711]]
[['LPP' 'AcademicSuccess' 16 8 0.7050847457627119 0.6806964495129463
  0.7050847457627119 0.6685201822247271]]
[['LPP' 'AcademicSuccess' 16 15 0.7084745762711865 0.686544645778427
  0.7084745762711865 0.6739697514349096]]
[['LPP' 'AcademicSuccess' 16 59 0.7163841807909604 0.6950968813700453
  0.7163841807909604 0.6868165078192313]]
[['LPP' 'BuyCoupon' 2 9 0.5675995270003942 0.5680473372781065
  0.9986130374479889 0.7241639426703546]]
[['LPP' 'BuyCoupon' 2 21 0.5683878596767836 0.5683878596767836 1.0
  0.7248052274440815]]
[['LPP' 'BuyCoupon' 2 100 0.5719353567205361 0.5716009654062751
  0.9854368932038835 0.7235234215885947]]
[['LPP' 'BuyCoupon' 5 9 0.5648403626330312 0.5672235481304694
  0.9889042995839112 0.7209302325581396]]
[['LPP' 'BuyCoupon' 5 21 0.5687820260149783 0.5686661404893449
  0.9993065187239945 0.7248490945674044]]
[['LPP' 'BuyCoupon' 5 100 0.5683878596767836 0.5683878596767836 1.0
  0.7248052274440815]]
[['LPP' 'BuyCoupon' 8 9 0.5648403626330312 0.5672235481304694
  0.9889042995839112 0.7209302325581396]]
[['LPP' 'BuyCoupon' 8 21 0.5683878596767836 0.5683878596767836 1.0
  0.7248052274440815]]
[['LPP' 'BuyCoupon' 8 100 0.5683878596767836 0.5683878596767836 1.0
  0.7248052274440815]]
[['LPP' 'BuyCoupon' 11 9 0.5648403626330312 0.5672235481304694
  0.9889042995839112 0.7209302325581396]]
[['LPP' 'BuyCoupon' 11 21 0.5683878596767836 0.5683878596767836 1.0
  0.7248052274440815]]
[['LPP' 'BuyCoupon' 11 100 0.5683878596767836 0.5683878596767836 1.0
  0.7248052274440815]]
[['LPP' 'BuyCoupon' 14 9 0.5648403626330312 0.5672235481304694
  0.9889042995839112 0.7209302325581396]]
[['LPP' 'BuyCoupon' 14 21 0.5648403626330312 0.5672235481304694
  0.9889042995839112 0.7209302325581396]]
[['LPP' 'BuyCoupon' 14 100 0.5683878596767836 0.5683878596767836 1.0
  0.7248052274440815]]
[['LPP' 'BuyCoupon' 17 9 0.5648403626330312 0.5672235481304694
  0.9889042995839112 0.7209302325581396]]
[['LPP' 'BuyCoupon' 17 21 0.5648403626330312 0.5672235481304694
  0.9889042995839112 0.7209302325581396]]
[['LPP' 'BuyCoupon' 17 100 0.5648403626330312 0.5672235481304694
  0.9889042995839112 0.7209302325581396]]
[['LPP' 'BuyCoupon' 20 9 0.5695703586913677 0.5787578757875788
  0.8918169209431346 0.7019650655021834]]
[['LPP' 'BuyCoupon' 20 21 0.5668111943240047 0.574468085106383
  0.9174757281553398 0.7065420560747665]]
[['LPP' 'BuyCoupon' 20 100 0.607016160819866 0.6090151886330231
  0.8619972260748959 0.7137525122021244]]
[['LPP' 'BuyCoupon' 23 9 0.584548679542767 0.5866071428571429
  0.9112343966712899 0.7137425312330257]]
[['LPP' 'BuyCoupon' 23 21 0.6066219944816713 0.6128048780487805
  0.8363384188626907 0.7073313782991202]]
[['LPP' 'BuyCoupon' 23 100 0.62238864800946 0.6283138918345705
  0.8217753120665742 0.7121394230769231]]
[['LPP' 'BuyCoupon' 26 9 0.5932203389830508 0.5961538461538461
  0.8814147018030514 0.7112479015109122]]
[['LPP' 'BuyCoupon' 26 21 0.612534489554592 0.6178736517719569
  0.834257975034674 0.7099439362643847]]
[['LPP' 'BuyCoupon' 26 100 0.6283011430823807 0.635230352303523
  0.812760055478502 0.7131122604198357]]
[['LPP' 'BuyCoupon' 29 9 0.6022861647615294 0.6107416879795396
  0.8280166435506241 0.7029732116573447]]
[['LPP' 'BuyCoupon' 29 21 0.6302719747733544 0.6392265193370166
  0.8023578363384188 0.7115621156211561]]
[['LPP' 'BuyCoupon' 29 100 0.6397319668900275 0.6448957189901208
  0.8148404993065187 0.7199754901960785]]
[['LPP' 'DryBean' 2 9 0.868160117517444 0.8685947829066141
  0.868160117517444 0.8664346204555482]]
[['LPP' 'DryBean' 2 22 0.866691149467499 0.8671714553391268
  0.866691149467499 0.8651389670568765]]
[['LPP' 'DryBean' 2 104 0.8688946015424165 0.8690234094051763
  0.8688946015424165 0.8676427663818823]]
[['LPP' 'DryBean' 4 9 0.9023136246786633 0.9037720549473564
  0.9023136246786633 0.9024127690112971]]
[['LPP' 'DryBean' 4 22 0.9026808666911494 0.9042858718812192
  0.9026808666911494 0.902920397185144]]
[['LPP' 'DryBean' 4 104 0.9052515607785531 0.9070524157441479
  0.9052515607785531 0.9055355107358697]]
[['LPP' 'DryBean' 6 9 0.9155343371281675 0.9164802925044122
  0.9155343371281675 0.9157575380018446]]
[['LPP' 'DryBean' 6 22 0.9214102093279471 0.9223520786484892
  0.9214102093279471 0.9216495678773914]]
[['LPP' 'DryBean' 6 104 0.9239809034153507 0.9249981665282369
  0.9239809034153507 0.9242922181522689]]
[['LPP' 'FakeWebsite' 2 9 0.8163726820443238 0.8035320088300221
  0.8870836718115354 0.8432432432432432]]
[['LPP' 'FakeWebsite' 2 20 0.8181818181818182 0.8001448225923244
  0.8976441917140536 0.8460949464012252]]
[['LPP' 'FakeWebsite' 2 94 0.8548168249660787 0.828757225433526
  0.9317627944760357 0.8772466539196941]]
[['LPP' 'FakeWebsite' 4 9 0.8977838082315694 0.900398406374502
  0.9179528838342811 0.9090909090909091]]
[['LPP' 'FakeWebsite' 4 20 0.89280868385346 0.8976 0.9114541023558083
  0.9044740024183796]]
[['LPP' 'FakeWebsite' 4 94 0.8914518317503393 0.8992747784045125
  0.9065800162469537 0.9029126213592233]]
[['LPP' 'FakeWebsite' 6 9 0.9014020805065581 0.8972549019607843
  0.9293257514216084 0.9130087789305666]]
[['LPP' 'FakeWebsite' 6 20 0.9018543645409317 0.901743264659271
  0.9244516653127539 0.9129562775772162]]
[['LPP' 'FakeWebsite' 6 94 0.8964269561284487 0.9059967585089141
  0.9082047116165719 0.9070993914807303]]
[['LPP' 'FakeWebsite' 8 9 0.9122568973315242 0.9111816019032514
  0.9333874898456539 0.9221508828250401]]
[['LPP' 'FakeWebsite' 8 20 0.911352329262777 0.9110405083399523
  0.9317627944760357 0.921285140562249]]
[['LPP' 'FakeWebsite' 8 94 0.9140660334690185 0.9127676447264076
  0.9350121852152722 0.9237560192616372]]
[['LPP' 'FakeWebsite' 10 9 0.9222071460877431 0.9192399049881235
  0.9431356620633631 0.9310344827586206]]
[['LPP' 'FakeWebsite' 10 20 0.9194934418815016 0.9155485398579322
  0.942323314378554 0.9287429943955163]]
[['LPP' 'FakeWebsite' 10 94 0.9176843057440073 0.913317572892041
  0.9415109666937449 0.9272]]
[['LPP' 'FakeWebsite' 12 9 0.942107643600181 0.9332285938727416
  0.9650690495532088 0.9488817891373802]]
[['LPP' 'FakeWebsite' 12 20 0.9380370872908186 0.9280125195618153
  0.9634443541835905 0.9453965723395775]]
[['LPP' 'FakeWebsite' 12 94 0.9416553595658074 0.9284603421461898
  0.9699431356620634 0.9487485101311085]]
[['LPP' 'FakeWebsite' 14 9 0.9502487562189055 0.9416863672182821
  0.9707554833468724 0.956]]
[['LPP' 'FakeWebsite' 14 20 0.9484396200814111 0.9408050513022889
  0.9683184402924452 0.9543634907926342]]
[['LPP' 'FakeWebsite' 14 94 0.9493441881501583 0.9402045633359559
  0.9707554833468724 0.9552358113509192]]
[['LPP' 'Glass' 2 5 0.5581395348837209 0.6414696111002541
  0.5581395348837209 0.49771533792539047]]
[['LPP' 'Glass' 2 13 0.6046511627906976 0.6788825689394485
  0.6046511627906976 0.5626321353065539]]
[['LPP' 'Grade' 2 6 0.96 0.9623480017006805 0.96 0.9598995742578021]]
[['LPP' 'Grade' 2 9 0.96 0.9623480017006805 0.96 0.9598995742578021]]
[['LPP' 'Grade' 2 28 0.955 0.9591326530612244 0.955 0.9550650166826636]]
[['LPP' 'Heart' 2 6 0.5543478260869565 0.5543478260869565 1.0
  0.7132867132867133]]
[['LPP' 'Heart' 2 9 0.5543478260869565 0.5543478260869565 1.0
  0.7132867132867133]]
[['LPP' 'Heart' 2 27 0.5543478260869565 0.5543478260869565 1.0
  0.7132867132867133]]
[['LPP' 'Heart' 4 6 0.625 0.7323943661971831 0.5098039215686274
  0.6011560693641619]]
[['LPP' 'Heart' 4 9 0.6086956521739131 0.7272727272727273
  0.47058823529411764 0.5714285714285714]]
[['LPP' 'Heart' 4 27 0.6086956521739131 0.7205882352941176
  0.4803921568627451 0.5764705882352942]]
[['LPP' 'Heart' 6 6 0.7065217391304348 0.7105263157894737
  0.7941176470588235 0.7499999999999999]]
[['LPP' 'Heart' 6 9 0.7010869565217391 0.7008547008547008
  0.803921568627451 0.7488584474885844]]
[['LPP' 'Heart' 6 27 0.7119565217391305 0.7168141592920354
  0.7941176470588235 0.7534883720930233]]
[['LPP' 'Heart' 8 6 0.7228260869565217 0.717948717948718
  0.8235294117647058 0.767123287671233]]
/home/soyoung/.local/lib/python3.8/site-packages/umap/distances.py:1063: NumbaDeprecationWarning: [1mThe 'nopython' keyword argument was not supplied to the 'numba.jit' decorator. The implicit default value for this argument is currently False, but it will be changed to True in Numba 0.59.0. See https://numba.readthedocs.io/en/stable/reference/deprecation.html#deprecation-of-object-mode-fall-back-behaviour-when-using-jit for details.[0m
  @numba.jit()
/home/soyoung/.local/lib/python3.8/site-packages/umap/distances.py:1071: NumbaDeprecationWarning: [1mThe 'nopython' keyword argument was not supplied to the 'numba.jit' decorator. The implicit default value for this argument is currently False, but it will be changed to True in Numba 0.59.0. See https://numba.readthedocs.io/en/stable/reference/deprecation.html#deprecation-of-object-mode-fall-back-behaviour-when-using-jit for details.[0m
  @numba.jit()
/home/soyoung/.local/lib/python3.8/site-packages/umap/distances.py:1086: NumbaDeprecationWarning: [1mThe 'nopython' keyword argument was not supplied to the 'numba.jit' decorator. The implicit default value for this argument is currently False, but it will be changed to True in Numba 0.59.0. See https://numba.readthedocs.io/en/stable/reference/deprecation.html#deprecation-of-object-mode-fall-back-behaviour-when-using-jit for details.[0m
  @numba.jit()
/home/soyoung/.local/lib/python3.8/site-packages/umap/umap_.py:660: NumbaDeprecationWarning: [1mThe 'nopython' keyword argument was not supplied to the 'numba.jit' decorator. The implicit default value for this argument is currently False, but it will be changed to True in Numba 0.59.0. See https://numba.readthedocs.io/en/stable/reference/deprecation.html#deprecation-of-object-mode-fall-back-behaviour-when-using-jit for details.[0m
  @numba.jit()
[['LPP' 'Heart' 8 9 0.7934782608695652 0.8018867924528302
  0.8333333333333334 0.8173076923076923]]
[['LPP' 'Heart' 8 27 0.7554347826086957 0.7478260869565218
  0.8431372549019608 0.7926267281105991]]
[['LPP' 'Parkinsons' 2 5 0.8461538461538461 0.8285714285714286 1.0
  0.90625]]
[['LPP' 'Parkinsons' 2 12 0.8205128205128205 0.8055555555555556 1.0
  0.8923076923076924]]
[['LPP' 'Parkinsons' 4 5 0.8461538461538461 0.8285714285714286 1.0
  0.90625]]
[['LPP' 'Parkinsons' 4 12 0.8205128205128205 0.8055555555555556 1.0
  0.8923076923076924]]
[['LPP' 'Parkinsons' 6 5 0.8205128205128205 0.8235294117647058
  0.9655172413793104 0.888888888888889]]
[['LPP' 'Parkinsons' 6 12 0.8205128205128205 0.8055555555555556 1.0
  0.8923076923076924]]
[['LPP' 'Parkinsons' 8 5 0.8717948717948718 0.8529411764705882 1.0
  0.9206349206349206]]
[['LPP' 'Parkinsons' 8 12 0.8717948717948718 0.8529411764705882 1.0
  0.9206349206349206]]
[['LPP' 'Parkinsons' 10 5 0.8461538461538461 0.8285714285714286 1.0
  0.90625]]
[['LPP' 'Parkinsons' 10 12 0.8205128205128205 0.8055555555555556 1.0
  0.8923076923076924]]
[['LPP' 'StayHospital' 2 8 0.2945 0.5016704513862877 0.2945
  0.15468598650779652]]
[['LPP' 'StayHospital' 2 19 0.2955 0.79182025 0.2955 0.1348054805094558]]
[['LPP' 'StayHospital' 2 89 0.294 0.5148488157525927 0.294
  0.14373452476015225]]
[['LPP' 'StayHospital' 4 8 0.2955 0.79182025 0.2955 0.1348054805094558]]
[['LPP' 'StayHospital' 4 19 0.2955 0.79182025 0.2955 0.1348054805094558]]
[['LPP' 'StayHospital' 4 89 0.2955 0.79182025 0.2955 0.1348054805094558]]
[['LPP' 'StayHospital' 6 8 0.2955 0.79182025 0.2955 0.1348054805094558]]
[['LPP' 'StayHospital' 6 19 0.2955 0.79182025 0.2955 0.1348054805094558]]
[['LPP' 'StayHospital' 6 89 0.2955 0.79182025 0.2955 0.1348054805094558]]
[['LPP' 'StayHospital' 8 8 0.2955 0.79182025 0.2955 0.1348054805094558]]
[['LPP' 'StayHospital' 8 19 0.297 0.547941855187823 0.297
  0.14397486192301878]]
[['LPP' 'StayHospital' 8 89 0.2955 0.79182025 0.2955 0.1348054805094558]]
[['LPP' 'StayHospital' 10 8 0.297 0.5563986137943724 0.297
  0.14480254127213066]]
[['LPP' 'StayHospital' 10 19 0.297 0.5510601927669738 0.297
  0.14392687768301654]]
[['LPP' 'StayHospital' 10 89 0.2955 0.5299393088185222 0.2955
  0.14103741659963323]]
[['LPP' 'StayHospital' 12 8 0.297 0.4311234228831854 0.297
  0.15712192518245838]]
[['LPP' 'StayHospital' 12 19 0.297 0.6894654200819672 0.297
  0.14352982171988335]]
[['LPP' 'StayHospital' 12 89 0.296 0.5116918777943369 0.296
  0.1426906222612953]]
[['LPP' 'StayHospital' 14 8 0.299 0.44493460681199953 0.299
  0.16933695837835522]]
[['LPP' 'StayHospital' 14 19 0.304 0.5295151342674604 0.304
  0.17529183756450809]]
[['LPP' 'StayHospital' 14 89 0.298 0.35374544398837876 0.298
  0.16778522327467213]]
[['LPP' 'StayHospital' 16 8 0.3045 0.39659887762775897 0.3045
  0.1781612505230983]]
[['LPP' 'StayHospital' 16 19 0.3125 0.42418161203875493 0.3125
  0.1913077396090493]]
[['LPP' 'StayHospital' 16 89 0.3055 0.3981343580733532 0.3055
  0.17991015199815047]]
[['LPP' 'StayHospital' 18 8 0.322 0.4200561212792386 0.322
  0.22301597219834668]]
[['LPP' 'StayHospital' 18 19 0.3115 0.4164151198972441 0.3115
  0.20314578105225292]]
[['LPP' 'StayHospital' 18 89 0.3135 0.39854133246282675 0.3135
  0.19730159203509157]]
[['LPP' 'StayHospital' 20 8 0.3425 0.44088072125170163 0.3425
  0.2500270890159957]]
[['LPP' 'StayHospital' 20 19 0.32 0.42169415224760487 0.32
  0.21534189110827098]]
[['LPP' 'StayHospital' 20 89 0.3215 0.4078403286556192 0.3215
  0.22397337039284546]]
[['LPP' 'StayHospital' 22 8 0.3565 0.44028285116541216 0.3565
  0.2697506426458152]]
[['LPP' 'StayHospital' 22 19 0.3325 0.42861448904632027 0.3325
  0.23581540094466164]]
[['LPP' 'StayHospital' 22 89 0.3385 0.4228827884275694 0.3385
  0.2515240260281723]]
[['LPP' 'StayHospital' 24 8 0.3585 0.44062318760334057 0.3585
  0.27695840230204216]]
[['LPP' 'StayHospital' 24 19 0.3415 0.4188781066972243 0.3415
  0.2542393540831983]]
[['LPP' 'StayHospital' 24 89 0.3475 0.37158649138330896 0.3475
  0.27332603920259735]]
[['LPP' 'Zoo' 2 4 0.7142857142857143 0.9047619047619048
  0.7142857142857143 0.6428571428571429]]
[['LPP' 'Zoo' 2 8 0.7142857142857143 0.7582417582417582
  0.7142857142857143 0.6235827664399093]]
[['LPP' 'Zoo' 4 4 0.8095238095238095 0.8214285714285714
  0.8095238095238095 0.7573696145124716]]
[['LPP' 'Zoo' 4 8 0.8095238095238095 0.783068783068783 0.8095238095238095
  0.7680672268907562]]
[['LPP' 'Zoo' 6 4 1.0 1.0 1.0 1.0]]
[['LPP' 'Zoo' 6 8 0.9523809523809523 0.9682539682539681
  0.9523809523809523 0.9333333333333333]]
Finished python experiment_script.py
