Entered python experiment_script.py
----------pca----------
Index(['dr_name', 'dataset_name', 'n_components', 'n_neighbors',
       'fit_transform_time'],
      dtype='object')
PCA,AcademicSuccess,2,None,0.018555641174316406
PCA,AcademicSuccess,4,None,0.02223944664001465
PCA,AcademicSuccess,6,None,0.022203445434570312
PCA,AcademicSuccess,8,None,0.028638601303100586
PCA,AcademicSuccess,10,None,0.029278278350830078
PCA,AcademicSuccess,12,None,0.057738304138183594
PCA,AcademicSuccess,14,None,0.037967681884765625
PCA,AcademicSuccess,16,None,0.03050827980041504
PCA,BuyCoupon,2,None,0.07837104797363281
PCA,BuyCoupon,5,None,0.08869004249572754
PCA,BuyCoupon,8,None,0.0742650032043457
PCA,BuyCoupon,11,None,0.08178830146789551
PCA,BuyCoupon,14,None,0.09311366081237793
PCA,BuyCoupon,17,None,0.13873863220214844
PCA,BuyCoupon,20,None,0.1411762237548828
PCA,BuyCoupon,23,None,0.11612725257873535
PCA,BuyCoupon,26,None,0.11369562149047852
PCA,BuyCoupon,29,None,0.21247506141662598
PCA,DryBean,2,None,0.036679983139038086
PCA,DryBean,4,None,0.04436516761779785
PCA,DryBean,6,None,0.06801581382751465
PCA,FakeWebsite,2,None,0.05741715431213379
PCA,FakeWebsite,4,None,0.05587267875671387
PCA,FakeWebsite,6,None,0.08441495895385742
PCA,FakeWebsite,8,None,0.0549626350402832
PCA,FakeWebsite,10,None,0.07035303115844727
PCA,FakeWebsite,12,None,0.07943058013916016
PCA,FakeWebsite,14,None,0.08965587615966797
PCA,Glass,2,None,0.007512092590332031
PCA,Grade,2,None,0.007327079772949219
PCA,Heart,2,None,0.010256767272949219
PCA,Heart,4,None,0.008149385452270508
PCA,Heart,6,None,0.01068425178527832
PCA,Heart,8,None,0.00859975814819336
PCA,Parkinsons,2,None,0.007051944732666016
PCA,Parkinsons,4,None,0.0013728141784667969
PCA,Parkinsons,6,None,0.0012867450714111328
PCA,Parkinsons,8,None,0.0012738704681396484
PCA,Parkinsons,10,None,0.001279592514038086
PCA,StayHospital,2,None,0.08367490768432617
PCA,StayHospital,4,None,0.07321834564208984
PCA,StayHospital,6,None,0.12567830085754395
PCA,StayHospital,8,None,0.055644989013671875
PCA,StayHospital,10,None,0.043837785720825195
PCA,StayHospital,12,None,0.0761418342590332
PCA,StayHospital,14,None,0.06028246879577637
PCA,StayHospital,16,None,0.06842684745788574
PCA,StayHospital,18,None,0.04973030090332031
PCA,StayHospital,20,None,0.09924435615539551
PCA,StayHospital,22,None,0.1099555492401123
PCA,StayHospital,24,None,0.08472681045532227
PCA,Zoo,2,None,0.004894733428955078
PCA,Zoo,4,None,0.006533384323120117
PCA,Zoo,6,None,0.00455927848815918
Index(['dr_name', 'dataset_name', 'n_components', 'n_neighbors',
       'transform_time'],
      dtype='object')
PCA,AcademicSuccess,2,None,0.0010137557983398438
PCA,AcademicSuccess,4,None,0.0009541511535644531
PCA,AcademicSuccess,6,None,0.0009477138519287109
PCA,AcademicSuccess,8,None,0.0009431838989257812
PCA,AcademicSuccess,10,None,0.002675771713256836
PCA,AcademicSuccess,12,None,0.0010139942169189453
PCA,AcademicSuccess,14,None,0.0010044574737548828
PCA,AcademicSuccess,16,None,0.0019276142120361328
PCA,BuyCoupon,2,None,0.009300470352172852
PCA,BuyCoupon,5,None,0.0017557144165039062
PCA,BuyCoupon,8,None,0.0018444061279296875
PCA,BuyCoupon,11,None,0.0018649101257324219
PCA,BuyCoupon,14,None,0.0019376277923583984
PCA,BuyCoupon,17,None,0.0019311904907226562
PCA,BuyCoupon,20,None,0.0019326210021972656
PCA,BuyCoupon,23,None,0.0019116401672363281
PCA,BuyCoupon,26,None,0.001972675323486328
PCA,BuyCoupon,29,None,0.0019927024841308594
PCA,DryBean,2,None,0.0008587837219238281
PCA,DryBean,4,None,0.0008449554443359375
PCA,DryBean,6,None,0.0008575916290283203
PCA,FakeWebsite,2,None,0.0010082721710205078
PCA,FakeWebsite,4,None,0.0009529590606689453
PCA,FakeWebsite,6,None,0.0010352134704589844
PCA,FakeWebsite,8,None,0.001041412353515625
PCA,FakeWebsite,10,None,0.0010192394256591797
PCA,FakeWebsite,12,None,0.0010678768157958984
PCA,FakeWebsite,14,None,0.0010874271392822266
PCA,Glass,2,None,0.0006949901580810547
PCA,Grade,2,None,0.0007147789001464844
PCA,Heart,2,None,0.0007960796356201172
PCA,Heart,4,None,0.0007774829864501953
PCA,Heart,6,None,0.0007684230804443359
PCA,Heart,8,None,0.0007710456848144531
PCA,Parkinsons,2,None,0.0007443428039550781
PCA,Parkinsons,4,None,0.0007257461547851562
PCA,Parkinsons,6,None,0.0007231235504150391
PCA,Parkinsons,8,None,0.0007252693176269531
PCA,Parkinsons,10,None,0.0007295608520507812
PCA,StayHospital,2,None,0.0012483596801757812
PCA,StayHospital,4,None,0.0010676383972167969
PCA,StayHospital,6,None,0.0011744499206542969
PCA,StayHospital,8,None,0.0011909008026123047
PCA,StayHospital,10,None,0.0011982917785644531
PCA,StayHospital,12,None,0.0012507438659667969
PCA,StayHospital,14,None,0.0012450218200683594
PCA,StayHospital,16,None,0.0012631416320800781
PCA,StayHospital,18,None,0.0012736320495605469
PCA,StayHospital,20,None,0.001257181167602539
PCA,StayHospital,22,None,0.0012578964233398438
PCA,StayHospital,24,None,0.0013015270233154297
PCA,Zoo,2,None,0.0007724761962890625
PCA,Zoo,4,None,0.0007481575012207031
PCA,Zoo,6,None,0.0007407665252685547
Index(['dr_name', 'dataset_name', 'n_components', 'n_neighbors', 'accuracy',
       'precision', 'recall', 'f1_score'],
      dtype='object')
[['PCA' 'AcademicSuccess' 2 None 0.6632768361581921 0.7347228966701628
  0.6632768361581921 0.5916958017180788]]
[['PCA' 'AcademicSuccess' 4 None 0.6892655367231638 0.645587810426751
  0.6892655367231638 0.6211979123184951]]
[['PCA' 'AcademicSuccess' 6 None 0.7163841807909604 0.6959356947223863
  0.7163841807909604 0.6779205518747072]]
[['PCA' 'AcademicSuccess' 8 None 0.711864406779661 0.686609095648002
  0.711864406779661 0.6767114522066557]]
[['PCA' 'AcademicSuccess' 10 None 0.7175141242937854 0.6942984531715364
  0.7175141242937854 0.6903904314853734]]
[['PCA' 'AcademicSuccess' 12 None 0.7231638418079096 0.701122134335739
  0.7231638418079096 0.693829695538]]
[['PCA' 'AcademicSuccess' 14 None 0.7242937853107345 0.7049712079958974
  0.7242937853107345 0.7033876655969136]]
[['PCA' 'AcademicSuccess' 16 None 0.7344632768361582 0.7169102505339165
  0.7344632768361582 0.7153861336195151]]
[['PCA' 'BuyCoupon' 2 None 0.5648403626330312 0.5672235481304694
  0.9889042995839112 0.7209302325581396]]
[['PCA' 'BuyCoupon' 5 None 0.584548679542767 0.587151841868823
  0.9063800277392511 0.7126499454743731]]
[['PCA' 'BuyCoupon' 8 None 0.5888845092629089 0.5903942002718623
  0.9036061026352289 0.7141682652781585]]
[['PCA' 'BuyCoupon' 11 None 0.598738667717777 0.5958408679927667
  0.9140083217753121 0.7214012041598248]]
[['PCA' 'BuyCoupon' 14 None 0.6219944816712653 0.6168359941944848
  0.8841886269070736 0.7267027643203192]]
[['PCA' 'BuyCoupon' 17 None 0.6243594797004336 0.6217023394723743
  0.8661581137309292 0.7238481599536366]]
[['PCA' 'BuyCoupon' 20 None 0.6507686243594797 0.6425641025641026
  0.8689320388349514 0.7387971698113207]]
[['PCA' 'BuyCoupon' 23 None 0.6574694521087899 0.6497647673810768
  0.8619972260748959 0.7409836065573769]]
[['PCA' 'BuyCoupon' 26 None 0.6610169491525424 0.6549520766773163
  0.8529819694868238 0.7409638554216866]]
[['PCA' 'BuyCoupon' 29 None 0.6665352778872684 0.661430119176598
  0.8467406380027739 0.7427007299270072]]
[['PCA' 'DryBean' 2 None 0.8813808299669482 0.8843244259056775
  0.8813808299669482 0.8789536856737367]]
[['PCA' 'DryBean' 4 None 0.8993756885787734 0.9005470549775895
  0.8993756885787734 0.8990481345643544]]
[['PCA' 'DryBean' 6 None 0.9302240176276166 0.9309364266339312
  0.9302240176276166 0.9304224615446598]]
[['PCA' 'FakeWebsite' 2 None 0.8977838082315694 0.9023218574859888
  0.9155158407798538 0.9088709677419355]]
[['PCA' 'FakeWebsite' 4 None 0.8986883763003166 0.9123669123669124
  0.9049553208773355 0.9086460032626429]]
[['PCA' 'FakeWebsite' 6 None 0.911352329262777 0.9136690647482014
  0.9285134037367994 0.9210314262691377]]
[['PCA' 'FakeWebsite' 8 None 0.9312528267752148 0.9298804780876494
  0.9480097481722177 0.9388576025744167]]
[['PCA' 'FakeWebsite' 10 None 0.9402985074626866 0.9357652656621729
  0.958570268074736 0.9470304975922954]]
[['PCA' 'FakeWebsite' 12 None 0.939846223428313 0.933649289099526
  0.9601949634443542 0.94673608329996]]
[['PCA' 'FakeWebsite' 14 None 0.9466304839439168 0.9364705882352942
  0.9699431356620634 0.9529130087789306]]
[['PCA' 'Glass' 2 None 0.6976744186046512 0.7586831772878284
  0.6976744186046512 0.6410941815913748]]
[['PCA' 'Grade' 2 None 0.975 0.9757602150537634 0.975 0.974836880818729]]
[['PCA' 'Heart' 2 None 0.7065217391304348 0.7105263157894737
  0.7941176470588235 0.7499999999999999]]
[['PCA' 'Heart' 4 None 0.7336956521739131 0.7345132743362832
  0.8137254901960784 0.772093023255814]]
[['PCA' 'Heart' 6 None 0.7336956521739131 0.7345132743362832
  0.8137254901960784 0.772093023255814]]
[['PCA' 'Heart' 8 None 0.7336956521739131 0.7345132743362832
  0.8137254901960784 0.772093023255814]]
[['PCA' 'Parkinsons' 2 None 0.7948717948717948 0.8 0.9655172413793104
  0.8750000000000001]]
[['PCA' 'Parkinsons' 4 None 0.7948717948717948 0.8 0.9655172413793104
  0.8750000000000001]]
[['PCA' 'Parkinsons' 6 None 0.7948717948717948 0.8181818181818182
  0.9310344827586207 0.8709677419354839]]
[['PCA' 'Parkinsons' 8 None 0.8461538461538461 0.8285714285714286 1.0
  0.90625]]
[['PCA' 'Parkinsons' 10 None 0.8461538461538461 0.8285714285714286 1.0
  0.90625]]
[['PCA' 'StayHospital' 2 None 0.2955 0.79182025 0.2955 0.1348054805094558]]
[['PCA' 'StayHospital' 4 None 0.2955 0.79182025 0.2955 0.1348054805094558]]
[['PCA' 'StayHospital' 6 None 0.2955 0.79182025 0.2955 0.1348054805094558]]
[['PCA' 'StayHospital' 8 None 0.2955 0.79182025 0.2955 0.1348054805094558]]
[['PCA' 'StayHospital' 10 None 0.2955 0.79182025 0.2955
  0.1348054805094558]]
[['PCA' 'StayHospital' 12 None 0.2955 0.79182025 0.2955
  0.1348054805094558]]
[['PCA' 'StayHospital' 14 None 0.2955 0.79182025 0.2955
  0.1348054805094558]]
[['PCA' 'StayHospital' 16 None 0.2955 0.79182025 0.2955
  0.1348054805094558]]
[['PCA' 'StayHospital' 18 None 0.2955 0.79182025 0.2955
  0.1348054805094558]]
[['PCA' 'StayHospital' 20 None 0.2955 0.79182025 0.2955
  0.1348054805094558]]
[['PCA' 'StayHospital' 22 None 0.2955 0.79182025 0.2955
  0.1348054805094558]]
[['PCA' 'StayHospital' 24 None 0.2955 0.79182025 0.2955
  0.1348054805094558]]
[['PCA' 'Zoo' 2 None 0.9047619047619048 0.9325396825396824
  0.9047619047619048 0.8811791383219953]]
[['PCA' 'Zoo' 4 None 0.9523809523809523 0.9642857142857143
  0.9523809523809523 0.9319727891156462]]
[['PCA' 'Zoo' 6 None 0.9523809523809523 0.9642857142857143
  0.9523809523809523 0.9319727891156462]]
----------kpca----------
Index(['dr_name', 'dataset_name', 'n_components', 'n_neighbors',
       'fit_transform_time'],
      dtype='object')
KPCA,AcademicSuccess,2,None,0.5389308929443359
KPCA,AcademicSuccess,4,None,0.49954748153686523
KPCA,AcademicSuccess,6,None,0.4917755126953125
KPCA,AcademicSuccess,8,None,0.4994373321533203
KPCA,AcademicSuccess,10,None,0.8897619247436523
KPCA,AcademicSuccess,12,None,0.7405457496643066
KPCA,AcademicSuccess,14,None,0.8246619701385498
KPCA,AcademicSuccess,16,None,0.7397036552429199
KPCA,BuyCoupon,2,None,2.0637385845184326
KPCA,BuyCoupon,5,None,2.5381340980529785
KPCA,BuyCoupon,8,None,2.3671715259552
KPCA,BuyCoupon,11,None,87.61136627197266
KPCA,BuyCoupon,14,None,89.0820562839508
KPCA,BuyCoupon,17,None,87.34990501403809
KPCA,BuyCoupon,20,None,84.69816732406616
KPCA,BuyCoupon,23,None,118.10753273963928
KPCA,BuyCoupon,26,None,102.76114869117737
KPCA,BuyCoupon,29,None,78.91397786140442
KPCA,DryBean,2,None,2.24114990234375
KPCA,DryBean,4,None,2.7348737716674805
KPCA,DryBean,6,None,2.5929877758026123
KPCA,FakeWebsite,2,None,2.265746831893921
KPCA,FakeWebsite,4,None,2.5512115955352783
KPCA,FakeWebsite,6,None,2.355031728744507
KPCA,FakeWebsite,8,None,2.312465190887451
KPCA,FakeWebsite,10,None,65.88428139686584
KPCA,FakeWebsite,12,None,71.2515938282013
KPCA,FakeWebsite,14,None,59.46441626548767
KPCA,Glass,2,None,0.03308749198913574
KPCA,Grade,2,None,0.07915115356445312
KPCA,Heart,2,None,0.23055243492126465
KPCA,Heart,4,None,0.34931349754333496
KPCA,Heart,6,None,0.20931696891784668
KPCA,Heart,8,None,0.06743240356445312
KPCA,Parkinsons,2,None,0.010027170181274414
KPCA,Parkinsons,4,None,0.02139425277709961
KPCA,Parkinsons,6,None,0.010999202728271484
KPCA,Parkinsons,8,None,0.02184319496154785
KPCA,Parkinsons,10,None,0.003906726837158203
KPCA,StayHospital,2,None,4.620464563369751
KPCA,StayHospital,4,None,3.7255172729492188
KPCA,StayHospital,6,None,4.208362817764282
KPCA,StayHospital,8,None,4.764889240264893
KPCA,StayHospital,10,None,59.852367877960205
KPCA,StayHospital,12,None,62.527103424072266
KPCA,StayHospital,14,None,66.35623168945312
KPCA,StayHospital,16,None,38.82019591331482
KPCA,StayHospital,18,None,65.41919159889221
KPCA,StayHospital,20,None,60.583062410354614
KPCA,StayHospital,22,None,64.00007462501526
KPCA,StayHospital,24,None,62.97068428993225
KPCA,Zoo,2,None,0.0070574283599853516
KPCA,Zoo,4,None,0.018942594528198242
KPCA,Zoo,6,None,0.018594741821289062
Index(['dr_name', 'dataset_name', 'n_components', 'n_neighbors',
       'transform_time'],
      dtype='object')
KPCA,AcademicSuccess,2,None,0.08415818214416504
KPCA,AcademicSuccess,4,None,0.06363153457641602
KPCA,AcademicSuccess,6,None,0.06842184066772461
KPCA,AcademicSuccess,8,None,0.0970156192779541
KPCA,AcademicSuccess,10,None,0.08734440803527832
KPCA,AcademicSuccess,12,None,0.06164693832397461
KPCA,AcademicSuccess,14,None,0.06681561470031738
KPCA,AcademicSuccess,16,None,0.062042951583862305
KPCA,BuyCoupon,2,None,0.319368839263916
KPCA,BuyCoupon,5,None,0.3259561061859131
KPCA,BuyCoupon,8,None,0.33034372329711914
KPCA,BuyCoupon,11,None,0.3237893581390381
KPCA,BuyCoupon,14,None,0.32652735710144043
KPCA,BuyCoupon,17,None,0.3298642635345459
KPCA,BuyCoupon,20,None,0.33683085441589355
KPCA,BuyCoupon,23,None,0.32503533363342285
KPCA,BuyCoupon,26,None,0.3313589096069336
KPCA,BuyCoupon,29,None,0.3411717414855957
KPCA,DryBean,2,None,0.35089731216430664
KPCA,DryBean,4,None,0.345609188079834
KPCA,DryBean,6,None,0.35698437690734863
KPCA,FakeWebsite,2,None,0.24199247360229492
KPCA,FakeWebsite,4,None,0.24296879768371582
KPCA,FakeWebsite,6,None,0.25748300552368164
KPCA,FakeWebsite,8,None,0.25711512565612793
KPCA,FakeWebsite,10,None,0.24819493293762207
KPCA,FakeWebsite,12,None,0.26212096214294434
KPCA,FakeWebsite,14,None,0.25331616401672363
KPCA,Glass,2,None,0.0014710426330566406
KPCA,Grade,2,None,0.0052983760833740234
KPCA,Heart,2,None,0.004232168197631836
KPCA,Heart,4,None,0.004210710525512695
KPCA,Heart,6,None,0.00423431396484375
KPCA,Heart,8,None,0.004242658615112305
KPCA,Parkinsons,2,None,0.0013034343719482422
KPCA,Parkinsons,4,None,0.0012671947479248047
KPCA,Parkinsons,6,None,0.001279592514038086
KPCA,Parkinsons,8,None,0.0012652873992919922
KPCA,Parkinsons,10,None,0.0012669563293457031
KPCA,StayHospital,2,None,0.2982194423675537
KPCA,StayHospital,4,None,0.32112598419189453
KPCA,StayHospital,6,None,0.30556344985961914
KPCA,StayHospital,8,None,0.3085205554962158
KPCA,StayHospital,10,None,0.30785632133483887
KPCA,StayHospital,12,None,0.308765172958374
KPCA,StayHospital,14,None,0.31214451789855957
KPCA,StayHospital,16,None,0.3067295551300049
KPCA,StayHospital,18,None,0.31934499740600586
KPCA,StayHospital,20,None,0.31771063804626465
KPCA,StayHospital,22,None,0.32465171813964844
KPCA,StayHospital,24,None,0.31861257553100586
KPCA,Zoo,2,None,0.0014541149139404297
KPCA,Zoo,4,None,0.0012638568878173828
KPCA,Zoo,6,None,0.0012350082397460938
Index(['dr_name', 'dataset_name', 'n_components', 'n_neighbors', 'accuracy',
       'precision', 'recall', 'f1_score'],
      dtype='object')
[['KPCA' 'AcademicSuccess' 2 None 0.6666666666666666 0.6346177901584097
  0.6666666666666666 0.6024883344228782]]
[['KPCA' 'AcademicSuccess' 4 None 0.6983050847457627 0.6788467661963118
  0.6983050847457627 0.6365614054523306]]
[['KPCA' 'AcademicSuccess' 6 None 0.703954802259887 0.6803312552953104
  0.703954802259887 0.6437628237897647]]
[['KPCA' 'AcademicSuccess' 8 None 0.7141242937853107 0.6839291610126276
  0.7141242937853107 0.6641034038175714]]
[['KPCA' 'AcademicSuccess' 10 None 0.7310734463276836 0.7067204315383757
  0.7310734463276836 0.702316567543213]]
[['KPCA' 'AcademicSuccess' 12 None 0.727683615819209 0.7038474448401306
  0.727683615819209 0.6987981208998159]]
[['KPCA' 'AcademicSuccess' 14 None 0.735593220338983 0.7120460067454243
  0.735593220338983 0.7064228537379436]]
[['KPCA' 'AcademicSuccess' 16 None 0.7367231638418079 0.7151890738677986
  0.7367231638418079 0.7096303767166174]]
[['KPCA' 'BuyCoupon' 2 None 0.5683878596767836 0.5683878596767836 1.0
  0.7248052274440815]]
[['KPCA' 'BuyCoupon' 5 None 0.570752857705952 0.5720114239086087
  0.9722607489597781 0.7202671461597739]]
[['KPCA' 'BuyCoupon' 8 None 0.5668111943240047 0.573009791400596
  0.9334257975034674 0.71010287523081]]
[['KPCA' 'BuyCoupon' 11 None 0.5668111943240047 0.573009791400596
  0.9334257975034674 0.71010287523081]]
[['KPCA' 'BuyCoupon' 14 None 0.5668111943240047 0.573009791400596
  0.9334257975034674 0.71010287523081]]
[['KPCA' 'BuyCoupon' 17 None 0.5782420181316515 0.5845454545454546
  0.8918169209431346 0.7062053816584295]]
[['KPCA' 'BuyCoupon' 20 None 0.5798186834844304 0.5852994555353902
  0.8945908460471568 0.7076247942951178]]
[['KPCA' 'BuyCoupon' 23 None 0.5806070161608199 0.5884003741814781
  0.8723994452149791 0.7027932960893856]]
[['KPCA' 'BuyCoupon' 26 None 0.5892786756011037 0.5938967136150235
  0.8772538141470181 0.708286674132139]]
[['KPCA' 'BuyCoupon' 29 None 0.5947970043358297 0.6018700787401575
  0.848127600554785 0.7040875071963154]]
[['KPCA' 'DryBean' 2 None 0.7484392214469335 0.7507136604433188
  0.7484392214469335 0.7427455298013773]]
[['KPCA' 'DryBean' 4 None 0.8883584282041865 0.8896628116470202
  0.8883584282041865 0.8877192391048507]]
[['KPCA' 'DryBean' 6 None 0.9059860448035255 0.9066681154499048
  0.9059860448035255 0.9058921184134332]]
[['KPCA' 'FakeWebsite' 2 None 0.898236092265943 0.9030448717948718
  0.9155158407798538 0.90923759580476]]
[['KPCA' 'FakeWebsite' 4 None 0.8995929443690638 0.908502024291498
  0.9114541023558083 0.9099756690997566]]
[['KPCA' 'FakeWebsite' 6 None 0.9095431931252826 0.9114126097366321
  0.9277010560519903 0.9194847020933978]]
[['KPCA' 'FakeWebsite' 8 None 0.932157394843962 0.934136546184739
  0.9447603574329814 0.9394184168012923]]
[['KPCA' 'FakeWebsite' 10 None 0.9366802351876978 0.9346613545816733
  0.9528838342810723 0.9436846339501206]]
[['KPCA' 'FakeWebsite' 12 None 0.9430122116689281 0.9367588932806324
  0.9626320064987814 0.9495192307692307]]
[['KPCA' 'FakeWebsite' 14 None 0.9466304839439168 0.9385342789598109
  0.9675060926076361 0.9528]]
[['KPCA' 'Glass' 2 None 0.46511627906976744 0.5340380549682876
  0.46511627906976744 0.3836597307221542]]
[['KPCA' 'Grade' 2 None 0.445 0.753025 0.445 0.274083044982699]]
[['KPCA' 'Heart' 2 None 0.5543478260869565 0.5543478260869565 1.0
  0.7132867132867133]]
[['KPCA' 'Heart' 4 None 0.5543478260869565 0.5543478260869565 1.0
  0.7132867132867133]]
[['KPCA' 'Heart' 6 None 0.5543478260869565 0.5543478260869565 1.0
  0.7132867132867133]]
[['KPCA' 'Heart' 8 None 0.5543478260869565 0.5543478260869565 1.0
  0.7132867132867133]]
[['KPCA' 'Parkinsons' 2 None 0.8205128205128205 0.8055555555555556 1.0
  0.8923076923076924]]
[['KPCA' 'Parkinsons' 4 None 0.8205128205128205 0.8055555555555556 1.0
  0.8923076923076924]]
[['KPCA' 'Parkinsons' 6 None 0.8974358974358975 0.8787878787878788 1.0
  0.9354838709677419]]
[['KPCA' 'Parkinsons' 8 None 0.8974358974358975 0.8787878787878788 1.0
  0.9354838709677419]]
[['KPCA' 'Parkinsons' 10 None 0.8974358974358975 0.8787878787878788 1.0
  0.9354838709677419]]
[['KPCA' 'StayHospital' 2 None 0.2955 0.79182025 0.2955
  0.1348054805094558]]
[['KPCA' 'StayHospital' 4 None 0.2955 0.79182025 0.2955
  0.1348054805094558]]
[['KPCA' 'StayHospital' 6 None 0.2955 0.79182025 0.2955
  0.1348054805094558]]
[['KPCA' 'StayHospital' 8 None 0.2955 0.79182025 0.2955
  0.1348054805094558]]
[['KPCA' 'StayHospital' 10 None 0.2955 0.79182025 0.2955
  0.1348054805094558]]
[['KPCA' 'StayHospital' 12 None 0.2955 0.79182025 0.2955
  0.1348054805094558]]
[['KPCA' 'StayHospital' 14 None 0.2955 0.79182025 0.2955
  0.1348054805094558]]
[['KPCA' 'StayHospital' 16 None 0.2955 0.79182025 0.2955
  0.1348054805094558]]
[['KPCA' 'StayHospital' 18 None 0.2955 0.79182025 0.2955
  0.1348054805094558]]
[['KPCA' 'StayHospital' 20 None 0.2955 0.79182025 0.2955
  0.1348054805094558]]
[['KPCA' 'StayHospital' 22 None 0.2955 0.79182025 0.2955
  0.1348054805094558]]
[['KPCA' 'StayHospital' 24 None 0.2955 0.79182025 0.2955
  0.1348054805094558]]
[['KPCA' 'Zoo' 2 None 0.8571428571428571 0.8944444444444444
  0.8571428571428571 0.8123960695389266]]
[['KPCA' 'Zoo' 4 None 0.9523809523809523 0.9642857142857143
  0.9523809523809523 0.9319727891156462]]
[['KPCA' 'Zoo' 6 None 0.9523809523809523 0.9642857142857143
  0.9523809523809523 0.9319727891156462]]
----------ica----------
Index(['dr_name', 'dataset_name', 'n_components', 'n_neighbors',
       'fit_transform_time'],
      dtype='object')
ICA,AcademicSuccess,2,None,0.006260871887207031
ICA,AcademicSuccess,4,None,0.036754608154296875
ICA,AcademicSuccess,6,None,0.051448822021484375
ICA,AcademicSuccess,8,None,0.04391360282897949
ICA,AcademicSuccess,10,None,0.0780935287475586
ICA,AcademicSuccess,12,None,0.08637595176696777
ICA,AcademicSuccess,14,None,0.10976004600524902
ICA,AcademicSuccess,16,None,0.1027824878692627
ICA,BuyCoupon,2,None,0.13122963905334473
ICA,BuyCoupon,5,None,0.17064499855041504
ICA,BuyCoupon,8,None,0.22625088691711426
ICA,BuyCoupon,11,None,0.2963547706604004
ICA,BuyCoupon,14,None,1.6005494594573975
ICA,BuyCoupon,17,None,1.4280519485473633
ICA,BuyCoupon,20,None,0.43717098236083984
ICA,BuyCoupon,23,None,1.6235005855560303
ICA,BuyCoupon,26,None,1.5487241744995117
ICA,BuyCoupon,29,None,2.4984853267669678
ICA,DryBean,2,None,0.1446230411529541
ICA,DryBean,4,None,0.08709859848022461
ICA,DryBean,6,None,0.5348517894744873
ICA,FakeWebsite,2,None,0.07732963562011719
ICA,FakeWebsite,4,None,0.0996696949005127
ICA,FakeWebsite,6,None,0.09485006332397461
ICA,FakeWebsite,8,None,0.08412981033325195
ICA,FakeWebsite,10,None,0.11623239517211914
ICA,FakeWebsite,12,None,0.14407658576965332
ICA,FakeWebsite,14,None,0.3596317768096924
ICA,Glass,2,None,0.00746464729309082
ICA,Grade,2,None,0.008742570877075195
ICA,Heart,2,None,0.035407066345214844
ICA,Heart,4,None,0.010249137878417969
ICA,Heart,6,None,0.006017208099365234
ICA,Heart,8,None,0.00900721549987793
ICA,Parkinsons,2,None,0.03450274467468262
ICA,Parkinsons,4,None,0.03575325012207031
ICA,Parkinsons,6,None,0.02778768539428711
ICA,Parkinsons,8,None,0.030869245529174805
ICA,Parkinsons,10,None,0.035430908203125
ICA,StayHospital,2,None,0.039061546325683594
ICA,StayHospital,4,None,0.0705714225769043
ICA,StayHospital,6,None,0.1532270908355713
ICA,StayHospital,8,None,0.13051438331604004
ICA,StayHospital,10,None,0.21895289421081543
ICA,StayHospital,12,None,0.24263572692871094
ICA,StayHospital,14,None,0.3081517219543457
ICA,StayHospital,16,None,1.1244971752166748
ICA,StayHospital,18,None,1.535487413406372
ICA,StayHospital,20,None,0.31768059730529785
ICA,StayHospital,22,None,1.9011905193328857
ICA,StayHospital,24,None,2.7028675079345703
ICA,Zoo,2,None,0.0058438777923583984
ICA,Zoo,4,None,0.007691621780395508
ICA,Zoo,6,None,0.0644378662109375
Index(['dr_name', 'dataset_name', 'n_components', 'n_neighbors',
       'transform_time'],
      dtype='object')
ICA,AcademicSuccess,2,None,0.0009908676147460938
ICA,AcademicSuccess,4,None,0.000942230224609375
ICA,AcademicSuccess,6,None,0.0009551048278808594
ICA,AcademicSuccess,8,None,0.0009474754333496094
ICA,AcademicSuccess,10,None,0.002543210983276367
ICA,AcademicSuccess,12,None,0.009099245071411133
ICA,AcademicSuccess,14,None,0.003251791000366211
ICA,AcademicSuccess,16,None,0.0026123523712158203
ICA,BuyCoupon,2,None,0.0045223236083984375
ICA,BuyCoupon,5,None,0.004784584045410156
ICA,BuyCoupon,8,None,0.005958080291748047
ICA,BuyCoupon,11,None,0.004861593246459961
ICA,BuyCoupon,14,None,0.0057525634765625
ICA,BuyCoupon,17,None,0.007228374481201172
ICA,BuyCoupon,20,None,0.004861116409301758
ICA,BuyCoupon,23,None,0.0074388980865478516
ICA,BuyCoupon,26,None,0.007855653762817383
ICA,BuyCoupon,29,None,0.00771641731262207
ICA,DryBean,2,None,0.0008420944213867188
ICA,DryBean,4,None,0.0008127689361572266
ICA,DryBean,6,None,0.0008471012115478516
ICA,FakeWebsite,2,None,0.0009903907775878906
ICA,FakeWebsite,4,None,0.005141019821166992
ICA,FakeWebsite,6,None,0.0030851364135742188
ICA,FakeWebsite,8,None,0.002980947494506836
ICA,FakeWebsite,10,None,0.003451108932495117
ICA,FakeWebsite,12,None,0.0040760040283203125
ICA,FakeWebsite,14,None,0.018978595733642578
ICA,Glass,2,None,0.0006773471832275391
ICA,Grade,2,None,0.0006918907165527344
ICA,Heart,2,None,0.0008034706115722656
ICA,Heart,4,None,0.0007910728454589844
ICA,Heart,6,None,0.008942365646362305
ICA,Heart,8,None,0.0007975101470947266
ICA,Parkinsons,2,None,0.0007402896881103516
ICA,Parkinsons,4,None,0.0007202625274658203
ICA,Parkinsons,6,None,0.0007240772247314453
ICA,Parkinsons,8,None,0.0007162094116210938
ICA,Parkinsons,10,None,0.0007157325744628906
ICA,StayHospital,2,None,0.0011353492736816406
ICA,StayHospital,4,None,0.004987955093383789
ICA,StayHospital,6,None,0.0032842159271240234
ICA,StayHospital,8,None,0.006743669509887695
ICA,StayHospital,10,None,0.007256746292114258
ICA,StayHospital,12,None,0.0037794113159179688
ICA,StayHospital,14,None,0.0033829212188720703
ICA,StayHospital,16,None,0.0038018226623535156
ICA,StayHospital,18,None,0.004845142364501953
ICA,StayHospital,20,None,0.006325483322143555
ICA,StayHospital,22,None,0.015274286270141602
ICA,StayHospital,24,None,0.006695747375488281
ICA,Zoo,2,None,0.0007917881011962891
ICA,Zoo,4,None,0.0007793903350830078
ICA,Zoo,6,None,0.0007724761962890625
Index(['dr_name', 'dataset_name', 'n_components', 'n_neighbors', 'accuracy',
       'precision', 'recall', 'f1_score'],
      dtype='object')
[['ICA' 'AcademicSuccess' 2 None 0.6632768361581921 0.7329015521488949
  0.6632768361581921 0.5922454629577624]]
[['ICA' 'AcademicSuccess' 4 None 0.688135593220339 0.6486800415589331
  0.688135593220339 0.6223973335528433]]
[['ICA' 'AcademicSuccess' 6 None 0.7220338983050848 0.7005712887181842
  0.7220338983050848 0.6871392627899197]]
[['ICA' 'AcademicSuccess' 8 None 0.7163841807909604 0.6897124340048578
  0.7163841807909604 0.6814749075522525]]
[['ICA' 'AcademicSuccess' 10 None 0.7163841807909604 0.6907437608395502
  0.7163841807909604 0.6885760714645008]]
[['ICA' 'AcademicSuccess' 12 None 0.7254237288135593 0.7059164615221021
  0.7254237288135593 0.6990001190003091]]
[['ICA' 'AcademicSuccess' 14 None 0.7163841807909604 0.6951726694569254
  0.7163841807909604 0.6940579560004534]]
[['ICA' 'AcademicSuccess' 16 None 0.7209039548022599 0.6982940640690284
  0.7209039548022599 0.6991914643727876]]
[['ICA' 'BuyCoupon' 2 None 0.5648403626330312 0.5672235481304694
  0.9889042995839112 0.7209302325581396]]
[['ICA' 'BuyCoupon' 5 None 0.6081986598344501 0.619530416221985
  0.805131761442441 0.7002412545235223]]
[['ICA' 'BuyCoupon' 8 None 0.6026803310997241 0.61337513061651
  0.8141470180305131 0.699642431466031]]
[['ICA' 'BuyCoupon' 11 None 0.640520299566417 0.644808743169399
  0.8183079056865464 0.7212713936430318]]
[['ICA' 'BuyCoupon' 14 None 0.6677177769018526 0.6760728982951205
  0.79750346740638 0.7317849188673241]]
[['ICA' 'BuyCoupon' 17 None 0.6960977532518723 0.7027190332326284
  0.8065187239944521 0.7510494026477236]]
[['ICA' 'BuyCoupon' 20 None 0.7162002364998029 0.724502487562189
  0.8079056865464632 0.7639344262295082]]
[['ICA' 'BuyCoupon' 23 None 0.7327552227039811 0.7426937738246506
  0.8106796116504854 0.7751989389920425]]
[['ICA' 'BuyCoupon' 26 None 0.7366968860859283 0.7421777221526908
  0.8224687933425797 0.7802631578947368]]
[['ICA' 'BuyCoupon' 29 None 0.7382735514387071 0.7465145754119138
  0.8169209431345353 0.7801324503311259]]
[['ICA' 'DryBean' 2 None 0.8817480719794345 0.8847594473444789
  0.8817480719794345 0.879600793301895]]
[['ICA' 'DryBean' 4 None 0.9015791406536908 0.9025774777273238
  0.9015791406536908 0.9012749984692034]]
[['ICA' 'DryBean' 6 None 0.9331619537275064 0.9335386536491167
  0.9331619537275064 0.933282762455244]]
[['ICA' 'FakeWebsite' 2 None 0.8991406603346902 0.9057971014492754
  0.9138911454102355 0.9098261221188839]]
[['ICA' 'FakeWebsite' 4 None 0.900497512437811 0.9146841673502871
  0.9057676685621446 0.9102040816326531]]
[['ICA' 'FakeWebsite' 6 None 0.9136137494346449 0.9166666666666666
  0.9293257514216084 0.9229528035498185]]
[['ICA' 'FakeWebsite' 8 None 0.9344188150158299 0.931637519872814
  0.9520714865962632 0.9417436721574929]]
[['ICA' 'FakeWebsite' 10 None 0.9389416553595658 0.9349206349206349
  0.9569455727051178 0.9458048976314732]]
[['ICA' 'FakeWebsite' 12 None 0.9448213478064225 0.9383399209486166
  0.9642567018683996 0.9511217948717949]]
[['ICA' 'FakeWebsite' 14 None 0.9511533242876526 0.9424743892829
  0.9715678310316815 0.9568]]
[['ICA' 'Glass' 2 None 0.6976744186046512 0.7586831772878284
  0.6976744186046512 0.6410941815913748]]
[['ICA' 'Grade' 2 None 0.965 0.9667947368421053 0.965 0.9648522851046799]]
[['ICA' 'Heart' 2 None 0.6956521739130435 0.6949152542372882
  0.803921568627451 0.7454545454545455]]
[['ICA' 'Heart' 4 None 0.7391304347826086 0.7288135593220338
  0.8431372549019608 0.7818181818181819]]
[['ICA' 'Heart' 6 None 0.8478260869565217 0.8363636363636363
  0.9019607843137255 0.8679245283018867]]
[['ICA' 'Heart' 8 None 0.8369565217391305 0.8272727272727273
  0.8921568627450981 0.8584905660377359]]
[['ICA' 'Parkinsons' 2 None 0.8461538461538461 0.8285714285714286 1.0
  0.90625]]
[['ICA' 'Parkinsons' 4 None 0.8205128205128205 0.8055555555555556 1.0
  0.8923076923076924]]
[['ICA' 'Parkinsons' 6 None 0.8461538461538461 0.8285714285714286 1.0
  0.90625]]
[['ICA' 'Parkinsons' 8 None 0.8717948717948718 0.8529411764705882 1.0
  0.9206349206349206]]
[['ICA' 'Parkinsons' 10 None 0.8205128205128205 0.8055555555555556 1.0
  0.8923076923076924]]
[['ICA' 'StayHospital' 2 None 0.2975 0.5414044097043852 0.2975
  0.1480585611513613]]
[['ICA' 'StayHospital' 4 None 0.299 0.41279130330225283 0.299
  0.1624705956183184]]
[['ICA' 'StayHospital' 6 None 0.35 0.43987840273874224 0.35
  0.26080781210693604]]
[['ICA' 'StayHospital' 8 None 0.378 0.4110576277709195 0.378
  0.3059247758758022]]
[['ICA' 'StayHospital' 10 None 0.3955 0.47249044165856724 0.3955
  0.3347591846493424]]
[['ICA' 'StayHospital' 12 None 0.4005 0.4321193771195202 0.4005
  0.3406350517732711]]
[['ICA' 'StayHospital' 14 None 0.4055 0.44232387960667446 0.4055
  0.3468690224970343]]
[['ICA' 'StayHospital' 16 None 0.412 0.44189353017139865 0.412
  0.3529711397081986]]
[['ICA' 'StayHospital' 18 None 0.4155 0.44327644646961145 0.4155
  0.35425470808027465]]
[['ICA' 'StayHospital' 20 None 0.413 0.4414682835907191 0.413
  0.350869966649571]]
[['ICA' 'StayHospital' 22 None 0.421 0.4663739817467502 0.421
  0.36078585305106986]]
[['ICA' 'StayHospital' 24 None 0.4145 0.45434459616419365 0.4145
  0.3549321991533389]]
[['ICA' 'Zoo' 2 None 0.8571428571428571 0.8944444444444444
  0.8571428571428571 0.8123960695389266]]
[['ICA' 'Zoo' 4 None 0.9523809523809523 0.9642857142857143
  0.9523809523809523 0.9319727891156462]]
[['ICA' 'Zoo' 6 None 0.9523809523809523 0.9576719576719577
  0.9523809523809523 0.9299719887955182]]
----------svd----------
Index(['dr_name', 'dataset_name', 'n_components', 'n_neighbors',
       'fit_transform_time'],
      dtype='object')
SVD,AcademicSuccess,2,None,0.1482093334197998
SVD,AcademicSuccess,4,None,0.1661546230316162
SVD,AcademicSuccess,6,None,0.16315150260925293
SVD,AcademicSuccess,8,None,0.07931923866271973
SVD,AcademicSuccess,10,None,0.0642099380493164
SVD,AcademicSuccess,12,None,0.21398138999938965
SVD,AcademicSuccess,14,None,0.12844371795654297
SVD,AcademicSuccess,16,None,0.2663276195526123
SVD,BuyCoupon,2,None,0.21711468696594238
SVD,BuyCoupon,5,None,0.12442421913146973
SVD,BuyCoupon,8,None,0.1576251983642578
SVD,BuyCoupon,11,None,0.23269104957580566
SVD,BuyCoupon,14,None,0.17355608940124512
SVD,BuyCoupon,17,None,0.27166008949279785
SVD,BuyCoupon,20,None,0.36022233963012695
SVD,BuyCoupon,23,None,0.4597630500793457
SVD,BuyCoupon,26,None,0.27754688262939453
SVD,BuyCoupon,29,None,0.5800087451934814
SVD,DryBean,2,None,0.09395647048950195
SVD,DryBean,4,None,0.13872003555297852
SVD,DryBean,6,None,0.13707423210144043
SVD,FakeWebsite,2,None,0.04997372627258301
SVD,FakeWebsite,4,None,0.08320999145507812
SVD,FakeWebsite,6,None,0.136214017868042
SVD,FakeWebsite,8,None,0.17113804817199707
SVD,FakeWebsite,10,None,0.16217708587646484
SVD,FakeWebsite,12,None,0.19600152969360352
SVD,FakeWebsite,14,None,0.23246216773986816
SVD,Glass,2,None,0.03007340431213379
SVD,Grade,2,None,0.007759571075439453
SVD,Heart,2,None,0.008597612380981445
SVD,Heart,4,None,0.023276805877685547
SVD,Heart,6,None,0.009968042373657227
SVD,Heart,8,None,0.002872467041015625
SVD,Parkinsons,2,None,0.0017070770263671875
SVD,Parkinsons,4,None,0.003220081329345703
SVD,Parkinsons,6,None,0.001828908920288086
SVD,Parkinsons,8,None,0.0023620128631591797
SVD,Parkinsons,10,None,0.019148826599121094
SVD,StayHospital,2,None,0.18207430839538574
SVD,StayHospital,4,None,0.07588315010070801
SVD,StayHospital,6,None,0.12116599082946777
SVD,StayHospital,8,None,0.1614067554473877
SVD,StayHospital,10,None,0.09994339942932129
SVD,StayHospital,12,None,0.15658235549926758
SVD,StayHospital,14,None,0.140455961227417
SVD,StayHospital,16,None,0.3077387809753418
SVD,StayHospital,18,None,0.4679412841796875
SVD,StayHospital,20,None,0.5756645202636719
SVD,StayHospital,22,None,0.43801021575927734
SVD,StayHospital,24,None,0.1888120174407959
SVD,Zoo,2,None,0.009245157241821289
SVD,Zoo,4,None,0.030930757522583008
SVD,Zoo,6,None,0.016240596771240234
Index(['dr_name', 'dataset_name', 'n_components', 'n_neighbors',
       'transform_time'],
      dtype='object')
SVD,AcademicSuccess,2,None,0.0008983612060546875
SVD,AcademicSuccess,4,None,0.0008630752563476562
SVD,AcademicSuccess,6,None,0.0008709430694580078
SVD,AcademicSuccess,8,None,0.0008840560913085938
SVD,AcademicSuccess,10,None,0.014100074768066406
SVD,AcademicSuccess,12,None,0.0035080909729003906
SVD,AcademicSuccess,14,None,0.0048787593841552734
SVD,AcademicSuccess,16,None,0.02444934844970703
SVD,BuyCoupon,2,None,0.0063610076904296875
SVD,BuyCoupon,5,None,0.00413823127746582
SVD,BuyCoupon,8,None,0.001556396484375
SVD,BuyCoupon,11,None,0.0036602020263671875
SVD,BuyCoupon,14,None,0.010897636413574219
SVD,BuyCoupon,17,None,0.01530146598815918
SVD,BuyCoupon,20,None,0.004033327102661133
SVD,BuyCoupon,23,None,0.013496875762939453
SVD,BuyCoupon,26,None,0.0019106864929199219
SVD,BuyCoupon,29,None,0.002109050750732422
SVD,DryBean,2,None,0.0008156299591064453
SVD,DryBean,4,None,0.0007777214050292969
SVD,DryBean,6,None,0.0008103847503662109
SVD,FakeWebsite,2,None,0.001066446304321289
SVD,FakeWebsite,4,None,0.011847734451293945
SVD,FakeWebsite,6,None,0.002317190170288086
SVD,FakeWebsite,8,None,0.013283014297485352
SVD,FakeWebsite,10,None,0.0009334087371826172
SVD,FakeWebsite,12,None,0.0019464492797851562
SVD,FakeWebsite,14,None,0.008060932159423828
SVD,Glass,2,None,0.0006830692291259766
SVD,Grade,2,None,0.0006585121154785156
SVD,Heart,2,None,0.0007762908935546875
SVD,Heart,4,None,0.0007526874542236328
SVD,Heart,6,None,0.00969076156616211
SVD,Heart,8,None,0.00075531005859375
SVD,Parkinsons,2,None,0.0007252693176269531
SVD,Parkinsons,4,None,0.0007054805755615234
SVD,Parkinsons,6,None,0.0007238388061523438
SVD,Parkinsons,8,None,0.0007102489471435547
SVD,Parkinsons,10,None,0.0007059574127197266
SVD,StayHospital,2,None,0.0011038780212402344
SVD,StayHospital,4,None,0.0049970149993896484
SVD,StayHospital,6,None,0.003292083740234375
SVD,StayHospital,8,None,0.007383584976196289
SVD,StayHospital,10,None,0.003530740737915039
SVD,StayHospital,12,None,0.005422353744506836
SVD,StayHospital,14,None,0.0031423568725585938
SVD,StayHospital,16,None,0.0031442642211914062
SVD,StayHospital,18,None,0.002803802490234375
SVD,StayHospital,20,None,0.0031595230102539062
SVD,StayHospital,22,None,0.0032172203063964844
SVD,StayHospital,24,None,0.0027618408203125
SVD,Zoo,2,None,0.0020067691802978516
SVD,Zoo,4,None,0.0007495880126953125
SVD,Zoo,6,None,0.0007331371307373047
Index(['dr_name', 'dataset_name', 'n_components', 'n_neighbors', 'accuracy',
       'precision', 'recall', 'f1_score'],
      dtype='object')
[['SVD' 'AcademicSuccess' 2 None 0.6677966101694915 0.7391272845916284
  0.6677966101694915 0.5962875975926383]]
[['SVD' 'AcademicSuccess' 4 None 0.6824858757062147 0.6616507936507936
  0.6824858757062147 0.6134142426069646]]
[['SVD' 'AcademicSuccess' 6 None 0.7073446327683616 0.6887525306512176
  0.7073446327683616 0.6545253462397015]]
[['SVD' 'AcademicSuccess' 8 None 0.7175141242937854 0.697224529670815
  0.7175141242937854 0.6810861794676148]]
[['SVD' 'AcademicSuccess' 10 None 0.7028248587570621 0.673926655233751
  0.7028248587570621 0.666434563674536]]
[['SVD' 'AcademicSuccess' 12 None 0.7141242937853107 0.6896619678488788
  0.7141242937853107 0.6853982715883968]]
[['SVD' 'AcademicSuccess' 14 None 0.7265536723163842 0.7060363369469033
  0.7265536723163842 0.7037591055091045]]
[['SVD' 'AcademicSuccess' 16 None 0.7446327683615819 0.7325957888170025
  0.7446327683615819 0.7280407461446319]]
[['SVD' 'BuyCoupon' 2 None 0.5683878596767836 0.5683878596767836 1.0
  0.7248052274440815]]
[['SVD' 'BuyCoupon' 5 None 0.5683878596767836 0.5683878596767836 1.0
  0.7248052274440815]]
[['SVD' 'BuyCoupon' 8 None 0.5683878596767836 0.5683878596767836 1.0
  0.7248052274440815]]
[['SVD' 'BuyCoupon' 11 None 0.5683878596767836 0.5683878596767836 1.0
  0.7248052274440815]]
[['SVD' 'BuyCoupon' 14 None 0.5683878596767836 0.5683878596767836 1.0
  0.7248052274440815]]
[['SVD' 'BuyCoupon' 17 None 0.5683878596767836 0.5683878596767836 1.0
  0.7248052274440815]]
[['SVD' 'BuyCoupon' 20 None 0.5683878596767836 0.5683878596767836 1.0
  0.7248052274440815]]
[['SVD' 'BuyCoupon' 23 None 0.5683878596767836 0.5683878596767836 1.0
  0.7248052274440815]]
[['SVD' 'BuyCoupon' 26 None 0.5683878596767836 0.5683878596767836 1.0
  0.7248052274440815]]
[['SVD' 'BuyCoupon' 29 None 0.5683878596767836 0.5683878596767836 1.0
  0.7248052274440815]]
[['SVD' 'DryBean' 2 None 0.8813808299669482 0.8843244259056775
  0.8813808299669482 0.8789536856737367]]
[['SVD' 'DryBean' 4 None 0.8993756885787734 0.9005470549775895
  0.8993756885787734 0.8990481345643544]]
[['SVD' 'DryBean' 6 None 0.9302240176276166 0.9309364266339312
  0.9302240176276166 0.9304224615446598]]
[['SVD' 'FakeWebsite' 2 None 0.8941655359565808 0.8928289992119779
  0.9203899268887084 0.9063999999999999]]
[['SVD' 'FakeWebsite' 4 None 0.8937132519222072 0.9068627450980392
  0.9017059301380991 0.9042769857433809]]
[['SVD' 'FakeWebsite' 6 None 0.9014020805065581 0.9094583670169766
  0.9138911454102355 0.9116693679092382]]
[['SVD' 'FakeWebsite' 8 None 0.9199457259158752 0.9222756410256411
  0.9350121852152722 0.9286002420330778]]
[['SVD' 'FakeWebsite' 10 None 0.926729986431479 0.916601714731099
  0.9553208773354996 0.9355608591885441]]
[['SVD' 'FakeWebsite' 12 None 0.9294436906377205 0.9209083790133125
  0.9553208773354996 0.937799043062201]]
[['SVD' 'FakeWebsite' 14 None 0.9303482587064676 0.9230164964650432
  0.9545085296506904 0.9384984025559105]]
[['SVD' 'Glass' 2 None 0.6976744186046512 0.7586831772878284
  0.6976744186046512 0.6410941815913748]]
[['SVD' 'Grade' 2 None 0.955 0.9580948874395119 0.955 0.9548696167631651]]
[['SVD' 'Heart' 2 None 0.6195652173913043 0.6777777777777778
  0.5980392156862745 0.6354166666666667]]
[['SVD' 'Heart' 4 None 0.7065217391304348 0.7142857142857143
  0.7843137254901961 0.7476635514018691]]
[['SVD' 'Heart' 6 None 0.7119565217391305 0.7207207207207207
  0.7843137254901961 0.7511737089201878]]
[['SVD' 'Heart' 8 None 0.7119565217391305 0.7207207207207207
  0.7843137254901961 0.7511737089201878]]
[['SVD' 'Parkinsons' 2 None 0.7948717948717948 0.8 0.9655172413793104
  0.8750000000000001]]
[['SVD' 'Parkinsons' 4 None 0.7948717948717948 0.8 0.9655172413793104
  0.8750000000000001]]
[['SVD' 'Parkinsons' 6 None 0.7948717948717948 0.8181818181818182
  0.9310344827586207 0.8709677419354839]]
[['SVD' 'Parkinsons' 8 None 0.8461538461538461 0.8285714285714286 1.0
  0.90625]]
[['SVD' 'Parkinsons' 10 None 0.8461538461538461 0.8285714285714286 1.0
  0.90625]]
[['SVD' 'StayHospital' 2 None 0.2955 0.79182025 0.2955 0.1348054805094558]]
[['SVD' 'StayHospital' 4 None 0.2955 0.79182025 0.2955 0.1348054805094558]]
[['SVD' 'StayHospital' 6 None 0.2955 0.79182025 0.2955 0.1348054805094558]]
[['SVD' 'StayHospital' 8 None 0.2955 0.79182025 0.2955 0.1348054805094558]]
[['SVD' 'StayHospital' 10 None 0.2955 0.79182025 0.2955
  0.1348054805094558]]
[['SVD' 'StayHospital' 12 None 0.2955 0.79182025 0.2955
  0.1348054805094558]]
[['SVD' 'StayHospital' 14 None 0.2955 0.79182025 0.2955
  0.1348054805094558]]
[['SVD' 'StayHospital' 16 None 0.2955 0.79182025 0.2955
  0.1348054805094558]]
[['SVD' 'StayHospital' 18 None 0.2955 0.79182025 0.2955
  0.1348054805094558]]
[['SVD' 'StayHospital' 20 None 0.2955 0.79182025 0.2955
  0.1348054805094558]]
[['SVD' 'StayHospital' 22 None 0.2955 0.79182025 0.2955
  0.1348054805094558]]
[['SVD' 'StayHospital' 24 None 0.2955 0.79182025 0.2955
  0.1348054805094558]]
[['SVD' 'Zoo' 2 None 0.7142857142857143 0.7987528344671203
  0.7142857142857143 0.6430839002267573]]
[['SVD' 'Zoo' 4 None 0.9047619047619048 0.9166666666666666
  0.9047619047619048 0.8843537414965985]]
[['SVD' 'Zoo' 6 None 0.9523809523809523 0.9642857142857143
  0.9523809523809523 0.9319727891156462]]
----------lpp----------
Index(['dr_name', 'dataset_name', 'n_components', 'n_neighbors',
       'fit_transform_time'],
      dtype='object')
LPP,AcademicSuccess,2,8,0.29707932472229004
LPP,AcademicSuccess,2,15,0.23441147804260254
LPP,AcademicSuccess,2,59,0.27383899688720703
LPP,AcademicSuccess,4,8,0.23537874221801758
LPP,AcademicSuccess,4,15,0.23223066329956055
LPP,AcademicSuccess,4,59,0.26589083671569824
LPP,AcademicSuccess,6,8,0.2349534034729004
LPP,AcademicSuccess,6,15,0.2531406879425049
LPP,AcademicSuccess,6,59,0.28318119049072266
LPP,AcademicSuccess,8,8,0.217742919921875
LPP,AcademicSuccess,8,15,0.2592198848724365
LPP,AcademicSuccess,8,59,0.32042932510375977
LPP,AcademicSuccess,10,8,0.2642676830291748
LPP,AcademicSuccess,10,15,0.2578763961791992
LPP,AcademicSuccess,10,59,0.2618141174316406
LPP,AcademicSuccess,12,8,0.2557973861694336
LPP,AcademicSuccess,12,15,0.2503349781036377
LPP,AcademicSuccess,12,59,0.26445603370666504
LPP,AcademicSuccess,14,8,0.259091854095459
LPP,AcademicSuccess,14,15,0.25428104400634766
LPP,AcademicSuccess,14,59,0.2522244453430176
LPP,AcademicSuccess,16,8,0.22435903549194336
LPP,AcademicSuccess,16,15,0.2442002296447754
LPP,AcademicSuccess,16,59,0.27915453910827637
LPP,BuyCoupon,2,9,1.5986080169677734
LPP,BuyCoupon,2,21,1.6936187744140625
LPP,BuyCoupon,2,100,1.701446771621704
LPP,BuyCoupon,5,9,1.4627881050109863
LPP,BuyCoupon,5,21,1.5501108169555664
LPP,BuyCoupon,5,100,1.7748439311981201
LPP,BuyCoupon,8,9,1.5391814708709717
LPP,BuyCoupon,8,21,1.633929967880249
LPP,BuyCoupon,8,100,1.7211637496948242
LPP,BuyCoupon,11,9,1.373664140701294
LPP,BuyCoupon,11,21,1.4974558353424072
LPP,BuyCoupon,11,100,1.5842525959014893
LPP,BuyCoupon,14,9,1.3359344005584717
LPP,BuyCoupon,14,21,1.4465916156768799
LPP,BuyCoupon,14,100,1.7629094123840332
LPP,BuyCoupon,17,9,1.3269376754760742
LPP,BuyCoupon,17,21,1.5307040214538574
LPP,BuyCoupon,17,100,1.5582234859466553
LPP,BuyCoupon,20,9,1.4030206203460693
LPP,BuyCoupon,20,21,1.3827226161956787
LPP,BuyCoupon,20,100,1.7023036479949951
LPP,BuyCoupon,23,9,1.3504533767700195
LPP,BuyCoupon,23,21,1.50826096534729
LPP,BuyCoupon,23,100,1.6756362915039062
LPP,BuyCoupon,26,9,1.4610035419464111
LPP,BuyCoupon,26,21,1.4810035228729248
LPP,BuyCoupon,26,100,1.7167484760284424
LPP,BuyCoupon,29,9,1.464428424835205
LPP,BuyCoupon,29,21,1.4043147563934326
LPP,BuyCoupon,29,100,1.5446925163269043
LPP,DryBean,2,9,1.236121416091919
LPP,DryBean,2,22,1.2868404388427734
LPP,DryBean,2,104,1.4666132926940918
LPP,DryBean,4,9,1.1770145893096924
LPP,DryBean,4,22,1.312976598739624
LPP,DryBean,4,104,1.4507620334625244
LPP,DryBean,6,9,1.225104570388794
LPP,DryBean,6,22,1.284613847732544
LPP,DryBean,6,104,1.500023365020752
LPP,FakeWebsite,2,9,2.054213285446167
LPP,FakeWebsite,2,20,2.101567029953003
LPP,FakeWebsite,2,94,2.136685609817505
LPP,FakeWebsite,4,9,2.1279168128967285
LPP,FakeWebsite,4,20,2.0423643589019775
LPP,FakeWebsite,4,94,2.1211323738098145
LPP,FakeWebsite,6,9,2.004223108291626
LPP,FakeWebsite,6,20,2.0732338428497314
LPP,FakeWebsite,6,94,2.1197545528411865
LPP,FakeWebsite,8,9,2.031428813934326
LPP,FakeWebsite,8,20,2.078305959701538
LPP,FakeWebsite,8,94,2.112900733947754
LPP,FakeWebsite,10,9,2.039043426513672
LPP,FakeWebsite,10,20,2.08988094329834
LPP,FakeWebsite,10,94,2.1594111919403076
LPP,FakeWebsite,12,9,2.036792755126953
LPP,FakeWebsite,12,20,2.103452682495117
LPP,FakeWebsite,12,94,2.130415439605713
LPP,FakeWebsite,14,9,2.0193440914154053
LPP,FakeWebsite,14,20,2.1152780055999756
LPP,FakeWebsite,14,94,2.211747169494629
LPP,Glass,2,5,0.007590055465698242
LPP,Glass,2,5,0.0032219886779785156
LPP,Glass,2,13,0.003335237503051758
LPP,Grade,2,6,0.01335453987121582
LPP,Grade,2,9,0.01279306411743164
LPP,Grade,2,28,0.015491008758544922
LPP,Heart,2,6,0.07675457000732422
LPP,Heart,2,9,0.07988429069519043
LPP,Heart,2,27,0.08672904968261719
LPP,Heart,4,6,0.08602595329284668
LPP,Heart,4,9,0.08258819580078125
LPP,Heart,4,27,0.0841517448425293
LPP,Heart,6,6,0.0803065299987793
LPP,Heart,6,9,0.0785055160522461
LPP,Heart,6,27,0.08212447166442871
LPP,Heart,8,6,0.08288812637329102
LPP,Heart,8,9,0.08753371238708496
LPP,Heart,8,27,0.0814976692199707
LPP,Parkinsons,2,5,0.08971691131591797
LPP,Parkinsons,2,5,0.027150630950927734
LPP,Parkinsons,2,12,0.032677650451660156
LPP,Parkinsons,4,5,0.06454086303710938
LPP,Parkinsons,4,5,0.07021117210388184
LPP,Parkinsons,4,12,0.03551912307739258
LPP,Parkinsons,6,5,0.06313252449035645
LPP,Parkinsons,6,5,0.05463981628417969
LPP,Parkinsons,6,12,0.017146587371826172
LPP,Parkinsons,8,5,0.08728957176208496
LPP,Parkinsons,8,5,0.07870721817016602
LPP,Parkinsons,8,12,0.07558989524841309
LPP,Parkinsons,10,5,0.07718825340270996
LPP,Parkinsons,10,5,0.08355712890625
LPP,Parkinsons,10,12,0.08204221725463867
LPP,StayHospital,2,8,1.610809326171875
LPP,StayHospital,2,19,1.7963013648986816
LPP,StayHospital,2,89,1.8744230270385742
LPP,StayHospital,4,8,1.703143835067749
LPP,StayHospital,4,19,1.5916998386383057
LPP,StayHospital,4,89,1.7104713916778564
LPP,StayHospital,6,8,1.6786408424377441
LPP,StayHospital,6,19,1.645493507385254
LPP,StayHospital,6,89,1.6973226070404053
LPP,StayHospital,8,8,1.5895559787750244
LPP,StayHospital,8,19,1.5961241722106934
LPP,StayHospital,8,89,1.6511378288269043
LPP,StayHospital,10,8,1.5680439472198486
LPP,StayHospital,10,19,1.6066701412200928
LPP,StayHospital,10,89,1.7552258968353271
LPP,StayHospital,12,8,1.6809182167053223
LPP,StayHospital,12,19,2.115408182144165
LPP,StayHospital,12,89,2.175441026687622
LPP,StayHospital,14,8,2.0718941688537598
LPP,StayHospital,14,19,2.159691333770752
LPP,StayHospital,14,89,2.2141172885894775
LPP,StayHospital,16,8,2.0851399898529053
LPP,StayHospital,16,19,1.957606315612793
LPP,StayHospital,16,89,2.125084161758423
LPP,StayHospital,18,8,2.094883680343628
LPP,StayHospital,18,19,1.8476996421813965
LPP,StayHospital,18,89,2.17448353767395
LPP,StayHospital,20,8,2.0367722511291504
LPP,StayHospital,20,19,2.1772947311401367
LPP,StayHospital,20,89,2.1536037921905518
LPP,StayHospital,22,8,2.078467607498169
LPP,StayHospital,22,19,2.06673526763916
LPP,StayHospital,22,89,2.2416365146636963
LPP,StayHospital,24,8,2.1806044578552246
LPP,StayHospital,24,19,2.0606689453125
LPP,StayHospital,24,89,2.257614850997925
LPP,Zoo,2,4,0.08896756172180176
LPP,Zoo,2,4,0.070526123046875
LPP,Zoo,2,8,0.03814220428466797
LPP,Zoo,4,4,0.07649683952331543
LPP,Zoo,4,4,0.054390907287597656
LPP,Zoo,4,8,0.0300748348236084
LPP,Zoo,6,4,0.06432771682739258
LPP,Zoo,6,4,0.0880589485168457
LPP,Zoo,6,8,0.07703256607055664
Index(['dr_name', 'dataset_name', 'n_components', 'n_neighbors',
       'transform_time'],
      dtype='object')
LPP,AcademicSuccess,2,8,0.0006616115570068359
LPP,AcademicSuccess,2,15,0.0006809234619140625
LPP,AcademicSuccess,2,59,0.0006287097930908203
LPP,AcademicSuccess,4,8,0.0006232261657714844
LPP,AcademicSuccess,4,15,0.0006196498870849609
LPP,AcademicSuccess,4,59,0.0006582736968994141
LPP,AcademicSuccess,6,8,0.0010805130004882812
LPP,AcademicSuccess,6,15,0.0010616779327392578
LPP,AcademicSuccess,6,59,0.0006089210510253906
LPP,AcademicSuccess,8,8,0.0005981922149658203
LPP,AcademicSuccess,8,15,0.0006070137023925781
LPP,AcademicSuccess,8,59,0.0005984306335449219
LPP,AcademicSuccess,10,8,0.00869131088256836
LPP,AcademicSuccess,10,15,0.015097618103027344
LPP,AcademicSuccess,10,59,0.006402492523193359
LPP,AcademicSuccess,12,8,0.0024085044860839844
LPP,AcademicSuccess,12,15,0.002408742904663086
LPP,AcademicSuccess,12,59,0.0023984909057617188
LPP,AcademicSuccess,14,8,0.008287668228149414
LPP,AcademicSuccess,14,15,0.005535602569580078
LPP,AcademicSuccess,14,59,0.0020318031311035156
LPP,AcademicSuccess,16,8,0.002482175827026367
LPP,AcademicSuccess,16,15,0.002466917037963867
LPP,AcademicSuccess,16,59,0.002499103546142578
LPP,BuyCoupon,2,9,0.003390073776245117
LPP,BuyCoupon,2,21,0.0035665035247802734
LPP,BuyCoupon,2,100,0.003562450408935547
LPP,BuyCoupon,5,9,0.004492998123168945
LPP,BuyCoupon,5,21,0.003554821014404297
LPP,BuyCoupon,5,100,0.006144285202026367
LPP,BuyCoupon,8,9,0.003518342971801758
LPP,BuyCoupon,8,21,0.0045201778411865234
LPP,BuyCoupon,8,100,0.0037534236907958984
LPP,BuyCoupon,11,9,0.0035965442657470703
LPP,BuyCoupon,11,21,0.0036160945892333984
LPP,BuyCoupon,11,100,0.0037233829498291016
LPP,BuyCoupon,14,9,0.0037384033203125
LPP,BuyCoupon,14,21,0.003783702850341797
LPP,BuyCoupon,14,100,0.00373077392578125
LPP,BuyCoupon,17,9,0.003765106201171875
LPP,BuyCoupon,17,21,0.0037386417388916016
LPP,BuyCoupon,17,100,0.010622262954711914
LPP,BuyCoupon,20,9,0.0038251876831054688
LPP,BuyCoupon,20,21,0.0037245750427246094
LPP,BuyCoupon,20,100,0.004515409469604492
LPP,BuyCoupon,23,9,0.003736257553100586
LPP,BuyCoupon,23,21,0.004406452178955078
LPP,BuyCoupon,23,100,0.003687143325805664
LPP,BuyCoupon,26,9,0.003778219223022461
LPP,BuyCoupon,26,21,0.004563331604003906
LPP,BuyCoupon,26,100,0.0053822994232177734
LPP,BuyCoupon,29,9,0.008120536804199219
LPP,BuyCoupon,29,21,0.003943920135498047
LPP,BuyCoupon,29,100,0.00486445426940918
LPP,DryBean,2,9,0.0009326934814453125
LPP,DryBean,2,22,0.0007197856903076172
LPP,DryBean,2,104,0.0028839111328125
LPP,DryBean,4,9,0.0009477138519287109
LPP,DryBean,4,22,0.0007092952728271484
LPP,DryBean,4,104,0.008046150207519531
LPP,DryBean,6,9,0.0009443759918212891
LPP,DryBean,6,22,0.004320859909057617
LPP,DryBean,6,104,0.0009837150573730469
LPP,FakeWebsite,2,9,0.0011324882507324219
LPP,FakeWebsite,2,20,0.02152848243713379
LPP,FakeWebsite,2,94,0.002060413360595703
LPP,FakeWebsite,4,9,0.005759000778198242
LPP,FakeWebsite,4,20,0.004059314727783203
LPP,FakeWebsite,4,94,0.012109756469726562
LPP,FakeWebsite,6,9,0.005072832107543945
LPP,FakeWebsite,6,20,0.004151582717895508
LPP,FakeWebsite,6,94,0.005258798599243164
LPP,FakeWebsite,8,9,0.006531238555908203
LPP,FakeWebsite,8,20,0.004285097122192383
LPP,FakeWebsite,8,94,0.003938436508178711
LPP,FakeWebsite,10,9,0.00395965576171875
LPP,FakeWebsite,10,20,0.003962993621826172
LPP,FakeWebsite,10,94,0.00940251350402832
LPP,FakeWebsite,12,9,0.0051288604736328125
LPP,FakeWebsite,12,20,0.005193948745727539
LPP,FakeWebsite,12,94,0.004343748092651367
LPP,FakeWebsite,14,9,0.004122018814086914
LPP,FakeWebsite,14,20,0.014520883560180664
LPP,FakeWebsite,14,94,0.004388570785522461
LPP,Glass,2,5,0.0006177425384521484
LPP,Glass,2,5,0.0006015300750732422
LPP,Glass,2,13,0.0005977153778076172
LPP,Grade,2,6,0.0005829334259033203
LPP,Grade,2,9,0.0005819797515869141
LPP,Grade,2,28,0.0005879402160644531
LPP,Heart,2,6,0.0007004737854003906
LPP,Heart,2,9,0.0006999969482421875
LPP,Heart,2,27,0.0007841587066650391
LPP,Heart,4,6,0.0006914138793945312
LPP,Heart,4,9,0.0006911754608154297
LPP,Heart,4,27,0.000705718994140625
LPP,Heart,6,6,0.008606672286987305
LPP,Heart,6,9,0.0006897449493408203
LPP,Heart,6,27,0.0006756782531738281
LPP,Heart,8,6,0.0006716251373291016
LPP,Heart,8,9,0.0006687641143798828
LPP,Heart,8,27,0.0006654262542724609
LPP,Parkinsons,2,5,0.00925755500793457
LPP,Parkinsons,2,5,0.0006384849548339844
LPP,Parkinsons,2,12,0.0006299018859863281
LPP,Parkinsons,4,5,0.0006375312805175781
LPP,Parkinsons,4,5,0.00063323974609375
LPP,Parkinsons,4,12,0.0006260871887207031
LPP,Parkinsons,6,5,0.0006351470947265625
LPP,Parkinsons,6,5,0.0005965232849121094
LPP,Parkinsons,6,12,0.0005846023559570312
LPP,Parkinsons,8,5,0.0005967617034912109
LPP,Parkinsons,8,5,0.0005776882171630859
LPP,Parkinsons,8,12,0.0005750656127929688
LPP,Parkinsons,10,5,0.0006036758422851562
LPP,Parkinsons,10,5,0.0006525516510009766
LPP,Parkinsons,10,12,0.0006525516510009766
LPP,StayHospital,2,8,0.0009334087371826172
LPP,StayHospital,2,19,0.0008935928344726562
LPP,StayHospital,2,89,0.00089263916015625
LPP,StayHospital,4,8,0.008902549743652344
LPP,StayHospital,4,19,0.009580612182617188
LPP,StayHospital,4,89,0.0057680606842041016
LPP,StayHospital,6,8,0.0026602745056152344
LPP,StayHospital,6,19,0.002677440643310547
LPP,StayHospital,6,89,0.0027244091033935547
LPP,StayHospital,8,8,0.007448434829711914
LPP,StayHospital,8,19,0.013752937316894531
LPP,StayHospital,8,89,0.0044481754302978516
LPP,StayHospital,10,8,0.006213188171386719
LPP,StayHospital,10,19,0.004403829574584961
LPP,StayHospital,10,89,0.004451751708984375
LPP,StayHospital,12,8,0.004773139953613281
LPP,StayHospital,12,19,0.0045740604400634766
LPP,StayHospital,12,89,0.010114669799804688
LPP,StayHospital,14,8,0.004759311676025391
LPP,StayHospital,14,19,0.0031137466430664062
LPP,StayHospital,14,89,0.0035054683685302734
LPP,StayHospital,16,8,0.0046312808990478516
LPP,StayHospital,16,19,0.009320735931396484
LPP,StayHospital,16,89,0.0025947093963623047
LPP,StayHospital,18,8,0.002835988998413086
LPP,StayHospital,18,19,0.0028069019317626953
LPP,StayHospital,18,89,0.0047338008880615234
LPP,StayHospital,20,8,0.002832651138305664
LPP,StayHospital,20,19,0.0057604312896728516
LPP,StayHospital,20,89,0.0027952194213867188
LPP,StayHospital,22,8,0.002810239791870117
LPP,StayHospital,22,19,0.003350973129272461
LPP,StayHospital,22,89,0.0028772354125976562
LPP,StayHospital,24,8,0.002917051315307617
LPP,StayHospital,24,19,0.0029447078704833984
LPP,StayHospital,24,89,0.002935171127319336
LPP,Zoo,2,4,0.0007221698760986328
LPP,Zoo,2,4,0.0006995201110839844
LPP,Zoo,2,8,0.0007002353668212891
LPP,Zoo,4,4,0.0006978511810302734
LPP,Zoo,4,4,0.0006949901580810547
LPP,Zoo,4,8,0.0006852149963378906
LPP,Zoo,6,4,0.0006856918334960938
LPP,Zoo,6,4,0.0006890296936035156
LPP,Zoo,6,8,0.0006799697875976562
Index(['dr_name', 'dataset_name', 'n_components', 'n_neighbors', 'accuracy',
       'precision', 'recall', 'f1_score'],
      dtype='object')
[['LPP' 'AcademicSuccess' 2 8 0.6519774011299435 0.7506112547479971
  0.6519774011299435 0.5786687511422788]]
[['LPP' 'AcademicSuccess' 2 15 0.6474576271186441 0.7455743879472693
  0.6474576271186441 0.5741471697329026]]
[['LPP' 'AcademicSuccess' 2 59 0.656497175141243 0.7615206631820735
  0.656497175141243 0.5826294175231647]]
[['LPP' 'AcademicSuccess' 4 8 0.6587570621468927 0.7654114555460159
  0.6587570621468927 0.5846297445812776]]
[['LPP' 'AcademicSuccess' 4 15 0.6576271186440678 0.7673599950461528
  0.6576271186440678 0.5836295253779259]]
[['LPP' 'AcademicSuccess' 4 59 0.6542372881355932 0.764108824424052
  0.6542372881355932 0.5796075067010135]]
[['LPP' 'AcademicSuccess' 6 8 0.6711864406779661 0.6405752439650746
  0.6711864406779661 0.6041062363460139]]
[['LPP' 'AcademicSuccess' 6 15 0.6768361581920904 0.6773629179719384
  0.6768361581920904 0.6114342097820272]]
[['LPP' 'AcademicSuccess' 6 59 0.6813559322033899 0.6338123358885165
  0.6813559322033899 0.6131615404010166]]
[['LPP' 'AcademicSuccess' 8 8 0.6689265536723163 0.624430882114431
  0.6689265536723163 0.6005400838569093]]
[['LPP' 'AcademicSuccess' 8 15 0.6937853107344633 0.6758695046885345
  0.6937853107344633 0.6324589970624243]]
[['LPP' 'AcademicSuccess' 8 59 0.7050847457627119 0.6955786887263806
  0.7050847457627119 0.6443614211096318]]
[['LPP' 'AcademicSuccess' 10 8 0.6836158192090396 0.6716970583924439
  0.6836158192090396 0.6190222796719513]]
[['LPP' 'AcademicSuccess' 10 15 0.6949152542372882 0.7038020449521002
  0.6949152542372882 0.6384065879019787]]
[['LPP' 'AcademicSuccess' 10 59 0.711864406779661 0.6892935823551346
  0.711864406779661 0.6608232602646311]]
[['LPP' 'AcademicSuccess' 12 8 0.6847457627118644 0.6806243076550491
  0.6847457627118644 0.6265675446435515]]
[['LPP' 'AcademicSuccess' 12 15 0.688135593220339 0.673845739856692
  0.688135593220339 0.6362036531641543]]
[['LPP' 'AcademicSuccess' 12 59 0.7310734463276836 0.7150042229383451
  0.7310734463276836 0.6971070686209789]]
[['LPP' 'AcademicSuccess' 14 8 0.6983050847457627 0.6832071020682998
  0.6983050847457627 0.6541757267234339]]
[['LPP' 'AcademicSuccess' 14 15 0.7028248587570621 0.6905395485570321
  0.7028248587570621 0.6594507237128885]]
[['LPP' 'AcademicSuccess' 14 59 0.7265536723163842 0.7073392099177425
  0.7265536723163842 0.6915299362832711]]
[['LPP' 'AcademicSuccess' 16 8 0.7050847457627119 0.6806964495129463
  0.7050847457627119 0.6685201822247271]]
[['LPP' 'AcademicSuccess' 16 15 0.7084745762711865 0.686544645778427
  0.7084745762711865 0.6739697514349096]]
[['LPP' 'AcademicSuccess' 16 59 0.7163841807909604 0.6950968813700453
  0.7163841807909604 0.6868165078192313]]
[['LPP' 'BuyCoupon' 2 9 0.5675995270003942 0.5680473372781065
  0.9986130374479889 0.7241639426703546]]
[['LPP' 'BuyCoupon' 2 21 0.5683878596767836 0.5683878596767836 1.0
  0.7248052274440815]]
[['LPP' 'BuyCoupon' 2 100 0.5719353567205361 0.5716009654062751
  0.9854368932038835 0.7235234215885947]]
[['LPP' 'BuyCoupon' 5 9 0.5648403626330312 0.5672235481304694
  0.9889042995839112 0.7209302325581396]]
[['LPP' 'BuyCoupon' 5 21 0.5687820260149783 0.5686661404893449
  0.9993065187239945 0.7248490945674044]]
[['LPP' 'BuyCoupon' 5 100 0.5683878596767836 0.5683878596767836 1.0
  0.7248052274440815]]
[['LPP' 'BuyCoupon' 8 9 0.5648403626330312 0.5672235481304694
  0.9889042995839112 0.7209302325581396]]
[['LPP' 'BuyCoupon' 8 21 0.5683878596767836 0.5683878596767836 1.0
  0.7248052274440815]]
[['LPP' 'BuyCoupon' 8 100 0.5683878596767836 0.5683878596767836 1.0
  0.7248052274440815]]
[['LPP' 'BuyCoupon' 11 9 0.5648403626330312 0.5672235481304694
  0.9889042995839112 0.7209302325581396]]
[['LPP' 'BuyCoupon' 11 21 0.5683878596767836 0.5683878596767836 1.0
  0.7248052274440815]]
[['LPP' 'BuyCoupon' 11 100 0.5683878596767836 0.5683878596767836 1.0
  0.7248052274440815]]
[['LPP' 'BuyCoupon' 14 9 0.5648403626330312 0.5672235481304694
  0.9889042995839112 0.7209302325581396]]
[['LPP' 'BuyCoupon' 14 21 0.5648403626330312 0.5672235481304694
  0.9889042995839112 0.7209302325581396]]
[['LPP' 'BuyCoupon' 14 100 0.5683878596767836 0.5683878596767836 1.0
  0.7248052274440815]]
[['LPP' 'BuyCoupon' 17 9 0.5648403626330312 0.5672235481304694
  0.9889042995839112 0.7209302325581396]]
[['LPP' 'BuyCoupon' 17 21 0.5648403626330312 0.5672235481304694
  0.9889042995839112 0.7209302325581396]]
[['LPP' 'BuyCoupon' 17 100 0.5648403626330312 0.5672235481304694
  0.9889042995839112 0.7209302325581396]]
[['LPP' 'BuyCoupon' 20 9 0.5695703586913677 0.5787578757875788
  0.8918169209431346 0.7019650655021834]]
[['LPP' 'BuyCoupon' 20 21 0.5668111943240047 0.574468085106383
  0.9174757281553398 0.7065420560747665]]
[['LPP' 'BuyCoupon' 20 100 0.607016160819866 0.6090151886330231
  0.8619972260748959 0.7137525122021244]]
[['LPP' 'BuyCoupon' 23 9 0.584548679542767 0.5866071428571429
  0.9112343966712899 0.7137425312330257]]
[['LPP' 'BuyCoupon' 23 21 0.6066219944816713 0.6128048780487805
  0.8363384188626907 0.7073313782991202]]
[['LPP' 'BuyCoupon' 23 100 0.62238864800946 0.6283138918345705
  0.8217753120665742 0.7121394230769231]]
[['LPP' 'BuyCoupon' 26 9 0.5932203389830508 0.5961538461538461
  0.8814147018030514 0.7112479015109122]]
[['LPP' 'BuyCoupon' 26 21 0.612534489554592 0.6178736517719569
  0.834257975034674 0.7099439362643847]]
[['LPP' 'BuyCoupon' 26 100 0.6283011430823807 0.635230352303523
  0.812760055478502 0.7131122604198357]]
[['LPP' 'BuyCoupon' 29 9 0.6022861647615294 0.6107416879795396
  0.8280166435506241 0.7029732116573447]]
[['LPP' 'BuyCoupon' 29 21 0.6302719747733544 0.6392265193370166
  0.8023578363384188 0.7115621156211561]]
[['LPP' 'BuyCoupon' 29 100 0.6397319668900275 0.6448957189901208
  0.8148404993065187 0.7199754901960785]]
[['LPP' 'DryBean' 2 9 0.868160117517444 0.8685947829066141
  0.868160117517444 0.8664346204555482]]
[['LPP' 'DryBean' 2 22 0.866691149467499 0.8671714553391268
  0.866691149467499 0.8651389670568765]]
[['LPP' 'DryBean' 2 104 0.8688946015424165 0.8690234094051763
  0.8688946015424165 0.8676427663818823]]
[['LPP' 'DryBean' 4 9 0.9023136246786633 0.9037720549473564
  0.9023136246786633 0.9024127690112971]]
[['LPP' 'DryBean' 4 22 0.9026808666911494 0.9042858718812192
  0.9026808666911494 0.902920397185144]]
[['LPP' 'DryBean' 4 104 0.9052515607785531 0.9070524157441479
  0.9052515607785531 0.9055355107358697]]
[['LPP' 'DryBean' 6 9 0.9155343371281675 0.9164802925044122
  0.9155343371281675 0.9157575380018446]]
[['LPP' 'DryBean' 6 22 0.9214102093279471 0.9223520786484892
  0.9214102093279471 0.9216495678773914]]
[['LPP' 'DryBean' 6 104 0.9239809034153507 0.9249981665282369
  0.9239809034153507 0.9242922181522689]]
[['LPP' 'FakeWebsite' 2 9 0.8163726820443238 0.8035320088300221
  0.8870836718115354 0.8432432432432432]]
[['LPP' 'FakeWebsite' 2 20 0.8181818181818182 0.8001448225923244
  0.8976441917140536 0.8460949464012252]]
[['LPP' 'FakeWebsite' 2 94 0.8548168249660787 0.828757225433526
  0.9317627944760357 0.8772466539196941]]
[['LPP' 'FakeWebsite' 4 9 0.8977838082315694 0.900398406374502
  0.9179528838342811 0.9090909090909091]]
[['LPP' 'FakeWebsite' 4 20 0.89280868385346 0.8976 0.9114541023558083
  0.9044740024183796]]
[['LPP' 'FakeWebsite' 4 94 0.8914518317503393 0.8992747784045125
  0.9065800162469537 0.9029126213592233]]
[['LPP' 'FakeWebsite' 6 9 0.9014020805065581 0.8972549019607843
  0.9293257514216084 0.9130087789305666]]
[['LPP' 'FakeWebsite' 6 20 0.9018543645409317 0.901743264659271
  0.9244516653127539 0.9129562775772162]]
[['LPP' 'FakeWebsite' 6 94 0.8964269561284487 0.9059967585089141
  0.9082047116165719 0.9070993914807303]]
[['LPP' 'FakeWebsite' 8 9 0.9122568973315242 0.9111816019032514
  0.9333874898456539 0.9221508828250401]]
[['LPP' 'FakeWebsite' 8 20 0.911352329262777 0.9110405083399523
  0.9317627944760357 0.921285140562249]]
[['LPP' 'FakeWebsite' 8 94 0.9140660334690185 0.9127676447264076
  0.9350121852152722 0.9237560192616372]]
[['LPP' 'FakeWebsite' 10 9 0.9222071460877431 0.9192399049881235
  0.9431356620633631 0.9310344827586206]]
[['LPP' 'FakeWebsite' 10 20 0.9194934418815016 0.9155485398579322
  0.942323314378554 0.9287429943955163]]
[['LPP' 'FakeWebsite' 10 94 0.9176843057440073 0.913317572892041
  0.9415109666937449 0.9272]]
[['LPP' 'FakeWebsite' 12 9 0.942107643600181 0.9332285938727416
  0.9650690495532088 0.9488817891373802]]
[['LPP' 'FakeWebsite' 12 20 0.9380370872908186 0.9280125195618153
  0.9634443541835905 0.9453965723395775]]
[['LPP' 'FakeWebsite' 12 94 0.9416553595658074 0.9284603421461898
  0.9699431356620634 0.9487485101311085]]
[['LPP' 'FakeWebsite' 14 9 0.9502487562189055 0.9416863672182821
  0.9707554833468724 0.956]]
[['LPP' 'FakeWebsite' 14 20 0.9484396200814111 0.9408050513022889
  0.9683184402924452 0.9543634907926342]]
[['LPP' 'FakeWebsite' 14 94 0.9493441881501583 0.9402045633359559
  0.9707554833468724 0.9552358113509192]]
[['LPP' 'Glass' 2 5 0.5581395348837209 0.6414696111002541
  0.5581395348837209 0.49771533792539047]]
[['LPP' 'Glass' 2 13 0.6046511627906976 0.6788825689394485
  0.6046511627906976 0.5626321353065539]]
[['LPP' 'Grade' 2 6 0.96 0.9623480017006805 0.96 0.9598995742578021]]
[['LPP' 'Grade' 2 9 0.96 0.9623480017006805 0.96 0.9598995742578021]]
[['LPP' 'Grade' 2 28 0.955 0.9591326530612244 0.955 0.9550650166826636]]
[['LPP' 'Heart' 2 6 0.5543478260869565 0.5543478260869565 1.0
  0.7132867132867133]]
[['LPP' 'Heart' 2 9 0.5543478260869565 0.5543478260869565 1.0
  0.7132867132867133]]
[['LPP' 'Heart' 2 27 0.5543478260869565 0.5543478260869565 1.0
  0.7132867132867133]]
[['LPP' 'Heart' 4 6 0.625 0.7323943661971831 0.5098039215686274
  0.6011560693641619]]
[['LPP' 'Heart' 4 9 0.6086956521739131 0.7272727272727273
  0.47058823529411764 0.5714285714285714]]
[['LPP' 'Heart' 4 27 0.6086956521739131 0.7205882352941176
  0.4803921568627451 0.5764705882352942]]
[['LPP' 'Heart' 6 6 0.7065217391304348 0.7105263157894737
  0.7941176470588235 0.7499999999999999]]
[['LPP' 'Heart' 6 9 0.7010869565217391 0.7008547008547008
  0.803921568627451 0.7488584474885844]]
[['LPP' 'Heart' 6 27 0.7119565217391305 0.7168141592920354
  0.7941176470588235 0.7534883720930233]]
[['LPP' 'Heart' 8 6 0.7228260869565217 0.717948717948718
  0.8235294117647058 0.767123287671233]]
/home/soyoung/.local/lib/python3.8/site-packages/umap/distances.py:1063: NumbaDeprecationWarning: [1mThe 'nopython' keyword argument was not supplied to the 'numba.jit' decorator. The implicit default value for this argument is currently False, but it will be changed to True in Numba 0.59.0. See https://numba.readthedocs.io/en/stable/reference/deprecation.html#deprecation-of-object-mode-fall-back-behaviour-when-using-jit for details.[0m
  @numba.jit()
/home/soyoung/.local/lib/python3.8/site-packages/umap/distances.py:1071: NumbaDeprecationWarning: [1mThe 'nopython' keyword argument was not supplied to the 'numba.jit' decorator. The implicit default value for this argument is currently False, but it will be changed to True in Numba 0.59.0. See https://numba.readthedocs.io/en/stable/reference/deprecation.html#deprecation-of-object-mode-fall-back-behaviour-when-using-jit for details.[0m
  @numba.jit()
/home/soyoung/.local/lib/python3.8/site-packages/umap/distances.py:1086: NumbaDeprecationWarning: [1mThe 'nopython' keyword argument was not supplied to the 'numba.jit' decorator. The implicit default value for this argument is currently False, but it will be changed to True in Numba 0.59.0. See https://numba.readthedocs.io/en/stable/reference/deprecation.html#deprecation-of-object-mode-fall-back-behaviour-when-using-jit for details.[0m
  @numba.jit()
/home/soyoung/.local/lib/python3.8/site-packages/umap/umap_.py:660: NumbaDeprecationWarning: [1mThe 'nopython' keyword argument was not supplied to the 'numba.jit' decorator. The implicit default value for this argument is currently False, but it will be changed to True in Numba 0.59.0. See https://numba.readthedocs.io/en/stable/reference/deprecation.html#deprecation-of-object-mode-fall-back-behaviour-when-using-jit for details.[0m
  @numba.jit()
[['LPP' 'Heart' 8 9 0.7934782608695652 0.8018867924528302
  0.8333333333333334 0.8173076923076923]]
[['LPP' 'Heart' 8 27 0.7554347826086957 0.7478260869565218
  0.8431372549019608 0.7926267281105991]]
[['LPP' 'Parkinsons' 2 5 0.8461538461538461 0.8285714285714286 1.0
  0.90625]]
[['LPP' 'Parkinsons' 2 12 0.8205128205128205 0.8055555555555556 1.0
  0.8923076923076924]]
[['LPP' 'Parkinsons' 4 5 0.8461538461538461 0.8285714285714286 1.0
  0.90625]]
[['LPP' 'Parkinsons' 4 12 0.8205128205128205 0.8055555555555556 1.0
  0.8923076923076924]]
[['LPP' 'Parkinsons' 6 5 0.8205128205128205 0.8235294117647058
  0.9655172413793104 0.888888888888889]]
[['LPP' 'Parkinsons' 6 12 0.8205128205128205 0.8055555555555556 1.0
  0.8923076923076924]]
[['LPP' 'Parkinsons' 8 5 0.8717948717948718 0.8529411764705882 1.0
  0.9206349206349206]]
[['LPP' 'Parkinsons' 8 12 0.8717948717948718 0.8529411764705882 1.0
  0.9206349206349206]]
[['LPP' 'Parkinsons' 10 5 0.8461538461538461 0.8285714285714286 1.0
  0.90625]]
[['LPP' 'Parkinsons' 10 12 0.8205128205128205 0.8055555555555556 1.0
  0.8923076923076924]]
[['LPP' 'StayHospital' 2 8 0.2945 0.5016704513862877 0.2945
  0.15468598650779652]]
[['LPP' 'StayHospital' 2 19 0.2955 0.79182025 0.2955 0.1348054805094558]]
[['LPP' 'StayHospital' 2 89 0.294 0.5148488157525927 0.294
  0.14373452476015225]]
[['LPP' 'StayHospital' 4 8 0.2955 0.79182025 0.2955 0.1348054805094558]]
[['LPP' 'StayHospital' 4 19 0.2955 0.79182025 0.2955 0.1348054805094558]]
[['LPP' 'StayHospital' 4 89 0.2955 0.79182025 0.2955 0.1348054805094558]]
[['LPP' 'StayHospital' 6 8 0.2955 0.79182025 0.2955 0.1348054805094558]]
[['LPP' 'StayHospital' 6 19 0.2955 0.79182025 0.2955 0.1348054805094558]]
[['LPP' 'StayHospital' 6 89 0.2955 0.79182025 0.2955 0.1348054805094558]]
[['LPP' 'StayHospital' 8 8 0.2955 0.79182025 0.2955 0.1348054805094558]]
[['LPP' 'StayHospital' 8 19 0.297 0.547941855187823 0.297
  0.14397486192301878]]
[['LPP' 'StayHospital' 8 89 0.2955 0.79182025 0.2955 0.1348054805094558]]
[['LPP' 'StayHospital' 10 8 0.297 0.5563986137943724 0.297
  0.14480254127213066]]
[['LPP' 'StayHospital' 10 19 0.297 0.5510601927669738 0.297
  0.14392687768301654]]
[['LPP' 'StayHospital' 10 89 0.2955 0.5299393088185222 0.2955
  0.14103741659963323]]
[['LPP' 'StayHospital' 12 8 0.297 0.4311234228831854 0.297
  0.15712192518245838]]
[['LPP' 'StayHospital' 12 19 0.297 0.6894654200819672 0.297
  0.14352982171988335]]
[['LPP' 'StayHospital' 12 89 0.296 0.5116918777943369 0.296
  0.1426906222612953]]
[['LPP' 'StayHospital' 14 8 0.299 0.44493460681199953 0.299
  0.16933695837835522]]
[['LPP' 'StayHospital' 14 19 0.304 0.5295151342674604 0.304
  0.17529183756450809]]
[['LPP' 'StayHospital' 14 89 0.298 0.35374544398837876 0.298
  0.16778522327467213]]
[['LPP' 'StayHospital' 16 8 0.3045 0.39659887762775897 0.3045
  0.1781612505230983]]
[['LPP' 'StayHospital' 16 19 0.3125 0.42418161203875493 0.3125
  0.1913077396090493]]
[['LPP' 'StayHospital' 16 89 0.3055 0.3981343580733532 0.3055
  0.17991015199815047]]
[['LPP' 'StayHospital' 18 8 0.322 0.4200561212792386 0.322
  0.22301597219834668]]
[['LPP' 'StayHospital' 18 19 0.3115 0.4164151198972441 0.3115
  0.20314578105225292]]
[['LPP' 'StayHospital' 18 89 0.3135 0.39854133246282675 0.3135
  0.19730159203509157]]
[['LPP' 'StayHospital' 20 8 0.3425 0.44088072125170163 0.3425
  0.2500270890159957]]
[['LPP' 'StayHospital' 20 19 0.32 0.42169415224760487 0.32
  0.21534189110827098]]
[['LPP' 'StayHospital' 20 89 0.3215 0.4078403286556192 0.3215
  0.22397337039284546]]
[['LPP' 'StayHospital' 22 8 0.3565 0.44028285116541216 0.3565
  0.2697506426458152]]
[['LPP' 'StayHospital' 22 19 0.3325 0.42861448904632027 0.3325
  0.23581540094466164]]
[['LPP' 'StayHospital' 22 89 0.3385 0.4228827884275694 0.3385
  0.2515240260281723]]
[['LPP' 'StayHospital' 24 8 0.3585 0.44062318760334057 0.3585
  0.27695840230204216]]
[['LPP' 'StayHospital' 24 19 0.3415 0.4188781066972243 0.3415
  0.2542393540831983]]
[['LPP' 'StayHospital' 24 89 0.3475 0.37158649138330896 0.3475
  0.27332603920259735]]
[['LPP' 'Zoo' 2 4 0.7142857142857143 0.9047619047619048
  0.7142857142857143 0.6428571428571429]]
[['LPP' 'Zoo' 2 8 0.7142857142857143 0.7582417582417582
  0.7142857142857143 0.6235827664399093]]
[['LPP' 'Zoo' 4 4 0.8095238095238095 0.8214285714285714
  0.8095238095238095 0.7573696145124716]]
[['LPP' 'Zoo' 4 8 0.8095238095238095 0.783068783068783 0.8095238095238095
  0.7680672268907562]]
[['LPP' 'Zoo' 6 4 1.0 1.0 1.0 1.0]]
[['LPP' 'Zoo' 6 8 0.9523809523809523 0.9682539682539681
  0.9523809523809523 0.9333333333333333]]
Finished python experiment_script.py
