Entered python experiment_script.py
----------pca----------
Index(['dr_name', 'dataset_name', 'n_components', 'n_neighbors',
       'fit_transform_time'],
      dtype='object')
PCA,AcademicSuccess,2,None,0.07554912567138672
PCA,AcademicSuccess,4,None,0.06007266044616699
PCA,AcademicSuccess,6,None,0.09530377388000488
PCA,AcademicSuccess,8,None,0.04866981506347656
PCA,AcademicSuccess,10,None,0.07831048965454102
PCA,AcademicSuccess,12,None,0.06348896026611328
PCA,AcademicSuccess,14,None,0.03194117546081543
PCA,AcademicSuccess,16,None,0.06284832954406738
PCA,BuyCoupon,2,None,0.21096539497375488
PCA,BuyCoupon,5,None,0.24158525466918945
PCA,BuyCoupon,8,None,0.1281116008758545
PCA,BuyCoupon,11,None,0.1297900676727295
PCA,BuyCoupon,14,None,0.14224553108215332
PCA,BuyCoupon,17,None,0.1475696563720703
PCA,BuyCoupon,20,None,0.2092275619506836
PCA,BuyCoupon,23,None,0.17888498306274414
PCA,BuyCoupon,26,None,0.23003292083740234
PCA,BuyCoupon,29,None,0.21557331085205078
PCA,DryBean,2,None,0.04760456085205078
PCA,DryBean,4,None,0.07664918899536133
PCA,DryBean,6,None,0.06090545654296875
PCA,FakeWebsite,2,None,0.0896756649017334
PCA,FakeWebsite,4,None,0.07450628280639648
PCA,FakeWebsite,6,None,0.06025409698486328
PCA,FakeWebsite,8,None,0.11427474021911621
PCA,FakeWebsite,10,None,0.065399169921875
PCA,FakeWebsite,12,None,0.12504887580871582
PCA,FakeWebsite,14,None,0.16417145729064941
PCA,Glass,2,None,0.008053302764892578
PCA,Grade,2,None,0.0524446964263916
PCA,Heart,2,None,0.00612640380859375
PCA,Heart,4,None,0.002611398696899414
PCA,Heart,6,None,0.002279043197631836
PCA,Heart,8,None,0.0024123191833496094
PCA,Parkinsons,2,None,0.0014634132385253906
PCA,Parkinsons,4,None,0.0013968944549560547
PCA,Parkinsons,6,None,0.0014309883117675781
PCA,Parkinsons,8,None,0.0014865398406982422
PCA,Parkinsons,10,None,0.0014376640319824219
PCA,StayHospital,2,None,0.07327651977539062
PCA,StayHospital,4,None,0.16445350646972656
PCA,StayHospital,6,None,0.08174014091491699
PCA,StayHospital,8,None,0.11755919456481934
PCA,StayHospital,10,None,0.09174203872680664
PCA,StayHospital,12,None,0.17597031593322754
PCA,StayHospital,14,None,0.13679265975952148
PCA,StayHospital,16,None,0.09050393104553223
PCA,StayHospital,18,None,0.17731237411499023
PCA,StayHospital,20,None,0.10445117950439453
PCA,StayHospital,22,None,0.20062685012817383
PCA,StayHospital,24,None,0.19301104545593262
PCA,Zoo,2,None,0.004831552505493164
PCA,Zoo,4,None,0.007948637008666992
PCA,Zoo,6,None,0.006484031677246094
Index(['dr_name', 'dataset_name', 'n_components', 'n_neighbors',
       'transform_time'],
      dtype='object')
PCA,AcademicSuccess,2,None,0.0010192394256591797
PCA,AcademicSuccess,4,None,0.000957489013671875
PCA,AcademicSuccess,6,None,0.00093841552734375
PCA,AcademicSuccess,8,None,0.0009281635284423828
PCA,AcademicSuccess,10,None,0.0022623538970947266
PCA,AcademicSuccess,12,None,0.0009844303131103516
PCA,AcademicSuccess,14,None,0.0009846687316894531
PCA,AcademicSuccess,16,None,0.0016558170318603516
PCA,BuyCoupon,2,None,0.01213836669921875
PCA,BuyCoupon,5,None,0.004730939865112305
PCA,BuyCoupon,8,None,0.004864692687988281
PCA,BuyCoupon,11,None,0.007108211517333984
PCA,BuyCoupon,14,None,0.004776954650878906
PCA,BuyCoupon,17,None,0.01250767707824707
PCA,BuyCoupon,20,None,0.0048563480377197266
PCA,BuyCoupon,23,None,0.004715442657470703
PCA,BuyCoupon,26,None,0.004895448684692383
PCA,BuyCoupon,29,None,0.0047969818115234375
PCA,DryBean,2,None,0.0008389949798583984
PCA,DryBean,4,None,0.0008139610290527344
PCA,DryBean,6,None,0.0008246898651123047
PCA,FakeWebsite,2,None,0.0009908676147460938
PCA,FakeWebsite,4,None,0.0023963451385498047
PCA,FakeWebsite,6,None,0.002981424331665039
PCA,FakeWebsite,8,None,0.0030117034912109375
PCA,FakeWebsite,10,None,0.003176450729370117
PCA,FakeWebsite,12,None,0.003061532974243164
PCA,FakeWebsite,14,None,0.003022909164428711
PCA,Glass,2,None,0.0007038116455078125
PCA,Grade,2,None,0.0007145404815673828
PCA,Heart,2,None,0.0007951259613037109
PCA,Heart,4,None,0.0007627010345458984
PCA,Heart,6,None,0.009238719940185547
PCA,Heart,8,None,0.0007662773132324219
PCA,Parkinsons,2,None,0.0007355213165283203
PCA,Parkinsons,4,None,0.0007262229919433594
PCA,Parkinsons,6,None,0.0007278919219970703
PCA,Parkinsons,8,None,0.00074005126953125
PCA,Parkinsons,10,None,0.0007288455963134766
PCA,StayHospital,2,None,0.0012538433074951172
PCA,StayHospital,4,None,0.008501291275024414
PCA,StayHospital,6,None,0.0034232139587402344
PCA,StayHospital,8,None,0.003354310989379883
PCA,StayHospital,10,None,0.003566265106201172
PCA,StayHospital,12,None,0.003397226333618164
PCA,StayHospital,14,None,0.003446340560913086
PCA,StayHospital,16,None,0.003500699996948242
PCA,StayHospital,18,None,0.03369617462158203
PCA,StayHospital,20,None,0.0014007091522216797
PCA,StayHospital,22,None,0.012248039245605469
PCA,StayHospital,24,None,0.0026831626892089844
PCA,Zoo,2,None,0.000804901123046875
PCA,Zoo,4,None,0.0007615089416503906
PCA,Zoo,6,None,0.0007483959197998047
Index(['dr_name', 'dataset_name', 'n_components', 'n_neighbors', 'accuracy',
       'precision', 'recall', 'f1_score'],
      dtype='object')
[['PCA' 'AcademicSuccess' 2 None 0.6632768361581921 0.7347228966701628
  0.6632768361581921 0.5916958017180788]]
[['PCA' 'AcademicSuccess' 4 None 0.6892655367231638 0.645587810426751
  0.6892655367231638 0.6211979123184951]]
[['PCA' 'AcademicSuccess' 6 None 0.7175141242937854 0.6967829518872884
  0.7175141242937854 0.6790754516903743]]
[['PCA' 'AcademicSuccess' 8 None 0.7141242937853107 0.6898364037041448
  0.7141242937853107 0.6797409005206514]]
[['PCA' 'AcademicSuccess' 10 None 0.7175141242937854 0.6939439969143076
  0.7175141242937854 0.690359934611484]]
[['PCA' 'AcademicSuccess' 12 None 0.7231638418079096 0.701122134335739
  0.7231638418079096 0.693829695538]]
[['PCA' 'AcademicSuccess' 14 None 0.7242937853107345 0.7049712079958974
  0.7242937853107345 0.7033876655969136]]
[['PCA' 'AcademicSuccess' 16 None 0.7344632768361582 0.7169102505339165
  0.7344632768361582 0.7153861336195151]]
[['PCA' 'BuyCoupon' 2 None 0.5648403626330312 0.5672235481304694
  0.9889042995839112 0.7209302325581396]]
[['PCA' 'BuyCoupon' 5 None 0.584548679542767 0.587151841868823
  0.9063800277392511 0.7126499454743731]]
[['PCA' 'BuyCoupon' 8 None 0.5888845092629089 0.5903942002718623
  0.9036061026352289 0.7141682652781585]]
[['PCA' 'BuyCoupon' 11 None 0.5963736696886086 0.594913714804723
  0.9084604715672677 0.7189901207464324]]
[['PCA' 'BuyCoupon' 14 None 0.6192353173039022 0.6154219204655674
  0.8800277392510403 0.7243150684931506]]
[['PCA' 'BuyCoupon' 17 None 0.6267244777296019 0.6233183856502242
  0.8675450762829403 0.7254276601913597]]
[['PCA' 'BuyCoupon' 20 None 0.6460386283011431 0.6370967741935484
  0.8765603328710125 0.7378867483946293]]
[['PCA' 'BuyCoupon' 23 None 0.6574694521087899 0.6489859594383776
  0.8654646324549237 0.7417533432392274]]
[['PCA' 'BuyCoupon' 26 None 0.6618052818289318 0.6566523605150214
  0.8488210818307905 0.7404718693284936]]
[['PCA' 'BuyCoupon' 29 None 0.6677177769018526 0.6632152588555859
  0.8439667128987517 0.7427525175465365]]
[['PCA' 'DryBean' 2 None 0.8813808299669482 0.8843244259056775
  0.8813808299669482 0.8789536856737367]]
[['PCA' 'DryBean' 4 None 0.8993756885787734 0.9005470549775895
  0.8993756885787734 0.8990481345643544]]
[['PCA' 'DryBean' 6 None 0.9302240176276166 0.9309364266339312
  0.9302240176276166 0.9304224615446598]]
[['PCA' 'FakeWebsite' 2 None 0.8977838082315694 0.9023218574859888
  0.9155158407798538 0.9088709677419355]]
[['PCA' 'FakeWebsite' 4 None 0.8986883763003166 0.9123669123669124
  0.9049553208773355 0.9086460032626429]]
[['PCA' 'FakeWebsite' 6 None 0.911352329262777 0.9136690647482014
  0.9285134037367994 0.9210314262691377]]
[['PCA' 'FakeWebsite' 8 None 0.9312528267752148 0.9298804780876494
  0.9480097481722177 0.9388576025744167]]
[['PCA' 'FakeWebsite' 10 None 0.9402985074626866 0.9357652656621729
  0.958570268074736 0.9470304975922954]]
[['PCA' 'FakeWebsite' 12 None 0.939846223428313 0.933649289099526
  0.9601949634443542 0.94673608329996]]
[['PCA' 'FakeWebsite' 14 None 0.9466304839439168 0.9364705882352942
  0.9699431356620634 0.9529130087789306]]
[['PCA' 'Glass' 2 None 0.6976744186046512 0.7586831772878284
  0.6976744186046512 0.6410941815913748]]
[['PCA' 'Grade' 2 None 0.975 0.9757602150537634 0.975 0.974836880818729]]
[['PCA' 'Heart' 2 None 0.7065217391304348 0.7105263157894737
  0.7941176470588235 0.7499999999999999]]
[['PCA' 'Heart' 4 None 0.7336956521739131 0.7345132743362832
  0.8137254901960784 0.772093023255814]]
[['PCA' 'Heart' 6 None 0.7336956521739131 0.7345132743362832
  0.8137254901960784 0.772093023255814]]
[['PCA' 'Heart' 8 None 0.7336956521739131 0.7345132743362832
  0.8137254901960784 0.772093023255814]]
[['PCA' 'Parkinsons' 2 None 0.7948717948717948 0.8 0.9655172413793104
  0.8750000000000001]]
[['PCA' 'Parkinsons' 4 None 0.7948717948717948 0.8 0.9655172413793104
  0.8750000000000001]]
[['PCA' 'Parkinsons' 6 None 0.7948717948717948 0.8181818181818182
  0.9310344827586207 0.8709677419354839]]
[['PCA' 'Parkinsons' 8 None 0.8461538461538461 0.8285714285714286 1.0
  0.90625]]
[['PCA' 'Parkinsons' 10 None 0.8461538461538461 0.8285714285714286 1.0
  0.90625]]
[['PCA' 'StayHospital' 2 None 0.2955 0.79182025 0.2955 0.1348054805094558]]
[['PCA' 'StayHospital' 4 None 0.2955 0.79182025 0.2955 0.1348054805094558]]
[['PCA' 'StayHospital' 6 None 0.2955 0.79182025 0.2955 0.1348054805094558]]
[['PCA' 'StayHospital' 8 None 0.2955 0.79182025 0.2955 0.1348054805094558]]
[['PCA' 'StayHospital' 10 None 0.2955 0.79182025 0.2955
  0.1348054805094558]]
[['PCA' 'StayHospital' 12 None 0.2955 0.79182025 0.2955
  0.1348054805094558]]
[['PCA' 'StayHospital' 14 None 0.2955 0.79182025 0.2955
  0.1348054805094558]]
[['PCA' 'StayHospital' 16 None 0.2955 0.79182025 0.2955
  0.1348054805094558]]
[['PCA' 'StayHospital' 18 None 0.2955 0.79182025 0.2955
  0.1348054805094558]]
[['PCA' 'StayHospital' 20 None 0.2955 0.79182025 0.2955
  0.1348054805094558]]
[['PCA' 'StayHospital' 22 None 0.2955 0.79182025 0.2955
  0.1348054805094558]]
[['PCA' 'StayHospital' 24 None 0.2955 0.79182025 0.2955
  0.1348054805094558]]
[['PCA' 'Zoo' 2 None 0.9047619047619048 0.9325396825396824
  0.9047619047619048 0.8811791383219953]]
[['PCA' 'Zoo' 4 None 0.9523809523809523 0.9642857142857143
  0.9523809523809523 0.9319727891156462]]
[['PCA' 'Zoo' 6 None 0.9523809523809523 0.9642857142857143
  0.9523809523809523 0.9319727891156462]]
----------kpca----------
Index(['dr_name', 'dataset_name', 'n_components', 'n_neighbors',
       'fit_transform_time'],
      dtype='object')
KPCA,AcademicSuccess,2,None,0.5209155082702637
KPCA,AcademicSuccess,4,None,0.7451426982879639
KPCA,AcademicSuccess,6,None,0.5264508724212646
KPCA,AcademicSuccess,8,None,0.5954101085662842
KPCA,AcademicSuccess,10,None,1.247722864151001
KPCA,AcademicSuccess,12,None,0.9211230278015137
KPCA,AcademicSuccess,14,None,1.1793279647827148
KPCA,AcademicSuccess,16,None,1.0436773300170898
KPCA,BuyCoupon,2,None,2.061472177505493
KPCA,BuyCoupon,5,None,2.577338695526123
KPCA,BuyCoupon,8,None,2.4031567573547363
KPCA,BuyCoupon,11,None,91.40137362480164
KPCA,BuyCoupon,14,None,93.06629204750061
KPCA,BuyCoupon,17,None,80.12044882774353
KPCA,BuyCoupon,20,None,85.55439496040344
KPCA,BuyCoupon,23,None,75.36663460731506
KPCA,BuyCoupon,26,None,101.51293277740479
KPCA,BuyCoupon,29,None,91.23095035552979
KPCA,DryBean,2,None,2.1862289905548096
KPCA,DryBean,4,None,2.862192392349243
KPCA,DryBean,6,None,2.7825849056243896
KPCA,FakeWebsite,2,None,2.1524713039398193
KPCA,FakeWebsite,4,None,2.5937466621398926
KPCA,FakeWebsite,6,None,2.294041872024536
KPCA,FakeWebsite,8,None,2.23195481300354
KPCA,FakeWebsite,10,None,70.30347871780396
KPCA,FakeWebsite,12,None,69.72955369949341
KPCA,FakeWebsite,14,None,71.05060243606567
KPCA,Glass,2,None,0.03222489356994629
KPCA,Grade,2,None,0.11450076103210449
KPCA,Heart,2,None,0.1742112636566162
KPCA,Heart,4,None,0.04812288284301758
KPCA,Heart,6,None,0.23220062255859375
KPCA,Heart,8,None,0.21022582054138184
KPCA,Parkinsons,2,None,0.00825357437133789
KPCA,Parkinsons,4,None,0.008489608764648438
KPCA,Parkinsons,6,None,0.010659456253051758
KPCA,Parkinsons,8,None,0.009756326675415039
KPCA,Parkinsons,10,None,0.011122703552246094
KPCA,StayHospital,2,None,5.055310487747192
KPCA,StayHospital,4,None,3.772625207901001
KPCA,StayHospital,6,None,3.6827850341796875
KPCA,StayHospital,8,None,4.491281509399414
KPCA,StayHospital,10,None,60.566166400909424
KPCA,StayHospital,12,None,52.504273414611816
KPCA,StayHospital,14,None,50.65146255493164
KPCA,StayHospital,16,None,56.88075518608093
KPCA,StayHospital,18,None,66.58006167411804
KPCA,StayHospital,20,None,83.99566173553467
KPCA,StayHospital,22,None,71.55530619621277
KPCA,StayHospital,24,None,55.46564173698425
KPCA,Zoo,2,None,0.011446237564086914
KPCA,Zoo,4,None,0.002298116683959961
KPCA,Zoo,6,None,0.002260923385620117
Index(['dr_name', 'dataset_name', 'n_components', 'n_neighbors',
       'transform_time'],
      dtype='object')
KPCA,AcademicSuccess,2,None,0.08111119270324707
KPCA,AcademicSuccess,4,None,0.08437919616699219
KPCA,AcademicSuccess,6,None,0.07420182228088379
KPCA,AcademicSuccess,8,None,0.0466616153717041
KPCA,AcademicSuccess,10,None,0.05684518814086914
KPCA,AcademicSuccess,12,None,0.04712057113647461
KPCA,AcademicSuccess,14,None,0.04756665229797363
KPCA,AcademicSuccess,16,None,0.06305098533630371
KPCA,BuyCoupon,2,None,0.3112175464630127
KPCA,BuyCoupon,5,None,0.34340500831604004
KPCA,BuyCoupon,8,None,0.3684101104736328
KPCA,BuyCoupon,11,None,0.3268899917602539
KPCA,BuyCoupon,14,None,0.3514993190765381
KPCA,BuyCoupon,17,None,0.37210822105407715
KPCA,BuyCoupon,20,None,0.35169005393981934
KPCA,BuyCoupon,23,None,0.34000229835510254
KPCA,BuyCoupon,26,None,0.3450963497161865
KPCA,BuyCoupon,29,None,0.3590819835662842
KPCA,DryBean,2,None,0.3806118965148926
KPCA,DryBean,4,None,0.3594353199005127
KPCA,DryBean,6,None,0.40659093856811523
KPCA,FakeWebsite,2,None,0.2673511505126953
KPCA,FakeWebsite,4,None,0.24834418296813965
KPCA,FakeWebsite,6,None,0.2500641345977783
KPCA,FakeWebsite,8,None,0.26317358016967773
KPCA,FakeWebsite,10,None,0.25551486015319824
KPCA,FakeWebsite,12,None,0.25826430320739746
KPCA,FakeWebsite,14,None,0.2640998363494873
KPCA,Glass,2,None,0.0015060901641845703
KPCA,Grade,2,None,0.005359649658203125
KPCA,Heart,2,None,0.004347801208496094
KPCA,Heart,4,None,0.004288673400878906
KPCA,Heart,6,None,0.004309892654418945
KPCA,Heart,8,None,0.004321098327636719
KPCA,Parkinsons,2,None,0.001310586929321289
KPCA,Parkinsons,4,None,0.0012922286987304688
KPCA,Parkinsons,6,None,0.0012807846069335938
KPCA,Parkinsons,8,None,0.0012865066528320312
KPCA,Parkinsons,10,None,0.001291036605834961
KPCA,StayHospital,2,None,0.31003904342651367
KPCA,StayHospital,4,None,0.30794286727905273
KPCA,StayHospital,6,None,0.32747483253479004
KPCA,StayHospital,8,None,0.3098125457763672
KPCA,StayHospital,10,None,0.3100121021270752
KPCA,StayHospital,12,None,0.32216954231262207
KPCA,StayHospital,14,None,0.34709692001342773
KPCA,StayHospital,16,None,0.32802557945251465
KPCA,StayHospital,18,None,0.32809019088745117
KPCA,StayHospital,20,None,0.321197509765625
KPCA,StayHospital,22,None,0.33693790435791016
KPCA,StayHospital,24,None,0.3614461421966553
KPCA,Zoo,2,None,0.0014698505401611328
KPCA,Zoo,4,None,0.0012753009796142578
KPCA,Zoo,6,None,0.0013363361358642578
Index(['dr_name', 'dataset_name', 'n_components', 'n_neighbors', 'accuracy',
       'precision', 'recall', 'f1_score'],
      dtype='object')
[['KPCA' 'AcademicSuccess' 2 None 0.6666666666666666 0.6346177901584097
  0.6666666666666666 0.6024883344228782]]
[['KPCA' 'AcademicSuccess' 4 None 0.6983050847457627 0.6788467661963118
  0.6983050847457627 0.6365614054523306]]
[['KPCA' 'AcademicSuccess' 6 None 0.703954802259887 0.6803312552953104
  0.703954802259887 0.6437628237897647]]
[['KPCA' 'AcademicSuccess' 8 None 0.7141242937853107 0.6839291610126276
  0.7141242937853107 0.6641034038175714]]
[['KPCA' 'AcademicSuccess' 10 None 0.7310734463276836 0.7067204315383757
  0.7310734463276836 0.702316567543213]]
[['KPCA' 'AcademicSuccess' 12 None 0.727683615819209 0.7038474448401306
  0.727683615819209 0.6987981208998159]]
[['KPCA' 'AcademicSuccess' 14 None 0.735593220338983 0.7120460067454243
  0.735593220338983 0.7064228537379436]]
[['KPCA' 'AcademicSuccess' 16 None 0.7367231638418079 0.7151890738677986
  0.7367231638418079 0.7096303767166174]]
[['KPCA' 'BuyCoupon' 2 None 0.5683878596767836 0.5683878596767836 1.0
  0.7248052274440815]]
[['KPCA' 'BuyCoupon' 5 None 0.570752857705952 0.5720114239086087
  0.9722607489597781 0.7202671461597739]]
[['KPCA' 'BuyCoupon' 8 None 0.5668111943240047 0.573009791400596
  0.9334257975034674 0.71010287523081]]
[['KPCA' 'BuyCoupon' 11 None 0.5668111943240047 0.573009791400596
  0.9334257975034674 0.71010287523081]]
[['KPCA' 'BuyCoupon' 14 None 0.5668111943240047 0.573009791400596
  0.9334257975034674 0.71010287523081]]
[['KPCA' 'BuyCoupon' 17 None 0.5782420181316515 0.5845454545454546
  0.8918169209431346 0.7062053816584295]]
[['KPCA' 'BuyCoupon' 20 None 0.5798186834844304 0.5852994555353902
  0.8945908460471568 0.7076247942951178]]
[['KPCA' 'BuyCoupon' 23 None 0.5806070161608199 0.5884003741814781
  0.8723994452149791 0.7027932960893856]]
[['KPCA' 'BuyCoupon' 26 None 0.5892786756011037 0.5938967136150235
  0.8772538141470181 0.708286674132139]]
[['KPCA' 'BuyCoupon' 29 None 0.5947970043358297 0.6018700787401575
  0.848127600554785 0.7040875071963154]]
[['KPCA' 'DryBean' 2 None 0.7484392214469335 0.7507136604433188
  0.7484392214469335 0.7427455298013773]]
[['KPCA' 'DryBean' 4 None 0.8883584282041865 0.8896628116470202
  0.8883584282041865 0.8877192391048507]]
[['KPCA' 'DryBean' 6 None 0.9059860448035255 0.9066681154499048
  0.9059860448035255 0.9058921184134332]]
[['KPCA' 'FakeWebsite' 2 None 0.898236092265943 0.9030448717948718
  0.9155158407798538 0.90923759580476]]
[['KPCA' 'FakeWebsite' 4 None 0.8995929443690638 0.908502024291498
  0.9114541023558083 0.9099756690997566]]
[['KPCA' 'FakeWebsite' 6 None 0.9095431931252826 0.9114126097366321
  0.9277010560519903 0.9194847020933978]]
[['KPCA' 'FakeWebsite' 8 None 0.932157394843962 0.934136546184739
  0.9447603574329814 0.9394184168012923]]
[['KPCA' 'FakeWebsite' 10 None 0.9366802351876978 0.9346613545816733
  0.9528838342810723 0.9436846339501206]]
[['KPCA' 'FakeWebsite' 12 None 0.9430122116689281 0.9367588932806324
  0.9626320064987814 0.9495192307692307]]
[['KPCA' 'FakeWebsite' 14 None 0.9466304839439168 0.9385342789598109
  0.9675060926076361 0.9528]]
[['KPCA' 'Glass' 2 None 0.46511627906976744 0.5340380549682876
  0.46511627906976744 0.3836597307221542]]
[['KPCA' 'Grade' 2 None 0.445 0.753025 0.445 0.274083044982699]]
[['KPCA' 'Heart' 2 None 0.5543478260869565 0.5543478260869565 1.0
  0.7132867132867133]]
[['KPCA' 'Heart' 4 None 0.5543478260869565 0.5543478260869565 1.0
  0.7132867132867133]]
[['KPCA' 'Heart' 6 None 0.5543478260869565 0.5543478260869565 1.0
  0.7132867132867133]]
[['KPCA' 'Heart' 8 None 0.5543478260869565 0.5543478260869565 1.0
  0.7132867132867133]]
[['KPCA' 'Parkinsons' 2 None 0.8205128205128205 0.8055555555555556 1.0
  0.8923076923076924]]
[['KPCA' 'Parkinsons' 4 None 0.8205128205128205 0.8055555555555556 1.0
  0.8923076923076924]]
[['KPCA' 'Parkinsons' 6 None 0.8974358974358975 0.8787878787878788 1.0
  0.9354838709677419]]
[['KPCA' 'Parkinsons' 8 None 0.8974358974358975 0.8787878787878788 1.0
  0.9354838709677419]]
[['KPCA' 'Parkinsons' 10 None 0.8974358974358975 0.8787878787878788 1.0
  0.9354838709677419]]
[['KPCA' 'StayHospital' 2 None 0.2955 0.79182025 0.2955
  0.1348054805094558]]
[['KPCA' 'StayHospital' 4 None 0.2955 0.79182025 0.2955
  0.1348054805094558]]
[['KPCA' 'StayHospital' 6 None 0.2955 0.79182025 0.2955
  0.1348054805094558]]
[['KPCA' 'StayHospital' 8 None 0.2955 0.79182025 0.2955
  0.1348054805094558]]
[['KPCA' 'StayHospital' 10 None 0.2955 0.79182025 0.2955
  0.1348054805094558]]
[['KPCA' 'StayHospital' 12 None 0.2955 0.79182025 0.2955
  0.1348054805094558]]
[['KPCA' 'StayHospital' 14 None 0.2955 0.79182025 0.2955
  0.1348054805094558]]
[['KPCA' 'StayHospital' 16 None 0.2955 0.79182025 0.2955
  0.1348054805094558]]
[['KPCA' 'StayHospital' 18 None 0.2955 0.79182025 0.2955
  0.1348054805094558]]
[['KPCA' 'StayHospital' 20 None 0.2955 0.79182025 0.2955
  0.1348054805094558]]
[['KPCA' 'StayHospital' 22 None 0.2955 0.79182025 0.2955
  0.1348054805094558]]
[['KPCA' 'StayHospital' 24 None 0.2955 0.79182025 0.2955
  0.1348054805094558]]
[['KPCA' 'Zoo' 2 None 0.8571428571428571 0.8944444444444444
  0.8571428571428571 0.8123960695389266]]
[['KPCA' 'Zoo' 4 None 0.9523809523809523 0.9642857142857143
  0.9523809523809523 0.9319727891156462]]
[['KPCA' 'Zoo' 6 None 0.9523809523809523 0.9642857142857143
  0.9523809523809523 0.9319727891156462]]
----------ica----------
Index(['dr_name', 'dataset_name', 'n_components', 'n_neighbors',
       'fit_transform_time'],
      dtype='object')
ICA,AcademicSuccess,2,None,0.010061502456665039
ICA,AcademicSuccess,4,None,0.014343023300170898
ICA,AcademicSuccess,6,None,0.029369354248046875
ICA,AcademicSuccess,8,None,0.03874492645263672
ICA,AcademicSuccess,10,None,0.11651897430419922
ICA,AcademicSuccess,12,None,0.1337583065032959
ICA,AcademicSuccess,14,None,0.22273468971252441
ICA,AcademicSuccess,16,None,0.09146285057067871
ICA,BuyCoupon,2,None,0.19254207611083984
ICA,BuyCoupon,5,None,0.2588233947753906
ICA,BuyCoupon,8,None,0.3101522922515869
ICA,BuyCoupon,11,None,0.5011727809906006
ICA,BuyCoupon,14,None,1.2343649864196777
ICA,BuyCoupon,17,None,1.525357961654663
ICA,BuyCoupon,20,None,0.6096997261047363
ICA,BuyCoupon,23,None,2.6025962829589844
ICA,BuyCoupon,26,None,3.3908212184906006
ICA,BuyCoupon,29,None,3.559907913208008
ICA,DryBean,2,None,0.16284847259521484
ICA,DryBean,4,None,0.09786081314086914
ICA,DryBean,6,None,0.6939530372619629
ICA,FakeWebsite,2,None,0.08704638481140137
ICA,FakeWebsite,4,None,0.05588340759277344
ICA,FakeWebsite,6,None,0.047112464904785156
ICA,FakeWebsite,8,None,0.07073163986206055
ICA,FakeWebsite,10,None,0.09829568862915039
ICA,FakeWebsite,12,None,0.21005010604858398
ICA,FakeWebsite,14,None,0.18294882774353027
ICA,Glass,2,None,0.027135848999023438
ICA,Grade,2,None,0.008283853530883789
ICA,Heart,2,None,0.03133749961853027
ICA,Heart,4,None,0.006936788558959961
ICA,Heart,6,None,0.01172947883605957
ICA,Heart,8,None,0.00771784782409668
ICA,Parkinsons,2,None,0.02573704719543457
ICA,Parkinsons,4,None,0.033104896545410156
ICA,Parkinsons,6,None,0.028810977935791016
ICA,Parkinsons,8,None,0.010471582412719727
ICA,Parkinsons,10,None,0.034653425216674805
ICA,StayHospital,2,None,0.06530356407165527
ICA,StayHospital,4,None,0.050559282302856445
ICA,StayHospital,6,None,0.08960390090942383
ICA,StayHospital,8,None,0.08274483680725098
ICA,StayHospital,10,None,0.18262243270874023
ICA,StayHospital,12,None,0.1568288803100586
ICA,StayHospital,14,None,0.2927978038787842
ICA,StayHospital,16,None,1.8542156219482422
ICA,StayHospital,18,None,0.8022201061248779
ICA,StayHospital,20,None,0.2515881061553955
ICA,StayHospital,22,None,1.4196934700012207
ICA,StayHospital,24,None,2.0086240768432617
ICA,Zoo,2,None,0.0060274600982666016
ICA,Zoo,4,None,0.007871866226196289
ICA,Zoo,6,None,0.03765130043029785
Index(['dr_name', 'dataset_name', 'n_components', 'n_neighbors',
       'transform_time'],
      dtype='object')
ICA,AcademicSuccess,2,None,0.0010247230529785156
ICA,AcademicSuccess,4,None,0.0009889602661132812
ICA,AcademicSuccess,6,None,0.0009906291961669922
ICA,AcademicSuccess,8,None,0.000978231430053711
ICA,AcademicSuccess,10,None,0.0009932518005371094
ICA,AcademicSuccess,12,None,0.0010409355163574219
ICA,AcademicSuccess,14,None,0.0010259151458740234
ICA,AcademicSuccess,16,None,0.009446144104003906
ICA,BuyCoupon,2,None,0.0019617080688476562
ICA,BuyCoupon,5,None,0.0019807815551757812
ICA,BuyCoupon,8,None,0.0020558834075927734
ICA,BuyCoupon,11,None,0.002079010009765625
ICA,BuyCoupon,14,None,0.002130746841430664
ICA,BuyCoupon,17,None,0.002117633819580078
ICA,BuyCoupon,20,None,0.0020835399627685547
ICA,BuyCoupon,23,None,0.002080202102661133
ICA,BuyCoupon,26,None,0.002164602279663086
ICA,BuyCoupon,29,None,0.002166271209716797
ICA,DryBean,2,None,0.0008647441864013672
ICA,DryBean,4,None,0.0008380413055419922
ICA,DryBean,6,None,0.0008525848388671875
ICA,FakeWebsite,2,None,0.0009849071502685547
ICA,FakeWebsite,4,None,0.0009427070617675781
ICA,FakeWebsite,6,None,0.0010292530059814453
ICA,FakeWebsite,8,None,0.0010478496551513672
ICA,FakeWebsite,10,None,0.0010333061218261719
ICA,FakeWebsite,12,None,0.0010862350463867188
ICA,FakeWebsite,14,None,0.001093149185180664
ICA,Glass,2,None,0.0006988048553466797
ICA,Grade,2,None,0.0007042884826660156
ICA,Heart,2,None,0.0008232593536376953
ICA,Heart,4,None,0.00081634521484375
ICA,Heart,6,None,0.0008153915405273438
ICA,Heart,8,None,0.000812530517578125
ICA,Parkinsons,2,None,0.0007455348968505859
ICA,Parkinsons,4,None,0.0007371902465820312
ICA,Parkinsons,6,None,0.0007517337799072266
ICA,Parkinsons,8,None,0.0007379055023193359
ICA,Parkinsons,10,None,0.0007493495941162109
ICA,StayHospital,2,None,0.0011420249938964844
ICA,StayHospital,4,None,0.001077890396118164
ICA,StayHospital,6,None,0.0011811256408691406
ICA,StayHospital,8,None,0.0012066364288330078
ICA,StayHospital,10,None,0.001220703125
ICA,StayHospital,12,None,0.0012378692626953125
ICA,StayHospital,14,None,0.001251220703125
ICA,StayHospital,16,None,0.0012400150299072266
ICA,StayHospital,18,None,0.0012598037719726562
ICA,StayHospital,20,None,0.0012612342834472656
ICA,StayHospital,22,None,0.001245260238647461
ICA,StayHospital,24,None,0.00127410888671875
ICA,Zoo,2,None,0.0008068084716796875
ICA,Zoo,4,None,0.0007908344268798828
ICA,Zoo,6,None,0.0007984638214111328
Index(['dr_name', 'dataset_name', 'n_components', 'n_neighbors', 'accuracy',
       'precision', 'recall', 'f1_score'],
      dtype='object')
[['ICA' 'AcademicSuccess' 2 None 0.6632768361581921 0.7329015521488949
  0.6632768361581921 0.5922454629577624]]
[['ICA' 'AcademicSuccess' 4 None 0.688135593220339 0.6486800415589331
  0.688135593220339 0.6223973335528433]]
[['ICA' 'AcademicSuccess' 6 None 0.7220338983050848 0.7005712887181842
  0.7220338983050848 0.6871392627899197]]
[['ICA' 'AcademicSuccess' 8 None 0.7163841807909604 0.6897124340048578
  0.7163841807909604 0.6814749075522525]]
[['ICA' 'AcademicSuccess' 10 None 0.7163841807909604 0.6907437608395502
  0.7163841807909604 0.6885760714645008]]
[['ICA' 'AcademicSuccess' 12 None 0.7254237288135593 0.7059164615221021
  0.7254237288135593 0.6990001190003091]]
[['ICA' 'AcademicSuccess' 14 None 0.7163841807909604 0.6951726694569254
  0.7163841807909604 0.6940579560004534]]
[['ICA' 'AcademicSuccess' 16 None 0.7209039548022599 0.6982940640690284
  0.7209039548022599 0.6991914643727876]]
[['ICA' 'BuyCoupon' 2 None 0.5648403626330312 0.5672235481304694
  0.9889042995839112 0.7209302325581396]]
[['ICA' 'BuyCoupon' 5 None 0.6081986598344501 0.619530416221985
  0.805131761442441 0.7002412545235223]]
[['ICA' 'BuyCoupon' 8 None 0.6026803310997241 0.61337513061651
  0.8141470180305131 0.699642431466031]]
[['ICA' 'BuyCoupon' 11 None 0.640520299566417 0.644808743169399
  0.8183079056865464 0.7212713936430318]]
[['ICA' 'BuyCoupon' 14 None 0.6677177769018526 0.6760728982951205
  0.79750346740638 0.7317849188673241]]
[['ICA' 'BuyCoupon' 17 None 0.6960977532518723 0.7027190332326284
  0.8065187239944521 0.7510494026477236]]
[['ICA' 'BuyCoupon' 20 None 0.7162002364998029 0.724502487562189
  0.8079056865464632 0.7639344262295082]]
[['ICA' 'BuyCoupon' 23 None 0.7327552227039811 0.7426937738246506
  0.8106796116504854 0.7751989389920425]]
[['ICA' 'BuyCoupon' 26 None 0.7366968860859283 0.7421777221526908
  0.8224687933425797 0.7802631578947368]]
[['ICA' 'BuyCoupon' 29 None 0.7382735514387071 0.7465145754119138
  0.8169209431345353 0.7801324503311259]]
[['ICA' 'DryBean' 2 None 0.8817480719794345 0.8847594473444789
  0.8817480719794345 0.879600793301895]]
[['ICA' 'DryBean' 4 None 0.9015791406536908 0.9025774777273238
  0.9015791406536908 0.9012749984692034]]
[['ICA' 'DryBean' 6 None 0.9331619537275064 0.9335386536491167
  0.9331619537275064 0.933282762455244]]
[['ICA' 'FakeWebsite' 2 None 0.8991406603346902 0.9057971014492754
  0.9138911454102355 0.9098261221188839]]
[['ICA' 'FakeWebsite' 4 None 0.900497512437811 0.9146841673502871
  0.9057676685621446 0.9102040816326531]]
[['ICA' 'FakeWebsite' 6 None 0.9136137494346449 0.9166666666666666
  0.9293257514216084 0.9229528035498185]]
[['ICA' 'FakeWebsite' 8 None 0.9344188150158299 0.931637519872814
  0.9520714865962632 0.9417436721574929]]
[['ICA' 'FakeWebsite' 10 None 0.9389416553595658 0.9349206349206349
  0.9569455727051178 0.9458048976314732]]
[['ICA' 'FakeWebsite' 12 None 0.9448213478064225 0.9383399209486166
  0.9642567018683996 0.9511217948717949]]
[['ICA' 'FakeWebsite' 14 None 0.9511533242876526 0.9424743892829
  0.9715678310316815 0.9568]]
[['ICA' 'Glass' 2 None 0.6976744186046512 0.7586831772878284
  0.6976744186046512 0.6410941815913748]]
[['ICA' 'Grade' 2 None 0.965 0.9667947368421053 0.965 0.9648522851046799]]
[['ICA' 'Heart' 2 None 0.6956521739130435 0.6949152542372882
  0.803921568627451 0.7454545454545455]]
[['ICA' 'Heart' 4 None 0.7391304347826086 0.7288135593220338
  0.8431372549019608 0.7818181818181819]]
[['ICA' 'Heart' 6 None 0.8478260869565217 0.8363636363636363
  0.9019607843137255 0.8679245283018867]]
[['ICA' 'Heart' 8 None 0.8369565217391305 0.8272727272727273
  0.8921568627450981 0.8584905660377359]]
[['ICA' 'Parkinsons' 2 None 0.8461538461538461 0.8285714285714286 1.0
  0.90625]]
[['ICA' 'Parkinsons' 4 None 0.8205128205128205 0.8055555555555556 1.0
  0.8923076923076924]]
[['ICA' 'Parkinsons' 6 None 0.8461538461538461 0.8285714285714286 1.0
  0.90625]]
[['ICA' 'Parkinsons' 8 None 0.8717948717948718 0.8529411764705882 1.0
  0.9206349206349206]]
[['ICA' 'Parkinsons' 10 None 0.8205128205128205 0.8055555555555556 1.0
  0.8923076923076924]]
[['ICA' 'StayHospital' 2 None 0.2975 0.5414044097043852 0.2975
  0.1480585611513613]]
[['ICA' 'StayHospital' 4 None 0.299 0.41279130330225283 0.299
  0.1624705956183184]]
[['ICA' 'StayHospital' 6 None 0.35 0.43987840273874224 0.35
  0.26080781210693604]]
[['ICA' 'StayHospital' 8 None 0.378 0.4110576277709195 0.378
  0.3059247758758022]]
[['ICA' 'StayHospital' 10 None 0.3955 0.47249044165856724 0.3955
  0.3347591846493424]]
[['ICA' 'StayHospital' 12 None 0.4005 0.4321193771195202 0.4005
  0.3406350517732711]]
[['ICA' 'StayHospital' 14 None 0.4055 0.44232387960667446 0.4055
  0.3468690224970343]]
[['ICA' 'StayHospital' 16 None 0.412 0.44189353017139865 0.412
  0.3529711397081986]]
[['ICA' 'StayHospital' 18 None 0.4155 0.44327644646961145 0.4155
  0.35425470808027465]]
[['ICA' 'StayHospital' 20 None 0.413 0.4414682835907191 0.413
  0.350869966649571]]
[['ICA' 'StayHospital' 22 None 0.421 0.4663739817467502 0.421
  0.36078585305106986]]
[['ICA' 'StayHospital' 24 None 0.4145 0.45434459616419365 0.4145
  0.3549321991533389]]
[['ICA' 'Zoo' 2 None 0.8571428571428571 0.8944444444444444
  0.8571428571428571 0.8123960695389266]]
[['ICA' 'Zoo' 4 None 0.9523809523809523 0.9642857142857143
  0.9523809523809523 0.9319727891156462]]
[['ICA' 'Zoo' 6 None 0.9523809523809523 0.9576719576719577
  0.9523809523809523 0.9299719887955182]]
----------svd----------
Index(['dr_name', 'dataset_name', 'n_components', 'n_neighbors',
       'fit_transform_time'],
      dtype='object')
SVD,AcademicSuccess,2,None,0.017470836639404297
SVD,AcademicSuccess,4,None,0.027085304260253906
SVD,AcademicSuccess,6,None,0.0311429500579834
SVD,AcademicSuccess,8,None,0.06361579895019531
SVD,AcademicSuccess,10,None,0.03464651107788086
SVD,AcademicSuccess,12,None,0.055947303771972656
SVD,AcademicSuccess,14,None,0.062170982360839844
SVD,AcademicSuccess,16,None,0.04091691970825195
SVD,BuyCoupon,2,None,0.058049678802490234
SVD,BuyCoupon,5,None,0.05280280113220215
SVD,BuyCoupon,8,None,0.08021426200866699
SVD,BuyCoupon,11,None,0.09779238700866699
SVD,BuyCoupon,14,None,0.12136435508728027
SVD,BuyCoupon,17,None,0.14295601844787598
SVD,BuyCoupon,20,None,0.09135699272155762
SVD,BuyCoupon,23,None,0.19874238967895508
SVD,BuyCoupon,26,None,0.13385629653930664
SVD,BuyCoupon,29,None,0.17911529541015625
SVD,DryBean,2,None,0.03310036659240723
SVD,DryBean,4,None,0.0376591682434082
SVD,DryBean,6,None,0.0589594841003418
SVD,FakeWebsite,2,None,0.05521416664123535
SVD,FakeWebsite,4,None,0.03925442695617676
SVD,FakeWebsite,6,None,0.03519296646118164
SVD,FakeWebsite,8,None,0.04666423797607422
SVD,FakeWebsite,10,None,0.07019853591918945
SVD,FakeWebsite,12,None,0.051010847091674805
SVD,FakeWebsite,14,None,0.08635139465332031
SVD,Glass,2,None,0.008291244506835938
SVD,Grade,2,None,0.009308099746704102
SVD,Heart,2,None,0.008038759231567383
SVD,Heart,4,None,0.01837611198425293
SVD,Heart,6,None,0.009150981903076172
SVD,Heart,8,None,0.01021432876586914
SVD,Parkinsons,2,None,0.0020875930786132812
SVD,Parkinsons,4,None,0.0016603469848632812
SVD,Parkinsons,6,None,0.0015969276428222656
SVD,Parkinsons,8,None,0.004654407501220703
SVD,Parkinsons,10,None,0.007103681564331055
SVD,StayHospital,2,None,0.11213135719299316
SVD,StayHospital,4,None,0.07234025001525879
SVD,StayHospital,6,None,0.06467366218566895
SVD,StayHospital,8,None,0.10717368125915527
SVD,StayHospital,10,None,0.12727093696594238
SVD,StayHospital,12,None,0.08960628509521484
SVD,StayHospital,14,None,0.08459973335266113
SVD,StayHospital,16,None,0.1267397403717041
SVD,StayHospital,18,None,0.12756109237670898
SVD,StayHospital,20,None,0.2111048698425293
SVD,StayHospital,22,None,0.19837594032287598
SVD,StayHospital,24,None,0.22575163841247559
SVD,Zoo,2,None,0.01553797721862793
SVD,Zoo,4,None,0.005159854888916016
SVD,Zoo,6,None,0.01287984848022461
Index(['dr_name', 'dataset_name', 'n_components', 'n_neighbors',
       'transform_time'],
      dtype='object')
SVD,AcademicSuccess,2,None,0.0009446144104003906
SVD,AcademicSuccess,4,None,0.0009088516235351562
SVD,AcademicSuccess,6,None,0.001016378402709961
SVD,AcademicSuccess,8,None,0.0009071826934814453
SVD,AcademicSuccess,10,None,0.008536338806152344
SVD,AcademicSuccess,12,None,0.0029997825622558594
SVD,AcademicSuccess,14,None,0.0009560585021972656
SVD,AcademicSuccess,16,None,0.008765459060668945
SVD,BuyCoupon,2,None,0.006939411163330078
SVD,BuyCoupon,5,None,0.010926485061645508
SVD,BuyCoupon,8,None,0.004347324371337891
SVD,BuyCoupon,11,None,0.004090785980224609
SVD,BuyCoupon,14,None,0.005971670150756836
SVD,BuyCoupon,17,None,0.0017123222351074219
SVD,BuyCoupon,20,None,0.0016772747039794922
SVD,BuyCoupon,23,None,0.0016717910766601562
SVD,BuyCoupon,26,None,0.0018219947814941406
SVD,BuyCoupon,29,None,0.0018880367279052734
SVD,DryBean,2,None,0.0007641315460205078
SVD,DryBean,4,None,0.0007579326629638672
SVD,DryBean,6,None,0.0007786750793457031
SVD,FakeWebsite,2,None,0.0009493827819824219
SVD,FakeWebsite,4,None,0.0008757114410400391
SVD,FakeWebsite,6,None,0.0009024143218994141
SVD,FakeWebsite,8,None,0.0009295940399169922
SVD,FakeWebsite,10,None,0.000926971435546875
SVD,FakeWebsite,12,None,0.0009758472442626953
SVD,FakeWebsite,14,None,0.0009753704071044922
SVD,Glass,2,None,0.0006668567657470703
SVD,Grade,2,None,0.0006518363952636719
SVD,Heart,2,None,0.0007600784301757812
SVD,Heart,4,None,0.0007536411285400391
SVD,Heart,6,None,0.0007600784301757812
SVD,Heart,8,None,0.0007522106170654297
SVD,Parkinsons,2,None,0.0007226467132568359
SVD,Parkinsons,4,None,0.0008134841918945312
SVD,Parkinsons,6,None,0.0007205009460449219
SVD,Parkinsons,8,None,0.0007178783416748047
SVD,Parkinsons,10,None,0.0007166862487792969
SVD,StayHospital,2,None,0.0011601448059082031
SVD,StayHospital,4,None,0.0010211467742919922
SVD,StayHospital,6,None,0.0010745525360107422
SVD,StayHospital,8,None,0.0010859966278076172
SVD,StayHospital,10,None,0.0011875629425048828
SVD,StayHospital,12,None,0.0011544227600097656
SVD,StayHospital,14,None,0.0011339187622070312
SVD,StayHospital,16,None,0.001125335693359375
SVD,StayHospital,18,None,0.001123666763305664
SVD,StayHospital,20,None,0.0011615753173828125
SVD,StayHospital,22,None,0.0011241436004638672
SVD,StayHospital,24,None,0.0011663436889648438
SVD,Zoo,2,None,0.0007548332214355469
SVD,Zoo,4,None,0.000743865966796875
SVD,Zoo,6,None,0.0007319450378417969
Index(['dr_name', 'dataset_name', 'n_components', 'n_neighbors', 'accuracy',
       'precision', 'recall', 'f1_score'],
      dtype='object')
[['SVD' 'AcademicSuccess' 2 None 0.6677966101694915 0.7391272845916284
  0.6677966101694915 0.5962875975926383]]
[['SVD' 'AcademicSuccess' 4 None 0.6824858757062147 0.6616507936507936
  0.6824858757062147 0.6134142426069646]]
[['SVD' 'AcademicSuccess' 6 None 0.7073446327683616 0.6887525306512176
  0.7073446327683616 0.6545253462397015]]
[['SVD' 'AcademicSuccess' 8 None 0.7175141242937854 0.697224529670815
  0.7175141242937854 0.6810861794676148]]
[['SVD' 'AcademicSuccess' 10 None 0.7028248587570621 0.673926655233751
  0.7028248587570621 0.666434563674536]]
[['SVD' 'AcademicSuccess' 12 None 0.7141242937853107 0.6896619678488788
  0.7141242937853107 0.6853982715883968]]
[['SVD' 'AcademicSuccess' 14 None 0.7265536723163842 0.7060363369469033
  0.7265536723163842 0.7037591055091045]]
[['SVD' 'AcademicSuccess' 16 None 0.7446327683615819 0.7325957888170025
  0.7446327683615819 0.7280407461446319]]
[['SVD' 'BuyCoupon' 2 None 0.5683878596767836 0.5683878596767836 1.0
  0.7248052274440815]]
[['SVD' 'BuyCoupon' 5 None 0.5683878596767836 0.5683878596767836 1.0
  0.7248052274440815]]
[['SVD' 'BuyCoupon' 8 None 0.5683878596767836 0.5683878596767836 1.0
  0.7248052274440815]]
[['SVD' 'BuyCoupon' 11 None 0.5683878596767836 0.5683878596767836 1.0
  0.7248052274440815]]
[['SVD' 'BuyCoupon' 14 None 0.5683878596767836 0.5683878596767836 1.0
  0.7248052274440815]]
[['SVD' 'BuyCoupon' 17 None 0.5683878596767836 0.5683878596767836 1.0
  0.7248052274440815]]
[['SVD' 'BuyCoupon' 20 None 0.5683878596767836 0.5683878596767836 1.0
  0.7248052274440815]]
[['SVD' 'BuyCoupon' 23 None 0.5683878596767836 0.5683878596767836 1.0
  0.7248052274440815]]
[['SVD' 'BuyCoupon' 26 None 0.5683878596767836 0.5683878596767836 1.0
  0.7248052274440815]]
[['SVD' 'BuyCoupon' 29 None 0.5683878596767836 0.5683878596767836 1.0
  0.7248052274440815]]
[['SVD' 'DryBean' 2 None 0.8813808299669482 0.8843244259056775
  0.8813808299669482 0.8789536856737367]]
[['SVD' 'DryBean' 4 None 0.8993756885787734 0.9005470549775895
  0.8993756885787734 0.8990481345643544]]
[['SVD' 'DryBean' 6 None 0.9302240176276166 0.9309364266339312
  0.9302240176276166 0.9304224615446598]]
[['SVD' 'FakeWebsite' 2 None 0.8941655359565808 0.8928289992119779
  0.9203899268887084 0.9063999999999999]]
[['SVD' 'FakeWebsite' 4 None 0.8937132519222072 0.9068627450980392
  0.9017059301380991 0.9042769857433809]]
[['SVD' 'FakeWebsite' 6 None 0.9014020805065581 0.9094583670169766
  0.9138911454102355 0.9116693679092382]]
[['SVD' 'FakeWebsite' 8 None 0.9199457259158752 0.9222756410256411
  0.9350121852152722 0.9286002420330778]]
[['SVD' 'FakeWebsite' 10 None 0.926729986431479 0.916601714731099
  0.9553208773354996 0.9355608591885441]]
[['SVD' 'FakeWebsite' 12 None 0.9294436906377205 0.9209083790133125
  0.9553208773354996 0.937799043062201]]
[['SVD' 'FakeWebsite' 14 None 0.9303482587064676 0.9230164964650432
  0.9545085296506904 0.9384984025559105]]
[['SVD' 'Glass' 2 None 0.6976744186046512 0.7586831772878284
  0.6976744186046512 0.6410941815913748]]
[['SVD' 'Grade' 2 None 0.955 0.9580948874395119 0.955 0.9548696167631651]]
[['SVD' 'Heart' 2 None 0.6195652173913043 0.6777777777777778
  0.5980392156862745 0.6354166666666667]]
[['SVD' 'Heart' 4 None 0.7065217391304348 0.7142857142857143
  0.7843137254901961 0.7476635514018691]]
[['SVD' 'Heart' 6 None 0.7119565217391305 0.7207207207207207
  0.7843137254901961 0.7511737089201878]]
[['SVD' 'Heart' 8 None 0.7119565217391305 0.7207207207207207
  0.7843137254901961 0.7511737089201878]]
[['SVD' 'Parkinsons' 2 None 0.7948717948717948 0.8 0.9655172413793104
  0.8750000000000001]]
[['SVD' 'Parkinsons' 4 None 0.7948717948717948 0.8 0.9655172413793104
  0.8750000000000001]]
[['SVD' 'Parkinsons' 6 None 0.7948717948717948 0.8181818181818182
  0.9310344827586207 0.8709677419354839]]
[['SVD' 'Parkinsons' 8 None 0.8461538461538461 0.8285714285714286 1.0
  0.90625]]
[['SVD' 'Parkinsons' 10 None 0.8461538461538461 0.8285714285714286 1.0
  0.90625]]
[['SVD' 'StayHospital' 2 None 0.2955 0.79182025 0.2955 0.1348054805094558]]
[['SVD' 'StayHospital' 4 None 0.2955 0.79182025 0.2955 0.1348054805094558]]
[['SVD' 'StayHospital' 6 None 0.2955 0.79182025 0.2955 0.1348054805094558]]
[['SVD' 'StayHospital' 8 None 0.2955 0.79182025 0.2955 0.1348054805094558]]
[['SVD' 'StayHospital' 10 None 0.2955 0.79182025 0.2955
  0.1348054805094558]]
[['SVD' 'StayHospital' 12 None 0.2955 0.79182025 0.2955
  0.1348054805094558]]
[['SVD' 'StayHospital' 14 None 0.2955 0.79182025 0.2955
  0.1348054805094558]]
[['SVD' 'StayHospital' 16 None 0.2955 0.79182025 0.2955
  0.1348054805094558]]
[['SVD' 'StayHospital' 18 None 0.2955 0.79182025 0.2955
  0.1348054805094558]]
[['SVD' 'StayHospital' 20 None 0.2955 0.79182025 0.2955
  0.1348054805094558]]
[['SVD' 'StayHospital' 22 None 0.2955 0.79182025 0.2955
  0.1348054805094558]]
[['SVD' 'StayHospital' 24 None 0.2955 0.79182025 0.2955
  0.1348054805094558]]
[['SVD' 'Zoo' 2 None 0.7142857142857143 0.7987528344671203
  0.7142857142857143 0.6430839002267573]]
[['SVD' 'Zoo' 4 None 0.9047619047619048 0.9166666666666666
  0.9047619047619048 0.8843537414965985]]
[['SVD' 'Zoo' 6 None 0.9523809523809523 0.9642857142857143
  0.9523809523809523 0.9319727891156462]]
----------lpp----------
Index(['dr_name', 'dataset_name', 'n_components', 'n_neighbors',
       'fit_transform_time'],
      dtype='object')
LPP,AcademicSuccess,2,8,0.30936574935913086
LPP,AcademicSuccess,2,15,0.20535922050476074
LPP,AcademicSuccess,2,59,0.2441108226776123
LPP,AcademicSuccess,4,8,0.23749256134033203
LPP,AcademicSuccess,4,15,0.2457571029663086
LPP,AcademicSuccess,4,59,0.2761383056640625
LPP,AcademicSuccess,6,8,0.21754956245422363
LPP,AcademicSuccess,6,15,0.23259782791137695
LPP,AcademicSuccess,6,59,0.27649950981140137
LPP,AcademicSuccess,8,8,0.2186579704284668
LPP,AcademicSuccess,8,15,0.23097538948059082
LPP,AcademicSuccess,8,59,0.24585986137390137
LPP,AcademicSuccess,10,8,0.2195591926574707
LPP,AcademicSuccess,10,15,0.23404264450073242
LPP,AcademicSuccess,10,59,0.2570784091949463
LPP,AcademicSuccess,12,8,0.2179117202758789
LPP,AcademicSuccess,12,15,0.22720766067504883
LPP,AcademicSuccess,12,59,0.2501797676086426
LPP,AcademicSuccess,14,8,0.21921086311340332
LPP,AcademicSuccess,14,15,0.22824501991271973
LPP,AcademicSuccess,14,59,0.24718189239501953
LPP,AcademicSuccess,16,8,0.23507165908813477
LPP,AcademicSuccess,16,15,0.3699779510498047
LPP,AcademicSuccess,16,59,0.254288911819458
LPP,BuyCoupon,2,9,1.2988324165344238
LPP,BuyCoupon,2,21,1.4730629920959473
LPP,BuyCoupon,2,100,1.7339720726013184
LPP,BuyCoupon,5,9,1.4739069938659668
LPP,BuyCoupon,5,21,1.5714900493621826
LPP,BuyCoupon,5,100,1.7320847511291504
LPP,BuyCoupon,8,9,1.487858533859253
LPP,BuyCoupon,8,21,1.5641021728515625
LPP,BuyCoupon,8,100,1.7360029220581055
LPP,BuyCoupon,11,9,1.4109866619110107
LPP,BuyCoupon,11,21,1.5546224117279053
LPP,BuyCoupon,11,100,1.6910526752471924
LPP,BuyCoupon,14,9,1.5252904891967773
LPP,BuyCoupon,14,21,1.5712428092956543
LPP,BuyCoupon,14,100,1.8658852577209473
LPP,BuyCoupon,17,9,1.3909261226654053
LPP,BuyCoupon,17,21,1.8722741603851318
LPP,BuyCoupon,17,100,1.8048710823059082
LPP,BuyCoupon,20,9,1.4558148384094238
LPP,BuyCoupon,20,21,1.4746637344360352
LPP,BuyCoupon,20,100,1.6809020042419434
LPP,BuyCoupon,23,9,1.8637075424194336
LPP,BuyCoupon,23,21,2.052520513534546
LPP,BuyCoupon,23,100,1.663297414779663
LPP,BuyCoupon,26,9,1.4595613479614258
LPP,BuyCoupon,26,21,1.7047598361968994
LPP,BuyCoupon,26,100,1.6942822933197021
LPP,BuyCoupon,29,9,1.3193345069885254
LPP,BuyCoupon,29,21,1.5475568771362305
LPP,BuyCoupon,29,100,1.7761139869689941
LPP,DryBean,2,9,1.2306642532348633
LPP,DryBean,2,22,1.3505463600158691
LPP,DryBean,2,104,1.5270302295684814
LPP,DryBean,4,9,1.2070295810699463
LPP,DryBean,4,22,1.280641794204712
LPP,DryBean,4,104,1.4613308906555176
LPP,DryBean,6,9,2.9280216693878174
LPP,DryBean,6,22,1.880615234375
LPP,DryBean,6,104,1.7456836700439453
LPP,FakeWebsite,2,9,1.9322032928466797
LPP,FakeWebsite,2,20,1.9996061325073242
LPP,FakeWebsite,2,94,2.0190982818603516
LPP,FakeWebsite,4,9,1.7651524543762207
LPP,FakeWebsite,4,20,1.7835519313812256
LPP,FakeWebsite,4,94,1.8576457500457764
LPP,FakeWebsite,6,9,1.7605855464935303
LPP,FakeWebsite,6,20,1.8842835426330566
LPP,FakeWebsite,6,94,1.8711936473846436
LPP,FakeWebsite,8,9,3.2060658931732178
LPP,FakeWebsite,8,20,1.8583781719207764
LPP,FakeWebsite,8,94,2.0184597969055176
LPP,FakeWebsite,10,9,2.042039632797241
LPP,FakeWebsite,10,20,1.8634040355682373
LPP,FakeWebsite,10,94,1.9230024814605713
LPP,FakeWebsite,12,9,1.8244712352752686
LPP,FakeWebsite,12,20,1.8907454013824463
LPP,FakeWebsite,12,94,1.9367339611053467
LPP,FakeWebsite,14,9,1.8790662288665771
LPP,FakeWebsite,14,20,1.8695483207702637
LPP,FakeWebsite,14,94,1.8589246273040771
LPP,Glass,2,5,0.009081363677978516
LPP,Glass,2,5,0.011738777160644531
LPP,Glass,2,13,0.009685516357421875
LPP,Grade,2,6,0.010994672775268555
LPP,Grade,2,9,0.015856266021728516
LPP,Grade,2,28,0.014718294143676758
LPP,Heart,2,6,0.08892536163330078
LPP,Heart,2,9,0.07431626319885254
LPP,Heart,2,27,0.0816953182220459
LPP,Heart,4,6,0.08340740203857422
LPP,Heart,4,9,0.07829737663269043
LPP,Heart,4,27,0.08645296096801758
LPP,Heart,6,6,0.09195494651794434
LPP,Heart,6,9,0.08126521110534668
LPP,Heart,6,27,0.09078383445739746
LPP,Heart,8,6,0.07172203063964844
LPP,Heart,8,9,0.09532570838928223
LPP,Heart,8,27,0.07642984390258789
LPP,Parkinsons,2,5,0.030646800994873047
LPP,Parkinsons,2,5,0.06640958786010742
LPP,Parkinsons,2,12,0.02094244956970215
LPP,Parkinsons,4,5,0.07447934150695801
LPP,Parkinsons,4,5,0.06908202171325684
LPP,Parkinsons,4,12,0.016685962677001953
LPP,Parkinsons,6,5,0.08968710899353027
LPP,Parkinsons,6,5,0.058760643005371094
LPP,Parkinsons,6,12,0.07454323768615723
LPP,Parkinsons,8,5,0.07147717475891113
LPP,Parkinsons,8,5,0.07303667068481445
LPP,Parkinsons,8,12,0.08127331733703613
LPP,Parkinsons,10,5,0.07428407669067383
LPP,Parkinsons,10,5,0.07087206840515137
LPP,Parkinsons,10,12,0.07221007347106934
LPP,StayHospital,2,8,2.1029274463653564
LPP,StayHospital,2,19,2.1781654357910156
LPP,StayHospital,2,89,2.3240373134613037
LPP,StayHospital,4,8,2.048567295074463
LPP,StayHospital,4,19,2.0684430599212646
LPP,StayHospital,4,89,1.6476263999938965
LPP,StayHospital,6,8,1.555098056793213
LPP,StayHospital,6,19,2.1447389125823975
LPP,StayHospital,6,89,2.156216859817505
LPP,StayHospital,8,8,2.0697336196899414
LPP,StayHospital,8,19,2.261129856109619
LPP,StayHospital,8,89,2.189774513244629
LPP,StayHospital,10,8,1.9519999027252197
LPP,StayHospital,10,19,1.5529711246490479
LPP,StayHospital,10,89,1.650564432144165
LPP,StayHospital,12,8,1.7979776859283447
LPP,StayHospital,12,19,2.0895209312438965
LPP,StayHospital,12,89,1.8403677940368652
LPP,StayHospital,14,8,1.8939275741577148
LPP,StayHospital,14,19,1.62833571434021
LPP,StayHospital,14,89,2.0213632583618164
LPP,StayHospital,16,8,1.6776227951049805
LPP,StayHospital,16,19,1.7101902961730957
LPP,StayHospital,16,89,1.739410638809204
LPP,StayHospital,18,8,1.6110093593597412
LPP,StayHospital,18,19,1.6822524070739746
LPP,StayHospital,18,89,1.7650682926177979
LPP,StayHospital,20,8,1.551663875579834
LPP,StayHospital,20,19,1.6281323432922363
LPP,StayHospital,20,89,1.6845333576202393
LPP,StayHospital,22,8,2.06630802154541
LPP,StayHospital,22,19,1.7846779823303223
LPP,StayHospital,22,89,1.8496768474578857
LPP,StayHospital,24,8,1.5641999244689941
LPP,StayHospital,24,19,1.7466764450073242
LPP,StayHospital,24,89,1.8839316368103027
LPP,Zoo,2,4,0.06780672073364258
LPP,Zoo,2,4,0.003002166748046875
LPP,Zoo,2,8,0.0026412010192871094
LPP,Zoo,4,4,0.0024192333221435547
LPP,Zoo,4,4,0.0025877952575683594
LPP,Zoo,4,8,0.0024230480194091797
LPP,Zoo,6,4,0.0024275779724121094
LPP,Zoo,6,4,0.002258777618408203
LPP,Zoo,6,8,0.002282381057739258
Index(['dr_name', 'dataset_name', 'n_components', 'n_neighbors',
       'transform_time'],
      dtype='object')
LPP,AcademicSuccess,2,8,0.0006353855133056641
LPP,AcademicSuccess,2,15,0.0006072521209716797
LPP,AcademicSuccess,2,59,0.0005934238433837891
LPP,AcademicSuccess,4,8,0.0005877017974853516
LPP,AcademicSuccess,4,15,0.0005939006805419922
LPP,AcademicSuccess,4,59,0.0005803108215332031
LPP,AcademicSuccess,6,8,0.0005917549133300781
LPP,AcademicSuccess,6,15,0.0005834102630615234
LPP,AcademicSuccess,6,59,0.0005865097045898438
LPP,AcademicSuccess,8,8,0.0005860328674316406
LPP,AcademicSuccess,8,15,0.0005850791931152344
LPP,AcademicSuccess,8,59,0.0005998611450195312
LPP,AcademicSuccess,10,8,0.0006322860717773438
LPP,AcademicSuccess,10,15,0.0008335113525390625
LPP,AcademicSuccess,10,59,0.0008256435394287109
LPP,AcademicSuccess,12,8,0.0008337497711181641
LPP,AcademicSuccess,12,15,0.0008552074432373047
LPP,AcademicSuccess,12,59,0.0008683204650878906
LPP,AcademicSuccess,14,8,0.0009014606475830078
LPP,AcademicSuccess,14,15,0.0009086132049560547
LPP,AcademicSuccess,14,59,0.0009026527404785156
LPP,AcademicSuccess,16,8,0.0009107589721679688
LPP,AcademicSuccess,16,15,0.0008995532989501953
LPP,AcademicSuccess,16,59,0.0008943080902099609
LPP,BuyCoupon,2,9,0.0013685226440429688
LPP,BuyCoupon,2,21,0.0013816356658935547
LPP,BuyCoupon,2,100,0.0013685226440429688
LPP,BuyCoupon,5,9,0.0014331340789794922
LPP,BuyCoupon,5,21,0.0013642311096191406
LPP,BuyCoupon,5,100,0.0013613700866699219
LPP,BuyCoupon,8,9,0.0014290809631347656
LPP,BuyCoupon,8,21,0.0014655590057373047
LPP,BuyCoupon,8,100,0.0014681816101074219
LPP,BuyCoupon,11,9,0.0014615058898925781
LPP,BuyCoupon,11,21,0.0014891624450683594
LPP,BuyCoupon,11,100,0.0014998912811279297
LPP,BuyCoupon,14,9,0.0015718936920166016
LPP,BuyCoupon,14,21,0.0015544891357421875
LPP,BuyCoupon,14,100,0.001520395278930664
LPP,BuyCoupon,17,9,0.0015649795532226562
LPP,BuyCoupon,17,21,0.0015540122985839844
LPP,BuyCoupon,17,100,0.0015056133270263672
LPP,BuyCoupon,20,9,0.0015411376953125
LPP,BuyCoupon,20,21,0.001516580581665039
LPP,BuyCoupon,20,100,0.0015397071838378906
LPP,BuyCoupon,23,9,0.0015156269073486328
LPP,BuyCoupon,23,21,0.0015385150909423828
LPP,BuyCoupon,23,100,0.0015277862548828125
LPP,BuyCoupon,26,9,0.0016286373138427734
LPP,BuyCoupon,26,21,0.0016102790832519531
LPP,BuyCoupon,26,100,0.001603841781616211
LPP,BuyCoupon,29,9,0.0016608238220214844
LPP,BuyCoupon,29,21,0.0018138885498046875
LPP,BuyCoupon,29,100,0.0016872882843017578
LPP,DryBean,2,9,0.0007102489471435547
LPP,DryBean,2,22,0.0006952285766601562
LPP,DryBean,2,104,0.0006916522979736328
LPP,DryBean,4,9,0.0007026195526123047
LPP,DryBean,4,22,0.0007007122039794922
LPP,DryBean,4,104,0.0006968975067138672
LPP,DryBean,6,9,0.0007174015045166016
LPP,DryBean,6,22,0.0007166862487792969
LPP,DryBean,6,104,0.0007181167602539062
LPP,FakeWebsite,2,9,0.0008041858673095703
LPP,FakeWebsite,2,20,0.0007631778717041016
LPP,FakeWebsite,2,94,0.0007658004760742188
LPP,FakeWebsite,4,9,0.0007326602935791016
LPP,FakeWebsite,4,20,0.0007612705230712891
LPP,FakeWebsite,4,94,0.0007605552673339844
LPP,FakeWebsite,6,9,0.0007853507995605469
LPP,FakeWebsite,6,20,0.0008084774017333984
LPP,FakeWebsite,6,94,0.00080108642578125
LPP,FakeWebsite,8,9,0.0008077621459960938
LPP,FakeWebsite,8,20,0.0008015632629394531
LPP,FakeWebsite,8,94,0.0008056163787841797
LPP,FakeWebsite,10,9,0.0008041858673095703
LPP,FakeWebsite,10,20,0.0008056163787841797
LPP,FakeWebsite,10,94,0.0008137226104736328
LPP,FakeWebsite,12,9,0.0008699893951416016
LPP,FakeWebsite,12,20,0.0008473396301269531
LPP,FakeWebsite,12,94,0.000865936279296875
LPP,FakeWebsite,14,9,0.0008721351623535156
LPP,FakeWebsite,14,20,0.0008692741394042969
LPP,FakeWebsite,14,94,0.0008614063262939453
LPP,Glass,2,5,0.0006442070007324219
LPP,Glass,2,5,0.0006074905395507812
LPP,Glass,2,13,0.0006051063537597656
LPP,Grade,2,6,0.0006291866302490234
LPP,Grade,2,9,0.0005924701690673828
LPP,Grade,2,28,0.0005972385406494141
LPP,Heart,2,6,0.000698089599609375
LPP,Heart,2,9,0.0006990432739257812
LPP,Heart,2,27,0.000698089599609375
LPP,Heart,4,6,0.0006954669952392578
LPP,Heart,4,9,0.0007023811340332031
LPP,Heart,4,27,0.0006954669952392578
LPP,Heart,6,6,0.0006952285766601562
LPP,Heart,6,9,0.0006997585296630859
LPP,Heart,6,27,0.000698089599609375
LPP,Heart,8,6,0.0006992816925048828
LPP,Heart,8,9,0.0006983280181884766
LPP,Heart,8,27,0.0006971359252929688
LPP,Parkinsons,2,5,0.0006690025329589844
LPP,Parkinsons,2,5,0.0006589889526367188
LPP,Parkinsons,2,12,0.0006563663482666016
LPP,Parkinsons,4,5,0.000659942626953125
LPP,Parkinsons,4,5,0.0006563663482666016
LPP,Parkinsons,4,12,0.0006542205810546875
LPP,Parkinsons,6,5,0.0006589889526367188
LPP,Parkinsons,6,5,0.0006530284881591797
LPP,Parkinsons,6,12,0.0006518363952636719
LPP,Parkinsons,8,5,0.0006589889526367188
LPP,Parkinsons,8,5,0.0006542205810546875
LPP,Parkinsons,8,12,0.0006518363952636719
LPP,Parkinsons,10,5,0.0006663799285888672
LPP,Parkinsons,10,5,0.0006580352783203125
LPP,Parkinsons,10,12,0.0006518363952636719
LPP,StayHospital,2,8,0.0009238719940185547
LPP,StayHospital,2,19,0.0008902549743652344
LPP,StayHospital,2,89,0.0008993148803710938
LPP,StayHospital,4,8,0.0008566379547119141
LPP,StayHospital,4,19,0.000904083251953125
LPP,StayHospital,4,89,0.0009005069732666016
LPP,StayHospital,6,8,0.0009305477142333984
LPP,StayHospital,6,19,0.0009515285491943359
LPP,StayHospital,6,89,0.0009546279907226562
LPP,StayHospital,8,8,0.0009918212890625
LPP,StayHospital,8,19,0.0009703636169433594
LPP,StayHospital,8,89,0.0009822845458984375
LPP,StayHospital,10,8,0.0009930133819580078
LPP,StayHospital,10,19,0.0009829998016357422
LPP,StayHospital,10,89,0.0009768009185791016
LPP,StayHospital,12,8,0.0010209083557128906
LPP,StayHospital,12,19,0.001032114028930664
LPP,StayHospital,12,89,0.0010170936584472656
LPP,StayHospital,14,8,0.0010690689086914062
LPP,StayHospital,14,19,0.001033782958984375
LPP,StayHospital,14,89,0.00102996826171875
LPP,StayHospital,16,8,0.0010640621185302734
LPP,StayHospital,16,19,0.0010213851928710938
LPP,StayHospital,16,89,0.0010552406311035156
LPP,StayHospital,18,8,0.00106048583984375
LPP,StayHospital,18,19,0.0010726451873779297
LPP,StayHospital,18,89,0.0010631084442138672
LPP,StayHospital,20,8,0.0010666847229003906
LPP,StayHospital,20,19,0.0010445117950439453
LPP,StayHospital,20,89,0.0010590553283691406
LPP,StayHospital,22,8,0.0010521411895751953
LPP,StayHospital,22,19,0.0010807514190673828
LPP,StayHospital,22,89,0.001069784164428711
LPP,StayHospital,24,8,0.0010831356048583984
LPP,StayHospital,24,19,0.0010838508605957031
LPP,StayHospital,24,89,0.0012056827545166016
LPP,Zoo,2,4,0.0007014274597167969
LPP,Zoo,2,4,0.0006887912750244141
LPP,Zoo,2,8,0.0006868839263916016
LPP,Zoo,4,4,0.0006852149963378906
LPP,Zoo,4,4,0.0006809234619140625
LPP,Zoo,4,8,0.0006849765777587891
LPP,Zoo,6,4,0.0006809234619140625
LPP,Zoo,6,4,0.0006825923919677734
LPP,Zoo,6,8,0.0006856918334960938
Index(['dr_name', 'dataset_name', 'n_components', 'n_neighbors', 'accuracy',
       'precision', 'recall', 'f1_score'],
      dtype='object')
[['LPP' 'AcademicSuccess' 2 8 0.6519774011299435 0.7506112547479971
  0.6519774011299435 0.5786687511422788]]
[['LPP' 'AcademicSuccess' 2 15 0.6474576271186441 0.7455743879472693
  0.6474576271186441 0.5741471697329026]]
[['LPP' 'AcademicSuccess' 2 59 0.656497175141243 0.7615206631820735
  0.656497175141243 0.5826294175231647]]
[['LPP' 'AcademicSuccess' 4 8 0.6587570621468927 0.7654114555460159
  0.6587570621468927 0.5846297445812776]]
[['LPP' 'AcademicSuccess' 4 15 0.6576271186440678 0.7673599950461528
  0.6576271186440678 0.5836295253779259]]
[['LPP' 'AcademicSuccess' 4 59 0.6542372881355932 0.764108824424052
  0.6542372881355932 0.5796075067010135]]
[['LPP' 'AcademicSuccess' 6 8 0.6711864406779661 0.6405752439650746
  0.6711864406779661 0.6041062363460139]]
[['LPP' 'AcademicSuccess' 6 15 0.6768361581920904 0.6773629179719384
  0.6768361581920904 0.6114342097820272]]
[['LPP' 'AcademicSuccess' 6 59 0.6813559322033899 0.6338123358885165
  0.6813559322033899 0.6131615404010166]]
[['LPP' 'AcademicSuccess' 8 8 0.6689265536723163 0.624430882114431
  0.6689265536723163 0.6005400838569093]]
[['LPP' 'AcademicSuccess' 8 15 0.6937853107344633 0.6758695046885345
  0.6937853107344633 0.6324589970624243]]
[['LPP' 'AcademicSuccess' 8 59 0.7050847457627119 0.6955786887263806
  0.7050847457627119 0.6443614211096318]]
[['LPP' 'AcademicSuccess' 10 8 0.6836158192090396 0.6716970583924439
  0.6836158192090396 0.6190222796719513]]
[['LPP' 'AcademicSuccess' 10 15 0.6949152542372882 0.7038020449521002
  0.6949152542372882 0.6384065879019787]]
[['LPP' 'AcademicSuccess' 10 59 0.711864406779661 0.6892935823551346
  0.711864406779661 0.6608232602646311]]
[['LPP' 'AcademicSuccess' 12 8 0.6847457627118644 0.6806243076550491
  0.6847457627118644 0.6265675446435515]]
[['LPP' 'AcademicSuccess' 12 15 0.688135593220339 0.673845739856692
  0.688135593220339 0.6362036531641543]]
[['LPP' 'AcademicSuccess' 12 59 0.7310734463276836 0.7150042229383451
  0.7310734463276836 0.6971070686209789]]
[['LPP' 'AcademicSuccess' 14 8 0.6983050847457627 0.6832071020682998
  0.6983050847457627 0.6541757267234339]]
[['LPP' 'AcademicSuccess' 14 15 0.7028248587570621 0.6905395485570321
  0.7028248587570621 0.6594507237128885]]
[['LPP' 'AcademicSuccess' 14 59 0.7265536723163842 0.7073392099177425
  0.7265536723163842 0.6915299362832711]]
[['LPP' 'AcademicSuccess' 16 8 0.7050847457627119 0.6806964495129463
  0.7050847457627119 0.6685201822247271]]
[['LPP' 'AcademicSuccess' 16 15 0.7084745762711865 0.686544645778427
  0.7084745762711865 0.6739697514349096]]
[['LPP' 'AcademicSuccess' 16 59 0.7163841807909604 0.6950968813700453
  0.7163841807909604 0.6868165078192313]]
[['LPP' 'BuyCoupon' 2 9 0.5675995270003942 0.5680473372781065
  0.9986130374479889 0.7241639426703546]]
[['LPP' 'BuyCoupon' 2 21 0.5683878596767836 0.5683878596767836 1.0
  0.7248052274440815]]
[['LPP' 'BuyCoupon' 2 100 0.5719353567205361 0.5716009654062751
  0.9854368932038835 0.7235234215885947]]
[['LPP' 'BuyCoupon' 5 9 0.5648403626330312 0.5672235481304694
  0.9889042995839112 0.7209302325581396]]
[['LPP' 'BuyCoupon' 5 21 0.5687820260149783 0.5686661404893449
  0.9993065187239945 0.7248490945674044]]
[['LPP' 'BuyCoupon' 5 100 0.5683878596767836 0.5683878596767836 1.0
  0.7248052274440815]]
[['LPP' 'BuyCoupon' 8 9 0.5648403626330312 0.5672235481304694
  0.9889042995839112 0.7209302325581396]]
[['LPP' 'BuyCoupon' 8 21 0.5683878596767836 0.5683878596767836 1.0
  0.7248052274440815]]
[['LPP' 'BuyCoupon' 8 100 0.5683878596767836 0.5683878596767836 1.0
  0.7248052274440815]]
[['LPP' 'BuyCoupon' 11 9 0.5648403626330312 0.5672235481304694
  0.9889042995839112 0.7209302325581396]]
[['LPP' 'BuyCoupon' 11 21 0.5683878596767836 0.5683878596767836 1.0
  0.7248052274440815]]
[['LPP' 'BuyCoupon' 11 100 0.5683878596767836 0.5683878596767836 1.0
  0.7248052274440815]]
[['LPP' 'BuyCoupon' 14 9 0.5648403626330312 0.5672235481304694
  0.9889042995839112 0.7209302325581396]]
[['LPP' 'BuyCoupon' 14 21 0.5648403626330312 0.5672235481304694
  0.9889042995839112 0.7209302325581396]]
[['LPP' 'BuyCoupon' 14 100 0.5683878596767836 0.5683878596767836 1.0
  0.7248052274440815]]
[['LPP' 'BuyCoupon' 17 9 0.5648403626330312 0.5672235481304694
  0.9889042995839112 0.7209302325581396]]
[['LPP' 'BuyCoupon' 17 21 0.5648403626330312 0.5672235481304694
  0.9889042995839112 0.7209302325581396]]
[['LPP' 'BuyCoupon' 17 100 0.5648403626330312 0.5672235481304694
  0.9889042995839112 0.7209302325581396]]
[['LPP' 'BuyCoupon' 20 9 0.5695703586913677 0.5787578757875788
  0.8918169209431346 0.7019650655021834]]
[['LPP' 'BuyCoupon' 20 21 0.5668111943240047 0.574468085106383
  0.9174757281553398 0.7065420560747665]]
[['LPP' 'BuyCoupon' 20 100 0.607016160819866 0.6090151886330231
  0.8619972260748959 0.7137525122021244]]
[['LPP' 'BuyCoupon' 23 9 0.584548679542767 0.5866071428571429
  0.9112343966712899 0.7137425312330257]]
[['LPP' 'BuyCoupon' 23 21 0.6066219944816713 0.6128048780487805
  0.8363384188626907 0.7073313782991202]]
[['LPP' 'BuyCoupon' 23 100 0.62238864800946 0.6283138918345705
  0.8217753120665742 0.7121394230769231]]
[['LPP' 'BuyCoupon' 26 9 0.5932203389830508 0.5961538461538461
  0.8814147018030514 0.7112479015109122]]
[['LPP' 'BuyCoupon' 26 21 0.612534489554592 0.6178736517719569
  0.834257975034674 0.7099439362643847]]
[['LPP' 'BuyCoupon' 26 100 0.6283011430823807 0.635230352303523
  0.812760055478502 0.7131122604198357]]
[['LPP' 'BuyCoupon' 29 9 0.6022861647615294 0.6107416879795396
  0.8280166435506241 0.7029732116573447]]
[['LPP' 'BuyCoupon' 29 21 0.6302719747733544 0.6392265193370166
  0.8023578363384188 0.7115621156211561]]
[['LPP' 'BuyCoupon' 29 100 0.6397319668900275 0.6448957189901208
  0.8148404993065187 0.7199754901960785]]
[['LPP' 'DryBean' 2 9 0.868160117517444 0.8685947829066141
  0.868160117517444 0.8664346204555482]]
[['LPP' 'DryBean' 2 22 0.866691149467499 0.8671714553391268
  0.866691149467499 0.8651389670568765]]
[['LPP' 'DryBean' 2 104 0.8688946015424165 0.8690234094051763
  0.8688946015424165 0.8676427663818823]]
[['LPP' 'DryBean' 4 9 0.9023136246786633 0.9037720549473564
  0.9023136246786633 0.9024127690112971]]
[['LPP' 'DryBean' 4 22 0.9026808666911494 0.9042858718812192
  0.9026808666911494 0.902920397185144]]
[['LPP' 'DryBean' 4 104 0.9052515607785531 0.9070524157441479
  0.9052515607785531 0.9055355107358697]]
[['LPP' 'DryBean' 6 9 0.9155343371281675 0.9164802925044122
  0.9155343371281675 0.9157575380018446]]
[['LPP' 'DryBean' 6 22 0.9214102093279471 0.9223520786484892
  0.9214102093279471 0.9216495678773914]]
[['LPP' 'DryBean' 6 104 0.9239809034153507 0.9249981665282369
  0.9239809034153507 0.9242922181522689]]
[['LPP' 'FakeWebsite' 2 9 0.8163726820443238 0.8035320088300221
  0.8870836718115354 0.8432432432432432]]
[['LPP' 'FakeWebsite' 2 20 0.8181818181818182 0.8001448225923244
  0.8976441917140536 0.8460949464012252]]
[['LPP' 'FakeWebsite' 2 94 0.8548168249660787 0.828757225433526
  0.9317627944760357 0.8772466539196941]]
[['LPP' 'FakeWebsite' 4 9 0.8977838082315694 0.900398406374502
  0.9179528838342811 0.9090909090909091]]
[['LPP' 'FakeWebsite' 4 20 0.89280868385346 0.8976 0.9114541023558083
  0.9044740024183796]]
[['LPP' 'FakeWebsite' 4 94 0.8914518317503393 0.8992747784045125
  0.9065800162469537 0.9029126213592233]]
[['LPP' 'FakeWebsite' 6 9 0.9014020805065581 0.8972549019607843
  0.9293257514216084 0.9130087789305666]]
[['LPP' 'FakeWebsite' 6 20 0.9018543645409317 0.901743264659271
  0.9244516653127539 0.9129562775772162]]
[['LPP' 'FakeWebsite' 6 94 0.8964269561284487 0.9059967585089141
  0.9082047116165719 0.9070993914807303]]
[['LPP' 'FakeWebsite' 8 9 0.9122568973315242 0.9111816019032514
  0.9333874898456539 0.9221508828250401]]
[['LPP' 'FakeWebsite' 8 20 0.911352329262777 0.9110405083399523
  0.9317627944760357 0.921285140562249]]
[['LPP' 'FakeWebsite' 8 94 0.9140660334690185 0.9127676447264076
  0.9350121852152722 0.9237560192616372]]
[['LPP' 'FakeWebsite' 10 9 0.9222071460877431 0.9192399049881235
  0.9431356620633631 0.9310344827586206]]
[['LPP' 'FakeWebsite' 10 20 0.9194934418815016 0.9155485398579322
  0.942323314378554 0.9287429943955163]]
[['LPP' 'FakeWebsite' 10 94 0.9176843057440073 0.913317572892041
  0.9415109666937449 0.9272]]
[['LPP' 'FakeWebsite' 12 9 0.942107643600181 0.9332285938727416
  0.9650690495532088 0.9488817891373802]]
[['LPP' 'FakeWebsite' 12 20 0.9380370872908186 0.9280125195618153
  0.9634443541835905 0.9453965723395775]]
[['LPP' 'FakeWebsite' 12 94 0.9416553595658074 0.9284603421461898
  0.9699431356620634 0.9487485101311085]]
[['LPP' 'FakeWebsite' 14 9 0.9502487562189055 0.9416863672182821
  0.9707554833468724 0.956]]
[['LPP' 'FakeWebsite' 14 20 0.9484396200814111 0.9408050513022889
  0.9683184402924452 0.9543634907926342]]
[['LPP' 'FakeWebsite' 14 94 0.9493441881501583 0.9402045633359559
  0.9707554833468724 0.9552358113509192]]
[['LPP' 'Glass' 2 5 0.5581395348837209 0.6414696111002541
  0.5581395348837209 0.49771533792539047]]
[['LPP' 'Glass' 2 13 0.6046511627906976 0.6788825689394485
  0.6046511627906976 0.5626321353065539]]
[['LPP' 'Grade' 2 6 0.96 0.9623480017006805 0.96 0.9598995742578021]]
[['LPP' 'Grade' 2 9 0.96 0.9623480017006805 0.96 0.9598995742578021]]
[['LPP' 'Grade' 2 28 0.955 0.9591326530612244 0.955 0.9550650166826636]]
[['LPP' 'Heart' 2 6 0.5543478260869565 0.5543478260869565 1.0
  0.7132867132867133]]
[['LPP' 'Heart' 2 9 0.5543478260869565 0.5543478260869565 1.0
  0.7132867132867133]]
[['LPP' 'Heart' 2 27 0.5543478260869565 0.5543478260869565 1.0
  0.7132867132867133]]
[['LPP' 'Heart' 4 6 0.625 0.7323943661971831 0.5098039215686274
  0.6011560693641619]]
[['LPP' 'Heart' 4 9 0.6086956521739131 0.7272727272727273
  0.47058823529411764 0.5714285714285714]]
[['LPP' 'Heart' 4 27 0.6086956521739131 0.7205882352941176
  0.4803921568627451 0.5764705882352942]]
[['LPP' 'Heart' 6 6 0.7065217391304348 0.7105263157894737
  0.7941176470588235 0.7499999999999999]]
[['LPP' 'Heart' 6 9 0.7010869565217391 0.7008547008547008
  0.803921568627451 0.7488584474885844]]
[['LPP' 'Heart' 6 27 0.7119565217391305 0.7168141592920354
  0.7941176470588235 0.7534883720930233]]
[['LPP' 'Heart' 8 6 0.7228260869565217 0.717948717948718
  0.8235294117647058 0.767123287671233]]
/home/soyoung/.local/lib/python3.8/site-packages/umap/distances.py:1063: NumbaDeprecationWarning: [1mThe 'nopython' keyword argument was not supplied to the 'numba.jit' decorator. The implicit default value for this argument is currently False, but it will be changed to True in Numba 0.59.0. See https://numba.readthedocs.io/en/stable/reference/deprecation.html#deprecation-of-object-mode-fall-back-behaviour-when-using-jit for details.[0m
  @numba.jit()
/home/soyoung/.local/lib/python3.8/site-packages/umap/distances.py:1071: NumbaDeprecationWarning: [1mThe 'nopython' keyword argument was not supplied to the 'numba.jit' decorator. The implicit default value for this argument is currently False, but it will be changed to True in Numba 0.59.0. See https://numba.readthedocs.io/en/stable/reference/deprecation.html#deprecation-of-object-mode-fall-back-behaviour-when-using-jit for details.[0m
  @numba.jit()
/home/soyoung/.local/lib/python3.8/site-packages/umap/distances.py:1086: NumbaDeprecationWarning: [1mThe 'nopython' keyword argument was not supplied to the 'numba.jit' decorator. The implicit default value for this argument is currently False, but it will be changed to True in Numba 0.59.0. See https://numba.readthedocs.io/en/stable/reference/deprecation.html#deprecation-of-object-mode-fall-back-behaviour-when-using-jit for details.[0m
  @numba.jit()
/home/soyoung/.local/lib/python3.8/site-packages/umap/umap_.py:660: NumbaDeprecationWarning: [1mThe 'nopython' keyword argument was not supplied to the 'numba.jit' decorator. The implicit default value for this argument is currently False, but it will be changed to True in Numba 0.59.0. See https://numba.readthedocs.io/en/stable/reference/deprecation.html#deprecation-of-object-mode-fall-back-behaviour-when-using-jit for details.[0m
  @numba.jit()
[['LPP' 'Heart' 8 9 0.7934782608695652 0.8018867924528302
  0.8333333333333334 0.8173076923076923]]
[['LPP' 'Heart' 8 27 0.7554347826086957 0.7478260869565218
  0.8431372549019608 0.7926267281105991]]
[['LPP' 'Parkinsons' 2 5 0.8461538461538461 0.8285714285714286 1.0
  0.90625]]
[['LPP' 'Parkinsons' 2 12 0.8205128205128205 0.8055555555555556 1.0
  0.8923076923076924]]
[['LPP' 'Parkinsons' 4 5 0.8461538461538461 0.8285714285714286 1.0
  0.90625]]
[['LPP' 'Parkinsons' 4 12 0.8205128205128205 0.8055555555555556 1.0
  0.8923076923076924]]
[['LPP' 'Parkinsons' 6 5 0.8205128205128205 0.8235294117647058
  0.9655172413793104 0.888888888888889]]
[['LPP' 'Parkinsons' 6 12 0.8205128205128205 0.8055555555555556 1.0
  0.8923076923076924]]
[['LPP' 'Parkinsons' 8 5 0.8717948717948718 0.8529411764705882 1.0
  0.9206349206349206]]
[['LPP' 'Parkinsons' 8 12 0.8717948717948718 0.8529411764705882 1.0
  0.9206349206349206]]
[['LPP' 'Parkinsons' 10 5 0.8461538461538461 0.8285714285714286 1.0
  0.90625]]
[['LPP' 'Parkinsons' 10 12 0.8205128205128205 0.8055555555555556 1.0
  0.8923076923076924]]
[['LPP' 'StayHospital' 2 8 0.2945 0.5016704513862877 0.2945
  0.15468598650779652]]
[['LPP' 'StayHospital' 2 19 0.2955 0.79182025 0.2955 0.1348054805094558]]
[['LPP' 'StayHospital' 2 89 0.294 0.5148488157525927 0.294
  0.14373452476015225]]
[['LPP' 'StayHospital' 4 8 0.2955 0.79182025 0.2955 0.1348054805094558]]
[['LPP' 'StayHospital' 4 19 0.2955 0.79182025 0.2955 0.1348054805094558]]
[['LPP' 'StayHospital' 4 89 0.2955 0.79182025 0.2955 0.1348054805094558]]
[['LPP' 'StayHospital' 6 8 0.2955 0.79182025 0.2955 0.1348054805094558]]
[['LPP' 'StayHospital' 6 19 0.2955 0.79182025 0.2955 0.1348054805094558]]
[['LPP' 'StayHospital' 6 89 0.2955 0.79182025 0.2955 0.1348054805094558]]
[['LPP' 'StayHospital' 8 8 0.2955 0.79182025 0.2955 0.1348054805094558]]
[['LPP' 'StayHospital' 8 19 0.297 0.547941855187823 0.297
  0.14397486192301878]]
[['LPP' 'StayHospital' 8 89 0.2955 0.79182025 0.2955 0.1348054805094558]]
[['LPP' 'StayHospital' 10 8 0.297 0.5563986137943724 0.297
  0.14480254127213066]]
[['LPP' 'StayHospital' 10 19 0.297 0.5510601927669738 0.297
  0.14392687768301654]]
[['LPP' 'StayHospital' 10 89 0.2955 0.5299393088185222 0.2955
  0.14103741659963323]]
[['LPP' 'StayHospital' 12 8 0.297 0.4311234228831854 0.297
  0.15712192518245838]]
[['LPP' 'StayHospital' 12 19 0.297 0.6894654200819672 0.297
  0.14352982171988335]]
[['LPP' 'StayHospital' 12 89 0.296 0.5116918777943369 0.296
  0.1426906222612953]]
[['LPP' 'StayHospital' 14 8 0.299 0.44493460681199953 0.299
  0.16933695837835522]]
[['LPP' 'StayHospital' 14 19 0.304 0.5295151342674604 0.304
  0.17529183756450809]]
[['LPP' 'StayHospital' 14 89 0.298 0.35374544398837876 0.298
  0.16778522327467213]]
[['LPP' 'StayHospital' 16 8 0.3045 0.39659887762775897 0.3045
  0.1781612505230983]]
[['LPP' 'StayHospital' 16 19 0.3125 0.42418161203875493 0.3125
  0.1913077396090493]]
[['LPP' 'StayHospital' 16 89 0.3055 0.3981343580733532 0.3055
  0.17991015199815047]]
[['LPP' 'StayHospital' 18 8 0.322 0.4200561212792386 0.322
  0.22301597219834668]]
[['LPP' 'StayHospital' 18 19 0.3115 0.4164151198972441 0.3115
  0.20314578105225292]]
[['LPP' 'StayHospital' 18 89 0.3135 0.39854133246282675 0.3135
  0.19730159203509157]]
[['LPP' 'StayHospital' 20 8 0.3425 0.44088072125170163 0.3425
  0.2500270890159957]]
[['LPP' 'StayHospital' 20 19 0.32 0.42169415224760487 0.32
  0.21534189110827098]]
[['LPP' 'StayHospital' 20 89 0.3215 0.4078403286556192 0.3215
  0.22397337039284546]]
[['LPP' 'StayHospital' 22 8 0.3565 0.44028285116541216 0.3565
  0.2697506426458152]]
[['LPP' 'StayHospital' 22 19 0.3325 0.42861448904632027 0.3325
  0.23581540094466164]]
[['LPP' 'StayHospital' 22 89 0.3385 0.4228827884275694 0.3385
  0.2515240260281723]]
[['LPP' 'StayHospital' 24 8 0.3585 0.44062318760334057 0.3585
  0.27695840230204216]]
[['LPP' 'StayHospital' 24 19 0.3415 0.4188781066972243 0.3415
  0.2542393540831983]]
[['LPP' 'StayHospital' 24 89 0.3475 0.37158649138330896 0.3475
  0.27332603920259735]]
[['LPP' 'Zoo' 2 4 0.7142857142857143 0.9047619047619048
  0.7142857142857143 0.6428571428571429]]
[['LPP' 'Zoo' 2 8 0.7142857142857143 0.7582417582417582
  0.7142857142857143 0.6235827664399093]]
[['LPP' 'Zoo' 4 4 0.8095238095238095 0.8214285714285714
  0.8095238095238095 0.7573696145124716]]
[['LPP' 'Zoo' 4 8 0.8095238095238095 0.783068783068783 0.8095238095238095
  0.7680672268907562]]
[['LPP' 'Zoo' 6 4 1.0 1.0 1.0 1.0]]
[['LPP' 'Zoo' 6 8 0.9523809523809523 0.9682539682539681
  0.9523809523809523 0.9333333333333333]]
Finished python experiment_script.py
