Entered python experiment_script.py
----------pca----------
Index(['dr_name', 'dataset_name', 'n_components', 'n_neighbors',
       'fit_transform_time'],
      dtype='object')
PCA,AcademicSuccess,2,None,0.038625478744506836
PCA,AcademicSuccess,4,None,0.024456262588500977
PCA,AcademicSuccess,6,None,0.03520464897155762
PCA,AcademicSuccess,8,None,0.029057741165161133
PCA,AcademicSuccess,10,None,0.035268545150756836
PCA,AcademicSuccess,12,None,0.03998517990112305
PCA,AcademicSuccess,14,None,0.057973384857177734
PCA,AcademicSuccess,16,None,0.022548675537109375
PCA,BuyCoupon,2,None,0.07878255844116211
PCA,BuyCoupon,5,None,0.05563759803771973
PCA,BuyCoupon,8,None,0.1151576042175293
PCA,BuyCoupon,11,None,0.07676196098327637
PCA,BuyCoupon,14,None,0.07821536064147949
PCA,BuyCoupon,17,None,0.06654500961303711
PCA,BuyCoupon,20,None,0.10347533226013184
PCA,BuyCoupon,23,None,0.08259057998657227
PCA,BuyCoupon,26,None,0.10023808479309082
PCA,BuyCoupon,29,None,0.13752079010009766
PCA,DryBean,2,None,0.04009532928466797
PCA,DryBean,4,None,0.046175479888916016
PCA,DryBean,6,None,0.030037879943847656
PCA,FakeWebsite,2,None,0.04777121543884277
PCA,FakeWebsite,4,None,0.028599023818969727
PCA,FakeWebsite,6,None,0.03540635108947754
PCA,FakeWebsite,8,None,0.04794740676879883
PCA,FakeWebsite,10,None,0.04775881767272949
PCA,FakeWebsite,12,None,0.04114675521850586
PCA,FakeWebsite,14,None,0.05041337013244629
PCA,Glass,2,None,0.0074307918548583984
PCA,Grade,2,None,0.007261514663696289
PCA,Heart,2,None,0.007253170013427734
PCA,Heart,4,None,0.008310556411743164
PCA,Heart,6,None,0.014118671417236328
PCA,Heart,8,None,0.015060186386108398
PCA,Parkinsons,2,None,0.0014805793762207031
PCA,Parkinsons,4,None,0.0013375282287597656
PCA,Parkinsons,6,None,0.0013244152069091797
PCA,Parkinsons,8,None,0.001337289810180664
PCA,Parkinsons,10,None,0.0013303756713867188
PCA,StayHospital,2,None,0.06560254096984863
PCA,StayHospital,4,None,0.03880023956298828
PCA,StayHospital,6,None,0.029911041259765625
PCA,StayHospital,8,None,0.05204033851623535
PCA,StayHospital,10,None,0.0633547306060791
PCA,StayHospital,12,None,0.05148887634277344
PCA,StayHospital,14,None,0.07747244834899902
PCA,StayHospital,16,None,0.07236671447753906
PCA,StayHospital,18,None,0.06640076637268066
PCA,StayHospital,20,None,0.07215189933776855
PCA,StayHospital,22,None,0.08085846900939941
PCA,StayHospital,24,None,0.054641008377075195
PCA,Zoo,2,None,0.01531672477722168
PCA,Zoo,4,None,0.007752895355224609
PCA,Zoo,6,None,0.008459806442260742
Index(['dr_name', 'dataset_name', 'n_components', 'n_neighbors',
       'transform_time'],
      dtype='object')
PCA,AcademicSuccess,2,None,0.0009856224060058594
PCA,AcademicSuccess,4,None,0.0009331703186035156
PCA,AcademicSuccess,6,None,0.0009307861328125
PCA,AcademicSuccess,8,None,0.0009222030639648438
PCA,AcademicSuccess,10,None,0.0009419918060302734
PCA,AcademicSuccess,12,None,0.0012676715850830078
PCA,AcademicSuccess,14,None,0.004102230072021484
PCA,AcademicSuccess,16,None,0.0009791851043701172
PCA,BuyCoupon,2,None,0.0029282569885253906
PCA,BuyCoupon,5,None,0.0016932487487792969
PCA,BuyCoupon,8,None,0.0017840862274169922
PCA,BuyCoupon,11,None,0.001809835433959961
PCA,BuyCoupon,14,None,0.0018761157989501953
PCA,BuyCoupon,17,None,0.0018725395202636719
PCA,BuyCoupon,20,None,0.0018744468688964844
PCA,BuyCoupon,23,None,0.0018808841705322266
PCA,BuyCoupon,26,None,0.0019762516021728516
PCA,BuyCoupon,29,None,0.002022266387939453
PCA,DryBean,2,None,0.0008485317230224609
PCA,DryBean,4,None,0.0008251667022705078
PCA,DryBean,6,None,0.0008318424224853516
PCA,FakeWebsite,2,None,0.0010132789611816406
PCA,FakeWebsite,4,None,0.0009360313415527344
PCA,FakeWebsite,6,None,0.0010094642639160156
PCA,FakeWebsite,8,None,0.0010333061218261719
PCA,FakeWebsite,10,None,0.001035451889038086
PCA,FakeWebsite,12,None,0.0010602474212646484
PCA,FakeWebsite,14,None,0.0010726451873779297
PCA,Glass,2,None,0.0007188320159912109
PCA,Grade,2,None,0.000732421875
PCA,Heart,2,None,0.0008172988891601562
PCA,Heart,4,None,0.0007941722869873047
PCA,Heart,6,None,0.0007815361022949219
PCA,Heart,8,None,0.0007884502410888672
PCA,Parkinsons,2,None,0.0007650852203369141
PCA,Parkinsons,4,None,0.0007474422454833984
PCA,Parkinsons,6,None,0.0007419586181640625
PCA,Parkinsons,8,None,0.0007431507110595703
PCA,Parkinsons,10,None,0.0007491111755371094
PCA,StayHospital,2,None,0.0012514591217041016
PCA,StayHospital,4,None,0.002866029739379883
PCA,StayHospital,6,None,0.001163482666015625
PCA,StayHospital,8,None,0.0012171268463134766
PCA,StayHospital,10,None,0.0012018680572509766
PCA,StayHospital,12,None,0.0012717247009277344
PCA,StayHospital,14,None,0.0012638568878173828
PCA,StayHospital,16,None,0.0012600421905517578
PCA,StayHospital,18,None,0.0012781620025634766
PCA,StayHospital,20,None,0.0012629032135009766
PCA,StayHospital,22,None,0.0012583732604980469
PCA,StayHospital,24,None,0.0013079643249511719
PCA,Zoo,2,None,0.0007886886596679688
PCA,Zoo,4,None,0.0007615089416503906
PCA,Zoo,6,None,0.0007638931274414062
Index(['dr_name', 'dataset_name', 'n_components', 'n_neighbors', 'accuracy',
       'precision', 'recall', 'f1_score'],
      dtype='object')
[['PCA' 'AcademicSuccess' 2 None 0.6632768361581921 0.7347228966701628
  0.6632768361581921 0.5916958017180788]]
[['PCA' 'AcademicSuccess' 4 None 0.688135593220339 0.6451742568067278
  0.688135593220339 0.6201019392738817]]
[['PCA' 'AcademicSuccess' 6 None 0.7186440677966102 0.6995144563345898
  0.7186440677966102 0.6801047043600175]]
[['PCA' 'AcademicSuccess' 8 None 0.7129943502824859 0.6874847648898461
  0.7129943502824859 0.6778741296651656]]
[['PCA' 'AcademicSuccess' 10 None 0.7175141242937854 0.6942984531715364
  0.7175141242937854 0.6903904314853734]]
[['PCA' 'AcademicSuccess' 12 None 0.7231638418079096 0.701122134335739
  0.7231638418079096 0.693829695538]]
[['PCA' 'AcademicSuccess' 14 None 0.7254237288135593 0.7070650214294656
  0.7254237288135593 0.7050209488478177]]
[['PCA' 'AcademicSuccess' 16 None 0.7344632768361582 0.7169102505339165
  0.7344632768361582 0.7153861336195151]]
[['PCA' 'BuyCoupon' 2 None 0.5648403626330312 0.5672235481304694
  0.9889042995839112 0.7209302325581396]]
[['PCA' 'BuyCoupon' 5 None 0.5841545132045723 0.5869662921348314
  0.9056865464632455 0.7122988819198255]]
[['PCA' 'BuyCoupon' 8 None 0.5884903429247142 0.5901268115942029
  0.9036061026352289 0.713972602739726]]
[['PCA' 'BuyCoupon' 11 None 0.5983445013795822 0.5959183673469388
  0.9112343966712899 0.7205922676172196]]
[['PCA' 'BuyCoupon' 14 None 0.6235711470240441 0.6178035800677311
  0.8855755894590847 0.7278426902251355]]
[['PCA' 'BuyCoupon' 17 None 0.627906976744186 0.6248746238716149
  0.8640776699029126 0.7252619324796276]]
[['PCA' 'BuyCoupon' 20 None 0.6499802916830902 0.6408952187182095
  0.8737864077669902 0.73943661971831]]
[['PCA' 'BuyCoupon' 23 None 0.6535277887268427 0.647151071615264
  0.8585298196948682 0.7380029806259313]]
[['PCA' 'BuyCoupon' 26 None 0.6653527788726843 0.6581333333333333
  0.855755894590846 0.7440458245402473]]
[['PCA' 'BuyCoupon' 29 None 0.6665352778872684 0.6617806731813246
  0.8453536754507628 0.7423873325213154]]
[['PCA' 'DryBean' 2 None 0.8813808299669482 0.8843244259056775
  0.8813808299669482 0.8789536856737367]]
[['PCA' 'DryBean' 4 None 0.8993756885787734 0.9005470549775895
  0.8993756885787734 0.8990481345643544]]
[['PCA' 'DryBean' 6 None 0.9302240176276166 0.9309364266339312
  0.9302240176276166 0.9304224615446598]]
[['PCA' 'FakeWebsite' 2 None 0.8977838082315694 0.9023218574859888
  0.9155158407798538 0.9088709677419355]]
[['PCA' 'FakeWebsite' 4 None 0.8986883763003166 0.9123669123669124
  0.9049553208773355 0.9086460032626429]]
[['PCA' 'FakeWebsite' 6 None 0.911352329262777 0.9136690647482014
  0.9285134037367994 0.9210314262691377]]
[['PCA' 'FakeWebsite' 8 None 0.9312528267752148 0.9298804780876494
  0.9480097481722177 0.9388576025744167]]
[['PCA' 'FakeWebsite' 10 None 0.9402985074626866 0.9357652656621729
  0.958570268074736 0.9470304975922954]]
[['PCA' 'FakeWebsite' 12 None 0.939846223428313 0.933649289099526
  0.9601949634443542 0.94673608329996]]
[['PCA' 'FakeWebsite' 14 None 0.9466304839439168 0.9364705882352942
  0.9699431356620634 0.9529130087789306]]
[['PCA' 'Glass' 2 None 0.6976744186046512 0.7586831772878284
  0.6976744186046512 0.6410941815913748]]
[['PCA' 'Grade' 2 None 0.975 0.9757602150537634 0.975 0.974836880818729]]
[['PCA' 'Heart' 2 None 0.7065217391304348 0.7105263157894737
  0.7941176470588235 0.7499999999999999]]
[['PCA' 'Heart' 4 None 0.7336956521739131 0.7345132743362832
  0.8137254901960784 0.772093023255814]]
[['PCA' 'Heart' 6 None 0.7336956521739131 0.7345132743362832
  0.8137254901960784 0.772093023255814]]
[['PCA' 'Heart' 8 None 0.7336956521739131 0.7345132743362832
  0.8137254901960784 0.772093023255814]]
[['PCA' 'Parkinsons' 2 None 0.7948717948717948 0.8 0.9655172413793104
  0.8750000000000001]]
[['PCA' 'Parkinsons' 4 None 0.7948717948717948 0.8 0.9655172413793104
  0.8750000000000001]]
[['PCA' 'Parkinsons' 6 None 0.7948717948717948 0.8181818181818182
  0.9310344827586207 0.8709677419354839]]
[['PCA' 'Parkinsons' 8 None 0.8461538461538461 0.8285714285714286 1.0
  0.90625]]
[['PCA' 'Parkinsons' 10 None 0.8461538461538461 0.8285714285714286 1.0
  0.90625]]
[['PCA' 'StayHospital' 2 None 0.2955 0.79182025 0.2955 0.1348054805094558]]
[['PCA' 'StayHospital' 4 None 0.2955 0.79182025 0.2955 0.1348054805094558]]
[['PCA' 'StayHospital' 6 None 0.2955 0.79182025 0.2955 0.1348054805094558]]
[['PCA' 'StayHospital' 8 None 0.2955 0.79182025 0.2955 0.1348054805094558]]
[['PCA' 'StayHospital' 10 None 0.2955 0.79182025 0.2955
  0.1348054805094558]]
[['PCA' 'StayHospital' 12 None 0.2955 0.79182025 0.2955
  0.1348054805094558]]
[['PCA' 'StayHospital' 14 None 0.2955 0.79182025 0.2955
  0.1348054805094558]]
[['PCA' 'StayHospital' 16 None 0.2955 0.79182025 0.2955
  0.1348054805094558]]
[['PCA' 'StayHospital' 18 None 0.2955 0.79182025 0.2955
  0.1348054805094558]]
[['PCA' 'StayHospital' 20 None 0.2955 0.79182025 0.2955
  0.1348054805094558]]
[['PCA' 'StayHospital' 22 None 0.2955 0.79182025 0.2955
  0.1348054805094558]]
[['PCA' 'StayHospital' 24 None 0.2955 0.79182025 0.2955
  0.1348054805094558]]
[['PCA' 'Zoo' 2 None 0.9047619047619048 0.9325396825396824
  0.9047619047619048 0.8811791383219953]]
[['PCA' 'Zoo' 4 None 0.9523809523809523 0.9642857142857143
  0.9523809523809523 0.9319727891156462]]
[['PCA' 'Zoo' 6 None 0.9523809523809523 0.9642857142857143
  0.9523809523809523 0.9319727891156462]]
----------kpca----------
Index(['dr_name', 'dataset_name', 'n_components', 'n_neighbors',
       'fit_transform_time'],
      dtype='object')
KPCA,AcademicSuccess,2,None,0.5294284820556641
KPCA,AcademicSuccess,4,None,0.5681219100952148
KPCA,AcademicSuccess,6,None,0.48807573318481445
KPCA,AcademicSuccess,8,None,0.6210348606109619
KPCA,AcademicSuccess,10,None,14.02626371383667
KPCA,AcademicSuccess,12,None,4.504390478134155
KPCA,AcademicSuccess,14,None,5.871676683425903
KPCA,AcademicSuccess,16,None,1.9677236080169678
KPCA,BuyCoupon,2,None,1.9923555850982666
KPCA,BuyCoupon,5,None,2.417921781539917
KPCA,BuyCoupon,8,None,2.339003086090088
KPCA,BuyCoupon,11,None,130.20545053482056
KPCA,BuyCoupon,14,None,95.23651647567749
KPCA,BuyCoupon,17,None,85.77846956253052
KPCA,BuyCoupon,20,None,120.93748140335083
KPCA,BuyCoupon,23,None,151.67441511154175
KPCA,BuyCoupon,26,None,171.83671832084656
KPCA,BuyCoupon,29,None,157.48544478416443
KPCA,DryBean,2,None,2.2596497535705566
KPCA,DryBean,4,None,2.8617520332336426
KPCA,DryBean,6,None,2.868725538253784
KPCA,FakeWebsite,2,None,2.3857250213623047
KPCA,FakeWebsite,4,None,2.1475939750671387
KPCA,FakeWebsite,6,None,2.7258191108703613
KPCA,FakeWebsite,8,None,2.5081698894500732
KPCA,FakeWebsite,10,None,102.84567356109619
KPCA,FakeWebsite,12,None,91.91808080673218
KPCA,FakeWebsite,14,None,66.55532670021057
KPCA,Glass,2,None,0.024359464645385742
KPCA,Grade,2,None,0.06837630271911621
KPCA,Heart,2,None,0.09979581832885742
KPCA,Heart,4,None,0.09476804733276367
KPCA,Heart,6,None,0.07962822914123535
KPCA,Heart,8,None,0.07406401634216309
KPCA,Parkinsons,2,None,0.02349376678466797
KPCA,Parkinsons,4,None,0.015275001525878906
KPCA,Parkinsons,6,None,0.025655031204223633
KPCA,Parkinsons,8,None,0.011846303939819336
KPCA,Parkinsons,10,None,0.0034787654876708984
KPCA,StayHospital,2,None,5.415609359741211
KPCA,StayHospital,4,None,3.988377094268799
KPCA,StayHospital,6,None,3.8813974857330322
KPCA,StayHospital,8,None,4.6557533740997314
KPCA,StayHospital,10,None,36.18757748603821
KPCA,StayHospital,12,None,39.16403818130493
KPCA,StayHospital,14,None,64.67621326446533
KPCA,StayHospital,16,None,69.49221849441528
KPCA,StayHospital,18,None,73.40012454986572
KPCA,StayHospital,20,None,53.654186487197876
KPCA,StayHospital,22,None,38.78643727302551
KPCA,StayHospital,24,None,38.229292154312134
KPCA,Zoo,2,None,0.002492666244506836
KPCA,Zoo,4,None,0.0022809505462646484
KPCA,Zoo,6,None,0.0022516250610351562
Index(['dr_name', 'dataset_name', 'n_components', 'n_neighbors',
       'transform_time'],
      dtype='object')
KPCA,AcademicSuccess,2,None,0.07888031005859375
KPCA,AcademicSuccess,4,None,0.04523062705993652
KPCA,AcademicSuccess,6,None,0.04585552215576172
KPCA,AcademicSuccess,8,None,0.07351970672607422
KPCA,AcademicSuccess,10,None,0.07001495361328125
KPCA,AcademicSuccess,12,None,0.04620218276977539
KPCA,AcademicSuccess,14,None,0.047010183334350586
KPCA,AcademicSuccess,16,None,0.08132314682006836
KPCA,BuyCoupon,2,None,0.3178858757019043
KPCA,BuyCoupon,5,None,0.31911778450012207
KPCA,BuyCoupon,8,None,0.3236522674560547
KPCA,BuyCoupon,11,None,0.34519076347351074
KPCA,BuyCoupon,14,None,0.3334970474243164
KPCA,BuyCoupon,17,None,0.347520112991333
KPCA,BuyCoupon,20,None,0.3259763717651367
KPCA,BuyCoupon,23,None,0.3331899642944336
KPCA,BuyCoupon,26,None,0.35112547874450684
KPCA,BuyCoupon,29,None,0.35562777519226074
KPCA,DryBean,2,None,0.3480875492095947
KPCA,DryBean,4,None,0.3442223072052002
KPCA,DryBean,6,None,0.35813164710998535
KPCA,FakeWebsite,2,None,0.24052882194519043
KPCA,FakeWebsite,4,None,0.24414634704589844
KPCA,FakeWebsite,6,None,0.24884653091430664
KPCA,FakeWebsite,8,None,0.24689722061157227
KPCA,FakeWebsite,10,None,0.2550187110900879
KPCA,FakeWebsite,12,None,0.24991106986999512
KPCA,FakeWebsite,14,None,0.2567915916442871
KPCA,Glass,2,None,0.0014770030975341797
KPCA,Grade,2,None,0.005306243896484375
KPCA,Heart,2,None,0.004220724105834961
KPCA,Heart,4,None,0.004174709320068359
KPCA,Heart,6,None,0.004224061965942383
KPCA,Heart,8,None,0.004230499267578125
KPCA,Parkinsons,2,None,0.0012769699096679688
KPCA,Parkinsons,4,None,0.0012707710266113281
KPCA,Parkinsons,6,None,0.0012660026550292969
KPCA,Parkinsons,8,None,0.0012612342834472656
KPCA,Parkinsons,10,None,0.0012650489807128906
KPCA,StayHospital,2,None,0.30516886711120605
KPCA,StayHospital,4,None,0.30382204055786133
KPCA,StayHospital,6,None,0.30444884300231934
KPCA,StayHospital,8,None,0.3110818862915039
KPCA,StayHospital,10,None,0.3038008213043213
KPCA,StayHospital,12,None,0.3047146797180176
KPCA,StayHospital,14,None,0.3063781261444092
KPCA,StayHospital,16,None,0.30542945861816406
KPCA,StayHospital,18,None,0.31261658668518066
KPCA,StayHospital,20,None,0.3320586681365967
KPCA,StayHospital,22,None,0.30454492568969727
KPCA,StayHospital,24,None,0.3128397464752197
KPCA,Zoo,2,None,0.0014641284942626953
KPCA,Zoo,4,None,0.0012640953063964844
KPCA,Zoo,6,None,0.0012359619140625
Index(['dr_name', 'dataset_name', 'n_components', 'n_neighbors', 'accuracy',
       'precision', 'recall', 'f1_score'],
      dtype='object')
[['KPCA' 'AcademicSuccess' 2 None 0.6666666666666666 0.6346177901584097
  0.6666666666666666 0.6024883344228782]]
[['KPCA' 'AcademicSuccess' 4 None 0.6983050847457627 0.6788467661963118
  0.6983050847457627 0.6365614054523306]]
[['KPCA' 'AcademicSuccess' 6 None 0.703954802259887 0.6803312552953104
  0.703954802259887 0.6437628237897647]]
[['KPCA' 'AcademicSuccess' 8 None 0.7141242937853107 0.6839291610126276
  0.7141242937853107 0.6641034038175714]]
[['KPCA' 'AcademicSuccess' 10 None 0.7310734463276836 0.7067204315383757
  0.7310734463276836 0.702316567543213]]
[['KPCA' 'AcademicSuccess' 12 None 0.727683615819209 0.7038474448401306
  0.727683615819209 0.6987981208998159]]
[['KPCA' 'AcademicSuccess' 14 None 0.735593220338983 0.7120460067454243
  0.735593220338983 0.7064228537379436]]
[['KPCA' 'AcademicSuccess' 16 None 0.7367231638418079 0.7151890738677986
  0.7367231638418079 0.7096303767166174]]
[['KPCA' 'BuyCoupon' 2 None 0.5683878596767836 0.5683878596767836 1.0
  0.7248052274440815]]
[['KPCA' 'BuyCoupon' 5 None 0.570752857705952 0.5720114239086087
  0.9722607489597781 0.7202671461597739]]
[['KPCA' 'BuyCoupon' 8 None 0.5668111943240047 0.573009791400596
  0.9334257975034674 0.71010287523081]]
[['KPCA' 'BuyCoupon' 11 None 0.5668111943240047 0.573009791400596
  0.9334257975034674 0.71010287523081]]
[['KPCA' 'BuyCoupon' 14 None 0.5668111943240047 0.573009791400596
  0.9334257975034674 0.71010287523081]]
[['KPCA' 'BuyCoupon' 17 None 0.5782420181316515 0.5845454545454546
  0.8918169209431346 0.7062053816584295]]
[['KPCA' 'BuyCoupon' 20 None 0.5798186834844304 0.5852994555353902
  0.8945908460471568 0.7076247942951178]]
[['KPCA' 'BuyCoupon' 23 None 0.5806070161608199 0.5884003741814781
  0.8723994452149791 0.7027932960893856]]
[['KPCA' 'BuyCoupon' 26 None 0.5892786756011037 0.5938967136150235
  0.8772538141470181 0.708286674132139]]
[['KPCA' 'BuyCoupon' 29 None 0.5947970043358297 0.6018700787401575
  0.848127600554785 0.7040875071963154]]
[['KPCA' 'DryBean' 2 None 0.7484392214469335 0.7507136604433188
  0.7484392214469335 0.7427455298013773]]
[['KPCA' 'DryBean' 4 None 0.8883584282041865 0.8896628116470202
  0.8883584282041865 0.8877192391048507]]
[['KPCA' 'DryBean' 6 None 0.9059860448035255 0.9066681154499048
  0.9059860448035255 0.9058921184134332]]
[['KPCA' 'FakeWebsite' 2 None 0.898236092265943 0.9030448717948718
  0.9155158407798538 0.90923759580476]]
[['KPCA' 'FakeWebsite' 4 None 0.8995929443690638 0.908502024291498
  0.9114541023558083 0.9099756690997566]]
[['KPCA' 'FakeWebsite' 6 None 0.9095431931252826 0.9114126097366321
  0.9277010560519903 0.9194847020933978]]
[['KPCA' 'FakeWebsite' 8 None 0.932157394843962 0.934136546184739
  0.9447603574329814 0.9394184168012923]]
[['KPCA' 'FakeWebsite' 10 None 0.9366802351876978 0.9346613545816733
  0.9528838342810723 0.9436846339501206]]
[['KPCA' 'FakeWebsite' 12 None 0.9430122116689281 0.9367588932806324
  0.9626320064987814 0.9495192307692307]]
[['KPCA' 'FakeWebsite' 14 None 0.9466304839439168 0.9385342789598109
  0.9675060926076361 0.9528]]
[['KPCA' 'Glass' 2 None 0.46511627906976744 0.5340380549682876
  0.46511627906976744 0.3836597307221542]]
[['KPCA' 'Grade' 2 None 0.445 0.753025 0.445 0.274083044982699]]
[['KPCA' 'Heart' 2 None 0.5543478260869565 0.5543478260869565 1.0
  0.7132867132867133]]
[['KPCA' 'Heart' 4 None 0.5543478260869565 0.5543478260869565 1.0
  0.7132867132867133]]
[['KPCA' 'Heart' 6 None 0.5543478260869565 0.5543478260869565 1.0
  0.7132867132867133]]
[['KPCA' 'Heart' 8 None 0.5543478260869565 0.5543478260869565 1.0
  0.7132867132867133]]
[['KPCA' 'Parkinsons' 2 None 0.8205128205128205 0.8055555555555556 1.0
  0.8923076923076924]]
[['KPCA' 'Parkinsons' 4 None 0.8205128205128205 0.8055555555555556 1.0
  0.8923076923076924]]
[['KPCA' 'Parkinsons' 6 None 0.8974358974358975 0.8787878787878788 1.0
  0.9354838709677419]]
[['KPCA' 'Parkinsons' 8 None 0.8974358974358975 0.8787878787878788 1.0
  0.9354838709677419]]
[['KPCA' 'Parkinsons' 10 None 0.8974358974358975 0.8787878787878788 1.0
  0.9354838709677419]]
[['KPCA' 'StayHospital' 2 None 0.2955 0.79182025 0.2955
  0.1348054805094558]]
[['KPCA' 'StayHospital' 4 None 0.2955 0.79182025 0.2955
  0.1348054805094558]]
[['KPCA' 'StayHospital' 6 None 0.2955 0.79182025 0.2955
  0.1348054805094558]]
[['KPCA' 'StayHospital' 8 None 0.2955 0.79182025 0.2955
  0.1348054805094558]]
[['KPCA' 'StayHospital' 10 None 0.2955 0.79182025 0.2955
  0.1348054805094558]]
[['KPCA' 'StayHospital' 12 None 0.2955 0.79182025 0.2955
  0.1348054805094558]]
[['KPCA' 'StayHospital' 14 None 0.2955 0.79182025 0.2955
  0.1348054805094558]]
[['KPCA' 'StayHospital' 16 None 0.2955 0.79182025 0.2955
  0.1348054805094558]]
[['KPCA' 'StayHospital' 18 None 0.2955 0.79182025 0.2955
  0.1348054805094558]]
[['KPCA' 'StayHospital' 20 None 0.2955 0.79182025 0.2955
  0.1348054805094558]]
[['KPCA' 'StayHospital' 22 None 0.2955 0.79182025 0.2955
  0.1348054805094558]]
[['KPCA' 'StayHospital' 24 None 0.2955 0.79182025 0.2955
  0.1348054805094558]]
[['KPCA' 'Zoo' 2 None 0.8571428571428571 0.8944444444444444
  0.8571428571428571 0.8123960695389266]]
[['KPCA' 'Zoo' 4 None 0.9523809523809523 0.9642857142857143
  0.9523809523809523 0.9319727891156462]]
[['KPCA' 'Zoo' 6 None 0.9523809523809523 0.9642857142857143
  0.9523809523809523 0.9319727891156462]]
----------ica----------
Index(['dr_name', 'dataset_name', 'n_components', 'n_neighbors',
       'fit_transform_time'],
      dtype='object')
ICA,AcademicSuccess,2,None,0.006776094436645508
ICA,AcademicSuccess,4,None,0.023396015167236328
ICA,AcademicSuccess,6,None,0.04712200164794922
ICA,AcademicSuccess,8,None,0.05158710479736328
ICA,AcademicSuccess,10,None,0.09200787544250488
ICA,AcademicSuccess,12,None,0.13059711456298828
ICA,AcademicSuccess,14,None,0.09584999084472656
ICA,AcademicSuccess,16,None,0.13503599166870117
ICA,BuyCoupon,2,None,0.1646592617034912
ICA,BuyCoupon,5,None,0.16596102714538574
ICA,BuyCoupon,8,None,0.20528817176818848
ICA,BuyCoupon,11,None,0.35042881965637207
ICA,BuyCoupon,14,None,0.4126100540161133
ICA,BuyCoupon,17,None,1.7614972591400146
ICA,BuyCoupon,20,None,1.248955249786377
ICA,BuyCoupon,23,None,1.7101283073425293
ICA,BuyCoupon,26,None,3.0224733352661133
ICA,BuyCoupon,29,None,3.51598858833313
ICA,DryBean,2,None,0.026454687118530273
ICA,DryBean,4,None,0.03661632537841797
ICA,DryBean,6,None,0.46567487716674805
ICA,FakeWebsite,2,None,0.05152297019958496
ICA,FakeWebsite,4,None,0.04064321517944336
ICA,FakeWebsite,6,None,0.07579565048217773
ICA,FakeWebsite,8,None,0.07953453063964844
ICA,FakeWebsite,10,None,0.11063289642333984
ICA,FakeWebsite,12,None,0.14126300811767578
ICA,FakeWebsite,14,None,0.21575713157653809
ICA,Glass,2,None,0.007470846176147461
ICA,Grade,2,None,0.0018463134765625
ICA,Heart,2,None,0.04657578468322754
ICA,Heart,4,None,0.01295328140258789
ICA,Heart,6,None,0.007262229919433594
ICA,Heart,8,None,0.01335906982421875
ICA,Parkinsons,2,None,0.02555227279663086
ICA,Parkinsons,4,None,0.036162376403808594
ICA,Parkinsons,6,None,0.02717113494873047
ICA,Parkinsons,8,None,0.0318303108215332
ICA,Parkinsons,10,None,0.03629922866821289
ICA,StayHospital,2,None,0.0589141845703125
ICA,StayHospital,4,None,0.16599416732788086
ICA,StayHospital,6,None,0.15184235572814941
ICA,StayHospital,8,None,0.09678244590759277
ICA,StayHospital,10,None,0.08027958869934082
ICA,StayHospital,12,None,0.11462163925170898
ICA,StayHospital,14,None,0.9501094818115234
ICA,StayHospital,16,None,2.069342851638794
ICA,StayHospital,18,None,0.34049034118652344
ICA,StayHospital,20,None,2.104156494140625
ICA,StayHospital,22,None,1.2790577411651611
ICA,StayHospital,24,None,1.9763123989105225
ICA,Zoo,2,None,0.0054891109466552734
ICA,Zoo,4,None,0.012064695358276367
ICA,Zoo,6,None,0.023352622985839844
Index(['dr_name', 'dataset_name', 'n_components', 'n_neighbors',
       'transform_time'],
      dtype='object')
ICA,AcademicSuccess,2,None,0.0009739398956298828
ICA,AcademicSuccess,4,None,0.0009357929229736328
ICA,AcademicSuccess,6,None,0.0009431838989257812
ICA,AcademicSuccess,8,None,0.0009438991546630859
ICA,AcademicSuccess,10,None,0.0009572505950927734
ICA,AcademicSuccess,12,None,0.0009753704071044922
ICA,AcademicSuccess,14,None,0.0009937286376953125
ICA,AcademicSuccess,16,None,0.001253366470336914
ICA,BuyCoupon,2,None,0.004456520080566406
ICA,BuyCoupon,5,None,0.004588127136230469
ICA,BuyCoupon,8,None,0.004588127136230469
ICA,BuyCoupon,11,None,0.004599809646606445
ICA,BuyCoupon,14,None,0.0047032833099365234
ICA,BuyCoupon,17,None,0.004744291305541992
ICA,BuyCoupon,20,None,0.0046045780181884766
ICA,BuyCoupon,23,None,0.004625082015991211
ICA,BuyCoupon,26,None,0.004732608795166016
ICA,BuyCoupon,29,None,0.003081798553466797
ICA,DryBean,2,None,0.000843048095703125
ICA,DryBean,4,None,0.0008132457733154297
ICA,DryBean,6,None,0.0008294582366943359
ICA,FakeWebsite,2,None,0.000965118408203125
ICA,FakeWebsite,4,None,0.0009067058563232422
ICA,FakeWebsite,6,None,0.0009474754333496094
ICA,FakeWebsite,8,None,0.000949859619140625
ICA,FakeWebsite,10,None,0.0009622573852539062
ICA,FakeWebsite,12,None,0.0009915828704833984
ICA,FakeWebsite,14,None,0.0010292530059814453
ICA,Glass,2,None,0.00066375732421875
ICA,Grade,2,None,0.0006721019744873047
ICA,Heart,2,None,0.0010037422180175781
ICA,Heart,4,None,0.0007808208465576172
ICA,Heart,6,None,0.0007798671722412109
ICA,Heart,8,None,0.0007877349853515625
ICA,Parkinsons,2,None,0.0007238388061523438
ICA,Parkinsons,4,None,0.0007228851318359375
ICA,Parkinsons,6,None,0.0007228851318359375
ICA,Parkinsons,8,None,0.000713348388671875
ICA,Parkinsons,10,None,0.0007188320159912109
ICA,StayHospital,2,None,0.0013203620910644531
ICA,StayHospital,4,None,0.0010304450988769531
ICA,StayHospital,6,None,0.0011076927185058594
ICA,StayHospital,8,None,0.0011157989501953125
ICA,StayHospital,10,None,0.0011420249938964844
ICA,StayHospital,12,None,0.0011758804321289062
ICA,StayHospital,14,None,0.0012094974517822266
ICA,StayHospital,16,None,0.0011823177337646484
ICA,StayHospital,18,None,0.0012133121490478516
ICA,StayHospital,20,None,0.0011968612670898438
ICA,StayHospital,22,None,0.001173257827758789
ICA,StayHospital,24,None,0.0012798309326171875
ICA,Zoo,2,None,0.0007750988006591797
ICA,Zoo,4,None,0.0007786750793457031
ICA,Zoo,6,None,0.0007672309875488281
Index(['dr_name', 'dataset_name', 'n_components', 'n_neighbors', 'accuracy',
       'precision', 'recall', 'f1_score'],
      dtype='object')
[['ICA' 'AcademicSuccess' 2 None 0.6632768361581921 0.7329015521488949
  0.6632768361581921 0.5922454629577624]]
[['ICA' 'AcademicSuccess' 4 None 0.688135593220339 0.6486800415589331
  0.688135593220339 0.6223973335528433]]
[['ICA' 'AcademicSuccess' 6 None 0.7220338983050848 0.7005712887181842
  0.7220338983050848 0.6871392627899197]]
[['ICA' 'AcademicSuccess' 8 None 0.7163841807909604 0.6897124340048578
  0.7163841807909604 0.6814749075522525]]
[['ICA' 'AcademicSuccess' 10 None 0.7163841807909604 0.6907437608395502
  0.7163841807909604 0.6885760714645008]]
[['ICA' 'AcademicSuccess' 12 None 0.7254237288135593 0.7059164615221021
  0.7254237288135593 0.6990001190003091]]
[['ICA' 'AcademicSuccess' 14 None 0.7163841807909604 0.6951726694569254
  0.7163841807909604 0.6940579560004534]]
[['ICA' 'AcademicSuccess' 16 None 0.7209039548022599 0.6982940640690284
  0.7209039548022599 0.6991914643727876]]
[['ICA' 'BuyCoupon' 2 None 0.5648403626330312 0.5672235481304694
  0.9889042995839112 0.7209302325581396]]
[['ICA' 'BuyCoupon' 5 None 0.6085928261726449 0.6198611852642819
  0.805131761442441 0.7004524886877829]]
[['ICA' 'BuyCoupon' 8 None 0.6026803310997241 0.61337513061651
  0.8141470180305131 0.699642431466031]]
[['ICA' 'BuyCoupon' 11 None 0.640520299566417 0.644808743169399
  0.8183079056865464 0.7212713936430318]]
[['ICA' 'BuyCoupon' 14 None 0.6677177769018526 0.6760728982951205
  0.79750346740638 0.7317849188673241]]
[['ICA' 'BuyCoupon' 17 None 0.6960977532518723 0.7027190332326284
  0.8065187239944521 0.7510494026477236]]
[['ICA' 'BuyCoupon' 20 None 0.7162002364998029 0.724502487562189
  0.8079056865464632 0.7639344262295082]]
[['ICA' 'BuyCoupon' 23 None 0.7327552227039811 0.7426937738246506
  0.8106796116504854 0.7751989389920425]]
[['ICA' 'BuyCoupon' 26 None 0.7366968860859283 0.7421777221526908
  0.8224687933425797 0.7802631578947368]]
[['ICA' 'BuyCoupon' 29 None 0.7382735514387071 0.7465145754119138
  0.8169209431345353 0.7801324503311259]]
[['ICA' 'DryBean' 2 None 0.8817480719794345 0.8847594473444789
  0.8817480719794345 0.879600793301895]]
[['ICA' 'DryBean' 4 None 0.9015791406536908 0.9025774777273238
  0.9015791406536908 0.9012749984692034]]
[['ICA' 'DryBean' 6 None 0.9331619537275064 0.9335386536491167
  0.9331619537275064 0.933282762455244]]
[['ICA' 'FakeWebsite' 2 None 0.8991406603346902 0.9057971014492754
  0.9138911454102355 0.9098261221188839]]
[['ICA' 'FakeWebsite' 4 None 0.900497512437811 0.9146841673502871
  0.9057676685621446 0.9102040816326531]]
[['ICA' 'FakeWebsite' 6 None 0.9136137494346449 0.9166666666666666
  0.9293257514216084 0.9229528035498185]]
[['ICA' 'FakeWebsite' 8 None 0.9344188150158299 0.931637519872814
  0.9520714865962632 0.9417436721574929]]
[['ICA' 'FakeWebsite' 10 None 0.9389416553595658 0.9349206349206349
  0.9569455727051178 0.9458048976314732]]
[['ICA' 'FakeWebsite' 12 None 0.9448213478064225 0.9383399209486166
  0.9642567018683996 0.9511217948717949]]
[['ICA' 'FakeWebsite' 14 None 0.9511533242876526 0.9424743892829
  0.9715678310316815 0.9568]]
[['ICA' 'Glass' 2 None 0.6976744186046512 0.7586831772878284
  0.6976744186046512 0.6410941815913748]]
[['ICA' 'Grade' 2 None 0.965 0.9667947368421053 0.965 0.9648522851046799]]
[['ICA' 'Heart' 2 None 0.6956521739130435 0.6949152542372882
  0.803921568627451 0.7454545454545455]]
[['ICA' 'Heart' 4 None 0.7391304347826086 0.7288135593220338
  0.8431372549019608 0.7818181818181819]]
[['ICA' 'Heart' 6 None 0.8478260869565217 0.8363636363636363
  0.9019607843137255 0.8679245283018867]]
[['ICA' 'Heart' 8 None 0.8369565217391305 0.8272727272727273
  0.8921568627450981 0.8584905660377359]]
[['ICA' 'Parkinsons' 2 None 0.8461538461538461 0.8285714285714286 1.0
  0.90625]]
[['ICA' 'Parkinsons' 4 None 0.8205128205128205 0.8055555555555556 1.0
  0.8923076923076924]]
[['ICA' 'Parkinsons' 6 None 0.8461538461538461 0.8285714285714286 1.0
  0.90625]]
[['ICA' 'Parkinsons' 8 None 0.8717948717948718 0.8529411764705882 1.0
  0.9206349206349206]]
[['ICA' 'Parkinsons' 10 None 0.8205128205128205 0.8055555555555556 1.0
  0.8923076923076924]]
[['ICA' 'StayHospital' 2 None 0.2975 0.5414044097043852 0.2975
  0.1480585611513613]]
[['ICA' 'StayHospital' 4 None 0.299 0.41279130330225283 0.299
  0.1624705956183184]]
[['ICA' 'StayHospital' 6 None 0.35 0.43987840273874224 0.35
  0.26080781210693604]]
[['ICA' 'StayHospital' 8 None 0.378 0.4110576277709195 0.378
  0.3059247758758022]]
[['ICA' 'StayHospital' 10 None 0.3955 0.47249044165856724 0.3955
  0.3347591846493424]]
[['ICA' 'StayHospital' 12 None 0.4005 0.4321193771195202 0.4005
  0.3406350517732711]]
[['ICA' 'StayHospital' 14 None 0.4055 0.44232387960667446 0.4055
  0.3468690224970343]]
[['ICA' 'StayHospital' 16 None 0.412 0.44189353017139865 0.412
  0.3529711397081986]]
[['ICA' 'StayHospital' 18 None 0.4155 0.44327644646961145 0.4155
  0.35425470808027465]]
[['ICA' 'StayHospital' 20 None 0.413 0.4414682835907191 0.413
  0.350869966649571]]
[['ICA' 'StayHospital' 22 None 0.421 0.4663739817467502 0.421
  0.36078585305106986]]
[['ICA' 'StayHospital' 24 None 0.4145 0.45434459616419365 0.4145
  0.3549321991533389]]
[['ICA' 'Zoo' 2 None 0.8571428571428571 0.8944444444444444
  0.8571428571428571 0.8123960695389266]]
[['ICA' 'Zoo' 4 None 0.9523809523809523 0.9642857142857143
  0.9523809523809523 0.9319727891156462]]
[['ICA' 'Zoo' 6 None 0.9523809523809523 0.9576719576719577
  0.9523809523809523 0.9299719887955182]]
----------svd----------
Index(['dr_name', 'dataset_name', 'n_components', 'n_neighbors',
       'fit_transform_time'],
      dtype='object')
SVD,AcademicSuccess,2,None,0.02118706703186035
SVD,AcademicSuccess,4,None,0.03923749923706055
SVD,AcademicSuccess,6,None,0.07957577705383301
SVD,AcademicSuccess,8,None,0.1210780143737793
SVD,AcademicSuccess,10,None,0.06841301918029785
SVD,AcademicSuccess,12,None,0.049681663513183594
SVD,AcademicSuccess,14,None,0.06222939491271973
SVD,AcademicSuccess,16,None,0.12413477897644043
SVD,BuyCoupon,2,None,0.06575655937194824
SVD,BuyCoupon,5,None,0.07956337928771973
SVD,BuyCoupon,8,None,0.07287716865539551
SVD,BuyCoupon,11,None,0.08554601669311523
SVD,BuyCoupon,14,None,0.1128389835357666
SVD,BuyCoupon,17,None,0.17072677612304688
SVD,BuyCoupon,20,None,0.3131115436553955
SVD,BuyCoupon,23,None,0.2170398235321045
SVD,BuyCoupon,26,None,0.2126617431640625
SVD,BuyCoupon,29,None,0.200103759765625
SVD,DryBean,2,None,0.07897710800170898
SVD,DryBean,4,None,0.08705735206604004
SVD,DryBean,6,None,0.07811117172241211
SVD,FakeWebsite,2,None,0.06898045539855957
SVD,FakeWebsite,4,None,0.06967806816101074
SVD,FakeWebsite,6,None,0.0800623893737793
SVD,FakeWebsite,8,None,0.11995100975036621
SVD,FakeWebsite,10,None,0.13326597213745117
SVD,FakeWebsite,12,None,0.1124114990234375
SVD,FakeWebsite,14,None,0.16908669471740723
SVD,Glass,2,None,0.013601541519165039
SVD,Grade,2,None,0.023069381713867188
SVD,Heart,2,None,0.01883840560913086
SVD,Heart,4,None,0.009207010269165039
SVD,Heart,6,None,0.008183479309082031
SVD,Heart,8,None,0.012123346328735352
SVD,Parkinsons,2,None,0.0015881061553955078
SVD,Parkinsons,4,None,0.001596689224243164
SVD,Parkinsons,6,None,0.0016298294067382812
SVD,Parkinsons,8,None,0.0017659664154052734
SVD,Parkinsons,10,None,0.0016994476318359375
SVD,StayHospital,2,None,0.07098984718322754
SVD,StayHospital,4,None,0.05110478401184082
SVD,StayHospital,6,None,0.08070588111877441
SVD,StayHospital,8,None,0.08848261833190918
SVD,StayHospital,10,None,0.07926106452941895
SVD,StayHospital,12,None,0.08263087272644043
SVD,StayHospital,14,None,0.10019755363464355
SVD,StayHospital,16,None,0.07188868522644043
SVD,StayHospital,18,None,0.09354043006896973
SVD,StayHospital,20,None,0.1809391975402832
SVD,StayHospital,22,None,0.2596433162689209
SVD,StayHospital,24,None,0.13341021537780762
SVD,Zoo,2,None,0.015863656997680664
SVD,Zoo,4,None,0.021479368209838867
SVD,Zoo,6,None,0.024334430694580078
Index(['dr_name', 'dataset_name', 'n_components', 'n_neighbors',
       'transform_time'],
      dtype='object')
SVD,AcademicSuccess,2,None,0.0009062290191650391
SVD,AcademicSuccess,4,None,0.0008857250213623047
SVD,AcademicSuccess,6,None,0.0008852481842041016
SVD,AcademicSuccess,8,None,0.0008747577667236328
SVD,AcademicSuccess,10,None,0.004717826843261719
SVD,AcademicSuccess,12,None,0.0029273033142089844
SVD,AcademicSuccess,14,None,0.01385188102722168
SVD,AcademicSuccess,16,None,0.0049207210540771484
SVD,BuyCoupon,2,None,0.00888681411743164
SVD,BuyCoupon,5,None,0.006501197814941406
SVD,BuyCoupon,8,None,0.006573677062988281
SVD,BuyCoupon,11,None,0.007180213928222656
SVD,BuyCoupon,14,None,0.0066640377044677734
SVD,BuyCoupon,17,None,0.006672859191894531
SVD,BuyCoupon,20,None,0.0067005157470703125
SVD,BuyCoupon,23,None,0.006688356399536133
SVD,BuyCoupon,26,None,0.009956121444702148
SVD,BuyCoupon,29,None,0.008979320526123047
SVD,DryBean,2,None,0.0007894039154052734
SVD,DryBean,4,None,0.0007712841033935547
SVD,DryBean,6,None,0.0008053779602050781
SVD,FakeWebsite,2,None,0.0010471343994140625
SVD,FakeWebsite,4,None,0.0041561126708984375
SVD,FakeWebsite,6,None,0.005038738250732422
SVD,FakeWebsite,8,None,0.005021333694458008
SVD,FakeWebsite,10,None,0.0049746036529541016
SVD,FakeWebsite,12,None,0.014287471771240234
SVD,FakeWebsite,14,None,0.004995822906494141
SVD,Glass,2,None,0.0007073879241943359
SVD,Grade,2,None,0.0006945133209228516
SVD,Heart,2,None,0.0007977485656738281
SVD,Heart,4,None,0.0007941722869873047
SVD,Heart,6,None,0.0007989406585693359
SVD,Heart,8,None,0.0007898807525634766
SVD,Parkinsons,2,None,0.0007574558258056641
SVD,Parkinsons,4,None,0.0007488727569580078
SVD,Parkinsons,6,None,0.0007622241973876953
SVD,Parkinsons,8,None,0.0007476806640625
SVD,Parkinsons,10,None,0.000766754150390625
SVD,StayHospital,2,None,0.001215219497680664
SVD,StayHospital,4,None,0.006460666656494141
SVD,StayHospital,6,None,0.003247976303100586
SVD,StayHospital,8,None,0.003751516342163086
SVD,StayHospital,10,None,0.003268003463745117
SVD,StayHospital,12,None,0.003470897674560547
SVD,StayHospital,14,None,0.003232717514038086
SVD,StayHospital,16,None,0.006488800048828125
SVD,StayHospital,18,None,0.00904083251953125
SVD,StayHospital,20,None,0.003926753997802734
SVD,StayHospital,22,None,0.01754617691040039
SVD,StayHospital,24,None,0.0031752586364746094
SVD,Zoo,2,None,0.0007886886596679688
SVD,Zoo,4,None,0.0007836818695068359
SVD,Zoo,6,None,0.0007736682891845703
Index(['dr_name', 'dataset_name', 'n_components', 'n_neighbors', 'accuracy',
       'precision', 'recall', 'f1_score'],
      dtype='object')
[['SVD' 'AcademicSuccess' 2 None 0.6677966101694915 0.7391272845916284
  0.6677966101694915 0.5962875975926383]]
[['SVD' 'AcademicSuccess' 4 None 0.6824858757062147 0.6616507936507936
  0.6824858757062147 0.6134142426069646]]
[['SVD' 'AcademicSuccess' 6 None 0.7073446327683616 0.6887525306512176
  0.7073446327683616 0.6545253462397015]]
[['SVD' 'AcademicSuccess' 8 None 0.7175141242937854 0.697224529670815
  0.7175141242937854 0.6810861794676148]]
[['SVD' 'AcademicSuccess' 10 None 0.7028248587570621 0.673926655233751
  0.7028248587570621 0.666434563674536]]
[['SVD' 'AcademicSuccess' 12 None 0.7141242937853107 0.6896619678488788
  0.7141242937853107 0.6853982715883968]]
[['SVD' 'AcademicSuccess' 14 None 0.7265536723163842 0.7060363369469033
  0.7265536723163842 0.7037591055091045]]
[['SVD' 'AcademicSuccess' 16 None 0.7446327683615819 0.7325957888170025
  0.7446327683615819 0.7280407461446319]]
[['SVD' 'BuyCoupon' 2 None 0.5683878596767836 0.5683878596767836 1.0
  0.7248052274440815]]
[['SVD' 'BuyCoupon' 5 None 0.5683878596767836 0.5683878596767836 1.0
  0.7248052274440815]]
[['SVD' 'BuyCoupon' 8 None 0.5683878596767836 0.5683878596767836 1.0
  0.7248052274440815]]
[['SVD' 'BuyCoupon' 11 None 0.5683878596767836 0.5683878596767836 1.0
  0.7248052274440815]]
[['SVD' 'BuyCoupon' 14 None 0.5683878596767836 0.5683878596767836 1.0
  0.7248052274440815]]
[['SVD' 'BuyCoupon' 17 None 0.5683878596767836 0.5683878596767836 1.0
  0.7248052274440815]]
[['SVD' 'BuyCoupon' 20 None 0.5683878596767836 0.5683878596767836 1.0
  0.7248052274440815]]
[['SVD' 'BuyCoupon' 23 None 0.5683878596767836 0.5683878596767836 1.0
  0.7248052274440815]]
[['SVD' 'BuyCoupon' 26 None 0.5683878596767836 0.5683878596767836 1.0
  0.7248052274440815]]
[['SVD' 'BuyCoupon' 29 None 0.5683878596767836 0.5683878596767836 1.0
  0.7248052274440815]]
[['SVD' 'DryBean' 2 None 0.8813808299669482 0.8843244259056775
  0.8813808299669482 0.8789536856737367]]
[['SVD' 'DryBean' 4 None 0.8993756885787734 0.9005470549775895
  0.8993756885787734 0.8990481345643544]]
[['SVD' 'DryBean' 6 None 0.9302240176276166 0.9309364266339312
  0.9302240176276166 0.9304224615446598]]
[['SVD' 'FakeWebsite' 2 None 0.8941655359565808 0.8928289992119779
  0.9203899268887084 0.9063999999999999]]
[['SVD' 'FakeWebsite' 4 None 0.8937132519222072 0.9068627450980392
  0.9017059301380991 0.9042769857433809]]
[['SVD' 'FakeWebsite' 6 None 0.9014020805065581 0.9094583670169766
  0.9138911454102355 0.9116693679092382]]
[['SVD' 'FakeWebsite' 8 None 0.9199457259158752 0.9222756410256411
  0.9350121852152722 0.9286002420330778]]
[['SVD' 'FakeWebsite' 10 None 0.926729986431479 0.916601714731099
  0.9553208773354996 0.9355608591885441]]
[['SVD' 'FakeWebsite' 12 None 0.9294436906377205 0.9209083790133125
  0.9553208773354996 0.937799043062201]]
[['SVD' 'FakeWebsite' 14 None 0.9303482587064676 0.9230164964650432
  0.9545085296506904 0.9384984025559105]]
[['SVD' 'Glass' 2 None 0.6976744186046512 0.7586831772878284
  0.6976744186046512 0.6410941815913748]]
[['SVD' 'Grade' 2 None 0.955 0.9580948874395119 0.955 0.9548696167631651]]
[['SVD' 'Heart' 2 None 0.6195652173913043 0.6777777777777778
  0.5980392156862745 0.6354166666666667]]
[['SVD' 'Heart' 4 None 0.7065217391304348 0.7142857142857143
  0.7843137254901961 0.7476635514018691]]
[['SVD' 'Heart' 6 None 0.7119565217391305 0.7207207207207207
  0.7843137254901961 0.7511737089201878]]
[['SVD' 'Heart' 8 None 0.7119565217391305 0.7207207207207207
  0.7843137254901961 0.7511737089201878]]
[['SVD' 'Parkinsons' 2 None 0.7948717948717948 0.8 0.9655172413793104
  0.8750000000000001]]
[['SVD' 'Parkinsons' 4 None 0.7948717948717948 0.8 0.9655172413793104
  0.8750000000000001]]
[['SVD' 'Parkinsons' 6 None 0.7948717948717948 0.8181818181818182
  0.9310344827586207 0.8709677419354839]]
[['SVD' 'Parkinsons' 8 None 0.8461538461538461 0.8285714285714286 1.0
  0.90625]]
[['SVD' 'Parkinsons' 10 None 0.8461538461538461 0.8285714285714286 1.0
  0.90625]]
[['SVD' 'StayHospital' 2 None 0.2955 0.79182025 0.2955 0.1348054805094558]]
[['SVD' 'StayHospital' 4 None 0.2955 0.79182025 0.2955 0.1348054805094558]]
[['SVD' 'StayHospital' 6 None 0.2955 0.79182025 0.2955 0.1348054805094558]]
[['SVD' 'StayHospital' 8 None 0.2955 0.79182025 0.2955 0.1348054805094558]]
[['SVD' 'StayHospital' 10 None 0.2955 0.79182025 0.2955
  0.1348054805094558]]
[['SVD' 'StayHospital' 12 None 0.2955 0.79182025 0.2955
  0.1348054805094558]]
[['SVD' 'StayHospital' 14 None 0.2955 0.79182025 0.2955
  0.1348054805094558]]
[['SVD' 'StayHospital' 16 None 0.2955 0.79182025 0.2955
  0.1348054805094558]]
[['SVD' 'StayHospital' 18 None 0.2955 0.79182025 0.2955
  0.1348054805094558]]
[['SVD' 'StayHospital' 20 None 0.2955 0.79182025 0.2955
  0.1348054805094558]]
[['SVD' 'StayHospital' 22 None 0.2955 0.79182025 0.2955
  0.1348054805094558]]
[['SVD' 'StayHospital' 24 None 0.2955 0.79182025 0.2955
  0.1348054805094558]]
[['SVD' 'Zoo' 2 None 0.7142857142857143 0.7987528344671203
  0.7142857142857143 0.6430839002267573]]
[['SVD' 'Zoo' 4 None 0.9047619047619048 0.9166666666666666
  0.9047619047619048 0.8843537414965985]]
[['SVD' 'Zoo' 6 None 0.9523809523809523 0.9642857142857143
  0.9523809523809523 0.9319727891156462]]
----------lpp----------
Index(['dr_name', 'dataset_name', 'n_components', 'n_neighbors',
       'fit_transform_time'],
      dtype='object')
LPP,AcademicSuccess,2,8,0.3297998905181885
LPP,AcademicSuccess,2,15,0.4220998287200928
LPP,AcademicSuccess,2,59,0.32356715202331543
LPP,AcademicSuccess,4,8,0.31683349609375
LPP,AcademicSuccess,4,15,0.2946958541870117
LPP,AcademicSuccess,4,59,0.4213979244232178
LPP,AcademicSuccess,6,8,0.3313734531402588
LPP,AcademicSuccess,6,15,0.3695871829986572
LPP,AcademicSuccess,6,59,0.5089077949523926
LPP,AcademicSuccess,8,8,0.33304548263549805
LPP,AcademicSuccess,8,15,0.3231837749481201
LPP,AcademicSuccess,8,59,0.3866899013519287
LPP,AcademicSuccess,10,8,0.31395602226257324
LPP,AcademicSuccess,10,15,0.3111248016357422
LPP,AcademicSuccess,10,59,0.3047604560852051
LPP,AcademicSuccess,12,8,0.39225029945373535
LPP,AcademicSuccess,12,15,0.33989524841308594
LPP,AcademicSuccess,12,59,0.50726318359375
LPP,AcademicSuccess,14,8,0.3910825252532959
LPP,AcademicSuccess,14,15,0.35161805152893066
LPP,AcademicSuccess,14,59,0.3376471996307373
LPP,AcademicSuccess,16,8,0.31990671157836914
LPP,AcademicSuccess,16,15,0.33272504806518555
LPP,AcademicSuccess,16,59,0.3572225570678711
LPP,BuyCoupon,2,9,2.1850974559783936
LPP,BuyCoupon,2,21,1.969139575958252
LPP,BuyCoupon,2,100,2.289867401123047
LPP,BuyCoupon,5,9,2.0192782878875732
LPP,BuyCoupon,5,21,1.971879243850708
LPP,BuyCoupon,5,100,2.520791530609131
LPP,BuyCoupon,8,9,1.7108750343322754
LPP,BuyCoupon,8,21,2.049137592315674
LPP,BuyCoupon,8,100,1.8176391124725342
LPP,BuyCoupon,11,9,1.7846136093139648
LPP,BuyCoupon,11,21,1.8200116157531738
LPP,BuyCoupon,11,100,2.076956033706665
LPP,BuyCoupon,14,9,1.9721043109893799
LPP,BuyCoupon,14,21,2.0889947414398193
LPP,BuyCoupon,14,100,1.9210889339447021
LPP,BuyCoupon,17,9,1.9039907455444336
LPP,BuyCoupon,17,21,1.6721446514129639
LPP,BuyCoupon,17,100,2.279841423034668
LPP,BuyCoupon,20,9,1.6861038208007812
LPP,BuyCoupon,20,21,2.10603404045105
LPP,BuyCoupon,20,100,1.966493844985962
LPP,BuyCoupon,23,9,1.613534688949585
LPP,BuyCoupon,23,21,1.9647290706634521
LPP,BuyCoupon,23,100,1.9381554126739502
LPP,BuyCoupon,26,9,1.7381291389465332
LPP,BuyCoupon,26,21,1.9263606071472168
LPP,BuyCoupon,26,100,1.658106803894043
LPP,BuyCoupon,29,9,1.6903584003448486
LPP,BuyCoupon,29,21,1.7602100372314453
LPP,BuyCoupon,29,100,2.014616012573242
LPP,DryBean,2,9,1.2943792343139648
LPP,DryBean,2,22,1.3265564441680908
LPP,DryBean,2,104,1.5277516841888428
LPP,DryBean,4,9,1.2515158653259277
LPP,DryBean,4,22,1.4164495468139648
LPP,DryBean,4,104,1.5743529796600342
LPP,DryBean,6,9,1.2523856163024902
LPP,DryBean,6,22,1.336073637008667
LPP,DryBean,6,104,1.5429320335388184
LPP,FakeWebsite,2,9,1.8465092182159424
LPP,FakeWebsite,2,20,1.9269294738769531
LPP,FakeWebsite,2,94,2.042567014694214
LPP,FakeWebsite,4,9,1.8828771114349365
LPP,FakeWebsite,4,20,1.9574849605560303
LPP,FakeWebsite,4,94,1.9498341083526611
LPP,FakeWebsite,6,9,1.7873921394348145
LPP,FakeWebsite,6,20,1.8828980922698975
LPP,FakeWebsite,6,94,1.9302003383636475
LPP,FakeWebsite,8,9,1.810560941696167
LPP,FakeWebsite,8,20,1.8865058422088623
LPP,FakeWebsite,8,94,1.9797449111938477
LPP,FakeWebsite,10,9,1.8134088516235352
LPP,FakeWebsite,10,20,1.8813731670379639
LPP,FakeWebsite,10,94,1.9076318740844727
LPP,FakeWebsite,12,9,1.8457300662994385
LPP,FakeWebsite,12,20,1.9668266773223877
LPP,FakeWebsite,12,94,1.9152212142944336
LPP,FakeWebsite,14,9,1.892934799194336
LPP,FakeWebsite,14,20,1.9392399787902832
LPP,FakeWebsite,14,94,1.9156548976898193
LPP,Glass,2,5,0.01087498664855957
LPP,Glass,2,5,0.01015615463256836
LPP,Glass,2,13,0.010368108749389648
LPP,Grade,2,6,0.02386474609375
LPP,Grade,2,9,0.018870115280151367
LPP,Grade,2,28,0.04006671905517578
LPP,Heart,2,6,0.07476425170898438
LPP,Heart,2,9,0.09416866302490234
LPP,Heart,2,27,0.08088970184326172
LPP,Heart,4,6,0.08461523056030273
LPP,Heart,4,9,0.07230424880981445
LPP,Heart,4,27,0.08124756813049316
LPP,Heart,6,6,0.08292078971862793
LPP,Heart,6,9,0.08469963073730469
LPP,Heart,6,27,0.08087587356567383
LPP,Heart,8,6,0.0830075740814209
LPP,Heart,8,9,0.086669921875
LPP,Heart,8,27,0.09373593330383301
LPP,Parkinsons,2,5,0.07995939254760742
LPP,Parkinsons,2,5,0.0761270523071289
LPP,Parkinsons,2,12,0.07780885696411133
LPP,Parkinsons,4,5,0.07854056358337402
LPP,Parkinsons,4,5,0.07546043395996094
LPP,Parkinsons,4,12,0.04720950126647949
LPP,Parkinsons,6,5,0.08933901786804199
LPP,Parkinsons,6,5,0.07478976249694824
LPP,Parkinsons,6,12,0.08319687843322754
LPP,Parkinsons,8,5,0.08426141738891602
LPP,Parkinsons,8,5,0.07882046699523926
LPP,Parkinsons,8,12,0.07932019233703613
LPP,Parkinsons,10,5,0.07398772239685059
LPP,Parkinsons,10,5,0.07811617851257324
LPP,Parkinsons,10,12,0.07834386825561523
LPP,StayHospital,2,8,1.5605943202972412
LPP,StayHospital,2,19,1.5991544723510742
LPP,StayHospital,2,89,1.6543569564819336
LPP,StayHospital,4,8,1.5716955661773682
LPP,StayHospital,4,19,1.5846412181854248
LPP,StayHospital,4,89,1.698796033859253
LPP,StayHospital,6,8,1.6783201694488525
LPP,StayHospital,6,19,1.6746265888214111
LPP,StayHospital,6,89,1.660984754562378
LPP,StayHospital,8,8,1.5295681953430176
LPP,StayHospital,8,19,1.6729600429534912
LPP,StayHospital,8,89,1.780344009399414
LPP,StayHospital,10,8,1.5349133014678955
LPP,StayHospital,10,19,1.5746798515319824
LPP,StayHospital,10,89,1.6559369564056396
LPP,StayHospital,12,8,1.5706787109375
LPP,StayHospital,12,19,1.5868756771087646
LPP,StayHospital,12,89,1.6503376960754395
LPP,StayHospital,14,8,1.5740060806274414
LPP,StayHospital,14,19,1.5763676166534424
LPP,StayHospital,14,89,1.6831939220428467
LPP,StayHospital,16,8,1.6317288875579834
LPP,StayHospital,16,19,1.6813735961914062
LPP,StayHospital,16,89,1.7475063800811768
LPP,StayHospital,18,8,1.555337905883789
LPP,StayHospital,18,19,1.591149091720581
LPP,StayHospital,18,89,1.688056468963623
LPP,StayHospital,20,8,1.5619850158691406
LPP,StayHospital,20,19,1.6193211078643799
LPP,StayHospital,20,89,1.6727209091186523
LPP,StayHospital,22,8,1.5652897357940674
LPP,StayHospital,22,19,1.5806994438171387
LPP,StayHospital,22,89,1.7447264194488525
LPP,StayHospital,24,8,1.7356808185577393
LPP,StayHospital,24,19,1.6623146533966064
LPP,StayHospital,24,89,1.710315465927124
LPP,Zoo,2,4,0.06562638282775879
LPP,Zoo,2,4,0.002899169921875
LPP,Zoo,2,8,0.00237274169921875
LPP,Zoo,4,4,0.0024220943450927734
LPP,Zoo,4,4,0.0023403167724609375
LPP,Zoo,4,8,0.002468109130859375
LPP,Zoo,6,4,0.0022661685943603516
LPP,Zoo,6,4,0.0025908946990966797
LPP,Zoo,6,8,0.0023508071899414062
Index(['dr_name', 'dataset_name', 'n_components', 'n_neighbors',
       'transform_time'],
      dtype='object')
LPP,AcademicSuccess,2,8,0.0008389949798583984
LPP,AcademicSuccess,2,15,0.0007960796356201172
LPP,AcademicSuccess,2,59,0.0007829666137695312
LPP,AcademicSuccess,4,8,0.0007801055908203125
LPP,AcademicSuccess,4,15,0.0007727146148681641
LPP,AcademicSuccess,4,59,0.0007672309875488281
LPP,AcademicSuccess,6,8,0.0007803440093994141
LPP,AcademicSuccess,6,15,0.0007812976837158203
LPP,AcademicSuccess,6,59,0.0007863044738769531
LPP,AcademicSuccess,8,8,0.0007805824279785156
LPP,AcademicSuccess,8,15,0.0007774829864501953
LPP,AcademicSuccess,8,59,0.0007789134979248047
LPP,AcademicSuccess,10,8,0.0008165836334228516
LPP,AcademicSuccess,10,15,0.0008308887481689453
LPP,AcademicSuccess,10,59,0.0008089542388916016
LPP,AcademicSuccess,12,8,0.0008237361907958984
LPP,AcademicSuccess,12,15,0.0008351802825927734
LPP,AcademicSuccess,12,59,0.0008547306060791016
LPP,AcademicSuccess,14,8,0.0008890628814697266
LPP,AcademicSuccess,14,15,0.0008974075317382812
LPP,AcademicSuccess,14,59,0.0008566379547119141
LPP,AcademicSuccess,16,8,0.0008697509765625
LPP,AcademicSuccess,16,15,0.0008599758148193359
LPP,AcademicSuccess,16,59,0.0008840560913085938
LPP,BuyCoupon,2,9,0.0013897418975830078
LPP,BuyCoupon,2,21,0.0014798641204833984
LPP,BuyCoupon,2,100,0.0014538764953613281
LPP,BuyCoupon,5,9,0.0014710426330566406
LPP,BuyCoupon,5,21,0.0014710426330566406
LPP,BuyCoupon,5,100,0.0014719963073730469
LPP,BuyCoupon,8,9,0.001550912857055664
LPP,BuyCoupon,8,21,0.0015628337860107422
LPP,BuyCoupon,8,100,0.0015769004821777344
LPP,BuyCoupon,11,9,0.0015652179718017578
LPP,BuyCoupon,11,21,0.0015788078308105469
LPP,BuyCoupon,11,100,0.0016045570373535156
LPP,BuyCoupon,14,9,0.0017135143280029297
LPP,BuyCoupon,14,21,0.0016925334930419922
LPP,BuyCoupon,14,100,0.001249551773071289
LPP,BuyCoupon,17,9,0.0012812614440917969
LPP,BuyCoupon,17,21,0.0013647079467773438
LPP,BuyCoupon,17,100,0.0013129711151123047
LPP,BuyCoupon,20,9,0.0013003349304199219
LPP,BuyCoupon,20,21,0.0013010501861572266
LPP,BuyCoupon,20,100,0.001279592514038086
LPP,BuyCoupon,23,9,0.0012652873992919922
LPP,BuyCoupon,23,21,0.001262664794921875
LPP,BuyCoupon,23,100,0.001275777816772461
LPP,BuyCoupon,26,9,0.0013651847839355469
LPP,BuyCoupon,26,21,0.0013973712921142578
LPP,BuyCoupon,26,100,0.0014181137084960938
LPP,BuyCoupon,29,9,0.0015919208526611328
LPP,BuyCoupon,29,21,0.0014629364013671875
LPP,BuyCoupon,29,100,0.0015044212341308594
LPP,DryBean,2,9,0.0005342960357666016
LPP,DryBean,2,22,0.0005285739898681641
LPP,DryBean,2,104,0.0005373954772949219
LPP,DryBean,4,9,0.0005307197570800781
LPP,DryBean,4,22,0.0005240440368652344
LPP,DryBean,4,104,0.0005233287811279297
LPP,DryBean,6,9,0.0005340576171875
LPP,DryBean,6,22,0.0005309581756591797
LPP,DryBean,6,104,0.0005328655242919922
LPP,FakeWebsite,2,9,0.0006129741668701172
LPP,FakeWebsite,2,20,0.0005621910095214844
LPP,FakeWebsite,2,94,0.0005619525909423828
LPP,FakeWebsite,4,9,0.0005707740783691406
LPP,FakeWebsite,4,20,0.0005967617034912109
LPP,FakeWebsite,4,94,0.0005967617034912109
LPP,FakeWebsite,6,9,0.0006315708160400391
LPP,FakeWebsite,6,20,0.0008356571197509766
LPP,FakeWebsite,6,94,0.0008337497711181641
LPP,FakeWebsite,8,9,0.0008513927459716797
LPP,FakeWebsite,8,20,0.000850677490234375
LPP,FakeWebsite,8,94,0.0008656978607177734
LPP,FakeWebsite,10,9,0.0008745193481445312
LPP,FakeWebsite,10,20,0.0008630752563476562
LPP,FakeWebsite,10,94,0.0008671283721923828
LPP,FakeWebsite,12,9,0.0009236335754394531
LPP,FakeWebsite,12,20,0.0009074211120605469
LPP,FakeWebsite,12,94,0.0009000301361083984
LPP,FakeWebsite,14,9,0.0009284019470214844
LPP,FakeWebsite,14,20,0.0009181499481201172
LPP,FakeWebsite,14,94,0.0009799003601074219
LPP,Glass,2,5,0.0006148815155029297
LPP,Glass,2,5,0.0006053447723388672
LPP,Glass,2,13,0.0005922317504882812
LPP,Grade,2,6,0.0005910396575927734
LPP,Grade,2,9,0.0005805492401123047
LPP,Grade,2,28,0.0005831718444824219
LPP,Heart,2,6,0.0007038116455078125
LPP,Heart,2,9,0.0006895065307617188
LPP,Heart,2,27,0.0006916522979736328
LPP,Heart,4,6,0.0006999969482421875
LPP,Heart,4,9,0.0006906986236572266
LPP,Heart,4,27,0.0006916522979736328
LPP,Heart,6,6,0.0006868839263916016
LPP,Heart,6,9,0.0006837844848632812
LPP,Heart,6,27,0.0006918907165527344
LPP,Heart,8,6,0.0006935596466064453
LPP,Heart,8,9,0.0006918907165527344
LPP,Heart,8,27,0.0007016658782958984
LPP,Parkinsons,2,5,0.0006563663482666016
LPP,Parkinsons,2,5,0.0006458759307861328
LPP,Parkinsons,2,12,0.0006525516510009766
LPP,Parkinsons,4,5,0.0006520748138427734
LPP,Parkinsons,4,5,0.0006473064422607422
LPP,Parkinsons,4,12,0.0006496906280517578
LPP,Parkinsons,6,5,0.0006453990936279297
LPP,Parkinsons,6,5,0.0006425380706787109
LPP,Parkinsons,6,12,0.0006532669067382812
LPP,Parkinsons,8,5,0.0006511211395263672
LPP,Parkinsons,8,5,0.0006506443023681641
LPP,Parkinsons,8,12,0.0006546974182128906
LPP,Parkinsons,10,5,0.0006520748138427734
LPP,Parkinsons,10,5,0.0006563663482666016
LPP,Parkinsons,10,12,0.0006542205810546875
LPP,StayHospital,2,8,0.0010101795196533203
LPP,StayHospital,2,19,0.0009038448333740234
LPP,StayHospital,2,89,0.0008902549743652344
LPP,StayHospital,4,8,0.0008673667907714844
LPP,StayHospital,4,19,0.0009133815765380859
LPP,StayHospital,4,89,0.0009126663208007812
LPP,StayHospital,6,8,0.0009481906890869141
LPP,StayHospital,6,19,0.010854244232177734
LPP,StayHospital,6,89,0.0009884834289550781
LPP,StayHospital,8,8,0.0009911060333251953
LPP,StayHospital,8,19,0.000985860824584961
LPP,StayHospital,8,89,0.0010027885437011719
LPP,StayHospital,10,8,0.0009853839874267578
LPP,StayHospital,10,19,0.008759737014770508
LPP,StayHospital,10,89,0.0010001659393310547
LPP,StayHospital,12,8,0.0010330677032470703
LPP,StayHospital,12,19,0.0010149478912353516
LPP,StayHospital,12,89,0.0010123252868652344
LPP,StayHospital,14,8,0.0010561943054199219
LPP,StayHospital,14,19,0.0010540485382080078
LPP,StayHospital,14,89,0.0010449886322021484
LPP,StayHospital,16,8,0.0010378360748291016
LPP,StayHospital,16,19,0.0010268688201904297
LPP,StayHospital,16,89,0.0010528564453125
LPP,StayHospital,18,8,0.0010573863983154297
LPP,StayHospital,18,19,0.001272439956665039
LPP,StayHospital,18,89,0.0010650157928466797
LPP,StayHospital,20,8,0.0010790824890136719
LPP,StayHospital,20,19,0.018926620483398438
LPP,StayHospital,20,89,0.001071929931640625
LPP,StayHospital,22,8,0.00933074951171875
LPP,StayHospital,22,19,0.003213644027709961
LPP,StayHospital,22,89,0.0010945796966552734
LPP,StayHospital,24,8,0.0011720657348632812
LPP,StayHospital,24,19,0.015288591384887695
LPP,StayHospital,24,89,0.0010960102081298828
LPP,Zoo,2,4,0.0006794929504394531
LPP,Zoo,2,4,0.0006747245788574219
LPP,Zoo,2,8,0.0006721019744873047
LPP,Zoo,4,4,0.0006725788116455078
LPP,Zoo,4,4,0.0006711483001708984
LPP,Zoo,4,8,0.0006699562072753906
LPP,Zoo,6,4,0.0006730556488037109
LPP,Zoo,6,4,0.0006718635559082031
LPP,Zoo,6,8,0.0006694793701171875
Index(['dr_name', 'dataset_name', 'n_components', 'n_neighbors', 'accuracy',
       'precision', 'recall', 'f1_score'],
      dtype='object')
[['LPP' 'AcademicSuccess' 2 8 0.6519774011299435 0.7506112547479971
  0.6519774011299435 0.5786687511422788]]
[['LPP' 'AcademicSuccess' 2 15 0.6474576271186441 0.7455743879472693
  0.6474576271186441 0.5741471697329026]]
[['LPP' 'AcademicSuccess' 2 59 0.656497175141243 0.7615206631820735
  0.656497175141243 0.5826294175231647]]
[['LPP' 'AcademicSuccess' 4 8 0.6587570621468927 0.7654114555460159
  0.6587570621468927 0.5846297445812776]]
[['LPP' 'AcademicSuccess' 4 15 0.6576271186440678 0.7673599950461528
  0.6576271186440678 0.5836295253779259]]
[['LPP' 'AcademicSuccess' 4 59 0.6542372881355932 0.764108824424052
  0.6542372881355932 0.5796075067010135]]
[['LPP' 'AcademicSuccess' 6 8 0.6711864406779661 0.6405752439650746
  0.6711864406779661 0.6041062363460139]]
[['LPP' 'AcademicSuccess' 6 15 0.6768361581920904 0.6773629179719384
  0.6768361581920904 0.6114342097820272]]
[['LPP' 'AcademicSuccess' 6 59 0.6813559322033899 0.6338123358885165
  0.6813559322033899 0.6131615404010166]]
[['LPP' 'AcademicSuccess' 8 8 0.6689265536723163 0.624430882114431
  0.6689265536723163 0.6005400838569093]]
[['LPP' 'AcademicSuccess' 8 15 0.6937853107344633 0.6758695046885345
  0.6937853107344633 0.6324589970624243]]
[['LPP' 'AcademicSuccess' 8 59 0.7050847457627119 0.6955786887263806
  0.7050847457627119 0.6443614211096318]]
[['LPP' 'AcademicSuccess' 10 8 0.6836158192090396 0.6716970583924439
  0.6836158192090396 0.6190222796719513]]
[['LPP' 'AcademicSuccess' 10 15 0.6949152542372882 0.7038020449521002
  0.6949152542372882 0.6384065879019787]]
[['LPP' 'AcademicSuccess' 10 59 0.711864406779661 0.6892935823551346
  0.711864406779661 0.6608232602646311]]
[['LPP' 'AcademicSuccess' 12 8 0.6847457627118644 0.6806243076550491
  0.6847457627118644 0.6265675446435515]]
[['LPP' 'AcademicSuccess' 12 15 0.688135593220339 0.673845739856692
  0.688135593220339 0.6362036531641543]]
[['LPP' 'AcademicSuccess' 12 59 0.7310734463276836 0.7150042229383451
  0.7310734463276836 0.6971070686209789]]
[['LPP' 'AcademicSuccess' 14 8 0.6983050847457627 0.6832071020682998
  0.6983050847457627 0.6541757267234339]]
[['LPP' 'AcademicSuccess' 14 15 0.7028248587570621 0.6905395485570321
  0.7028248587570621 0.6594507237128885]]
[['LPP' 'AcademicSuccess' 14 59 0.7265536723163842 0.7073392099177425
  0.7265536723163842 0.6915299362832711]]
[['LPP' 'AcademicSuccess' 16 8 0.7050847457627119 0.6806964495129463
  0.7050847457627119 0.6685201822247271]]
[['LPP' 'AcademicSuccess' 16 15 0.7084745762711865 0.686544645778427
  0.7084745762711865 0.6739697514349096]]
[['LPP' 'AcademicSuccess' 16 59 0.7163841807909604 0.6950968813700453
  0.7163841807909604 0.6868165078192313]]
[['LPP' 'BuyCoupon' 2 9 0.5675995270003942 0.5680473372781065
  0.9986130374479889 0.7241639426703546]]
[['LPP' 'BuyCoupon' 2 21 0.5683878596767836 0.5683878596767836 1.0
  0.7248052274440815]]
[['LPP' 'BuyCoupon' 2 100 0.5719353567205361 0.5716009654062751
  0.9854368932038835 0.7235234215885947]]
[['LPP' 'BuyCoupon' 5 9 0.5648403626330312 0.5672235481304694
  0.9889042995839112 0.7209302325581396]]
[['LPP' 'BuyCoupon' 5 21 0.5687820260149783 0.5686661404893449
  0.9993065187239945 0.7248490945674044]]
[['LPP' 'BuyCoupon' 5 100 0.5683878596767836 0.5683878596767836 1.0
  0.7248052274440815]]
[['LPP' 'BuyCoupon' 8 9 0.5648403626330312 0.5672235481304694
  0.9889042995839112 0.7209302325581396]]
[['LPP' 'BuyCoupon' 8 21 0.5683878596767836 0.5683878596767836 1.0
  0.7248052274440815]]
[['LPP' 'BuyCoupon' 8 100 0.5683878596767836 0.5683878596767836 1.0
  0.7248052274440815]]
[['LPP' 'BuyCoupon' 11 9 0.5648403626330312 0.5672235481304694
  0.9889042995839112 0.7209302325581396]]
[['LPP' 'BuyCoupon' 11 21 0.5683878596767836 0.5683878596767836 1.0
  0.7248052274440815]]
[['LPP' 'BuyCoupon' 11 100 0.5683878596767836 0.5683878596767836 1.0
  0.7248052274440815]]
[['LPP' 'BuyCoupon' 14 9 0.5648403626330312 0.5672235481304694
  0.9889042995839112 0.7209302325581396]]
[['LPP' 'BuyCoupon' 14 21 0.5648403626330312 0.5672235481304694
  0.9889042995839112 0.7209302325581396]]
[['LPP' 'BuyCoupon' 14 100 0.5683878596767836 0.5683878596767836 1.0
  0.7248052274440815]]
[['LPP' 'BuyCoupon' 17 9 0.5648403626330312 0.5672235481304694
  0.9889042995839112 0.7209302325581396]]
[['LPP' 'BuyCoupon' 17 21 0.5648403626330312 0.5672235481304694
  0.9889042995839112 0.7209302325581396]]
[['LPP' 'BuyCoupon' 17 100 0.5648403626330312 0.5672235481304694
  0.9889042995839112 0.7209302325581396]]
[['LPP' 'BuyCoupon' 20 9 0.5695703586913677 0.5787578757875788
  0.8918169209431346 0.7019650655021834]]
[['LPP' 'BuyCoupon' 20 21 0.5668111943240047 0.574468085106383
  0.9174757281553398 0.7065420560747665]]
[['LPP' 'BuyCoupon' 20 100 0.607016160819866 0.6090151886330231
  0.8619972260748959 0.7137525122021244]]
[['LPP' 'BuyCoupon' 23 9 0.584548679542767 0.5866071428571429
  0.9112343966712899 0.7137425312330257]]
[['LPP' 'BuyCoupon' 23 21 0.6066219944816713 0.6128048780487805
  0.8363384188626907 0.7073313782991202]]
[['LPP' 'BuyCoupon' 23 100 0.62238864800946 0.6283138918345705
  0.8217753120665742 0.7121394230769231]]
[['LPP' 'BuyCoupon' 26 9 0.5932203389830508 0.5961538461538461
  0.8814147018030514 0.7112479015109122]]
[['LPP' 'BuyCoupon' 26 21 0.612534489554592 0.6178736517719569
  0.834257975034674 0.7099439362643847]]
[['LPP' 'BuyCoupon' 26 100 0.6283011430823807 0.635230352303523
  0.812760055478502 0.7131122604198357]]
[['LPP' 'BuyCoupon' 29 9 0.6022861647615294 0.6107416879795396
  0.8280166435506241 0.7029732116573447]]
[['LPP' 'BuyCoupon' 29 21 0.6302719747733544 0.6392265193370166
  0.8023578363384188 0.7115621156211561]]
[['LPP' 'BuyCoupon' 29 100 0.6397319668900275 0.6448957189901208
  0.8148404993065187 0.7199754901960785]]
[['LPP' 'DryBean' 2 9 0.868160117517444 0.8685947829066141
  0.868160117517444 0.8664346204555482]]
[['LPP' 'DryBean' 2 22 0.866691149467499 0.8671714553391268
  0.866691149467499 0.8651389670568765]]
[['LPP' 'DryBean' 2 104 0.8688946015424165 0.8690234094051763
  0.8688946015424165 0.8676427663818823]]
[['LPP' 'DryBean' 4 9 0.9023136246786633 0.9037720549473564
  0.9023136246786633 0.9024127690112971]]
[['LPP' 'DryBean' 4 22 0.9026808666911494 0.9042858718812192
  0.9026808666911494 0.902920397185144]]
[['LPP' 'DryBean' 4 104 0.9052515607785531 0.9070524157441479
  0.9052515607785531 0.9055355107358697]]
[['LPP' 'DryBean' 6 9 0.9155343371281675 0.9164802925044122
  0.9155343371281675 0.9157575380018446]]
[['LPP' 'DryBean' 6 22 0.9214102093279471 0.9223520786484892
  0.9214102093279471 0.9216495678773914]]
[['LPP' 'DryBean' 6 104 0.9239809034153507 0.9249981665282369
  0.9239809034153507 0.9242922181522689]]
[['LPP' 'FakeWebsite' 2 9 0.8163726820443238 0.8035320088300221
  0.8870836718115354 0.8432432432432432]]
[['LPP' 'FakeWebsite' 2 20 0.8181818181818182 0.8001448225923244
  0.8976441917140536 0.8460949464012252]]
[['LPP' 'FakeWebsite' 2 94 0.8548168249660787 0.828757225433526
  0.9317627944760357 0.8772466539196941]]
[['LPP' 'FakeWebsite' 4 9 0.8977838082315694 0.900398406374502
  0.9179528838342811 0.9090909090909091]]
[['LPP' 'FakeWebsite' 4 20 0.89280868385346 0.8976 0.9114541023558083
  0.9044740024183796]]
[['LPP' 'FakeWebsite' 4 94 0.8914518317503393 0.8992747784045125
  0.9065800162469537 0.9029126213592233]]
[['LPP' 'FakeWebsite' 6 9 0.9014020805065581 0.8972549019607843
  0.9293257514216084 0.9130087789305666]]
[['LPP' 'FakeWebsite' 6 20 0.9018543645409317 0.901743264659271
  0.9244516653127539 0.9129562775772162]]
[['LPP' 'FakeWebsite' 6 94 0.8964269561284487 0.9059967585089141
  0.9082047116165719 0.9070993914807303]]
[['LPP' 'FakeWebsite' 8 9 0.9122568973315242 0.9111816019032514
  0.9333874898456539 0.9221508828250401]]
[['LPP' 'FakeWebsite' 8 20 0.911352329262777 0.9110405083399523
  0.9317627944760357 0.921285140562249]]
[['LPP' 'FakeWebsite' 8 94 0.9140660334690185 0.9127676447264076
  0.9350121852152722 0.9237560192616372]]
[['LPP' 'FakeWebsite' 10 9 0.9222071460877431 0.9192399049881235
  0.9431356620633631 0.9310344827586206]]
[['LPP' 'FakeWebsite' 10 20 0.9194934418815016 0.9155485398579322
  0.942323314378554 0.9287429943955163]]
[['LPP' 'FakeWebsite' 10 94 0.9176843057440073 0.913317572892041
  0.9415109666937449 0.9272]]
[['LPP' 'FakeWebsite' 12 9 0.942107643600181 0.9332285938727416
  0.9650690495532088 0.9488817891373802]]
[['LPP' 'FakeWebsite' 12 20 0.9380370872908186 0.9280125195618153
  0.9634443541835905 0.9453965723395775]]
[['LPP' 'FakeWebsite' 12 94 0.9416553595658074 0.9284603421461898
  0.9699431356620634 0.9487485101311085]]
[['LPP' 'FakeWebsite' 14 9 0.9502487562189055 0.9416863672182821
  0.9707554833468724 0.956]]
[['LPP' 'FakeWebsite' 14 20 0.9484396200814111 0.9408050513022889
  0.9683184402924452 0.9543634907926342]]
[['LPP' 'FakeWebsite' 14 94 0.9493441881501583 0.9402045633359559
  0.9707554833468724 0.9552358113509192]]
[['LPP' 'Glass' 2 5 0.5581395348837209 0.6414696111002541
  0.5581395348837209 0.49771533792539047]]
[['LPP' 'Glass' 2 13 0.6046511627906976 0.6788825689394485
  0.6046511627906976 0.5626321353065539]]
[['LPP' 'Grade' 2 6 0.96 0.9623480017006805 0.96 0.9598995742578021]]
[['LPP' 'Grade' 2 9 0.96 0.9623480017006805 0.96 0.9598995742578021]]
[['LPP' 'Grade' 2 28 0.955 0.9591326530612244 0.955 0.9550650166826636]]
[['LPP' 'Heart' 2 6 0.5543478260869565 0.5543478260869565 1.0
  0.7132867132867133]]
[['LPP' 'Heart' 2 9 0.5543478260869565 0.5543478260869565 1.0
  0.7132867132867133]]
[['LPP' 'Heart' 2 27 0.5543478260869565 0.5543478260869565 1.0
  0.7132867132867133]]
[['LPP' 'Heart' 4 6 0.625 0.7323943661971831 0.5098039215686274
  0.6011560693641619]]
[['LPP' 'Heart' 4 9 0.6086956521739131 0.7272727272727273
  0.47058823529411764 0.5714285714285714]]
[['LPP' 'Heart' 4 27 0.6086956521739131 0.7205882352941176
  0.4803921568627451 0.5764705882352942]]
[['LPP' 'Heart' 6 6 0.7065217391304348 0.7105263157894737
  0.7941176470588235 0.7499999999999999]]
[['LPP' 'Heart' 6 9 0.7010869565217391 0.7008547008547008
  0.803921568627451 0.7488584474885844]]
[['LPP' 'Heart' 6 27 0.7119565217391305 0.7168141592920354
  0.7941176470588235 0.7534883720930233]]
/home/soyoung/.local/lib/python3.8/site-packages/umap/distances.py:1063: NumbaDeprecationWarning: [1mThe 'nopython' keyword argument was not supplied to the 'numba.jit' decorator. The implicit default value for this argument is currently False, but it will be changed to True in Numba 0.59.0. See https://numba.readthedocs.io/en/stable/reference/deprecation.html#deprecation-of-object-mode-fall-back-behaviour-when-using-jit for details.[0m
  @numba.jit()
/home/soyoung/.local/lib/python3.8/site-packages/umap/distances.py:1071: NumbaDeprecationWarning: [1mThe 'nopython' keyword argument was not supplied to the 'numba.jit' decorator. The implicit default value for this argument is currently False, but it will be changed to True in Numba 0.59.0. See https://numba.readthedocs.io/en/stable/reference/deprecation.html#deprecation-of-object-mode-fall-back-behaviour-when-using-jit for details.[0m
  @numba.jit()
/home/soyoung/.local/lib/python3.8/site-packages/umap/distances.py:1086: NumbaDeprecationWarning: [1mThe 'nopython' keyword argument was not supplied to the 'numba.jit' decorator. The implicit default value for this argument is currently False, but it will be changed to True in Numba 0.59.0. See https://numba.readthedocs.io/en/stable/reference/deprecation.html#deprecation-of-object-mode-fall-back-behaviour-when-using-jit for details.[0m
  @numba.jit()
/home/soyoung/.local/lib/python3.8/site-packages/umap/umap_.py:660: NumbaDeprecationWarning: [1mThe 'nopython' keyword argument was not supplied to the 'numba.jit' decorator. The implicit default value for this argument is currently False, but it will be changed to True in Numba 0.59.0. See https://numba.readthedocs.io/en/stable/reference/deprecation.html#deprecation-of-object-mode-fall-back-behaviour-when-using-jit for details.[0m
  @numba.jit()
[['LPP' 'Heart' 8 6 0.7228260869565217 0.717948717948718
  0.8235294117647058 0.767123287671233]]
[['LPP' 'Heart' 8 9 0.7934782608695652 0.8018867924528302
  0.8333333333333334 0.8173076923076923]]
[['LPP' 'Heart' 8 27 0.7554347826086957 0.7478260869565218
  0.8431372549019608 0.7926267281105991]]
[['LPP' 'Parkinsons' 2 5 0.8461538461538461 0.8285714285714286 1.0
  0.90625]]
[['LPP' 'Parkinsons' 2 12 0.8205128205128205 0.8055555555555556 1.0
  0.8923076923076924]]
[['LPP' 'Parkinsons' 4 5 0.8461538461538461 0.8285714285714286 1.0
  0.90625]]
[['LPP' 'Parkinsons' 4 12 0.8205128205128205 0.8055555555555556 1.0
  0.8923076923076924]]
[['LPP' 'Parkinsons' 6 5 0.8205128205128205 0.8235294117647058
  0.9655172413793104 0.888888888888889]]
[['LPP' 'Parkinsons' 6 12 0.8205128205128205 0.8055555555555556 1.0
  0.8923076923076924]]
[['LPP' 'Parkinsons' 8 5 0.8717948717948718 0.8529411764705882 1.0
  0.9206349206349206]]
[['LPP' 'Parkinsons' 8 12 0.8717948717948718 0.8529411764705882 1.0
  0.9206349206349206]]
[['LPP' 'Parkinsons' 10 5 0.8461538461538461 0.8285714285714286 1.0
  0.90625]]
[['LPP' 'Parkinsons' 10 12 0.8205128205128205 0.8055555555555556 1.0
  0.8923076923076924]]
[['LPP' 'StayHospital' 2 8 0.2945 0.5016704513862877 0.2945
  0.15468598650779652]]
[['LPP' 'StayHospital' 2 19 0.2955 0.79182025 0.2955 0.1348054805094558]]
[['LPP' 'StayHospital' 2 89 0.294 0.5148488157525927 0.294
  0.14373452476015225]]
[['LPP' 'StayHospital' 4 8 0.2955 0.79182025 0.2955 0.1348054805094558]]
[['LPP' 'StayHospital' 4 19 0.2955 0.79182025 0.2955 0.1348054805094558]]
[['LPP' 'StayHospital' 4 89 0.2955 0.79182025 0.2955 0.1348054805094558]]
[['LPP' 'StayHospital' 6 8 0.2955 0.79182025 0.2955 0.1348054805094558]]
[['LPP' 'StayHospital' 6 19 0.2955 0.79182025 0.2955 0.1348054805094558]]
[['LPP' 'StayHospital' 6 89 0.2955 0.79182025 0.2955 0.1348054805094558]]
[['LPP' 'StayHospital' 8 8 0.2955 0.79182025 0.2955 0.1348054805094558]]
[['LPP' 'StayHospital' 8 19 0.297 0.547941855187823 0.297
  0.14397486192301878]]
[['LPP' 'StayHospital' 8 89 0.2955 0.79182025 0.2955 0.1348054805094558]]
[['LPP' 'StayHospital' 10 8 0.297 0.5563986137943724 0.297
  0.14480254127213066]]
[['LPP' 'StayHospital' 10 19 0.297 0.5510601927669738 0.297
  0.14392687768301654]]
[['LPP' 'StayHospital' 10 89 0.2955 0.5299393088185222 0.2955
  0.14103741659963323]]
[['LPP' 'StayHospital' 12 8 0.297 0.4311234228831854 0.297
  0.15712192518245838]]
[['LPP' 'StayHospital' 12 19 0.297 0.6894654200819672 0.297
  0.14352982171988335]]
[['LPP' 'StayHospital' 12 89 0.296 0.5116918777943369 0.296
  0.1426906222612953]]
[['LPP' 'StayHospital' 14 8 0.299 0.44493460681199953 0.299
  0.16933695837835522]]
[['LPP' 'StayHospital' 14 19 0.304 0.5295151342674604 0.304
  0.17529183756450809]]
[['LPP' 'StayHospital' 14 89 0.298 0.35374544398837876 0.298
  0.16778522327467213]]
[['LPP' 'StayHospital' 16 8 0.3045 0.39659887762775897 0.3045
  0.1781612505230983]]
[['LPP' 'StayHospital' 16 19 0.3125 0.42418161203875493 0.3125
  0.1913077396090493]]
[['LPP' 'StayHospital' 16 89 0.3055 0.3981343580733532 0.3055
  0.17991015199815047]]
[['LPP' 'StayHospital' 18 8 0.322 0.4200561212792386 0.322
  0.22301597219834668]]
[['LPP' 'StayHospital' 18 19 0.3115 0.4164151198972441 0.3115
  0.20314578105225292]]
[['LPP' 'StayHospital' 18 89 0.3135 0.39854133246282675 0.3135
  0.19730159203509157]]
[['LPP' 'StayHospital' 20 8 0.3425 0.44088072125170163 0.3425
  0.2500270890159957]]
[['LPP' 'StayHospital' 20 19 0.32 0.42169415224760487 0.32
  0.21534189110827098]]
[['LPP' 'StayHospital' 20 89 0.3215 0.4078403286556192 0.3215
  0.22397337039284546]]
[['LPP' 'StayHospital' 22 8 0.3565 0.44028285116541216 0.3565
  0.2697506426458152]]
[['LPP' 'StayHospital' 22 19 0.3325 0.42861448904632027 0.3325
  0.23581540094466164]]
[['LPP' 'StayHospital' 22 89 0.3385 0.4228827884275694 0.3385
  0.2515240260281723]]
[['LPP' 'StayHospital' 24 8 0.3585 0.44062318760334057 0.3585
  0.27695840230204216]]
[['LPP' 'StayHospital' 24 19 0.3415 0.4188781066972243 0.3415
  0.2542393540831983]]
[['LPP' 'StayHospital' 24 89 0.3475 0.37158649138330896 0.3475
  0.27332603920259735]]
[['LPP' 'Zoo' 2 4 0.7142857142857143 0.9047619047619048
  0.7142857142857143 0.6428571428571429]]
[['LPP' 'Zoo' 2 8 0.7142857142857143 0.7582417582417582
  0.7142857142857143 0.6235827664399093]]
[['LPP' 'Zoo' 4 4 0.8095238095238095 0.8214285714285714
  0.8095238095238095 0.7573696145124716]]
[['LPP' 'Zoo' 4 8 0.8095238095238095 0.783068783068783 0.8095238095238095
  0.7680672268907562]]
[['LPP' 'Zoo' 6 4 1.0 1.0 1.0 1.0]]
[['LPP' 'Zoo' 6 8 0.9523809523809523 0.9682539682539681
  0.9523809523809523 0.9333333333333333]]
Finished python experiment_script.py
