Entered python experiment_script.py
----------pca----------
Index(['dr_name', 'dataset_name', 'n_components', 'n_neighbors',
       'fit_transform_time'],
      dtype='object')
PCA,Admission,2,None,0.003989458084106445
PCA,BankHappiness,2,None,0.03127551078796387
PCA,BankHappiness,4,None,0.03869295120239258
PCA,BankHappiness,6,None,0.027469635009765625
PCA,BankHappiness,8,None,0.03308296203613281
PCA,Credit,2,None,0.0035495758056640625
PCA,Credit,4,None,0.004668474197387695
PCA,Credit,6,None,0.004566192626953125
PCA,Credit,8,None,0.006622791290283203
PCA,Credit,10,None,0.004613161087036133
PCA,Facebook,2,None,0.00475001335144043
PCA,Facebook,4,None,0.006755352020263672
PCA,Facebook,6,None,0.0067043304443359375
PCA,Facebook,8,None,0.006697177886962891
PCA,ForestFires,2,None,0.006380796432495117
PCA,ForestFires,4,None,0.0015347003936767578
PCA,HousePrice,2,None,0.03318309783935547
PCA,HousePrice,11,None,0.05744290351867676
PCA,HousePrice,20,None,0.07025861740112305
PCA,HousePrice,29,None,0.1513047218322754
PCA,HousePrice,38,None,0.06186485290527344
PCA,HousePrice,47,None,0.06302785873413086
PCA,HousePrice,56,None,0.07999157905578613
PCA,HousePrice,65,None,0.38318896293640137
PCA,HousePrice,74,None,0.35806822776794434
PCA,HousePrice,83,None,0.2945864200592041
PCA,HousePrice,92,None,0.2480614185333252
PCA,OnlineNewsPopularity,2,None,0.17485880851745605
PCA,OnlineNewsPopularity,4,None,0.16173934936523438
PCA,OnlineNewsPopularity,6,None,0.1702861785888672
PCA,OnlineNewsPopularity,8,None,0.11995148658752441
PCA,OnlineNewsPopularity,10,None,0.13803505897521973
PCA,OnlineNewsPopularity,12,None,0.2068328857421875
PCA,OnlineNewsPopularity,14,None,0.21169590950012207
PCA,OnlineNewsPopularity,16,None,0.2361297607421875
PCA,OnlineNewsPopularity,18,None,0.24196481704711914
PCA,OnlineNewsPopularity,20,None,0.21200275421142578
PCA,OnlineNewsPopularity,22,None,0.3498961925506592
PCA,PremiumPrice,2,None,0.013002634048461914
PCA,PremiumPrice,4,None,0.007535696029663086
PCA,WineQuality,2,None,0.029711008071899414
PCA,WineQuality,4,None,0.010750532150268555
Index(['dr_name', 'dataset_name', 'n_components', 'n_neighbors',
       'transform_time'],
      dtype='object')
PCA,Admission,2,None,0.0007634162902832031
PCA,BankHappiness,2,None,0.0009245872497558594
PCA,BankHappiness,4,None,0.0008852481842041016
PCA,BankHappiness,6,None,0.0009262561798095703
PCA,BankHappiness,8,None,0.0010423660278320312
PCA,Credit,2,None,0.0007920265197753906
PCA,Credit,4,None,0.0007700920104980469
PCA,Credit,6,None,0.0007762908935546875
PCA,Credit,8,None,0.0007612705230712891
PCA,Credit,10,None,0.0007827281951904297
PCA,Facebook,2,None,0.0007779598236083984
PCA,Facebook,4,None,0.0007531642913818359
PCA,Facebook,6,None,0.0007498264312744141
PCA,Facebook,8,None,0.0007522106170654297
PCA,ForestFires,2,None,0.0006983280181884766
PCA,ForestFires,4,None,0.0006799697875976562
PCA,HousePrice,2,None,0.00205230712890625
PCA,HousePrice,11,None,0.005055427551269531
PCA,HousePrice,20,None,0.002041339874267578
PCA,HousePrice,29,None,0.002124309539794922
PCA,HousePrice,38,None,0.0021772384643554688
PCA,HousePrice,47,None,0.0021712779998779297
PCA,HousePrice,56,None,0.010341405868530273
PCA,HousePrice,65,None,0.0022602081298828125
PCA,HousePrice,74,None,0.0023086071014404297
PCA,HousePrice,83,None,0.002209901809692383
PCA,HousePrice,92,None,0.0022177696228027344
PCA,OnlineNewsPopularity,2,None,0.002450227737426758
PCA,OnlineNewsPopularity,4,None,0.0024442672729492188
PCA,OnlineNewsPopularity,6,None,0.0026683807373046875
PCA,OnlineNewsPopularity,8,None,0.002712726593017578
PCA,OnlineNewsPopularity,10,None,0.0026786327362060547
PCA,OnlineNewsPopularity,12,None,0.002972126007080078
PCA,OnlineNewsPopularity,14,None,0.0030291080474853516
PCA,OnlineNewsPopularity,16,None,0.002972841262817383
PCA,OnlineNewsPopularity,18,None,0.0031147003173828125
PCA,OnlineNewsPopularity,20,None,0.003111600875854492
PCA,OnlineNewsPopularity,22,None,0.0030591487884521484
PCA,PremiumPrice,2,None,0.0007140636444091797
PCA,PremiumPrice,4,None,0.000698089599609375
PCA,WineQuality,2,None,0.000728607177734375
PCA,WineQuality,4,None,0.0007040500640869141
Index(['dr_name', 'dataset_name', 'n_components', 'n_neighbors', 'RMSE', 'MAE',
       'MAE_percentage', 'R2', 'residuals_mean', 'residuals_var'],
      dtype='object')
[['PCA' 'Admission' 2 None 0.07596191665356902 0.05803619336361043
  0.09066858506111779 0.747501729483897 0.008537674485822681
  0.005769438882083948]]
[['PCA' 'BankHappiness' 2 None 0.3101801055427962 0.1740789716533226
  411425216033207.9 -0.0007007160329126627 -0.008630527447256007
  0.09617677450915219]]
[['PCA' 'BankHappiness' 4 None 0.3013912767581644 0.17109297193749937
  407960865725810.8 0.055204778137139754 -0.010078046572423434
  0.0907724742447985]]
[['PCA' 'BankHappiness' 6 None 0.3035329010090409 0.1692628563165062
  397386402656764.8 0.04173003328256075 -0.007152390055382373
  0.09211895875397487]]
[['PCA' 'BankHappiness' 8 None 0.3021352274235655 0.16657606760146682
  388086541965284.2 0.05053477883814994 -0.00531573605410121
  0.09129499310197448]]
[['PCA' 'Credit' 2 None 9104.687953796794 6109.652321221694
  1.2049189355627443 0.0001293486536888544 -302.8671069303735
  92004015.83505788]]
[['PCA' 'Credit' 4 None 9104.687954324689 6109.652321648383
  1.2049189357143493 0.00012934853774293487 -302.8671069491502
  92004015.84572592]]
[['PCA' 'Credit' 6 None 9104.687954624982 6109.652321900868
  1.2049189357780912 0.00012934847178680542 -302.86710694873693
  92004015.85180193]]
[['PCA' 'Credit' 8 None 9104.687954729827 6109.652322070478
  1.2049189358232573 0.00012934844875900353 -302.86710705658425
  92004015.85385065]]
[['PCA' 'Credit' 10 None 9104.687954814797 6109.652322198437
  1.2049189358596781 0.00012934843009637653 -302.8671071463019
  92004015.85550943]]
[['PCA' 'Facebook' 2 None 255.3285960148372 131.81201038637573
  1.5697983989552342 -0.05174711815778377 70.34392280206913
  60852.95400780247]]
[['PCA' 'Facebook' 4 None 255.4794329733617 131.82218083263925
  1.5676025943817182 -0.05299013753274506 70.6978120008073
  60880.36368756455]]
[['PCA' 'Facebook' 6 None 255.62642954153907 131.8981951830849
  1.5671117628627869 -0.05420221527024571 70.77959997441778
  60944.565361229135]]
[['PCA' 'Facebook' 8 None 255.5721177233639 131.95042242284197
  1.5718492174596037 -0.05375429948382293 70.4804892918398
  60959.19998665437]]
[['PCA' 'ForestFires' 2 None 11.359339172599284 4.978928482041842
  3064501908147591.5 -0.13896449783432785 3.476744850273174
  118.0822378171043]]
[['PCA' 'ForestFires' 4 None 11.386857626686496 4.970502637521231
  2919626116037859.5 -0.14448955629868587 3.5284546225915694
  118.34850094195167]]
[['PCA' 'HousePrice' 2 None 92606.19539353425 59920.467175295744
  0.314700444649222 -0.06401568280924308 23174.241682487012
  8066486902.853885]]
[['PCA' 'HousePrice' 11 None 92640.66156859676 60002.894731882756
  0.31538937785615373 -0.06480784093715886 23100.71450356674
  8076307753.48886]]
[['PCA' 'HousePrice' 20 None 92649.97533917353 60020.989016789994
  0.3155409986453086 -0.0650219558689864 23083.752059116785
  8078825531.948534]]
[['PCA' 'HousePrice' 29 None 92653.44959631885 60028.16014579717
  0.31560446787139673 -0.06510183132501846 23074.82488628502
  8079885017.666479]]
[['PCA' 'HousePrice' 38 None 92655.25169735652 60032.49628628257
  0.3156439295567121 -0.06514326399244941 23069.350237525065
  8080473601.518615]]
[['PCA' 'HousePrice' 47 None 92656.37954557926 60035.16419008786
  0.3156673031523825 -0.06516919511295893 23066.277363727764
  8080825579.2770195]]
[['PCA' 'HousePrice' 56 None 92657.19539833626 60036.98446770441
  0.3156830319405196 -0.06518795313166637 23064.29826146727
  8081068898.2788]]
[['PCA' 'HousePrice' 65 None 92657.88824113278 60038.25673317515
  0.31569338949242143 -0.06520388304528635 23063.256136318734
  8081245969.592676]]
[['PCA' 'HousePrice' 74 None 92658.42586849524 60039.286422435296
  0.3157022571936634 -0.06521624431158402 23062.197317126065
  8081394949.434173]]
[['PCA' 'HousePrice' 83 None 92658.77522560021 60039.977544786154
  0.31570826970394483 -0.06522427685824872 23061.446571529057
  8081494659.911855]]
[['PCA' 'HousePrice' 92 None 92659.09538245514 60040.45328013878
  0.31571202165107976 -0.06523163804865129 23061.150573860206
  8081567893.680284]]
[['PCA' 'OnlineNewsPopularity' 2 None 7053.020002339531 2195.862789613257
  0.6740654069686736 -0.05966360950123728 1699.3785727035397
  46863113.963581994]]
[['PCA' 'OnlineNewsPopularity' 4 None 7037.91520319144 2178.8037735245316
  0.6631880738603644 -0.055129702978614414 1679.5761767866268
  46717166.21039867]]
[['PCA' 'OnlineNewsPopularity' 6 None 7033.674234096025
  2172.8078191069635 0.6544389579761951 -0.05385846736156563
  1677.8749670277919 46663193.95617904]]
[['PCA' 'OnlineNewsPopularity' 8 None 7035.923445957589
  2174.0168325293002 0.653843239803486 -0.05453257590823268
  1681.1107973988726 46683972.97465133]]
[['PCA' 'OnlineNewsPopularity' 10 None 7038.255689130673
  2173.6636602512335 0.6516819906058067 -0.055231797280056893
  1686.444088045152 46698839.108791105]]
[['PCA' 'OnlineNewsPopularity' 12 None 7039.658524512468
  2172.1646159846755 0.6480086435542286 -0.05565248788631605
  1688.3871258609345 46712032.3442031]]
[['PCA' 'OnlineNewsPopularity' 14 None 7038.828663724177
  2168.8453578442773 0.6439717988273654 -0.055403614175458804
  1688.3685754364672 46700410.334218845]]
[['PCA' 'OnlineNewsPopularity' 16 None 7040.1400215968015
  2169.9855519211874 0.6440757216949096 -0.05579690141895988
  1691.3265963241233 46708876.75951048]]
[['PCA' 'OnlineNewsPopularity' 18 None 7041.127543490661
  2170.580591054545 0.6438891504158314 -0.05609311589107602
  1693.6057122794239 46715068.44718353]]
[['PCA' 'OnlineNewsPopularity' 20 None 7041.350255601108
  2170.676674070765 0.6447171554816322 -0.05615992577202178
  1694.5870774107993 46714879.70746859]]
[['PCA' 'OnlineNewsPopularity' 22 None 7041.763154921981
  2171.1385812614394 0.6447565497966755 -0.056283794202415915
  1695.3599840096451 46718074.905954294]]
[['PCA' 'PremiumPrice' 2 None 5874.323069270407 4495.492534436815
  0.20132815670587398 -0.017924341340147087 1179.2080898503114
  33285247.111638714]]
[['PCA' 'PremiumPrice' 4 None 5896.407115761341 4514.209928574706
  0.20190758962025218 -0.0255923377652032 1211.2199907146035
  33469601.399802383]]
[['PCA' 'WineQuality' 2 None 0.7991392187689249 0.5995921357035958
  0.1074078672797223 0.10624500799713643 -0.0025435710151590304
  0.6392693368709669]]
[['PCA' 'WineQuality' 4 None 0.7230702089316582 0.5392048481643428
  0.09473122067013905 0.26829751783110567 0.05422158993422809
  0.5204215886668914]]
----------kpca----------
Index(['dr_name', 'dataset_name', 'n_components', 'n_neighbors',
       'fit_transform_time'],
      dtype='object')
KPCA,Admission,2,None,0.01116323471069336
KPCA,BankHappiness,2,None,2.010064125061035
KPCA,BankHappiness,4,None,2.2224361896514893
KPCA,BankHappiness,6,None,2.21287202835083
KPCA,BankHappiness,8,None,2.0917367935180664
KPCA,Credit,2,None,0.014670848846435547
KPCA,Credit,4,None,0.007811069488525391
KPCA,Credit,6,None,0.010416984558105469
KPCA,Credit,8,None,0.007740974426269531
KPCA,Credit,10,None,0.008542299270629883
KPCA,Facebook,2,None,0.016932964324951172
KPCA,Facebook,4,None,0.007765293121337891
KPCA,Facebook,6,None,0.026375532150268555
KPCA,Facebook,8,None,0.02078866958618164
KPCA,ForestFires,2,None,0.009824514389038086
KPCA,ForestFires,4,None,0.02957010269165039
KPCA,HousePrice,2,None,0.11123514175415039
KPCA,HousePrice,11,None,0.1525132656097412
KPCA,HousePrice,20,None,0.1317145824432373
KPCA,HousePrice,29,None,0.17708778381347656
KPCA,HousePrice,38,None,0.201981782913208
KPCA,HousePrice,47,None,0.1857163906097412
KPCA,HousePrice,56,None,0.21928715705871582
KPCA,HousePrice,65,None,0.19594979286193848
KPCA,HousePrice,74,None,0.21799111366271973
KPCA,HousePrice,83,None,0.2072763442993164
KPCA,HousePrice,92,None,0.19414854049682617
KPCA,OnlineNewsPopularity,2,None,33.09918451309204
KPCA,OnlineNewsPopularity,4,None,37.085588216781616
KPCA,OnlineNewsPopularity,6,None,36.432435750961304
KPCA,OnlineNewsPopularity,8,None,38.56385588645935
** fit_transform took too long **
KPCA,PremiumPrice,2,None,0.039241790771484375
KPCA,PremiumPrice,4,None,0.03300142288208008
KPCA,WineQuality,2,None,0.47240519523620605
KPCA,WineQuality,4,None,0.5838665962219238
Index(['dr_name', 'dataset_name', 'n_components', 'n_neighbors',
       'transform_time'],
      dtype='object')
KPCA,Admission,2,None,0.01688528060913086
KPCA,BankHappiness,2,None,0.2914316654205322
KPCA,BankHappiness,4,None,0.27649879455566406
KPCA,BankHappiness,6,None,0.28761720657348633
KPCA,BankHappiness,8,None,0.29407763481140137
KPCA,Credit,2,None,0.004312038421630859
KPCA,Credit,4,None,0.002164125442504883
KPCA,Credit,6,None,0.00237274169921875
KPCA,Credit,8,None,0.002094745635986328
KPCA,Credit,10,None,0.0018291473388671875
KPCA,Facebook,2,None,0.004769086837768555
KPCA,Facebook,4,None,0.0032186508178710938
KPCA,Facebook,6,None,0.0029573440551757812
KPCA,Facebook,8,None,0.002995014190673828
KPCA,ForestFires,2,None,0.003636598587036133
KPCA,ForestFires,4,None,0.0029706954956054688
KPCA,HousePrice,2,None,0.06638622283935547
KPCA,HousePrice,11,None,0.029102802276611328
KPCA,HousePrice,20,None,0.021402359008789062
KPCA,HousePrice,29,None,0.017949819564819336
KPCA,HousePrice,38,None,0.03487253189086914
KPCA,HousePrice,47,None,0.024267196655273438
KPCA,HousePrice,56,None,0.023136377334594727
KPCA,HousePrice,65,None,0.018258333206176758
KPCA,HousePrice,74,None,0.019745349884033203
KPCA,HousePrice,83,None,0.025725126266479492
KPCA,HousePrice,92,None,0.0247957706451416
KPCA,OnlineNewsPopularity,2,None,3.2466835975646973
KPCA,OnlineNewsPopularity,4,None,3.230194330215454
KPCA,OnlineNewsPopularity,6,None,3.2991652488708496
KPCA,OnlineNewsPopularity,8,None,3.3015358448028564
KPCA,PremiumPrice,2,None,0.012140035629272461
KPCA,PremiumPrice,4,None,0.0033600330352783203
KPCA,WineQuality,2,None,0.06855010986328125
KPCA,WineQuality,4,None,0.10317611694335938
Index(['dr_name', 'dataset_name', 'n_components', 'n_neighbors', 'RMSE', 'MAE',
       'MAE_percentage', 'R2', 'residuals_mean', 'residuals_var'],
      dtype='object')
[['KPCA' 'Admission' 2 None 0.0775274539806888 0.059067242908542705
  0.09258899936075779 0.7369867528581202 0.009453702680196812
  0.005996084684923807]]
[['KPCA' 'BankHappiness' 2 None 0.3101984799582005 0.17407029470167867
  411354647207974.7 -0.0008192783451650421 -0.008607865545062078
  0.09618856910951452]]
[['KPCA' 'BankHappiness' 4 None 0.31018003202337563 0.17399628040212553
  411009094542605.6 -0.0007002416573691495 -0.00852842363448984
  0.09617848159717923]]
[['KPCA' 'BankHappiness' 6 None 0.3100356706115476 0.17356552561104688
  409053618479376.56 0.00023101675725156756 -0.008090772605768407
  0.09609618593844486]]
[['KPCA' 'BankHappiness' 8 None 0.309683525560795 0.17145031153717685
  398985943587323.4 0.0025008443417028348 -0.005735040891799204
  0.09591044839422255]]
[['KPCA' 'Credit' 2 None 9110.396306798064 6116.053444235013
  1.206529017014209 -0.0011248192892217013 -305.37574039168555
  92117851.69344448]]
[['KPCA' 'Credit' 4 None 9110.393553737224 6116.004157716073
  1.206512544700124 -0.0011242142316529868 -305.293596193453
  92117851.69344449]]
[['KPCA' 'Credit' 6 None 9110.403376476439 6116.179948134801
  1.2065712965668163 -0.0011263730379265091 -305.58658022467387
  92117851.69344433]]
[['KPCA' 'Credit' 8 None 9110.393764481018 6116.007931013357
  1.2065138057942195 -0.0011242605481411871 -305.2998850222628
  92117851.69344443]]
[['KPCA' 'Credit' 10 None 9110.381732616048 6115.792380026123
  1.2064417653328638 -0.0011216162312699396 -304.9406333768802
  92117851.6934443]]
[['KPCA' 'Facebook' 2 None 251.22514387071575 131.34540503093314
  1.53772613223644 -0.018212967174826566 67.11896744007616
  59201.12840670693]]
[['KPCA' 'Facebook' 4 None 251.0590104291841 129.37599917878833
  1.4292901235857562 -0.01686673813155659 68.3462912032773
  58948.90019842221]]
[['KPCA' 'Facebook' 6 None 249.66044698216243 128.34418552952528
  1.428057816131197 -0.005569063642685279 67.40019846508784
  58371.26468100999]]
[['KPCA' 'Facebook' 8 None 248.9252661305928 127.18685087536507
  1.429441074513978 0.0003444613007461683 67.00251203385767
  58055.00151448405]]
[['KPCA' 'ForestFires' 2 None 11.334388204695179 4.798990231529061
  2172805206986672.5 -0.1339664859584071 3.744096680734763
  115.56126200082124]]
[['KPCA' 'ForestFires' 4 None 11.375173283104603 4.943103845649596
  2856650584251667.5 -0.14214198181360205 3.5064314710130016
  118.23639396323905]]
[['KPCA' 'HousePrice' 2 None 92601.97598587006 59913.012313415325
  0.31460395472349145 -0.06391872571841173 23201.348824054687
  8064441318.95464]]
[['KPCA' 'HousePrice' 11 None 92639.87559389252 60003.247351548605
  0.3153909547312585 -0.06478977309387157 23101.623311894895
  8076119493.879386]]
[['KPCA' 'HousePrice' 20 None 92649.27049648037 60021.490218918436
  0.3155460099622866 -0.0650057514375122 23083.023235599252
  8078728239.366852]]
[['KPCA' 'HousePrice' 29 None 92652.61632545934 60028.5337433098
  0.31560944889756415 -0.06508267360706155 23073.697160518608
  8079782298.621496]]
[['KPCA' 'HousePrice' 38 None 92654.344667764 60032.91675125213
  0.31565005356241443 -0.0651224100912573 23067.895320920026
  8080372299.149684]]
[['KPCA' 'HousePrice' 47 None 92655.51222081762 60035.559861985304
  0.31567323787586016 -0.0651492538353291 23064.755146287138
  8080734764.13615]]
[['KPCA' 'HousePrice' 56 None 92656.269419855 60037.347617271036
  0.31568882807661575 -0.06516666312412167 23062.662506404813
  8080972424.016374]]
[['KPCA' 'HousePrice' 65 None 92657.06159149119 60038.69120291105
  0.3156997156552478 -0.06518487664449446 23061.58160122251
  8081169755.708961]]
[['KPCA' 'HousePrice' 74 None 92657.51727875273 60039.63334994135
  0.31570812429733364 -0.06519535382485664 23060.486071972733
  8081305193.102818]]
[['KPCA' 'HousePrice' 83 None 92657.86509085793 60040.2898260514
  0.3157136701783655 -0.06520335076983619 23059.81152443315
  8081401086.77233]]
[['KPCA' 'HousePrice' 92 None 92658.17459412782 60040.84052720088
  0.31571858816797693 -0.06521046693791255 23059.2253373187
  8081485767.078768]]
[['KPCA' 'OnlineNewsPopularity' 2 None 7040.452827666414
  2185.2674174046124 0.6750060640469501 -0.05589072540968876
  1679.5303882388628 46753050.15595128]]
[['KPCA' 'OnlineNewsPopularity' 4 None 7041.990019547979
  2183.8339133324203 0.6707823933850549 -0.05635185593149816
  1684.2838097287297 46758708.659718655]]
[['KPCA' 'OnlineNewsPopularity' 6 None 7040.199396019222
  2179.516086307862 0.6623891216006751 -0.055814710040767324
  1682.7512350110526 46738650.463071935]]
[['KPCA' 'OnlineNewsPopularity' 8 None 7041.08030154638 2177.273943649008
  0.656646200322707 -0.056078944375376194 1685.628479075857
  46741363.43180435]]
[['KPCA' 'PremiumPrice' 2 None 5966.330475000484 4570.323713402762
  0.20370341935225328 -0.05006082119686339 1305.9581760468116
  34063611.018825]]
[['KPCA' 'PremiumPrice' 4 None 5965.826723103411 4569.909292626769
  0.20371374147686827 -0.04988351026787141 1303.3347033444627
  34064449.8169962]]
[['KPCA' 'WineQuality' 2 None 0.8101825203644194 0.6070162728812313
  0.10969055744407019 0.08137273923210564 -0.037811874100898174
  0.6556349937807973]]
[['KPCA' 'WineQuality' 4 None 0.7596348504064966 0.5708607236420506
  0.10165081396293656 0.19242409440898967 0.006738583187807129
  0.5775890740549]]
----------ica----------
Index(['dr_name', 'dataset_name', 'n_components', 'n_neighbors',
       'fit_transform_time'],
      dtype='object')
ICA,Admission,2,None,0.007125139236450195
ICA,BankHappiness,2,None,0.04356551170349121
ICA,BankHappiness,4,None,0.03879117965698242
ICA,BankHappiness,6,None,0.2229158878326416
ICA,BankHappiness,8,None,0.06030559539794922
ICA,Credit,2,None,0.005687713623046875
ICA,Credit,4,None,0.011217594146728516
ICA,Credit,6,None,0.05917215347290039
ICA,Credit,8,None,0.029935598373413086
ICA,Credit,10,None,0.03335905075073242
ICA,Facebook,2,None,0.002426624298095703
ICA,Facebook,4,None,0.0022792816162109375
ICA,Facebook,6,None,0.003235340118408203
ICA,Facebook,8,None,0.0035626888275146484
ICA,ForestFires,2,None,0.002030611038208008
ICA,ForestFires,4,None,0.003568410873413086
ICA,HousePrice,2,None,0.06544017791748047
ICA,HousePrice,11,None,0.12000226974487305
ICA,HousePrice,20,None,0.26111888885498047
ICA,HousePrice,29,None,0.46434569358825684
ICA,HousePrice,38,None,0.4565730094909668
ICA,HousePrice,47,None,0.7446403503417969
ICA,HousePrice,56,None,1.6063919067382812
ICA,HousePrice,65,None,1.4116933345794678
ICA,HousePrice,74,None,1.6680471897125244
ICA,HousePrice,83,None,1.0607554912567139
ICA,HousePrice,92,None,1.6617703437805176
ICA,OnlineNewsPopularity,2,None,0.25122809410095215
ICA,OnlineNewsPopularity,4,None,0.3380765914916992
ICA,OnlineNewsPopularity,6,None,0.29926061630249023
ICA,OnlineNewsPopularity,8,None,0.286923885345459
ICA,OnlineNewsPopularity,10,None,0.3680140972137451
ICA,OnlineNewsPopularity,12,None,0.39675188064575195
ICA,OnlineNewsPopularity,14,None,0.6696369647979736
ICA,OnlineNewsPopularity,16,None,0.44361329078674316
ICA,OnlineNewsPopularity,18,None,0.5264356136322021
ICA,OnlineNewsPopularity,20,None,0.7320983409881592
ICA,OnlineNewsPopularity,22,None,0.5744714736938477
ICA,PremiumPrice,2,None,0.006113767623901367
ICA,PremiumPrice,4,None,0.004118919372558594
ICA,WineQuality,2,None,0.023981332778930664
ICA,WineQuality,4,None,0.021822690963745117
Index(['dr_name', 'dataset_name', 'n_components', 'n_neighbors',
       'transform_time'],
      dtype='object')
ICA,Admission,2,None,0.0011324882507324219
ICA,BankHappiness,2,None,0.0007643699645996094
ICA,BankHappiness,4,None,0.0007064342498779297
ICA,BankHappiness,6,None,0.0009813308715820312
ICA,BankHappiness,8,None,0.0010349750518798828
ICA,Credit,2,None,0.0008492469787597656
ICA,Credit,4,None,0.000823974609375
ICA,Credit,6,None,0.0008189678192138672
ICA,Credit,8,None,0.0008206367492675781
ICA,Credit,10,None,0.0008256435394287109
ICA,Facebook,2,None,0.0008289813995361328
ICA,Facebook,4,None,0.0008087158203125
ICA,Facebook,6,None,0.0008111000061035156
ICA,Facebook,8,None,0.0008118152618408203
ICA,ForestFires,2,None,0.0007081031799316406
ICA,ForestFires,4,None,0.0007047653198242188
ICA,HousePrice,2,None,0.013664007186889648
ICA,HousePrice,11,None,0.006905317306518555
ICA,HousePrice,20,None,0.005385398864746094
ICA,HousePrice,29,None,0.005316495895385742
ICA,HousePrice,38,None,0.005313396453857422
ICA,HousePrice,47,None,0.005274772644042969
ICA,HousePrice,56,None,0.005409955978393555
ICA,HousePrice,65,None,0.005448818206787109
ICA,HousePrice,74,None,0.0054209232330322266
ICA,HousePrice,83,None,0.005391359329223633
ICA,HousePrice,92,None,0.0053882598876953125
ICA,OnlineNewsPopularity,2,None,0.005961179733276367
ICA,OnlineNewsPopularity,4,None,0.006324052810668945
ICA,OnlineNewsPopularity,6,None,0.006249189376831055
ICA,OnlineNewsPopularity,8,None,0.0032775402069091797
ICA,OnlineNewsPopularity,10,None,0.0028638839721679688
ICA,OnlineNewsPopularity,12,None,0.0030617713928222656
ICA,OnlineNewsPopularity,14,None,0.0050466060638427734
ICA,OnlineNewsPopularity,16,None,0.006567716598510742
ICA,OnlineNewsPopularity,18,None,0.006754398345947266
ICA,OnlineNewsPopularity,20,None,0.0066335201263427734
ICA,OnlineNewsPopularity,22,None,0.006928682327270508
ICA,PremiumPrice,2,None,0.0007426738739013672
ICA,PremiumPrice,4,None,0.0007047653198242188
ICA,WineQuality,2,None,0.0007288455963134766
ICA,WineQuality,4,None,0.0007185935974121094
Index(['dr_name', 'dataset_name', 'n_components', 'n_neighbors', 'RMSE', 'MAE',
       'MAE_percentage', 'R2', 'residuals_mean', 'residuals_var'],
      dtype='object')
[['ICA' 'Admission' 2 None 0.078007094667981 0.06056859087969675
  0.09481311720268325 0.7337223070067475 0.011481535833198851
  0.006028639142734503]]
[['ICA' 'BankHappiness' 2 None 0.3101743502260428 0.174050013519683
  411287725639722.56 -0.0006635808584667391 -0.008598427580690682
  0.09617375597823452]]
[['ICA' 'BankHappiness' 4 None 0.3003899371390508 0.171088024107055
  409333698592184.4 0.06147230721590424 -0.010692654665751812
  0.0901568678004252]]
[['ICA' 'BankHappiness' 6 None 0.3038033991534791 0.16938505533397435
  397544206629847.25 0.040021317379530186 -0.007028718545620143
  0.09228506422337132]]
[['ICA' 'BankHappiness' 8 None 0.3028503353123523 0.166572601260641
  387466741153008.44 0.046034981944217734 -0.004975514663686734
  0.09173130383199887]]
[['ICA' 'Credit' 2 None 9107.55370927253 6113.3100106251 1.20599105290654
  -0.0005001810473272972 -304.74163915719873 92060741.22294173]]
[['ICA' 'Credit' 4 None 9108.781070080515 6114.579239338861
  1.2062934163572283 -0.0007698599298349151 -305.23267034882394
  92085250.66623205]]
[['ICA' 'Credit' 6 None 9109.428269566213 6114.926229225414
  1.2062962461190838 -0.0009120789037810884 -304.9799172794195
  92098522.94269815]]
[['ICA' 'Credit' 8 None 9109.583507490073 6115.25169620273
  1.2063598877076838 -0.0009461931933816281 -305.12086851908117
  92101569.9283659]]
[['ICA' 'Credit' 10 None 9109.807334821773 6115.432735863049
  1.2063833033825553 -0.0009953813626966124 -305.02797838683
  92106164.01108207]]
[['ICA' 'Facebook' 2 None 242.46827433510705 124.41192120462644
  1.455147829870601 0.051532924852124795 60.877992832983466
  55641.14550269896]]
[['ICA' 'Facebook' 4 None 246.35165657447698 125.81808850496652
  1.4696600318492608 0.020908251741856954 65.12876653355856
  57017.558047279075]]
[['ICA' 'Facebook' 6 None 250.75548058011978 128.75675461455958
  1.5019459080153175 -0.014409444694818863 67.52850126476257
  58907.285412022]]
[['ICA' 'Facebook' 8 None 253.54763359615836 129.64622199792487
  1.4911396602901192 -0.037126042097544554 70.17333092775624
  59961.72336233877]]
[['ICA' 'ForestFires' 2 None 11.355591522598564 4.935281119231539
  2805199770497143.0 -0.13821309211983612 3.557331029109103
  117.42393103742519]]
[['ICA' 'ForestFires' 4 None 11.301392835211646 4.952907111371688
  3242778183319830.0 -0.127373949608091 3.381013219745986
  117.41926097924566]]
[['ICA' 'HousePrice' 2 None 92613.38982824075 59949.12948564843
  0.3149519486946666 -0.0641810127566933 23140.470918480027
  8069393490.362238]]
[['ICA' 'HousePrice' 11 None 92662.19355800902 60048.963576406524
  0.31578271789097623 -0.06530287400840362 23053.393324978617
  8082502975.897739]]
[['ICA' 'HousePrice' 20 None 92672.43272545894 60063.83197321263
  0.3158996249166668 -0.0655383188376153 23042.82130046807
  8084896174.366556]]
[['ICA' 'HousePrice' 29 None 92675.63677688836 60070.17730656459
  0.3159587251532785 -0.0656119998340361 23033.22377403777
  8085935815.589136]]
[['ICA' 'HousePrice' 38 None 92677.03637437262 60073.64849668662
  0.3159914401430355 -0.06564418605228894 23028.10623057206
  8086432657.094569]]
[['ICA' 'HousePrice' 47 None 92677.84050007047 60075.52526969693
  0.3160080432009703 -0.06566267856404484 23025.992122365114
  8086679915.838097]]
[['ICA' 'HousePrice' 56 None 92678.5753247339 60076.69121534428
  0.316016493606336 -0.0656795774973673 23025.53424515061
  8086837746.765464]]
[['ICA' 'HousePrice' 65 None 92679.20826882224 60077.46156216872
  0.31602121734131006 -0.06569413356687037 23025.6315535929
  8086950974.477745]]
[['ICA' 'HousePrice' 74 None 92679.55692772001 60078.22175173983
  0.31602740096596293 -0.06570215185808825 23024.803438180894
  8087054089.669674]]
[['ICA' 'HousePrice' 83 None 92679.91492739087 60078.32036767863
  0.31602678083034696 -0.06571038499534332 23025.333330100235
  8087096190.88648]]
[['ICA' 'HousePrice' 92 None 92680.37805739671 60078.58225382331
  0.31602688680589797 -0.06572103592635448 23026.08690853872
  8087147509.190312]]
[['ICA' 'OnlineNewsPopularity' 2 None 7053.185773115175
  2195.9361363289486 0.6742630489757817 -0.0597134217299673
  1699.1526290954384 46866220.6284672]]
[['ICA' 'OnlineNewsPopularity' 4 None 7038.359227938376
  2178.7368373796044 0.66251922784875 -0.05526284424697625
  1680.0843095489722 46721709.84406721]]
[['ICA' 'OnlineNewsPopularity' 6 None 7034.220233955693
  2172.5067117116623 0.6526813061216161 -0.05402208850452794
  1679.6494743036283 46664917.29038021]]
[['ICA' 'OnlineNewsPopularity' 8 None 7037.686790320471 2174.479685775838
  0.6516916774677248 -0.055061216420627446 1685.2818340580734
  46694749.60799336]]
[['ICA' 'OnlineNewsPopularity' 10 None 7040.165700698094
  2174.476102962245 0.6513609363696 -0.05580460352855954
  1689.842462529296 46714257.114940345]]
[['ICA' 'OnlineNewsPopularity' 12 None 7042.310901077387
  2173.041739668667 0.6475469117322529 -0.056448127445926755
  1691.3371148197205 46739416.334351584]]
[['ICA' 'OnlineNewsPopularity' 14 None 7041.481517078872
  2169.288151455507 0.6427913456502177 -0.05619930299364695
  1691.7391253136952 46726373.785213836]]
[['ICA' 'OnlineNewsPopularity' 16 None 7043.692487942762
  2171.622394217906 0.6442894343755352 -0.05686268398844785
  1696.22146707894 46742331.70989193]]
[['ICA' 'OnlineNewsPopularity' 18 None 7045.605582359221
  2172.826190543752 0.6436569251309089 -0.05743685802519405
  1700.8615106500883 46753524.66597846]]
[['ICA' 'OnlineNewsPopularity' 20 None 7045.842278171063
  2173.4100274229036 0.6460944263949635 -0.057507908008589625
  1701.3715531892515 46755124.97090848]]
[['ICA' 'OnlineNewsPopularity' 22 None 7046.760208143896
  2174.5878930594045 0.6462517717150122 -0.0577834695097883
  1703.062531150738 46762305.0756678]]
[['ICA' 'PremiumPrice' 2 None 5873.563926664608 4494.912673197016
  0.20131023315429006 -0.017661264285513623 1178.3765515576151
  33278253.892712086]]
[['ICA' 'PremiumPrice' 4 None 5918.863479058711 4532.723655746309
  0.20253331166970434 -0.03341911444469603 1240.3645541641527
  33664463.197911754]]
[['ICA' 'WineQuality' 2 None 0.8051502786088042 0.6015653496795054
  0.1076811114579305 0.09274893611231694 0.0025573533907757864
  0.6489225970027788]]
[['ICA' 'WineQuality' 4 None 0.7249447020079287 0.5385989219724018
  0.09449292184046805 0.26449885746326707 0.060255465447899365
  0.5224472092502157]]
----------svd----------
Index(['dr_name', 'dataset_name', 'n_components', 'n_neighbors',
       'fit_transform_time'],
      dtype='object')
SVD,Admission,2,None,0.007810831069946289
SVD,BankHappiness,2,None,0.019009113311767578
SVD,BankHappiness,4,None,0.02927994728088379
SVD,BankHappiness,6,None,0.04073023796081543
SVD,BankHappiness,8,None,0.08285260200500488
SVD,Credit,2,None,0.007988929748535156
SVD,Credit,4,None,0.006986141204833984
SVD,Credit,6,None,0.010053396224975586
SVD,Credit,8,None,0.0038666725158691406
SVD,Credit,10,None,0.014905214309692383
SVD,Facebook,2,None,0.005341529846191406
SVD,Facebook,4,None,0.005496501922607422
SVD,Facebook,6,None,0.0036039352416992188
SVD,Facebook,8,None,0.0043964385986328125
SVD,ForestFires,2,None,0.0016007423400878906
SVD,ForestFires,4,None,0.0016825199127197266
SVD,HousePrice,2,None,0.08299088478088379
SVD,HousePrice,11,None,0.09673047065734863
SVD,HousePrice,20,None,0.03819704055786133
SVD,HousePrice,29,None,0.20949125289916992
SVD,HousePrice,38,None,0.18048095703125
SVD,HousePrice,47,None,0.7288925647735596
SVD,HousePrice,56,None,0.763206958770752
SVD,HousePrice,65,None,0.9167802333831787
SVD,HousePrice,74,None,0.3171679973602295
SVD,HousePrice,83,None,1.0855412483215332
SVD,HousePrice,92,None,0.2639169692993164
SVD,OnlineNewsPopularity,2,None,0.3060746192932129
SVD,OnlineNewsPopularity,4,None,0.1687161922454834
SVD,OnlineNewsPopularity,6,None,0.12759160995483398
SVD,OnlineNewsPopularity,8,None,0.14361023902893066
SVD,OnlineNewsPopularity,10,None,0.1913619041442871
SVD,OnlineNewsPopularity,12,None,0.20213603973388672
SVD,OnlineNewsPopularity,14,None,0.2768423557281494
SVD,OnlineNewsPopularity,16,None,0.19780397415161133
SVD,OnlineNewsPopularity,18,None,0.23217487335205078
SVD,OnlineNewsPopularity,20,None,0.2902505397796631
SVD,OnlineNewsPopularity,22,None,0.2957777976989746
SVD,PremiumPrice,2,None,0.0023131370544433594
SVD,PremiumPrice,4,None,0.001955747604370117
SVD,WineQuality,2,None,0.009475469589233398
SVD,WineQuality,4,None,0.005053281784057617
Index(['dr_name', 'dataset_name', 'n_components', 'n_neighbors',
       'transform_time'],
      dtype='object')
SVD,Admission,2,None,0.0007977485656738281
SVD,BankHappiness,2,None,0.0008542537689208984
SVD,BankHappiness,4,None,0.000804901123046875
SVD,BankHappiness,6,None,0.0008311271667480469
SVD,BankHappiness,8,None,0.0008857250213623047
SVD,Credit,2,None,0.00077056884765625
SVD,Credit,4,None,0.0007369518280029297
SVD,Credit,6,None,0.0007410049438476562
SVD,Credit,8,None,0.0007567405700683594
SVD,Credit,10,None,0.0007522106170654297
SVD,Facebook,2,None,0.0007319450378417969
SVD,Facebook,4,None,0.0007262229919433594
SVD,Facebook,6,None,0.0007288455963134766
SVD,Facebook,8,None,0.0007300376892089844
SVD,ForestFires,2,None,0.0006568431854248047
SVD,ForestFires,4,None,0.0006544589996337891
SVD,HousePrice,2,None,0.0018956661224365234
SVD,HousePrice,11,None,0.0018579959869384766
SVD,HousePrice,20,None,0.0020220279693603516
SVD,HousePrice,29,None,0.0020580291748046875
SVD,HousePrice,38,None,0.002064943313598633
SVD,HousePrice,47,None,0.002081155776977539
SVD,HousePrice,56,None,0.0021545886993408203
SVD,HousePrice,65,None,0.0021767616271972656
SVD,HousePrice,74,None,0.002177715301513672
SVD,HousePrice,83,None,0.0021445751190185547
SVD,HousePrice,92,None,0.0021152496337890625
SVD,OnlineNewsPopularity,2,None,0.0017783641815185547
SVD,OnlineNewsPopularity,4,None,0.0017695426940917969
SVD,OnlineNewsPopularity,6,None,0.001964092254638672
SVD,OnlineNewsPopularity,8,None,0.002072572708129883
SVD,OnlineNewsPopularity,10,None,0.0021047592163085938
SVD,OnlineNewsPopularity,12,None,0.002413511276245117
SVD,OnlineNewsPopularity,14,None,0.0021882057189941406
SVD,OnlineNewsPopularity,16,None,0.002297639846801758
SVD,OnlineNewsPopularity,18,None,0.0025076866149902344
SVD,OnlineNewsPopularity,20,None,0.002246379852294922
SVD,OnlineNewsPopularity,22,None,0.0022895336151123047
SVD,PremiumPrice,2,None,0.0006632804870605469
SVD,PremiumPrice,4,None,0.0006558895111083984
SVD,WineQuality,2,None,0.0006864070892333984
SVD,WineQuality,4,None,0.0006849765777587891
Index(['dr_name', 'dataset_name', 'n_components', 'n_neighbors', 'RMSE', 'MAE',
       'MAE_percentage', 'R2', 'residuals_mean', 'residuals_var'],
      dtype='object')
[['SVD' 'Admission' 2 None 0.0753929762056227 0.05815507096385432
  0.09086976944224114 0.7512698939919266 0.008690409245175551
  0.0056795723020688195]]
[['SVD' 'BankHappiness' 2 None 0.31017348064073624 0.1740413538596074
  411246941542310.94 -0.000657970071331837 -0.00858897546317234
  0.09617337883509014]]
[['SVD' 'BankHappiness' 4 None 0.3069080695804063 0.1723675624124879
  406366158076035.6 0.02030036372831412 -0.00809526363730437
  0.09416576528345692]]
[['SVD' 'BankHappiness' 6 None 0.3049450380018012 0.17008884183269626
  397776210103554.5 0.03279290485482844 -0.006555727900241602
  0.09298674904457832]]
[['SVD' 'BankHappiness' 8 None 0.3020929256098227 0.16686405000956303
  388856818722893.2 0.05080062860088508 -0.005687221922288786
  0.0912653335112181]]
[['SVD' 'Credit' 2 None 9105.027877605431 6110.640922113173
  1.2052133485162493 5.4686856077346135e-05 -303.63005029346294
  92010379.38281205]]
[['SVD' 'Credit' 4 None 9105.134924924483 6110.986598222704
  1.205319320106664 3.117411220632249e-05 -303.9047880191938
  92012359.86766513]]
[['SVD' 'Credit' 6 None 9105.16463920065 6111.086490783458
  1.2053502531807134 2.4647377879327692e-05 -303.9852039738045
  92012906.78079435]]
[['SVD' 'Credit' 8 None 9105.178635229715 6111.133993721437
  1.2053650052019576 2.157314574624536e-05 -304.02356862415616
  92013164.0546274]]
[['SVD' 'Credit' 10 None 9105.186786800148 6111.16176330596
  1.2053736404656266 1.9782648589594665e-05 -304.0460262967452
  92013313.81823689]]
[['SVD' 'Facebook' 2 None 259.6452338867193 133.77694084569862
  1.5822742093921531 -0.08760983544012513 73.96727944916653
  62570.190960583954]]
[['SVD' 'Facebook' 4 None 259.6709107621974 133.8023162583662
  1.5826712610139055 -0.08782495822707004 73.97344684032383
  62582.73844306152]]
[['SVD' 'Facebook' 6 None 259.6760084134788 133.80761385935034
  1.5827492271832775 -0.08786766926241008 73.9737520152965
  62585.36702862276]]
[['SVD' 'Facebook' 8 None 259.6774335682569 133.809995129691
  1.5828191416022404 -0.08787961017347601 73.97164119762051
  62586.43010416868]]
[['SVD' 'ForestFires' 2 None 11.337853918690366 4.911016946012477
  2784892725645778.0 -0.13466005746623533 3.569554955165364
  116.92953132015683]]
[['SVD' 'ForestFires' 4 None 11.385995555544595 4.866570470453946
  2399747306234615.5 -0.144316269848058 3.706374044750591
  117.02896473838024]]
[['SVD' 'HousePrice' 2 None 92555.66636641047 59877.61161195055
  0.3144482418013004 -0.0628548747349853 23169.77186238875
  8057306564.005299]]
[['SVD' 'HousePrice' 11 None 92622.67690532829 59993.202404673226
  0.31535366992639025 -0.06439445115148201 23087.937787290004
  8073556572.182154]]
[['SVD' 'HousePrice' 20 None 92636.17810941044 60012.731075803
  0.3155044159829295 -0.06470477805110142 23075.480113077207
  8076643450.112241]]
[['SVD' 'HousePrice' 29 None 92641.3047554998 60020.45541104253
  0.31556742380980696 -0.06482262651453752 23068.5894137173
  8077915623.864996]]
[['SVD' 'HousePrice' 38 None 92643.99835200637 60024.62819852848
  0.315600879061879 -0.06488454801298249 23065.48092563012
  8078560322.791267]]
[['SVD' 'HousePrice' 47 None 92645.44753598988 60027.35110257316
  0.3156243078581516 -0.06491786319213233 23062.562134360844
  8078964864.835872]]
[['SVD' 'HousePrice' 56 None 92646.63267569491 60029.2447144844
  0.3156394819717867 -0.06494510866502279 23061.11025137466
  8079252412.765541]]
[['SVD' 'HousePrice' 65 None 92647.47175487249 60030.57253571601
  0.3156501129257546 -0.0649643986766848 23060.105515812455
  8079454922.341894]]
[['SVD' 'HousePrice' 74 None 92648.14056120829 60031.60979623021
  0.3156585218352506 -0.06497977432578961 23059.282132220524
  8079617379.528698]]
[['SVD' 'HousePrice' 83 None 92648.6209672867 60032.341145209684
  0.3156644584132381 -0.06499081878022372 23058.68044879148
  8079734546.8912]]
[['SVD' 'HousePrice' 92 None 92649.02034658888 60032.87012614359
  0.3156685275489919 -0.06500000048638044 23058.392200017388
  8079822144.114031]]
[['SVD' 'OnlineNewsPopularity' 2 None 7052.851680877031 2195.839453999682
  0.6741598361853538 -0.059613032018086765 1699.082859262441
  46861744.44063165]]
[['SVD' 'OnlineNewsPopularity' 4 None 7036.895521519249
  2182.0234089386854 0.6698316285675825 -0.054823982193769716
  1678.8504032559397 46705250.3381581]]
[['SVD' 'OnlineNewsPopularity' 6 None 7033.478843180575
  2175.3675003298267 0.6593330629890355 -0.053799917163260824
  1677.583478290866 46661423.21728114]]
[['SVD' 'OnlineNewsPopularity' 8 None 7033.978565393912 2173.082679395629
  0.6542540699656971 -0.05394966551574498 1679.015061635368
  46663648.06826612]]
[['SVD' 'OnlineNewsPopularity' 10 None 7037.535272673297
  2173.7027124757865 0.6522252321237 -0.05501578709788402
  1684.6986320936405 46694582.32159283]]
[['SVD' 'OnlineNewsPopularity' 12 None 7038.722623739284
  2172.3603002174164 0.6492485550444732 -0.05537181509477351
  1687.918094670137 46700438.50665257]]
[['SVD' 'OnlineNewsPopularity' 14 None 7038.243529755206
  2168.3357954037156 0.6430892883159159 -0.0552281512208308
  1688.637510011679 46691264.01387009]]
[['SVD' 'OnlineNewsPopularity' 16 None 7039.171103066341
  2169.3768010564227 0.6436728287165385 -0.05550630754333863
  1689.7736240125894 46700484.75069604]]
[['SVD' 'OnlineNewsPopularity' 18 None 7040.43996159373
  2170.1625166725485 0.6437638253544796 -0.05588686623905326
  1692.8561362033745 46707923.7259834]]
[['SVD' 'OnlineNewsPopularity' 20 None 7040.723034130038
  2170.6352859137087 0.6445506059439244 -0.05597177530259079
  1693.2162330292208 46710690.75156987]]
[['SVD' 'OnlineNewsPopularity' 22 None 7041.037660066981
  2170.686435436566 0.6447520080735906 -0.0560661529768236
  1694.1690565421727 46711893.810099676]]
[['SVD' 'PremiumPrice' 2 None 5959.6697047723355 4565.328486177152
  0.20356160185050906 -0.04771756859334553 1294.5185167706122
  34013671.016976655]]
[['SVD' 'PremiumPrice' 4 None 5960.269245271848 4564.935382545098
  0.20349144283779205 -0.04792837917222692 1301.283956713463
  34003202.88805306]]
[['SVD' 'WineQuality' 2 None 0.7991392187689202 0.599592135703603
  0.10740786727972268 0.10624500799714676 -0.002543571015114832
  0.6392693368709595]]
[['SVD' 'WineQuality' 4 None 0.7230702089315608 0.5392048481643263
  0.09473122067013602 0.2682975178313026 0.054221589934171116
  0.5204215886667568]]
----------lpp----------
Index(['dr_name', 'dataset_name', 'n_components', 'n_neighbors',
       'fit_transform_time'],
      dtype='object')
LPP,Admission,2,5,0.022684097290039062
LPP,Admission,2,6,0.0077495574951171875
LPP,Admission,2,17,0.004558086395263672
LPP,BankHappiness,2,8,0.8709216117858887
LPP,BankHappiness,2,19,0.7309069633483887
LPP,BankHappiness,2,87,0.8565828800201416
LPP,BankHappiness,4,8,0.7264649868011475
LPP,BankHappiness,4,19,0.7771854400634766
LPP,BankHappiness,4,87,0.8462851047515869
LPP,BankHappiness,6,8,0.7311575412750244
LPP,BankHappiness,6,19,0.7889156341552734
LPP,BankHappiness,6,87,0.8714368343353271
LPP,BankHappiness,8,8,0.7389745712280273
LPP,BankHappiness,8,19,0.7756168842315674
LPP,BankHappiness,8,87,0.8357913494110107
LPP,Credit,2,3,0.07917022705078125
LPP,Credit,2,3,0.002583742141723633
LPP,Credit,2,6,0.010140180587768555
LPP,Credit,4,3,0.002335071563720703
LPP,Credit,4,3,0.002566099166870117
LPP,Credit,4,6,0.0022950172424316406
LPP,Credit,6,3,0.002388477325439453
LPP,Credit,6,3,0.002295970916748047
LPP,Credit,6,6,0.0022950172424316406
LPP,Credit,8,3,0.0025959014892578125
LPP,Credit,8,3,0.002485513687133789
LPP,Credit,8,6,0.0022923946380615234
LPP,Credit,10,3,0.0023484230041503906
LPP,Credit,10,3,0.0023431777954101562
LPP,Credit,10,6,0.002373218536376953
LPP,Facebook,2,5,0.013284921646118164
LPP,Facebook,2,7,0.07313752174377441
LPP,Facebook,2,20,0.08218097686767578
LPP,Facebook,4,5,0.06679224967956543
LPP,Facebook,4,7,0.0816953182220459
LPP,Facebook,4,20,0.08339428901672363
LPP,Facebook,6,5,0.07191729545593262
LPP,Facebook,6,7,0.08597898483276367
LPP,Facebook,6,20,0.0794973373413086
LPP,Facebook,8,5,0.07532215118408203
LPP,Facebook,8,7,0.07720327377319336
LPP,Facebook,8,20,0.0770258903503418
LPP,ForestFires,2,6,0.010607481002807617
LPP,ForestFires,2,7,0.008024215698242188
LPP,ForestFires,2,20,0.008773088455200195
LPP,ForestFires,4,6,0.008052349090576172
LPP,ForestFires,4,7,0.019684553146362305
LPP,ForestFires,4,20,0.014767885208129883
LPP,HousePrice,2,7,0.161285400390625
LPP,HousePrice,2,10,0.14969372749328613
LPP,HousePrice,2,34,0.15678119659423828
LPP,HousePrice,11,7,0.1778573989868164
LPP,HousePrice,11,10,0.14266443252563477
LPP,HousePrice,11,34,0.15078210830688477
LPP,HousePrice,20,7,0.1587073802947998
LPP,HousePrice,20,10,0.12963271141052246
LPP,HousePrice,20,34,0.15018939971923828
LPP,HousePrice,29,7,0.14061355590820312
LPP,HousePrice,29,10,0.15848875045776367
LPP,HousePrice,29,34,0.15567564964294434
LPP,HousePrice,38,7,0.13874053955078125
LPP,HousePrice,38,10,0.13618016242980957
LPP,HousePrice,38,34,0.1358349323272705
LPP,HousePrice,47,7,0.14049434661865234
LPP,HousePrice,47,10,0.1444401741027832
LPP,HousePrice,47,34,0.15213871002197266
LPP,HousePrice,56,7,0.16995644569396973
LPP,HousePrice,56,10,0.14963269233703613
LPP,HousePrice,56,34,0.16048717498779297
LPP,HousePrice,65,7,0.1763763427734375
LPP,HousePrice,65,10,0.20210766792297363
LPP,HousePrice,65,34,0.20255112648010254
LPP,HousePrice,74,7,0.19669628143310547
LPP,HousePrice,74,10,0.17348361015319824
LPP,HousePrice,74,34,0.16171646118164062
LPP,HousePrice,83,7,0.14679336547851562
LPP,HousePrice,83,10,0.15189766883850098
LPP,HousePrice,83,34,0.2131192684173584
LPP,HousePrice,92,7,0.17559266090393066
LPP,HousePrice,92,10,0.2111804485321045
LPP,HousePrice,92,34,0.2301487922668457
LPP,OnlineNewsPopularity,2,10,22.74433183670044
LPP,OnlineNewsPopularity,2,31,22.39364242553711
LPP,OnlineNewsPopularity,2,178,22.955739736557007
LPP,OnlineNewsPopularity,4,10,22.688652753829956
LPP,OnlineNewsPopularity,4,31,22.44229507446289
LPP,OnlineNewsPopularity,4,178,21.77115797996521
LPP,OnlineNewsPopularity,6,10,20.544586896896362
LPP,OnlineNewsPopularity,6,31,21.134824991226196
LPP,OnlineNewsPopularity,6,178,23.41899085044861
LPP,OnlineNewsPopularity,8,10,21.219321489334106
LPP,OnlineNewsPopularity,8,31,20.943197011947632
LPP,OnlineNewsPopularity,8,178,22.11563205718994
LPP,OnlineNewsPopularity,10,10,21.353628396987915
LPP,OnlineNewsPopularity,10,31,20.756269931793213
LPP,OnlineNewsPopularity,10,178,22.484285354614258
LPP,OnlineNewsPopularity,12,10,20.358134746551514
LPP,OnlineNewsPopularity,12,31,20.988316297531128
LPP,OnlineNewsPopularity,12,178,22.006676197052002
LPP,OnlineNewsPopularity,14,10,20.970097541809082
LPP,OnlineNewsPopularity,14,31,20.887802362442017
LPP,OnlineNewsPopularity,14,178,22.042093753814697
LPP,OnlineNewsPopularity,16,10,20.07059907913208
LPP,OnlineNewsPopularity,16,31,20.076675176620483
LPP,OnlineNewsPopularity,16,178,21.737140893936157
LPP,OnlineNewsPopularity,18,10,19.852656841278076
LPP,OnlineNewsPopularity,18,31,20.341086626052856
LPP,OnlineNewsPopularity,18,178,22.82511019706726
LPP,OnlineNewsPopularity,20,10,20.60360836982727
LPP,OnlineNewsPopularity,20,31,20.081986665725708
LPP,OnlineNewsPopularity,20,178,21.172457218170166
LPP,OnlineNewsPopularity,22,10,19.6944420337677
LPP,OnlineNewsPopularity,22,31,20.14144802093506
LPP,OnlineNewsPopularity,22,178,22.833924770355225
LPP,PremiumPrice,2,6,0.03971290588378906
LPP,PremiumPrice,2,9,0.04042649269104004
LPP,PremiumPrice,2,28,0.046354055404663086
LPP,PremiumPrice,4,6,0.12424993515014648
LPP,PremiumPrice,4,9,0.030432701110839844
LPP,PremiumPrice,4,28,0.048426151275634766
LPP,WineQuality,2,8,0.36037230491638184
LPP,WineQuality,2,15,0.38545942306518555
LPP,WineQuality,2,62,0.47186851501464844
LPP,WineQuality,4,8,0.36723971366882324
LPP,WineQuality,4,15,0.38762640953063965
LPP,WineQuality,4,62,0.46304798126220703
Index(['dr_name', 'dataset_name', 'n_components', 'n_neighbors',
       'transform_time'],
      dtype='object')
LPP,Admission,2,5,0.0024857521057128906
LPP,Admission,2,6,0.0006723403930664062
LPP,Admission,2,17,0.0007071495056152344
LPP,BankHappiness,2,8,0.011454105377197266
LPP,BankHappiness,2,19,0.001079559326171875
LPP,BankHappiness,2,87,0.0011606216430664062
LPP,BankHappiness,4,8,0.0013813972473144531
LPP,BankHappiness,4,19,0.0011818408966064453
LPP,BankHappiness,4,87,0.0014882087707519531
LPP,BankHappiness,6,8,0.0027418136596679688
LPP,BankHappiness,6,19,0.014142274856567383
LPP,BankHappiness,6,87,0.0035648345947265625
LPP,BankHappiness,8,8,0.0012581348419189453
LPP,BankHappiness,8,19,0.0014190673828125
LPP,BankHappiness,8,87,0.012493371963500977
LPP,Credit,2,3,0.001857757568359375
LPP,Credit,2,3,0.0007054805755615234
LPP,Credit,2,6,0.0008251667022705078
LPP,Credit,4,3,0.0008335113525390625
LPP,Credit,4,3,0.0006937980651855469
LPP,Credit,4,6,0.0008234977722167969
LPP,Credit,6,3,0.0010585784912109375
LPP,Credit,6,3,0.0021059513092041016
LPP,Credit,6,6,0.0016016960144042969
LPP,Credit,8,3,0.0016586780548095703
LPP,Credit,8,3,0.000690460205078125
LPP,Credit,8,6,0.0016326904296875
LPP,Credit,10,3,0.0014786720275878906
LPP,Credit,10,3,0.0007030963897705078
LPP,Credit,10,6,0.0015385150909423828
LPP,Facebook,2,5,0.0022122859954833984
LPP,Facebook,2,7,0.0015397071838378906
LPP,Facebook,2,20,0.0015943050384521484
LPP,Facebook,4,5,0.0021505355834960938
LPP,Facebook,4,7,0.0015306472778320312
LPP,Facebook,4,20,0.0015451908111572266
LPP,Facebook,6,5,0.001615285873413086
LPP,Facebook,6,7,0.0009140968322753906
LPP,Facebook,6,20,0.0009031295776367188
LPP,Facebook,8,5,0.0009281635284423828
LPP,Facebook,8,7,0.0007784366607666016
LPP,Facebook,8,20,0.0010154247283935547
LPP,ForestFires,2,6,0.001033782958984375
LPP,ForestFires,2,7,0.0005462169647216797
LPP,ForestFires,2,20,0.0004749298095703125
LPP,ForestFires,4,6,0.0005342960357666016
LPP,ForestFires,4,7,0.0005362033843994141
LPP,ForestFires,4,20,0.0005512237548828125
LPP,HousePrice,2,7,0.008802413940429688
LPP,HousePrice,2,10,0.0013904571533203125
LPP,HousePrice,2,34,0.0013895034790039062
LPP,HousePrice,11,7,0.017525672912597656
LPP,HousePrice,11,10,0.019010543823242188
LPP,HousePrice,11,34,0.01848602294921875
LPP,HousePrice,20,7,0.018860578536987305
LPP,HousePrice,20,10,0.015032291412353516
LPP,HousePrice,20,34,0.02704930305480957
LPP,HousePrice,29,7,0.030681610107421875
LPP,HousePrice,29,10,0.0254671573638916
LPP,HousePrice,29,34,0.027220726013183594
LPP,HousePrice,38,7,0.01676630973815918
LPP,HousePrice,38,10,0.027007102966308594
LPP,HousePrice,38,34,0.019335508346557617
LPP,HousePrice,47,7,0.03054022789001465
LPP,HousePrice,47,10,0.01909804344177246
LPP,HousePrice,47,34,0.02759528160095215
LPP,HousePrice,56,7,0.030338287353515625
LPP,HousePrice,56,10,0.017717599868774414
LPP,HousePrice,56,34,0.03478431701660156
LPP,HousePrice,65,7,0.01927804946899414
LPP,HousePrice,65,10,0.023136377334594727
LPP,HousePrice,65,34,0.02290177345275879
LPP,HousePrice,74,7,0.026945829391479492
LPP,HousePrice,74,10,0.02309107780456543
LPP,HousePrice,74,34,0.018973112106323242
LPP,HousePrice,83,7,0.018866777420043945
LPP,HousePrice,83,10,0.022883892059326172
LPP,HousePrice,83,34,0.02219414710998535
LPP,HousePrice,92,7,0.016177654266357422
LPP,HousePrice,92,10,0.019173383712768555
LPP,HousePrice,92,34,0.038804054260253906
LPP,OnlineNewsPopularity,2,10,0.04927539825439453
LPP,OnlineNewsPopularity,2,31,0.009087800979614258
LPP,OnlineNewsPopularity,2,178,0.00424647331237793
LPP,OnlineNewsPopularity,4,10,0.0018362998962402344
LPP,OnlineNewsPopularity,4,31,0.0018877983093261719
LPP,OnlineNewsPopularity,4,178,0.0021066665649414062
LPP,OnlineNewsPopularity,6,10,0.013664960861206055
LPP,OnlineNewsPopularity,6,31,0.011211633682250977
LPP,OnlineNewsPopularity,6,178,0.011191606521606445
LPP,OnlineNewsPopularity,8,10,0.008541107177734375
LPP,OnlineNewsPopularity,8,31,0.010932207107543945
LPP,OnlineNewsPopularity,8,178,0.0021255016326904297
LPP,OnlineNewsPopularity,10,10,0.010943412780761719
LPP,OnlineNewsPopularity,10,31,0.0022072792053222656
LPP,OnlineNewsPopularity,10,178,0.005647897720336914
LPP,OnlineNewsPopularity,12,10,0.0029594898223876953
LPP,OnlineNewsPopularity,12,31,0.0196683406829834
LPP,OnlineNewsPopularity,12,178,0.02021050453186035
LPP,OnlineNewsPopularity,14,10,0.017171382904052734
LPP,OnlineNewsPopularity,14,31,0.0029244422912597656
LPP,OnlineNewsPopularity,14,178,0.017078638076782227
LPP,OnlineNewsPopularity,16,10,0.003843545913696289
LPP,OnlineNewsPopularity,16,31,0.0024292469024658203
LPP,OnlineNewsPopularity,16,178,0.0034799575805664062
LPP,OnlineNewsPopularity,18,10,0.015679359436035156
LPP,OnlineNewsPopularity,18,31,0.006899118423461914
LPP,OnlineNewsPopularity,18,178,0.0038444995880126953
LPP,OnlineNewsPopularity,20,10,0.022490978240966797
LPP,OnlineNewsPopularity,20,31,0.008764266967773438
LPP,OnlineNewsPopularity,20,178,0.013640880584716797
LPP,OnlineNewsPopularity,22,10,0.011092185974121094
LPP,OnlineNewsPopularity,22,31,0.03108835220336914
LPP,OnlineNewsPopularity,22,178,0.01900196075439453
LPP,PremiumPrice,2,6,0.0012400150299072266
LPP,PremiumPrice,2,9,0.0006017684936523438
LPP,PremiumPrice,2,28,0.0005953311920166016
LPP,PremiumPrice,4,6,0.00066375732421875
LPP,PremiumPrice,4,9,0.0006725788116455078
LPP,PremiumPrice,4,28,0.0006847381591796875
LPP,WineQuality,2,8,0.0030388832092285156
LPP,WineQuality,2,15,0.0013365745544433594
LPP,WineQuality,2,62,0.0006306171417236328
LPP,WineQuality,4,8,0.0035648345947265625
LPP,WineQuality,4,15,0.0021386146545410156
LPP,WineQuality,4,62,0.0006246566772460938
Index(['dr_name', 'dataset_name', 'n_components', 'n_neighbors', 'RMSE', 'MAE',
       'MAE_percentage', 'R2', 'residuals_mean', 'residuals_var'],
      dtype='object')
[['LPP' 'Admission' 2 5 0.07490654022985166 0.05945728399932254
  0.09072337699012005 0.7544691563012442 0.014936276269486126
  0.0054560986535776915]]
[['LPP' 'Admission' 2 6 0.07588535032559006 0.05980603649872478
  0.09139425984074809 0.7480104876327027 0.013815909465388207
  0.005638184343981498]]
[['LPP' 'Admission' 2 17 0.0755984086975257 0.06008293700059233
  0.09232379919982978 0.7499125563848841 0.0136201439098459
  0.005599606154403257]]
[['LPP' 'BankHappiness' 2 8 0.3101894759492164 0.17402282796003138
  411128995306579.7 -0.0007611784151468903 -0.008555122712117629
  0.09618388642917214]]
[['LPP' 'BankHappiness' 2 19 0.31018386972388756 0.1738198450581335
  410118487681494.75 -0.0007250041255539852 -0.008309350081244078
  0.09618455357668836]]
[['LPP' 'BankHappiness' 2 87 0.310184424434751 0.1738386765769386
  410212217434073.9 -0.0007285833801942143 -0.008332142934201326
  0.09618451838013896]]
[['LPP' 'BankHappiness' 4 8 0.3064671643674096 0.17309966973780622
  411361060994811.4 0.02311322168665142 -0.0095813388024629
  0.09386893408288667]]
[['LPP' 'BankHappiness' 4 19 0.30651931868475696 0.17311586248154798
  411361267469241.0 0.02278070189863113 -0.009565237751787478
  0.09390122553765094]]
[['LPP' 'BankHappiness' 4 87 0.3065307124328536 0.1730977778457124
  411292712241609.7 0.02270805135574061 -0.009552877750753213
  0.09390844974690624]]
[['LPP' 'BankHappiness' 6 8 0.3064553495314812 0.17299509455523815
  410624684620503.06 0.02318854156343475 -0.009358897182812138
  0.09386590435442829]]
[['LPP' 'BankHappiness' 6 19 0.30645455617973655 0.17298105616800208
  410688826935870.25 0.023193599096760775 -0.009401420480197613
  0.0938646198223217]]
[['LPP' 'BankHappiness' 6 87 0.30631150391410084 0.17293550748181274
  410930189812637.75 0.02410532810898991 -0.009554155815617775
  0.0937740297983069]]
[['LPP' 'BankHappiness' 8 8 0.3045830082908669 0.1723035227202806
  409894714022683.9 0.0350880715795896 -0.009680827333458136
  0.09271522924203333]]
[['LPP' 'BankHappiness' 8 19 0.3048717580897659 0.17230630041545744
  409487430862562.06 0.03325769900445452 -0.009508166931249472
  0.09289459614590874]]
[['LPP' 'BankHappiness' 8 87 0.30514743398829175 0.17225310703503388
  408772627786787.56 0.03150858293709902 -0.00924669092645161
  0.09306773890295966]]
[['LPP' 'Credit' 2 3 9104.937734879084 6111.495015801163
  1.205564808969519 7.448632330375737e-05 -305.0056189342784
  92007625.2538262]]
[['LPP' 'Credit' 2 6 9110.402820347737 6116.17 1.2065679717468742
  -0.0011262508138998317 -305.57000000000005 92117851.69344443]]
[['LPP' 'Credit' 4 3 9108.441505582485 6114.569771875699
  1.2061176168278975 -0.0006952463062632752 -306.2037584106649
  92077717.68772542]]
[['LPP' 'Credit' 4 6 9106.279716598809 6112.13207205212
  1.2054467326173293 -0.00022029452855010234 -304.5799378449863
  92035068.15377912]]
[['LPP' 'Credit' 6 3 9108.868998299598 6115.480893135567
  1.2064216961721361 -0.0007891811398930137 -306.6565833369674
  92086062.40897734]]
[['LPP' 'Credit' 6 6 9109.01133828263 6114.042347458725
  1.2059381385226697 -0.0008204591016474083 -304.52579254530303
  92090390.6695957]]
[['LPP' 'Credit' 8 3 9109.45982772457 6114.84963688277 1.2061466220450545
  -0.0009190139156534105 -304.98686910866144 92099157.06955452]]
[['LPP' 'Credit' 8 6 9109.466331834166 6114.577226136111
  1.2060103563611608 -0.0009204432186882272 -304.66120912251824
  92099509.33164024]]
[['LPP' 'Credit' 10 3 9109.88354718563 6115.167464760785
  1.2062012307947603 -0.0010121300249967824 -304.91866417386734
  92107780.94613542]]
[['LPP' 'Credit' 10 6 9110.03710019098 6115.4950003428185
  1.206307458934635 -0.0010458757288998033 -305.25514448423894
  92110661.40402447]]
[['LPP' 'Facebook' 2 5 255.87984135466925 132.06674741753986
  1.5869541456068337 -0.056293389580277964 68.93787974125438
  61335.41610956673]]
[['LPP' 'Facebook' 2 7 248.51472507061266 131.77907049280168
  1.6692014779915914 0.0036391145447675077 64.30236478143519
  58206.84288933073]]
[['LPP' 'Facebook' 2 20 248.56229135319813 130.32518991631517
  1.5761773094222875 0.0032576665721963938 66.4334875371768
  57949.297390302956]]
[['LPP' 'Facebook' 4 5 249.75198365978702 126.36025077186196
  1.3893177251906312 -0.00630657193838946 69.70145471877872
  58098.74803240865]]
[['LPP' 'Facebook' 4 7 250.32873776241365 126.39028371219223
  1.380004103424695 -0.010959680886533985 71.09833635396144
  58191.41769436587]]
[['LPP' 'Facebook' 4 20 249.9365826157914 126.01828467603255
  1.358335051426059 -0.007794702613855398 70.71589007233555
  58048.03860700775]]
[['LPP' 'Facebook' 6 5 251.30800193945444 127.47963454905376
  1.4416522113998438 -0.018884723763707312 69.70584063309988
  58885.664263064355]]
[['LPP' 'Facebook' 6 7 251.99454794780522 127.47755882773976
  1.4279789172425228 -0.024459291456023546 70.75669864431947
  59085.59777007641]]
[['LPP' 'Facebook' 6 20 252.70862534779363 127.95049722202009
  1.4265553364917236 -0.030273541969590534 70.87118069728317
  59433.25764822685]]
[['LPP' 'Facebook' 8 5 253.18932101477867 129.34850236686404
  1.4858642582928414 -0.034196787965685926 69.79324673816566
  59832.055541081]]
[['LPP' 'Facebook' 8 7 253.17884445164333 129.24173812320836
  1.4769554164760643 -0.0341112029675803 70.02946018509645
  59793.33533742769]]
[['LPP' 'Facebook' 8 20 253.85545497570206 129.9022894429533
  1.4858016210004823 -0.039645831836130796 70.02514268907328
  60140.47617403598]]
[['LPP' 'ForestFires' 2 6 11.30438051050003 4.957934842848355
  2975985135741389.5 -0.12797010134925046 3.5020317012801767
  116.6463926184249]]
[['LPP' 'ForestFires' 2 7 11.299525339110257 4.995622116834749
  3155102983771055.5 -0.1270013950856539 3.4332351526404135
  117.01733596786764]]
[['LPP' 'ForestFires' 2 20 11.316534428431869 4.974347422754129
  3053844259815314.0 -0.13039688197468347 3.4692374150839744
  117.15483199686591]]
[['LPP' 'ForestFires' 4 6 11.350414642250387 5.023057092950086
  3082866513961163.0 -0.13717553280984363 3.5093417073499373
  117.64766084014452]]
[['LPP' 'ForestFires' 4 7 11.358695406011313 5.004155697714011
  3019417600846340.5 -0.13883540467135536 3.5183108223042043
  117.77389154909481]]
[['LPP' 'ForestFires' 4 20 11.423933064531694 4.985155007749115
  2823219078757538.5 -0.15195457123353084 3.606889505877497
  118.63733839369219]]
[['LPP' 'HousePrice' 2 7 92680.72972560575 60082.66281703247
  0.31606512724026753 -0.0657291235264903 23020.939516476974
  8087450755.411858]]
[['LPP' 'HousePrice' 2 10 92679.17093955677 60082.54532350065
  0.316072627459719 -0.06569327508799572 23014.69769180875
  8087449159.896515]]
[['LPP' 'HousePrice' 2 34 92679.41238610126 60082.94954088723
  0.3160764953875307 -0.06569882775514424 23014.831237827006
  8087487899.696185]]
[['LPP' 'HousePrice' 11 7 92680.72884265905 60082.3117514695
  0.31606146281785463 -0.06572910322060777 23021.236621029453
  8087436864.836973]]
[['LPP' 'HousePrice' 11 10 92679.25606463283 60082.51865917781
  0.31607166427672956 -0.06569523275036637 23015.088099272438
  8087446960.643095]]
[['LPP' 'HousePrice' 11 34 92679.5246257109 60083.0487173946
  0.3160772359732828 -0.06570140899060473 23014.61655246164
  8087518691.611498]]
[['LPP' 'HousePrice' 20 7 92678.73167214068 60083.767123282974
  0.3160957100034755 -0.06568317307225291 23008.75342466781
  8087641974.220794]]
[['LPP' 'HousePrice' 20 10 92679.25509019644 60082.517967631415
  0.31607166270398895 -0.0656952103407733 23015.086774020336
  8087446840.613543]]
[['LPP' 'HousePrice' 20 34 92678.73167211731 60083.76712326475
  0.316095710003546 -0.06568317307171578 23008.75342456352
  8087641974.221264]]
[['LPP' 'HousePrice' 29 7 92678.73167214064 60083.767123283054
  0.31609571000347636 -0.06568317307225224 23008.753424667644
  8087641974.220794]]
[['LPP' 'HousePrice' 29 10 92679.25029911612 60082.504367526686
  0.3160714930335698 -0.06569510015794511 23015.1368752893
  8087443635.396669]]
[['LPP' 'HousePrice' 29 34 92678.73167211622 60083.76712326536
  0.31609571000355835 -0.06568317307169047 23008.753424559323
  8087641974.221253]]
[['LPP' 'HousePrice' 38 7 92678.73167214061 60083.76712328307
  0.3160957100034768 -0.06568317307225136 23008.7534246675
  8087641974.220794]]
[['LPP' 'HousePrice' 38 10 92679.18363296338 60082.57689832019
  0.3160728462033975 -0.06569356700426665 23014.64870102602
  8087453783.573695]]
[['LPP' 'HousePrice' 38 34 92678.73167212316 60083.76712326449
  0.316095710003499 -0.06568317307185012 23008.75342458742
  8087641974.221247]]
[['LPP' 'HousePrice' 47 7 92626.65642413261 59968.79031695868
  0.31503915825975837 -0.06448591619805266 23181.464559642558
  8069954009.985667]]
[['LPP' 'HousePrice' 47 10 92599.08379822283 59912.5219225971
  0.31457090805124 -0.06385226915500763 23240.708730920072
  8062069605.3704815]]
[['LPP' 'HousePrice' 47 34 92623.03360124661 59958.44223464936
  0.3149643778747602 -0.06440264927099082 23179.006689670947
  8069394916.475368]]
[['LPP' 'HousePrice' 56 7 92663.02698505615 60042.39729678007
  0.31569945296800506 -0.06532203729792374 23077.37713761877
  8081547767.933178]]
[['LPP' 'HousePrice' 56 10 92659.5424480185 60039.68833983447
  0.31568599137446335 -0.06524191722371309 23074.08927707165
  8081052046.485506]]
[['LPP' 'HousePrice' 56 34 92663.56623110405 60044.43725390916
  0.3157231310336427 -0.06533443646917036 23068.061136158303
  8082079416.2499075]]
[['LPP' 'HousePrice' 65 7 92672.34750013756 60060.715519281104
  0.31586753051815974 -0.06553635901415444 23050.050355052485
  8084545971.086642]]
[['LPP' 'HousePrice' 65 10 92671.39727078383 60059.78476772469
  0.3158640806043467 -0.0655145078630357 23048.674087397238
  8084432909.004315]]
[['LPP' 'HousePrice' 65 34 92672.03574148628 60061.36548674
  0.3158767880064806 -0.06552918989351864 23046.710842473447
  8084642459.525431]]
[['LPP' 'HousePrice' 74 7 92674.29865329174 60069.42444146238
  0.31595895381052186 -0.0655812277710186 23031.186653358694
  8085781103.393672]]
[['LPP' 'HousePrice' 74 10 92673.8185748823 60069.10175900956
  0.3159565516590423 -0.06557018779071422 23031.417763501508
  8085681133.867886]]
[['LPP' 'HousePrice' 74 34 92674.88105127872 60069.51527258856
  0.31595538145757895 -0.0655946207898177 23033.109094864867
  8085800561.104713]]
[['LPP' 'HousePrice' 83 7 92676.11377258091 60072.72709577112
  0.3159858596991174 -0.06562296913858257 23028.074508798698
  8086262528.297004]]
[['LPP' 'HousePrice' 83 10 92676.18111176479 60073.28378991002
  0.3159918229503923 -0.06562451771899269 23026.83812806943
  8086332189.742342]]
[['LPP' 'HousePrice' 83 34 92676.1359513435 60073.396457020106
  0.31599285674814126 -0.06562347917726918 23026.694809656336
  8086330413.389469]]
[['LPP' 'HousePrice' 92 7 92677.2973539236 60075.15541256191
  0.31600742902457896 -0.06565018779217269 23025.071647985777
  8086621429.437617]]
[['LPP' 'HousePrice' 92 10 92676.82033017343 60075.30543128989
  0.31601234989273014 -0.0656392177022973 23022.90625947695
  8086632761.692599]]
[['LPP' 'HousePrice' 92 34 92677.55445189978 60075.558372621614
  0.31600893758028353 -0.06565610028410851 23025.47241416755
  8086650728.633893]]
[['LPP' 'OnlineNewsPopularity' 2 10 7068.964981451007 2200.494181155501
  0.6575160432200271 -0.064460253526468 1740.3758431736849
  46947278.79183249]]
[['LPP' 'OnlineNewsPopularity' 2 31 7070.01283428961 2200.4531088409635
  0.6560425263434845 -0.06477585287388465 1743.8040232059527
  46950150.32618084]]
[['LPP' 'OnlineNewsPopularity' 2 178 7070.012834289613 2200.453108840962
  0.6560425263434765 -0.06477585287388576 1743.8040232059668
  46950150.32618084]]
[['LPP' 'OnlineNewsPopularity' 4 10 7062.933979945224 2198.582958186732
  0.6666701422238462 -0.06264470546612055 1713.708278459508
  46954162.16788523]]
[['LPP' 'OnlineNewsPopularity' 4 31 7062.796170591624 2198.624958368269
  0.6669944645248697 -0.06260323801032452 1713.3044184275782
  46953599.47263451]]
[['LPP' 'OnlineNewsPopularity' 4 178 7062.564509058995 2198.6564893719187
  0.6674709339574035 -0.06253353183401078 1712.7088059203388
  46952367.59089285]]
[['LPP' 'OnlineNewsPopularity' 6 10 7041.750327410483 2186.3101943345746
  0.663288157597059 -0.056279945882080185 1691.2391233654942
  46731851.69002075]]
[['LPP' 'OnlineNewsPopularity' 6 31 7046.464990830134 2184.2306662531514
  0.6668287556778618 -0.057694841702417454 1687.0038719689796
  46812590.77455113]]
[['LPP' 'OnlineNewsPopularity' 6 178 7045.074086770309 2183.865397122112
  0.6680338873381871 -0.05727732544264752 1684.5815108400695
  46801156.55093663]]
[['LPP' 'OnlineNewsPopularity' 8 10 7044.578259524372 2182.6557304046437
  0.662213441528843 -0.057128509844499575 1690.2558091098726
  46775017.387198836]]
[['LPP' 'OnlineNewsPopularity' 8 31 7045.024816244555 2184.0955135928893
  0.6651396344515762 -0.057262537116252954 1688.0078562660835
  46788905.123062335]]
[['LPP' 'OnlineNewsPopularity' 8 178 7042.24445262023 2181.161526674467
  0.6619502854352963 -0.056428191087553925 1682.7235425667322
  46767546.70041929]]
[['LPP' 'OnlineNewsPopularity' 10 10 7042.655697150928 2181.3070562244734
  0.6610631388806193 -0.05655157873870298 1686.011221555379
  46762263.05369911]]
/home/soyoung/.local/lib/python3.8/site-packages/umap/distances.py:1063: NumbaDeprecationWarning: [1mThe 'nopython' keyword argument was not supplied to the 'numba.jit' decorator. The implicit default value for this argument is currently False, but it will be changed to True in Numba 0.59.0. See https://numba.readthedocs.io/en/stable/reference/deprecation.html#deprecation-of-object-mode-fall-back-behaviour-when-using-jit for details.[0m
  @numba.jit()
/home/soyoung/.local/lib/python3.8/site-packages/umap/distances.py:1071: NumbaDeprecationWarning: [1mThe 'nopython' keyword argument was not supplied to the 'numba.jit' decorator. The implicit default value for this argument is currently False, but it will be changed to True in Numba 0.59.0. See https://numba.readthedocs.io/en/stable/reference/deprecation.html#deprecation-of-object-mode-fall-back-behaviour-when-using-jit for details.[0m
  @numba.jit()
/home/soyoung/.local/lib/python3.8/site-packages/umap/distances.py:1086: NumbaDeprecationWarning: [1mThe 'nopython' keyword argument was not supplied to the 'numba.jit' decorator. The implicit default value for this argument is currently False, but it will be changed to True in Numba 0.59.0. See https://numba.readthedocs.io/en/stable/reference/deprecation.html#deprecation-of-object-mode-fall-back-behaviour-when-using-jit for details.[0m
  @numba.jit()
/home/soyoung/.local/lib/python3.8/site-packages/umap/umap_.py:660: NumbaDeprecationWarning: [1mThe 'nopython' keyword argument was not supplied to the 'numba.jit' decorator. The implicit default value for this argument is currently False, but it will be changed to True in Numba 0.59.0. See https://numba.readthedocs.io/en/stable/reference/deprecation.html#deprecation-of-object-mode-fall-back-behaviour-when-using-jit for details.[0m
  @numba.jit()
[['LPP' 'OnlineNewsPopularity' 10 31 7045.251475680984 2177.1436685532512
  0.652343885562879 -0.05733056878172316 1689.2661504097564
  46787849.07985418]]
[['LPP' 'OnlineNewsPopularity' 10 178 7044.620399988058
  2176.5351362824385 0.6525489129385211 -0.05714115730675551
  1686.7890875905584 46787319.93836766]]
[['LPP' 'OnlineNewsPopularity' 12 10 7043.710751942094 2176.0462048879813
  0.6512385826542483 -0.05686816479681989 1688.5938824910409
  46768410.25661683]]
[['LPP' 'OnlineNewsPopularity' 12 31 7046.303719488854 2176.128504901792
  0.6495141039789699 -0.057646427663878175 1692.1939015317253
  46792777.37964434]]
[['LPP' 'OnlineNewsPopularity' 12 178 7038.144333087182 2166.324413590283
  0.6396024340427207 -0.055198406760150975 1688.6012949372157
  46689989.82935181]]
[['LPP' 'OnlineNewsPopularity' 14 10 7045.420984648506 2175.3981980207395
  0.6485240212625267 -0.05738144820590452 1693.0117693196416
  46777567.55436111]]
[['LPP' 'OnlineNewsPopularity' 14 31 7038.527533548789 2165.7635146292564
  0.6388626950797653 -0.05531331304941012 1688.898358054304
  46694381.23977576]]
[['LPP' 'OnlineNewsPopularity' 14 178 7041.357579014413
  2168.5222287138977 0.6401264768090152 -0.056162122708516726
  1692.9810075881653 46720424.21110091]]
[['LPP' 'OnlineNewsPopularity' 16 10 7040.297280553939 2167.931497425676
  0.6389384189040114 -0.055844069621166614 1692.4374561247082
  46707331.952106096]]
[['LPP' 'OnlineNewsPopularity' 16 31 7039.763999244769 2167.2170210609743
  0.6388248863067335 -0.05568412166437797 1691.5163114076602
  46702939.875803694]]
[['LPP' 'OnlineNewsPopularity' 16 178 7042.732984818648
  2169.2002052230287 0.6398174219655309 -0.05657476852929566
  1696.4322886733073 46728098.70091203]]
[['LPP' 'OnlineNewsPopularity' 18 10 7042.322114879056 2169.643946383703
  0.6403289683507069 -0.05645149191232823 1695.7279261994445
  46724700.45695057]]
[['LPP' 'OnlineNewsPopularity' 18 31 7042.029834494666 2169.193507724522
  0.6399801152258017 -0.05636380105258132 1695.342640677473
  46721890.053096116]]
[['LPP' 'OnlineNewsPopularity' 18 178 7043.969517485589
  2169.6594546245815 0.6387429562126132 -0.05694581877727112
  1699.3804756996524 46735506.81189561]]
[['LPP' 'OnlineNewsPopularity' 20 10 7043.160418414727 2170.65569371838
  0.6411163945286599 -0.05670302250638404 1697.2029601305057
  46731504.53670261]]
[['LPP' 'OnlineNewsPopularity' 20 31 7044.075831442964 2171.111658259155
  0.6411116601096903 -0.05697772378209143 1698.4045532045236
  46740321.14977262]]
[['LPP' 'OnlineNewsPopularity' 20 178 7044.644906833588 2170.976125398584
  0.6432762152502807 -0.05714851249089237 1700.292676154614
  46741921.73765603]]
[['LPP' 'OnlineNewsPopularity' 22 10 7043.876377837532 2171.2049746658504
  0.6412785328732902 -0.056917867801477895 1698.6009164817362
  46736843.77122002]]
[['LPP' 'OnlineNewsPopularity' 22 31 7044.859559063534 2171.8107840250773
  0.6427768884550221 -0.05721293667287397 1700.2210054055245
  46745190.21078888]]
[['LPP' 'OnlineNewsPopularity' 22 178 7045.06376935204 2172.1647935568703
  0.6442585817988559 -0.057274228707461905 1700.7535551801002
  46746256.46433639]]
[['LPP' 'PremiumPrice' 2 6 5832.785323050833 4458.252818201277
  0.20017321664497886 -0.003579610216084106 1107.3923258516245
  32961539.2820586]]
[['LPP' 'PremiumPrice' 2 9 5825.086958989671 4451.942823673724
  0.1999415348380992 -0.0009322222967407257 1102.7074290387447
  32881743.818961382]]
[['LPP' 'PremiumPrice' 2 28 5821.953220740555 4449.647720816468
  0.19985359875313002 0.0001444366074492276 1101.343290628534
  32848081.663017306]]
[['LPP' 'PremiumPrice' 4 6 5898.034171391959 4516.6798132063095
  0.20194594017029255 -0.02615842012187275 1218.1364382929053
  33472001.215801228]]
[['LPP' 'PremiumPrice' 4 9 5896.299209552975 4515.4055870019365
  0.2018947955984597 -0.025554800747932926 1216.6145014461279
  33455158.972803622]]
[['LPP' 'PremiumPrice' 4 28 5898.958986204814 4517.298920650657
  0.20195731223278068 -0.02648024969492746 1219.8287374166146
  33478819.92139709]]
[['LPP' 'WineQuality' 2 8 0.8070821817131757 0.6114026074521773
  0.11006536591199752 0.08838993888972568 -0.024006747098857664
  0.6514700895301107]]
[['LPP' 'WineQuality' 2 15 0.8036710729371445 0.6122413240947496
  0.10979928846106046 0.09607944023657222 -0.00913727882549773
  0.6464633601015057]]
[['LPP' 'WineQuality' 2 62 0.8062002391338949 0.612791146684367
  0.11002637468901544 0.09038118207722134 -0.017463237411149857
  0.6503174501535217]]
[['LPP' 'WineQuality' 4 8 0.7248927288409182 0.5459483983316197
  0.09771625522740163 0.26460431365417236 -0.008726845363535473
  0.5259299737349389]]
[['LPP' 'WineQuality' 4 15 0.7223262361317154 0.543245088811598
  0.0972313711944543 0.2698024524446059 -0.00877824885036818
  0.5222110021208428]]
[['LPP' 'WineQuality' 4 62 0.7143096105474137 0.538030375410924
  0.09641171064257029 0.2859204798592482 -0.013477685300816451
  0.5105775692389616]]
Finished python experiment_script.py
