Entered python experiment_script.py
----------pca----------
Index(['dr_name', 'dataset_name', 'n_components', 'n_neighbors',
       'fit_transform_time'],
      dtype='object')
PCA,Admission,2,None,0.0018031597137451172
PCA,BankHappiness,2,None,0.04776334762573242
PCA,BankHappiness,4,None,0.03538060188293457
PCA,BankHappiness,6,None,0.035868167877197266
PCA,BankHappiness,8,None,0.03615546226501465
PCA,Credit,2,None,0.00673222541809082
PCA,Credit,4,None,0.006597280502319336
PCA,Credit,6,None,0.006574392318725586
PCA,Credit,8,None,0.006592512130737305
PCA,Credit,10,None,0.006606578826904297
PCA,Facebook,2,None,0.006699562072753906
PCA,Facebook,4,None,0.006766080856323242
PCA,Facebook,6,None,0.006681680679321289
PCA,Facebook,8,None,0.006076335906982422
PCA,ForestFires,2,None,0.0008676052093505859
PCA,ForestFires,4,None,0.0010495185852050781
PCA,HousePrice,2,None,0.02663731575012207
PCA,HousePrice,11,None,0.04415273666381836
PCA,HousePrice,20,None,0.058266401290893555
PCA,HousePrice,29,None,0.03514671325683594
PCA,HousePrice,38,None,0.04706001281738281
PCA,HousePrice,47,None,0.0510561466217041
PCA,HousePrice,56,None,0.04811501502990723
PCA,HousePrice,65,None,0.7044188976287842
PCA,HousePrice,74,None,1.0816905498504639
PCA,HousePrice,83,None,0.25352025032043457
PCA,HousePrice,92,None,0.6764943599700928
PCA,OnlineNewsPopularity,2,None,0.10679936408996582
PCA,OnlineNewsPopularity,4,None,0.13802719116210938
PCA,OnlineNewsPopularity,6,None,0.16068792343139648
PCA,OnlineNewsPopularity,8,None,0.13474512100219727
PCA,OnlineNewsPopularity,10,None,0.15585756301879883
PCA,OnlineNewsPopularity,12,None,0.16332101821899414
PCA,OnlineNewsPopularity,14,None,0.21444916725158691
PCA,OnlineNewsPopularity,16,None,0.2469792366027832
PCA,OnlineNewsPopularity,18,None,0.18761563301086426
PCA,OnlineNewsPopularity,20,None,0.2605166435241699
PCA,OnlineNewsPopularity,22,None,0.35715246200561523
PCA,PremiumPrice,2,None,0.007188081741333008
PCA,PremiumPrice,4,None,0.005491495132446289
PCA,WineQuality,2,None,0.011423826217651367
PCA,WineQuality,4,None,0.013012409210205078
Index(['dr_name', 'dataset_name', 'n_components', 'n_neighbors',
       'transform_time'],
      dtype='object')
PCA,Admission,2,None,0.0011165142059326172
PCA,BankHappiness,2,None,0.0012481212615966797
PCA,BankHappiness,4,None,0.0012028217315673828
PCA,BankHappiness,6,None,0.0015630722045898438
PCA,BankHappiness,8,None,0.010596036911010742
PCA,Credit,2,None,0.0011248588562011719
PCA,Credit,4,None,0.0010898113250732422
PCA,Credit,6,None,0.0010824203491210938
PCA,Credit,8,None,0.0010883808135986328
PCA,Credit,10,None,0.01091146469116211
PCA,Facebook,2,None,0.0011026859283447266
PCA,Facebook,4,None,0.00106048583984375
PCA,Facebook,6,None,0.0010647773742675781
PCA,Facebook,8,None,0.011295318603515625
PCA,ForestFires,2,None,0.0010142326354980469
PCA,ForestFires,4,None,0.0009889602661132812
PCA,HousePrice,2,None,0.0025446414947509766
PCA,HousePrice,11,None,0.006469011306762695
PCA,HousePrice,20,None,0.0024976730346679688
PCA,HousePrice,29,None,0.0025634765625
PCA,HousePrice,38,None,0.002597808837890625
PCA,HousePrice,47,None,0.0025777816772460938
PCA,HousePrice,56,None,0.0026407241821289062
PCA,HousePrice,65,None,0.002687692642211914
PCA,HousePrice,74,None,0.002687692642211914
PCA,HousePrice,83,None,0.0026330947875976562
PCA,HousePrice,92,None,0.002602815628051758
PCA,OnlineNewsPopularity,2,None,0.003047466278076172
PCA,OnlineNewsPopularity,4,None,0.002794027328491211
PCA,OnlineNewsPopularity,6,None,0.003046751022338867
PCA,OnlineNewsPopularity,8,None,0.003028392791748047
PCA,OnlineNewsPopularity,10,None,0.003062009811401367
PCA,OnlineNewsPopularity,12,None,0.0034759044647216797
PCA,OnlineNewsPopularity,14,None,0.003297090530395508
PCA,OnlineNewsPopularity,16,None,0.003276348114013672
PCA,OnlineNewsPopularity,18,None,0.003361940383911133
PCA,OnlineNewsPopularity,20,None,0.003343343734741211
PCA,OnlineNewsPopularity,22,None,0.003371000289916992
PCA,PremiumPrice,2,None,0.0006213188171386719
PCA,PremiumPrice,4,None,0.0005793571472167969
PCA,WineQuality,2,None,0.0009450912475585938
PCA,WineQuality,4,None,0.0009834766387939453
Index(['dr_name', 'dataset_name', 'n_components', 'n_neighbors', 'RMSE', 'MAE',
       'MAE_percentage', 'R2', 'residuals_mean', 'residuals_var'],
      dtype='object')
[['PCA' 'Admission' 2 None 0.07596191665356902 0.05803619336361043
  0.09066858506111779 0.747501729483897 0.008537674485822681
  0.005769438882083948]]
[['PCA' 'BankHappiness' 2 None 0.3101763177071511 0.17406180445568203
  411343432956246.4 -0.000676275608589183 -0.00861137566286958
  0.09617475408308127]]
[['PCA' 'BankHappiness' 4 None 0.30139127675816296 0.17109297193744671
  407960865725548.1 0.05520477813714875 -0.010078046572359426
  0.09077247424479894]]
[['PCA' 'BankHappiness' 6 None 0.3035329010090424 0.16926285631652213
  397386402656843.75 0.04173003328255109 -0.0071523900554015295
  0.09211895875397554]]
[['PCA' 'BankHappiness' 8 None 0.30213522742356175 0.16657606760144042
  388086541965155.5 0.0505347788381737 -0.005315736054070527
  0.0912949931019725]]
[['PCA' 'Credit' 2 None 9104.687953796794 6109.652321221694
  1.2049189355627443 0.0001293486536888544 -302.8671069303735
  92004015.83505788]]
[['PCA' 'Credit' 4 None 9104.687954324689 6109.652321648383
  1.2049189357143493 0.00012934853774293487 -302.8671069491502
  92004015.84572592]]
[['PCA' 'Credit' 6 None 9104.687954624982 6109.652321900868
  1.2049189357780912 0.00012934847178680542 -302.86710694873693
  92004015.85180193]]
[['PCA' 'Credit' 8 None 9104.687954729827 6109.652322070478
  1.2049189358232573 0.00012934844875900353 -302.86710705658425
  92004015.85385065]]
[['PCA' 'Credit' 10 None 9104.687954814797 6109.652322198437
  1.2049189358596781 0.00012934843009637653 -302.8671071463019
  92004015.85550943]]
[['PCA' 'Facebook' 2 None 255.3285960148372 131.81201038637573
  1.5697983989552342 -0.05174711815778377 70.34392280206913
  60852.95400780247]]
[['PCA' 'Facebook' 4 None 255.4794329733617 131.82218083263925
  1.5676025943817182 -0.05299013753274506 70.6978120008073
  60880.36368756455]]
[['PCA' 'Facebook' 6 None 255.62642954153907 131.8981951830849
  1.5671117628627869 -0.05420221527024571 70.77959997441778
  60944.565361229135]]
[['PCA' 'Facebook' 8 None 255.5721177233639 131.95042242284197
  1.5718492174596037 -0.05375429948382293 70.4804892918398
  60959.19998665437]]
[['PCA' 'ForestFires' 2 None 11.359339172599284 4.978928482041842
  3064501908147591.5 -0.13896449783432785 3.476744850273174
  118.0822378171043]]
[['PCA' 'ForestFires' 4 None 11.386857626686496 4.970502637521231
  2919626116037859.5 -0.14448955629868587 3.5284546225915694
  118.34850094195167]]
[['PCA' 'HousePrice' 2 None 92606.19405991482 59920.467509763774
  0.3147004547360186 -0.06401565216351845 23174.237488378112
  8066486850.060817]]
[['PCA' 'HousePrice' 11 None 92640.66126300248 60002.90325983448
  0.3153894704972088 -0.06480783391218359 23100.703813772012
  8076308192.254247]]
[['PCA' 'HousePrice' 20 None 92649.97678490805 60020.98911021196
  0.31554099516879536 -0.06502198910675072 23083.75496390595
  8078825666.1959505]]
[['PCA' 'HousePrice' 29 None 92653.33625833357 60028.19472494192
  0.315605743268385 -0.06509922556295811 23074.274679227805
  8079889422.01235]]
[['PCA' 'HousePrice' 38 None 92655.25690716608 60032.45724973756
  0.3156434890419926 -0.06514338377397522 23069.40296714432
  8080472129.029411]]
[['PCA' 'HousePrice' 47 None 92656.31480282424 60035.12941711401
  0.31566729866878984 -0.06516770655999582 23066.151303445287
  8080819375.845009]]
[['PCA' 'HousePrice' 56 None 92657.17560586704 60036.977111653
  0.315682998577953 -0.06518749806290614 23064.284127388164
  8081065872.071123]]
[['PCA' 'HousePrice' 65 None 92657.90336134359 60038.27001580537
  0.31569344519688475 -0.0652042306920737 23063.272814447682
  8081248009.287566]]
[['PCA' 'HousePrice' 74 None 92658.41488607867 60039.30292310432
  0.3157025131987117 -0.06521599180032567 23062.134085827365
  8081395833.737241]]
[['PCA' 'HousePrice' 83 None 92658.79068506177 60039.99093591149
  0.3157083594993374 -0.06522463230855768 23061.448429361266
  8081497448.683631]]
[['PCA' 'HousePrice' 92 None 92659.07452226471 60040.44812163907
  0.3157120605950055 -0.06523115842099636 23061.105019848244
  8081566122.897428]]
[['PCA' 'OnlineNewsPopularity' 2 None 7053.020078239558 2195.86273421087
  0.6740644322675464 -0.059663632308062375 1699.3802083162964
  46863109.47461145]]
[['PCA' 'OnlineNewsPopularity' 4 None 7037.920180107996
  2178.8141331936617 0.663209188225429 -0.05513119526551846
  1679.579900471601 46717223.763476364]]
[['PCA' 'OnlineNewsPopularity' 6 None 7033.666970449101
  2172.8060994899383 0.6544491164750791 -0.05385629073193865
  1677.8463214861317 46663187.90166975]]
[['PCA' 'OnlineNewsPopularity' 8 None 7035.827129883672 2174.032190078759
  0.6540284792068882 -0.0545037047179433 1680.7856359427444
  46683710.76495263]]
[['PCA' 'OnlineNewsPopularity' 10 None 7038.253120104735
  2173.6519288938366 0.6516017766316485 -0.055231026942210715
  1686.5505169921835 46698443.91176872]]
[['PCA' 'OnlineNewsPopularity' 12 None 7039.653028816479
  2172.211243626367 0.6480889466436309 -0.055650839640776883
  1688.3673873848882 46712021.61922249]]
[['PCA' 'OnlineNewsPopularity' 14 None 7038.851592217477
  2168.867386951013 0.6438741581633969 -0.05541048999394116
  1688.6613006488142 46699744.48845269]]
[['PCA' 'OnlineNewsPopularity' 16 None 7040.171324628572
  2169.9907213407346 0.6440223425305543 -0.05580629035648732
  1691.4263513103929 46708980.08250108]]
[['PCA' 'OnlineNewsPopularity' 18 None 7041.1507218833 2170.5817397420155
  0.6438543670328928 -0.05610006891984676 1693.6685183825678
  46715182.124600634]]
[['PCA' 'OnlineNewsPopularity' 20 None 7041.367294141121
  2170.661990185242 0.6446183850682328 -0.056165037133983686
  1694.699217098918 46714739.5652324]]
[['PCA' 'OnlineNewsPopularity' 22 None 7041.762399387316
  2171.1547904238446 0.6447742386732146 -0.05628356753788233
  1695.3555930379953 46718079.15443431]]
[['PCA' 'PremiumPrice' 2 None 5874.323069270407 4495.492534436815
  0.20132815670587398 -0.017924341340147087 1179.2080898503114
  33285247.111638714]]
[['PCA' 'PremiumPrice' 4 None 5896.407115761341 4514.209928574706
  0.20190758962025218 -0.0255923377652032 1211.2199907146035
  33469601.399802383]]
[['PCA' 'WineQuality' 2 None 0.7991392187689162 0.5995921357036039
  0.10740786727972342 0.10624500799715575 -0.002543571015142331
  0.639269336870953]]
[['PCA' 'WineQuality' 4 None 0.7230702089316675 0.5392048481643443
  0.09473122067013916 0.2682975178310867 0.05422158993424429
  0.5204215886669032]]
----------kpca----------
Index(['dr_name', 'dataset_name', 'n_components', 'n_neighbors',
       'fit_transform_time'],
      dtype='object')
KPCA,Admission,2,None,0.029917001724243164
KPCA,BankHappiness,2,None,1.931804895401001
KPCA,BankHappiness,4,None,2.416933059692383
KPCA,BankHappiness,6,None,2.2122812271118164
KPCA,BankHappiness,8,None,2.0439090728759766
KPCA,Credit,2,None,0.00729060173034668
KPCA,Credit,4,None,0.007527589797973633
KPCA,Credit,6,None,0.008466720581054688
KPCA,Credit,8,None,0.013711690902709961
KPCA,Credit,10,None,0.006325960159301758
KPCA,Facebook,2,None,0.02685999870300293
KPCA,Facebook,4,None,0.016071081161499023
KPCA,Facebook,6,None,0.004891633987426758
KPCA,Facebook,8,None,0.012467145919799805
KPCA,ForestFires,2,None,0.01192164421081543
KPCA,ForestFires,4,None,0.013298749923706055
KPCA,HousePrice,2,None,0.09189534187316895
KPCA,HousePrice,11,None,0.12076973915100098
KPCA,HousePrice,20,None,0.15851378440856934
KPCA,HousePrice,29,None,0.1612100601196289
KPCA,HousePrice,38,None,0.18757843971252441
KPCA,HousePrice,47,None,0.1872251033782959
KPCA,HousePrice,56,None,0.17919325828552246
KPCA,HousePrice,65,None,0.19552898406982422
KPCA,HousePrice,74,None,0.18990063667297363
KPCA,HousePrice,83,None,0.20181059837341309
KPCA,HousePrice,92,None,0.19566845893859863
KPCA,OnlineNewsPopularity,2,None,31.002665281295776
KPCA,OnlineNewsPopularity,4,None,35.63374638557434
KPCA,OnlineNewsPopularity,6,None,34.158199071884155
KPCA,OnlineNewsPopularity,8,None,35.74220824241638
** fit_transform took too long **
KPCA,PremiumPrice,2,None,0.09006381034851074
KPCA,PremiumPrice,4,None,0.06324100494384766
KPCA,WineQuality,2,None,0.633638858795166
KPCA,WineQuality,4,None,0.6246140003204346
Index(['dr_name', 'dataset_name', 'n_components', 'n_neighbors',
       'transform_time'],
      dtype='object')
KPCA,Admission,2,None,0.07073116302490234
KPCA,BankHappiness,2,None,0.3843514919281006
KPCA,BankHappiness,4,None,0.33748841285705566
KPCA,BankHappiness,6,None,0.3095850944519043
KPCA,BankHappiness,8,None,0.32923221588134766
KPCA,Credit,2,None,0.019809722900390625
KPCA,Credit,4,None,0.0061838626861572266
KPCA,Credit,6,None,0.009731292724609375
KPCA,Credit,8,None,0.004873037338256836
KPCA,Credit,10,None,0.00515294075012207
KPCA,Facebook,2,None,0.01868915557861328
KPCA,Facebook,4,None,0.02320075035095215
KPCA,Facebook,6,None,0.015265941619873047
KPCA,Facebook,8,None,0.009549617767333984
KPCA,ForestFires,2,None,0.018954992294311523
KPCA,ForestFires,4,None,0.01586127281188965
KPCA,HousePrice,2,None,0.2621345520019531
KPCA,HousePrice,11,None,0.13789868354797363
KPCA,HousePrice,20,None,0.07646656036376953
KPCA,HousePrice,29,None,0.017109155654907227
KPCA,HousePrice,38,None,0.02972865104675293
KPCA,HousePrice,47,None,0.022597312927246094
KPCA,HousePrice,56,None,0.01842021942138672
KPCA,HousePrice,65,None,0.022363662719726562
KPCA,HousePrice,74,None,0.024003982543945312
KPCA,HousePrice,83,None,0.023940563201904297
KPCA,HousePrice,92,None,0.0244143009185791
KPCA,OnlineNewsPopularity,2,None,3.2572078704833984
KPCA,OnlineNewsPopularity,4,None,3.172558069229126
KPCA,OnlineNewsPopularity,6,None,3.338365077972412
KPCA,OnlineNewsPopularity,8,None,3.2894012928009033
KPCA,PremiumPrice,2,None,0.012354135513305664
KPCA,PremiumPrice,4,None,0.0032396316528320312
KPCA,WineQuality,2,None,0.06870460510253906
KPCA,WineQuality,4,None,0.06425261497497559
Index(['dr_name', 'dataset_name', 'n_components', 'n_neighbors', 'RMSE', 'MAE',
       'MAE_percentage', 'R2', 'residuals_mean', 'residuals_var'],
      dtype='object')
[['KPCA' 'Admission' 2 None 0.07752745398068878 0.0590672429085425
  0.09258899936075765 0.7369867528581204 0.009453702680196494
  0.005996084684923809]]
[['KPCA' 'BankHappiness' 2 None 0.3101984799582228 0.17407029470169588
  411354647208027.94 -0.000819278345309149 -0.008607865545068493
  0.09618856910952825]]
[['KPCA' 'BankHappiness' 4 None 0.31018003202337685 0.17399628040215845
  411009094542769.44 -0.000700241657376921 -0.008528423634529679
  0.0961784815971793]]
[['KPCA' 'BankHappiness' 6 None 0.3100356706115474 0.17356552561104832
  409053618479383.6 0.00023101675725245574 -0.008090772605770078
  0.09609618593844475]]
[['KPCA' 'BankHappiness' 8 None 0.3096835255607983 0.17145031153717855
  398985943587327.4 0.0025008443416815185 -0.0057350408917992805
  0.09591044839422462]]
[['KPCA' 'Credit' 2 None 9110.396306798064 6116.053444235013
  1.206529017014209 -0.0011248192892217013 -305.37574039168555
  92117851.69344448]]
[['KPCA' 'Credit' 4 None 9110.393553737224 6116.004157716073
  1.206512544700124 -0.0011242142316529868 -305.293596193453
  92117851.69344449]]
[['KPCA' 'Credit' 6 None 9110.403376476439 6116.179948134801
  1.2065712965668163 -0.0011263730379265091 -305.58658022467387
  92117851.69344433]]
[['KPCA' 'Credit' 8 None 9110.393764481018 6116.007931013357
  1.2065138057942195 -0.0011242605481411871 -305.2998850222628
  92117851.69344443]]
[['KPCA' 'Credit' 10 None 9110.381732616048 6115.792380026123
  1.2064417653328638 -0.0011216162312699396 -304.9406333768802
  92117851.6934443]]
[['KPCA' 'Facebook' 2 None 251.2251438707158 131.34540503093314
  1.5377261322364402 -0.01821296717482679 67.11896744007616
  59201.12840670693]]
[['KPCA' 'Facebook' 4 None 251.0590104291841 129.37599917878833
  1.4292901235857562 -0.01686673813155659 68.34629120327729
  58948.90019842221]]
[['KPCA' 'Facebook' 6 None 249.6604469821624 128.34418552952525
  1.4280578161311965 -0.005569063642685057 67.40019846508781
  58371.26468100998]]
[['KPCA' 'Facebook' 8 None 248.9252661305928 127.1868508753651
  1.429441074513978 0.0003444613007461683 67.00251203385766
  58055.00151448405]]
[['KPCA' 'ForestFires' 2 None 11.334388204695209 4.798990231529027
  2172805206986333.8 -0.13396648595841332 3.744096680734905
  115.56126200082085]]
[['KPCA' 'ForestFires' 4 None 11.375173283104607 4.943103845649596
  2856650584251658.0 -0.14214198181360227 3.506431471013006
  118.23639396323908]]
[['KPCA' 'HousePrice' 2 None 92601.97598587006 59913.012313415325
  0.31460395472349145 -0.06391872571841173 23201.348824054687
  8064441318.95464]]
[['KPCA' 'HousePrice' 11 None 92639.87559389252 60003.247351548605
  0.3153909547312585 -0.06478977309387157 23101.623311894895
  8076119493.879386]]
[['KPCA' 'HousePrice' 20 None 92649.27049648037 60021.490218918436
  0.3155460099622866 -0.0650057514375122 23083.023235599252
  8078728239.366852]]
[['KPCA' 'HousePrice' 29 None 92652.61632545934 60028.5337433098
  0.31560944889756415 -0.06508267360706155 23073.697160518608
  8079782298.621496]]
[['KPCA' 'HousePrice' 38 None 92654.344667764 60032.91675125213
  0.31565005356241443 -0.0651224100912573 23067.895320920026
  8080372299.149684]]
[['KPCA' 'HousePrice' 47 None 92655.51222081762 60035.559861985304
  0.31567323787586016 -0.0651492538353291 23064.755146287138
  8080734764.13615]]
[['KPCA' 'HousePrice' 56 None 92656.269419855 60037.347617271036
  0.31568882807661575 -0.06516666312412167 23062.662506404813
  8080972424.016374]]
[['KPCA' 'HousePrice' 65 None 92657.06159149119 60038.69120291105
  0.3156997156552478 -0.06518487664449446 23061.58160122251
  8081169755.708961]]
[['KPCA' 'HousePrice' 74 None 92657.51727875273 60039.63334994135
  0.31570812429733364 -0.06519535382485664 23060.486071972733
  8081305193.102818]]
[['KPCA' 'HousePrice' 83 None 92657.86509085793 60040.2898260514
  0.3157136701783655 -0.06520335076983619 23059.81152443315
  8081401086.77233]]
[['KPCA' 'HousePrice' 92 None 92658.17459412782 60040.84052720088
  0.31571858816797693 -0.06521046693791255 23059.2253373187
  8081485767.078768]]
[['KPCA' 'OnlineNewsPopularity' 2 None 7040.452827666414
  2185.2674174046124 0.6750060640469498 -0.05589072540968876
  1679.5303882388632 46753050.15595128]]
[['KPCA' 'OnlineNewsPopularity' 4 None 7041.990019547979
  2183.8339133324203 0.6707823933850547 -0.05635185593149816
  1684.2838097287297 46758708.659718655]]
[['KPCA' 'OnlineNewsPopularity' 6 None 7040.199396019222
  2179.5160863078627 0.6623891216006751 -0.055814710040767324
  1682.7512350110526 46738650.463071935]]
[['KPCA' 'OnlineNewsPopularity' 8 None 7041.08030154638 2177.273943649008
  0.6566462003227073 -0.056078944375376194 1685.628479075857
  46741363.43180435]]
[['KPCA' 'PremiumPrice' 2 None 5966.330475000484 4570.323713402762
  0.20370341935225328 -0.05006082119686339 1305.9581760468116
  34063611.018825]]
[['KPCA' 'PremiumPrice' 4 None 5965.826723103411 4569.909292626769
  0.20371374147686827 -0.04988351026787141 1303.3347033444627
  34064449.8169962]]
[['KPCA' 'WineQuality' 2 None 0.8101825203644303 0.607016272881217
  0.10969055744407004 0.0813727392320811 -0.03781187410100164
  0.6556349937808069]]
[['KPCA' 'WineQuality' 4 None 0.7596348504064994 0.5708607236420515
  0.10165081396293602 0.19242409440898378 0.006738583187834125
  0.5775890740549037]]
----------ica----------
Index(['dr_name', 'dataset_name', 'n_components', 'n_neighbors',
       'fit_transform_time'],
      dtype='object')
ICA,Admission,2,None,0.03868675231933594
ICA,BankHappiness,2,None,0.05149674415588379
ICA,BankHappiness,4,None,0.036093950271606445
ICA,BankHappiness,6,None,0.08202791213989258
ICA,BankHappiness,8,None,0.049521446228027344
ICA,Credit,2,None,0.009811639785766602
ICA,Credit,4,None,0.015170097351074219
ICA,Credit,6,None,0.011110305786132812
ICA,Credit,8,None,0.06367301940917969
ICA,Credit,10,None,0.03309512138366699
ICA,Facebook,2,None,0.003315448760986328
ICA,Facebook,4,None,0.002544403076171875
ICA,Facebook,6,None,0.0032012462615966797
ICA,Facebook,8,None,0.003898143768310547
ICA,ForestFires,2,None,0.0031931400299072266
ICA,ForestFires,4,None,0.0036492347717285156
ICA,HousePrice,2,None,0.08147644996643066
ICA,HousePrice,11,None,0.14084696769714355
ICA,HousePrice,20,None,0.38379383087158203
ICA,HousePrice,29,None,0.35522913932800293
ICA,HousePrice,38,None,0.7376415729522705
ICA,HousePrice,47,None,0.8196074962615967
ICA,HousePrice,56,None,1.256375789642334
ICA,HousePrice,65,None,1.1433660984039307
ICA,HousePrice,74,None,0.9191136360168457
ICA,HousePrice,83,None,1.217029094696045
ICA,HousePrice,92,None,1.8411850929260254
ICA,OnlineNewsPopularity,2,None,0.24711298942565918
ICA,OnlineNewsPopularity,4,None,0.3023674488067627
ICA,OnlineNewsPopularity,6,None,0.29448652267456055
ICA,OnlineNewsPopularity,8,None,0.3293139934539795
ICA,OnlineNewsPopularity,10,None,0.35799455642700195
ICA,OnlineNewsPopularity,12,None,0.5315215587615967
ICA,OnlineNewsPopularity,14,None,0.6380496025085449
ICA,OnlineNewsPopularity,16,None,0.36075401306152344
ICA,OnlineNewsPopularity,18,None,0.6362998485565186
ICA,OnlineNewsPopularity,20,None,0.495074987411499
ICA,OnlineNewsPopularity,22,None,0.696253776550293
ICA,PremiumPrice,2,None,0.008031845092773438
ICA,PremiumPrice,4,None,0.004184246063232422
ICA,WineQuality,2,None,0.016153335571289062
ICA,WineQuality,4,None,0.018756628036499023
Index(['dr_name', 'dataset_name', 'n_components', 'n_neighbors',
       'transform_time'],
      dtype='object')
ICA,Admission,2,None,0.0009224414825439453
ICA,BankHappiness,2,None,0.0009851455688476562
ICA,BankHappiness,4,None,0.0009441375732421875
ICA,BankHappiness,6,None,0.0009591579437255859
ICA,BankHappiness,8,None,0.0010733604431152344
ICA,Credit,2,None,0.0008425712585449219
ICA,Credit,4,None,0.0008175373077392578
ICA,Credit,6,None,0.0008330345153808594
ICA,Credit,8,None,0.000820159912109375
ICA,Credit,10,None,0.0008308887481689453
ICA,Facebook,2,None,0.0008144378662109375
ICA,Facebook,4,None,0.0008130073547363281
ICA,Facebook,6,None,0.0008118152618408203
ICA,Facebook,8,None,0.0008111000061035156
ICA,ForestFires,2,None,0.0006947517395019531
ICA,ForestFires,4,None,0.00067901611328125
ICA,HousePrice,2,None,0.002097606658935547
ICA,HousePrice,11,None,0.006686687469482422
ICA,HousePrice,20,None,0.0052967071533203125
ICA,HousePrice,29,None,0.0052967071533203125
ICA,HousePrice,38,None,0.0022296905517578125
ICA,HousePrice,47,None,0.0022270679473876953
ICA,HousePrice,56,None,0.0022873878479003906
ICA,HousePrice,65,None,0.0023641586303710938
ICA,HousePrice,74,None,0.0022954940795898438
ICA,HousePrice,83,None,0.002238750457763672
ICA,HousePrice,92,None,0.002250194549560547
ICA,OnlineNewsPopularity,2,None,0.0029115676879882812
ICA,OnlineNewsPopularity,4,None,0.002767801284790039
ICA,OnlineNewsPopularity,6,None,0.0028810501098632812
ICA,OnlineNewsPopularity,8,None,0.002878427505493164
ICA,OnlineNewsPopularity,10,None,0.002916097640991211
ICA,OnlineNewsPopularity,12,None,0.0031960010528564453
ICA,OnlineNewsPopularity,14,None,0.003134012222290039
ICA,OnlineNewsPopularity,16,None,0.0031425952911376953
ICA,OnlineNewsPopularity,18,None,0.003252744674682617
ICA,OnlineNewsPopularity,20,None,0.0032062530517578125
ICA,OnlineNewsPopularity,22,None,0.0032625198364257812
ICA,PremiumPrice,2,None,0.0007195472717285156
ICA,PremiumPrice,4,None,0.0006880760192871094
ICA,WineQuality,2,None,0.0007481575012207031
ICA,WineQuality,4,None,0.0007021427154541016
Index(['dr_name', 'dataset_name', 'n_components', 'n_neighbors', 'RMSE', 'MAE',
       'MAE_percentage', 'R2', 'residuals_mean', 'residuals_var'],
      dtype='object')
[['ICA' 'Admission' 2 None 0.07800709466798118 0.060568590879696814
  0.09481311720268337 0.7337223070067462 0.01148153583319868
  0.006028639142734533]]
[['ICA' 'BankHappiness' 2 None 0.3101743502260427 0.1740500135196834
  411287725639724.7 -0.000663580858466517 -0.00859842758069123
  0.09617375597823444]]
[['ICA' 'BankHappiness' 4 None 0.30038993713905093 0.1710880241070554
  409333698592186.0 0.061472307215903466 -0.01069265466575213
  0.09015686780042524]]
[['ICA' 'BankHappiness' 6 None 0.3038033991534795 0.1693850553339753
  397544206629851.56 0.040021317379527854 -0.007028718545621082
  0.09228506422337153]]
[['ICA' 'BankHappiness' 8 None 0.30285796422797917 0.16657484847365964
  387463130226011.75 0.04598691985248837 -0.004972125683418248
  0.09173596035734476]]
[['ICA' 'Credit' 2 None 9107.55370927253 6113.3100106251 1.20599105290654
  -0.0005001810473272972 -304.74163915719873 92060741.22294173]]
[['ICA' 'Credit' 4 None 9108.781070080515 6114.579239338861
  1.2062934163572283 -0.0007698599298349151 -305.23267034882394
  92085250.66623205]]
[['ICA' 'Credit' 6 None 9109.428269566213 6114.926229225414
  1.2062962461190838 -0.0009120789037810884 -304.97991727941934
  92098522.94269815]]
[['ICA' 'Credit' 8 None 9109.583507490075 6115.25169620273
  1.2063598877076838 -0.0009461931933820722 -305.12086851908134
  92101569.92836592]]
[['ICA' 'Credit' 10 None 9109.807334821773 6115.432735863049
  1.2063833033825553 -0.0009953813626966124 -305.02797838683
  92106164.01108207]]
[['ICA' 'Facebook' 2 None 242.46827433510703 124.41192120462644
  1.455147829870601 0.051532924852124906 60.87799283298347
  55641.14550269895]]
[['ICA' 'Facebook' 4 None 246.35165657447698 125.8180885049665
  1.4696600318492594 0.020908251741856954 65.12876653355855
  57017.558047279075]]
[['ICA' 'Facebook' 6 None 250.7554805801198 128.7567546145597
  1.5019459080153208 -0.014409444694819085 67.52850126476254
  58907.285412022036]]
[['ICA' 'Facebook' 8 None 253.54763359615836 129.64622199792487
  1.4911396602901192 -0.037126042097544554 70.17333092775624
  59961.72336233877]]
[['ICA' 'ForestFires' 2 None 11.355591522598564 4.935281119231541
  2805199770497143.5 -0.13821309211983612 3.557331029109103
  117.42393103742519]]
[['ICA' 'ForestFires' 4 None 11.301392835211646 4.952907111371688
  3242778183319829.0 -0.127373949608091 3.3810132197459857
  117.41926097924568]]
[['ICA' 'HousePrice' 2 None 92613.38982824075 59949.12948564843
  0.3149519486946666 -0.0641810127566933 23140.470918480027
  8069393490.362238]]
[['ICA' 'HousePrice' 11 None 92662.19355800902 60048.963576406524
  0.31578271789097623 -0.06530287400840362 23053.393324978617
  8082502975.897739]]
[['ICA' 'HousePrice' 20 None 92672.43272545894 60063.83197321263
  0.3158996249166668 -0.0655383188376153 23042.82130046807
  8084896174.366556]]
[['ICA' 'HousePrice' 29 None 92675.63677688836 60070.17730656459
  0.3159587251532785 -0.0656119998340361 23033.22377403777
  8085935815.589136]]
[['ICA' 'HousePrice' 38 None 92677.03637437262 60073.64849668662
  0.3159914401430355 -0.06564418605228894 23028.10623057206
  8086432657.094569]]
[['ICA' 'HousePrice' 47 None 92677.84050007047 60075.52526969693
  0.3160080432009703 -0.06566267856404484 23025.992122365114
  8086679915.838097]]
[['ICA' 'HousePrice' 56 None 92678.5753247339 60076.69121534428
  0.316016493606336 -0.0656795774973673 23025.53424515061
  8086837746.765464]]
[['ICA' 'HousePrice' 65 None 92679.20826882224 60077.46156216872
  0.31602121734131006 -0.06569413356687037 23025.6315535929
  8086950974.477745]]
[['ICA' 'HousePrice' 74 None 92679.55692772001 60078.22175173983
  0.31602740096596293 -0.06570215185808825 23024.803438180894
  8087054089.669674]]
[['ICA' 'HousePrice' 83 None 92679.91492739087 60078.32036767863
  0.31602678083034696 -0.06571038499534332 23025.333330100235
  8087096190.88648]]
[['ICA' 'HousePrice' 92 None 92680.37805739671 60078.58225382331
  0.31602688680589797 -0.06572103592635448 23026.08690853872
  8087147509.190312]]
[['ICA' 'OnlineNewsPopularity' 2 None 7053.185773115175
  2195.9361363289486 0.6742630489757817 -0.0597134217299673
  1699.1526290954384 46866220.6284672]]
[['ICA' 'OnlineNewsPopularity' 4 None 7038.359227938376 2178.736837379604
  0.66251922784875 -0.05526284424697625 1680.0843095489722
  46721709.84406721]]
[['ICA' 'OnlineNewsPopularity' 6 None 7034.220233955693
  2172.5067117116623 0.6526813061216159 -0.05402208850452794
  1679.6494743036283 46664917.29038021]]
[['ICA' 'OnlineNewsPopularity' 8 None 7037.686790320471 2174.479685775838
  0.6516916774677248 -0.055061216420627446 1685.2818340580734
  46694749.60799335]]
[['ICA' 'OnlineNewsPopularity' 10 None 7040.165700698093
  2174.476102962245 0.6513609363696008 -0.055804603528559316
  1689.8424625292946 46714257.114940345]]
[['ICA' 'OnlineNewsPopularity' 12 None 7042.310901077387
  2173.041739668667 0.647546911732253 -0.056448127445926755
  1691.33711481972 46739416.334351584]]
[['ICA' 'OnlineNewsPopularity' 14 None 7041.481517078872
  2169.288151455507 0.6427913456502178 -0.05619930299364717
  1691.7391253136955 46726373.785213836]]
[['ICA' 'OnlineNewsPopularity' 16 None 7043.6924879427825
  2171.622394217898 0.6442894343754821 -0.056862683988453844
  1696.221467079028 46742331.70989189]]
[['ICA' 'OnlineNewsPopularity' 18 None 7045.605582359221
  2172.826190543753 0.6436569251309098 -0.05743685802519405
  1700.8615106500865 46753524.66597846]]
[['ICA' 'OnlineNewsPopularity' 20 None 7045.842278171063
  2173.4100274229036 0.6460944263949634 -0.057507908008589625
  1701.3715531892515 46755124.97090848]]
[['ICA' 'OnlineNewsPopularity' 22 None 7046.760208143896
  2174.5878930594045 0.6462517717150125 -0.0577834695097883
  1703.062531150738 46762305.0756678]]
[['ICA' 'PremiumPrice' 2 None 5873.563926664608 4494.912673197016
  0.20131023315429006 -0.017661264285513623 1178.3765515576151
  33278253.892712086]]
[['ICA' 'PremiumPrice' 4 None 5918.863479058711 4532.723655746309
  0.20253331166970434 -0.03341911444469603 1240.3645541641527
  33664463.197911754]]
[['ICA' 'WineQuality' 2 None 0.8051502786088042 0.6015653496795057
  0.10768111145793059 0.09274893611231694 0.0025573533907729444
  0.6489225970027787]]
[['ICA' 'WineQuality' 4 None 0.724944702007929 0.5385989219724019
  0.094492921840468 0.2644988574632664 0.06025546544790355
  0.5224472092502157]]
----------svd----------
Index(['dr_name', 'dataset_name', 'n_components', 'n_neighbors',
       'fit_transform_time'],
      dtype='object')
SVD,Admission,2,None,0.006913900375366211
SVD,BankHappiness,2,None,0.040747880935668945
SVD,BankHappiness,4,None,0.03941965103149414
SVD,BankHappiness,6,None,0.04345107078552246
SVD,BankHappiness,8,None,0.04062032699584961
SVD,Credit,2,None,0.005143642425537109
SVD,Credit,4,None,0.005084991455078125
SVD,Credit,6,None,0.007140398025512695
SVD,Credit,8,None,0.007227420806884766
SVD,Credit,10,None,0.015109062194824219
SVD,Facebook,2,None,0.005496978759765625
SVD,Facebook,4,None,0.0056133270263671875
SVD,Facebook,6,None,0.005715370178222656
SVD,Facebook,8,None,0.006714344024658203
SVD,ForestFires,2,None,0.0019745826721191406
SVD,ForestFires,4,None,0.0013849735260009766
SVD,HousePrice,2,None,0.05640721321105957
SVD,HousePrice,11,None,0.036380767822265625
SVD,HousePrice,20,None,0.04274606704711914
SVD,HousePrice,29,None,0.0616300106048584
SVD,HousePrice,38,None,0.5525476932525635
SVD,HousePrice,47,None,0.816326379776001
SVD,HousePrice,56,None,0.7976500988006592
SVD,HousePrice,65,None,0.3118417263031006
SVD,HousePrice,74,None,1.4964187145233154
SVD,HousePrice,83,None,0.2991657257080078
SVD,HousePrice,92,None,1.1754741668701172
SVD,OnlineNewsPopularity,2,None,0.11789369583129883
SVD,OnlineNewsPopularity,4,None,0.14465713500976562
SVD,OnlineNewsPopularity,6,None,0.12840986251831055
SVD,OnlineNewsPopularity,8,None,0.18053388595581055
SVD,OnlineNewsPopularity,10,None,0.1820979118347168
SVD,OnlineNewsPopularity,12,None,0.2182767391204834
SVD,OnlineNewsPopularity,14,None,0.24983477592468262
SVD,OnlineNewsPopularity,16,None,0.21572589874267578
SVD,OnlineNewsPopularity,18,None,0.2730369567871094
SVD,OnlineNewsPopularity,20,None,0.3816506862640381
SVD,OnlineNewsPopularity,22,None,0.32713937759399414
SVD,PremiumPrice,2,None,0.00844573974609375
SVD,PremiumPrice,4,None,0.02312946319580078
SVD,WineQuality,2,None,0.01015162467956543
SVD,WineQuality,4,None,0.010203838348388672
Index(['dr_name', 'dataset_name', 'n_components', 'n_neighbors',
       'transform_time'],
      dtype='object')
SVD,Admission,2,None,0.0007433891296386719
SVD,BankHappiness,2,None,0.0008535385131835938
SVD,BankHappiness,4,None,0.0008242130279541016
SVD,BankHappiness,6,None,0.008789777755737305
SVD,BankHappiness,8,None,0.0009007453918457031
SVD,Credit,2,None,0.0007481575012207031
SVD,Credit,4,None,0.0007431507110595703
SVD,Credit,6,None,0.0007481575012207031
SVD,Credit,8,None,0.0007658004760742188
SVD,Credit,10,None,0.0007510185241699219
SVD,Facebook,2,None,0.0007431507110595703
SVD,Facebook,4,None,0.0007271766662597656
SVD,Facebook,6,None,0.0007812976837158203
SVD,Facebook,8,None,0.0007686614990234375
SVD,ForestFires,2,None,0.0006966590881347656
SVD,ForestFires,4,None,0.0006988048553466797
SVD,HousePrice,2,None,0.0019915103912353516
SVD,HousePrice,11,None,0.007035970687866211
SVD,HousePrice,20,None,0.002047300338745117
SVD,HousePrice,29,None,0.002068758010864258
SVD,HousePrice,38,None,0.002069711685180664
SVD,HousePrice,47,None,0.002047300338745117
SVD,HousePrice,56,None,0.002178192138671875
SVD,HousePrice,65,None,0.0021886825561523438
SVD,HousePrice,74,None,0.002195119857788086
SVD,HousePrice,83,None,0.004130840301513672
SVD,HousePrice,92,None,0.0021207332611083984
SVD,OnlineNewsPopularity,2,None,0.0019216537475585938
SVD,OnlineNewsPopularity,4,None,0.001888275146484375
SVD,OnlineNewsPopularity,6,None,0.002267122268676758
SVD,OnlineNewsPopularity,8,None,0.002378225326538086
SVD,OnlineNewsPopularity,10,None,0.0026280879974365234
SVD,OnlineNewsPopularity,12,None,0.0023953914642333984
SVD,OnlineNewsPopularity,14,None,0.0026624202728271484
SVD,OnlineNewsPopularity,16,None,0.002480030059814453
SVD,OnlineNewsPopularity,18,None,0.0027756690979003906
SVD,OnlineNewsPopularity,20,None,0.0025670528411865234
SVD,OnlineNewsPopularity,22,None,0.0027196407318115234
SVD,PremiumPrice,2,None,0.0006635189056396484
SVD,PremiumPrice,4,None,0.0006499290466308594
SVD,WineQuality,2,None,0.0006911754608154297
SVD,WineQuality,4,None,0.0006866455078125
Index(['dr_name', 'dataset_name', 'n_components', 'n_neighbors', 'RMSE', 'MAE',
       'MAE_percentage', 'R2', 'residuals_mean', 'residuals_var'],
      dtype='object')
[['SVD' 'Admission' 2 None 0.07539297620562249 0.05815507096385404
  0.09086976944224073 0.751269893991928 0.008690409245175603
  0.005679572302068785]]
[['SVD' 'BankHappiness' 2 None 0.31017702873639996 0.17397858790951673
  410923471035428.0 -0.0006808633922175122 -0.008508091651451563
  0.09617696424887189]]
[['SVD' 'BankHappiness' 4 None 0.3069161242858928 0.1723877353229504
  406456877874169.75 0.020248939237604846 -0.00811537841031299
  0.09417038528362646]]
[['SVD' 'BankHappiness' 6 None 0.3049450380018004 0.17008884183272988
  397776210103722.4 0.03279290485483366 -0.006555727900282497
  0.09298674904457727]]
[['SVD' 'BankHappiness' 8 None 0.3020929256098223 0.16686405000955928
  388856818722874.6 0.05080062860088763 -0.005687221922284301
  0.09126533351121792]]
[['SVD' 'Credit' 2 None 9105.027877605431 6110.640922113173
  1.2052133485162493 5.4686856077346135e-05 -303.63005029346294
  92010379.38281205]]
[['SVD' 'Credit' 4 None 9105.134924924483 6110.986598222704
  1.205319320106664 3.117411220632249e-05 -303.9047880191938
  92012359.86766513]]
[['SVD' 'Credit' 6 None 9105.16463920065 6111.086490783458
  1.2053502531807134 2.4647377879327692e-05 -303.9852039738045
  92012906.78079435]]
[['SVD' 'Credit' 8 None 9105.178635229715 6111.133993721437
  1.2053650052019576 2.157314574624536e-05 -304.02356862415616
  92013164.0546274]]
[['SVD' 'Credit' 10 None 9105.186786800148 6111.16176330596
  1.2053736404656266 1.9782648589594665e-05 -304.0460262967452
  92013313.81823689]]
[['SVD' 'Facebook' 2 None 259.64523388671927 133.77694084569856
  1.5822742093921525 -0.08760983544012446 73.9672794491666
  62570.190960583896]]
[['SVD' 'Facebook' 4 None 259.67091076219776 133.80231625836606
  1.5826712610138904 -0.0878249582270727 73.97344684032419
  62582.738443061615]]
[['SVD' 'Facebook' 6 None 259.6760084134788 133.8076138593503
  1.5827492271832775 -0.08786766926241008 73.9737520152965
  62585.36702862276]]
[['SVD' 'Facebook' 8 None 259.6774335682569 133.809995129691
  1.5828191416022404 -0.08787961017347601 73.97164119762051
  62586.43010416867]]
[['SVD' 'ForestFires' 2 None 11.337853918690366 4.911016946012477
  2784892725645773.5 -0.13466005746623533 3.569554955165366
  116.92953132015683]]
[['SVD' 'ForestFires' 4 None 11.385995555544595 4.866570470453948
  2399747306234619.0 -0.14431626984805823 3.7063740447505893
  117.02896473838025]]
[['SVD' 'HousePrice' 2 None 92555.66648578126 59877.61162643123
  0.31444824102946495 -0.06285487747655294 23169.7722641982
  8057306567.494466]]
[['SVD' 'HousePrice' 11 None 92622.68314625155 59993.184372012794
  0.31535338891208964 -0.06439459458945018 23087.992568863523
  8073555193.974214]]
[['SVD' 'HousePrice' 20 None 92636.17898336037 60012.73497966674
  0.3155044655194343 -0.06470479814041652 23075.46948333545
  8076644104.845918]]
[['SVD' 'HousePrice' 29 None 92641.3080998071 60020.456832640986
  0.3155674303956319 -0.06482270339372542 23068.582962167577
  8077916544.31548]]
[['SVD' 'HousePrice' 38 None 92643.99864816162 60024.63866325788
  0.31560102405729507 -0.06488455482121958 23065.440347725857
  8078562256.1825905]]
[['SVD' 'HousePrice' 47 None 92645.44493095783 60027.34195084561
  0.3156242512185965 -0.06491780330478325 23062.576984526393
  8078963693.168647]]
[['SVD' 'HousePrice' 56 None 92646.62530200354 60029.24149238982
  0.3156394700961799 -0.06494493914831145 23061.102787249805
  8079251387.220058]]
[['SVD' 'HousePrice' 65 None 92647.46908837122 60030.56910567167
  0.3156500897808933 -0.0649643373748745 23060.107973619848
  8079454312.810662]]
[['SVD' 'HousePrice' 74 None 92648.14749376391 60031.61106935904
  0.3156584863698373 -0.06497993370366273 23059.30663614975
  8079617534.549781]]
[['SVD' 'HousePrice' 83 None 92648.61965282494 60032.341471225984
  0.31566446980691276 -0.06499078856089202 23058.67989099934
  8079734328.300365]]
[['SVD' 'HousePrice' 92 None 92649.01193044591 60032.8694455443
  0.3156685569482983 -0.06499980699935115 23058.373265916543
  8079821455.440312]]
[['SVD' 'OnlineNewsPopularity' 2 None 7052.85462058624 2195.841576715471
  0.6741689773133587 -0.05961391533592142 1699.0685823909203
  46861834.43362775]]
[['SVD' 'OnlineNewsPopularity' 4 None 7036.881492931404
  2182.0187440212144 0.6698386113396815 -0.05481977645386649
  1678.8237215753345 46705142.47772624]]
[['SVD' 'OnlineNewsPopularity' 6 None 7033.485051354617 2175.386040463095
  0.6593727385966381 -0.053801777459232314 1677.571242948478
  46661551.61510148]]
[['SVD' 'OnlineNewsPopularity' 8 None 7033.966219294773 2173.077166255386
  0.654251577756225 -0.05394596571611743 1679.0035268655442
  46663513.100974634]]
[['SVD' 'OnlineNewsPopularity' 10 None 7037.536274743931
  2173.701781133419 0.6522238374765125 -0.055016087544097925
  1684.7031403025578 46694581.23570462]]
[['SVD' 'OnlineNewsPopularity' 12 None 7038.723099912719
  2172.3627536141585 0.6492474944257887 -0.05537195788773941
  1687.9295038903992 46700406.69015676]]
[['SVD' 'OnlineNewsPopularity' 14 None 7038.26677190292
  2168.3633502369403 0.6431305774721146 -0.05523512051905244
  1688.67191308533 46691475.01898882]]
[['SVD' 'OnlineNewsPopularity' 16 None 7039.14680015801
  2169.3730368305314 0.6437099614107356 -0.05549901923385492
  1689.687043253501 46700435.19664673]]
[['SVD' 'OnlineNewsPopularity' 18 None 7040.427285692558
  2170.1656706721315 0.6437977117927424 -0.05588306411714328
  1692.7994305170505 46707937.22592693]]
[['SVD' 'OnlineNewsPopularity' 20 None 7040.723646659604
  2170.6347808429964 0.6445496181231226 -0.055971959037686814
  1693.218004447637 46710693.37841163]]
[['SVD' 'OnlineNewsPopularity' 22 None 7041.038516951286
  2170.686169710957 0.6447528704165133 -0.056066410020347845
  1694.1709154850466 46711899.57880683]]
[['SVD' 'PremiumPrice' 2 None 5959.6697047723355 4565.328486177151
  0.20356160185050906 -0.04771756859334553 1294.5185167706125
  34013671.016976655]]
[['SVD' 'PremiumPrice' 4 None 5960.269245271848 4564.935382545098
  0.20349144283779205 -0.04792837917222692 1301.283956713463
  34003202.88805306]]
[['SVD' 'WineQuality' 2 None 0.7991392187689201 0.5995921357036005
  0.10740786727972271 0.10624500799714698 -0.002543571015140727
  0.6392693368709592]]
[['SVD' 'WineQuality' 4 None 0.723070208931608 0.5392048481643336
  0.09473122067013738 0.26829751783120714 0.05422158993419699
  0.5204215886668223]]
----------lpp----------
Index(['dr_name', 'dataset_name', 'n_components', 'n_neighbors',
       'fit_transform_time'],
      dtype='object')
LPP,Admission,2,5,0.03184866905212402
LPP,Admission,2,6,0.03528904914855957
LPP,Admission,2,17,0.0143280029296875
LPP,BankHappiness,2,8,0.9012792110443115
LPP,BankHappiness,2,19,0.8376858234405518
LPP,BankHappiness,2,87,0.9153127670288086
LPP,BankHappiness,4,8,0.725238561630249
LPP,BankHappiness,4,19,0.8249468803405762
LPP,BankHappiness,4,87,0.9190311431884766
LPP,BankHappiness,6,8,0.7087171077728271
LPP,BankHappiness,6,19,0.8237900733947754
LPP,BankHappiness,6,87,0.9138357639312744
LPP,BankHappiness,8,8,0.7718095779418945
LPP,BankHappiness,8,19,0.8154408931732178
LPP,BankHappiness,8,87,0.8922886848449707
LPP,Credit,2,3,0.057157278060913086
LPP,Credit,2,3,0.0024597644805908203
LPP,Credit,2,6,0.002730131149291992
LPP,Credit,4,3,0.0023560523986816406
LPP,Credit,4,3,0.002879619598388672
LPP,Credit,4,6,0.002299070358276367
LPP,Credit,6,3,0.0030508041381835938
LPP,Credit,6,3,0.002550363540649414
LPP,Credit,6,6,0.002475738525390625
LPP,Credit,8,3,0.0024869441986083984
LPP,Credit,8,3,0.002902984619140625
LPP,Credit,8,6,0.0024275779724121094
LPP,Credit,10,3,0.0024619102478027344
LPP,Credit,10,3,0.0025146007537841797
LPP,Credit,10,6,0.002337932586669922
LPP,Facebook,2,5,0.009859085083007812
LPP,Facebook,2,7,0.07745718955993652
LPP,Facebook,2,20,0.07358241081237793
LPP,Facebook,4,5,0.08222842216491699
LPP,Facebook,4,7,0.08277773857116699
LPP,Facebook,4,20,0.08039331436157227
LPP,Facebook,6,5,0.07227087020874023
LPP,Facebook,6,7,0.06035041809082031
LPP,Facebook,6,20,0.06818938255310059
LPP,Facebook,8,5,0.08638644218444824
LPP,Facebook,8,7,0.07613873481750488
LPP,Facebook,8,20,0.08208894729614258
LPP,ForestFires,2,6,0.016098976135253906
LPP,ForestFires,2,7,0.008199453353881836
LPP,ForestFires,2,20,0.00895380973815918
LPP,ForestFires,4,6,0.008214950561523438
LPP,ForestFires,4,7,0.008385419845581055
LPP,ForestFires,4,20,0.009035348892211914
LPP,HousePrice,2,7,0.17192792892456055
LPP,HousePrice,2,10,0.1730823516845703
LPP,HousePrice,2,34,0.14746522903442383
LPP,HousePrice,11,7,0.15423297882080078
LPP,HousePrice,11,10,0.15557384490966797
LPP,HousePrice,11,34,0.14174246788024902
LPP,HousePrice,20,7,0.17555594444274902
LPP,HousePrice,20,10,0.16741251945495605
LPP,HousePrice,20,34,0.15889739990234375
LPP,HousePrice,29,7,0.19213604927062988
LPP,HousePrice,29,10,0.1579124927520752
LPP,HousePrice,29,34,0.1663961410522461
LPP,HousePrice,38,7,0.14864373207092285
LPP,HousePrice,38,10,0.14016938209533691
LPP,HousePrice,38,34,0.1717526912689209
LPP,HousePrice,47,7,0.19135355949401855
LPP,HousePrice,47,10,0.13615727424621582
LPP,HousePrice,47,34,0.19286394119262695
LPP,HousePrice,56,7,0.195173978805542
LPP,HousePrice,56,10,0.14735102653503418
LPP,HousePrice,56,34,0.2052750587463379
LPP,HousePrice,65,7,0.1611795425415039
LPP,HousePrice,65,10,0.2046058177947998
LPP,HousePrice,65,34,0.1406102180480957
LPP,HousePrice,74,7,0.18750214576721191
LPP,HousePrice,74,10,0.16097402572631836
LPP,HousePrice,74,34,0.19664812088012695
LPP,HousePrice,83,7,0.1639082431793213
LPP,HousePrice,83,10,0.15660476684570312
LPP,HousePrice,83,34,0.19533228874206543
LPP,HousePrice,92,7,0.20287466049194336
LPP,HousePrice,92,10,0.1548776626586914
LPP,HousePrice,92,34,0.18669366836547852
LPP,OnlineNewsPopularity,2,10,21.943838596343994
LPP,OnlineNewsPopularity,2,31,22.651790618896484
LPP,OnlineNewsPopularity,2,178,23.34617567062378
LPP,OnlineNewsPopularity,4,10,22.00239610671997
LPP,OnlineNewsPopularity,4,31,22.19670033454895
LPP,OnlineNewsPopularity,4,178,22.810593128204346
LPP,OnlineNewsPopularity,6,10,21.389426231384277
LPP,OnlineNewsPopularity,6,31,21.74487543106079
LPP,OnlineNewsPopularity,6,178,22.552472352981567
LPP,OnlineNewsPopularity,8,10,22.98688554763794
LPP,OnlineNewsPopularity,8,31,21.467259407043457
LPP,OnlineNewsPopularity,8,178,23.843255043029785
LPP,OnlineNewsPopularity,10,10,20.855541467666626
LPP,OnlineNewsPopularity,10,31,21.003690719604492
LPP,OnlineNewsPopularity,10,178,22.382721662521362
LPP,OnlineNewsPopularity,12,10,21.883350133895874
LPP,OnlineNewsPopularity,12,31,21.89384412765503
LPP,OnlineNewsPopularity,12,178,22.11537480354309
LPP,OnlineNewsPopularity,14,10,20.51764225959778
LPP,OnlineNewsPopularity,14,31,21.03751540184021
LPP,OnlineNewsPopularity,14,178,21.565320253372192
LPP,OnlineNewsPopularity,16,10,20.656519651412964
LPP,OnlineNewsPopularity,16,31,20.84802556037903
LPP,OnlineNewsPopularity,16,178,22.683117389678955
LPP,OnlineNewsPopularity,18,10,20.126561164855957
LPP,OnlineNewsPopularity,18,31,21.229679107666016
LPP,OnlineNewsPopularity,18,178,22.30707812309265
LPP,OnlineNewsPopularity,20,10,19.811909914016724
LPP,OnlineNewsPopularity,20,31,21.358999252319336
LPP,OnlineNewsPopularity,20,178,21.499042510986328
LPP,OnlineNewsPopularity,22,10,20.533426761627197
LPP,OnlineNewsPopularity,22,31,20.852323293685913
LPP,OnlineNewsPopularity,22,178,22.450580596923828
LPP,PremiumPrice,2,6,0.1880173683166504
LPP,PremiumPrice,2,9,0.06081724166870117
LPP,PremiumPrice,2,28,0.046827077865600586
LPP,PremiumPrice,4,6,0.040621042251586914
LPP,PremiumPrice,4,9,0.04092264175415039
LPP,PremiumPrice,4,28,0.04656100273132324
LPP,WineQuality,2,8,0.36788487434387207
LPP,WineQuality,2,15,0.3873002529144287
LPP,WineQuality,2,62,0.46315574645996094
LPP,WineQuality,4,8,0.3499259948730469
LPP,WineQuality,4,15,0.38279056549072266
LPP,WineQuality,4,62,0.4607887268066406
Index(['dr_name', 'dataset_name', 'n_components', 'n_neighbors',
       'transform_time'],
      dtype='object')
LPP,Admission,2,5,0.003045320510864258
LPP,Admission,2,6,0.0010879039764404297
LPP,Admission,2,17,0.0009999275207519531
LPP,BankHappiness,2,8,0.009432792663574219
LPP,BankHappiness,2,19,0.001657724380493164
LPP,BankHappiness,2,87,0.0013687610626220703
LPP,BankHappiness,4,8,0.0020084381103515625
LPP,BankHappiness,4,19,0.0020058155059814453
LPP,BankHappiness,4,87,0.0015506744384765625
LPP,BankHappiness,6,8,0.0043637752532958984
LPP,BankHappiness,6,19,0.015172481536865234
LPP,BankHappiness,6,87,0.0011858940124511719
LPP,BankHappiness,8,8,0.01797628402709961
LPP,BankHappiness,8,19,0.010337352752685547
LPP,BankHappiness,8,87,0.015230894088745117
LPP,Credit,2,3,0.0013306140899658203
LPP,Credit,2,3,0.000705718994140625
LPP,Credit,2,6,0.0007102489471435547
LPP,Credit,4,3,0.0016341209411621094
LPP,Credit,4,3,0.0007236003875732422
LPP,Credit,4,6,0.0015709400177001953
LPP,Credit,6,3,0.002222776412963867
LPP,Credit,6,3,0.0007135868072509766
LPP,Credit,6,6,0.0015804767608642578
LPP,Credit,8,3,0.0016057491302490234
LPP,Credit,8,3,0.0015532970428466797
LPP,Credit,8,6,0.0020477771759033203
LPP,Credit,10,3,0.0015604496002197266
LPP,Credit,10,3,0.0007300376892089844
LPP,Credit,10,6,0.0007154941558837891
LPP,Facebook,2,5,0.001813650131225586
LPP,Facebook,2,7,0.0015869140625
LPP,Facebook,2,20,0.0007126331329345703
LPP,Facebook,4,5,0.0022230148315429688
LPP,Facebook,4,7,0.002124786376953125
LPP,Facebook,4,20,0.0010218620300292969
LPP,Facebook,6,5,0.001013040542602539
LPP,Facebook,6,7,0.000982522964477539
LPP,Facebook,6,20,0.0009341239929199219
LPP,Facebook,8,5,0.0010869503021240234
LPP,Facebook,8,7,0.0009829998016357422
LPP,Facebook,8,20,0.0009837150573730469
LPP,ForestFires,2,6,0.0011067390441894531
LPP,ForestFires,2,7,0.0004680156707763672
LPP,ForestFires,2,20,0.0006799697875976562
LPP,ForestFires,4,6,0.0004622936248779297
LPP,ForestFires,4,7,0.0004696846008300781
LPP,ForestFires,4,20,0.0005381107330322266
LPP,HousePrice,2,7,0.008956670761108398
LPP,HousePrice,2,10,0.0013756752014160156
LPP,HousePrice,2,34,0.0014584064483642578
LPP,HousePrice,11,7,0.019493818283081055
LPP,HousePrice,11,10,0.019077539443969727
LPP,HousePrice,11,34,0.01714777946472168
LPP,HousePrice,20,7,0.025077342987060547
LPP,HousePrice,20,10,0.019229888916015625
LPP,HousePrice,20,34,0.015209197998046875
LPP,HousePrice,29,7,0.03046894073486328
LPP,HousePrice,29,10,0.023685693740844727
LPP,HousePrice,29,34,0.029630661010742188
LPP,HousePrice,38,7,0.02393794059753418
LPP,HousePrice,38,10,0.023261308670043945
LPP,HousePrice,38,34,0.02637314796447754
LPP,HousePrice,47,7,0.026797056198120117
LPP,HousePrice,47,10,0.023276090621948242
LPP,HousePrice,47,34,0.030929088592529297
LPP,HousePrice,56,7,0.0340883731842041
LPP,HousePrice,56,10,0.030829191207885742
LPP,HousePrice,56,34,0.031099557876586914
LPP,HousePrice,65,7,0.019268035888671875
LPP,HousePrice,65,10,0.023026704788208008
LPP,HousePrice,65,34,0.023287534713745117
LPP,HousePrice,74,7,0.04255223274230957
LPP,HousePrice,74,10,0.022484540939331055
LPP,HousePrice,74,34,0.03327345848083496
LPP,HousePrice,83,7,0.028453350067138672
LPP,HousePrice,83,10,0.023131370544433594
LPP,HousePrice,83,34,0.03406262397766113
LPP,HousePrice,92,7,0.031090974807739258
LPP,HousePrice,92,10,0.02657175064086914
LPP,HousePrice,92,34,0.03947806358337402
LPP,OnlineNewsPopularity,2,10,0.059110403060913086
LPP,OnlineNewsPopularity,2,31,0.007776737213134766
LPP,OnlineNewsPopularity,2,178,0.014114856719970703
LPP,OnlineNewsPopularity,4,10,0.008417367935180664
LPP,OnlineNewsPopularity,4,31,0.0017466545104980469
LPP,OnlineNewsPopularity,4,178,0.011231660842895508
LPP,OnlineNewsPopularity,6,10,0.011458635330200195
LPP,OnlineNewsPopularity,6,31,0.014732122421264648
LPP,OnlineNewsPopularity,6,178,0.015825748443603516
LPP,OnlineNewsPopularity,8,10,0.0038919448852539062
LPP,OnlineNewsPopularity,8,31,0.0029647350311279297
LPP,OnlineNewsPopularity,8,178,0.002948760986328125
LPP,OnlineNewsPopularity,10,10,0.010411977767944336
LPP,OnlineNewsPopularity,10,31,0.00392913818359375
LPP,OnlineNewsPopularity,10,178,0.017017841339111328
LPP,OnlineNewsPopularity,12,10,0.022187232971191406
LPP,OnlineNewsPopularity,12,31,0.006649971008300781
LPP,OnlineNewsPopularity,12,178,0.0056002140045166016
LPP,OnlineNewsPopularity,14,10,0.0062596797943115234
LPP,OnlineNewsPopularity,14,31,0.003814220428466797
LPP,OnlineNewsPopularity,14,178,0.005213499069213867
LPP,OnlineNewsPopularity,16,10,0.006972551345825195
LPP,OnlineNewsPopularity,16,31,0.013527154922485352
LPP,OnlineNewsPopularity,16,178,0.018826961517333984
LPP,OnlineNewsPopularity,18,10,0.011360645294189453
LPP,OnlineNewsPopularity,18,31,0.0025136470794677734
LPP,OnlineNewsPopularity,18,178,0.0024046897888183594
LPP,OnlineNewsPopularity,20,10,0.012499570846557617
LPP,OnlineNewsPopularity,20,31,0.01505732536315918
LPP,OnlineNewsPopularity,20,178,0.0026869773864746094
LPP,OnlineNewsPopularity,22,10,0.002757549285888672
LPP,OnlineNewsPopularity,22,31,0.002620220184326172
LPP,OnlineNewsPopularity,22,178,0.0026769638061523438
LPP,PremiumPrice,2,6,0.0010027885437011719
LPP,PremiumPrice,2,9,0.0005950927734375
LPP,PremiumPrice,2,28,0.0005879402160644531
LPP,PremiumPrice,4,6,0.0006754398345947266
LPP,PremiumPrice,4,9,0.0005848407745361328
LPP,PremiumPrice,4,28,0.0007414817810058594
LPP,WineQuality,2,8,0.0012826919555664062
LPP,WineQuality,2,15,0.0007836818695068359
LPP,WineQuality,2,62,0.0007903575897216797
LPP,WineQuality,4,8,0.0006148815155029297
LPP,WineQuality,4,15,0.0006132125854492188
LPP,WineQuality,4,62,0.000637054443359375
Index(['dr_name', 'dataset_name', 'n_components', 'n_neighbors', 'RMSE', 'MAE',
       'MAE_percentage', 'R2', 'residuals_mean', 'residuals_var'],
      dtype='object')
[['LPP' 'Admission' 2 5 0.07490654022985166 0.05945728399932254
  0.09072337699012005 0.7544691563012442 0.014936276269486126
  0.0054560986535776915]]
[['LPP' 'Admission' 2 6 0.07588535032559006 0.05980603649872478
  0.09139425984074809 0.7480104876327027 0.013815909465388207
  0.005638184343981498]]
[['LPP' 'Admission' 2 17 0.0755984086975257 0.06008293700059233
  0.09232379919982978 0.7499125563848841 0.0136201439098459
  0.005599606154403257]]
[['LPP' 'BankHappiness' 2 8 0.3101894759492164 0.17402282796003138
  411128995306579.7 -0.0007611784151468903 -0.008555122712117629
  0.09618388642917214]]
[['LPP' 'BankHappiness' 2 19 0.31018386972388756 0.1738198450581335
  410118487681494.75 -0.0007250041255539852 -0.008309350081244078
  0.09618455357668836]]
[['LPP' 'BankHappiness' 2 87 0.310184424434751 0.1738386765769386
  410212217434073.9 -0.0007285833801942143 -0.008332142934201326
  0.09618451838013896]]
[['LPP' 'BankHappiness' 4 8 0.3064671643674096 0.17309966973780622
  411361060994811.4 0.02311322168665142 -0.0095813388024629
  0.09386893408288667]]
[['LPP' 'BankHappiness' 4 19 0.30651931868475696 0.17311586248154798
  411361267469241.0 0.02278070189863113 -0.009565237751787478
  0.09390122553765094]]
[['LPP' 'BankHappiness' 4 87 0.3065307124328536 0.1730977778457124
  411292712241609.7 0.02270805135574061 -0.009552877750753213
  0.09390844974690624]]
[['LPP' 'BankHappiness' 6 8 0.3064553495314812 0.17299509455523815
  410624684620503.06 0.02318854156343475 -0.009358897182812138
  0.09386590435442829]]
[['LPP' 'BankHappiness' 6 19 0.30645455617973655 0.17298105616800208
  410688826935870.25 0.023193599096760775 -0.009401420480197613
  0.0938646198223217]]
[['LPP' 'BankHappiness' 6 87 0.30631150391410084 0.17293550748181274
  410930189812637.75 0.02410532810898991 -0.009554155815617775
  0.0937740297983069]]
[['LPP' 'BankHappiness' 8 8 0.3045830082908669 0.1723035227202806
  409894714022683.9 0.0350880715795896 -0.009680827333458136
  0.09271522924203333]]
[['LPP' 'BankHappiness' 8 19 0.3048717580897659 0.17230630041545744
  409487430862562.06 0.03325769900445452 -0.009508166931249472
  0.09289459614590874]]
[['LPP' 'BankHappiness' 8 87 0.30514743398829175 0.17225310703503388
  408772627786787.56 0.03150858293709902 -0.00924669092645161
  0.09306773890295966]]
[['LPP' 'Credit' 2 3 9104.937734879084 6111.495015801163
  1.205564808969519 7.448632330375737e-05 -305.0056189342784
  92007625.2538262]]
[['LPP' 'Credit' 2 6 9110.402820347737 6116.17 1.2065679717468742
  -0.0011262508138998317 -305.57000000000005 92117851.69344443]]
[['LPP' 'Credit' 4 3 9108.441505582485 6114.569771875699
  1.2061176168278975 -0.0006952463062632752 -306.2037584106649
  92077717.68772542]]
[['LPP' 'Credit' 4 6 9106.279716598809 6112.13207205212
  1.2054467326173293 -0.00022029452855010234 -304.5799378449863
  92035068.15377912]]
[['LPP' 'Credit' 6 3 9108.868998299598 6115.480893135567
  1.2064216961721361 -0.0007891811398930137 -306.6565833369674
  92086062.40897734]]
[['LPP' 'Credit' 6 6 9109.01133828263 6114.042347458725
  1.2059381385226697 -0.0008204591016474083 -304.52579254530303
  92090390.6695957]]
[['LPP' 'Credit' 8 3 9109.45982772457 6114.84963688277 1.2061466220450545
  -0.0009190139156534105 -304.98686910866144 92099157.06955452]]
[['LPP' 'Credit' 8 6 9109.466331834166 6114.577226136111
  1.2060103563611608 -0.0009204432186882272 -304.66120912251824
  92099509.33164024]]
[['LPP' 'Credit' 10 3 9109.88354718563 6115.167464760785
  1.2062012307947603 -0.0010121300249967824 -304.91866417386734
  92107780.94613542]]
[['LPP' 'Credit' 10 6 9110.03710019098 6115.4950003428185
  1.206307458934635 -0.0010458757288998033 -305.25514448423894
  92110661.40402447]]
[['LPP' 'Facebook' 2 5 255.87984135466925 132.06674741753986
  1.5869541456068337 -0.056293389580277964 68.93787974125438
  61335.41610956673]]
[['LPP' 'Facebook' 2 7 248.51472507061266 131.77907049280168
  1.6692014779915914 0.0036391145447675077 64.30236478143519
  58206.84288933073]]
[['LPP' 'Facebook' 2 20 248.56229135319813 130.32518991631517
  1.5761773094222875 0.0032576665721963938 66.4334875371768
  57949.297390302956]]
[['LPP' 'Facebook' 4 5 249.75198365978702 126.36025077186196
  1.3893177251906312 -0.00630657193838946 69.70145471877872
  58098.74803240865]]
[['LPP' 'Facebook' 4 7 250.32873776241365 126.39028371219223
  1.380004103424695 -0.010959680886533985 71.09833635396144
  58191.41769436587]]
[['LPP' 'Facebook' 4 20 249.9365826157914 126.01828467603255
  1.358335051426059 -0.007794702613855398 70.71589007233555
  58048.03860700775]]
[['LPP' 'Facebook' 6 5 251.30800193945444 127.47963454905376
  1.4416522113998438 -0.018884723763707312 69.70584063309988
  58885.664263064355]]
[['LPP' 'Facebook' 6 7 251.99454794780522 127.47755882773976
  1.4279789172425228 -0.024459291456023546 70.75669864431947
  59085.59777007641]]
[['LPP' 'Facebook' 6 20 252.70862534779363 127.95049722202009
  1.4265553364917236 -0.030273541969590534 70.87118069728317
  59433.25764822685]]
[['LPP' 'Facebook' 8 5 253.18932101477867 129.34850236686404
  1.4858642582928414 -0.034196787965685926 69.79324673816566
  59832.055541081]]
[['LPP' 'Facebook' 8 7 253.17884445164333 129.24173812320836
  1.4769554164760643 -0.0341112029675803 70.02946018509645
  59793.33533742769]]
[['LPP' 'Facebook' 8 20 253.85545497570206 129.9022894429533
  1.4858016210004823 -0.039645831836130796 70.02514268907328
  60140.47617403598]]
[['LPP' 'ForestFires' 2 6 11.30438051050003 4.957934842848355
  2975985135741389.5 -0.12797010134925046 3.5020317012801767
  116.6463926184249]]
[['LPP' 'ForestFires' 2 7 11.299525339110257 4.995622116834749
  3155102983771055.5 -0.1270013950856539 3.4332351526404135
  117.01733596786764]]
[['LPP' 'ForestFires' 2 20 11.316534428431869 4.974347422754129
  3053844259815314.0 -0.13039688197468347 3.4692374150839744
  117.15483199686591]]
[['LPP' 'ForestFires' 4 6 11.350414642250387 5.023057092950086
  3082866513961163.0 -0.13717553280984363 3.5093417073499373
  117.64766084014452]]
[['LPP' 'ForestFires' 4 7 11.358695406011313 5.004155697714011
  3019417600846340.5 -0.13883540467135536 3.5183108223042043
  117.77389154909481]]
[['LPP' 'ForestFires' 4 20 11.423933064531694 4.985155007749115
  2823219078757538.5 -0.15195457123353084 3.606889505877497
  118.63733839369219]]
[['LPP' 'HousePrice' 2 7 92680.72972560575 60082.66281703247
  0.31606512724026753 -0.0657291235264903 23020.939516476974
  8087450755.411858]]
[['LPP' 'HousePrice' 2 10 92679.17093955677 60082.54532350065
  0.316072627459719 -0.06569327508799572 23014.69769180875
  8087449159.896515]]
[['LPP' 'HousePrice' 2 34 92679.41238610126 60082.94954088723
  0.3160764953875307 -0.06569882775514424 23014.831237827006
  8087487899.696185]]
[['LPP' 'HousePrice' 11 7 92680.72884265905 60082.3117514695
  0.31606146281785463 -0.06572910322060777 23021.236621029453
  8087436864.836973]]
[['LPP' 'HousePrice' 11 10 92679.25606463283 60082.51865917781
  0.31607166427672956 -0.06569523275036637 23015.088099272438
  8087446960.643095]]
[['LPP' 'HousePrice' 11 34 92679.5246257109 60083.0487173946
  0.3160772359732828 -0.06570140899060473 23014.61655246164
  8087518691.611498]]
[['LPP' 'HousePrice' 20 7 92678.73167214068 60083.767123282974
  0.3160957100034755 -0.06568317307225291 23008.75342466781
  8087641974.220794]]
[['LPP' 'HousePrice' 20 10 92679.25509019644 60082.517967631415
  0.31607166270398895 -0.0656952103407733 23015.086774020336
  8087446840.613543]]
[['LPP' 'HousePrice' 20 34 92678.73167211731 60083.76712326475
  0.316095710003546 -0.06568317307171578 23008.75342456352
  8087641974.221264]]
[['LPP' 'HousePrice' 29 7 92678.73167214064 60083.767123283054
  0.31609571000347636 -0.06568317307225224 23008.753424667644
  8087641974.220794]]
[['LPP' 'HousePrice' 29 10 92679.25029911612 60082.504367526686
  0.3160714930335698 -0.06569510015794511 23015.1368752893
  8087443635.396669]]
[['LPP' 'HousePrice' 29 34 92678.73167211622 60083.76712326536
  0.31609571000355835 -0.06568317307169047 23008.753424559323
  8087641974.221253]]
[['LPP' 'HousePrice' 38 7 92678.73167214061 60083.76712328307
  0.3160957100034768 -0.06568317307225136 23008.7534246675
  8087641974.220794]]
[['LPP' 'HousePrice' 38 10 92679.18363296338 60082.57689832019
  0.3160728462033975 -0.06569356700426665 23014.64870102602
  8087453783.573695]]
[['LPP' 'HousePrice' 38 34 92678.73167212316 60083.76712326449
  0.316095710003499 -0.06568317307185012 23008.75342458742
  8087641974.221247]]
[['LPP' 'HousePrice' 47 7 92626.65642413261 59968.79031695868
  0.31503915825975837 -0.06448591619805266 23181.464559642558
  8069954009.985667]]
[['LPP' 'HousePrice' 47 10 92599.08379822283 59912.5219225971
  0.31457090805124 -0.06385226915500763 23240.708730920072
  8062069605.3704815]]
[['LPP' 'HousePrice' 47 34 92623.03360124661 59958.44223464936
  0.3149643778747602 -0.06440264927099082 23179.006689670947
  8069394916.475368]]
[['LPP' 'HousePrice' 56 7 92663.02698505615 60042.39729678007
  0.31569945296800506 -0.06532203729792374 23077.37713761877
  8081547767.933178]]
[['LPP' 'HousePrice' 56 10 92659.5424480185 60039.68833983447
  0.31568599137446335 -0.06524191722371309 23074.08927707165
  8081052046.485506]]
[['LPP' 'HousePrice' 56 34 92663.56623110405 60044.43725390916
  0.3157231310336427 -0.06533443646917036 23068.061136158303
  8082079416.2499075]]
[['LPP' 'HousePrice' 65 7 92672.34750013756 60060.715519281104
  0.31586753051815974 -0.06553635901415444 23050.050355052485
  8084545971.086642]]
[['LPP' 'HousePrice' 65 10 92671.39727078383 60059.78476772469
  0.3158640806043467 -0.0655145078630357 23048.674087397238
  8084432909.004315]]
[['LPP' 'HousePrice' 65 34 92672.03574148628 60061.36548674
  0.3158767880064806 -0.06552918989351864 23046.710842473447
  8084642459.525431]]
[['LPP' 'HousePrice' 74 7 92674.29865329174 60069.42444146238
  0.31595895381052186 -0.0655812277710186 23031.186653358694
  8085781103.393672]]
[['LPP' 'HousePrice' 74 10 92673.8185748823 60069.10175900956
  0.3159565516590423 -0.06557018779071422 23031.417763501508
  8085681133.867886]]
[['LPP' 'HousePrice' 74 34 92674.88105127872 60069.51527258856
  0.31595538145757895 -0.0655946207898177 23033.109094864867
  8085800561.104713]]
[['LPP' 'HousePrice' 83 7 92676.11377258091 60072.72709577112
  0.3159858596991174 -0.06562296913858257 23028.074508798698
  8086262528.297004]]
[['LPP' 'HousePrice' 83 10 92676.18111176479 60073.28378991002
  0.3159918229503923 -0.06562451771899269 23026.83812806943
  8086332189.742342]]
[['LPP' 'HousePrice' 83 34 92676.1359513435 60073.396457020106
  0.31599285674814126 -0.06562347917726918 23026.694809656336
  8086330413.389469]]
[['LPP' 'HousePrice' 92 7 92677.2973539236 60075.15541256191
  0.31600742902457896 -0.06565018779217269 23025.071647985777
  8086621429.437617]]
[['LPP' 'HousePrice' 92 10 92676.82033017343 60075.30543128989
  0.31601234989273014 -0.0656392177022973 23022.90625947695
  8086632761.692599]]
[['LPP' 'HousePrice' 92 34 92677.55445189978 60075.558372621614
  0.31600893758028353 -0.06565610028410851 23025.47241416755
  8086650728.633893]]
[['LPP' 'OnlineNewsPopularity' 2 10 7068.964981451007 2200.494181155501
  0.6575160432200271 -0.064460253526468 1740.3758431736849
  46947278.79183249]]
[['LPP' 'OnlineNewsPopularity' 2 31 7070.01283428961 2200.4531088409635
  0.6560425263434845 -0.06477585287388465 1743.8040232059527
  46950150.32618084]]
[['LPP' 'OnlineNewsPopularity' 2 178 7070.012834289613 2200.453108840962
  0.6560425263434765 -0.06477585287388576 1743.8040232059668
  46950150.32618084]]
[['LPP' 'OnlineNewsPopularity' 4 10 7062.933979945224 2198.582958186732
  0.6666701422238462 -0.06264470546612055 1713.708278459508
  46954162.16788523]]
[['LPP' 'OnlineNewsPopularity' 4 31 7062.796170591624 2198.624958368269
  0.6669944645248697 -0.06260323801032452 1713.3044184275782
  46953599.47263451]]
[['LPP' 'OnlineNewsPopularity' 4 178 7062.564509058995 2198.6564893719187
  0.6674709339574035 -0.06253353183401078 1712.7088059203388
  46952367.59089285]]
[['LPP' 'OnlineNewsPopularity' 6 10 7041.750327410483 2186.3101943345746
  0.663288157597059 -0.056279945882080185 1691.2391233654942
  46731851.69002075]]
[['LPP' 'OnlineNewsPopularity' 6 31 7046.464990830134 2184.2306662531514
  0.6668287556778618 -0.057694841702417454 1687.0038719689796
  46812590.77455113]]
[['LPP' 'OnlineNewsPopularity' 6 178 7045.074086770309 2183.865397122112
  0.6680338873381871 -0.05727732544264752 1684.5815108400695
  46801156.55093663]]
[['LPP' 'OnlineNewsPopularity' 8 10 7044.578259524372 2182.6557304046437
  0.662213441528843 -0.057128509844499575 1690.2558091098726
  46775017.387198836]]
[['LPP' 'OnlineNewsPopularity' 8 31 7045.024816244555 2184.0955135928893
  0.6651396344515762 -0.057262537116252954 1688.0078562660835
  46788905.123062335]]
[['LPP' 'OnlineNewsPopularity' 8 178 7042.24445262023 2181.161526674467
  0.6619502854352963 -0.056428191087553925 1682.7235425667322
  46767546.70041929]]
[['LPP' 'OnlineNewsPopularity' 10 10 7042.655697150928 2181.3070562244734
  0.6610631388806193 -0.05655157873870298 1686.011221555379
  46762263.05369911]]
/home/soyoung/.local/lib/python3.8/site-packages/umap/distances.py:1063: NumbaDeprecationWarning: [1mThe 'nopython' keyword argument was not supplied to the 'numba.jit' decorator. The implicit default value for this argument is currently False, but it will be changed to True in Numba 0.59.0. See https://numba.readthedocs.io/en/stable/reference/deprecation.html#deprecation-of-object-mode-fall-back-behaviour-when-using-jit for details.[0m
  @numba.jit()
/home/soyoung/.local/lib/python3.8/site-packages/umap/distances.py:1071: NumbaDeprecationWarning: [1mThe 'nopython' keyword argument was not supplied to the 'numba.jit' decorator. The implicit default value for this argument is currently False, but it will be changed to True in Numba 0.59.0. See https://numba.readthedocs.io/en/stable/reference/deprecation.html#deprecation-of-object-mode-fall-back-behaviour-when-using-jit for details.[0m
  @numba.jit()
/home/soyoung/.local/lib/python3.8/site-packages/umap/distances.py:1086: NumbaDeprecationWarning: [1mThe 'nopython' keyword argument was not supplied to the 'numba.jit' decorator. The implicit default value for this argument is currently False, but it will be changed to True in Numba 0.59.0. See https://numba.readthedocs.io/en/stable/reference/deprecation.html#deprecation-of-object-mode-fall-back-behaviour-when-using-jit for details.[0m
  @numba.jit()
/home/soyoung/.local/lib/python3.8/site-packages/umap/umap_.py:660: NumbaDeprecationWarning: [1mThe 'nopython' keyword argument was not supplied to the 'numba.jit' decorator. The implicit default value for this argument is currently False, but it will be changed to True in Numba 0.59.0. See https://numba.readthedocs.io/en/stable/reference/deprecation.html#deprecation-of-object-mode-fall-back-behaviour-when-using-jit for details.[0m
  @numba.jit()
[['LPP' 'OnlineNewsPopularity' 10 31 7045.251475680984 2177.1436685532512
  0.652343885562879 -0.05733056878172316 1689.2661504097564
  46787849.07985418]]
[['LPP' 'OnlineNewsPopularity' 10 178 7044.620399988058
  2176.5351362824385 0.6525489129385211 -0.05714115730675551
  1686.7890875905584 46787319.93836766]]
[['LPP' 'OnlineNewsPopularity' 12 10 7043.710751942094 2176.0462048879813
  0.6512385826542483 -0.05686816479681989 1688.5938824910409
  46768410.25661683]]
[['LPP' 'OnlineNewsPopularity' 12 31 7046.303719488854 2176.128504901792
  0.6495141039789699 -0.057646427663878175 1692.1939015317253
  46792777.37964434]]
[['LPP' 'OnlineNewsPopularity' 12 178 7038.144333087182 2166.324413590283
  0.6396024340427207 -0.055198406760150975 1688.6012949372157
  46689989.82935181]]
[['LPP' 'OnlineNewsPopularity' 14 10 7045.420984648506 2175.3981980207395
  0.6485240212625267 -0.05738144820590452 1693.0117693196416
  46777567.55436111]]
[['LPP' 'OnlineNewsPopularity' 14 31 7038.527533548789 2165.7635146292564
  0.6388626950797653 -0.05531331304941012 1688.898358054304
  46694381.23977576]]
[['LPP' 'OnlineNewsPopularity' 14 178 7041.357579014413
  2168.5222287138977 0.6401264768090152 -0.056162122708516726
  1692.9810075881653 46720424.21110091]]
[['LPP' 'OnlineNewsPopularity' 16 10 7040.297280553939 2167.931497425676
  0.6389384189040114 -0.055844069621166614 1692.4374561247082
  46707331.952106096]]
[['LPP' 'OnlineNewsPopularity' 16 31 7039.763999244769 2167.2170210609743
  0.6388248863067335 -0.05568412166437797 1691.5163114076602
  46702939.875803694]]
[['LPP' 'OnlineNewsPopularity' 16 178 7042.732984818648
  2169.2002052230287 0.6398174219655309 -0.05657476852929566
  1696.4322886733073 46728098.70091203]]
[['LPP' 'OnlineNewsPopularity' 18 10 7042.322114879056 2169.643946383703
  0.6403289683507069 -0.05645149191232823 1695.7279261994445
  46724700.45695057]]
[['LPP' 'OnlineNewsPopularity' 18 31 7042.029834494666 2169.193507724522
  0.6399801152258017 -0.05636380105258132 1695.342640677473
  46721890.053096116]]
[['LPP' 'OnlineNewsPopularity' 18 178 7043.969517485589
  2169.6594546245815 0.6387429562126132 -0.05694581877727112
  1699.3804756996524 46735506.81189561]]
[['LPP' 'OnlineNewsPopularity' 20 10 7043.160418414727 2170.65569371838
  0.6411163945286599 -0.05670302250638404 1697.2029601305057
  46731504.53670261]]
[['LPP' 'OnlineNewsPopularity' 20 31 7044.075831442964 2171.111658259155
  0.6411116601096903 -0.05697772378209143 1698.4045532045236
  46740321.14977262]]
[['LPP' 'OnlineNewsPopularity' 20 178 7044.644906833588 2170.976125398584
  0.6432762152502807 -0.05714851249089237 1700.292676154614
  46741921.73765603]]
[['LPP' 'OnlineNewsPopularity' 22 10 7043.876377837532 2171.2049746658504
  0.6412785328732902 -0.056917867801477895 1698.6009164817362
  46736843.77122002]]
[['LPP' 'OnlineNewsPopularity' 22 31 7044.859559063534 2171.8107840250773
  0.6427768884550221 -0.05721293667287397 1700.2210054055245
  46745190.21078888]]
[['LPP' 'OnlineNewsPopularity' 22 178 7045.06376935204 2172.1647935568703
  0.6442585817988559 -0.057274228707461905 1700.7535551801002
  46746256.46433639]]
[['LPP' 'PremiumPrice' 2 6 5832.785323050833 4458.252818201277
  0.20017321664497886 -0.003579610216084106 1107.3923258516245
  32961539.2820586]]
[['LPP' 'PremiumPrice' 2 9 5825.086958989671 4451.942823673724
  0.1999415348380992 -0.0009322222967407257 1102.7074290387447
  32881743.818961382]]
[['LPP' 'PremiumPrice' 2 28 5821.953220740555 4449.647720816468
  0.19985359875313002 0.0001444366074492276 1101.343290628534
  32848081.663017306]]
[['LPP' 'PremiumPrice' 4 6 5898.034171391959 4516.6798132063095
  0.20194594017029255 -0.02615842012187275 1218.1364382929053
  33472001.215801228]]
[['LPP' 'PremiumPrice' 4 9 5896.299209552975 4515.4055870019365
  0.2018947955984597 -0.025554800747932926 1216.6145014461279
  33455158.972803622]]
[['LPP' 'PremiumPrice' 4 28 5898.958986204814 4517.298920650657
  0.20195731223278068 -0.02648024969492746 1219.8287374166146
  33478819.92139709]]
[['LPP' 'WineQuality' 2 8 0.8070821817131757 0.6114026074521773
  0.11006536591199752 0.08838993888972568 -0.024006747098857664
  0.6514700895301107]]
[['LPP' 'WineQuality' 2 15 0.8036710729371445 0.6122413240947496
  0.10979928846106046 0.09607944023657222 -0.00913727882549773
  0.6464633601015057]]
[['LPP' 'WineQuality' 2 62 0.8062002391338949 0.612791146684367
  0.11002637468901544 0.09038118207722134 -0.017463237411149857
  0.6503174501535217]]
[['LPP' 'WineQuality' 4 8 0.7248927288409182 0.5459483983316197
  0.09771625522740163 0.26460431365417236 -0.008726845363535473
  0.5259299737349389]]
[['LPP' 'WineQuality' 4 15 0.7223262361317154 0.543245088811598
  0.0972313711944543 0.2698024524446059 -0.00877824885036818
  0.5222110021208428]]
[['LPP' 'WineQuality' 4 62 0.7143096105474137 0.538030375410924
  0.09641171064257029 0.2859204798592482 -0.013477685300816451
  0.5105775692389616]]
Finished python experiment_script.py
