Entered python experiment_script.py
----------pca----------
Index(['dr_name', 'dataset_name', 'n_components', 'n_neighbors',
       'fit_transform_time'],
      dtype='object')
PCA,Admission,2,None,0.002168416976928711
PCA,BankHappiness,2,None,0.04373669624328613
PCA,BankHappiness,4,None,0.03592181205749512
PCA,BankHappiness,6,None,0.03531527519226074
PCA,BankHappiness,8,None,0.05225539207458496
PCA,Credit,2,None,0.004720926284790039
PCA,Credit,4,None,0.004626750946044922
PCA,Credit,6,None,0.004646778106689453
PCA,Credit,8,None,0.006575345993041992
PCA,Credit,10,None,0.004645586013793945
PCA,Facebook,2,None,0.006779193878173828
PCA,Facebook,4,None,0.005452394485473633
PCA,Facebook,6,None,0.006898641586303711
PCA,Facebook,8,None,0.004111766815185547
PCA,ForestFires,2,None,0.004524707794189453
PCA,ForestFires,4,None,0.0010724067687988281
PCA,HousePrice,2,None,0.023825645446777344
PCA,HousePrice,11,None,0.06114482879638672
PCA,HousePrice,20,None,0.05730581283569336
PCA,HousePrice,29,None,0.06701302528381348
PCA,HousePrice,38,None,0.04377126693725586
PCA,HousePrice,47,None,0.07492566108703613
PCA,HousePrice,56,None,0.4268033504486084
PCA,HousePrice,65,None,0.2744143009185791
PCA,HousePrice,74,None,0.5679004192352295
PCA,HousePrice,83,None,0.8477439880371094
PCA,HousePrice,92,None,0.7281689643859863
PCA,OnlineNewsPopularity,2,None,0.1397712230682373
PCA,OnlineNewsPopularity,4,None,0.12455487251281738
PCA,OnlineNewsPopularity,6,None,0.21796607971191406
PCA,OnlineNewsPopularity,8,None,0.17266058921813965
PCA,OnlineNewsPopularity,10,None,0.20334839820861816
PCA,OnlineNewsPopularity,12,None,0.17549920082092285
PCA,OnlineNewsPopularity,14,None,0.2074265480041504
PCA,OnlineNewsPopularity,16,None,0.3028383255004883
PCA,OnlineNewsPopularity,18,None,0.3049733638763428
PCA,OnlineNewsPopularity,20,None,0.25135064125061035
PCA,OnlineNewsPopularity,22,None,0.27196192741394043
PCA,PremiumPrice,2,None,0.026206493377685547
PCA,PremiumPrice,4,None,0.0075647830963134766
PCA,WineQuality,2,None,0.018831968307495117
PCA,WineQuality,4,None,0.011162757873535156
Index(['dr_name', 'dataset_name', 'n_components', 'n_neighbors',
       'transform_time'],
      dtype='object')
PCA,Admission,2,None,0.0010809898376464844
PCA,BankHappiness,2,None,0.0012745857238769531
PCA,BankHappiness,4,None,0.0012226104736328125
PCA,BankHappiness,6,None,0.0012586116790771484
PCA,BankHappiness,8,None,0.0013051033020019531
PCA,Credit,2,None,0.0011324882507324219
PCA,Credit,4,None,0.00109100341796875
PCA,Credit,6,None,0.0010876655578613281
PCA,Credit,8,None,0.0010814666748046875
PCA,Credit,10,None,0.0010914802551269531
PCA,Facebook,2,None,0.013027667999267578
PCA,Facebook,4,None,0.0010678768157958984
PCA,Facebook,6,None,0.001062154769897461
PCA,Facebook,8,None,0.009228706359863281
PCA,ForestFires,2,None,0.001003265380859375
PCA,ForestFires,4,None,0.0009775161743164062
PCA,HousePrice,2,None,0.0025360584259033203
PCA,HousePrice,11,None,0.018339872360229492
PCA,HousePrice,20,None,0.016689777374267578
PCA,HousePrice,29,None,0.0064623355865478516
PCA,HousePrice,38,None,0.006410837173461914
PCA,HousePrice,47,None,0.006373882293701172
PCA,HousePrice,56,None,0.00651860237121582
PCA,HousePrice,65,None,0.006018638610839844
PCA,HousePrice,74,None,0.006517887115478516
PCA,HousePrice,83,None,0.006562471389770508
PCA,HousePrice,92,None,0.006772756576538086
PCA,OnlineNewsPopularity,2,None,0.0037996768951416016
PCA,OnlineNewsPopularity,4,None,0.0026781558990478516
PCA,OnlineNewsPopularity,6,None,0.002833127975463867
PCA,OnlineNewsPopularity,8,None,0.0028040409088134766
PCA,OnlineNewsPopularity,10,None,0.0030765533447265625
PCA,OnlineNewsPopularity,12,None,0.0030755996704101562
PCA,OnlineNewsPopularity,14,None,0.0031099319458007812
PCA,OnlineNewsPopularity,16,None,0.003033876419067383
PCA,OnlineNewsPopularity,18,None,0.0032453536987304688
PCA,OnlineNewsPopularity,20,None,0.003260374069213867
PCA,OnlineNewsPopularity,22,None,0.003266572952270508
PCA,PremiumPrice,2,None,0.001064300537109375
PCA,PremiumPrice,4,None,0.0010099411010742188
PCA,WineQuality,2,None,0.0010249614715576172
PCA,WineQuality,4,None,0.0009961128234863281
Index(['dr_name', 'dataset_name', 'n_components', 'n_neighbors', 'RMSE', 'MAE',
       'MAE_percentage', 'R2', 'residuals_mean', 'residuals_var'],
      dtype='object')
[['PCA' 'Admission' 2 None 0.07596191665356902 0.05803619336361043
  0.09066858506111779 0.747501729483897 0.008537674485822681
  0.005769438882083948]]
[['PCA' 'BankHappiness' 2 None 0.31018840408923193 0.1740836414930588
  411434956483555.25 -0.0007542621649769821 -0.008630183236418103
  0.09618193072838842]]
[['PCA' 'BankHappiness' 4 None 0.3013912767581623 0.17109297193748366
  407960865725734.94 0.055204778137152744 -0.010078046572405429
  0.09077247424479765]]
[['PCA' 'BankHappiness' 6 None 0.3035329010090396 0.16926285631648894
  397386402656680.75 0.04173003328256886 -0.007152390055362274
  0.0921189587539744]]
[['PCA' 'BankHappiness' 8 None 0.30214326434757593 0.16658613325039448
  388121438377483.75 0.05048426581860521 -0.005321237292477239
  0.09129979310026339]]
[['PCA' 'Credit' 2 None 9104.687953796794 6109.652321221694
  1.2049189355627443 0.0001293486536888544 -302.8671069303735
  92004015.83505788]]
[['PCA' 'Credit' 4 None 9104.687954324689 6109.652321648383
  1.2049189357143493 0.00012934853774293487 -302.8671069491502
  92004015.84572592]]
[['PCA' 'Credit' 6 None 9104.687954624982 6109.652321900868
  1.2049189357780912 0.00012934847178680542 -302.86710694873693
  92004015.85180193]]
[['PCA' 'Credit' 8 None 9104.687954729827 6109.652322070478
  1.2049189358232573 0.00012934844875900353 -302.86710705658425
  92004015.85385065]]
[['PCA' 'Credit' 10 None 9104.687954814797 6109.652322198437
  1.2049189358596781 0.00012934843009637653 -302.8671071463019
  92004015.85550943]]
[['PCA' 'Facebook' 2 None 255.3285960148372 131.81201038637573
  1.5697983989552342 -0.05174711815778377 70.34392280206913
  60852.95400780247]]
[['PCA' 'Facebook' 4 None 255.4794329733617 131.82218083263925
  1.5676025943817182 -0.05299013753274506 70.6978120008073
  60880.36368756455]]
[['PCA' 'Facebook' 6 None 255.62642954153907 131.8981951830849
  1.5671117628627869 -0.05420221527024571 70.77959997441778
  60944.565361229135]]
[['PCA' 'Facebook' 8 None 255.5721177233639 131.95042242284197
  1.5718492174596037 -0.05375429948382293 70.4804892918398
  60959.19998665437]]
[['PCA' 'ForestFires' 2 None 11.359339172599284 4.978928482041842
  3064501908147591.5 -0.13896449783432785 3.476744850273174
  118.0822378171043]]
[['PCA' 'ForestFires' 4 None 11.386857626686496 4.970502637521231
  2919626116037859.5 -0.14448955629868587 3.5284546225915694
  118.34850094195167]]
[['PCA' 'HousePrice' 2 None 92606.19699433954 59920.4664652925
  0.3147004281535263 -0.06401571959472885 23174.24750862268
  8066486929.401191]]
[['PCA' 'HousePrice' 11 None 92640.65165230604 60002.89583170116
  0.3153894338238079 -0.06480761298232007 23100.687248578026
  8076307173.417633]]
[['PCA' 'HousePrice' 20 None 92649.97539949467 60020.98898990718
  0.31554099816329517 -0.0650219572557833 23083.752862547703
  8078825505.944584]]
[['PCA' 'HousePrice' 29 None 92653.39745844773 60028.204042007506
  0.3156054832747507 -0.06510063261894428 23074.43294155056
  8079893473.077457]]
[['PCA' 'HousePrice' 38 None 92655.33586184225 60032.52032295814
  0.3156435786566073 -0.06514519906410743 23069.569971072633
  8080479078.577347]]
[['PCA' 'HousePrice' 47 None 92656.32560963932 60035.134737531116
  0.3156673271186923 -0.06516795502813588 23066.1781980337
  8080820140.392742]]
[['PCA' 'HousePrice' 56 None 92657.19695746498 60036.97816818126
  0.3156829897730261 -0.06518798897918243 23064.30360361372
  8081068940.928105]]
[['PCA' 'HousePrice' 65 None 92657.88115477399 60038.26627389121
  0.31569359451819834 -0.06520372011438536 23063.20021082879
  8081247240.375309]]
[['PCA' 'HousePrice' 74 None 92658.45352120177 60039.2908428894
  0.3157021245963807 -0.06521688011164861 23062.261157100293
  8081397136.854378]]
[['PCA' 'HousePrice' 83 None 92658.76338698254 60039.96021184647
  0.3157081384206412 -0.06522400465991418 23061.44508090208
  8081492527.457467]]
[['PCA' 'HousePrice' 92 None 92659.07978702459 60040.45264607251
  0.31571206465820745 -0.06523127947090868 23061.1225154783
  8081566292.19537]]
[['PCA' 'OnlineNewsPopularity' 2 None 7053.0200689141375
  2195.862784858203 0.6740663157698269 -0.05966362950591275
  1699.3767612289275 46863121.060340114]]
[['PCA' 'OnlineNewsPopularity' 4 None 7037.917770314741 2178.813911192067
  0.6632130460482758 -0.05513047270898519 1679.5676113500588
  46717231.12551757]]
[['PCA' 'OnlineNewsPopularity' 6 None 7033.678095326312 2172.806584280808
  0.6544320052747028 -0.05385962442150727 1677.8887506362066
  46663202.01994989]]
[['PCA' 'OnlineNewsPopularity' 8 None 7035.920567290853
  2174.0208308094875 0.6538361976224205 -0.05453171300878479
  1681.1419193396591 46683827.80836381]]
[['PCA' 'OnlineNewsPopularity' 10 None 7038.280231799587
  2173.6664671473122 0.651623704107352 -0.055239156560800584
  1686.5839938273814 46698712.66247207]]
[['PCA' 'OnlineNewsPopularity' 12 None 7039.6968671227205
  2172.240806669476 0.6480868668941221 -0.055663987473119736
  1688.5026043343228 46712182.24427392]]
[['PCA' 'OnlineNewsPopularity' 14 None 7038.802587085967
  2168.8140170768606 0.6438377649722568 -0.05539579431549413
  1688.5338546954474 46699484.98828657]]
[['PCA' 'OnlineNewsPopularity' 16 None 7040.068461298112
  2169.9895941756063 0.6442453455520621 -0.05577543799425411
  1691.035498847471 46708853.76975742]]
[['PCA' 'OnlineNewsPopularity' 18 None 7041.156269352737
  2170.5830825774115 0.6438403007718526 -0.05610173304703103
  1693.7034911189621 46715141.77501104]]
[['PCA' 'OnlineNewsPopularity' 20 None 7041.350982429357
  2170.6598705917545 0.6446420804734614 -0.05616014381171053
  1694.6200852684144 46714778.059886485]]
[['PCA' 'OnlineNewsPopularity' 22 None 7041.774469201332
  2171.1314865162176 0.6447245488558659 -0.05628718855103565
  1695.4092835038612 46718067.086837195]]
[['PCA' 'PremiumPrice' 2 None 5874.323069270407 4495.492534436815
  0.20132815670587398 -0.017924341340147087 1179.2080898503114
  33285247.111638714]]
[['PCA' 'PremiumPrice' 4 None 5896.407115761341 4514.209928574706
  0.20190758962025218 -0.0255923377652032 1211.2199907146035
  33469601.399802383]]
[['PCA' 'WineQuality' 2 None 0.7991392187689216 0.599592135703599
  0.1074078672797229 0.10624500799714376 -0.002543571015166935
  0.6392693368709614]]
[['PCA' 'WineQuality' 4 None 0.723070208931599 0.5392048481643318
  0.09473122067013677 0.26829751783122535 0.05422158993420528
  0.5204215886668082]]
----------kpca----------
Index(['dr_name', 'dataset_name', 'n_components', 'n_neighbors',
       'fit_transform_time'],
      dtype='object')
KPCA,Admission,2,None,0.007617950439453125
KPCA,BankHappiness,2,None,1.943150281906128
KPCA,BankHappiness,4,None,2.2984609603881836
KPCA,BankHappiness,6,None,2.1380460262298584
KPCA,BankHappiness,8,None,2.09244441986084
KPCA,Credit,2,None,0.010739326477050781
KPCA,Credit,4,None,0.007826805114746094
KPCA,Credit,6,None,0.010183334350585938
KPCA,Credit,8,None,0.0077173709869384766
KPCA,Credit,10,None,0.009675025939941406
KPCA,Facebook,2,None,0.022426605224609375
KPCA,Facebook,4,None,0.009347677230834961
KPCA,Facebook,6,None,0.01461172103881836
KPCA,Facebook,8,None,0.011478900909423828
KPCA,ForestFires,2,None,0.009243249893188477
KPCA,ForestFires,4,None,0.006154298782348633
KPCA,HousePrice,2,None,0.07970571517944336
KPCA,HousePrice,11,None,0.1600942611694336
KPCA,HousePrice,20,None,0.18908286094665527
KPCA,HousePrice,29,None,0.16657543182373047
KPCA,HousePrice,38,None,0.19133377075195312
KPCA,HousePrice,47,None,0.19854426383972168
KPCA,HousePrice,56,None,0.16996335983276367
KPCA,HousePrice,65,None,0.1587390899658203
KPCA,HousePrice,74,None,0.2100977897644043
KPCA,HousePrice,83,None,0.1859745979309082
KPCA,HousePrice,92,None,0.2252957820892334
KPCA,OnlineNewsPopularity,2,None,36.12847185134888
KPCA,OnlineNewsPopularity,4,None,39.28347373008728
KPCA,OnlineNewsPopularity,6,None,38.445799589157104
KPCA,OnlineNewsPopularity,8,None,38.1072359085083
** fit_transform took too long **
KPCA,PremiumPrice,2,None,0.1184530258178711
KPCA,PremiumPrice,4,None,0.05279684066772461
KPCA,WineQuality,2,None,0.49173951148986816
KPCA,WineQuality,4,None,0.5704808235168457
Index(['dr_name', 'dataset_name', 'n_components', 'n_neighbors',
       'transform_time'],
      dtype='object')
KPCA,Admission,2,None,0.012666463851928711
KPCA,BankHappiness,2,None,0.30377721786499023
KPCA,BankHappiness,4,None,0.29490089416503906
KPCA,BankHappiness,6,None,0.2926797866821289
KPCA,BankHappiness,8,None,0.2976391315460205
KPCA,Credit,2,None,0.00460052490234375
KPCA,Credit,4,None,0.0017800331115722656
KPCA,Credit,6,None,0.0017516613006591797
KPCA,Credit,8,None,0.0017247200012207031
KPCA,Credit,10,None,0.0019116401672363281
KPCA,Facebook,2,None,0.004408359527587891
KPCA,Facebook,4,None,0.003484487533569336
KPCA,Facebook,6,None,0.004016876220703125
KPCA,Facebook,8,None,0.003933906555175781
KPCA,ForestFires,2,None,0.003474712371826172
KPCA,ForestFires,4,None,0.002618074417114258
KPCA,HousePrice,2,None,0.027467012405395508
KPCA,HousePrice,11,None,0.014796018600463867
KPCA,HousePrice,20,None,0.016879796981811523
KPCA,HousePrice,29,None,0.016492366790771484
KPCA,HousePrice,38,None,0.01494598388671875
KPCA,HousePrice,47,None,0.014619112014770508
KPCA,HousePrice,56,None,0.01853179931640625
KPCA,HousePrice,65,None,0.014984607696533203
KPCA,HousePrice,74,None,0.015185117721557617
KPCA,HousePrice,83,None,0.029835224151611328
KPCA,HousePrice,92,None,0.020518779754638672
KPCA,OnlineNewsPopularity,2,None,3.2562904357910156
KPCA,OnlineNewsPopularity,4,None,3.259380578994751
KPCA,OnlineNewsPopularity,6,None,3.353163480758667
KPCA,OnlineNewsPopularity,8,None,3.3109636306762695
KPCA,PremiumPrice,2,None,0.017454862594604492
KPCA,PremiumPrice,4,None,0.007078886032104492
KPCA,WineQuality,2,None,0.11450338363647461
KPCA,WineQuality,4,None,0.08926892280578613
Index(['dr_name', 'dataset_name', 'n_components', 'n_neighbors', 'RMSE', 'MAE',
       'MAE_percentage', 'R2', 'residuals_mean', 'residuals_var'],
      dtype='object')
[['KPCA' 'Admission' 2 None 0.07752745398068922 0.05906724290854317
  0.09258899936075855 0.7369867528581174 0.009453702680196536
  0.005996084684923878]]
[['KPCA' 'BankHappiness' 2 None 0.31019847995821775 0.17407029470166666
  411354647207889.1 -0.0008192783452762864 -0.00860786554503606
  0.09618856910952564]]
[['KPCA' 'BankHappiness' 4 None 0.31018003202337496 0.17399628040215925
  411009094542776.06 -0.0007002416573647086 -0.008528423634531808
  0.0961784815971781]]
[['KPCA' 'BankHappiness' 6 None 0.31003567061154735 0.17356552561105043
  409053618479394.56 0.0002310167572527888 -0.008090772605772824
  0.09609618593844468]]
[['KPCA' 'BankHappiness' 8 None 0.3096835255607975 0.17145031153718038
  398985943587337.5 0.0025008443416868475 -0.00573504089180194
  0.09591044839422405]]
[['KPCA' 'Credit' 2 None 9110.396306798064 6116.053444235013
  1.206529017014209 -0.0011248192892217013 -305.37574039168555
  92117851.69344448]]
[['KPCA' 'Credit' 4 None 9110.393553737224 6116.004157716073
  1.206512544700124 -0.0011242142316529868 -305.293596193453
  92117851.69344449]]
[['KPCA' 'Credit' 6 None 9110.403376476439 6116.179948134801
  1.2065712965668163 -0.0011263730379265091 -305.58658022467387
  92117851.69344433]]
[['KPCA' 'Credit' 8 None 9110.393764481018 6116.007931013357
  1.2065138057942195 -0.0011242605481411871 -305.2998850222628
  92117851.69344443]]
[['KPCA' 'Credit' 10 None 9110.381732616048 6115.792380026123
  1.2064417653328638 -0.0011216162312699396 -304.9406333768802
  92117851.6934443]]
[['KPCA' 'Facebook' 2 None 251.22514387071575 131.34540503093314
  1.5377261322364402 -0.018212967174826566 67.11896744007616
  59201.12840670693]]
[['KPCA' 'Facebook' 4 None 251.0590104291841 129.37599917878833
  1.4292901235857562 -0.01686673813155659 68.34629120327729
  58948.90019842221]]
[['KPCA' 'Facebook' 6 None 249.66044698216243 128.34418552952528
  1.428057816131197 -0.005569063642685279 67.40019846508784
  58371.26468100999]]
[['KPCA' 'Facebook' 8 None 248.9252661305928 127.18685087536507
  1.429441074513978 0.0003444613007461683 67.00251203385766
  58055.00151448405]]
[['KPCA' 'ForestFires' 2 None 11.33438820469518 4.798990231529057
  2172805206986634.5 -0.13396648595840777 3.744096680734778
  115.56126200082123]]
[['KPCA' 'ForestFires' 4 None 11.375173283104607 4.943103845649596
  2856650584251656.5 -0.14214198181360227 3.5064314710130073
  118.23639396323904]]
[['KPCA' 'HousePrice' 2 None 92601.97598587006 59913.012313415325
  0.31460395472349145 -0.06391872571841173 23201.348824054687
  8064441318.95464]]
[['KPCA' 'HousePrice' 11 None 92639.87559389252 60003.247351548605
  0.3153909547312585 -0.06478977309387157 23101.623311894895
  8076119493.879386]]
[['KPCA' 'HousePrice' 20 None 92649.27049648037 60021.490218918436
  0.3155460099622866 -0.0650057514375122 23083.023235599252
  8078728239.366852]]
[['KPCA' 'HousePrice' 29 None 92652.61632545934 60028.5337433098
  0.31560944889756415 -0.06508267360706155 23073.697160518608
  8079782298.621496]]
[['KPCA' 'HousePrice' 38 None 92654.344667764 60032.91675125213
  0.31565005356241443 -0.0651224100912573 23067.895320920026
  8080372299.149684]]
[['KPCA' 'HousePrice' 47 None 92655.51222081762 60035.559861985304
  0.31567323787586016 -0.0651492538353291 23064.755146287138
  8080734764.13615]]
[['KPCA' 'HousePrice' 56 None 92656.269419855 60037.347617271036
  0.31568882807661575 -0.06516666312412167 23062.662506404813
  8080972424.016374]]
[['KPCA' 'HousePrice' 65 None 92657.06159149119 60038.69120291105
  0.3156997156552478 -0.06518487664449446 23061.58160122251
  8081169755.708961]]
[['KPCA' 'HousePrice' 74 None 92657.51727875273 60039.63334994135
  0.31570812429733364 -0.06519535382485664 23060.486071972733
  8081305193.102818]]
[['KPCA' 'HousePrice' 83 None 92657.86509085793 60040.2898260514
  0.3157136701783655 -0.06520335076983619 23059.81152443315
  8081401086.77233]]
[['KPCA' 'HousePrice' 92 None 92658.17459412782 60040.84052720088
  0.31571858816797693 -0.06521046693791255 23059.2253373187
  8081485767.078768]]
[['KPCA' 'OnlineNewsPopularity' 2 None 7040.452827666414
  2185.2674174046124 0.6750060640469498 -0.05589072540968876
  1679.530388238863 46753050.15595128]]
[['KPCA' 'OnlineNewsPopularity' 4 None 7041.990019547979
  2183.8339133324203 0.6707823933850549 -0.05635185593149816
  1684.2838097287297 46758708.65971864]]
[['KPCA' 'OnlineNewsPopularity' 6 None 7040.199396019222
  2179.516086307862 0.6623891216006752 -0.055814710040767324
  1682.7512350110526 46738650.463071935]]
[['KPCA' 'OnlineNewsPopularity' 8 None 7041.08030154638 2177.273943649008
  0.656646200322707 -0.056078944375376194 1685.628479075857
  46741363.43180435]]
[['KPCA' 'PremiumPrice' 2 None 5966.330475000484 4570.323713402762
  0.20370341935225328 -0.05006082119686339 1305.9581760468116
  34063611.018824995]]
[['KPCA' 'PremiumPrice' 4 None 5965.826723103411 4569.909292626769
  0.20371374147686827 -0.04988351026787141 1303.3347033444627
  34064449.816996194]]
[['KPCA' 'WineQuality' 2 None 0.810182520364423 0.6070162728812212
  0.10969055744406979 0.08137273923209787 -0.037811874100952825
  0.6556349937807986]]
[['KPCA' 'WineQuality' 4 None 0.7596348504064914 0.5708607236420602
  0.10165081396293725 0.19242409440900066 0.006738583187855045
  0.5775890740548913]]
----------ica----------
Index(['dr_name', 'dataset_name', 'n_components', 'n_neighbors',
       'fit_transform_time'],
      dtype='object')
ICA,Admission,2,None,0.007727622985839844
ICA,BankHappiness,2,None,0.02320265769958496
ICA,BankHappiness,4,None,0.028429746627807617
ICA,BankHappiness,6,None,0.14964842796325684
ICA,BankHappiness,8,None,0.11080741882324219
ICA,Credit,2,None,0.0032563209533691406
ICA,Credit,4,None,0.014272451400756836
ICA,Credit,6,None,0.0592646598815918
ICA,Credit,8,None,0.029674053192138672
ICA,Credit,10,None,0.03382682800292969
ICA,Facebook,2,None,0.0025873184204101562
ICA,Facebook,4,None,0.002996683120727539
ICA,Facebook,6,None,0.002627134323120117
ICA,Facebook,8,None,0.005609750747680664
ICA,ForestFires,2,None,0.0018885135650634766
ICA,ForestFires,4,None,0.004519224166870117
ICA,HousePrice,2,None,0.06290078163146973
ICA,HousePrice,11,None,0.14318418502807617
ICA,HousePrice,20,None,0.3526649475097656
ICA,HousePrice,29,None,0.6208038330078125
ICA,HousePrice,38,None,1.0733647346496582
ICA,HousePrice,47,None,1.144951581954956
ICA,HousePrice,56,None,1.3537194728851318
ICA,HousePrice,65,None,1.5288653373718262
ICA,HousePrice,74,None,1.1902682781219482
ICA,HousePrice,83,None,1.463472843170166
ICA,HousePrice,92,None,1.8556253910064697
ICA,OnlineNewsPopularity,2,None,0.27419090270996094
ICA,OnlineNewsPopularity,4,None,0.32517528533935547
ICA,OnlineNewsPopularity,6,None,0.36504530906677246
ICA,OnlineNewsPopularity,8,None,0.3718602657318115
ICA,OnlineNewsPopularity,10,None,0.35442471504211426
ICA,OnlineNewsPopularity,12,None,0.539616584777832
ICA,OnlineNewsPopularity,14,None,0.8642926216125488
ICA,OnlineNewsPopularity,16,None,0.5444278717041016
ICA,OnlineNewsPopularity,18,None,0.6878881454467773
ICA,OnlineNewsPopularity,20,None,0.734912633895874
ICA,OnlineNewsPopularity,22,None,0.964160680770874
ICA,PremiumPrice,2,None,0.008776664733886719
ICA,PremiumPrice,4,None,0.00907754898071289
ICA,WineQuality,2,None,0.03890705108642578
ICA,WineQuality,4,None,0.024154186248779297
Index(['dr_name', 'dataset_name', 'n_components', 'n_neighbors',
       'transform_time'],
      dtype='object')
ICA,Admission,2,None,0.0007996559143066406
ICA,BankHappiness,2,None,0.001009225845336914
ICA,BankHappiness,4,None,0.0009768009185791016
ICA,BankHappiness,6,None,0.005784273147583008
ICA,BankHappiness,8,None,0.0030364990234375
ICA,Credit,2,None,0.0008168220520019531
ICA,Credit,4,None,0.0008060932159423828
ICA,Credit,6,None,0.0008268356323242188
ICA,Credit,8,None,0.013588190078735352
ICA,Credit,10,None,0.0008234977722167969
ICA,Facebook,2,None,0.0008313655853271484
ICA,Facebook,4,None,0.0008058547973632812
ICA,Facebook,6,None,0.0008106231689453125
ICA,Facebook,8,None,0.0008602142333984375
ICA,ForestFires,2,None,0.0007505416870117188
ICA,ForestFires,4,None,0.0007579326629638672
ICA,HousePrice,2,None,0.002263784408569336
ICA,HousePrice,11,None,0.0021610260009765625
ICA,HousePrice,20,None,0.0023224353790283203
ICA,HousePrice,29,None,0.002359628677368164
ICA,HousePrice,38,None,0.0024688243865966797
ICA,HousePrice,47,None,0.0023462772369384766
ICA,HousePrice,56,None,0.002427816390991211
ICA,HousePrice,65,None,0.002469301223754883
ICA,HousePrice,74,None,0.005742311477661133
ICA,HousePrice,83,None,0.0025212764739990234
ICA,HousePrice,92,None,0.0024423599243164062
ICA,OnlineNewsPopularity,2,None,0.0026934146881103516
ICA,OnlineNewsPopularity,4,None,0.0024988651275634766
ICA,OnlineNewsPopularity,6,None,0.0021016597747802734
ICA,OnlineNewsPopularity,8,None,0.0021886825561523438
ICA,OnlineNewsPopularity,10,None,0.0021965503692626953
ICA,OnlineNewsPopularity,12,None,0.0023832321166992188
ICA,OnlineNewsPopularity,14,None,0.002722501754760742
ICA,OnlineNewsPopularity,16,None,0.0031518936157226562
ICA,OnlineNewsPopularity,18,None,0.0025916099548339844
ICA,OnlineNewsPopularity,20,None,0.0025184154510498047
ICA,OnlineNewsPopularity,22,None,0.002608060836791992
ICA,PremiumPrice,2,None,0.0005636215209960938
ICA,PremiumPrice,4,None,0.0005505084991455078
ICA,WineQuality,2,None,0.0005648136138916016
ICA,WineQuality,4,None,0.0005626678466796875
Index(['dr_name', 'dataset_name', 'n_components', 'n_neighbors', 'RMSE', 'MAE',
       'MAE_percentage', 'R2', 'residuals_mean', 'residuals_var'],
      dtype='object')
[['ICA' 'Admission' 2 None 0.07800709466798103 0.06056859087969674
  0.09481311720268323 0.7337223070067473 0.011481535833198882
  0.006028639142734505]]
[['ICA' 'BankHappiness' 2 None 0.31017435022604295 0.1740500135196831
  411287725639722.9 -0.0006635808584676273 -0.008598427580690736
  0.09617375597823459]]
[['ICA' 'BankHappiness' 4 None 0.3003899371390511 0.17108802410705534
  409333698592185.7 0.061472307215902466 -0.010692654665752043
  0.09015686780042534]]
[['ICA' 'BankHappiness' 6 None 0.30380595049858833 0.16939663165931917
  397596555349436.5 0.04000519348356313 -0.007040102878299682
  0.0922864548524103]]
[['ICA' 'BankHappiness' 8 None 0.3028503353123522 0.16657260126064016
  387466741153004.44 0.04603498194421829 -0.004975514663685775
  0.09173130383199883]]
[['ICA' 'Credit' 2 None 9107.55370927253 6113.3100106251 1.20599105290654
  -0.0005001810473272972 -304.74163915719873 92060741.22294173]]
[['ICA' 'Credit' 4 None 9108.781070080515 6114.579239338861
  1.2062934163572283 -0.0007698599298349151 -305.23267034882394
  92085250.66623205]]
[['ICA' 'Credit' 6 None 9109.428269566213 6114.926229225414
  1.2062962461190838 -0.0009120789037810884 -304.9799172794195
  92098522.94269815]]
[['ICA' 'Credit' 8 None 9109.583507490075 6115.25169620273
  1.2063598877076838 -0.0009461931933818502 -305.12086851908134
  92101569.92836592]]
[['ICA' 'Credit' 10 None 9109.807334821773 6115.432735863049
  1.2063833033825555 -0.0009953813626968344 -305.02797838683
  92106164.01108207]]
[['ICA' 'Facebook' 2 None 242.46827433510705 124.41192120462644
  1.455147829870601 0.051532924852124795 60.877992832983466
  55641.14550269896]]
[['ICA' 'Facebook' 4 None 246.35165657447698 125.81808850496647
  1.4696600318492599 0.020908251741856954 65.12876653355855
  57017.558047279075]]
[['ICA' 'Facebook' 6 None 250.7554805801198 128.7567546145597
  1.50194590801532 -0.014409444694819085 67.52850126476251
  58907.285412022036]]
[['ICA' 'Facebook' 8 None 253.54763359615836 129.64622199792484
  1.4911396602901192 -0.037126042097544554 70.17333092775624
  59961.72336233877]]
[['ICA' 'ForestFires' 2 None 11.355591522598564 4.935281119231539
  2805199770497141.0 -0.13821309211983612 3.5573310291091036
  117.42393103742519]]
[['ICA' 'ForestFires' 4 None 11.301392835211646 4.952907111371688
  3242778183319831.5 -0.127373949608091 3.3810132197459852
  117.41926097924568]]
[['ICA' 'HousePrice' 2 None 92613.38982824075 59949.12948564843
  0.3149519486946666 -0.0641810127566933 23140.470918480027
  8069393490.362238]]
[['ICA' 'HousePrice' 11 None 92662.19355800902 60048.963576406524
  0.31578271789097623 -0.06530287400840362 23053.393324978617
  8082502975.897739]]
[['ICA' 'HousePrice' 20 None 92672.43272545894 60063.83197321263
  0.3158996249166668 -0.0655383188376153 23042.82130046807
  8084896174.366556]]
[['ICA' 'HousePrice' 29 None 92675.63677688836 60070.17730656459
  0.3159587251532785 -0.0656119998340361 23033.223774037768
  8085935815.589136]]
[['ICA' 'HousePrice' 38 None 92677.03637437262 60073.64849668662
  0.3159914401430355 -0.06564418605228894 23028.10623057206
  8086432657.094569]]
[['ICA' 'HousePrice' 47 None 92677.84050007047 60075.52526969693
  0.3160080432009703 -0.06566267856404484 23025.992122365114
  8086679915.838097]]
[['ICA' 'HousePrice' 56 None 92678.5753247339 60076.69121534428
  0.316016493606336 -0.0656795774973673 23025.53424515061
  8086837746.765464]]
[['ICA' 'HousePrice' 65 None 92679.20826882224 60077.46156216872
  0.31602121734131006 -0.06569413356687037 23025.6315535929
  8086950974.477745]]
[['ICA' 'HousePrice' 74 None 92679.55692772001 60078.22175173983
  0.31602740096596293 -0.06570215185808825 23024.803438180894
  8087054089.669674]]
[['ICA' 'HousePrice' 83 None 92679.91492739087 60078.32036767863
  0.31602678083034696 -0.06571038499534332 23025.333330100235
  8087096190.88648]]
[['ICA' 'HousePrice' 92 None 92680.37805739671 60078.58225382331
  0.31602688680589797 -0.06572103592635448 23026.08690853872
  8087147509.190312]]
[['ICA' 'OnlineNewsPopularity' 2 None 7053.185773115175
  2195.9361363289486 0.6742630489757818 -0.0597134217299673
  1699.1526290954384 46866220.6284672]]
[['ICA' 'OnlineNewsPopularity' 4 None 7038.359227938376 2178.736837379604
  0.66251922784875 -0.05526284424697625 1680.0843095489722
  46721709.84406721]]
[['ICA' 'OnlineNewsPopularity' 6 None 7034.220233955693
  2172.5067117116623 0.6526813061216161 -0.05402208850452794
  1679.6494743036283 46664917.29038021]]
[['ICA' 'OnlineNewsPopularity' 8 None 7037.686790320471
  2174.4796857758383 0.6516916774677248 -0.055061216420627446
  1685.2818340580734 46694749.60799335]]
[['ICA' 'OnlineNewsPopularity' 10 None 7040.165700698093
  2174.476102962245 0.6513609363696002 -0.055804603528559316
  1689.842462529295 46714257.114940345]]
[['ICA' 'OnlineNewsPopularity' 12 None 7042.310901077387
  2173.041739668667 0.6475469117322529 -0.056448127445926755
  1691.3371148197202 46739416.33435159]]
[['ICA' 'OnlineNewsPopularity' 14 None 7041.481517078872
  2169.288151455507 0.6427913456502173 -0.05619930299364717
  1691.7391253136957 46726373.785213836]]
[['ICA' 'OnlineNewsPopularity' 16 None 7043.692487942709
  2171.6223942179167 0.644289434375651 -0.05686268398843164
  1696.2214670786816 46742331.70989204]]
[['ICA' 'OnlineNewsPopularity' 18 None 7045.605582359221
  2172.826190543752 0.6436569251309089 -0.05743685802519405
  1700.8615106500881 46753524.66597846]]
[['ICA' 'OnlineNewsPopularity' 20 None 7045.842278171063
  2173.4100274229036 0.6460944263949636 -0.057507908008589625
  1701.3715531892515 46755124.97090848]]
[['ICA' 'OnlineNewsPopularity' 22 None 7046.760208143896
  2174.587893059404 0.6462517717150122 -0.0577834695097883
  1703.0625311507379 46762305.07566779]]
[['ICA' 'PremiumPrice' 2 None 5873.563926664608 4494.912673197016
  0.20131023315429006 -0.017661264285513623 1178.3765515576151
  33278253.892712086]]
[['ICA' 'PremiumPrice' 4 None 5918.863479058711 4532.723655746309
  0.20253331166970434 -0.03341911444469603 1240.3645541641527
  33664463.197911754]]
[['ICA' 'WineQuality' 2 None 0.8051502786088036 0.601565349679506
  0.10768111145793055 0.09274893611231827 0.0025573533907779417
  0.6489225970027775]]
[['ICA' 'WineQuality' 4 None 0.7249447020079295 0.5385989219724024
  0.09449292184046809 0.2644988574632655 0.06025546544790367
  0.5224472092502163]]
----------svd----------
Index(['dr_name', 'dataset_name', 'n_components', 'n_neighbors',
       'fit_transform_time'],
      dtype='object')
SVD,Admission,2,None,0.007079124450683594
SVD,BankHappiness,2,None,0.032579898834228516
SVD,BankHappiness,4,None,0.05095791816711426
SVD,BankHappiness,6,None,0.04077625274658203
SVD,BankHappiness,8,None,0.05313539505004883
SVD,Credit,2,None,0.0069332122802734375
SVD,Credit,4,None,0.0069391727447509766
SVD,Credit,6,None,0.0076601505279541016
SVD,Credit,8,None,0.009873390197753906
SVD,Credit,10,None,0.013298749923706055
SVD,Facebook,2,None,0.007323026657104492
SVD,Facebook,4,None,0.010538578033447266
SVD,Facebook,6,None,0.0025262832641601562
SVD,Facebook,8,None,0.0020639896392822266
SVD,ForestFires,2,None,0.0038115978240966797
SVD,ForestFires,4,None,0.001886606216430664
SVD,HousePrice,2,None,0.03637123107910156
SVD,HousePrice,11,None,0.03430938720703125
SVD,HousePrice,20,None,0.13442039489746094
SVD,HousePrice,29,None,0.19493961334228516
SVD,HousePrice,38,None,0.4569971561431885
SVD,HousePrice,47,None,0.5358874797821045
SVD,HousePrice,56,None,0.6211364269256592
SVD,HousePrice,65,None,1.100606918334961
SVD,HousePrice,74,None,1.0037720203399658
SVD,HousePrice,83,None,0.9274373054504395
SVD,HousePrice,92,None,0.19348621368408203
SVD,OnlineNewsPopularity,2,None,0.12684321403503418
SVD,OnlineNewsPopularity,4,None,0.10500907897949219
SVD,OnlineNewsPopularity,6,None,0.12732434272766113
SVD,OnlineNewsPopularity,8,None,0.16063451766967773
SVD,OnlineNewsPopularity,10,None,0.16003155708312988
SVD,OnlineNewsPopularity,12,None,0.1807253360748291
SVD,OnlineNewsPopularity,14,None,0.21756339073181152
SVD,OnlineNewsPopularity,16,None,0.19480109214782715
SVD,OnlineNewsPopularity,18,None,0.2644186019897461
SVD,OnlineNewsPopularity,20,None,0.3286418914794922
SVD,OnlineNewsPopularity,22,None,0.3098750114440918
SVD,PremiumPrice,2,None,0.0056421756744384766
SVD,PremiumPrice,4,None,0.008479595184326172
SVD,WineQuality,2,None,0.015008211135864258
SVD,WineQuality,4,None,0.024691343307495117
Index(['dr_name', 'dataset_name', 'n_components', 'n_neighbors',
       'transform_time'],
      dtype='object')
SVD,Admission,2,None,0.0019316673278808594
SVD,BankHappiness,2,None,0.0008556842803955078
SVD,BankHappiness,4,None,0.0008318424224853516
SVD,BankHappiness,6,None,0.0035316944122314453
SVD,BankHappiness,8,None,0.002023458480834961
SVD,Credit,2,None,0.0007884502410888672
SVD,Credit,4,None,0.0007574558258056641
SVD,Credit,6,None,0.0007503032684326172
SVD,Credit,8,None,0.0007598400115966797
SVD,Credit,10,None,0.0007531642913818359
SVD,Facebook,2,None,0.0007417201995849609
SVD,Facebook,4,None,0.0007367134094238281
SVD,Facebook,6,None,0.0007379055023193359
SVD,Facebook,8,None,0.0007479190826416016
SVD,ForestFires,2,None,0.0006732940673828125
SVD,ForestFires,4,None,0.0006725788116455078
SVD,HousePrice,2,None,0.001916646957397461
SVD,HousePrice,11,None,0.015021562576293945
SVD,HousePrice,20,None,0.004968166351318359
SVD,HousePrice,29,None,0.005049228668212891
SVD,HousePrice,38,None,0.002087116241455078
SVD,HousePrice,47,None,0.002070188522338867
SVD,HousePrice,56,None,0.002148151397705078
SVD,HousePrice,65,None,0.0021820068359375
SVD,HousePrice,74,None,0.00217437744140625
SVD,HousePrice,83,None,0.0021538734436035156
SVD,HousePrice,92,None,0.0024695396423339844
SVD,OnlineNewsPopularity,2,None,0.0018429756164550781
SVD,OnlineNewsPopularity,4,None,0.0019707679748535156
SVD,OnlineNewsPopularity,6,None,0.0043489933013916016
SVD,OnlineNewsPopularity,8,None,0.0022101402282714844
SVD,OnlineNewsPopularity,10,None,0.0021669864654541016
SVD,OnlineNewsPopularity,12,None,0.0023679733276367188
SVD,OnlineNewsPopularity,14,None,0.0025026798248291016
SVD,OnlineNewsPopularity,16,None,0.0029935836791992188
SVD,OnlineNewsPopularity,18,None,0.002546072006225586
SVD,OnlineNewsPopularity,20,None,0.002509593963623047
SVD,OnlineNewsPopularity,22,None,0.002507448196411133
SVD,PremiumPrice,2,None,0.0006699562072753906
SVD,PremiumPrice,4,None,0.0006473064422607422
SVD,WineQuality,2,None,0.0006985664367675781
SVD,WineQuality,4,None,0.0006833076477050781
Index(['dr_name', 'dataset_name', 'n_components', 'n_neighbors', 'RMSE', 'MAE',
       'MAE_percentage', 'R2', 'residuals_mean', 'residuals_var'],
      dtype='object')
[['SVD' 'Admission' 2 None 0.07539297620562259 0.05815507096385417
  0.0908697694422409 0.7512698939919273 0.00869040924517582
  0.005679572302068797]]
[['SVD' 'BankHappiness' 2 None 0.31018164720701435 0.17406095175548011
  411333935860786.4 -0.0007106634685691837 -0.008608010805452785
  0.09617811960596988]]
[['SVD' 'BankHappiness' 4 None 0.3069161242859036 0.1723877353228431
  406456877873612.56 0.020248939237536012 -0.008115378410172899
  0.09417038528363536]]
[['SVD' 'BankHappiness' 6 None 0.30494503800180045 0.170088841832772
  397776210103931.8 0.03279290485483344 -0.00655572790033343
  0.09298674904457664]]
[['SVD' 'BankHappiness' 8 None 0.3020929256098223 0.16686405000955792
  388856818722868.0 0.05080062860088763 -0.005687221922282702
  0.09126533351121795]]
[['SVD' 'Credit' 2 None 9105.027877605431 6110.640922113173
  1.2052133485162493 5.4686856077346135e-05 -303.63005029346294
  92010379.38281205]]
[['SVD' 'Credit' 4 None 9105.134924924483 6110.986598222704
  1.205319320106664 3.117411220632249e-05 -303.9047880191938
  92012359.86766513]]
[['SVD' 'Credit' 6 None 9105.16463920065 6111.086490783458
  1.2053502531807134 2.4647377879327692e-05 -303.9852039738045
  92012906.78079435]]
[['SVD' 'Credit' 8 None 9105.178635229715 6111.133993721437
  1.2053650052019576 2.157314574624536e-05 -304.02356862415616
  92013164.0546274]]
[['SVD' 'Credit' 10 None 9105.186786800148 6111.16176330596
  1.2053736404656266 1.9782648589594665e-05 -304.0460262967452
  92013313.81823689]]
[['SVD' 'Facebook' 2 None 259.64523388671927 133.77694084569976
  1.5822742093922044 -0.08760983544012468 73.9672794491642
  62570.19096058427]]
[['SVD' 'Facebook' 4 None 259.67091076219845 133.80231625836674
  1.5826712610138944 -0.0878249582270787 73.97344684032733
  62582.73844306149]]
[['SVD' 'Facebook' 6 None 259.6760084134788 133.8076138593503
  1.5827492271832775 -0.08786766926241008 73.9737520152965
  62585.36702862276]]
[['SVD' 'Facebook' 8 None 259.6774335682569 133.809995129691
  1.5828191416022404 -0.08787961017347601 73.97164119762051
  62586.43010416868]]
[['SVD' 'ForestFires' 2 None 11.337853918690366 4.911016946012477
  2784892725645777.0 -0.13466005746623533 3.569554955165364
  116.92953132015683]]
[['SVD' 'ForestFires' 4 None 11.385995555544595 4.866570470453948
  2399747306234619.5 -0.144316269848058 3.7063740447505897
  117.02896473838025]]
[['SVD' 'HousePrice' 2 None 92555.66641743715 59877.61174032954
  0.31444824256167775 -0.06285487590690608 23169.771897514132
  8057306571.850089]]
[['SVD' 'HousePrice' 11 None 92622.68775594013 59993.18818220509
  0.3153534481859691 -0.06439470053601903 23087.998227257864
  8073555788.65229]]
[['SVD' 'HousePrice' 20 None 92636.17873660936 60012.73235219424
  0.3155044298679038 -0.06470479246839966 23075.476643050122
  8076643727.409582]]
[['SVD' 'HousePrice' 29 None 92641.29293785345 60020.4459894694
  0.3155673589912346 -0.0648223548496154 23068.570983906164
  8077914279.957515]]
[['SVD' 'HousePrice' 38 None 92643.98377597389 60024.633306123775
  0.315601020140664 -0.06488421292833979 23065.43119230201
  8078559914.874432]]
[['SVD' 'HousePrice' 47 None 92645.43645255546 60027.34692221709
  0.3156243416886378 -0.06491760839393312 23062.537538930097
  8078963942.4844675]]
[['SVD' 'HousePrice' 56 None 92646.63301528485 60029.24455608358
  0.31563947100848305 -0.06494511647199075 23061.112102685318
  8079252390.225515]]
[['SVD' 'HousePrice' 65 None 92647.46759124388 60030.57041638929
  0.3156501257317483 -0.06496430295650923 23060.090442122026
  8079454845.781951]]
[['SVD' 'HousePrice' 74 None 92648.15907560491 60031.62215341695
  0.31565859099510746 -0.0649801999675732 23059.291422747858
  8079620392.028793]]
[['SVD' 'HousePrice' 83 None 92648.61972135003 60032.34304791489
  0.31566448761746085 -0.06499079013627629 23058.6747582852
  8079734578.562134]]
[['SVD' 'HousePrice' 92 None 92649.01957589047 60032.871306722256
  0.31566854504237774 -0.06499998276803254 23058.386702594104
  8079822255.2090435]]
[['SVD' 'OnlineNewsPopularity' 2 None 7052.848409421504
  2195.8399037582185 0.6741725268971687 -0.05961204901822681
  1699.0582500508795 46861781.92476207]]
[['SVD' 'OnlineNewsPopularity' 4 None 7036.901234781456
  2182.0284540361245 0.6698412560222324 -0.05482569501966594
  1678.8626691164059 46705289.565156475]]
[['SVD' 'OnlineNewsPopularity' 6 None 7033.485559046981
  2175.3751940394877 0.659330891554046 -0.053801929590681086
  1677.6118705448714 46661422.42747663]]
[['SVD' 'OnlineNewsPopularity' 8 None 7033.9837310643225 2173.07821279102
  0.6542368859787183 -0.05395121353257504 1679.0398670230843
  46663637.43952773]]
[['SVD' 'OnlineNewsPopularity' 10 None 7037.5406513929465
  2173.701646600519 0.6522139452456404 -0.05501739977507669
  1684.7227464752552 46694576.77526785]]
[['SVD' 'OnlineNewsPopularity' 12 None 7038.730767031853
  2172.3667512952625 0.6492505670425666 -0.05537425707377763
  1687.9368174315557 46700489.944635384]]
[['SVD' 'OnlineNewsPopularity' 14 None 7038.276852944887
  2168.287954860637 0.6429683065765823 -0.055238143387465355
  1688.871200022335 46690943.75799197]]
[['SVD' 'OnlineNewsPopularity' 16 None 7039.166276745623
  2169.3690743124816 0.6436703342251908 -0.055504860154111046
  1689.7669796687244 46700439.25321644]]
[['SVD' 'OnlineNewsPopularity' 18 None 7040.431344840456
  2170.1624710351816 0.6437788927732485 -0.05588428165311998
  1692.8184520627751 46707929.98161563]]
[['SVD' 'OnlineNewsPopularity' 20 None 7040.731775675797
  2170.638065713747 0.6445345799515031 -0.05597439742855115
  1693.233462933712 46710755.50521329]]
[['SVD' 'OnlineNewsPopularity' 22 None 7041.045835433993
  2170.6853000667993 0.6447381943209248 -0.05606860538052283
  1694.2050361712543 46711887.02300151]]
[['SVD' 'PremiumPrice' 2 None 5959.6697047723355 4565.328486177152
  0.2035616018505091 -0.04771756859334553 1294.5185167706125
  34013671.01697666]]
[['SVD' 'PremiumPrice' 4 None 5960.269245271848 4564.935382545098
  0.20349144283779205 -0.04792837917222692 1301.283956713463
  34003202.88805306]]
[['SVD' 'WineQuality' 2 None 0.7991392187689144 0.5995921357036046
  0.10740786727972339 0.10624500799715975 -0.0025435710151422946
  0.6392693368709502]]
[['SVD' 'WineQuality' 4 None 0.723070208931693 0.5392048481643497
  0.09473122067014048 0.26829751783103506 0.054221589934231144
  0.5204215886669415]]
----------lpp----------
Index(['dr_name', 'dataset_name', 'n_components', 'n_neighbors',
       'fit_transform_time'],
      dtype='object')
LPP,Admission,2,5,0.026810407638549805
LPP,Admission,2,6,0.007265806198120117
LPP,Admission,2,17,0.004444599151611328
LPP,BankHappiness,2,8,0.9109315872192383
LPP,BankHappiness,2,19,0.7797343730926514
LPP,BankHappiness,2,87,0.8847899436950684
LPP,BankHappiness,4,8,0.7271642684936523
LPP,BankHappiness,4,19,0.7756228446960449
LPP,BankHappiness,4,87,0.8919613361358643
LPP,BankHappiness,6,8,0.7451200485229492
LPP,BankHappiness,6,19,0.7951462268829346
LPP,BankHappiness,6,87,0.9245989322662354
LPP,BankHappiness,8,8,0.7237119674682617
LPP,BankHappiness,8,19,0.7850568294525146
LPP,BankHappiness,8,87,0.8852238655090332
LPP,Credit,2,3,0.02144169807434082
LPP,Credit,2,3,0.03801989555358887
LPP,Credit,2,6,0.002738475799560547
LPP,Credit,4,3,0.0023717880249023438
LPP,Credit,4,3,0.0023713111877441406
LPP,Credit,4,6,0.002698183059692383
LPP,Credit,6,3,0.0069963932037353516
LPP,Credit,6,3,0.0023164749145507812
LPP,Credit,6,6,0.0023021697998046875
LPP,Credit,8,3,0.002337217330932617
LPP,Credit,8,3,0.0023512840270996094
LPP,Credit,8,6,0.002295255661010742
LPP,Credit,10,3,0.0023107528686523438
LPP,Credit,10,3,0.0026044845581054688
LPP,Credit,10,6,0.002361297607421875
LPP,Facebook,2,5,0.01338648796081543
LPP,Facebook,2,7,0.07302570343017578
LPP,Facebook,2,20,0.08177804946899414
LPP,Facebook,4,5,0.0767974853515625
LPP,Facebook,4,7,0.07019782066345215
LPP,Facebook,4,20,0.07577300071716309
LPP,Facebook,6,5,0.0742344856262207
LPP,Facebook,6,7,0.06729435920715332
LPP,Facebook,6,20,0.08480238914489746
LPP,Facebook,8,5,0.07069516181945801
LPP,Facebook,8,7,0.07425594329833984
LPP,Facebook,8,20,0.0816490650177002
LPP,ForestFires,2,6,0.01644158363342285
LPP,ForestFires,2,7,0.008315563201904297
LPP,ForestFires,2,20,0.009189844131469727
LPP,ForestFires,4,6,0.008435726165771484
LPP,ForestFires,4,7,0.008441686630249023
LPP,ForestFires,4,20,0.00880742073059082
LPP,HousePrice,2,7,0.18910646438598633
LPP,HousePrice,2,10,0.18252325057983398
LPP,HousePrice,2,34,0.15265846252441406
LPP,HousePrice,11,7,0.14667439460754395
LPP,HousePrice,11,10,0.1695880889892578
LPP,HousePrice,11,34,0.13857007026672363
LPP,HousePrice,20,7,0.19338297843933105
LPP,HousePrice,20,10,0.15181231498718262
LPP,HousePrice,20,34,0.20876049995422363
LPP,HousePrice,29,7,0.17037415504455566
LPP,HousePrice,29,10,0.19512081146240234
LPP,HousePrice,29,34,0.15194249153137207
LPP,HousePrice,38,7,0.18592309951782227
LPP,HousePrice,38,10,0.186690092086792
LPP,HousePrice,38,34,0.14342951774597168
LPP,HousePrice,47,7,0.16175174713134766
LPP,HousePrice,47,10,0.17072486877441406
LPP,HousePrice,47,34,0.14196062088012695
LPP,HousePrice,56,7,0.20705103874206543
LPP,HousePrice,56,10,0.1974494457244873
LPP,HousePrice,56,34,0.16438746452331543
LPP,HousePrice,65,7,0.18645024299621582
LPP,HousePrice,65,10,0.15748095512390137
LPP,HousePrice,65,34,0.17533206939697266
LPP,HousePrice,74,7,0.19855761528015137
LPP,HousePrice,74,10,0.15164566040039062
LPP,HousePrice,74,34,0.14519548416137695
LPP,HousePrice,83,7,0.18670964241027832
LPP,HousePrice,83,10,0.20084238052368164
LPP,HousePrice,83,34,0.15723252296447754
LPP,HousePrice,92,7,0.17961406707763672
LPP,HousePrice,92,10,0.16102981567382812
LPP,HousePrice,92,34,0.18225312232971191
LPP,OnlineNewsPopularity,2,10,24.5057156085968
LPP,OnlineNewsPopularity,2,31,23.97604727745056
LPP,OnlineNewsPopularity,2,178,23.82649564743042
LPP,OnlineNewsPopularity,4,10,24.027851343154907
LPP,OnlineNewsPopularity,4,31,23.7061128616333
LPP,OnlineNewsPopularity,4,178,23.245728492736816
LPP,OnlineNewsPopularity,6,10,21.96670913696289
LPP,OnlineNewsPopularity,6,31,23.020341157913208
LPP,OnlineNewsPopularity,6,178,24.22173237800598
LPP,OnlineNewsPopularity,8,10,23.725924730300903
LPP,OnlineNewsPopularity,8,31,22.748443841934204
LPP,OnlineNewsPopularity,8,178,24.42534589767456
LPP,OnlineNewsPopularity,10,10,23.137380123138428
LPP,OnlineNewsPopularity,10,31,23.89651393890381
LPP,OnlineNewsPopularity,10,178,23.87623381614685
LPP,OnlineNewsPopularity,12,10,22.800897121429443
LPP,OnlineNewsPopularity,12,31,23.393459796905518
LPP,OnlineNewsPopularity,12,178,24.345630168914795
LPP,OnlineNewsPopularity,14,10,21.525142669677734
LPP,OnlineNewsPopularity,14,31,21.828561067581177
LPP,OnlineNewsPopularity,14,178,23.717615842819214
LPP,OnlineNewsPopularity,16,10,21.48781180381775
LPP,OnlineNewsPopularity,16,31,21.663336753845215
LPP,OnlineNewsPopularity,16,178,22.57576632499695
LPP,OnlineNewsPopularity,18,10,21.708020448684692
LPP,OnlineNewsPopularity,18,31,21.42374563217163
LPP,OnlineNewsPopularity,18,178,23.440840244293213
LPP,OnlineNewsPopularity,20,10,20.66365623474121
LPP,OnlineNewsPopularity,20,31,21.645960092544556
LPP,OnlineNewsPopularity,20,178,22.807047605514526
LPP,OnlineNewsPopularity,22,10,21.287724018096924
LPP,OnlineNewsPopularity,22,31,21.680858373641968
LPP,OnlineNewsPopularity,22,178,21.986032247543335
LPP,PremiumPrice,2,6,0.04425978660583496
LPP,PremiumPrice,2,9,0.04159045219421387
LPP,PremiumPrice,2,28,0.13284730911254883
LPP,PremiumPrice,4,6,0.01938939094543457
LPP,PremiumPrice,4,9,0.019803285598754883
LPP,PremiumPrice,4,28,0.04882168769836426
LPP,WineQuality,2,8,0.36766552925109863
LPP,WineQuality,2,15,0.388608455657959
LPP,WineQuality,2,62,0.47474050521850586
LPP,WineQuality,4,8,0.3442566394805908
LPP,WineQuality,4,15,0.3746182918548584
LPP,WineQuality,4,62,0.4650733470916748
Index(['dr_name', 'dataset_name', 'n_components', 'n_neighbors',
       'transform_time'],
      dtype='object')
LPP,Admission,2,5,0.002007007598876953
LPP,Admission,2,6,0.0007605552673339844
LPP,Admission,2,17,0.0006701946258544922
LPP,BankHappiness,2,8,0.007783412933349609
LPP,BankHappiness,2,19,0.0013229846954345703
LPP,BankHappiness,2,87,0.0012707710266113281
LPP,BankHappiness,4,8,0.00091552734375
LPP,BankHappiness,4,19,0.0018393993377685547
LPP,BankHappiness,4,87,0.0019016265869140625
LPP,BankHappiness,6,8,0.0023772716522216797
LPP,BankHappiness,6,19,0.0015742778778076172
LPP,BankHappiness,6,87,0.01993560791015625
LPP,BankHappiness,8,8,0.008331298828125
LPP,BankHappiness,8,19,0.0008628368377685547
LPP,BankHappiness,8,87,0.015520095825195312
LPP,Credit,2,3,0.0015366077423095703
LPP,Credit,2,3,0.0007052421569824219
LPP,Credit,2,6,0.0007696151733398438
LPP,Credit,4,3,0.0008752346038818359
LPP,Credit,4,3,0.0006933212280273438
LPP,Credit,4,6,0.0007574558258056641
LPP,Credit,6,3,0.0008606910705566406
LPP,Credit,6,3,0.0006990432739257812
LPP,Credit,6,6,0.0008478164672851562
LPP,Credit,8,3,0.00089263916015625
LPP,Credit,8,3,0.0006966590881347656
LPP,Credit,8,6,0.0008177757263183594
LPP,Credit,10,3,0.0007956027984619141
LPP,Credit,10,3,0.0007059574127197266
LPP,Credit,10,6,0.0008375644683837891
LPP,Facebook,2,5,0.0018355846405029297
LPP,Facebook,2,7,0.0006856918334960938
LPP,Facebook,2,20,0.0007686614990234375
LPP,Facebook,4,5,0.0007884502410888672
LPP,Facebook,4,7,0.0007662773132324219
LPP,Facebook,4,20,0.0007736682891845703
LPP,Facebook,6,5,0.0009038448333740234
LPP,Facebook,6,7,0.0008444786071777344
LPP,Facebook,6,20,0.0006997585296630859
LPP,Facebook,8,5,0.0008230209350585938
LPP,Facebook,8,7,0.0008807182312011719
LPP,Facebook,8,20,0.0008356571197509766
LPP,ForestFires,2,6,0.0014307498931884766
LPP,ForestFires,2,7,0.0006256103515625
LPP,ForestFires,2,20,0.0007622241973876953
LPP,ForestFires,4,6,0.0006163120269775391
LPP,ForestFires,4,7,0.0007064342498779297
LPP,ForestFires,4,20,0.0006196498870849609
LPP,HousePrice,2,7,0.007435321807861328
LPP,HousePrice,2,10,0.002048492431640625
LPP,HousePrice,2,34,0.0015282630920410156
LPP,HousePrice,11,7,0.021132230758666992
LPP,HousePrice,11,10,0.019006967544555664
LPP,HousePrice,11,34,0.015076875686645508
LPP,HousePrice,20,7,0.022978544235229492
LPP,HousePrice,20,10,0.014693737030029297
LPP,HousePrice,20,34,0.02934098243713379
LPP,HousePrice,29,7,0.02747058868408203
LPP,HousePrice,29,10,0.022782325744628906
LPP,HousePrice,29,34,0.023169994354248047
LPP,HousePrice,38,7,0.023120641708374023
LPP,HousePrice,38,10,0.020300626754760742
LPP,HousePrice,38,34,0.017033815383911133
LPP,HousePrice,47,7,0.023015260696411133
LPP,HousePrice,47,10,0.02286553382873535
LPP,HousePrice,47,34,0.03143024444580078
LPP,HousePrice,56,7,0.017380237579345703
LPP,HousePrice,56,10,0.031021833419799805
LPP,HousePrice,56,34,0.031009435653686523
LPP,HousePrice,65,7,0.02718949317932129
LPP,HousePrice,65,10,0.03519415855407715
LPP,HousePrice,65,34,0.022576093673706055
LPP,HousePrice,74,7,0.01898050308227539
LPP,HousePrice,74,10,0.022571563720703125
LPP,HousePrice,74,34,0.03455400466918945
LPP,HousePrice,83,7,0.019301891326904297
LPP,HousePrice,83,10,0.03890395164489746
LPP,HousePrice,83,34,0.03174734115600586
LPP,HousePrice,92,7,0.030275344848632812
LPP,HousePrice,92,10,0.04201960563659668
LPP,HousePrice,92,34,0.03045654296875
LPP,OnlineNewsPopularity,2,10,0.07936334609985352
LPP,OnlineNewsPopularity,2,31,0.014718055725097656
LPP,OnlineNewsPopularity,2,178,0.001804351806640625
LPP,OnlineNewsPopularity,4,10,0.0018038749694824219
LPP,OnlineNewsPopularity,4,31,0.0034227371215820312
LPP,OnlineNewsPopularity,4,178,0.013350963592529297
LPP,OnlineNewsPopularity,6,10,0.019120216369628906
LPP,OnlineNewsPopularity,6,31,0.011004209518432617
LPP,OnlineNewsPopularity,6,178,0.0062482357025146484
LPP,OnlineNewsPopularity,8,10,0.0049664974212646484
LPP,OnlineNewsPopularity,8,31,0.013951539993286133
LPP,OnlineNewsPopularity,8,178,0.010765552520751953
LPP,OnlineNewsPopularity,10,10,0.01636815071105957
LPP,OnlineNewsPopularity,10,31,0.003969430923461914
LPP,OnlineNewsPopularity,10,178,0.012457847595214844
LPP,OnlineNewsPopularity,12,10,0.0035855770111083984
LPP,OnlineNewsPopularity,12,31,0.014647960662841797
LPP,OnlineNewsPopularity,12,178,0.010407686233520508
LPP,OnlineNewsPopularity,14,10,0.015487194061279297
LPP,OnlineNewsPopularity,14,31,0.014778375625610352
LPP,OnlineNewsPopularity,14,178,0.0026247501373291016
LPP,OnlineNewsPopularity,16,10,0.0026416778564453125
LPP,OnlineNewsPopularity,16,31,0.0024662017822265625
LPP,OnlineNewsPopularity,16,178,0.002391338348388672
LPP,OnlineNewsPopularity,18,10,0.016018152236938477
LPP,OnlineNewsPopularity,18,31,0.008056879043579102
LPP,OnlineNewsPopularity,18,178,0.0061185359954833984
LPP,OnlineNewsPopularity,20,10,0.00807499885559082
LPP,OnlineNewsPopularity,20,31,0.015399932861328125
LPP,OnlineNewsPopularity,20,178,0.01855921745300293
LPP,OnlineNewsPopularity,22,10,0.0025060176849365234
LPP,OnlineNewsPopularity,22,31,0.0024013519287109375
LPP,OnlineNewsPopularity,22,178,0.0023996829986572266
LPP,PremiumPrice,2,6,0.0010004043579101562
LPP,PremiumPrice,2,9,0.0005974769592285156
LPP,PremiumPrice,2,28,0.0006337165832519531
LPP,PremiumPrice,4,6,0.0006792545318603516
LPP,PremiumPrice,4,9,0.0006735324859619141
LPP,PremiumPrice,4,28,0.0005953311920166016
LPP,WineQuality,2,8,0.0013034343719482422
LPP,WineQuality,2,15,0.0006766319274902344
LPP,WineQuality,2,62,0.0006270408630371094
LPP,WineQuality,4,8,0.0008914470672607422
LPP,WineQuality,4,15,0.000637054443359375
LPP,WineQuality,4,62,0.0007796287536621094
Index(['dr_name', 'dataset_name', 'n_components', 'n_neighbors', 'RMSE', 'MAE',
       'MAE_percentage', 'R2', 'residuals_mean', 'residuals_var'],
      dtype='object')
[['LPP' 'Admission' 2 5 0.07490654022985166 0.05945728399932254
  0.09072337699012005 0.7544691563012442 0.014936276269486126
  0.0054560986535776915]]
[['LPP' 'Admission' 2 6 0.07588535032559006 0.05980603649872478
  0.09139425984074809 0.7480104876327027 0.013815909465388207
  0.005638184343981498]]
[['LPP' 'Admission' 2 17 0.0755984086975257 0.06008293700059233
  0.09232379919982978 0.7499125563848841 0.0136201439098459
  0.005599606154403257]]
[['LPP' 'BankHappiness' 2 8 0.3101894759492164 0.17402282796003138
  411128995306579.7 -0.0007611784151468903 -0.008555122712117629
  0.09618388642917214]]
[['LPP' 'BankHappiness' 2 19 0.31018386972388756 0.1738198450581335
  410118487681494.75 -0.0007250041255539852 -0.008309350081244078
  0.09618455357668836]]
[['LPP' 'BankHappiness' 2 87 0.310184424434751 0.1738386765769386
  410212217434073.9 -0.0007285833801942143 -0.008332142934201326
  0.09618451838013896]]
[['LPP' 'BankHappiness' 4 8 0.3064671643674096 0.17309966973780622
  411361060994811.4 0.02311322168665142 -0.0095813388024629
  0.09386893408288667]]
[['LPP' 'BankHappiness' 4 19 0.30651931868475696 0.17311586248154798
  411361267469241.0 0.02278070189863113 -0.009565237751787478
  0.09390122553765094]]
[['LPP' 'BankHappiness' 4 87 0.3065307124328536 0.1730977778457124
  411292712241609.7 0.02270805135574061 -0.009552877750753213
  0.09390844974690624]]
[['LPP' 'BankHappiness' 6 8 0.3064553495314812 0.17299509455523815
  410624684620503.06 0.02318854156343475 -0.009358897182812138
  0.09386590435442829]]
[['LPP' 'BankHappiness' 6 19 0.30645455617973655 0.17298105616800208
  410688826935870.25 0.023193599096760775 -0.009401420480197613
  0.0938646198223217]]
[['LPP' 'BankHappiness' 6 87 0.30631150391410084 0.17293550748181274
  410930189812637.75 0.02410532810898991 -0.009554155815617775
  0.0937740297983069]]
[['LPP' 'BankHappiness' 8 8 0.3045830082908669 0.1723035227202806
  409894714022683.9 0.0350880715795896 -0.009680827333458136
  0.09271522924203333]]
[['LPP' 'BankHappiness' 8 19 0.3048717580897659 0.17230630041545744
  409487430862562.06 0.03325769900445452 -0.009508166931249472
  0.09289459614590874]]
[['LPP' 'BankHappiness' 8 87 0.30514743398829175 0.17225310703503388
  408772627786787.56 0.03150858293709902 -0.00924669092645161
  0.09306773890295966]]
[['LPP' 'Credit' 2 3 9104.937734879084 6111.495015801163
  1.205564808969519 7.448632330375737e-05 -305.0056189342784
  92007625.2538262]]
[['LPP' 'Credit' 2 6 9110.402820347737 6116.17 1.2065679717468742
  -0.0011262508138998317 -305.57000000000005 92117851.69344443]]
[['LPP' 'Credit' 4 3 9108.441505582485 6114.569771875699
  1.2061176168278975 -0.0006952463062632752 -306.2037584106649
  92077717.68772542]]
[['LPP' 'Credit' 4 6 9106.279716598809 6112.13207205212
  1.2054467326173293 -0.00022029452855010234 -304.5799378449863
  92035068.15377912]]
[['LPP' 'Credit' 6 3 9108.868998299598 6115.480893135567
  1.2064216961721361 -0.0007891811398930137 -306.6565833369674
  92086062.40897734]]
[['LPP' 'Credit' 6 6 9109.01133828263 6114.042347458725
  1.2059381385226697 -0.0008204591016474083 -304.52579254530303
  92090390.6695957]]
[['LPP' 'Credit' 8 3 9109.45982772457 6114.84963688277 1.2061466220450545
  -0.0009190139156534105 -304.98686910866144 92099157.06955452]]
[['LPP' 'Credit' 8 6 9109.466331834166 6114.577226136111
  1.2060103563611608 -0.0009204432186882272 -304.66120912251824
  92099509.33164024]]
[['LPP' 'Credit' 10 3 9109.88354718563 6115.167464760785
  1.2062012307947603 -0.0010121300249967824 -304.91866417386734
  92107780.94613542]]
[['LPP' 'Credit' 10 6 9110.03710019098 6115.4950003428185
  1.206307458934635 -0.0010458757288998033 -305.25514448423894
  92110661.40402447]]
[['LPP' 'Facebook' 2 5 255.87984135466925 132.06674741753986
  1.5869541456068337 -0.056293389580277964 68.93787974125438
  61335.41610956673]]
[['LPP' 'Facebook' 2 7 248.51472507061266 131.77907049280168
  1.6692014779915914 0.0036391145447675077 64.30236478143519
  58206.84288933073]]
[['LPP' 'Facebook' 2 20 248.56229135319813 130.32518991631517
  1.5761773094222875 0.0032576665721963938 66.4334875371768
  57949.297390302956]]
[['LPP' 'Facebook' 4 5 249.75198365978702 126.36025077186196
  1.3893177251906312 -0.00630657193838946 69.70145471877872
  58098.74803240865]]
[['LPP' 'Facebook' 4 7 250.32873776241365 126.39028371219223
  1.380004103424695 -0.010959680886533985 71.09833635396144
  58191.41769436587]]
[['LPP' 'Facebook' 4 20 249.9365826157914 126.01828467603255
  1.358335051426059 -0.007794702613855398 70.71589007233555
  58048.03860700775]]
[['LPP' 'Facebook' 6 5 251.30800193945444 127.47963454905376
  1.4416522113998438 -0.018884723763707312 69.70584063309988
  58885.664263064355]]
[['LPP' 'Facebook' 6 7 251.99454794780522 127.47755882773976
  1.4279789172425228 -0.024459291456023546 70.75669864431947
  59085.59777007641]]
[['LPP' 'Facebook' 6 20 252.70862534779363 127.95049722202009
  1.4265553364917236 -0.030273541969590534 70.87118069728317
  59433.25764822685]]
[['LPP' 'Facebook' 8 5 253.18932101477867 129.34850236686404
  1.4858642582928414 -0.034196787965685926 69.79324673816566
  59832.055541081]]
[['LPP' 'Facebook' 8 7 253.17884445164333 129.24173812320836
  1.4769554164760643 -0.0341112029675803 70.02946018509645
  59793.33533742769]]
[['LPP' 'Facebook' 8 20 253.85545497570206 129.9022894429533
  1.4858016210004823 -0.039645831836130796 70.02514268907328
  60140.47617403598]]
[['LPP' 'ForestFires' 2 6 11.30438051050003 4.957934842848355
  2975985135741389.5 -0.12797010134925046 3.5020317012801767
  116.6463926184249]]
[['LPP' 'ForestFires' 2 7 11.299525339110257 4.995622116834749
  3155102983771055.5 -0.1270013950856539 3.4332351526404135
  117.01733596786764]]
[['LPP' 'ForestFires' 2 20 11.316534428431869 4.974347422754129
  3053844259815314.0 -0.13039688197468347 3.4692374150839744
  117.15483199686591]]
[['LPP' 'ForestFires' 4 6 11.350414642250387 5.023057092950086
  3082866513961163.0 -0.13717553280984363 3.5093417073499373
  117.64766084014452]]
[['LPP' 'ForestFires' 4 7 11.358695406011313 5.004155697714011
  3019417600846340.5 -0.13883540467135536 3.5183108223042043
  117.77389154909481]]
[['LPP' 'ForestFires' 4 20 11.423933064531694 4.985155007749115
  2823219078757538.5 -0.15195457123353084 3.606889505877497
  118.63733839369219]]
[['LPP' 'HousePrice' 2 7 92680.72972560575 60082.66281703247
  0.31606512724026753 -0.0657291235264903 23020.939516476974
  8087450755.411858]]
[['LPP' 'HousePrice' 2 10 92679.17093955677 60082.54532350065
  0.316072627459719 -0.06569327508799572 23014.69769180875
  8087449159.896515]]
[['LPP' 'HousePrice' 2 34 92679.41238610126 60082.94954088723
  0.3160764953875307 -0.06569882775514424 23014.831237827006
  8087487899.696185]]
[['LPP' 'HousePrice' 11 7 92680.72884265905 60082.3117514695
  0.31606146281785463 -0.06572910322060777 23021.236621029453
  8087436864.836973]]
[['LPP' 'HousePrice' 11 10 92679.25606463283 60082.51865917781
  0.31607166427672956 -0.06569523275036637 23015.088099272438
  8087446960.643095]]
[['LPP' 'HousePrice' 11 34 92679.5246257109 60083.0487173946
  0.3160772359732828 -0.06570140899060473 23014.61655246164
  8087518691.611498]]
[['LPP' 'HousePrice' 20 7 92678.73167214068 60083.767123282974
  0.3160957100034755 -0.06568317307225291 23008.75342466781
  8087641974.220794]]
[['LPP' 'HousePrice' 20 10 92679.25509019644 60082.517967631415
  0.31607166270398895 -0.0656952103407733 23015.086774020336
  8087446840.613543]]
[['LPP' 'HousePrice' 20 34 92678.73167211731 60083.76712326475
  0.316095710003546 -0.06568317307171578 23008.75342456352
  8087641974.221264]]
[['LPP' 'HousePrice' 29 7 92678.73167214064 60083.767123283054
  0.31609571000347636 -0.06568317307225224 23008.753424667644
  8087641974.220794]]
[['LPP' 'HousePrice' 29 10 92679.25029911612 60082.504367526686
  0.3160714930335698 -0.06569510015794511 23015.1368752893
  8087443635.396669]]
[['LPP' 'HousePrice' 29 34 92678.73167211622 60083.76712326536
  0.31609571000355835 -0.06568317307169047 23008.753424559323
  8087641974.221253]]
[['LPP' 'HousePrice' 38 7 92678.73167214061 60083.76712328307
  0.3160957100034768 -0.06568317307225136 23008.7534246675
  8087641974.220794]]
[['LPP' 'HousePrice' 38 10 92679.18363296338 60082.57689832019
  0.3160728462033975 -0.06569356700426665 23014.64870102602
  8087453783.573695]]
[['LPP' 'HousePrice' 38 34 92678.73167212316 60083.76712326449
  0.316095710003499 -0.06568317307185012 23008.75342458742
  8087641974.221247]]
[['LPP' 'HousePrice' 47 7 92626.65642413261 59968.79031695868
  0.31503915825975837 -0.06448591619805266 23181.464559642558
  8069954009.985667]]
[['LPP' 'HousePrice' 47 10 92599.08379822283 59912.5219225971
  0.31457090805124 -0.06385226915500763 23240.708730920072
  8062069605.3704815]]
[['LPP' 'HousePrice' 47 34 92623.03360124661 59958.44223464936
  0.3149643778747602 -0.06440264927099082 23179.006689670947
  8069394916.475368]]
[['LPP' 'HousePrice' 56 7 92663.02698505615 60042.39729678007
  0.31569945296800506 -0.06532203729792374 23077.37713761877
  8081547767.933178]]
[['LPP' 'HousePrice' 56 10 92659.5424480185 60039.68833983447
  0.31568599137446335 -0.06524191722371309 23074.08927707165
  8081052046.485506]]
[['LPP' 'HousePrice' 56 34 92663.56623110405 60044.43725390916
  0.3157231310336427 -0.06533443646917036 23068.061136158303
  8082079416.2499075]]
[['LPP' 'HousePrice' 65 7 92672.34750013756 60060.715519281104
  0.31586753051815974 -0.06553635901415444 23050.050355052485
  8084545971.086642]]
[['LPP' 'HousePrice' 65 10 92671.39727078383 60059.78476772469
  0.3158640806043467 -0.0655145078630357 23048.674087397238
  8084432909.004315]]
[['LPP' 'HousePrice' 65 34 92672.03574148628 60061.36548674
  0.3158767880064806 -0.06552918989351864 23046.710842473447
  8084642459.525431]]
[['LPP' 'HousePrice' 74 7 92674.29865329174 60069.42444146238
  0.31595895381052186 -0.0655812277710186 23031.186653358694
  8085781103.393672]]
[['LPP' 'HousePrice' 74 10 92673.8185748823 60069.10175900956
  0.3159565516590423 -0.06557018779071422 23031.417763501508
  8085681133.867886]]
[['LPP' 'HousePrice' 74 34 92674.88105127872 60069.51527258856
  0.31595538145757895 -0.0655946207898177 23033.109094864867
  8085800561.104713]]
[['LPP' 'HousePrice' 83 7 92676.11377258091 60072.72709577112
  0.3159858596991174 -0.06562296913858257 23028.074508798698
  8086262528.297004]]
[['LPP' 'HousePrice' 83 10 92676.18111176479 60073.28378991002
  0.3159918229503923 -0.06562451771899269 23026.83812806943
  8086332189.742342]]
[['LPP' 'HousePrice' 83 34 92676.1359513435 60073.396457020106
  0.31599285674814126 -0.06562347917726918 23026.694809656336
  8086330413.389469]]
[['LPP' 'HousePrice' 92 7 92677.2973539236 60075.15541256191
  0.31600742902457896 -0.06565018779217269 23025.071647985777
  8086621429.437617]]
[['LPP' 'HousePrice' 92 10 92676.82033017343 60075.30543128989
  0.31601234989273014 -0.0656392177022973 23022.90625947695
  8086632761.692599]]
[['LPP' 'HousePrice' 92 34 92677.55445189978 60075.558372621614
  0.31600893758028353 -0.06565610028410851 23025.47241416755
  8086650728.633893]]
[['LPP' 'OnlineNewsPopularity' 2 10 7068.964981451007 2200.494181155501
  0.6575160432200271 -0.064460253526468 1740.3758431736849
  46947278.79183249]]
[['LPP' 'OnlineNewsPopularity' 2 31 7070.01283428961 2200.4531088409635
  0.6560425263434845 -0.06477585287388465 1743.8040232059527
  46950150.32618084]]
[['LPP' 'OnlineNewsPopularity' 2 178 7070.012834289613 2200.453108840962
  0.6560425263434765 -0.06477585287388576 1743.8040232059668
  46950150.32618084]]
[['LPP' 'OnlineNewsPopularity' 4 10 7062.933979945224 2198.582958186732
  0.6666701422238462 -0.06264470546612055 1713.708278459508
  46954162.16788523]]
[['LPP' 'OnlineNewsPopularity' 4 31 7062.796170591624 2198.624958368269
  0.6669944645248697 -0.06260323801032452 1713.3044184275782
  46953599.47263451]]
[['LPP' 'OnlineNewsPopularity' 4 178 7062.564509058995 2198.6564893719187
  0.6674709339574035 -0.06253353183401078 1712.7088059203388
  46952367.59089285]]
[['LPP' 'OnlineNewsPopularity' 6 10 7041.750327410483 2186.3101943345746
  0.663288157597059 -0.056279945882080185 1691.2391233654942
  46731851.69002075]]
[['LPP' 'OnlineNewsPopularity' 6 31 7046.464990830134 2184.2306662531514
  0.6668287556778618 -0.057694841702417454 1687.0038719689796
  46812590.77455113]]
[['LPP' 'OnlineNewsPopularity' 6 178 7045.074086770309 2183.865397122112
  0.6680338873381871 -0.05727732544264752 1684.5815108400695
  46801156.55093663]]
[['LPP' 'OnlineNewsPopularity' 8 10 7044.578259524372 2182.6557304046437
  0.662213441528843 -0.057128509844499575 1690.2558091098726
  46775017.387198836]]
[['LPP' 'OnlineNewsPopularity' 8 31 7045.024816244555 2184.0955135928893
  0.6651396344515762 -0.057262537116252954 1688.0078562660835
  46788905.123062335]]
[['LPP' 'OnlineNewsPopularity' 8 178 7042.24445262023 2181.161526674467
  0.6619502854352963 -0.056428191087553925 1682.7235425667322
  46767546.70041929]]
[['LPP' 'OnlineNewsPopularity' 10 10 7042.655697150928 2181.3070562244734
  0.6610631388806193 -0.05655157873870298 1686.011221555379
  46762263.05369911]]
/home/soyoung/.local/lib/python3.8/site-packages/umap/distances.py:1063: NumbaDeprecationWarning: [1mThe 'nopython' keyword argument was not supplied to the 'numba.jit' decorator. The implicit default value for this argument is currently False, but it will be changed to True in Numba 0.59.0. See https://numba.readthedocs.io/en/stable/reference/deprecation.html#deprecation-of-object-mode-fall-back-behaviour-when-using-jit for details.[0m
  @numba.jit()
/home/soyoung/.local/lib/python3.8/site-packages/umap/distances.py:1071: NumbaDeprecationWarning: [1mThe 'nopython' keyword argument was not supplied to the 'numba.jit' decorator. The implicit default value for this argument is currently False, but it will be changed to True in Numba 0.59.0. See https://numba.readthedocs.io/en/stable/reference/deprecation.html#deprecation-of-object-mode-fall-back-behaviour-when-using-jit for details.[0m
  @numba.jit()
/home/soyoung/.local/lib/python3.8/site-packages/umap/distances.py:1086: NumbaDeprecationWarning: [1mThe 'nopython' keyword argument was not supplied to the 'numba.jit' decorator. The implicit default value for this argument is currently False, but it will be changed to True in Numba 0.59.0. See https://numba.readthedocs.io/en/stable/reference/deprecation.html#deprecation-of-object-mode-fall-back-behaviour-when-using-jit for details.[0m
  @numba.jit()
/home/soyoung/.local/lib/python3.8/site-packages/umap/umap_.py:660: NumbaDeprecationWarning: [1mThe 'nopython' keyword argument was not supplied to the 'numba.jit' decorator. The implicit default value for this argument is currently False, but it will be changed to True in Numba 0.59.0. See https://numba.readthedocs.io/en/stable/reference/deprecation.html#deprecation-of-object-mode-fall-back-behaviour-when-using-jit for details.[0m
  @numba.jit()
[['LPP' 'OnlineNewsPopularity' 10 31 7045.251475680984 2177.1436685532512
  0.652343885562879 -0.05733056878172316 1689.2661504097564
  46787849.07985418]]
[['LPP' 'OnlineNewsPopularity' 10 178 7044.620399988058
  2176.5351362824385 0.6525489129385211 -0.05714115730675551
  1686.7890875905584 46787319.93836766]]
[['LPP' 'OnlineNewsPopularity' 12 10 7043.710751942094 2176.0462048879813
  0.6512385826542483 -0.05686816479681989 1688.5938824910409
  46768410.25661683]]
[['LPP' 'OnlineNewsPopularity' 12 31 7046.303719488854 2176.128504901792
  0.6495141039789699 -0.057646427663878175 1692.1939015317253
  46792777.37964434]]
[['LPP' 'OnlineNewsPopularity' 12 178 7038.144333087182 2166.324413590283
  0.6396024340427207 -0.055198406760150975 1688.6012949372157
  46689989.82935181]]
[['LPP' 'OnlineNewsPopularity' 14 10 7045.420984648506 2175.3981980207395
  0.6485240212625267 -0.05738144820590452 1693.0117693196416
  46777567.55436111]]
[['LPP' 'OnlineNewsPopularity' 14 31 7038.527533548789 2165.7635146292564
  0.6388626950797653 -0.05531331304941012 1688.898358054304
  46694381.23977576]]
[['LPP' 'OnlineNewsPopularity' 14 178 7041.357579014413
  2168.5222287138977 0.6401264768090152 -0.056162122708516726
  1692.9810075881653 46720424.21110091]]
[['LPP' 'OnlineNewsPopularity' 16 10 7040.297280553939 2167.931497425676
  0.6389384189040114 -0.055844069621166614 1692.4374561247082
  46707331.952106096]]
[['LPP' 'OnlineNewsPopularity' 16 31 7039.763999244769 2167.2170210609743
  0.6388248863067335 -0.05568412166437797 1691.5163114076602
  46702939.875803694]]
[['LPP' 'OnlineNewsPopularity' 16 178 7042.732984818648
  2169.2002052230287 0.6398174219655309 -0.05657476852929566
  1696.4322886733073 46728098.70091203]]
[['LPP' 'OnlineNewsPopularity' 18 10 7042.322114879056 2169.643946383703
  0.6403289683507069 -0.05645149191232823 1695.7279261994445
  46724700.45695057]]
[['LPP' 'OnlineNewsPopularity' 18 31 7042.029834494666 2169.193507724522
  0.6399801152258017 -0.05636380105258132 1695.342640677473
  46721890.053096116]]
[['LPP' 'OnlineNewsPopularity' 18 178 7043.969517485589
  2169.6594546245815 0.6387429562126132 -0.05694581877727112
  1699.3804756996524 46735506.81189561]]
[['LPP' 'OnlineNewsPopularity' 20 10 7043.160418414727 2170.65569371838
  0.6411163945286599 -0.05670302250638404 1697.2029601305057
  46731504.53670261]]
[['LPP' 'OnlineNewsPopularity' 20 31 7044.075831442964 2171.111658259155
  0.6411116601096903 -0.05697772378209143 1698.4045532045236
  46740321.14977262]]
[['LPP' 'OnlineNewsPopularity' 20 178 7044.644906833588 2170.976125398584
  0.6432762152502807 -0.05714851249089237 1700.292676154614
  46741921.73765603]]
[['LPP' 'OnlineNewsPopularity' 22 10 7043.876377837532 2171.2049746658504
  0.6412785328732902 -0.056917867801477895 1698.6009164817362
  46736843.77122002]]
[['LPP' 'OnlineNewsPopularity' 22 31 7044.859559063534 2171.8107840250773
  0.6427768884550221 -0.05721293667287397 1700.2210054055245
  46745190.21078888]]
[['LPP' 'OnlineNewsPopularity' 22 178 7045.06376935204 2172.1647935568703
  0.6442585817988559 -0.057274228707461905 1700.7535551801002
  46746256.46433639]]
[['LPP' 'PremiumPrice' 2 6 5832.785323050833 4458.252818201277
  0.20017321664497886 -0.003579610216084106 1107.3923258516245
  32961539.2820586]]
[['LPP' 'PremiumPrice' 2 9 5825.086958989671 4451.942823673724
  0.1999415348380992 -0.0009322222967407257 1102.7074290387447
  32881743.818961382]]
[['LPP' 'PremiumPrice' 2 28 5821.953220740555 4449.647720816468
  0.19985359875313002 0.0001444366074492276 1101.343290628534
  32848081.663017306]]
[['LPP' 'PremiumPrice' 4 6 5898.034171391959 4516.6798132063095
  0.20194594017029255 -0.02615842012187275 1218.1364382929053
  33472001.215801228]]
[['LPP' 'PremiumPrice' 4 9 5896.299209552975 4515.4055870019365
  0.2018947955984597 -0.025554800747932926 1216.6145014461279
  33455158.972803622]]
[['LPP' 'PremiumPrice' 4 28 5898.958986204814 4517.298920650657
  0.20195731223278068 -0.02648024969492746 1219.8287374166146
  33478819.92139709]]
[['LPP' 'WineQuality' 2 8 0.8070821817131757 0.6114026074521773
  0.11006536591199752 0.08838993888972568 -0.024006747098857664
  0.6514700895301107]]
[['LPP' 'WineQuality' 2 15 0.8036710729371445 0.6122413240947496
  0.10979928846106046 0.09607944023657222 -0.00913727882549773
  0.6464633601015057]]
[['LPP' 'WineQuality' 2 62 0.8062002391338949 0.612791146684367
  0.11002637468901544 0.09038118207722134 -0.017463237411149857
  0.6503174501535217]]
[['LPP' 'WineQuality' 4 8 0.7248927288409182 0.5459483983316197
  0.09771625522740163 0.26460431365417236 -0.008726845363535473
  0.5259299737349389]]
[['LPP' 'WineQuality' 4 15 0.7223262361317154 0.543245088811598
  0.0972313711944543 0.2698024524446059 -0.00877824885036818
  0.5222110021208428]]
[['LPP' 'WineQuality' 4 62 0.7143096105474137 0.538030375410924
  0.09641171064257029 0.2859204798592482 -0.013477685300816451
  0.5105775692389616]]
Finished python experiment_script.py
