Entered python experiment_script.py
----------pca----------
Index(['dr_name', 'dataset_name', 'n_components', 'n_neighbors',
       'fit_transform_time'],
      dtype='object')
PCA,Admission,2,None,0.01218414306640625
PCA,BankHappiness,2,None,0.02071833610534668
PCA,BankHappiness,4,None,0.04256153106689453
PCA,BankHappiness,6,None,0.030707597732543945
PCA,BankHappiness,8,None,0.03979206085205078
PCA,Credit,2,None,0.007123470306396484
PCA,Credit,4,None,0.006766319274902344
PCA,Credit,6,None,0.0047283172607421875
PCA,Credit,8,None,0.006623029708862305
PCA,Credit,10,None,0.004688262939453125
PCA,Facebook,2,None,0.006772041320800781
PCA,Facebook,4,None,0.0067861080169677734
PCA,Facebook,6,None,0.006696939468383789
PCA,Facebook,8,None,0.0031354427337646484
PCA,ForestFires,2,None,0.0026602745056152344
PCA,ForestFires,4,None,0.0008814334869384766
PCA,HousePrice,2,None,0.020088672637939453
PCA,HousePrice,11,None,0.07770180702209473
PCA,HousePrice,20,None,0.06926798820495605
PCA,HousePrice,29,None,0.05151486396789551
PCA,HousePrice,38,None,0.38143277168273926
PCA,HousePrice,47,None,0.3327302932739258
PCA,HousePrice,56,None,0.46814775466918945
PCA,HousePrice,65,None,0.4164731502532959
PCA,HousePrice,74,None,0.9801733493804932
PCA,HousePrice,83,None,0.31372952461242676
PCA,HousePrice,92,None,0.3135702610015869
PCA,OnlineNewsPopularity,2,None,0.1550755500793457
PCA,OnlineNewsPopularity,4,None,0.12279462814331055
PCA,OnlineNewsPopularity,6,None,0.16304922103881836
PCA,OnlineNewsPopularity,8,None,0.1435391902923584
PCA,OnlineNewsPopularity,10,None,0.1774003505706787
PCA,OnlineNewsPopularity,12,None,0.16979742050170898
PCA,OnlineNewsPopularity,14,None,0.21413207054138184
PCA,OnlineNewsPopularity,16,None,0.22169256210327148
PCA,OnlineNewsPopularity,18,None,0.23149609565734863
PCA,OnlineNewsPopularity,20,None,0.21741461753845215
PCA,OnlineNewsPopularity,22,None,0.3295738697052002
PCA,PremiumPrice,2,None,0.008276939392089844
PCA,PremiumPrice,4,None,0.02451300621032715
PCA,WineQuality,2,None,0.015896081924438477
PCA,WineQuality,4,None,0.01375889778137207
Index(['dr_name', 'dataset_name', 'n_components', 'n_neighbors',
       'transform_time'],
      dtype='object')
PCA,Admission,2,None,0.0008115768432617188
PCA,BankHappiness,2,None,0.000982522964477539
PCA,BankHappiness,4,None,0.0009360313415527344
PCA,BankHappiness,6,None,0.0009527206420898438
PCA,BankHappiness,8,None,0.0074083805084228516
PCA,Credit,2,None,0.0008432865142822266
PCA,Credit,4,None,0.0008165836334228516
PCA,Credit,6,None,0.0008032321929931641
PCA,Credit,8,None,0.0008130073547363281
PCA,Credit,10,None,0.0008077621459960938
PCA,Facebook,2,None,0.0008273124694824219
PCA,Facebook,4,None,0.0008156299591064453
PCA,Facebook,6,None,0.0008027553558349609
PCA,Facebook,8,None,0.0007939338684082031
PCA,ForestFires,2,None,0.0007386207580566406
PCA,ForestFires,4,None,0.008544921875
PCA,HousePrice,2,None,0.005789756774902344
PCA,HousePrice,11,None,0.0054819583892822266
PCA,HousePrice,20,None,0.005285739898681641
PCA,HousePrice,29,None,0.005156040191650391
PCA,HousePrice,38,None,0.005148887634277344
PCA,HousePrice,47,None,0.008653879165649414
PCA,HousePrice,56,None,0.01364445686340332
PCA,HousePrice,65,None,0.0064907073974609375
PCA,HousePrice,74,None,0.005210399627685547
PCA,HousePrice,83,None,0.007292747497558594
PCA,HousePrice,92,None,0.006414890289306641
PCA,OnlineNewsPopularity,2,None,0.002535104751586914
PCA,OnlineNewsPopularity,4,None,0.006272554397583008
PCA,OnlineNewsPopularity,6,None,0.0026035308837890625
PCA,OnlineNewsPopularity,8,None,0.006280183792114258
PCA,OnlineNewsPopularity,10,None,0.0027112960815429688
PCA,OnlineNewsPopularity,12,None,0.006095409393310547
PCA,OnlineNewsPopularity,14,None,0.003657102584838867
PCA,OnlineNewsPopularity,16,None,0.005192756652832031
PCA,OnlineNewsPopularity,18,None,0.0033102035522460938
PCA,OnlineNewsPopularity,20,None,0.008177042007446289
PCA,OnlineNewsPopularity,22,None,0.0037169456481933594
PCA,PremiumPrice,2,None,0.0007557868957519531
PCA,PremiumPrice,4,None,0.0007262229919433594
PCA,WineQuality,2,None,0.0007627010345458984
PCA,WineQuality,4,None,0.0007817745208740234
Index(['dr_name', 'dataset_name', 'n_components', 'n_neighbors', 'RMSE', 'MAE',
       'MAE_percentage', 'R2', 'residuals_mean', 'residuals_var'],
      dtype='object')
[['PCA' 'Admission' 2 None 0.07596191665356902 0.05803619336361043
  0.09066858506111779 0.747501729483897 0.008537674485822681
  0.005769438882083948]]
[['PCA' 'BankHappiness' 2 None 0.31018292268426284 0.1740361578842439
  411207048099038.1 -0.0007188933965438515 -0.008576455190834628
  0.09617945368202756]]
[['PCA' 'BankHappiness' 4 None 0.301391276758159 0.17109297193749087
  407960865725776.5 0.055204778137173394 -0.010078046572416661
  0.09077247424479543]]
[['PCA' 'BankHappiness' 6 None 0.3035365732451122 0.16925951244421603
  397366805575095.0 0.041706846242124174 -0.007146768434448567
  0.09212126939133315]]
[['PCA' 'BankHappiness' 8 None 0.3021432643475768 0.16658613325036511
  388121438377336.75 0.05048426581859977 -0.005321237292442086
  0.09129979310026427]]
[['PCA' 'Credit' 2 None 9104.687953796794 6109.652321221694
  1.2049189355627443 0.0001293486536888544 -302.8671069303735
  92004015.83505788]]
[['PCA' 'Credit' 4 None 9104.687954324689 6109.652321648383
  1.2049189357143493 0.00012934853774293487 -302.8671069491502
  92004015.84572592]]
[['PCA' 'Credit' 6 None 9104.687954624982 6109.652321900868
  1.2049189357780912 0.00012934847178680542 -302.86710694873693
  92004015.85180193]]
[['PCA' 'Credit' 8 None 9104.687954729827 6109.652322070478
  1.2049189358232573 0.00012934844875900353 -302.86710705658425
  92004015.85385065]]
[['PCA' 'Credit' 10 None 9104.687954814797 6109.652322198437
  1.2049189358596781 0.00012934843009637653 -302.8671071463019
  92004015.85550943]]
[['PCA' 'Facebook' 2 None 255.3285960148372 131.81201038637573
  1.5697983989552342 -0.05174711815778377 70.34392280206913
  60852.95400780247]]
[['PCA' 'Facebook' 4 None 255.4794329733617 131.82218083263925
  1.5676025943817182 -0.05299013753274506 70.6978120008073
  60880.36368756455]]
[['PCA' 'Facebook' 6 None 255.62642954153907 131.8981951830849
  1.5671117628627869 -0.05420221527024571 70.77959997441778
  60944.565361229135]]
[['PCA' 'Facebook' 8 None 255.5721177233639 131.95042242284197
  1.5718492174596037 -0.05375429948382293 70.4804892918398
  60959.19998665437]]
[['PCA' 'ForestFires' 2 None 11.359339172599284 4.978928482041842
  3064501908147591.5 -0.13896449783432785 3.476744850273174
  118.0822378171043]]
[['PCA' 'ForestFires' 4 None 11.386857626686496 4.970502637521231
  2919626116037859.5 -0.14448955629868587 3.5284546225915694
  118.34850094195167]]
[['PCA' 'HousePrice' 2 None 92606.19524392481 59920.46713480152
  0.31470044456509044 -0.06401567937131336 23174.241607239168
  8066486878.548749]]
[['PCA' 'HousePrice' 11 None 92640.65065759068 60002.89647621245
  0.3153894302746946 -0.06480759011588999 23100.690440293154
  8076306840.513756]]
[['PCA' 'HousePrice' 20 None 92649.9747869642 60020.98760441058
  0.3155409861539066 -0.06502194317356924 23083.75301862609
  8078825384.822166]]
[['PCA' 'HousePrice' 29 None 92653.37793271303 60028.19029897157
  0.3156053499081483 -0.0651001837013494 23074.427030595736
  8079890116.113904]]
[['PCA' 'HousePrice' 38 None 92655.35347032681 60032.49379465636
  0.3156433808564382 -0.06514560391061508 23069.59496026699
  8080481195.888263]]
[['PCA' 'HousePrice' 47 None 92656.29087844197 60035.13183205404
  0.31566746620292746 -0.06516715649546634 23066.081194904444
  8080818172.497846]]
[['PCA' 'HousePrice' 56 None 92657.2004812046 60036.972601443886
  0.3156827997013905 -0.06518806999706994 23064.374749153405
  8081066303.044224]]
[['PCA' 'HousePrice' 65 None 92657.85447248675 60038.264958792606
  0.31569362528011347 -0.06520310663030426 23063.158223444425
  8081244222.116258]]
[['PCA' 'HousePrice' 74 None 92658.43616310284 60039.28687025524
  0.31570213599751545 -0.06521648100854405 23062.257476365423
  8081394079.406891]]
[['PCA' 'HousePrice' 83 None 92658.76637582964 60039.96700478415
  0.3157082060154738 -0.0652240733807048 23061.44238251197
  8081493208.131851]]
[['PCA' 'HousePrice' 92 None 92659.08919181203 60040.45623552616
  0.31571206796478085 -0.06523149571035969 23061.130894135742
  8081567653.292087]]
[['PCA' 'OnlineNewsPopularity' 2 None 7053.019548969162
  2195.8627266642366 0.6740655663333609 -0.05966347327021393
  1699.3779145864623 46863109.80457681]]
[['PCA' 'OnlineNewsPopularity' 4 None 7037.903189163004
  2178.8107728080804 0.6632310350042819 -0.0551261006767767
  1679.5238442222187 46717172.89427741]]
[['PCA' 'OnlineNewsPopularity' 6 None 7033.677580952004
  2172.8088446382426 0.6544369630989382 -0.05385947028357596
  1677.8836961328793 46663211.74705331]]
[['PCA' 'OnlineNewsPopularity' 8 None 7035.832738069102
  2174.0411944194775 0.6540435931428955 -0.05450538578672459
  1680.7598774175199 46683876.29076138]]
[['PCA' 'OnlineNewsPopularity' 10 None 7038.239982335076
  2173.6332922612164 0.651601454121021 -0.05522708750752625
  1686.5409760372709 46698291.14129127]]
[['PCA' 'OnlineNewsPopularity' 12 None 7039.790245292041
  2172.2578758704785 0.6479928986550948 -0.05569199340184339
  1688.7866936117225 46712537.55414067]]
[['PCA' 'OnlineNewsPopularity' 14 None 7038.902571510372
  2168.8743667122408 0.6438448385881931 -0.05542577779327229
  1688.72009694488 46700263.65036525]]
[['PCA' 'OnlineNewsPopularity' 16 None 7040.126990186102
  2169.9755177887982 0.6440930496657792 -0.05579299282899952
  1691.2885999995706 46708821.79378091]]
[['PCA' 'OnlineNewsPopularity' 18 None 7041.106523500171
  2170.584493771286 0.6439634380233611 -0.05608681035720231
  1693.4698392286386 46715232.671757676]]
[['PCA' 'OnlineNewsPopularity' 20 None 7041.362105363729
  2170.6671021701886 0.6446175479961359 -0.056163480560375456
  1694.6783670143654 46714737.16159054]]
[['PCA' 'OnlineNewsPopularity' 22 None 7041.765827322411
  2171.1586769200508 0.6447846160745752 -0.05628459593736168
  1695.3456698802615 46718161.088651925]]
[['PCA' 'PremiumPrice' 2 None 5874.323069270407 4495.492534436815
  0.20132815670587398 -0.017924341340147087 1179.2080898503114
  33285247.111638714]]
[['PCA' 'PremiumPrice' 4 None 5896.407115761341 4514.209928574706
  0.20190758962025218 -0.0255923377652032 1211.2199907146035
  33469601.399802383]]
[['PCA' 'WineQuality' 2 None 0.7991392187689185 0.5995921357036035
  0.10740786727972307 0.10624500799715064 -0.0025435710151365688
  0.6392693368709567]]
[['PCA' 'WineQuality' 4 None 0.7230702089316972 0.5392048481643542
  0.09473122067014175 0.26829751783102673 0.054221589934210376
  0.5204215886669498]]
----------kpca----------
Index(['dr_name', 'dataset_name', 'n_components', 'n_neighbors',
       'fit_transform_time'],
      dtype='object')
KPCA,Admission,2,None,0.03142547607421875
KPCA,BankHappiness,2,None,2.0242607593536377
KPCA,BankHappiness,4,None,2.227280855178833
KPCA,BankHappiness,6,None,2.1513242721557617
KPCA,BankHappiness,8,None,2.0680835247039795
KPCA,Credit,2,None,0.007276773452758789
KPCA,Credit,4,None,0.021682262420654297
KPCA,Credit,6,None,0.0036635398864746094
KPCA,Credit,8,None,0.0023407936096191406
KPCA,Credit,10,None,0.002340078353881836
KPCA,Facebook,2,None,0.018881797790527344
KPCA,Facebook,4,None,0.013355731964111328
KPCA,Facebook,6,None,0.013732433319091797
KPCA,Facebook,8,None,0.010631561279296875
KPCA,ForestFires,2,None,0.014879703521728516
KPCA,ForestFires,4,None,0.01469731330871582
KPCA,HousePrice,2,None,0.0991065502166748
KPCA,HousePrice,11,None,0.16411685943603516
KPCA,HousePrice,20,None,0.18678545951843262
KPCA,HousePrice,29,None,0.16492199897766113
KPCA,HousePrice,38,None,0.18378615379333496
KPCA,HousePrice,47,None,0.1714036464691162
KPCA,HousePrice,56,None,0.18561816215515137
KPCA,HousePrice,65,None,0.216325044631958
KPCA,HousePrice,74,None,0.17014598846435547
KPCA,HousePrice,83,None,0.1370241641998291
KPCA,HousePrice,92,None,0.15338706970214844
KPCA,OnlineNewsPopularity,2,None,32.570186138153076
KPCA,OnlineNewsPopularity,4,None,37.19099974632263
KPCA,OnlineNewsPopularity,6,None,35.13180351257324
KPCA,OnlineNewsPopularity,8,None,35.760918855667114
** fit_transform took too long **
KPCA,PremiumPrice,2,None,0.11408758163452148
KPCA,PremiumPrice,4,None,0.04683566093444824
KPCA,WineQuality,2,None,0.46624326705932617
KPCA,WineQuality,4,None,0.5580809116363525
Index(['dr_name', 'dataset_name', 'n_components', 'n_neighbors',
       'transform_time'],
      dtype='object')
KPCA,Admission,2,None,0.012999773025512695
KPCA,BankHappiness,2,None,0.29769325256347656
KPCA,BankHappiness,4,None,0.287398099899292
KPCA,BankHappiness,6,None,0.30045485496520996
KPCA,BankHappiness,8,None,0.2950899600982666
KPCA,Credit,2,None,0.004370212554931641
KPCA,Credit,4,None,0.0018963813781738281
KPCA,Credit,6,None,0.0019240379333496094
KPCA,Credit,8,None,0.0019116401672363281
KPCA,Credit,10,None,0.00196075439453125
KPCA,Facebook,2,None,0.0047109127044677734
KPCA,Facebook,4,None,0.0032880306243896484
KPCA,Facebook,6,None,0.0035305023193359375
KPCA,Facebook,8,None,0.0033528804779052734
KPCA,ForestFires,2,None,0.0034546852111816406
KPCA,ForestFires,4,None,0.0027112960815429688
KPCA,HousePrice,2,None,0.022919416427612305
KPCA,HousePrice,11,None,0.0184328556060791
KPCA,HousePrice,20,None,0.021785736083984375
KPCA,HousePrice,29,None,0.014942169189453125
KPCA,HousePrice,38,None,0.014664411544799805
KPCA,HousePrice,47,None,0.022658348083496094
KPCA,HousePrice,56,None,0.02448272705078125
KPCA,HousePrice,65,None,0.021294355392456055
KPCA,HousePrice,74,None,0.017156124114990234
KPCA,HousePrice,83,None,0.01934218406677246
KPCA,HousePrice,92,None,0.023463726043701172
KPCA,OnlineNewsPopularity,2,None,3.2856545448303223
KPCA,OnlineNewsPopularity,4,None,3.2504289150238037
KPCA,OnlineNewsPopularity,6,None,3.3536300659179688
KPCA,OnlineNewsPopularity,8,None,3.3546621799468994
KPCA,PremiumPrice,2,None,0.004281520843505859
KPCA,PremiumPrice,4,None,0.0034859180450439453
KPCA,WineQuality,2,None,0.07159304618835449
KPCA,WineQuality,4,None,0.1277308464050293
Index(['dr_name', 'dataset_name', 'n_components', 'n_neighbors', 'RMSE', 'MAE',
       'MAE_percentage', 'R2', 'residuals_mean', 'residuals_var'],
      dtype='object')
[['KPCA' 'Admission' 2 None 0.07752745398068893 0.059067242908542275
  0.09258899936075737 0.7369867528581193 0.009453702680196506
  0.005996084684923833]]
[['KPCA' 'BankHappiness' 2 None 0.3101984799582461 0.17407029470168778
  411354647207953.06 -0.0008192783454596952 -0.008607865545043326
  0.09618856910954313]]
[['KPCA' 'BankHappiness' 4 None 0.3101800320233781 0.17399628040217566
  411009094542854.2 -0.0007002416573849146 -0.008528423634550105
  0.09617848159717973]]
[['KPCA' 'BankHappiness' 6 None 0.3100356706115473 0.1735655256110542
  409053618479413.25 0.00023101675725334392 -0.008090772605777367
  0.09609618593844456]]
[['KPCA' 'BankHappiness' 8 None 0.30968352556079826 0.17145031153717877
  398985943587328.5 0.0025008443416817405 -0.005735040891799535
  0.09591044839422458]]
[['KPCA' 'Credit' 2 None 9110.396306798064 6116.053444235013
  1.206529017014209 -0.0011248192892217013 -305.37574039168555
  92117851.69344448]]
[['KPCA' 'Credit' 4 None 9110.393553737224 6116.004157716073
  1.206512544700124 -0.0011242142316529868 -305.293596193453
  92117851.69344449]]
[['KPCA' 'Credit' 6 None 9110.403376476439 6116.179948134801
  1.2065712965668163 -0.0011263730379265091 -305.58658022467387
  92117851.69344433]]
[['KPCA' 'Credit' 8 None 9110.393764481018 6116.007931013357
  1.2065138057942195 -0.0011242605481411871 -305.2998850222628
  92117851.69344443]]
[['KPCA' 'Credit' 10 None 9110.381732616048 6115.792380026123
  1.2064417653328638 -0.0011216162312699396 -304.9406333768802
  92117851.6934443]]
[['KPCA' 'Facebook' 2 None 251.2251438707158 131.34540503093314
  1.53772613223644 -0.01821296717482679 67.11896744007618
  59201.12840670693]]
[['KPCA' 'Facebook' 4 None 251.05901042918413 129.37599917878833
  1.4292901235857562 -0.016866738131556813 68.3462912032773
  58948.90019842221]]
[['KPCA' 'Facebook' 6 None 249.6604469821624 128.34418552952525
  1.4280578161311965 -0.005569063642685057 67.40019846508781
  58371.26468100998]]
[['KPCA' 'Facebook' 8 None 248.9252661305928 127.1868508753651
  1.429441074513978 0.0003444613007461683 67.00251203385766
  58055.00151448404]]
[['KPCA' 'ForestFires' 2 None 11.334388204695193 4.798990231529041
  2172805206986483.8 -0.1339664859584102 3.7440966807348413
  115.56126200082099]]
[['KPCA' 'ForestFires' 4 None 11.375173283104607 4.943103845649595
  2856650584251648.5 -0.14214198181360227 3.50643147101301
  118.23639396323904]]
[['KPCA' 'HousePrice' 2 None 92601.97598587006 59913.012313415325
  0.31460395472349145 -0.06391872571841173 23201.348824054687
  8064441318.95464]]
[['KPCA' 'HousePrice' 11 None 92639.87559389252 60003.247351548605
  0.3153909547312585 -0.06478977309387157 23101.623311894895
  8076119493.879386]]
[['KPCA' 'HousePrice' 20 None 92649.27049648037 60021.490218918436
  0.3155460099622866 -0.0650057514375122 23083.023235599252
  8078728239.366852]]
[['KPCA' 'HousePrice' 29 None 92652.61632545934 60028.5337433098
  0.31560944889756415 -0.06508267360706155 23073.697160518608
  8079782298.621496]]
[['KPCA' 'HousePrice' 38 None 92654.344667764 60032.91675125213
  0.31565005356241443 -0.0651224100912573 23067.895320920026
  8080372299.149684]]
[['KPCA' 'HousePrice' 47 None 92655.51222081762 60035.559861985304
  0.31567323787586016 -0.0651492538353291 23064.755146287138
  8080734764.13615]]
[['KPCA' 'HousePrice' 56 None 92656.269419855 60037.347617271036
  0.31568882807661575 -0.06516666312412167 23062.662506404813
  8080972424.016374]]
[['KPCA' 'HousePrice' 65 None 92657.06159149119 60038.69120291105
  0.3156997156552478 -0.06518487664449446 23061.58160122251
  8081169755.708961]]
[['KPCA' 'HousePrice' 74 None 92657.51727875273 60039.63334994135
  0.31570812429733364 -0.06519535382485664 23060.486071972733
  8081305193.102818]]
[['KPCA' 'HousePrice' 83 None 92657.86509085793 60040.2898260514
  0.3157136701783655 -0.06520335076983619 23059.81152443315
  8081401086.77233]]
[['KPCA' 'HousePrice' 92 None 92658.17459412782 60040.84052720088
  0.31571858816797693 -0.06521046693791255 23059.2253373187
  8081485767.078768]]
[['KPCA' 'OnlineNewsPopularity' 2 None 7040.452827666414
  2185.2674174046124 0.6750060640469498 -0.05589072540968876
  1679.530388238863 46753050.15595128]]
[['KPCA' 'OnlineNewsPopularity' 4 None 7041.990019547979
  2183.8339133324203 0.6707823933850546 -0.05635185593149816
  1684.28380972873 46758708.65971864]]
[['KPCA' 'OnlineNewsPopularity' 6 None 7040.199396019222
  2179.516086307862 0.6623891216006751 -0.055814710040767324
  1682.7512350110526 46738650.463071935]]
[['KPCA' 'OnlineNewsPopularity' 8 None 7041.08030154638 2177.273943649008
  0.656646200322707 -0.056078944375376194 1685.628479075857
  46741363.43180435]]
[['KPCA' 'PremiumPrice' 2 None 5966.330475000484 4570.323713402762
  0.20370341935225328 -0.05006082119686339 1305.9581760468116
  34063611.018825]]
[['KPCA' 'PremiumPrice' 4 None 5965.826723103411 4569.909292626769
  0.20371374147686827 -0.04988351026787141 1303.3347033444627
  34064449.8169962]]
[['KPCA' 'WineQuality' 2 None 0.8101825203644273 0.6070162728812062
  0.10969055744406844 0.08137273923208799 -0.03781187410099792
  0.655634993780802]]
[['KPCA' 'WineQuality' 4 None 0.7596348504064854 0.5708607236420814
  0.10165081396294055 0.19242409440901354 0.006738583187876646
  0.5775890740548818]]
----------ica----------
Index(['dr_name', 'dataset_name', 'n_components', 'n_neighbors',
       'fit_transform_time'],
      dtype='object')
ICA,Admission,2,None,0.007853269577026367
ICA,BankHappiness,2,None,0.04290032386779785
ICA,BankHappiness,4,None,0.0187070369720459
ICA,BankHappiness,6,None,0.23777008056640625
ICA,BankHappiness,8,None,0.06915521621704102
ICA,Credit,2,None,0.00797271728515625
ICA,Credit,4,None,0.017803192138671875
ICA,Credit,6,None,0.05365896224975586
ICA,Credit,8,None,0.03015589714050293
ICA,Credit,10,None,0.03297257423400879
ICA,Facebook,2,None,0.002917051315307617
ICA,Facebook,4,None,0.003124237060546875
ICA,Facebook,6,None,0.003481626510620117
ICA,Facebook,8,None,0.00413060188293457
ICA,ForestFires,2,None,0.003073453903198242
ICA,ForestFires,4,None,0.0031616687774658203
ICA,HousePrice,2,None,0.1048135757446289
ICA,HousePrice,11,None,0.15408778190612793
ICA,HousePrice,20,None,0.24095392227172852
ICA,HousePrice,29,None,0.932600736618042
ICA,HousePrice,38,None,1.0112900733947754
ICA,HousePrice,47,None,0.7106130123138428
ICA,HousePrice,56,None,0.9929075241088867
ICA,HousePrice,65,None,2.0329809188842773
ICA,HousePrice,74,None,1.3362064361572266
ICA,HousePrice,83,None,1.5296754837036133
ICA,HousePrice,92,None,1.9925651550292969
ICA,OnlineNewsPopularity,2,None,0.23927593231201172
ICA,OnlineNewsPopularity,4,None,0.2844667434692383
ICA,OnlineNewsPopularity,6,None,0.3548414707183838
ICA,OnlineNewsPopularity,8,None,0.3321840763092041
ICA,OnlineNewsPopularity,10,None,0.2823777198791504
ICA,OnlineNewsPopularity,12,None,0.3972017765045166
ICA,OnlineNewsPopularity,14,None,0.490553617477417
ICA,OnlineNewsPopularity,16,None,0.4871349334716797
ICA,OnlineNewsPopularity,18,None,0.5065522193908691
ICA,OnlineNewsPopularity,20,None,0.6898729801177979
ICA,OnlineNewsPopularity,22,None,0.700068473815918
ICA,PremiumPrice,2,None,0.008112430572509766
ICA,PremiumPrice,4,None,0.00982046127319336
ICA,WineQuality,2,None,0.037685394287109375
ICA,WineQuality,4,None,0.007317066192626953
Index(['dr_name', 'dataset_name', 'n_components', 'n_neighbors',
       'transform_time'],
      dtype='object')
ICA,Admission,2,None,0.0006346702575683594
ICA,BankHappiness,2,None,0.0008392333984375
ICA,BankHappiness,4,None,0.0007936954498291016
ICA,BankHappiness,6,None,0.003798246383666992
ICA,BankHappiness,8,None,0.0032782554626464844
ICA,Credit,2,None,0.0008215904235839844
ICA,Credit,4,None,0.0008056163787841797
ICA,Credit,6,None,0.0008101463317871094
ICA,Credit,8,None,0.0007963180541992188
ICA,Credit,10,None,0.0008141994476318359
ICA,Facebook,2,None,0.0007913112640380859
ICA,Facebook,4,None,0.0007960796356201172
ICA,Facebook,6,None,0.0007767677307128906
ICA,Facebook,8,None,0.0007741451263427734
ICA,ForestFires,2,None,0.0006895065307617188
ICA,ForestFires,4,None,0.0006794929504394531
ICA,HousePrice,2,None,0.0021064281463623047
ICA,HousePrice,11,None,0.004160642623901367
ICA,HousePrice,20,None,0.005255222320556641
ICA,HousePrice,29,None,0.004530191421508789
ICA,HousePrice,38,None,0.002270936965942383
ICA,HousePrice,47,None,0.0022454261779785156
ICA,HousePrice,56,None,0.0023343563079833984
ICA,HousePrice,65,None,0.0023581981658935547
ICA,HousePrice,74,None,0.0023620128631591797
ICA,HousePrice,83,None,0.002337932586669922
ICA,HousePrice,92,None,0.002296924591064453
ICA,OnlineNewsPopularity,2,None,0.003172159194946289
ICA,OnlineNewsPopularity,4,None,0.002803802490234375
ICA,OnlineNewsPopularity,6,None,0.002880096435546875
ICA,OnlineNewsPopularity,8,None,0.002810239791870117
ICA,OnlineNewsPopularity,10,None,0.002928018569946289
ICA,OnlineNewsPopularity,12,None,0.003118276596069336
ICA,OnlineNewsPopularity,14,None,0.0030782222747802734
ICA,OnlineNewsPopularity,16,None,0.0030641555786132812
ICA,OnlineNewsPopularity,18,None,0.003273487091064453
ICA,OnlineNewsPopularity,20,None,0.0031518936157226562
ICA,OnlineNewsPopularity,22,None,0.00316619873046875
ICA,PremiumPrice,2,None,0.0007293224334716797
ICA,PremiumPrice,4,None,0.0007040500640869141
ICA,WineQuality,2,None,0.0007269382476806641
ICA,WineQuality,4,None,0.0007309913635253906
Index(['dr_name', 'dataset_name', 'n_components', 'n_neighbors', 'RMSE', 'MAE',
       'MAE_percentage', 'R2', 'residuals_mean', 'residuals_var'],
      dtype='object')
[['ICA' 'Admission' 2 None 0.078007094667981 0.06056859087969677
  0.09481311720268323 0.7337223070067475 0.011481535833198917
  0.006028639142734502]]
[['ICA' 'BankHappiness' 2 None 0.31017435022604284 0.17405001351968444
  411287725639729.6 -0.0006635808584674052 -0.008598427580692385
  0.09617375597823452]]
[['ICA' 'BankHappiness' 4 None 0.3003899371390509 0.1710880241070549
  409333698592183.6 0.06147230721590369 -0.010692654665751594
  0.09015686780042524]]
[['ICA' 'BankHappiness' 6 None 0.3038033991534793 0.16938505533397502
  397544206629850.3 0.040021317379528965 -0.0070287185456208365
  0.09228506422337143]]
[['ICA' 'BankHappiness' 8 None 0.3028579642279794 0.16657484847365991
  387463130226012.7 0.04598691985248715 -0.004972125683418426
  0.09173596035734487]]
[['ICA' 'Credit' 2 None 9107.55370927253 6113.3100106251 1.20599105290654
  -0.0005001810473272972 -304.74163915719873 92060741.22294173]]
[['ICA' 'Credit' 4 None 9108.781070080515 6114.579239338861
  1.2062934163572283 -0.0007698599298349151 -305.23267034882394
  92085250.66623205]]
[['ICA' 'Credit' 6 None 9109.428269566213 6114.926229225414
  1.2062962461190838 -0.0009120789037810884 -304.9799172794195
  92098522.94269815]]
[['ICA' 'Credit' 8 None 9109.583507490073 6115.25169620273
  1.2063598877076838 -0.0009461931933816281 -305.12086851908117
  92101569.9283659]]
[['ICA' 'Credit' 10 None 9109.807334821773 6115.432735863049
  1.2063833033825553 -0.0009953813626966124 -305.02797838683017
  92106164.01108207]]
[['ICA' 'Facebook' 2 None 242.46827433510708 124.41192120462644
  1.4551478298706013 0.05153292485212457 60.87799283298347
  55641.14550269895]]
[['ICA' 'Facebook' 4 None 246.35165657447698 125.81808850496647
  1.4696600318492599 0.020908251741856954 65.12876653355855
  57017.558047279075]]
[['ICA' 'Facebook' 6 None 250.75548058011978 128.75675461455964
  1.5019459080153192 -0.014409444694818863 67.52850126476251
  58907.285412022014]]
[['ICA' 'Facebook' 8 None 253.54763359615836 129.64622199792487
  1.4911396602901192 -0.037126042097544554 70.17333092775624
  59961.72336233877]]
[['ICA' 'ForestFires' 2 None 11.355591522598564 4.935281119231539
  2805199770497141.0 -0.13821309211983612 3.5573310291091045
  117.42393103742516]]
[['ICA' 'ForestFires' 4 None 11.301392835211646 4.952907111371688
  3242778183319829.0 -0.127373949608091 3.3810132197459875
  117.41926097924569]]
[['ICA' 'HousePrice' 2 None 92613.38982824075 59949.12948564843
  0.3149519486946666 -0.0641810127566933 23140.470918480027
  8069393490.362238]]
[['ICA' 'HousePrice' 11 None 92662.19355800902 60048.963576406524
  0.31578271789097623 -0.06530287400840362 23053.393324978617
  8082502975.897739]]
[['ICA' 'HousePrice' 20 None 92672.43272545894 60063.83197321263
  0.3158996249166668 -0.0655383188376153 23042.82130046807
  8084896174.366556]]
[['ICA' 'HousePrice' 29 None 92675.63677688836 60070.17730656459
  0.3159587251532785 -0.0656119998340361 23033.223774037768
  8085935815.589136]]
[['ICA' 'HousePrice' 38 None 92677.03637437262 60073.64849668662
  0.3159914401430355 -0.06564418605228894 23028.10623057206
  8086432657.094569]]
[['ICA' 'HousePrice' 47 None 92677.84050007047 60075.52526969693
  0.3160080432009703 -0.06566267856404484 23025.992122365114
  8086679915.838097]]
[['ICA' 'HousePrice' 56 None 92678.5753247339 60076.69121534428
  0.316016493606336 -0.0656795774973673 23025.53424515061
  8086837746.765464]]
[['ICA' 'HousePrice' 65 None 92679.20826882224 60077.46156216872
  0.31602121734131006 -0.06569413356687037 23025.6315535929
  8086950974.477745]]
[['ICA' 'HousePrice' 74 None 92679.55692772001 60078.22175173983
  0.31602740096596293 -0.06570215185808825 23024.803438180894
  8087054089.669674]]
[['ICA' 'HousePrice' 83 None 92679.91492739087 60078.32036767863
  0.31602678083034696 -0.06571038499534332 23025.333330100235
  8087096190.88648]]
[['ICA' 'HousePrice' 92 None 92680.37805739671 60078.58225382331
  0.31602688680589797 -0.06572103592635448 23026.08690853872
  8087147509.190312]]
[['ICA' 'OnlineNewsPopularity' 2 None 7053.185773115175
  2195.9361363289486 0.6742630489757817 -0.0597134217299673
  1699.1526290954384 46866220.6284672]]
[['ICA' 'OnlineNewsPopularity' 4 None 7038.359227938376
  2178.7368373796044 0.66251922784875 -0.05526284424697625
  1680.0843095489722 46721709.84406721]]
[['ICA' 'OnlineNewsPopularity' 6 None 7034.220233955693
  2172.5067117116623 0.6526813061216159 -0.05402208850452794
  1679.6494743036285 46664917.29038021]]
[['ICA' 'OnlineNewsPopularity' 8 None 7037.68679032047 2174.4796857758383
  0.6516916774677254 -0.055061216420627224 1685.2818340580718
  46694749.60799335]]
[['ICA' 'OnlineNewsPopularity' 10 None 7040.165700698093
  2174.476102962245 0.6513609363696004 -0.055804603528559316
  1689.842462529295 46714257.114940345]]
[['ICA' 'OnlineNewsPopularity' 12 None 7042.310901077387
  2173.041739668667 0.647546911732253 -0.056448127445926755
  1691.33711481972 46739416.334351584]]
[['ICA' 'OnlineNewsPopularity' 14 None 7041.481517078872
  2169.288151455507 0.6427913456502176 -0.05619930299364695
  1691.7391253136955 46726373.785213836]]
[['ICA' 'OnlineNewsPopularity' 16 None 7043.69248794271
  2171.6223942179163 0.6442894343756499 -0.05686268398843186
  1696.2214670786834 46742331.70989204]]
[['ICA' 'OnlineNewsPopularity' 18 None 7045.605582359221
  2172.826190543752 0.6436569251309087 -0.05743685802519405
  1700.8615106500886 46753524.665978454]]
[['ICA' 'OnlineNewsPopularity' 20 None 7045.842278171063
  2173.4100274229036 0.6460944263949635 -0.057507908008589625
  1701.3715531892515 46755124.97090848]]
[['ICA' 'OnlineNewsPopularity' 22 None 7046.760208143896
  2174.5878930594045 0.6462517717150125 -0.0577834695097883
  1703.0625311507376 46762305.07566779]]
[['ICA' 'PremiumPrice' 2 None 5873.563926664608 4494.912673197016
  0.20131023315429006 -0.017661264285513623 1178.3765515576151
  33278253.892712086]]
[['ICA' 'PremiumPrice' 4 None 5918.863479058711 4532.723655746309
  0.20253331166970434 -0.03341911444469603 1240.3645541641527
  33664463.197911754]]
[['ICA' 'WineQuality' 2 None 0.805150278608803 0.6015653496795054
  0.10768111145793051 0.09274893611231971 0.002557353390775944
  0.6489225970027768]]
[['ICA' 'WineQuality' 4 None 0.7249447020079298 0.538598921972402
  0.09449292184046801 0.26449885746326485 0.060255465447904055
  0.5224472092502166]]
----------svd----------
Index(['dr_name', 'dataset_name', 'n_components', 'n_neighbors',
       'fit_transform_time'],
      dtype='object')
SVD,Admission,2,None,0.007865667343139648
SVD,BankHappiness,2,None,0.01983785629272461
SVD,BankHappiness,4,None,0.027762651443481445
SVD,BankHappiness,6,None,0.054340362548828125
SVD,BankHappiness,8,None,0.05304980278015137
SVD,Credit,2,None,0.007259845733642578
SVD,Credit,4,None,0.013293743133544922
SVD,Credit,6,None,0.006796598434448242
SVD,Credit,8,None,0.0020530223846435547
SVD,Credit,10,None,0.007311105728149414
SVD,Facebook,2,None,0.0074617862701416016
SVD,Facebook,4,None,0.007567882537841797
SVD,Facebook,6,None,0.0024881362915039062
SVD,Facebook,8,None,0.002490997314453125
SVD,ForestFires,2,None,0.001737356185913086
SVD,ForestFires,4,None,0.0017085075378417969
SVD,HousePrice,2,None,0.04199337959289551
SVD,HousePrice,11,None,0.03007030487060547
SVD,HousePrice,20,None,0.06907963752746582
SVD,HousePrice,29,None,0.15430498123168945
SVD,HousePrice,38,None,0.21256470680236816
SVD,HousePrice,47,None,0.14867377281188965
SVD,HousePrice,56,None,0.0644845962524414
SVD,HousePrice,65,None,0.8807623386383057
SVD,HousePrice,74,None,0.3235023021697998
SVD,HousePrice,83,None,0.2715902328491211
SVD,HousePrice,92,None,1.5425362586975098
SVD,OnlineNewsPopularity,2,None,0.12583088874816895
SVD,OnlineNewsPopularity,4,None,0.1231985092163086
SVD,OnlineNewsPopularity,6,None,0.13144683837890625
SVD,OnlineNewsPopularity,8,None,0.17337656021118164
SVD,OnlineNewsPopularity,10,None,0.2025754451751709
SVD,OnlineNewsPopularity,12,None,0.23401832580566406
SVD,OnlineNewsPopularity,14,None,0.25664615631103516
SVD,OnlineNewsPopularity,16,None,0.2515120506286621
SVD,OnlineNewsPopularity,18,None,0.2528672218322754
SVD,OnlineNewsPopularity,20,None,0.4525787830352783
SVD,OnlineNewsPopularity,22,None,0.4323601722717285
SVD,PremiumPrice,2,None,0.025774717330932617
SVD,PremiumPrice,4,None,0.00783538818359375
SVD,WineQuality,2,None,0.010299444198608398
SVD,WineQuality,4,None,0.011415243148803711
Index(['dr_name', 'dataset_name', 'n_components', 'n_neighbors',
       'transform_time'],
      dtype='object')
SVD,Admission,2,None,0.0007991790771484375
SVD,BankHappiness,2,None,0.0008344650268554688
SVD,BankHappiness,4,None,0.0008130073547363281
SVD,BankHappiness,6,None,0.0010366439819335938
SVD,BankHappiness,8,None,0.0009114742279052734
SVD,Credit,2,None,0.0007586479187011719
SVD,Credit,4,None,0.0007548332214355469
SVD,Credit,6,None,0.0007500648498535156
SVD,Credit,8,None,0.0007574558258056641
SVD,Credit,10,None,0.0007441043853759766
SVD,Facebook,2,None,0.0007543563842773438
SVD,Facebook,4,None,0.0007534027099609375
SVD,Facebook,6,None,0.0007386207580566406
SVD,Facebook,8,None,0.0007393360137939453
SVD,ForestFires,2,None,0.0006837844848632812
SVD,ForestFires,4,None,0.0006611347198486328
SVD,HousePrice,2,None,0.0018837451934814453
SVD,HousePrice,11,None,0.012244462966918945
SVD,HousePrice,20,None,0.005487680435180664
SVD,HousePrice,29,None,0.0049419403076171875
SVD,HousePrice,38,None,0.004509925842285156
SVD,HousePrice,47,None,0.002054452896118164
SVD,HousePrice,56,None,0.0021736621856689453
SVD,HousePrice,65,None,0.002202272415161133
SVD,HousePrice,74,None,0.0021636486053466797
SVD,HousePrice,83,None,0.002117156982421875
SVD,HousePrice,92,None,0.002133607864379883
SVD,OnlineNewsPopularity,2,None,0.002005338668823242
SVD,OnlineNewsPopularity,4,None,0.0019283294677734375
SVD,OnlineNewsPopularity,6,None,0.002078533172607422
SVD,OnlineNewsPopularity,8,None,0.0021822452545166016
SVD,OnlineNewsPopularity,10,None,0.002140045166015625
SVD,OnlineNewsPopularity,12,None,0.002256155014038086
SVD,OnlineNewsPopularity,14,None,0.002331972122192383
SVD,OnlineNewsPopularity,16,None,0.0023860931396484375
SVD,OnlineNewsPopularity,18,None,0.002307891845703125
SVD,OnlineNewsPopularity,20,None,0.002382040023803711
SVD,OnlineNewsPopularity,22,None,0.0023040771484375
SVD,PremiumPrice,2,None,0.0006511211395263672
SVD,PremiumPrice,4,None,0.0006515979766845703
SVD,WineQuality,2,None,0.0006937980651855469
SVD,WineQuality,4,None,0.0006804466247558594
Index(['dr_name', 'dataset_name', 'n_components', 'n_neighbors', 'RMSE', 'MAE',
       'MAE_percentage', 'R2', 'residuals_mean', 'residuals_var'],
      dtype='object')
[['SVD' 'Admission' 2 None 0.07539297620562263 0.05815507096385416
  0.09086976944224097 0.751269893991927 0.008690409245175282
  0.005679572302068812]]
[['SVD' 'BankHappiness' 2 None 0.3101624761071032 0.17399309810929942
  411019551831025.1 -0.0005869673607021841 -0.008536249896267372
  0.09616745282672234]]
[['SVD' 'BankHappiness' 4 None 0.3069161242858923 0.17238773532292326
  406456877874033.75 0.020248939237608177 -0.008115378410279733
  0.0941703852836267]]
[['SVD' 'BankHappiness' 6 None 0.3049450380018019 0.17008884183260736
  397776210103112.44 0.032792904854824334 -0.006555727900134208
  0.09298674904458014]]
[['SVD' 'BankHappiness' 8 None 0.30209292560982015 0.1668640500095518
  388856818722840.6 0.050800628600901176 -0.005687221922276691
  0.0912653335112167]]
[['SVD' 'Credit' 2 None 9105.027877605431 6110.640922113173
  1.2052133485162493 5.4686856077346135e-05 -303.63005029346294
  92010379.38281205]]
[['SVD' 'Credit' 4 None 9105.134924924483 6110.986598222704
  1.205319320106664 3.117411220632249e-05 -303.9047880191938
  92012359.86766513]]
[['SVD' 'Credit' 6 None 9105.16463920065 6111.086490783458
  1.2053502531807134 2.4647377879327692e-05 -303.9852039738045
  92012906.78079435]]
[['SVD' 'Credit' 8 None 9105.178635229715 6111.133993721437
  1.2053650052019576 2.157314574624536e-05 -304.02356862415616
  92013164.0546274]]
[['SVD' 'Credit' 10 None 9105.186786800148 6111.16176330596
  1.2053736404656266 1.9782648589594665e-05 -304.0460262967452
  92013313.81823689]]
[['SVD' 'Facebook' 2 None 259.64523388671864 133.7769408456984
  1.582274209392149 -0.08760983544011958 73.96727944916726
  62570.190960583466]]
[['SVD' 'Facebook' 4 None 259.67091076219765 133.8023162583653
  1.5826712610138784 -0.08782495822707181 73.97344684032296
  62582.738443061746]]
[['SVD' 'Facebook' 6 None 259.6760084134788 133.80761385935034
  1.5827492271832775 -0.08786766926241008 73.9737520152965
  62585.36702862276]]
[['SVD' 'Facebook' 8 None 259.6774335682569 133.809995129691
  1.5828191416022404 -0.08787961017347601 73.97164119762051
  62586.43010416868]]
[['SVD' 'ForestFires' 2 None 11.337853918690366 4.911016946012477
  2784892725645775.0 -0.13466005746623533 3.569554955165365
  116.92953132015684]]
[['SVD' 'ForestFires' 4 None 11.385995555544595 4.866570470453949
  2399747306234621.0 -0.144316269848058 3.7063740447505893
  117.02896473838024]]
[['SVD' 'HousePrice' 2 None 92555.66640728222 59877.611671762796
  0.3144482419848593 -0.06285487567367931 23169.771939770642
  8057306567.998958]]
[['SVD' 'HousePrice' 11 None 92622.69935688209 59993.18626822992
  0.3153534065455492 -0.0643949671657662 23088.013203498027
  8073557251.138749]]
[['SVD' 'HousePrice' 20 None 92636.17738516841 60012.730001184835
  0.3155044142846896 -0.06470476140309311 23075.47942016377
  8076643347.557619]]
[['SVD' 'HousePrice' 29 None 92641.30901066957 60020.45387353218
  0.3155673506484383 -0.06482272433270131 23068.608677747186
  8077915523.140665]]
[['SVD' 'HousePrice' 38 None 92643.97969133889 60024.63022252531
  0.3156010376261734 -0.06488411902773095 23065.39998776705
  8078560599.877766]]
[['SVD' 'HousePrice' 47 None 92645.45634388813 60027.352885031665
  0.31562422801449436 -0.06491806567782099 23062.60940411968
  8078964314.6493635]]
[['SVD' 'HousePrice' 56 None 92646.63301109178 60029.23588029277
  0.3156394011712551 -0.06494511637559452 23061.1248136221
  8079251801.174431]]
[['SVD' 'HousePrice' 65 None 92647.47147782834 60030.57414675545
  0.31565014259040086 -0.06496439230754936 23060.094481118107
  8079455381.501792]]
[['SVD' 'HousePrice' 74 None 92648.1493975879 60031.61522348813
  0.31565851506608683 -0.06497997747214423 23059.299363654405
  8079618225.083503]]
[['SVD' 'HousePrice' 83 None 92648.61823210055 60032.34253257567
  0.3156645114503621 -0.06499075589859471 23058.66887686676
  8079734573.827499]]
[['SVD' 'HousePrice' 92 None 92649.02051029491 60032.86914372712
  0.31566852064556483 -0.06500000424998031 23058.38992913775
  8079822279.638221]]
[['SVD' 'OnlineNewsPopularity' 2 None 7052.850815313371
  2195.8394122752375 0.6741619984763905 -0.059612771935351416
  1699.077851994449 46861749.24735575]]
[['SVD' 'OnlineNewsPopularity' 4 None 7036.884504105655 2182.016541528676
  0.669839572250779 -0.05482067919660327 1678.820184438477
  46705196.739577495]]
[['SVD' 'OnlineNewsPopularity' 6 None 7033.43381694981 2175.2885795743236
  0.6591602401650369 -0.05378642498181496 1677.6818229925123
  46660459.74314787]]
[['SVD' 'OnlineNewsPopularity' 8 None 7033.968474558311
  2173.0711637190575 0.6542506194848758 -0.05394664155851259
  1678.9866560522917 46663601.49104777]]
[['SVD' 'OnlineNewsPopularity' 10 None 7037.538122652021
  2173.6981443583313 0.6522114220364101 -0.05501664159396502
  1684.7162574390443 46694563.045720235]]
[['SVD' 'OnlineNewsPopularity' 12 None 7038.715264327621
  2172.3541181637015 0.6492602753192949 -0.05536960818536718
  1687.8729426380942 46700487.33497528]]
[['SVD' 'OnlineNewsPopularity' 14 None 7038.268246430454
  2168.375898877809 0.6431608109720844 -0.05523556266580654
  1688.651027158831 46691566.325261466]]
[['SVD' 'OnlineNewsPopularity' 16 None 7039.157695578432
  2169.3731606812544 0.643685982770424 -0.0555022867078252
  1689.7362667517461 46700422.23702122]]
[['SVD' 'OnlineNewsPopularity' 18 None 7040.430033677512
  2170.1623168147817 0.6437843861359172 -0.055883888371474066
  1692.8093367644858 46707942.381883085]]
[['SVD' 'OnlineNewsPopularity' 20 None 7040.720446839942
  2170.6333111918057 0.6445524299843214 -0.05597099921615745
  1693.212174100511 46710668.06120041]]
[['SVD' 'OnlineNewsPopularity' 22 None 7041.0384645449485
  2170.685511594218 0.6447517583947767 -0.056066394299777
  1694.171718147275 46711896.12068597]]
[['SVD' 'PremiumPrice' 2 None 5959.6697047723355 4565.328486177151
  0.20356160185050906 -0.047717568593345305 1294.5185167706125
  34013671.016976655]]
[['SVD' 'PremiumPrice' 4 None 5960.269245271848 4564.935382545098
  0.20349144283779205 -0.04792837917222692 1301.283956713463
  34003202.88805306]]
[['SVD' 'WineQuality' 2 None 0.79913921876892 0.5995921357036041
  0.10740786727972301 0.10624500799714731 -0.002543571015120679
  0.6392693368709591]]
[['SVD' 'WineQuality' 4 None 0.7230702089316647 0.5392048481643493
  0.09473122067014078 0.26829751783109235 0.05422158993419046
  0.5204215886669049]]
----------lpp----------
Index(['dr_name', 'dataset_name', 'n_components', 'n_neighbors',
       'fit_transform_time'],
      dtype='object')
LPP,Admission,2,5,0.0236358642578125
LPP,Admission,2,6,0.008157014846801758
LPP,Admission,2,17,0.004693269729614258
LPP,BankHappiness,2,8,0.8824868202209473
LPP,BankHappiness,2,19,0.8064436912536621
LPP,BankHappiness,2,87,0.8693838119506836
LPP,BankHappiness,4,8,0.7147855758666992
LPP,BankHappiness,4,19,0.782813310623169
LPP,BankHappiness,4,87,0.8653659820556641
LPP,BankHappiness,6,8,0.7182061672210693
LPP,BankHappiness,6,19,0.7711954116821289
LPP,BankHappiness,6,87,0.8481864929199219
LPP,BankHappiness,8,8,0.7279403209686279
LPP,BankHappiness,8,19,0.7499809265136719
LPP,BankHappiness,8,87,0.8530185222625732
LPP,Credit,2,3,0.06982040405273438
LPP,Credit,2,3,0.0026226043701171875
LPP,Credit,2,6,0.002374410629272461
LPP,Credit,4,3,0.0022819042205810547
LPP,Credit,4,3,0.0031731128692626953
LPP,Credit,4,6,0.0024123191833496094
LPP,Credit,6,3,0.0023314952850341797
LPP,Credit,6,3,0.0023088455200195312
LPP,Credit,6,6,0.0023009777069091797
LPP,Credit,8,3,0.002346515655517578
LPP,Credit,8,3,0.0024988651275634766
LPP,Credit,8,6,0.0027277469635009766
LPP,Credit,10,3,0.002532482147216797
LPP,Credit,10,3,0.0023708343505859375
LPP,Credit,10,6,0.0027925968170166016
LPP,Facebook,2,5,0.008867025375366211
LPP,Facebook,2,7,0.0862576961517334
LPP,Facebook,2,20,0.06981873512268066
LPP,Facebook,4,5,0.0795748233795166
LPP,Facebook,4,7,0.0754098892211914
LPP,Facebook,4,20,0.08313179016113281
LPP,Facebook,6,5,0.08074331283569336
LPP,Facebook,6,7,0.07802271842956543
LPP,Facebook,6,20,0.07639813423156738
LPP,Facebook,8,5,0.08632969856262207
LPP,Facebook,8,7,0.06703996658325195
LPP,Facebook,8,20,0.07946562767028809
LPP,ForestFires,2,6,0.020676374435424805
LPP,ForestFires,2,7,0.008314371109008789
LPP,ForestFires,2,20,0.010706901550292969
LPP,ForestFires,4,6,0.00818324089050293
LPP,ForestFires,4,7,0.008364677429199219
LPP,ForestFires,4,20,0.00886392593383789
LPP,HousePrice,2,7,0.21037030220031738
LPP,HousePrice,2,10,0.21210026741027832
LPP,HousePrice,2,34,0.194732666015625
LPP,HousePrice,11,7,0.14110207557678223
LPP,HousePrice,11,10,0.17460966110229492
LPP,HousePrice,11,34,0.16448974609375
LPP,HousePrice,20,7,0.12999296188354492
LPP,HousePrice,20,10,0.1763455867767334
LPP,HousePrice,20,34,0.16011357307434082
LPP,HousePrice,29,7,0.165358304977417
LPP,HousePrice,29,10,0.15584421157836914
LPP,HousePrice,29,34,0.16694378852844238
LPP,HousePrice,38,7,0.14042901992797852
LPP,HousePrice,38,10,0.151383638381958
LPP,HousePrice,38,34,0.17235136032104492
LPP,HousePrice,47,7,0.14452672004699707
LPP,HousePrice,47,10,0.15681767463684082
LPP,HousePrice,47,34,0.1452617645263672
LPP,HousePrice,56,7,0.16275691986083984
LPP,HousePrice,56,10,0.20855998992919922
LPP,HousePrice,56,34,0.19680023193359375
LPP,HousePrice,65,7,0.1793968677520752
LPP,HousePrice,65,10,0.2208724021911621
LPP,HousePrice,65,34,0.19157814979553223
LPP,HousePrice,74,7,0.1968379020690918
LPP,HousePrice,74,10,0.1399979591369629
LPP,HousePrice,74,34,0.17641377449035645
LPP,HousePrice,83,7,0.17087674140930176
LPP,HousePrice,83,10,0.16015148162841797
LPP,HousePrice,83,34,0.1411447525024414
LPP,HousePrice,92,7,0.14719843864440918
LPP,HousePrice,92,10,0.14607763290405273
LPP,HousePrice,92,34,0.14930510520935059
LPP,OnlineNewsPopularity,2,10,22.515972137451172
LPP,OnlineNewsPopularity,2,31,21.739449739456177
LPP,OnlineNewsPopularity,2,178,22.478075742721558
LPP,OnlineNewsPopularity,4,10,22.2255859375
LPP,OnlineNewsPopularity,4,31,22.1575984954834
LPP,OnlineNewsPopularity,4,178,22.427785873413086
LPP,OnlineNewsPopularity,6,10,20.523836374282837
LPP,OnlineNewsPopularity,6,31,20.651445627212524
LPP,OnlineNewsPopularity,6,178,22.837682247161865
LPP,OnlineNewsPopularity,8,10,20.71764326095581
LPP,OnlineNewsPopularity,8,31,22.01671600341797
LPP,OnlineNewsPopularity,8,178,21.616535902023315
LPP,OnlineNewsPopularity,10,10,20.272697687149048
LPP,OnlineNewsPopularity,10,31,20.55270552635193
LPP,OnlineNewsPopularity,10,178,22.363021850585938
LPP,OnlineNewsPopularity,12,10,20.752508401870728
LPP,OnlineNewsPopularity,12,31,21.136945724487305
LPP,OnlineNewsPopularity,12,178,22.100001335144043
LPP,OnlineNewsPopularity,14,10,20.20901656150818
LPP,OnlineNewsPopularity,14,31,21.278300762176514
LPP,OnlineNewsPopularity,14,178,22.225006341934204
LPP,OnlineNewsPopularity,16,10,19.807496070861816
LPP,OnlineNewsPopularity,16,31,20.186728715896606
LPP,OnlineNewsPopularity,16,178,21.306135892868042
LPP,OnlineNewsPopularity,18,10,20.14782738685608
LPP,OnlineNewsPopularity,18,31,20.407427310943604
LPP,OnlineNewsPopularity,18,178,21.81781506538391
LPP,OnlineNewsPopularity,20,10,19.73463201522827
LPP,OnlineNewsPopularity,20,31,20.169692039489746
LPP,OnlineNewsPopularity,20,178,21.19415593147278
LPP,OnlineNewsPopularity,22,10,19.750187158584595
LPP,OnlineNewsPopularity,22,31,20.376117706298828
LPP,OnlineNewsPopularity,22,178,21.635311603546143
LPP,PremiumPrice,2,6,0.13191652297973633
LPP,PremiumPrice,2,9,0.04604744911193848
LPP,PremiumPrice,2,28,0.15628433227539062
LPP,PremiumPrice,4,6,0.054337501525878906
LPP,PremiumPrice,4,9,0.020232439041137695
LPP,PremiumPrice,4,28,0.02217388153076172
LPP,WineQuality,2,8,0.3313751220703125
LPP,WineQuality,2,15,0.3719949722290039
LPP,WineQuality,2,62,0.43854379653930664
LPP,WineQuality,4,8,0.3429996967315674
LPP,WineQuality,4,15,0.3868136405944824
LPP,WineQuality,4,62,0.4629807472229004
Index(['dr_name', 'dataset_name', 'n_components', 'n_neighbors',
       'transform_time'],
      dtype='object')
LPP,Admission,2,5,0.0024290084838867188
LPP,Admission,2,6,0.0008103847503662109
LPP,Admission,2,17,0.0007276535034179688
LPP,BankHappiness,2,8,0.00723576545715332
LPP,BankHappiness,2,19,0.0011887550354003906
LPP,BankHappiness,2,87,0.001485586166381836
LPP,BankHappiness,4,8,0.0014235973358154297
LPP,BankHappiness,4,19,0.0009162425994873047
LPP,BankHappiness,4,87,0.0008704662322998047
LPP,BankHappiness,6,8,0.0012462139129638672
LPP,BankHappiness,6,19,0.012252569198608398
LPP,BankHappiness,6,87,0.001001119613647461
LPP,BankHappiness,8,8,0.018804311752319336
LPP,BankHappiness,8,19,0.0015172958374023438
LPP,BankHappiness,8,87,0.001558065414428711
LPP,Credit,2,3,0.0019097328186035156
LPP,Credit,2,3,0.0007174015045166016
LPP,Credit,2,6,0.0008413791656494141
LPP,Credit,4,3,0.0009005069732666016
LPP,Credit,4,3,0.0007159709930419922
LPP,Credit,4,6,0.0015492439270019531
LPP,Credit,6,3,0.0016009807586669922
LPP,Credit,6,3,0.002257108688354492
LPP,Credit,6,6,0.0016832351684570312
LPP,Credit,8,3,0.0016393661499023438
LPP,Credit,8,3,0.0007154941558837891
LPP,Credit,8,6,0.0015895366668701172
LPP,Credit,10,3,0.0015261173248291016
LPP,Credit,10,3,0.0007190704345703125
LPP,Credit,10,6,0.0014553070068359375
LPP,Facebook,2,5,0.002231597900390625
LPP,Facebook,2,7,0.0015687942504882812
LPP,Facebook,2,20,0.0015230178833007812
LPP,Facebook,4,5,0.001466989517211914
LPP,Facebook,4,7,0.0007033348083496094
LPP,Facebook,4,20,0.0014986991882324219
LPP,Facebook,6,5,0.0017857551574707031
LPP,Facebook,6,7,0.0015475749969482422
LPP,Facebook,6,20,0.0023670196533203125
LPP,Facebook,8,5,0.001672506332397461
LPP,Facebook,8,7,0.0007405281066894531
LPP,Facebook,8,20,0.0008597373962402344
LPP,ForestFires,2,6,0.0011625289916992188
LPP,ForestFires,2,7,0.0005576610565185547
LPP,ForestFires,2,20,0.0005853176116943359
LPP,ForestFires,4,6,0.0005295276641845703
LPP,ForestFires,4,7,0.0004506111145019531
LPP,ForestFires,4,20,0.0005240440368652344
LPP,HousePrice,2,7,0.007246494293212891
LPP,HousePrice,2,10,0.0013620853424072266
LPP,HousePrice,2,34,0.0013871192932128906
LPP,HousePrice,11,7,0.0206906795501709
LPP,HousePrice,11,10,0.01494288444519043
LPP,HousePrice,11,34,0.02678847312927246
LPP,HousePrice,20,7,0.023166894912719727
LPP,HousePrice,20,10,0.01920461654663086
LPP,HousePrice,20,34,0.01903820037841797
LPP,HousePrice,29,7,0.018932342529296875
LPP,HousePrice,29,10,0.02284097671508789
LPP,HousePrice,29,34,0.023759841918945312
LPP,HousePrice,38,7,0.026969194412231445
LPP,HousePrice,38,10,0.019084930419921875
LPP,HousePrice,38,34,0.030453920364379883
LPP,HousePrice,47,7,0.019116878509521484
LPP,HousePrice,47,10,0.02285003662109375
LPP,HousePrice,47,34,0.018755197525024414
LPP,HousePrice,56,7,0.02290201187133789
LPP,HousePrice,56,10,0.026645183563232422
LPP,HousePrice,56,34,0.026786088943481445
LPP,HousePrice,65,7,0.022650718688964844
LPP,HousePrice,65,10,0.029561519622802734
LPP,HousePrice,65,34,0.023402690887451172
LPP,HousePrice,74,7,0.026492595672607422
LPP,HousePrice,74,10,0.02878117561340332
LPP,HousePrice,74,34,0.027234792709350586
LPP,HousePrice,83,7,0.031060218811035156
LPP,HousePrice,83,10,0.021865367889404297
LPP,HousePrice,83,34,0.027754545211791992
LPP,HousePrice,92,7,0.030509233474731445
LPP,HousePrice,92,10,0.02005314826965332
LPP,HousePrice,92,34,0.022725582122802734
LPP,OnlineNewsPopularity,2,10,0.08597850799560547
LPP,OnlineNewsPopularity,2,31,0.0034279823303222656
LPP,OnlineNewsPopularity,2,178,0.0016064643859863281
LPP,OnlineNewsPopularity,4,10,0.001680135726928711
LPP,OnlineNewsPopularity,4,31,0.004317522048950195
LPP,OnlineNewsPopularity,4,178,0.004091501235961914
LPP,OnlineNewsPopularity,6,10,0.024236679077148438
LPP,OnlineNewsPopularity,6,31,0.015827417373657227
LPP,OnlineNewsPopularity,6,178,0.007451534271240234
LPP,OnlineNewsPopularity,8,10,0.006328105926513672
LPP,OnlineNewsPopularity,8,31,0.019679546356201172
LPP,OnlineNewsPopularity,8,178,0.0063517093658447266
LPP,OnlineNewsPopularity,10,10,0.008675336837768555
LPP,OnlineNewsPopularity,10,31,0.009486913681030273
LPP,OnlineNewsPopularity,10,178,0.01618790626525879
LPP,OnlineNewsPopularity,12,10,0.002202272415161133
LPP,OnlineNewsPopularity,12,31,0.011242866516113281
LPP,OnlineNewsPopularity,12,178,0.004519462585449219
LPP,OnlineNewsPopularity,14,10,0.019501924514770508
LPP,OnlineNewsPopularity,14,31,0.009732246398925781
LPP,OnlineNewsPopularity,14,178,0.0028018951416015625
LPP,OnlineNewsPopularity,16,10,0.011123895645141602
LPP,OnlineNewsPopularity,16,31,0.003916025161743164
LPP,OnlineNewsPopularity,16,178,0.004185914993286133
LPP,OnlineNewsPopularity,18,10,0.021050453186035156
LPP,OnlineNewsPopularity,18,31,0.006037235260009766
LPP,OnlineNewsPopularity,18,178,0.00433349609375
LPP,OnlineNewsPopularity,20,10,0.0050318241119384766
LPP,OnlineNewsPopularity,20,31,0.004487752914428711
LPP,OnlineNewsPopularity,20,178,0.004900932312011719
LPP,OnlineNewsPopularity,22,10,0.013890743255615234
LPP,OnlineNewsPopularity,22,31,0.01493382453918457
LPP,OnlineNewsPopularity,22,178,0.0034036636352539062
LPP,PremiumPrice,2,6,0.0012319087982177734
LPP,PremiumPrice,2,9,0.0005958080291748047
LPP,PremiumPrice,2,28,0.0006399154663085938
LPP,PremiumPrice,4,6,0.0006775856018066406
LPP,PremiumPrice,4,9,0.0006947517395019531
LPP,PremiumPrice,4,28,0.0008230209350585938
LPP,WineQuality,2,8,0.0018815994262695312
LPP,WineQuality,2,15,0.0008385181427001953
LPP,WineQuality,2,62,0.0007147789001464844
LPP,WineQuality,4,8,0.0006361007690429688
LPP,WineQuality,4,15,0.0006322860717773438
LPP,WineQuality,4,62,0.0006308555603027344
Index(['dr_name', 'dataset_name', 'n_components', 'n_neighbors', 'RMSE', 'MAE',
       'MAE_percentage', 'R2', 'residuals_mean', 'residuals_var'],
      dtype='object')
[['LPP' 'Admission' 2 5 0.07490654022985166 0.05945728399932254
  0.09072337699012005 0.7544691563012442 0.014936276269486126
  0.0054560986535776915]]
[['LPP' 'Admission' 2 6 0.07588535032559006 0.05980603649872478
  0.09139425984074809 0.7480104876327027 0.013815909465388207
  0.005638184343981498]]
[['LPP' 'Admission' 2 17 0.0755984086975257 0.06008293700059233
  0.09232379919982978 0.7499125563848841 0.0136201439098459
  0.005599606154403257]]
[['LPP' 'BankHappiness' 2 8 0.3101894759492164 0.17402282796003138
  411128995306579.7 -0.0007611784151468903 -0.008555122712117629
  0.09618388642917214]]
[['LPP' 'BankHappiness' 2 19 0.31018386972388756 0.1738198450581335
  410118487681494.75 -0.0007250041255539852 -0.008309350081244078
  0.09618455357668836]]
[['LPP' 'BankHappiness' 2 87 0.310184424434751 0.1738386765769386
  410212217434073.9 -0.0007285833801942143 -0.008332142934201326
  0.09618451838013896]]
[['LPP' 'BankHappiness' 4 8 0.3064671643674096 0.17309966973780622
  411361060994811.4 0.02311322168665142 -0.0095813388024629
  0.09386893408288667]]
[['LPP' 'BankHappiness' 4 19 0.30651931868475696 0.17311586248154798
  411361267469241.0 0.02278070189863113 -0.009565237751787478
  0.09390122553765094]]
[['LPP' 'BankHappiness' 4 87 0.3065307124328536 0.1730977778457124
  411292712241609.7 0.02270805135574061 -0.009552877750753213
  0.09390844974690624]]
[['LPP' 'BankHappiness' 6 8 0.3064553495314812 0.17299509455523815
  410624684620503.06 0.02318854156343475 -0.009358897182812138
  0.09386590435442829]]
[['LPP' 'BankHappiness' 6 19 0.30645455617973655 0.17298105616800208
  410688826935870.25 0.023193599096760775 -0.009401420480197613
  0.0938646198223217]]
[['LPP' 'BankHappiness' 6 87 0.30631150391410084 0.17293550748181274
  410930189812637.75 0.02410532810898991 -0.009554155815617775
  0.0937740297983069]]
[['LPP' 'BankHappiness' 8 8 0.3045830082908669 0.1723035227202806
  409894714022683.9 0.0350880715795896 -0.009680827333458136
  0.09271522924203333]]
[['LPP' 'BankHappiness' 8 19 0.3048717580897659 0.17230630041545744
  409487430862562.06 0.03325769900445452 -0.009508166931249472
  0.09289459614590874]]
[['LPP' 'BankHappiness' 8 87 0.30514743398829175 0.17225310703503388
  408772627786787.56 0.03150858293709902 -0.00924669092645161
  0.09306773890295966]]
[['LPP' 'Credit' 2 3 9104.937734879084 6111.495015801163
  1.205564808969519 7.448632330375737e-05 -305.0056189342784
  92007625.2538262]]
[['LPP' 'Credit' 2 6 9110.402820347737 6116.17 1.2065679717468742
  -0.0011262508138998317 -305.57000000000005 92117851.69344443]]
[['LPP' 'Credit' 4 3 9108.441505582485 6114.569771875699
  1.2061176168278975 -0.0006952463062632752 -306.2037584106649
  92077717.68772542]]
[['LPP' 'Credit' 4 6 9106.279716598809 6112.13207205212
  1.2054467326173293 -0.00022029452855010234 -304.5799378449863
  92035068.15377912]]
[['LPP' 'Credit' 6 3 9108.868998299598 6115.480893135567
  1.2064216961721361 -0.0007891811398930137 -306.6565833369674
  92086062.40897734]]
[['LPP' 'Credit' 6 6 9109.01133828263 6114.042347458725
  1.2059381385226697 -0.0008204591016474083 -304.52579254530303
  92090390.6695957]]
[['LPP' 'Credit' 8 3 9109.45982772457 6114.84963688277 1.2061466220450545
  -0.0009190139156534105 -304.98686910866144 92099157.06955452]]
[['LPP' 'Credit' 8 6 9109.466331834166 6114.577226136111
  1.2060103563611608 -0.0009204432186882272 -304.66120912251824
  92099509.33164024]]
[['LPP' 'Credit' 10 3 9109.88354718563 6115.167464760785
  1.2062012307947603 -0.0010121300249967824 -304.91866417386734
  92107780.94613542]]
[['LPP' 'Credit' 10 6 9110.03710019098 6115.4950003428185
  1.206307458934635 -0.0010458757288998033 -305.25514448423894
  92110661.40402447]]
[['LPP' 'Facebook' 2 5 255.87984135466925 132.06674741753986
  1.5869541456068337 -0.056293389580277964 68.93787974125438
  61335.41610956673]]
[['LPP' 'Facebook' 2 7 248.51472507061266 131.77907049280168
  1.6692014779915914 0.0036391145447675077 64.30236478143519
  58206.84288933073]]
[['LPP' 'Facebook' 2 20 248.56229135319813 130.32518991631517
  1.5761773094222875 0.0032576665721963938 66.4334875371768
  57949.297390302956]]
[['LPP' 'Facebook' 4 5 249.75198365978702 126.36025077186196
  1.3893177251906312 -0.00630657193838946 69.70145471877872
  58098.74803240865]]
[['LPP' 'Facebook' 4 7 250.32873776241365 126.39028371219223
  1.380004103424695 -0.010959680886533985 71.09833635396144
  58191.41769436587]]
[['LPP' 'Facebook' 4 20 249.9365826157914 126.01828467603255
  1.358335051426059 -0.007794702613855398 70.71589007233555
  58048.03860700775]]
[['LPP' 'Facebook' 6 5 251.30800193945444 127.47963454905376
  1.4416522113998438 -0.018884723763707312 69.70584063309988
  58885.664263064355]]
[['LPP' 'Facebook' 6 7 251.99454794780522 127.47755882773976
  1.4279789172425228 -0.024459291456023546 70.75669864431947
  59085.59777007641]]
[['LPP' 'Facebook' 6 20 252.70862534779363 127.95049722202009
  1.4265553364917236 -0.030273541969590534 70.87118069728317
  59433.25764822685]]
[['LPP' 'Facebook' 8 5 253.18932101477867 129.34850236686404
  1.4858642582928414 -0.034196787965685926 69.79324673816566
  59832.055541081]]
[['LPP' 'Facebook' 8 7 253.17884445164333 129.24173812320836
  1.4769554164760643 -0.0341112029675803 70.02946018509645
  59793.33533742769]]
[['LPP' 'Facebook' 8 20 253.85545497570206 129.9022894429533
  1.4858016210004823 -0.039645831836130796 70.02514268907328
  60140.47617403598]]
[['LPP' 'ForestFires' 2 6 11.30438051050003 4.957934842848355
  2975985135741389.5 -0.12797010134925046 3.5020317012801767
  116.6463926184249]]
[['LPP' 'ForestFires' 2 7 11.299525339110257 4.995622116834749
  3155102983771055.5 -0.1270013950856539 3.4332351526404135
  117.01733596786764]]
[['LPP' 'ForestFires' 2 20 11.316534428431869 4.974347422754129
  3053844259815314.0 -0.13039688197468347 3.4692374150839744
  117.15483199686591]]
[['LPP' 'ForestFires' 4 6 11.350414642250387 5.023057092950086
  3082866513961163.0 -0.13717553280984363 3.5093417073499373
  117.64766084014452]]
[['LPP' 'ForestFires' 4 7 11.358695406011313 5.004155697714011
  3019417600846340.5 -0.13883540467135536 3.5183108223042043
  117.77389154909481]]
[['LPP' 'ForestFires' 4 20 11.423933064531694 4.985155007749115
  2823219078757538.5 -0.15195457123353084 3.606889505877497
  118.63733839369219]]
[['LPP' 'HousePrice' 2 7 92680.72972560575 60082.66281703247
  0.31606512724026753 -0.0657291235264903 23020.939516476974
  8087450755.411858]]
[['LPP' 'HousePrice' 2 10 92679.17093955677 60082.54532350065
  0.316072627459719 -0.06569327508799572 23014.69769180875
  8087449159.896515]]
[['LPP' 'HousePrice' 2 34 92679.41238610126 60082.94954088723
  0.3160764953875307 -0.06569882775514424 23014.831237827006
  8087487899.696185]]
[['LPP' 'HousePrice' 11 7 92680.72884265905 60082.3117514695
  0.31606146281785463 -0.06572910322060777 23021.236621029453
  8087436864.836973]]
[['LPP' 'HousePrice' 11 10 92679.25606463283 60082.51865917781
  0.31607166427672956 -0.06569523275036637 23015.088099272438
  8087446960.643095]]
[['LPP' 'HousePrice' 11 34 92679.5246257109 60083.0487173946
  0.3160772359732828 -0.06570140899060473 23014.61655246164
  8087518691.611498]]
[['LPP' 'HousePrice' 20 7 92678.73167214068 60083.767123282974
  0.3160957100034755 -0.06568317307225291 23008.75342466781
  8087641974.220794]]
[['LPP' 'HousePrice' 20 10 92679.25509019644 60082.517967631415
  0.31607166270398895 -0.0656952103407733 23015.086774020336
  8087446840.613543]]
[['LPP' 'HousePrice' 20 34 92678.73167211731 60083.76712326475
  0.316095710003546 -0.06568317307171578 23008.75342456352
  8087641974.221264]]
[['LPP' 'HousePrice' 29 7 92678.73167214064 60083.767123283054
  0.31609571000347636 -0.06568317307225224 23008.753424667644
  8087641974.220794]]
[['LPP' 'HousePrice' 29 10 92679.25029911612 60082.504367526686
  0.3160714930335698 -0.06569510015794511 23015.1368752893
  8087443635.396669]]
[['LPP' 'HousePrice' 29 34 92678.73167211622 60083.76712326536
  0.31609571000355835 -0.06568317307169047 23008.753424559323
  8087641974.221253]]
[['LPP' 'HousePrice' 38 7 92678.73167214061 60083.76712328307
  0.3160957100034768 -0.06568317307225136 23008.7534246675
  8087641974.220794]]
[['LPP' 'HousePrice' 38 10 92679.18363296338 60082.57689832019
  0.3160728462033975 -0.06569356700426665 23014.64870102602
  8087453783.573695]]
[['LPP' 'HousePrice' 38 34 92678.73167212316 60083.76712326449
  0.316095710003499 -0.06568317307185012 23008.75342458742
  8087641974.221247]]
[['LPP' 'HousePrice' 47 7 92626.65642413261 59968.79031695868
  0.31503915825975837 -0.06448591619805266 23181.464559642558
  8069954009.985667]]
[['LPP' 'HousePrice' 47 10 92599.08379822283 59912.5219225971
  0.31457090805124 -0.06385226915500763 23240.708730920072
  8062069605.3704815]]
[['LPP' 'HousePrice' 47 34 92623.03360124661 59958.44223464936
  0.3149643778747602 -0.06440264927099082 23179.006689670947
  8069394916.475368]]
[['LPP' 'HousePrice' 56 7 92663.02698505615 60042.39729678007
  0.31569945296800506 -0.06532203729792374 23077.37713761877
  8081547767.933178]]
[['LPP' 'HousePrice' 56 10 92659.5424480185 60039.68833983447
  0.31568599137446335 -0.06524191722371309 23074.08927707165
  8081052046.485506]]
[['LPP' 'HousePrice' 56 34 92663.56623110405 60044.43725390916
  0.3157231310336427 -0.06533443646917036 23068.061136158303
  8082079416.2499075]]
[['LPP' 'HousePrice' 65 7 92672.34750013756 60060.715519281104
  0.31586753051815974 -0.06553635901415444 23050.050355052485
  8084545971.086642]]
[['LPP' 'HousePrice' 65 10 92671.39727078383 60059.78476772469
  0.3158640806043467 -0.0655145078630357 23048.674087397238
  8084432909.004315]]
[['LPP' 'HousePrice' 65 34 92672.03574148628 60061.36548674
  0.3158767880064806 -0.06552918989351864 23046.710842473447
  8084642459.525431]]
[['LPP' 'HousePrice' 74 7 92674.29865329174 60069.42444146238
  0.31595895381052186 -0.0655812277710186 23031.186653358694
  8085781103.393672]]
[['LPP' 'HousePrice' 74 10 92673.8185748823 60069.10175900956
  0.3159565516590423 -0.06557018779071422 23031.417763501508
  8085681133.867886]]
[['LPP' 'HousePrice' 74 34 92674.88105127872 60069.51527258856
  0.31595538145757895 -0.0655946207898177 23033.109094864867
  8085800561.104713]]
[['LPP' 'HousePrice' 83 7 92676.11377258091 60072.72709577112
  0.3159858596991174 -0.06562296913858257 23028.074508798698
  8086262528.297004]]
[['LPP' 'HousePrice' 83 10 92676.18111176479 60073.28378991002
  0.3159918229503923 -0.06562451771899269 23026.83812806943
  8086332189.742342]]
[['LPP' 'HousePrice' 83 34 92676.1359513435 60073.396457020106
  0.31599285674814126 -0.06562347917726918 23026.694809656336
  8086330413.389469]]
[['LPP' 'HousePrice' 92 7 92677.2973539236 60075.15541256191
  0.31600742902457896 -0.06565018779217269 23025.071647985777
  8086621429.437617]]
[['LPP' 'HousePrice' 92 10 92676.82033017343 60075.30543128989
  0.31601234989273014 -0.0656392177022973 23022.90625947695
  8086632761.692599]]
[['LPP' 'HousePrice' 92 34 92677.55445189978 60075.558372621614
  0.31600893758028353 -0.06565610028410851 23025.47241416755
  8086650728.633893]]
[['LPP' 'OnlineNewsPopularity' 2 10 7068.964981451007 2200.494181155501
  0.6575160432200271 -0.064460253526468 1740.3758431736849
  46947278.79183249]]
[['LPP' 'OnlineNewsPopularity' 2 31 7070.01283428961 2200.4531088409635
  0.6560425263434845 -0.06477585287388465 1743.8040232059527
  46950150.32618084]]
[['LPP' 'OnlineNewsPopularity' 2 178 7070.012834289613 2200.453108840962
  0.6560425263434765 -0.06477585287388576 1743.8040232059668
  46950150.32618084]]
[['LPP' 'OnlineNewsPopularity' 4 10 7062.933979945224 2198.582958186732
  0.6666701422238462 -0.06264470546612055 1713.708278459508
  46954162.16788523]]
[['LPP' 'OnlineNewsPopularity' 4 31 7062.796170591624 2198.624958368269
  0.6669944645248697 -0.06260323801032452 1713.3044184275782
  46953599.47263451]]
[['LPP' 'OnlineNewsPopularity' 4 178 7062.564509058995 2198.6564893719187
  0.6674709339574035 -0.06253353183401078 1712.7088059203388
  46952367.59089285]]
[['LPP' 'OnlineNewsPopularity' 6 10 7041.750327410483 2186.3101943345746
  0.663288157597059 -0.056279945882080185 1691.2391233654942
  46731851.69002075]]
[['LPP' 'OnlineNewsPopularity' 6 31 7046.464990830134 2184.2306662531514
  0.6668287556778618 -0.057694841702417454 1687.0038719689796
  46812590.77455113]]
[['LPP' 'OnlineNewsPopularity' 6 178 7045.074086770309 2183.865397122112
  0.6680338873381871 -0.05727732544264752 1684.5815108400695
  46801156.55093663]]
[['LPP' 'OnlineNewsPopularity' 8 10 7044.578259524372 2182.6557304046437
  0.662213441528843 -0.057128509844499575 1690.2558091098726
  46775017.387198836]]
[['LPP' 'OnlineNewsPopularity' 8 31 7045.024816244555 2184.0955135928893
  0.6651396344515762 -0.057262537116252954 1688.0078562660835
  46788905.123062335]]
[['LPP' 'OnlineNewsPopularity' 8 178 7042.24445262023 2181.161526674467
  0.6619502854352963 -0.056428191087553925 1682.7235425667322
  46767546.70041929]]
[['LPP' 'OnlineNewsPopularity' 10 10 7042.655697150928 2181.3070562244734
  0.6610631388806193 -0.05655157873870298 1686.011221555379
  46762263.05369911]]
[['LPP' 'OnlineNewsPopularity' 10 31 7045.251475680984 2177.1436685532512
  0.652343885562879 -0.05733056878172316 1689.2661504097564
  46787849.07985418]]
[['LPP' 'OnlineNewsPopularity' 10 178 7044.620399988058
  2176.5351362824385 0.6525489129385211 -0.05714115730675551
  1686.7890875905584 46787319.93836766]]
/home/soyoung/.local/lib/python3.8/site-packages/umap/distances.py:1063: NumbaDeprecationWarning: [1mThe 'nopython' keyword argument was not supplied to the 'numba.jit' decorator. The implicit default value for this argument is currently False, but it will be changed to True in Numba 0.59.0. See https://numba.readthedocs.io/en/stable/reference/deprecation.html#deprecation-of-object-mode-fall-back-behaviour-when-using-jit for details.[0m
  @numba.jit()
/home/soyoung/.local/lib/python3.8/site-packages/umap/distances.py:1071: NumbaDeprecationWarning: [1mThe 'nopython' keyword argument was not supplied to the 'numba.jit' decorator. The implicit default value for this argument is currently False, but it will be changed to True in Numba 0.59.0. See https://numba.readthedocs.io/en/stable/reference/deprecation.html#deprecation-of-object-mode-fall-back-behaviour-when-using-jit for details.[0m
  @numba.jit()
/home/soyoung/.local/lib/python3.8/site-packages/umap/distances.py:1086: NumbaDeprecationWarning: [1mThe 'nopython' keyword argument was not supplied to the 'numba.jit' decorator. The implicit default value for this argument is currently False, but it will be changed to True in Numba 0.59.0. See https://numba.readthedocs.io/en/stable/reference/deprecation.html#deprecation-of-object-mode-fall-back-behaviour-when-using-jit for details.[0m
  @numba.jit()
/home/soyoung/.local/lib/python3.8/site-packages/umap/umap_.py:660: NumbaDeprecationWarning: [1mThe 'nopython' keyword argument was not supplied to the 'numba.jit' decorator. The implicit default value for this argument is currently False, but it will be changed to True in Numba 0.59.0. See https://numba.readthedocs.io/en/stable/reference/deprecation.html#deprecation-of-object-mode-fall-back-behaviour-when-using-jit for details.[0m
  @numba.jit()
[['LPP' 'OnlineNewsPopularity' 12 10 7043.710751942094 2176.0462048879813
  0.6512385826542483 -0.05686816479681989 1688.5938824910409
  46768410.25661683]]
[['LPP' 'OnlineNewsPopularity' 12 31 7046.303719488854 2176.128504901792
  0.6495141039789699 -0.057646427663878175 1692.1939015317253
  46792777.37964434]]
[['LPP' 'OnlineNewsPopularity' 12 178 7038.144333087182 2166.324413590283
  0.6396024340427207 -0.055198406760150975 1688.6012949372157
  46689989.82935181]]
[['LPP' 'OnlineNewsPopularity' 14 10 7045.420984648506 2175.3981980207395
  0.6485240212625267 -0.05738144820590452 1693.0117693196416
  46777567.55436111]]
[['LPP' 'OnlineNewsPopularity' 14 31 7038.527533548789 2165.7635146292564
  0.6388626950797653 -0.05531331304941012 1688.898358054304
  46694381.23977576]]
[['LPP' 'OnlineNewsPopularity' 14 178 7041.357579014413
  2168.5222287138977 0.6401264768090152 -0.056162122708516726
  1692.9810075881653 46720424.21110091]]
[['LPP' 'OnlineNewsPopularity' 16 10 7040.297280553939 2167.931497425676
  0.6389384189040114 -0.055844069621166614 1692.4374561247082
  46707331.952106096]]
[['LPP' 'OnlineNewsPopularity' 16 31 7039.763999244769 2167.2170210609743
  0.6388248863067335 -0.05568412166437797 1691.5163114076602
  46702939.875803694]]
[['LPP' 'OnlineNewsPopularity' 16 178 7042.732984818648
  2169.2002052230287 0.6398174219655309 -0.05657476852929566
  1696.4322886733073 46728098.70091203]]
[['LPP' 'OnlineNewsPopularity' 18 10 7042.322114879056 2169.643946383703
  0.6403289683507069 -0.05645149191232823 1695.7279261994445
  46724700.45695057]]
[['LPP' 'OnlineNewsPopularity' 18 31 7042.029834494666 2169.193507724522
  0.6399801152258017 -0.05636380105258132 1695.342640677473
  46721890.053096116]]
[['LPP' 'OnlineNewsPopularity' 18 178 7043.969517485589
  2169.6594546245815 0.6387429562126132 -0.05694581877727112
  1699.3804756996524 46735506.81189561]]
[['LPP' 'OnlineNewsPopularity' 20 10 7043.160418414727 2170.65569371838
  0.6411163945286599 -0.05670302250638404 1697.2029601305057
  46731504.53670261]]
[['LPP' 'OnlineNewsPopularity' 20 31 7044.075831442964 2171.111658259155
  0.6411116601096903 -0.05697772378209143 1698.4045532045236
  46740321.14977262]]
[['LPP' 'OnlineNewsPopularity' 20 178 7044.644906833588 2170.976125398584
  0.6432762152502807 -0.05714851249089237 1700.292676154614
  46741921.73765603]]
[['LPP' 'OnlineNewsPopularity' 22 10 7043.876377837532 2171.2049746658504
  0.6412785328732902 -0.056917867801477895 1698.6009164817362
  46736843.77122002]]
[['LPP' 'OnlineNewsPopularity' 22 31 7044.859559063534 2171.8107840250773
  0.6427768884550221 -0.05721293667287397 1700.2210054055245
  46745190.21078888]]
[['LPP' 'OnlineNewsPopularity' 22 178 7045.06376935204 2172.1647935568703
  0.6442585817988559 -0.057274228707461905 1700.7535551801002
  46746256.46433639]]
[['LPP' 'PremiumPrice' 2 6 5832.785323050833 4458.252818201277
  0.20017321664497886 -0.003579610216084106 1107.3923258516245
  32961539.2820586]]
[['LPP' 'PremiumPrice' 2 9 5825.086958989671 4451.942823673724
  0.1999415348380992 -0.0009322222967407257 1102.7074290387447
  32881743.818961382]]
[['LPP' 'PremiumPrice' 2 28 5821.953220740555 4449.647720816468
  0.19985359875313002 0.0001444366074492276 1101.343290628534
  32848081.663017306]]
[['LPP' 'PremiumPrice' 4 6 5898.034171391959 4516.6798132063095
  0.20194594017029255 -0.02615842012187275 1218.1364382929053
  33472001.215801228]]
[['LPP' 'PremiumPrice' 4 9 5896.299209552975 4515.4055870019365
  0.2018947955984597 -0.025554800747932926 1216.6145014461279
  33455158.972803622]]
[['LPP' 'PremiumPrice' 4 28 5898.958986204814 4517.298920650657
  0.20195731223278068 -0.02648024969492746 1219.8287374166146
  33478819.92139709]]
[['LPP' 'WineQuality' 2 8 0.8070821817131757 0.6114026074521773
  0.11006536591199752 0.08838993888972568 -0.024006747098857664
  0.6514700895301107]]
[['LPP' 'WineQuality' 2 15 0.8036710729371445 0.6122413240947496
  0.10979928846106046 0.09607944023657222 -0.00913727882549773
  0.6464633601015057]]
[['LPP' 'WineQuality' 2 62 0.8062002391338949 0.612791146684367
  0.11002637468901544 0.09038118207722134 -0.017463237411149857
  0.6503174501535217]]
[['LPP' 'WineQuality' 4 8 0.7248927288409182 0.5459483983316197
  0.09771625522740163 0.26460431365417236 -0.008726845363535473
  0.5259299737349389]]
[['LPP' 'WineQuality' 4 15 0.7223262361317154 0.543245088811598
  0.0972313711944543 0.2698024524446059 -0.00877824885036818
  0.5222110021208428]]
[['LPP' 'WineQuality' 4 62 0.7143096105474137 0.538030375410924
  0.09641171064257029 0.2859204798592482 -0.013477685300816451
  0.5105775692389616]]
Finished python experiment_script.py
