Entered python experiment_script.py
----------pca----------
Index(['dr_name', 'dataset_name', 'n_components', 'n_neighbors',
       'fit_transform_time'],
      dtype='object')
PCA,AcademicSuccess,2,None,0.08293008804321289
PCA,AcademicSuccess,4,None,0.08077526092529297
PCA,AcademicSuccess,6,None,0.06965470314025879
PCA,AcademicSuccess,8,None,0.0650322437286377
PCA,AcademicSuccess,10,None,0.07876372337341309
PCA,AcademicSuccess,12,None,0.06173229217529297
PCA,AcademicSuccess,14,None,0.0880732536315918
PCA,AcademicSuccess,16,None,0.042049407958984375
PCA,BuyCoupon,2,None,0.17220544815063477
PCA,BuyCoupon,5,None,0.13505983352661133
PCA,BuyCoupon,8,None,0.09725403785705566
PCA,BuyCoupon,11,None,0.10326337814331055
PCA,BuyCoupon,14,None,0.11899971961975098
PCA,BuyCoupon,17,None,0.1922130584716797
PCA,BuyCoupon,20,None,0.30202460289001465
PCA,BuyCoupon,23,None,0.3070061206817627
PCA,BuyCoupon,26,None,0.2439439296722412
PCA,BuyCoupon,29,None,0.22909045219421387
PCA,DryBean,2,None,0.06520724296569824
PCA,DryBean,4,None,0.048979997634887695
PCA,DryBean,6,None,0.07058930397033691
PCA,FakeWebsite,2,None,0.12731051445007324
PCA,FakeWebsite,4,None,0.07784700393676758
PCA,FakeWebsite,6,None,0.08280110359191895
PCA,FakeWebsite,8,None,0.09999275207519531
PCA,FakeWebsite,10,None,0.07815194129943848
PCA,FakeWebsite,12,None,0.09435486793518066
PCA,FakeWebsite,14,None,0.11422610282897949
PCA,Glass,2,None,0.00764012336730957
PCA,Grade,2,None,0.008405208587646484
PCA,Heart,2,None,0.014961957931518555
PCA,Heart,4,None,0.010562419891357422
PCA,Heart,6,None,0.014513254165649414
PCA,Heart,8,None,0.003683328628540039
PCA,Parkinsons,2,None,0.001191854476928711
PCA,Parkinsons,4,None,0.0013058185577392578
PCA,Parkinsons,6,None,0.0011031627655029297
PCA,Parkinsons,8,None,0.0012946128845214844
PCA,Parkinsons,10,None,0.0010688304901123047
PCA,StayHospital,2,None,0.05752062797546387
PCA,StayHospital,4,None,0.11518740653991699
PCA,StayHospital,6,None,0.07358527183532715
PCA,StayHospital,8,None,0.1602621078491211
PCA,StayHospital,10,None,0.10689091682434082
PCA,StayHospital,12,None,0.07748985290527344
PCA,StayHospital,14,None,0.06752181053161621
PCA,StayHospital,16,None,0.05710744857788086
PCA,StayHospital,18,None,0.12853050231933594
PCA,StayHospital,20,None,0.07402253150939941
PCA,StayHospital,22,None,0.1495990753173828
PCA,StayHospital,24,None,0.07812905311584473
PCA,Zoo,2,None,0.004666566848754883
PCA,Zoo,4,None,0.004470348358154297
PCA,Zoo,6,None,0.0064547061920166016
Index(['dr_name', 'dataset_name', 'n_components', 'n_neighbors',
       'transform_time'],
      dtype='object')
PCA,AcademicSuccess,2,None,0.0010066032409667969
PCA,AcademicSuccess,4,None,0.0009479522705078125
PCA,AcademicSuccess,6,None,0.0009407997131347656
PCA,AcademicSuccess,8,None,0.0009393692016601562
PCA,AcademicSuccess,10,None,0.0009446144104003906
PCA,AcademicSuccess,12,None,0.0010178089141845703
PCA,AcademicSuccess,14,None,0.0010066032409667969
PCA,AcademicSuccess,16,None,0.0018820762634277344
PCA,BuyCoupon,2,None,0.004578828811645508
PCA,BuyCoupon,5,None,0.004525184631347656
PCA,BuyCoupon,8,None,0.0037970542907714844
PCA,BuyCoupon,11,None,0.001844167709350586
PCA,BuyCoupon,14,None,0.0019145011901855469
PCA,BuyCoupon,17,None,0.001867532730102539
PCA,BuyCoupon,20,None,0.0019130706787109375
PCA,BuyCoupon,23,None,0.0018491744995117188
PCA,BuyCoupon,26,None,0.0020308494567871094
PCA,BuyCoupon,29,None,0.0020608901977539062
PCA,DryBean,2,None,0.0008320808410644531
PCA,DryBean,4,None,0.0008044242858886719
PCA,DryBean,6,None,0.000812530517578125
PCA,FakeWebsite,2,None,0.000965118408203125
PCA,FakeWebsite,4,None,0.0009107589721679688
PCA,FakeWebsite,6,None,0.0009739398956298828
PCA,FakeWebsite,8,None,0.0009853839874267578
PCA,FakeWebsite,10,None,0.0009975433349609375
PCA,FakeWebsite,12,None,0.001031637191772461
PCA,FakeWebsite,14,None,0.0010592937469482422
PCA,Glass,2,None,0.0006723403930664062
PCA,Grade,2,None,0.0006935596466064453
PCA,Heart,2,None,0.0007710456848144531
PCA,Heart,4,None,0.0007472038269042969
PCA,Heart,6,None,0.0007557868957519531
PCA,Heart,8,None,0.0007648468017578125
PCA,Parkinsons,2,None,0.0007305145263671875
PCA,Parkinsons,4,None,0.0007178783416748047
PCA,Parkinsons,6,None,0.0007131099700927734
PCA,Parkinsons,8,None,0.0007085800170898438
PCA,Parkinsons,10,None,0.0007104873657226562
PCA,StayHospital,2,None,0.0012292861938476562
PCA,StayHospital,4,None,0.0012328624725341797
PCA,StayHospital,6,None,0.001148223876953125
PCA,StayHospital,8,None,0.0011696815490722656
PCA,StayHospital,10,None,0.001184701919555664
PCA,StayHospital,12,None,0.0012371540069580078
PCA,StayHospital,14,None,0.0012371540069580078
PCA,StayHospital,16,None,0.0012426376342773438
PCA,StayHospital,18,None,0.0012764930725097656
PCA,StayHospital,20,None,0.0012445449829101562
PCA,StayHospital,22,None,0.0012433528900146484
PCA,StayHospital,24,None,0.001294851303100586
PCA,Zoo,2,None,0.0007662773132324219
PCA,Zoo,4,None,0.0007541179656982422
PCA,Zoo,6,None,0.0007340908050537109
Index(['dr_name', 'dataset_name', 'n_components', 'n_neighbors', 'accuracy',
       'precision', 'recall', 'f1_score'],
      dtype='object')
[['PCA' 'AcademicSuccess' 2 None 0.6632768361581921 0.7347228966701628
  0.6632768361581921 0.5916958017180788]]
[['PCA' 'AcademicSuccess' 4 None 0.6892655367231638 0.645587810426751
  0.6892655367231638 0.6211979123184951]]
[['PCA' 'AcademicSuccess' 6 None 0.7163841807909604 0.6959356947223863
  0.7163841807909604 0.6779205518747072]]
[['PCA' 'AcademicSuccess' 8 None 0.7107344632768362 0.6841967337259238
  0.7107344632768362 0.6748323386970079]]
[['PCA' 'AcademicSuccess' 10 None 0.7175141242937854 0.6942984531715364
  0.7175141242937854 0.6903904314853734]]
[['PCA' 'AcademicSuccess' 12 None 0.7231638418079096 0.701122134335739
  0.7231638418079096 0.693829695538]]
[['PCA' 'AcademicSuccess' 14 None 0.7254237288135593 0.7061273607459365
  0.7254237288135593 0.7042221099921615]]
[['PCA' 'AcademicSuccess' 16 None 0.7344632768361582 0.7169102505339165
  0.7344632768361582 0.7153861336195151]]
[['PCA' 'BuyCoupon' 2 None 0.5648403626330312 0.5672235481304694
  0.9889042995839112 0.7209302325581396]]
[['PCA' 'BuyCoupon' 5 None 0.584548679542767 0.587151841868823
  0.9063800277392511 0.7126499454743731]]
[['PCA' 'BuyCoupon' 8 None 0.5888845092629089 0.5903942002718623
  0.9036061026352289 0.7141682652781585]]
[['PCA' 'BuyCoupon' 11 None 0.6089869925108395 0.6080691642651297
  0.8779472954230236 0.7185017026106697]]
[['PCA' 'BuyCoupon' 14 None 0.6184469846275128 0.6140519730510106
  0.8848821081830791 0.7250000000000001]]
[['PCA' 'BuyCoupon' 17 None 0.6283011430823807 0.625062656641604
  0.8647711511789181 0.7256328193191737]]
[['PCA' 'BuyCoupon' 20 None 0.653133622388648 0.6441025641025641
  0.871012482662968 0.7405660377358491]]
[['PCA' 'BuyCoupon' 23 None 0.6543161214032321 0.6473656755346896
  0.8606102635228848 0.7389103899970229]]
[['PCA' 'BuyCoupon' 26 None 0.662987780843516 0.6553732133403918
  0.8585298196948682 0.7433203242269589]]
[['PCA' 'BuyCoupon' 29 None 0.6665352778872684 0.6619565217391304
  0.8446601941747572 0.7422303473491774]]
[['PCA' 'DryBean' 2 None 0.8813808299669482 0.8843244259056775
  0.8813808299669482 0.8789536856737367]]
[['PCA' 'DryBean' 4 None 0.8993756885787734 0.9005470549775895
  0.8993756885787734 0.8990481345643544]]
[['PCA' 'DryBean' 6 None 0.9302240176276166 0.9309364266339312
  0.9302240176276166 0.9304224615446598]]
[['PCA' 'FakeWebsite' 2 None 0.8977838082315694 0.9023218574859888
  0.9155158407798538 0.9088709677419355]]
[['PCA' 'FakeWebsite' 4 None 0.8986883763003166 0.9123669123669124
  0.9049553208773355 0.9086460032626429]]
[['PCA' 'FakeWebsite' 6 None 0.911352329262777 0.9136690647482014
  0.9285134037367994 0.9210314262691377]]
[['PCA' 'FakeWebsite' 8 None 0.9312528267752148 0.9298804780876494
  0.9480097481722177 0.9388576025744167]]
[['PCA' 'FakeWebsite' 10 None 0.9402985074626866 0.9357652656621729
  0.958570268074736 0.9470304975922954]]
[['PCA' 'FakeWebsite' 12 None 0.939846223428313 0.933649289099526
  0.9601949634443542 0.94673608329996]]
[['PCA' 'FakeWebsite' 14 None 0.9466304839439168 0.9364705882352942
  0.9699431356620634 0.9529130087789306]]
[['PCA' 'Glass' 2 None 0.6976744186046512 0.7586831772878284
  0.6976744186046512 0.6410941815913748]]
[['PCA' 'Grade' 2 None 0.975 0.9757602150537634 0.975 0.974836880818729]]
[['PCA' 'Heart' 2 None 0.7065217391304348 0.7105263157894737
  0.7941176470588235 0.7499999999999999]]
[['PCA' 'Heart' 4 None 0.7336956521739131 0.7345132743362832
  0.8137254901960784 0.772093023255814]]
[['PCA' 'Heart' 6 None 0.7336956521739131 0.7345132743362832
  0.8137254901960784 0.772093023255814]]
[['PCA' 'Heart' 8 None 0.7336956521739131 0.7345132743362832
  0.8137254901960784 0.772093023255814]]
[['PCA' 'Parkinsons' 2 None 0.7948717948717948 0.8 0.9655172413793104
  0.8750000000000001]]
[['PCA' 'Parkinsons' 4 None 0.7948717948717948 0.8 0.9655172413793104
  0.8750000000000001]]
[['PCA' 'Parkinsons' 6 None 0.7948717948717948 0.8181818181818182
  0.9310344827586207 0.8709677419354839]]
[['PCA' 'Parkinsons' 8 None 0.8461538461538461 0.8285714285714286 1.0
  0.90625]]
[['PCA' 'Parkinsons' 10 None 0.8461538461538461 0.8285714285714286 1.0
  0.90625]]
[['PCA' 'StayHospital' 2 None 0.2955 0.79182025 0.2955 0.1348054805094558]]
[['PCA' 'StayHospital' 4 None 0.2955 0.79182025 0.2955 0.1348054805094558]]
[['PCA' 'StayHospital' 6 None 0.2955 0.79182025 0.2955 0.1348054805094558]]
[['PCA' 'StayHospital' 8 None 0.2955 0.79182025 0.2955 0.1348054805094558]]
[['PCA' 'StayHospital' 10 None 0.2955 0.79182025 0.2955
  0.1348054805094558]]
[['PCA' 'StayHospital' 12 None 0.2955 0.79182025 0.2955
  0.1348054805094558]]
[['PCA' 'StayHospital' 14 None 0.2955 0.79182025 0.2955
  0.1348054805094558]]
[['PCA' 'StayHospital' 16 None 0.2955 0.79182025 0.2955
  0.1348054805094558]]
[['PCA' 'StayHospital' 18 None 0.2955 0.79182025 0.2955
  0.1348054805094558]]
[['PCA' 'StayHospital' 20 None 0.2955 0.79182025 0.2955
  0.1348054805094558]]
[['PCA' 'StayHospital' 22 None 0.2955 0.79182025 0.2955
  0.1348054805094558]]
[['PCA' 'StayHospital' 24 None 0.2955 0.79182025 0.2955
  0.1348054805094558]]
[['PCA' 'Zoo' 2 None 0.9047619047619048 0.9325396825396824
  0.9047619047619048 0.8811791383219953]]
[['PCA' 'Zoo' 4 None 0.9523809523809523 0.9642857142857143
  0.9523809523809523 0.9319727891156462]]
[['PCA' 'Zoo' 6 None 0.9523809523809523 0.9642857142857143
  0.9523809523809523 0.9319727891156462]]
----------kpca----------
Index(['dr_name', 'dataset_name', 'n_components', 'n_neighbors',
       'fit_transform_time'],
      dtype='object')
KPCA,AcademicSuccess,2,None,0.5531468391418457
KPCA,AcademicSuccess,4,None,0.7133016586303711
KPCA,AcademicSuccess,6,None,0.5979857444763184
KPCA,AcademicSuccess,8,None,0.6632380485534668
KPCA,AcademicSuccess,10,None,1.6989455223083496
KPCA,AcademicSuccess,12,None,2.2286787033081055
KPCA,AcademicSuccess,14,None,3.1926894187927246
KPCA,AcademicSuccess,16,None,1.6562459468841553
KPCA,BuyCoupon,2,None,2.127070188522339
KPCA,BuyCoupon,5,None,2.373389959335327
KPCA,BuyCoupon,8,None,2.375854969024658
KPCA,BuyCoupon,11,None,156.62789463996887
KPCA,BuyCoupon,14,None,106.41241908073425
KPCA,BuyCoupon,17,None,88.74376463890076
KPCA,BuyCoupon,20,None,102.46339535713196
KPCA,BuyCoupon,23,None,135.11551070213318
KPCA,BuyCoupon,26,None,105.51383328437805
KPCA,BuyCoupon,29,None,90.16671442985535
KPCA,DryBean,2,None,2.3135461807250977
KPCA,DryBean,4,None,2.8652377128601074
KPCA,DryBean,6,None,2.725067138671875
KPCA,FakeWebsite,2,None,2.140720844268799
KPCA,FakeWebsite,4,None,2.080683708190918
KPCA,FakeWebsite,6,None,2.393336772918701
KPCA,FakeWebsite,8,None,2.3982200622558594
KPCA,FakeWebsite,10,None,65.02877378463745
KPCA,FakeWebsite,12,None,73.70681428909302
KPCA,FakeWebsite,14,None,76.03995680809021
KPCA,Glass,2,None,0.06167960166931152
KPCA,Grade,2,None,0.10701131820678711
KPCA,Heart,2,None,0.2548787593841553
KPCA,Heart,4,None,0.4014246463775635
KPCA,Heart,6,None,0.11475086212158203
KPCA,Heart,8,None,0.04030871391296387
KPCA,Parkinsons,2,None,0.020930767059326172
KPCA,Parkinsons,4,None,0.010267257690429688
KPCA,Parkinsons,6,None,0.021536827087402344
KPCA,Parkinsons,8,None,0.021961688995361328
KPCA,Parkinsons,10,None,0.010788917541503906
KPCA,StayHospital,2,None,4.499776124954224
KPCA,StayHospital,4,None,3.6803293228149414
KPCA,StayHospital,6,None,3.6749348640441895
KPCA,StayHospital,8,None,5.098360538482666
KPCA,StayHospital,10,None,54.611244201660156
KPCA,StayHospital,12,None,79.96802568435669
KPCA,StayHospital,14,None,39.24312424659729
KPCA,StayHospital,16,None,49.735474824905396
KPCA,StayHospital,18,None,81.25386691093445
KPCA,StayHospital,20,None,78.32468700408936
KPCA,StayHospital,22,None,65.10793423652649
KPCA,StayHospital,24,None,63.7610604763031
KPCA,Zoo,2,None,0.009266853332519531
KPCA,Zoo,4,None,0.006973981857299805
KPCA,Zoo,6,None,0.030592918395996094
Index(['dr_name', 'dataset_name', 'n_components', 'n_neighbors',
       'transform_time'],
      dtype='object')
KPCA,AcademicSuccess,2,None,0.11803555488586426
KPCA,AcademicSuccess,4,None,0.06975269317626953
KPCA,AcademicSuccess,6,None,0.05980038642883301
KPCA,AcademicSuccess,8,None,0.05311226844787598
KPCA,AcademicSuccess,10,None,0.05924081802368164
KPCA,AcademicSuccess,12,None,0.05327606201171875
KPCA,AcademicSuccess,14,None,0.05513739585876465
KPCA,AcademicSuccess,16,None,0.052655935287475586
KPCA,BuyCoupon,2,None,0.3288547992706299
KPCA,BuyCoupon,5,None,0.312941312789917
KPCA,BuyCoupon,8,None,0.34269070625305176
KPCA,BuyCoupon,11,None,0.3407411575317383
KPCA,BuyCoupon,14,None,0.364121675491333
KPCA,BuyCoupon,17,None,0.33265042304992676
KPCA,BuyCoupon,20,None,0.3477754592895508
KPCA,BuyCoupon,23,None,0.32917165756225586
KPCA,BuyCoupon,26,None,0.33881616592407227
KPCA,BuyCoupon,29,None,0.33275341987609863
KPCA,DryBean,2,None,0.357860803604126
KPCA,DryBean,4,None,0.3479194641113281
KPCA,DryBean,6,None,0.39037060737609863
KPCA,FakeWebsite,2,None,0.2452077865600586
KPCA,FakeWebsite,4,None,0.2456071376800537
KPCA,FakeWebsite,6,None,0.262509822845459
KPCA,FakeWebsite,8,None,0.24850797653198242
KPCA,FakeWebsite,10,None,0.25297021865844727
KPCA,FakeWebsite,12,None,0.26328134536743164
KPCA,FakeWebsite,14,None,0.2729334831237793
KPCA,Glass,2,None,0.0014767646789550781
KPCA,Grade,2,None,0.006806850433349609
KPCA,Heart,2,None,0.03236722946166992
KPCA,Heart,4,None,0.01726555824279785
KPCA,Heart,6,None,0.027358531951904297
KPCA,Heart,8,None,0.026431798934936523
KPCA,Parkinsons,2,None,0.0013039112091064453
KPCA,Parkinsons,4,None,0.0012633800506591797
KPCA,Parkinsons,6,None,0.0012569427490234375
KPCA,Parkinsons,8,None,0.001260519027709961
KPCA,Parkinsons,10,None,0.0012602806091308594
KPCA,StayHospital,2,None,0.30234408378601074
KPCA,StayHospital,4,None,0.3084745407104492
KPCA,StayHospital,6,None,0.3093752861022949
KPCA,StayHospital,8,None,0.3134477138519287
KPCA,StayHospital,10,None,0.31395912170410156
KPCA,StayHospital,12,None,0.31554508209228516
KPCA,StayHospital,14,None,0.34754228591918945
KPCA,StayHospital,16,None,0.3206472396850586
KPCA,StayHospital,18,None,0.31232690811157227
KPCA,StayHospital,20,None,0.3088998794555664
KPCA,StayHospital,22,None,0.31960606575012207
KPCA,StayHospital,24,None,0.32074522972106934
KPCA,Zoo,2,None,0.001401662826538086
KPCA,Zoo,4,None,0.0012040138244628906
KPCA,Zoo,6,None,0.0012021064758300781
Index(['dr_name', 'dataset_name', 'n_components', 'n_neighbors', 'accuracy',
       'precision', 'recall', 'f1_score'],
      dtype='object')
[['KPCA' 'AcademicSuccess' 2 None 0.6666666666666666 0.6346177901584097
  0.6666666666666666 0.6024883344228782]]
[['KPCA' 'AcademicSuccess' 4 None 0.6983050847457627 0.6788467661963118
  0.6983050847457627 0.6365614054523306]]
[['KPCA' 'AcademicSuccess' 6 None 0.703954802259887 0.6803312552953104
  0.703954802259887 0.6437628237897647]]
[['KPCA' 'AcademicSuccess' 8 None 0.7141242937853107 0.6839291610126276
  0.7141242937853107 0.6641034038175714]]
[['KPCA' 'AcademicSuccess' 10 None 0.7310734463276836 0.7067204315383757
  0.7310734463276836 0.702316567543213]]
[['KPCA' 'AcademicSuccess' 12 None 0.727683615819209 0.7038474448401306
  0.727683615819209 0.6987981208998159]]
[['KPCA' 'AcademicSuccess' 14 None 0.735593220338983 0.7120460067454243
  0.735593220338983 0.7064228537379436]]
[['KPCA' 'AcademicSuccess' 16 None 0.7367231638418079 0.7151890738677986
  0.7367231638418079 0.7096303767166174]]
[['KPCA' 'BuyCoupon' 2 None 0.5683878596767836 0.5683878596767836 1.0
  0.7248052274440815]]
[['KPCA' 'BuyCoupon' 5 None 0.570752857705952 0.5720114239086087
  0.9722607489597781 0.7202671461597739]]
[['KPCA' 'BuyCoupon' 8 None 0.5668111943240047 0.573009791400596
  0.9334257975034674 0.71010287523081]]
[['KPCA' 'BuyCoupon' 11 None 0.5668111943240047 0.573009791400596
  0.9334257975034674 0.71010287523081]]
[['KPCA' 'BuyCoupon' 14 None 0.5668111943240047 0.573009791400596
  0.9334257975034674 0.71010287523081]]
[['KPCA' 'BuyCoupon' 17 None 0.5782420181316515 0.5845454545454546
  0.8918169209431346 0.7062053816584295]]
[['KPCA' 'BuyCoupon' 20 None 0.5798186834844304 0.5852994555353902
  0.8945908460471568 0.7076247942951178]]
[['KPCA' 'BuyCoupon' 23 None 0.5806070161608199 0.5884003741814781
  0.8723994452149791 0.7027932960893856]]
[['KPCA' 'BuyCoupon' 26 None 0.5892786756011037 0.5938967136150235
  0.8772538141470181 0.708286674132139]]
[['KPCA' 'BuyCoupon' 29 None 0.5947970043358297 0.6018700787401575
  0.848127600554785 0.7040875071963154]]
[['KPCA' 'DryBean' 2 None 0.7484392214469335 0.7507136604433188
  0.7484392214469335 0.7427455298013773]]
[['KPCA' 'DryBean' 4 None 0.8883584282041865 0.8896628116470202
  0.8883584282041865 0.8877192391048507]]
[['KPCA' 'DryBean' 6 None 0.9059860448035255 0.9066681154499048
  0.9059860448035255 0.9058921184134332]]
[['KPCA' 'FakeWebsite' 2 None 0.898236092265943 0.9030448717948718
  0.9155158407798538 0.90923759580476]]
[['KPCA' 'FakeWebsite' 4 None 0.8995929443690638 0.908502024291498
  0.9114541023558083 0.9099756690997566]]
[['KPCA' 'FakeWebsite' 6 None 0.9095431931252826 0.9114126097366321
  0.9277010560519903 0.9194847020933978]]
[['KPCA' 'FakeWebsite' 8 None 0.932157394843962 0.934136546184739
  0.9447603574329814 0.9394184168012923]]
[['KPCA' 'FakeWebsite' 10 None 0.9366802351876978 0.9346613545816733
  0.9528838342810723 0.9436846339501206]]
[['KPCA' 'FakeWebsite' 12 None 0.9430122116689281 0.9367588932806324
  0.9626320064987814 0.9495192307692307]]
[['KPCA' 'FakeWebsite' 14 None 0.9466304839439168 0.9385342789598109
  0.9675060926076361 0.9528]]
[['KPCA' 'Glass' 2 None 0.46511627906976744 0.5340380549682876
  0.46511627906976744 0.3836597307221542]]
[['KPCA' 'Grade' 2 None 0.445 0.753025 0.445 0.274083044982699]]
[['KPCA' 'Heart' 2 None 0.5543478260869565 0.5543478260869565 1.0
  0.7132867132867133]]
[['KPCA' 'Heart' 4 None 0.5543478260869565 0.5543478260869565 1.0
  0.7132867132867133]]
[['KPCA' 'Heart' 6 None 0.5543478260869565 0.5543478260869565 1.0
  0.7132867132867133]]
[['KPCA' 'Heart' 8 None 0.5543478260869565 0.5543478260869565 1.0
  0.7132867132867133]]
[['KPCA' 'Parkinsons' 2 None 0.8205128205128205 0.8055555555555556 1.0
  0.8923076923076924]]
[['KPCA' 'Parkinsons' 4 None 0.8205128205128205 0.8055555555555556 1.0
  0.8923076923076924]]
[['KPCA' 'Parkinsons' 6 None 0.8974358974358975 0.8787878787878788 1.0
  0.9354838709677419]]
[['KPCA' 'Parkinsons' 8 None 0.8974358974358975 0.8787878787878788 1.0
  0.9354838709677419]]
[['KPCA' 'Parkinsons' 10 None 0.8974358974358975 0.8787878787878788 1.0
  0.9354838709677419]]
[['KPCA' 'StayHospital' 2 None 0.2955 0.79182025 0.2955
  0.1348054805094558]]
[['KPCA' 'StayHospital' 4 None 0.2955 0.79182025 0.2955
  0.1348054805094558]]
[['KPCA' 'StayHospital' 6 None 0.2955 0.79182025 0.2955
  0.1348054805094558]]
[['KPCA' 'StayHospital' 8 None 0.2955 0.79182025 0.2955
  0.1348054805094558]]
[['KPCA' 'StayHospital' 10 None 0.2955 0.79182025 0.2955
  0.1348054805094558]]
[['KPCA' 'StayHospital' 12 None 0.2955 0.79182025 0.2955
  0.1348054805094558]]
[['KPCA' 'StayHospital' 14 None 0.2955 0.79182025 0.2955
  0.1348054805094558]]
[['KPCA' 'StayHospital' 16 None 0.2955 0.79182025 0.2955
  0.1348054805094558]]
[['KPCA' 'StayHospital' 18 None 0.2955 0.79182025 0.2955
  0.1348054805094558]]
[['KPCA' 'StayHospital' 20 None 0.2955 0.79182025 0.2955
  0.1348054805094558]]
[['KPCA' 'StayHospital' 22 None 0.2955 0.79182025 0.2955
  0.1348054805094558]]
[['KPCA' 'StayHospital' 24 None 0.2955 0.79182025 0.2955
  0.1348054805094558]]
[['KPCA' 'Zoo' 2 None 0.8571428571428571 0.8944444444444444
  0.8571428571428571 0.8123960695389266]]
[['KPCA' 'Zoo' 4 None 0.9523809523809523 0.9642857142857143
  0.9523809523809523 0.9319727891156462]]
[['KPCA' 'Zoo' 6 None 0.9523809523809523 0.9642857142857143
  0.9523809523809523 0.9319727891156462]]
----------ica----------
Index(['dr_name', 'dataset_name', 'n_components', 'n_neighbors',
       'fit_transform_time'],
      dtype='object')
ICA,AcademicSuccess,2,None,0.0062313079833984375
ICA,AcademicSuccess,4,None,0.04108619689941406
ICA,AcademicSuccess,6,None,0.023171424865722656
ICA,AcademicSuccess,8,None,0.05137133598327637
ICA,AcademicSuccess,10,None,0.10314702987670898
ICA,AcademicSuccess,12,None,0.11203455924987793
ICA,AcademicSuccess,14,None,0.09636163711547852
ICA,AcademicSuccess,16,None,0.1074681282043457
ICA,BuyCoupon,2,None,0.15390276908874512
ICA,BuyCoupon,5,None,0.16614627838134766
ICA,BuyCoupon,8,None,0.33869361877441406
ICA,BuyCoupon,11,None,0.25572633743286133
ICA,BuyCoupon,14,None,1.8709173202514648
ICA,BuyCoupon,17,None,1.8374035358428955
ICA,BuyCoupon,20,None,0.6742019653320312
ICA,BuyCoupon,23,None,1.5225908756256104
ICA,BuyCoupon,26,None,2.4331729412078857
ICA,BuyCoupon,29,None,3.058007001876831
ICA,DryBean,2,None,0.1610403060913086
ICA,DryBean,4,None,0.059459686279296875
ICA,DryBean,6,None,0.39854907989501953
ICA,FakeWebsite,2,None,0.06948971748352051
ICA,FakeWebsite,4,None,0.027974843978881836
ICA,FakeWebsite,6,None,0.1076805591583252
ICA,FakeWebsite,8,None,0.09596371650695801
ICA,FakeWebsite,10,None,0.11348843574523926
ICA,FakeWebsite,12,None,0.1860048770904541
ICA,FakeWebsite,14,None,0.3472898006439209
ICA,Glass,2,None,0.007333040237426758
ICA,Grade,2,None,0.005150556564331055
ICA,Heart,2,None,0.04889082908630371
ICA,Heart,4,None,0.008619070053100586
ICA,Heart,6,None,0.005330085754394531
ICA,Heart,8,None,0.018231868743896484
ICA,Parkinsons,2,None,0.03568625450134277
ICA,Parkinsons,4,None,0.028848648071289062
ICA,Parkinsons,6,None,0.027767181396484375
ICA,Parkinsons,8,None,0.03148174285888672
ICA,Parkinsons,10,None,0.035856008529663086
ICA,StayHospital,2,None,0.03397798538208008
ICA,StayHospital,4,None,0.05258679389953613
ICA,StayHospital,6,None,0.1272425651550293
ICA,StayHospital,8,None,0.08471179008483887
ICA,StayHospital,10,None,0.16590499877929688
ICA,StayHospital,12,None,0.16742277145385742
ICA,StayHospital,14,None,0.2875711917877197
ICA,StayHospital,16,None,0.8301970958709717
ICA,StayHospital,18,None,0.30560874938964844
ICA,StayHospital,20,None,1.6960434913635254
ICA,StayHospital,22,None,1.7435522079467773
ICA,StayHospital,24,None,1.1496717929840088
ICA,Zoo,2,None,0.00774836540222168
ICA,Zoo,4,None,0.023406267166137695
ICA,Zoo,6,None,0.01338958740234375
Index(['dr_name', 'dataset_name', 'n_components', 'n_neighbors',
       'transform_time'],
      dtype='object')
ICA,AcademicSuccess,2,None,0.0009911060333251953
ICA,AcademicSuccess,4,None,0.0009713172912597656
ICA,AcademicSuccess,6,None,0.0009644031524658203
ICA,AcademicSuccess,8,None,0.0009584426879882812
ICA,AcademicSuccess,10,None,0.002618551254272461
ICA,AcademicSuccess,12,None,0.0009849071502685547
ICA,AcademicSuccess,14,None,0.0019330978393554688
ICA,AcademicSuccess,16,None,0.0016283988952636719
ICA,BuyCoupon,2,None,0.004181385040283203
ICA,BuyCoupon,5,None,0.008535623550415039
ICA,BuyCoupon,8,None,0.0047359466552734375
ICA,BuyCoupon,11,None,0.004668712615966797
ICA,BuyCoupon,14,None,0.004778861999511719
ICA,BuyCoupon,17,None,0.004839420318603516
ICA,BuyCoupon,20,None,0.00480341911315918
ICA,BuyCoupon,23,None,0.004786968231201172
ICA,BuyCoupon,26,None,0.004952669143676758
ICA,BuyCoupon,29,None,0.004819631576538086
ICA,DryBean,2,None,0.0008180141448974609
ICA,DryBean,4,None,0.0008180141448974609
ICA,DryBean,6,None,0.0008215904235839844
ICA,FakeWebsite,2,None,0.0009443759918212891
ICA,FakeWebsite,4,None,0.010390996932983398
ICA,FakeWebsite,6,None,0.002895355224609375
ICA,FakeWebsite,8,None,0.002583742141723633
ICA,FakeWebsite,10,None,0.0010952949523925781
ICA,FakeWebsite,12,None,0.001077890396118164
ICA,FakeWebsite,14,None,0.0010447502136230469
ICA,Glass,2,None,0.0006961822509765625
ICA,Grade,2,None,0.0007312297821044922
ICA,Heart,2,None,0.0008099079132080078
ICA,Heart,4,None,0.0007913112640380859
ICA,Heart,6,None,0.0008447170257568359
ICA,Heart,8,None,0.0008113384246826172
ICA,Parkinsons,2,None,0.0007281303405761719
ICA,Parkinsons,4,None,0.00083160400390625
ICA,Parkinsons,6,None,0.0007188320159912109
ICA,Parkinsons,8,None,0.0007250308990478516
ICA,Parkinsons,10,None,0.0007412433624267578
ICA,StayHospital,2,None,0.0011861324310302734
ICA,StayHospital,4,None,0.001055002212524414
ICA,StayHospital,6,None,0.001142740249633789
ICA,StayHospital,8,None,0.0011591911315917969
ICA,StayHospital,10,None,0.0011620521545410156
ICA,StayHospital,12,None,0.0012068748474121094
ICA,StayHospital,14,None,0.001226663589477539
ICA,StayHospital,16,None,0.0013394355773925781
ICA,StayHospital,18,None,0.0012331008911132812
ICA,StayHospital,20,None,0.0012476444244384766
ICA,StayHospital,22,None,0.0012218952178955078
ICA,StayHospital,24,None,0.0012738704681396484
ICA,Zoo,2,None,0.0007839202880859375
ICA,Zoo,4,None,0.0007691383361816406
ICA,Zoo,6,None,0.0007846355438232422
Index(['dr_name', 'dataset_name', 'n_components', 'n_neighbors', 'accuracy',
       'precision', 'recall', 'f1_score'],
      dtype='object')
[['ICA' 'AcademicSuccess' 2 None 0.6632768361581921 0.7329015521488949
  0.6632768361581921 0.5922454629577624]]
[['ICA' 'AcademicSuccess' 4 None 0.688135593220339 0.6486800415589331
  0.688135593220339 0.6223973335528433]]
[['ICA' 'AcademicSuccess' 6 None 0.7220338983050848 0.7005712887181842
  0.7220338983050848 0.6871392627899197]]
[['ICA' 'AcademicSuccess' 8 None 0.7163841807909604 0.6897124340048578
  0.7163841807909604 0.6814749075522525]]
[['ICA' 'AcademicSuccess' 10 None 0.7163841807909604 0.6907437608395502
  0.7163841807909604 0.6885760714645008]]
[['ICA' 'AcademicSuccess' 12 None 0.7254237288135593 0.7059164615221021
  0.7254237288135593 0.6990001190003091]]
[['ICA' 'AcademicSuccess' 14 None 0.7163841807909604 0.6951726694569254
  0.7163841807909604 0.6940579560004534]]
[['ICA' 'AcademicSuccess' 16 None 0.7209039548022599 0.6982940640690284
  0.7209039548022599 0.6991914643727876]]
[['ICA' 'BuyCoupon' 2 None 0.5648403626330312 0.5672235481304694
  0.9889042995839112 0.7209302325581396]]
[['ICA' 'BuyCoupon' 5 None 0.6081986598344501 0.619530416221985
  0.805131761442441 0.7002412545235223]]
[['ICA' 'BuyCoupon' 8 None 0.6026803310997241 0.61337513061651
  0.8141470180305131 0.699642431466031]]
[['ICA' 'BuyCoupon' 11 None 0.640520299566417 0.644808743169399
  0.8183079056865464 0.7212713936430318]]
[['ICA' 'BuyCoupon' 14 None 0.6677177769018526 0.6760728982951205
  0.79750346740638 0.7317849188673241]]
[['ICA' 'BuyCoupon' 17 None 0.6960977532518723 0.7027190332326284
  0.8065187239944521 0.7510494026477236]]
[['ICA' 'BuyCoupon' 20 None 0.7162002364998029 0.724502487562189
  0.8079056865464632 0.7639344262295082]]
[['ICA' 'BuyCoupon' 23 None 0.7327552227039811 0.7426937738246506
  0.8106796116504854 0.7751989389920425]]
[['ICA' 'BuyCoupon' 26 None 0.7366968860859283 0.7421777221526908
  0.8224687933425797 0.7802631578947368]]
[['ICA' 'BuyCoupon' 29 None 0.7382735514387071 0.7465145754119138
  0.8169209431345353 0.7801324503311259]]
[['ICA' 'DryBean' 2 None 0.8817480719794345 0.8847594473444789
  0.8817480719794345 0.879600793301895]]
[['ICA' 'DryBean' 4 None 0.9015791406536908 0.9025774777273238
  0.9015791406536908 0.9012749984692034]]
[['ICA' 'DryBean' 6 None 0.9331619537275064 0.9335386536491167
  0.9331619537275064 0.933282762455244]]
[['ICA' 'FakeWebsite' 2 None 0.8991406603346902 0.9057971014492754
  0.9138911454102355 0.9098261221188839]]
[['ICA' 'FakeWebsite' 4 None 0.900497512437811 0.9146841673502871
  0.9057676685621446 0.9102040816326531]]
[['ICA' 'FakeWebsite' 6 None 0.9136137494346449 0.9166666666666666
  0.9293257514216084 0.9229528035498185]]
[['ICA' 'FakeWebsite' 8 None 0.9344188150158299 0.931637519872814
  0.9520714865962632 0.9417436721574929]]
[['ICA' 'FakeWebsite' 10 None 0.9389416553595658 0.9349206349206349
  0.9569455727051178 0.9458048976314732]]
[['ICA' 'FakeWebsite' 12 None 0.9448213478064225 0.9383399209486166
  0.9642567018683996 0.9511217948717949]]
[['ICA' 'FakeWebsite' 14 None 0.9511533242876526 0.9424743892829
  0.9715678310316815 0.9568]]
[['ICA' 'Glass' 2 None 0.6976744186046512 0.7586831772878284
  0.6976744186046512 0.6410941815913748]]
[['ICA' 'Grade' 2 None 0.965 0.9667947368421053 0.965 0.9648522851046799]]
[['ICA' 'Heart' 2 None 0.6956521739130435 0.6949152542372882
  0.803921568627451 0.7454545454545455]]
[['ICA' 'Heart' 4 None 0.7391304347826086 0.7288135593220338
  0.8431372549019608 0.7818181818181819]]
[['ICA' 'Heart' 6 None 0.8478260869565217 0.8363636363636363
  0.9019607843137255 0.8679245283018867]]
[['ICA' 'Heart' 8 None 0.8369565217391305 0.8272727272727273
  0.8921568627450981 0.8584905660377359]]
[['ICA' 'Parkinsons' 2 None 0.8461538461538461 0.8285714285714286 1.0
  0.90625]]
[['ICA' 'Parkinsons' 4 None 0.8205128205128205 0.8055555555555556 1.0
  0.8923076923076924]]
[['ICA' 'Parkinsons' 6 None 0.8461538461538461 0.8285714285714286 1.0
  0.90625]]
[['ICA' 'Parkinsons' 8 None 0.8717948717948718 0.8529411764705882 1.0
  0.9206349206349206]]
[['ICA' 'Parkinsons' 10 None 0.8205128205128205 0.8055555555555556 1.0
  0.8923076923076924]]
[['ICA' 'StayHospital' 2 None 0.2975 0.5414044097043852 0.2975
  0.1480585611513613]]
[['ICA' 'StayHospital' 4 None 0.299 0.41279130330225283 0.299
  0.1624705956183184]]
[['ICA' 'StayHospital' 6 None 0.35 0.43987840273874224 0.35
  0.26080781210693604]]
[['ICA' 'StayHospital' 8 None 0.378 0.4110576277709195 0.378
  0.3059247758758022]]
[['ICA' 'StayHospital' 10 None 0.3955 0.47249044165856724 0.3955
  0.3347591846493424]]
[['ICA' 'StayHospital' 12 None 0.4005 0.4321193771195202 0.4005
  0.3406350517732711]]
[['ICA' 'StayHospital' 14 None 0.4055 0.44232387960667446 0.4055
  0.3468690224970343]]
[['ICA' 'StayHospital' 16 None 0.412 0.44189353017139865 0.412
  0.3529711397081986]]
[['ICA' 'StayHospital' 18 None 0.4155 0.44327644646961145 0.4155
  0.35425470808027465]]
[['ICA' 'StayHospital' 20 None 0.413 0.4414682835907191 0.413
  0.350869966649571]]
[['ICA' 'StayHospital' 22 None 0.421 0.4663739817467502 0.421
  0.36078585305106986]]
[['ICA' 'StayHospital' 24 None 0.4145 0.45434459616419365 0.4145
  0.3549321991533389]]
[['ICA' 'Zoo' 2 None 0.8571428571428571 0.8944444444444444
  0.8571428571428571 0.8123960695389266]]
[['ICA' 'Zoo' 4 None 0.9523809523809523 0.9642857142857143
  0.9523809523809523 0.9319727891156462]]
[['ICA' 'Zoo' 6 None 0.9523809523809523 0.9576719576719577
  0.9523809523809523 0.9299719887955182]]
----------svd----------
Index(['dr_name', 'dataset_name', 'n_components', 'n_neighbors',
       'fit_transform_time'],
      dtype='object')
SVD,AcademicSuccess,2,None,0.033349037170410156
SVD,AcademicSuccess,4,None,0.02541828155517578
SVD,AcademicSuccess,6,None,0.02315068244934082
SVD,AcademicSuccess,8,None,0.026955366134643555
SVD,AcademicSuccess,10,None,0.044005393981933594
SVD,AcademicSuccess,12,None,0.07180094718933105
SVD,AcademicSuccess,14,None,0.08043313026428223
SVD,AcademicSuccess,16,None,0.06911802291870117
SVD,BuyCoupon,2,None,0.07812070846557617
SVD,BuyCoupon,5,None,0.07177209854125977
SVD,BuyCoupon,8,None,0.07965445518493652
SVD,BuyCoupon,11,None,0.11803078651428223
SVD,BuyCoupon,14,None,0.1688535213470459
SVD,BuyCoupon,17,None,0.15746641159057617
SVD,BuyCoupon,20,None,0.1734015941619873
SVD,BuyCoupon,23,None,0.18142962455749512
SVD,BuyCoupon,26,None,0.1259605884552002
SVD,BuyCoupon,29,None,0.1599881649017334
SVD,DryBean,2,None,0.0832831859588623
SVD,DryBean,4,None,0.03923606872558594
SVD,DryBean,6,None,0.05299806594848633
SVD,FakeWebsite,2,None,0.05335640907287598
SVD,FakeWebsite,4,None,0.04790639877319336
SVD,FakeWebsite,6,None,0.06023430824279785
SVD,FakeWebsite,8,None,0.05188894271850586
SVD,FakeWebsite,10,None,0.0885765552520752
SVD,FakeWebsite,12,None,0.1385507583618164
SVD,FakeWebsite,14,None,0.17911982536315918
SVD,Glass,2,None,0.020531892776489258
SVD,Grade,2,None,0.005551815032958984
SVD,Heart,2,None,0.01170802116394043
SVD,Heart,4,None,0.018616437911987305
SVD,Heart,6,None,0.00577235221862793
SVD,Heart,8,None,0.010393142700195312
SVD,Parkinsons,2,None,0.0013468265533447266
SVD,Parkinsons,4,None,0.0013668537139892578
SVD,Parkinsons,6,None,0.0012688636779785156
SVD,Parkinsons,8,None,0.0060329437255859375
SVD,Parkinsons,10,None,0.0027780532836914062
SVD,StayHospital,2,None,0.07000589370727539
SVD,StayHospital,4,None,0.09578800201416016
SVD,StayHospital,6,None,0.08190083503723145
SVD,StayHospital,8,None,0.13937926292419434
SVD,StayHospital,10,None,0.08576679229736328
SVD,StayHospital,12,None,0.1120445728302002
SVD,StayHospital,14,None,0.11442923545837402
SVD,StayHospital,16,None,0.12102532386779785
SVD,StayHospital,18,None,0.12822723388671875
SVD,StayHospital,20,None,0.13597321510314941
SVD,StayHospital,22,None,0.13522028923034668
SVD,StayHospital,24,None,0.16128754615783691
SVD,Zoo,2,None,0.005333662033081055
SVD,Zoo,4,None,0.00518345832824707
SVD,Zoo,6,None,0.012091398239135742
Index(['dr_name', 'dataset_name', 'n_components', 'n_neighbors',
       'transform_time'],
      dtype='object')
SVD,AcademicSuccess,2,None,0.0009067058563232422
SVD,AcademicSuccess,4,None,0.0008647441864013672
SVD,AcademicSuccess,6,None,0.000990152359008789
SVD,AcademicSuccess,8,None,0.0008530616760253906
SVD,AcademicSuccess,10,None,0.008200883865356445
SVD,AcademicSuccess,12,None,0.0009453296661376953
SVD,AcademicSuccess,14,None,0.004716396331787109
SVD,AcademicSuccess,16,None,0.004705190658569336
SVD,BuyCoupon,2,None,0.00608372688293457
SVD,BuyCoupon,5,None,0.006637096405029297
SVD,BuyCoupon,8,None,0.006466865539550781
SVD,BuyCoupon,11,None,0.003873109817504883
SVD,BuyCoupon,14,None,0.0017123222351074219
SVD,BuyCoupon,17,None,0.004250526428222656
SVD,BuyCoupon,20,None,0.0040645599365234375
SVD,BuyCoupon,23,None,0.001678466796875
SVD,BuyCoupon,26,None,0.0018107891082763672
SVD,BuyCoupon,29,None,0.0018649101257324219
SVD,DryBean,2,None,0.0007374286651611328
SVD,DryBean,4,None,0.0007517337799072266
SVD,DryBean,6,None,0.0007600784301757812
SVD,FakeWebsite,2,None,0.0009565353393554688
SVD,FakeWebsite,4,None,0.0008523464202880859
SVD,FakeWebsite,6,None,0.0009024143218994141
SVD,FakeWebsite,8,None,0.0009176731109619141
SVD,FakeWebsite,10,None,0.0009102821350097656
SVD,FakeWebsite,12,None,0.0009441375732421875
SVD,FakeWebsite,14,None,0.0009686946868896484
SVD,Glass,2,None,0.0006554126739501953
SVD,Grade,2,None,0.0006501674652099609
SVD,Heart,2,None,0.0007443428039550781
SVD,Heart,4,None,0.0007450580596923828
SVD,Heart,6,None,0.0007472038269042969
SVD,Heart,8,None,0.0007724761962890625
SVD,Parkinsons,2,None,0.0007040500640869141
SVD,Parkinsons,4,None,0.0006978511810302734
SVD,Parkinsons,6,None,0.0006992816925048828
SVD,Parkinsons,8,None,0.000698089599609375
SVD,Parkinsons,10,None,0.000705718994140625
SVD,StayHospital,2,None,0.0010929107666015625
SVD,StayHospital,4,None,0.0010139942169189453
SVD,StayHospital,6,None,0.0010662078857421875
SVD,StayHospital,8,None,0.0011096000671386719
SVD,StayHospital,10,None,0.0010824203491210938
SVD,StayHospital,12,None,0.00113677978515625
SVD,StayHospital,14,None,0.0011224746704101562
SVD,StayHospital,16,None,0.0011258125305175781
SVD,StayHospital,18,None,0.0011281967163085938
SVD,StayHospital,20,None,0.0011219978332519531
SVD,StayHospital,22,None,0.0011134147644042969
SVD,StayHospital,24,None,0.0011935234069824219
SVD,Zoo,2,None,0.0007412433624267578
SVD,Zoo,4,None,0.0007355213165283203
SVD,Zoo,6,None,0.0007271766662597656
Index(['dr_name', 'dataset_name', 'n_components', 'n_neighbors', 'accuracy',
       'precision', 'recall', 'f1_score'],
      dtype='object')
[['SVD' 'AcademicSuccess' 2 None 0.6677966101694915 0.7391272845916284
  0.6677966101694915 0.5962875975926383]]
[['SVD' 'AcademicSuccess' 4 None 0.6813559322033899 0.660331724660247
  0.6813559322033899 0.6124307845783563]]
[['SVD' 'AcademicSuccess' 6 None 0.7073446327683616 0.6887525306512176
  0.7073446327683616 0.6545253462397015]]
[['SVD' 'AcademicSuccess' 8 None 0.7175141242937854 0.697224529670815
  0.7175141242937854 0.6810861794676148]]
[['SVD' 'AcademicSuccess' 10 None 0.7028248587570621 0.673926655233751
  0.7028248587570621 0.666434563674536]]
[['SVD' 'AcademicSuccess' 12 None 0.7141242937853107 0.6896619678488788
  0.7141242937853107 0.6853982715883968]]
[['SVD' 'AcademicSuccess' 14 None 0.7265536723163842 0.7060363369469033
  0.7265536723163842 0.7037591055091045]]
[['SVD' 'AcademicSuccess' 16 None 0.7446327683615819 0.7325957888170025
  0.7446327683615819 0.7280407461446319]]
[['SVD' 'BuyCoupon' 2 None 0.5683878596767836 0.5683878596767836 1.0
  0.7248052274440815]]
[['SVD' 'BuyCoupon' 5 None 0.5683878596767836 0.5683878596767836 1.0
  0.7248052274440815]]
[['SVD' 'BuyCoupon' 8 None 0.5683878596767836 0.5683878596767836 1.0
  0.7248052274440815]]
[['SVD' 'BuyCoupon' 11 None 0.5683878596767836 0.5683878596767836 1.0
  0.7248052274440815]]
[['SVD' 'BuyCoupon' 14 None 0.5683878596767836 0.5683878596767836 1.0
  0.7248052274440815]]
[['SVD' 'BuyCoupon' 17 None 0.5683878596767836 0.5683878596767836 1.0
  0.7248052274440815]]
[['SVD' 'BuyCoupon' 20 None 0.5683878596767836 0.5683878596767836 1.0
  0.7248052274440815]]
[['SVD' 'BuyCoupon' 23 None 0.5683878596767836 0.5683878596767836 1.0
  0.7248052274440815]]
[['SVD' 'BuyCoupon' 26 None 0.5683878596767836 0.5683878596767836 1.0
  0.7248052274440815]]
[['SVD' 'BuyCoupon' 29 None 0.5683878596767836 0.5683878596767836 1.0
  0.7248052274440815]]
[['SVD' 'DryBean' 2 None 0.8813808299669482 0.8843244259056775
  0.8813808299669482 0.8789536856737367]]
[['SVD' 'DryBean' 4 None 0.8993756885787734 0.9005470549775895
  0.8993756885787734 0.8990481345643544]]
[['SVD' 'DryBean' 6 None 0.9302240176276166 0.9309364266339312
  0.9302240176276166 0.9304224615446598]]
[['SVD' 'FakeWebsite' 2 None 0.8941655359565808 0.8928289992119779
  0.9203899268887084 0.9063999999999999]]
[['SVD' 'FakeWebsite' 4 None 0.8937132519222072 0.9068627450980392
  0.9017059301380991 0.9042769857433809]]
[['SVD' 'FakeWebsite' 6 None 0.9014020805065581 0.9094583670169766
  0.9138911454102355 0.9116693679092382]]
[['SVD' 'FakeWebsite' 8 None 0.9199457259158752 0.9222756410256411
  0.9350121852152722 0.9286002420330778]]
[['SVD' 'FakeWebsite' 10 None 0.926729986431479 0.916601714731099
  0.9553208773354996 0.9355608591885441]]
[['SVD' 'FakeWebsite' 12 None 0.9294436906377205 0.9209083790133125
  0.9553208773354996 0.937799043062201]]
[['SVD' 'FakeWebsite' 14 None 0.9303482587064676 0.9230164964650432
  0.9545085296506904 0.9384984025559105]]
[['SVD' 'Glass' 2 None 0.6976744186046512 0.7586831772878284
  0.6976744186046512 0.6410941815913748]]
[['SVD' 'Grade' 2 None 0.955 0.9580948874395119 0.955 0.9548696167631651]]
[['SVD' 'Heart' 2 None 0.6195652173913043 0.6777777777777778
  0.5980392156862745 0.6354166666666667]]
[['SVD' 'Heart' 4 None 0.7065217391304348 0.7142857142857143
  0.7843137254901961 0.7476635514018691]]
[['SVD' 'Heart' 6 None 0.7119565217391305 0.7207207207207207
  0.7843137254901961 0.7511737089201878]]
[['SVD' 'Heart' 8 None 0.7119565217391305 0.7207207207207207
  0.7843137254901961 0.7511737089201878]]
[['SVD' 'Parkinsons' 2 None 0.7948717948717948 0.8 0.9655172413793104
  0.8750000000000001]]
[['SVD' 'Parkinsons' 4 None 0.7948717948717948 0.8 0.9655172413793104
  0.8750000000000001]]
[['SVD' 'Parkinsons' 6 None 0.7948717948717948 0.8181818181818182
  0.9310344827586207 0.8709677419354839]]
[['SVD' 'Parkinsons' 8 None 0.8461538461538461 0.8285714285714286 1.0
  0.90625]]
[['SVD' 'Parkinsons' 10 None 0.8461538461538461 0.8285714285714286 1.0
  0.90625]]
[['SVD' 'StayHospital' 2 None 0.2955 0.79182025 0.2955 0.1348054805094558]]
[['SVD' 'StayHospital' 4 None 0.2955 0.79182025 0.2955 0.1348054805094558]]
[['SVD' 'StayHospital' 6 None 0.2955 0.79182025 0.2955 0.1348054805094558]]
[['SVD' 'StayHospital' 8 None 0.2955 0.79182025 0.2955 0.1348054805094558]]
[['SVD' 'StayHospital' 10 None 0.2955 0.79182025 0.2955
  0.1348054805094558]]
[['SVD' 'StayHospital' 12 None 0.2955 0.79182025 0.2955
  0.1348054805094558]]
[['SVD' 'StayHospital' 14 None 0.2955 0.79182025 0.2955
  0.1348054805094558]]
[['SVD' 'StayHospital' 16 None 0.2955 0.79182025 0.2955
  0.1348054805094558]]
[['SVD' 'StayHospital' 18 None 0.2955 0.79182025 0.2955
  0.1348054805094558]]
[['SVD' 'StayHospital' 20 None 0.2955 0.79182025 0.2955
  0.1348054805094558]]
[['SVD' 'StayHospital' 22 None 0.2955 0.79182025 0.2955
  0.1348054805094558]]
[['SVD' 'StayHospital' 24 None 0.2955 0.79182025 0.2955
  0.1348054805094558]]
[['SVD' 'Zoo' 2 None 0.7142857142857143 0.7987528344671203
  0.7142857142857143 0.6430839002267573]]
[['SVD' 'Zoo' 4 None 0.9047619047619048 0.9166666666666666
  0.9047619047619048 0.8843537414965985]]
[['SVD' 'Zoo' 6 None 0.9523809523809523 0.9642857142857143
  0.9523809523809523 0.9319727891156462]]
----------lpp----------
Index(['dr_name', 'dataset_name', 'n_components', 'n_neighbors',
       'fit_transform_time'],
      dtype='object')
LPP,AcademicSuccess,2,8,0.2996182441711426
LPP,AcademicSuccess,2,15,0.30531835556030273
LPP,AcademicSuccess,2,59,0.2576897144317627
LPP,AcademicSuccess,4,8,0.22226977348327637
LPP,AcademicSuccess,4,15,0.23321175575256348
LPP,AcademicSuccess,4,59,0.25539517402648926
LPP,AcademicSuccess,6,8,0.20652270317077637
LPP,AcademicSuccess,6,15,0.24967598915100098
LPP,AcademicSuccess,6,59,0.2506754398345947
LPP,AcademicSuccess,8,8,0.2541537284851074
LPP,AcademicSuccess,8,15,0.23034048080444336
LPP,AcademicSuccess,8,59,0.24654221534729004
LPP,AcademicSuccess,10,8,0.23508977890014648
LPP,AcademicSuccess,10,15,0.23129820823669434
LPP,AcademicSuccess,10,59,0.2736539840698242
LPP,AcademicSuccess,12,8,0.26320433616638184
LPP,AcademicSuccess,12,15,0.2311549186706543
LPP,AcademicSuccess,12,59,0.25355076789855957
LPP,AcademicSuccess,14,8,0.22581934928894043
LPP,AcademicSuccess,14,15,0.24304652214050293
LPP,AcademicSuccess,14,59,0.2529480457305908
LPP,AcademicSuccess,16,8,0.23037195205688477
LPP,AcademicSuccess,16,15,0.24168920516967773
LPP,AcademicSuccess,16,59,0.2793269157409668
LPP,BuyCoupon,2,9,1.8225889205932617
LPP,BuyCoupon,2,21,1.9472155570983887
LPP,BuyCoupon,2,100,2.059601306915283
LPP,BuyCoupon,5,9,1.9042959213256836
LPP,BuyCoupon,5,21,2.131998062133789
LPP,BuyCoupon,5,100,2.0752758979797363
LPP,BuyCoupon,8,9,1.5629973411560059
LPP,BuyCoupon,8,21,2.016718864440918
LPP,BuyCoupon,8,100,2.2153100967407227
LPP,BuyCoupon,11,9,2.057443141937256
LPP,BuyCoupon,11,21,1.9421374797821045
LPP,BuyCoupon,11,100,2.0323009490966797
LPP,BuyCoupon,14,9,1.6216905117034912
LPP,BuyCoupon,14,21,2.001603364944458
LPP,BuyCoupon,14,100,2.3006672859191895
LPP,BuyCoupon,17,9,1.5654916763305664
LPP,BuyCoupon,17,21,1.9817698001861572
LPP,BuyCoupon,17,100,2.141026020050049
LPP,BuyCoupon,20,9,1.5713598728179932
LPP,BuyCoupon,20,21,1.8597428798675537
LPP,BuyCoupon,20,100,2.1533405780792236
LPP,BuyCoupon,23,9,2.077908992767334
LPP,BuyCoupon,23,21,1.8234355449676514
LPP,BuyCoupon,23,100,2.1099894046783447
LPP,BuyCoupon,26,9,2.0855348110198975
LPP,BuyCoupon,26,21,2.1021111011505127
LPP,BuyCoupon,26,100,2.2568929195404053
LPP,BuyCoupon,29,9,2.129317283630371
LPP,BuyCoupon,29,21,1.9831664562225342
LPP,BuyCoupon,29,100,2.173334836959839
LPP,DryBean,2,9,1.2343454360961914
LPP,DryBean,2,22,1.310394287109375
LPP,DryBean,2,104,1.5207126140594482
LPP,DryBean,4,9,1.2108685970306396
LPP,DryBean,4,22,1.3058912754058838
LPP,DryBean,4,104,1.484811544418335
LPP,DryBean,6,9,1.2056691646575928
LPP,DryBean,6,22,1.2989988327026367
LPP,DryBean,6,104,1.470998764038086
LPP,FakeWebsite,2,9,1.8168489933013916
LPP,FakeWebsite,2,20,1.9194104671478271
LPP,FakeWebsite,2,94,1.975579023361206
LPP,FakeWebsite,4,9,1.7908897399902344
LPP,FakeWebsite,4,20,1.8410086631774902
LPP,FakeWebsite,4,94,1.9310894012451172
LPP,FakeWebsite,6,9,1.88383150100708
LPP,FakeWebsite,6,20,1.8661117553710938
LPP,FakeWebsite,6,94,1.906074047088623
LPP,FakeWebsite,8,9,1.772907018661499
LPP,FakeWebsite,8,20,1.812422752380371
LPP,FakeWebsite,8,94,1.970654010772705
LPP,FakeWebsite,10,9,1.778315782546997
LPP,FakeWebsite,10,20,1.790726661682129
LPP,FakeWebsite,10,94,1.9348769187927246
LPP,FakeWebsite,12,9,1.8059523105621338
LPP,FakeWebsite,12,20,1.8727061748504639
LPP,FakeWebsite,12,94,1.8820621967315674
LPP,FakeWebsite,14,9,1.8219506740570068
LPP,FakeWebsite,14,20,1.9955451488494873
LPP,FakeWebsite,14,94,1.9756488800048828
LPP,Glass,2,5,0.02182173728942871
LPP,Glass,2,5,0.01602458953857422
LPP,Glass,2,13,0.018838167190551758
LPP,Grade,2,6,0.026662588119506836
LPP,Grade,2,9,0.030148029327392578
LPP,Grade,2,28,0.03204607963562012
LPP,Heart,2,6,0.08069658279418945
LPP,Heart,2,9,0.07821512222290039
LPP,Heart,2,27,0.08022284507751465
LPP,Heart,4,6,0.08816409111022949
LPP,Heart,4,9,0.08228707313537598
LPP,Heart,4,27,0.0810704231262207
LPP,Heart,6,6,0.08412337303161621
LPP,Heart,6,9,0.07991480827331543
LPP,Heart,6,27,0.0851140022277832
LPP,Heart,8,6,0.0994102954864502
LPP,Heart,8,9,0.08414649963378906
LPP,Heart,8,27,0.0728766918182373
LPP,Parkinsons,2,5,0.08281087875366211
LPP,Parkinsons,2,5,0.08264017105102539
LPP,Parkinsons,2,12,0.07652163505554199
LPP,Parkinsons,4,5,0.10298347473144531
LPP,Parkinsons,4,5,0.05785226821899414
LPP,Parkinsons,4,12,0.07601094245910645
LPP,Parkinsons,6,5,0.07674551010131836
LPP,Parkinsons,6,5,0.07989048957824707
LPP,Parkinsons,6,12,0.07205963134765625
LPP,Parkinsons,8,5,0.07842612266540527
LPP,Parkinsons,8,5,0.09542679786682129
LPP,Parkinsons,8,12,0.03174448013305664
LPP,Parkinsons,10,5,0.05905008316040039
LPP,Parkinsons,10,5,0.024690866470336914
LPP,Parkinsons,10,12,0.034493446350097656
LPP,StayHospital,2,8,2.111238956451416
LPP,StayHospital,2,19,1.7642393112182617
LPP,StayHospital,2,89,1.931548833847046
LPP,StayHospital,4,8,1.9245672225952148
LPP,StayHospital,4,19,2.0791637897491455
LPP,StayHospital,4,89,1.987654447555542
LPP,StayHospital,6,8,1.9469594955444336
LPP,StayHospital,6,19,2.020562171936035
LPP,StayHospital,6,89,2.213435411453247
LPP,StayHospital,8,8,2.0303449630737305
LPP,StayHospital,8,19,1.8271493911743164
LPP,StayHospital,8,89,2.2270278930664062
LPP,StayHospital,10,8,1.8961293697357178
LPP,StayHospital,10,19,1.979449987411499
LPP,StayHospital,10,89,2.16886830329895
LPP,StayHospital,12,8,2.1020214557647705
LPP,StayHospital,12,19,1.746706247329712
LPP,StayHospital,12,89,2.232578992843628
LPP,StayHospital,14,8,2.0073230266571045
LPP,StayHospital,14,19,1.9252123832702637
LPP,StayHospital,14,89,1.799140453338623
LPP,StayHospital,16,8,1.9906063079833984
LPP,StayHospital,16,19,1.8305637836456299
LPP,StayHospital,16,89,1.9892711639404297
LPP,StayHospital,18,8,1.8718814849853516
LPP,StayHospital,18,19,1.709216833114624
LPP,StayHospital,18,89,1.7795875072479248
LPP,StayHospital,20,8,1.810020923614502
LPP,StayHospital,20,19,1.7713623046875
LPP,StayHospital,20,89,1.8061676025390625
LPP,StayHospital,22,8,1.6341392993927002
LPP,StayHospital,22,19,1.6410114765167236
LPP,StayHospital,22,89,1.7062897682189941
LPP,StayHospital,24,8,1.582883358001709
LPP,StayHospital,24,19,1.6156282424926758
LPP,StayHospital,24,89,1.6820485591888428
LPP,Zoo,2,4,0.06873273849487305
LPP,Zoo,2,4,0.0032999515533447266
LPP,Zoo,2,8,0.0022628307342529297
LPP,Zoo,4,4,0.0023450851440429688
LPP,Zoo,4,4,0.002177000045776367
LPP,Zoo,4,8,0.0022161006927490234
LPP,Zoo,6,4,0.0021300315856933594
LPP,Zoo,6,4,0.002123594284057617
LPP,Zoo,6,8,0.0022630691528320312
Index(['dr_name', 'dataset_name', 'n_components', 'n_neighbors',
       'transform_time'],
      dtype='object')
LPP,AcademicSuccess,2,8,0.0006268024444580078
LPP,AcademicSuccess,2,15,0.0005922317504882812
LPP,AcademicSuccess,2,59,0.0005795955657958984
LPP,AcademicSuccess,4,8,0.0005867481231689453
LPP,AcademicSuccess,4,15,0.000576019287109375
LPP,AcademicSuccess,4,59,0.0005729198455810547
LPP,AcademicSuccess,6,8,0.0005860328674316406
LPP,AcademicSuccess,6,15,0.0005946159362792969
LPP,AcademicSuccess,6,59,0.0005807876586914062
LPP,AcademicSuccess,8,8,0.0005748271942138672
LPP,AcademicSuccess,8,15,0.0005710124969482422
LPP,AcademicSuccess,8,59,0.0005743503570556641
LPP,AcademicSuccess,10,8,0.010560274124145508
LPP,AcademicSuccess,10,15,0.005728721618652344
LPP,AcademicSuccess,10,59,0.005719423294067383
LPP,AcademicSuccess,12,8,0.005673408508300781
LPP,AcademicSuccess,12,15,0.005694389343261719
LPP,AcademicSuccess,12,59,0.00568079948425293
LPP,AcademicSuccess,14,8,0.0059468746185302734
LPP,AcademicSuccess,14,15,0.0057332515716552734
LPP,AcademicSuccess,14,59,0.0012559890747070312
LPP,AcademicSuccess,16,8,0.0009009838104248047
LPP,AcademicSuccess,16,15,0.0017120838165283203
LPP,AcademicSuccess,16,59,0.002554178237915039
LPP,BuyCoupon,2,9,0.0035588741302490234
LPP,BuyCoupon,2,21,0.0036835670471191406
LPP,BuyCoupon,2,100,0.0036344528198242188
LPP,BuyCoupon,5,9,0.0021419525146484375
LPP,BuyCoupon,5,21,0.001416921615600586
LPP,BuyCoupon,5,100,0.0014166831970214844
LPP,BuyCoupon,8,9,0.0014934539794921875
LPP,BuyCoupon,8,21,0.0015380382537841797
LPP,BuyCoupon,8,100,0.00150299072265625
LPP,BuyCoupon,11,9,0.0015006065368652344
LPP,BuyCoupon,11,21,0.0015330314636230469
LPP,BuyCoupon,11,100,0.00151824951171875
LPP,BuyCoupon,14,9,0.0016293525695800781
LPP,BuyCoupon,14,21,0.0015878677368164062
LPP,BuyCoupon,14,100,0.0015587806701660156
LPP,BuyCoupon,17,9,0.0015976428985595703
LPP,BuyCoupon,17,21,0.0016040802001953125
LPP,BuyCoupon,17,100,0.0015940666198730469
LPP,BuyCoupon,20,9,0.0015897750854492188
LPP,BuyCoupon,20,21,0.0016019344329833984
LPP,BuyCoupon,20,100,0.001613616943359375
LPP,BuyCoupon,23,9,0.0016055107116699219
LPP,BuyCoupon,23,21,0.0016007423400878906
LPP,BuyCoupon,23,100,0.001607656478881836
LPP,BuyCoupon,26,9,0.0016582012176513672
LPP,BuyCoupon,26,21,0.0016853809356689453
LPP,BuyCoupon,26,100,0.0017442703247070312
LPP,BuyCoupon,29,9,0.0018007755279541016
LPP,BuyCoupon,29,21,0.0018181800842285156
LPP,BuyCoupon,29,100,0.0017969608306884766
LPP,DryBean,2,9,0.0007116794586181641
LPP,DryBean,2,22,0.0006897449493408203
LPP,DryBean,2,104,0.0006890296936035156
LPP,DryBean,4,9,0.0006988048553466797
LPP,DryBean,4,22,0.0006968975067138672
LPP,DryBean,4,104,0.0006961822509765625
LPP,DryBean,6,9,0.0007154941558837891
LPP,DryBean,6,22,0.0007140636444091797
LPP,DryBean,6,104,0.0007138252258300781
LPP,FakeWebsite,2,9,0.0008203983306884766
LPP,FakeWebsite,2,20,0.000766754150390625
LPP,FakeWebsite,2,94,0.0007739067077636719
LPP,FakeWebsite,4,9,0.0007407665252685547
LPP,FakeWebsite,4,20,0.0007791519165039062
LPP,FakeWebsite,4,94,0.0007834434509277344
LPP,FakeWebsite,6,9,0.0008053779602050781
LPP,FakeWebsite,6,20,0.0008196830749511719
LPP,FakeWebsite,6,94,0.0008158683776855469
LPP,FakeWebsite,8,9,0.0008158683776855469
LPP,FakeWebsite,8,20,0.000820159912109375
LPP,FakeWebsite,8,94,0.0008435249328613281
LPP,FakeWebsite,10,9,0.0008878707885742188
LPP,FakeWebsite,10,20,0.0008652210235595703
LPP,FakeWebsite,10,94,0.0008640289306640625
LPP,FakeWebsite,12,9,0.0009126663208007812
LPP,FakeWebsite,12,20,0.0009150505065917969
LPP,FakeWebsite,12,94,0.000888824462890625
LPP,FakeWebsite,14,9,0.0009315013885498047
LPP,FakeWebsite,14,20,0.0008919239044189453
LPP,FakeWebsite,14,94,0.0009319782257080078
LPP,Glass,2,5,0.0006098747253417969
LPP,Glass,2,5,0.0006000995635986328
LPP,Glass,2,13,0.0005948543548583984
LPP,Grade,2,6,0.0005788803100585938
LPP,Grade,2,9,0.0005905628204345703
LPP,Grade,2,28,0.0005843639373779297
LPP,Heart,2,6,0.0006997585296630859
LPP,Heart,2,9,0.0006887912750244141
LPP,Heart,2,27,0.0006892681121826172
LPP,Heart,4,6,0.000682830810546875
LPP,Heart,4,9,0.0006871223449707031
LPP,Heart,4,27,0.0006914138793945312
LPP,Heart,6,6,0.0006926059722900391
LPP,Heart,6,9,0.0006880760192871094
LPP,Heart,6,27,0.0006897449493408203
LPP,Heart,8,6,0.0006926059722900391
LPP,Heart,8,9,0.0006868839263916016
LPP,Heart,8,27,0.0006878376007080078
LPP,Parkinsons,2,5,0.0006518363952636719
LPP,Parkinsons,2,5,0.0006442070007324219
LPP,Parkinsons,2,12,0.0006422996520996094
LPP,Parkinsons,4,5,0.0006527900695800781
LPP,Parkinsons,4,5,0.0006480216979980469
LPP,Parkinsons,4,12,0.000644683837890625
LPP,Parkinsons,6,5,0.0006461143493652344
LPP,Parkinsons,6,5,0.0006418228149414062
LPP,Parkinsons,6,12,0.0006444454193115234
LPP,Parkinsons,8,5,0.0006451606750488281
LPP,Parkinsons,8,5,0.0006420612335205078
LPP,Parkinsons,8,12,0.0006406307220458984
LPP,Parkinsons,10,5,0.0006463527679443359
LPP,Parkinsons,10,5,0.0006444454193115234
LPP,Parkinsons,10,12,0.0006444454193115234
LPP,StayHospital,2,8,0.0010671615600585938
LPP,StayHospital,2,19,0.0008978843688964844
LPP,StayHospital,2,89,0.0008935928344726562
LPP,StayHospital,4,8,0.0008912086486816406
LPP,StayHospital,4,19,0.0009012222290039062
LPP,StayHospital,4,89,0.0009028911590576172
LPP,StayHospital,6,8,0.0009315013885498047
LPP,StayHospital,6,19,0.0009415149688720703
LPP,StayHospital,6,89,0.0009472370147705078
LPP,StayHospital,8,8,0.0009667873382568359
LPP,StayHospital,8,19,0.0009975433349609375
LPP,StayHospital,8,89,0.0009925365447998047
LPP,StayHospital,10,8,0.0010008811950683594
LPP,StayHospital,10,19,0.0010066032409667969
LPP,StayHospital,10,89,0.0009937286376953125
LPP,StayHospital,12,8,0.0010502338409423828
LPP,StayHospital,12,19,0.0010387897491455078
LPP,StayHospital,12,89,0.0010194778442382812
LPP,StayHospital,14,8,0.001032114028930664
LPP,StayHospital,14,19,0.0010671615600585938
LPP,StayHospital,14,89,0.0010712146759033203
LPP,StayHospital,16,8,0.0010814666748046875
LPP,StayHospital,16,19,0.0010769367218017578
LPP,StayHospital,16,89,0.0010454654693603516
LPP,StayHospital,18,8,0.0011031627655029297
LPP,StayHospital,18,19,0.0010814666748046875
LPP,StayHospital,18,89,0.0010390281677246094
LPP,StayHospital,20,8,0.0010788440704345703
LPP,StayHospital,20,19,0.0011036396026611328
LPP,StayHospital,20,89,0.0010635852813720703
LPP,StayHospital,22,8,0.0010786056518554688
LPP,StayHospital,22,19,0.0010802745819091797
LPP,StayHospital,22,89,0.0010592937469482422
LPP,StayHospital,24,8,0.0011513233184814453
LPP,StayHospital,24,19,0.0011212825775146484
LPP,StayHospital,24,89,0.0011205673217773438
LPP,Zoo,2,4,0.0006725788116455078
LPP,Zoo,2,4,0.0006716251373291016
LPP,Zoo,2,8,0.00067138671875
LPP,Zoo,4,4,0.0006730556488037109
LPP,Zoo,4,4,0.0006740093231201172
LPP,Zoo,4,8,0.0006668567657470703
LPP,Zoo,6,4,0.0006759166717529297
LPP,Zoo,6,4,0.0006773471832275391
LPP,Zoo,6,8,0.0006709098815917969
Index(['dr_name', 'dataset_name', 'n_components', 'n_neighbors', 'accuracy',
       'precision', 'recall', 'f1_score'],
      dtype='object')
[['LPP' 'AcademicSuccess' 2 8 0.6519774011299435 0.7506112547479971
  0.6519774011299435 0.5786687511422788]]
[['LPP' 'AcademicSuccess' 2 15 0.6474576271186441 0.7455743879472693
  0.6474576271186441 0.5741471697329026]]
[['LPP' 'AcademicSuccess' 2 59 0.656497175141243 0.7615206631820735
  0.656497175141243 0.5826294175231647]]
[['LPP' 'AcademicSuccess' 4 8 0.6587570621468927 0.7654114555460159
  0.6587570621468927 0.5846297445812776]]
[['LPP' 'AcademicSuccess' 4 15 0.6576271186440678 0.7673599950461528
  0.6576271186440678 0.5836295253779259]]
[['LPP' 'AcademicSuccess' 4 59 0.6542372881355932 0.764108824424052
  0.6542372881355932 0.5796075067010135]]
[['LPP' 'AcademicSuccess' 6 8 0.6711864406779661 0.6405752439650746
  0.6711864406779661 0.6041062363460139]]
[['LPP' 'AcademicSuccess' 6 15 0.6768361581920904 0.6773629179719384
  0.6768361581920904 0.6114342097820272]]
[['LPP' 'AcademicSuccess' 6 59 0.6813559322033899 0.6338123358885165
  0.6813559322033899 0.6131615404010166]]
[['LPP' 'AcademicSuccess' 8 8 0.6689265536723163 0.624430882114431
  0.6689265536723163 0.6005400838569093]]
[['LPP' 'AcademicSuccess' 8 15 0.6937853107344633 0.6758695046885345
  0.6937853107344633 0.6324589970624243]]
[['LPP' 'AcademicSuccess' 8 59 0.7050847457627119 0.6955786887263806
  0.7050847457627119 0.6443614211096318]]
[['LPP' 'AcademicSuccess' 10 8 0.6836158192090396 0.6716970583924439
  0.6836158192090396 0.6190222796719513]]
[['LPP' 'AcademicSuccess' 10 15 0.6949152542372882 0.7038020449521002
  0.6949152542372882 0.6384065879019787]]
[['LPP' 'AcademicSuccess' 10 59 0.711864406779661 0.6892935823551346
  0.711864406779661 0.6608232602646311]]
[['LPP' 'AcademicSuccess' 12 8 0.6847457627118644 0.6806243076550491
  0.6847457627118644 0.6265675446435515]]
[['LPP' 'AcademicSuccess' 12 15 0.688135593220339 0.673845739856692
  0.688135593220339 0.6362036531641543]]
[['LPP' 'AcademicSuccess' 12 59 0.7310734463276836 0.7150042229383451
  0.7310734463276836 0.6971070686209789]]
[['LPP' 'AcademicSuccess' 14 8 0.6983050847457627 0.6832071020682998
  0.6983050847457627 0.6541757267234339]]
[['LPP' 'AcademicSuccess' 14 15 0.7028248587570621 0.6905395485570321
  0.7028248587570621 0.6594507237128885]]
[['LPP' 'AcademicSuccess' 14 59 0.7265536723163842 0.7073392099177425
  0.7265536723163842 0.6915299362832711]]
[['LPP' 'AcademicSuccess' 16 8 0.7050847457627119 0.6806964495129463
  0.7050847457627119 0.6685201822247271]]
[['LPP' 'AcademicSuccess' 16 15 0.7084745762711865 0.686544645778427
  0.7084745762711865 0.6739697514349096]]
[['LPP' 'AcademicSuccess' 16 59 0.7163841807909604 0.6950968813700453
  0.7163841807909604 0.6868165078192313]]
[['LPP' 'BuyCoupon' 2 9 0.5675995270003942 0.5680473372781065
  0.9986130374479889 0.7241639426703546]]
[['LPP' 'BuyCoupon' 2 21 0.5683878596767836 0.5683878596767836 1.0
  0.7248052274440815]]
[['LPP' 'BuyCoupon' 2 100 0.5719353567205361 0.5716009654062751
  0.9854368932038835 0.7235234215885947]]
[['LPP' 'BuyCoupon' 5 9 0.5648403626330312 0.5672235481304694
  0.9889042995839112 0.7209302325581396]]
[['LPP' 'BuyCoupon' 5 21 0.5687820260149783 0.5686661404893449
  0.9993065187239945 0.7248490945674044]]
[['LPP' 'BuyCoupon' 5 100 0.5683878596767836 0.5683878596767836 1.0
  0.7248052274440815]]
[['LPP' 'BuyCoupon' 8 9 0.5648403626330312 0.5672235481304694
  0.9889042995839112 0.7209302325581396]]
[['LPP' 'BuyCoupon' 8 21 0.5683878596767836 0.5683878596767836 1.0
  0.7248052274440815]]
[['LPP' 'BuyCoupon' 8 100 0.5683878596767836 0.5683878596767836 1.0
  0.7248052274440815]]
[['LPP' 'BuyCoupon' 11 9 0.5648403626330312 0.5672235481304694
  0.9889042995839112 0.7209302325581396]]
[['LPP' 'BuyCoupon' 11 21 0.5683878596767836 0.5683878596767836 1.0
  0.7248052274440815]]
[['LPP' 'BuyCoupon' 11 100 0.5683878596767836 0.5683878596767836 1.0
  0.7248052274440815]]
[['LPP' 'BuyCoupon' 14 9 0.5648403626330312 0.5672235481304694
  0.9889042995839112 0.7209302325581396]]
[['LPP' 'BuyCoupon' 14 21 0.5648403626330312 0.5672235481304694
  0.9889042995839112 0.7209302325581396]]
[['LPP' 'BuyCoupon' 14 100 0.5683878596767836 0.5683878596767836 1.0
  0.7248052274440815]]
[['LPP' 'BuyCoupon' 17 9 0.5648403626330312 0.5672235481304694
  0.9889042995839112 0.7209302325581396]]
[['LPP' 'BuyCoupon' 17 21 0.5648403626330312 0.5672235481304694
  0.9889042995839112 0.7209302325581396]]
[['LPP' 'BuyCoupon' 17 100 0.5648403626330312 0.5672235481304694
  0.9889042995839112 0.7209302325581396]]
[['LPP' 'BuyCoupon' 20 9 0.5695703586913677 0.5787578757875788
  0.8918169209431346 0.7019650655021834]]
[['LPP' 'BuyCoupon' 20 21 0.5668111943240047 0.574468085106383
  0.9174757281553398 0.7065420560747665]]
[['LPP' 'BuyCoupon' 20 100 0.607016160819866 0.6090151886330231
  0.8619972260748959 0.7137525122021244]]
[['LPP' 'BuyCoupon' 23 9 0.584548679542767 0.5866071428571429
  0.9112343966712899 0.7137425312330257]]
[['LPP' 'BuyCoupon' 23 21 0.6066219944816713 0.6128048780487805
  0.8363384188626907 0.7073313782991202]]
[['LPP' 'BuyCoupon' 23 100 0.62238864800946 0.6283138918345705
  0.8217753120665742 0.7121394230769231]]
[['LPP' 'BuyCoupon' 26 9 0.5932203389830508 0.5961538461538461
  0.8814147018030514 0.7112479015109122]]
[['LPP' 'BuyCoupon' 26 21 0.612534489554592 0.6178736517719569
  0.834257975034674 0.7099439362643847]]
[['LPP' 'BuyCoupon' 26 100 0.6283011430823807 0.635230352303523
  0.812760055478502 0.7131122604198357]]
[['LPP' 'BuyCoupon' 29 9 0.6022861647615294 0.6107416879795396
  0.8280166435506241 0.7029732116573447]]
[['LPP' 'BuyCoupon' 29 21 0.6302719747733544 0.6392265193370166
  0.8023578363384188 0.7115621156211561]]
[['LPP' 'BuyCoupon' 29 100 0.6397319668900275 0.6448957189901208
  0.8148404993065187 0.7199754901960785]]
[['LPP' 'DryBean' 2 9 0.868160117517444 0.8685947829066141
  0.868160117517444 0.8664346204555482]]
[['LPP' 'DryBean' 2 22 0.866691149467499 0.8671714553391268
  0.866691149467499 0.8651389670568765]]
[['LPP' 'DryBean' 2 104 0.8688946015424165 0.8690234094051763
  0.8688946015424165 0.8676427663818823]]
[['LPP' 'DryBean' 4 9 0.9023136246786633 0.9037720549473564
  0.9023136246786633 0.9024127690112971]]
[['LPP' 'DryBean' 4 22 0.9026808666911494 0.9042858718812192
  0.9026808666911494 0.902920397185144]]
[['LPP' 'DryBean' 4 104 0.9052515607785531 0.9070524157441479
  0.9052515607785531 0.9055355107358697]]
[['LPP' 'DryBean' 6 9 0.9155343371281675 0.9164802925044122
  0.9155343371281675 0.9157575380018446]]
[['LPP' 'DryBean' 6 22 0.9214102093279471 0.9223520786484892
  0.9214102093279471 0.9216495678773914]]
[['LPP' 'DryBean' 6 104 0.9239809034153507 0.9249981665282369
  0.9239809034153507 0.9242922181522689]]
[['LPP' 'FakeWebsite' 2 9 0.8163726820443238 0.8035320088300221
  0.8870836718115354 0.8432432432432432]]
[['LPP' 'FakeWebsite' 2 20 0.8181818181818182 0.8001448225923244
  0.8976441917140536 0.8460949464012252]]
[['LPP' 'FakeWebsite' 2 94 0.8548168249660787 0.828757225433526
  0.9317627944760357 0.8772466539196941]]
[['LPP' 'FakeWebsite' 4 9 0.8977838082315694 0.900398406374502
  0.9179528838342811 0.9090909090909091]]
[['LPP' 'FakeWebsite' 4 20 0.89280868385346 0.8976 0.9114541023558083
  0.9044740024183796]]
[['LPP' 'FakeWebsite' 4 94 0.8914518317503393 0.8992747784045125
  0.9065800162469537 0.9029126213592233]]
[['LPP' 'FakeWebsite' 6 9 0.9014020805065581 0.8972549019607843
  0.9293257514216084 0.9130087789305666]]
[['LPP' 'FakeWebsite' 6 20 0.9018543645409317 0.901743264659271
  0.9244516653127539 0.9129562775772162]]
[['LPP' 'FakeWebsite' 6 94 0.8964269561284487 0.9059967585089141
  0.9082047116165719 0.9070993914807303]]
[['LPP' 'FakeWebsite' 8 9 0.9122568973315242 0.9111816019032514
  0.9333874898456539 0.9221508828250401]]
[['LPP' 'FakeWebsite' 8 20 0.911352329262777 0.9110405083399523
  0.9317627944760357 0.921285140562249]]
[['LPP' 'FakeWebsite' 8 94 0.9140660334690185 0.9127676447264076
  0.9350121852152722 0.9237560192616372]]
[['LPP' 'FakeWebsite' 10 9 0.9222071460877431 0.9192399049881235
  0.9431356620633631 0.9310344827586206]]
[['LPP' 'FakeWebsite' 10 20 0.9194934418815016 0.9155485398579322
  0.942323314378554 0.9287429943955163]]
[['LPP' 'FakeWebsite' 10 94 0.9176843057440073 0.913317572892041
  0.9415109666937449 0.9272]]
[['LPP' 'FakeWebsite' 12 9 0.942107643600181 0.9332285938727416
  0.9650690495532088 0.9488817891373802]]
[['LPP' 'FakeWebsite' 12 20 0.9380370872908186 0.9280125195618153
  0.9634443541835905 0.9453965723395775]]
[['LPP' 'FakeWebsite' 12 94 0.9416553595658074 0.9284603421461898
  0.9699431356620634 0.9487485101311085]]
[['LPP' 'FakeWebsite' 14 9 0.9502487562189055 0.9416863672182821
  0.9707554833468724 0.956]]
[['LPP' 'FakeWebsite' 14 20 0.9484396200814111 0.9408050513022889
  0.9683184402924452 0.9543634907926342]]
[['LPP' 'FakeWebsite' 14 94 0.9493441881501583 0.9402045633359559
  0.9707554833468724 0.9552358113509192]]
[['LPP' 'Glass' 2 5 0.5581395348837209 0.6414696111002541
  0.5581395348837209 0.49771533792539047]]
[['LPP' 'Glass' 2 13 0.6046511627906976 0.6788825689394485
  0.6046511627906976 0.5626321353065539]]
[['LPP' 'Grade' 2 6 0.96 0.9623480017006805 0.96 0.9598995742578021]]
[['LPP' 'Grade' 2 9 0.96 0.9623480017006805 0.96 0.9598995742578021]]
[['LPP' 'Grade' 2 28 0.955 0.9591326530612244 0.955 0.9550650166826636]]
[['LPP' 'Heart' 2 6 0.5543478260869565 0.5543478260869565 1.0
  0.7132867132867133]]
[['LPP' 'Heart' 2 9 0.5543478260869565 0.5543478260869565 1.0
  0.7132867132867133]]
[['LPP' 'Heart' 2 27 0.5543478260869565 0.5543478260869565 1.0
  0.7132867132867133]]
[['LPP' 'Heart' 4 6 0.625 0.7323943661971831 0.5098039215686274
  0.6011560693641619]]
[['LPP' 'Heart' 4 9 0.6086956521739131 0.7272727272727273
  0.47058823529411764 0.5714285714285714]]
[['LPP' 'Heart' 4 27 0.6086956521739131 0.7205882352941176
  0.4803921568627451 0.5764705882352942]]
[['LPP' 'Heart' 6 6 0.7065217391304348 0.7105263157894737
  0.7941176470588235 0.7499999999999999]]
[['LPP' 'Heart' 6 9 0.7010869565217391 0.7008547008547008
  0.803921568627451 0.7488584474885844]]
[['LPP' 'Heart' 6 27 0.7119565217391305 0.7168141592920354
  0.7941176470588235 0.7534883720930233]]
/home/soyoung/.local/lib/python3.8/site-packages/umap/distances.py:1063: NumbaDeprecationWarning: [1mThe 'nopython' keyword argument was not supplied to the 'numba.jit' decorator. The implicit default value for this argument is currently False, but it will be changed to True in Numba 0.59.0. See https://numba.readthedocs.io/en/stable/reference/deprecation.html#deprecation-of-object-mode-fall-back-behaviour-when-using-jit for details.[0m
  @numba.jit()
/home/soyoung/.local/lib/python3.8/site-packages/umap/distances.py:1071: NumbaDeprecationWarning: [1mThe 'nopython' keyword argument was not supplied to the 'numba.jit' decorator. The implicit default value for this argument is currently False, but it will be changed to True in Numba 0.59.0. See https://numba.readthedocs.io/en/stable/reference/deprecation.html#deprecation-of-object-mode-fall-back-behaviour-when-using-jit for details.[0m
  @numba.jit()
/home/soyoung/.local/lib/python3.8/site-packages/umap/distances.py:1086: NumbaDeprecationWarning: [1mThe 'nopython' keyword argument was not supplied to the 'numba.jit' decorator. The implicit default value for this argument is currently False, but it will be changed to True in Numba 0.59.0. See https://numba.readthedocs.io/en/stable/reference/deprecation.html#deprecation-of-object-mode-fall-back-behaviour-when-using-jit for details.[0m
  @numba.jit()
/home/soyoung/.local/lib/python3.8/site-packages/umap/umap_.py:660: NumbaDeprecationWarning: [1mThe 'nopython' keyword argument was not supplied to the 'numba.jit' decorator. The implicit default value for this argument is currently False, but it will be changed to True in Numba 0.59.0. See https://numba.readthedocs.io/en/stable/reference/deprecation.html#deprecation-of-object-mode-fall-back-behaviour-when-using-jit for details.[0m
  @numba.jit()
[['LPP' 'Heart' 8 6 0.7228260869565217 0.717948717948718
  0.8235294117647058 0.767123287671233]]
[['LPP' 'Heart' 8 9 0.7934782608695652 0.8018867924528302
  0.8333333333333334 0.8173076923076923]]
[['LPP' 'Heart' 8 27 0.7554347826086957 0.7478260869565218
  0.8431372549019608 0.7926267281105991]]
[['LPP' 'Parkinsons' 2 5 0.8461538461538461 0.8285714285714286 1.0
  0.90625]]
[['LPP' 'Parkinsons' 2 12 0.8205128205128205 0.8055555555555556 1.0
  0.8923076923076924]]
[['LPP' 'Parkinsons' 4 5 0.8461538461538461 0.8285714285714286 1.0
  0.90625]]
[['LPP' 'Parkinsons' 4 12 0.8205128205128205 0.8055555555555556 1.0
  0.8923076923076924]]
[['LPP' 'Parkinsons' 6 5 0.8205128205128205 0.8235294117647058
  0.9655172413793104 0.888888888888889]]
[['LPP' 'Parkinsons' 6 12 0.8205128205128205 0.8055555555555556 1.0
  0.8923076923076924]]
[['LPP' 'Parkinsons' 8 5 0.8717948717948718 0.8529411764705882 1.0
  0.9206349206349206]]
[['LPP' 'Parkinsons' 8 12 0.8717948717948718 0.8529411764705882 1.0
  0.9206349206349206]]
[['LPP' 'Parkinsons' 10 5 0.8461538461538461 0.8285714285714286 1.0
  0.90625]]
[['LPP' 'Parkinsons' 10 12 0.8205128205128205 0.8055555555555556 1.0
  0.8923076923076924]]
[['LPP' 'StayHospital' 2 8 0.2945 0.5016704513862877 0.2945
  0.15468598650779652]]
[['LPP' 'StayHospital' 2 19 0.2955 0.79182025 0.2955 0.1348054805094558]]
[['LPP' 'StayHospital' 2 89 0.294 0.5148488157525927 0.294
  0.14373452476015225]]
[['LPP' 'StayHospital' 4 8 0.2955 0.79182025 0.2955 0.1348054805094558]]
[['LPP' 'StayHospital' 4 19 0.2955 0.79182025 0.2955 0.1348054805094558]]
[['LPP' 'StayHospital' 4 89 0.2955 0.79182025 0.2955 0.1348054805094558]]
[['LPP' 'StayHospital' 6 8 0.2955 0.79182025 0.2955 0.1348054805094558]]
[['LPP' 'StayHospital' 6 19 0.2955 0.79182025 0.2955 0.1348054805094558]]
[['LPP' 'StayHospital' 6 89 0.2955 0.79182025 0.2955 0.1348054805094558]]
[['LPP' 'StayHospital' 8 8 0.2955 0.79182025 0.2955 0.1348054805094558]]
[['LPP' 'StayHospital' 8 19 0.297 0.547941855187823 0.297
  0.14397486192301878]]
[['LPP' 'StayHospital' 8 89 0.2955 0.79182025 0.2955 0.1348054805094558]]
[['LPP' 'StayHospital' 10 8 0.297 0.5563986137943724 0.297
  0.14480254127213066]]
[['LPP' 'StayHospital' 10 19 0.297 0.5510601927669738 0.297
  0.14392687768301654]]
[['LPP' 'StayHospital' 10 89 0.2955 0.5299393088185222 0.2955
  0.14103741659963323]]
[['LPP' 'StayHospital' 12 8 0.297 0.4311234228831854 0.297
  0.15712192518245838]]
[['LPP' 'StayHospital' 12 19 0.297 0.6894654200819672 0.297
  0.14352982171988335]]
[['LPP' 'StayHospital' 12 89 0.296 0.5116918777943369 0.296
  0.1426906222612953]]
[['LPP' 'StayHospital' 14 8 0.299 0.44493460681199953 0.299
  0.16933695837835522]]
[['LPP' 'StayHospital' 14 19 0.304 0.5295151342674604 0.304
  0.17529183756450809]]
[['LPP' 'StayHospital' 14 89 0.298 0.35374544398837876 0.298
  0.16778522327467213]]
[['LPP' 'StayHospital' 16 8 0.3045 0.39659887762775897 0.3045
  0.1781612505230983]]
[['LPP' 'StayHospital' 16 19 0.3125 0.42418161203875493 0.3125
  0.1913077396090493]]
[['LPP' 'StayHospital' 16 89 0.3055 0.3981343580733532 0.3055
  0.17991015199815047]]
[['LPP' 'StayHospital' 18 8 0.322 0.4200561212792386 0.322
  0.22301597219834668]]
[['LPP' 'StayHospital' 18 19 0.3115 0.4164151198972441 0.3115
  0.20314578105225292]]
[['LPP' 'StayHospital' 18 89 0.3135 0.39854133246282675 0.3135
  0.19730159203509157]]
[['LPP' 'StayHospital' 20 8 0.3425 0.44088072125170163 0.3425
  0.2500270890159957]]
[['LPP' 'StayHospital' 20 19 0.32 0.42169415224760487 0.32
  0.21534189110827098]]
[['LPP' 'StayHospital' 20 89 0.3215 0.4078403286556192 0.3215
  0.22397337039284546]]
[['LPP' 'StayHospital' 22 8 0.3565 0.44028285116541216 0.3565
  0.2697506426458152]]
[['LPP' 'StayHospital' 22 19 0.3325 0.42861448904632027 0.3325
  0.23581540094466164]]
[['LPP' 'StayHospital' 22 89 0.3385 0.4228827884275694 0.3385
  0.2515240260281723]]
[['LPP' 'StayHospital' 24 8 0.3585 0.44062318760334057 0.3585
  0.27695840230204216]]
[['LPP' 'StayHospital' 24 19 0.3415 0.4188781066972243 0.3415
  0.2542393540831983]]
[['LPP' 'StayHospital' 24 89 0.3475 0.37158649138330896 0.3475
  0.27332603920259735]]
[['LPP' 'Zoo' 2 4 0.7142857142857143 0.9047619047619048
  0.7142857142857143 0.6428571428571429]]
[['LPP' 'Zoo' 2 8 0.7142857142857143 0.7582417582417582
  0.7142857142857143 0.6235827664399093]]
[['LPP' 'Zoo' 4 4 0.8095238095238095 0.8214285714285714
  0.8095238095238095 0.7573696145124716]]
[['LPP' 'Zoo' 4 8 0.8095238095238095 0.783068783068783 0.8095238095238095
  0.7680672268907562]]
[['LPP' 'Zoo' 6 4 1.0 1.0 1.0 1.0]]
[['LPP' 'Zoo' 6 8 0.9523809523809523 0.9682539682539681
  0.9523809523809523 0.9333333333333333]]
Finished python experiment_script.py
