Entered python experiment_script.py
----------pca----------
Index(['dr_name', 'dataset_name', 'n_components', 'n_neighbors',
       'fit_transform_time'],
      dtype='object')
PCA,Admission,2,None,0.004526615142822266
PCA,BankHappiness,2,None,0.03992128372192383
PCA,BankHappiness,4,None,0.043856143951416016
PCA,BankHappiness,6,None,0.02940678596496582
PCA,BankHappiness,8,None,0.05562949180603027
PCA,Credit,2,None,0.0049593448638916016
PCA,Credit,4,None,0.004628419876098633
PCA,Credit,6,None,0.0065937042236328125
PCA,Credit,8,None,0.006584882736206055
PCA,Credit,10,None,0.006619691848754883
PCA,Facebook,2,None,0.00482940673828125
PCA,Facebook,4,None,0.004736900329589844
PCA,Facebook,6,None,0.006702423095703125
PCA,Facebook,8,None,0.004875898361206055
PCA,ForestFires,2,None,0.001285552978515625
PCA,ForestFires,4,None,0.0011036396026611328
PCA,HousePrice,2,None,0.05872178077697754
PCA,HousePrice,11,None,0.03564929962158203
PCA,HousePrice,20,None,0.04443049430847168
PCA,HousePrice,29,None,0.09553170204162598
PCA,HousePrice,38,None,0.06815004348754883
PCA,HousePrice,47,None,0.07458806037902832
PCA,HousePrice,56,None,0.36501049995422363
PCA,HousePrice,65,None,0.3867816925048828
PCA,HousePrice,74,None,0.6946260929107666
PCA,HousePrice,83,None,1.2783262729644775
PCA,HousePrice,92,None,1.3939707279205322
PCA,OnlineNewsPopularity,2,None,0.17471098899841309
PCA,OnlineNewsPopularity,4,None,0.17185258865356445
PCA,OnlineNewsPopularity,6,None,0.17495417594909668
PCA,OnlineNewsPopularity,8,None,0.13178396224975586
PCA,OnlineNewsPopularity,10,None,0.1677873134613037
PCA,OnlineNewsPopularity,12,None,0.17130231857299805
PCA,OnlineNewsPopularity,14,None,0.1655292510986328
PCA,OnlineNewsPopularity,16,None,0.18086552619934082
PCA,OnlineNewsPopularity,18,None,0.25043439865112305
PCA,OnlineNewsPopularity,20,None,0.29644203186035156
PCA,OnlineNewsPopularity,22,None,0.28252458572387695
PCA,PremiumPrice,2,None,0.019426822662353516
PCA,PremiumPrice,4,None,0.005936861038208008
PCA,WineQuality,2,None,0.014960765838623047
PCA,WineQuality,4,None,0.020528078079223633
Index(['dr_name', 'dataset_name', 'n_components', 'n_neighbors',
       'transform_time'],
      dtype='object')
PCA,Admission,2,None,0.0010905265808105469
PCA,BankHappiness,2,None,0.0012559890747070312
PCA,BankHappiness,4,None,0.0012106895446777344
PCA,BankHappiness,6,None,0.0012598037719726562
PCA,BankHappiness,8,None,0.0012972354888916016
PCA,Credit,2,None,0.0011258125305175781
PCA,Credit,4,None,0.0010924339294433594
PCA,Credit,6,None,0.0010929107666015625
PCA,Credit,8,None,0.001085042953491211
PCA,Credit,10,None,0.010978221893310547
PCA,Facebook,2,None,0.0011091232299804688
PCA,Facebook,4,None,0.0010678768157958984
PCA,Facebook,6,None,0.0010633468627929688
PCA,Facebook,8,None,0.001062631607055664
PCA,ForestFires,2,None,0.011299610137939453
PCA,ForestFires,4,None,0.0009801387786865234
PCA,HousePrice,2,None,0.0025281906127929688
PCA,HousePrice,11,None,0.0030901432037353516
PCA,HousePrice,20,None,0.002488851547241211
PCA,HousePrice,29,None,0.0025360584259033203
PCA,HousePrice,38,None,0.002580881118774414
PCA,HousePrice,47,None,0.0025310516357421875
PCA,HousePrice,56,None,0.0026445388793945312
PCA,HousePrice,65,None,0.0026826858520507812
PCA,HousePrice,74,None,0.0026731491088867188
PCA,HousePrice,83,None,0.002661466598510742
PCA,HousePrice,92,None,0.002638101577758789
PCA,OnlineNewsPopularity,2,None,0.003023862838745117
PCA,OnlineNewsPopularity,4,None,0.0027801990509033203
PCA,OnlineNewsPopularity,6,None,0.002953052520751953
PCA,OnlineNewsPopularity,8,None,0.003118753433227539
PCA,OnlineNewsPopularity,10,None,0.0030508041381835938
PCA,OnlineNewsPopularity,12,None,0.003296375274658203
PCA,OnlineNewsPopularity,14,None,0.0032241344451904297
PCA,OnlineNewsPopularity,16,None,0.0032591819763183594
PCA,OnlineNewsPopularity,18,None,0.004192829132080078
PCA,OnlineNewsPopularity,20,None,0.0033473968505859375
PCA,OnlineNewsPopularity,22,None,0.0034182071685791016
PCA,PremiumPrice,2,None,0.0010294914245605469
PCA,PremiumPrice,4,None,0.0009975433349609375
PCA,WineQuality,2,None,0.0010144710540771484
PCA,WineQuality,4,None,0.0009984970092773438
Index(['dr_name', 'dataset_name', 'n_components', 'n_neighbors', 'RMSE', 'MAE',
       'MAE_percentage', 'R2', 'residuals_mean', 'residuals_var'],
      dtype='object')
[['PCA' 'Admission' 2 None 0.07596191665356902 0.05803619336361043
  0.09066858506111779 0.747501729483897 0.008537674485822681
  0.005769438882083948]]
[['PCA' 'BankHappiness' 2 None 0.3101925780109886 0.17405612564085243
  411291611538177.25 -0.0007811948164646587 -0.00859404114509557
  0.09618514399134408]]
[['PCA' 'BankHappiness' 4 None 0.3013912767581712 0.171092971937432
  407960865725460.6 0.05520477813709701 -0.010078046572335264
  0.09077247424480443]]
[['PCA' 'BankHappiness' 6 None 0.30353290100903974 0.16926285631651053
  397386402656787.56 0.04173003328256786 -0.007152390055388093
  0.09211895875397412]]
[['PCA' 'BankHappiness' 8 None 0.3021352274235632 0.16657606760144017
  388086541965150.7 0.05053477883816471 -0.0053157360540681325
  0.09129499310197339]]
[['PCA' 'Credit' 2 None 9104.687953796794 6109.652321221694
  1.2049189355627443 0.0001293486536888544 -302.8671069303735
  92004015.83505788]]
[['PCA' 'Credit' 4 None 9104.687954324689 6109.652321648383
  1.2049189357143493 0.00012934853774293487 -302.8671069491502
  92004015.84572592]]
[['PCA' 'Credit' 6 None 9104.687954624982 6109.652321900868
  1.2049189357780912 0.00012934847178680542 -302.86710694873693
  92004015.85180193]]
[['PCA' 'Credit' 8 None 9104.687954729827 6109.652322070478
  1.2049189358232573 0.00012934844875900353 -302.86710705658425
  92004015.85385065]]
[['PCA' 'Credit' 10 None 9104.687954814797 6109.652322198437
  1.2049189358596781 0.00012934843009637653 -302.8671071463019
  92004015.85550943]]
[['PCA' 'Facebook' 2 None 255.3285960148372 131.81201038637573
  1.5697983989552342 -0.05174711815778377 70.34392280206913
  60852.95400780247]]
[['PCA' 'Facebook' 4 None 255.4794329733617 131.82218083263925
  1.5676025943817182 -0.05299013753274506 70.6978120008073
  60880.36368756455]]
[['PCA' 'Facebook' 6 None 255.62642954153907 131.8981951830849
  1.5671117628627869 -0.05420221527024571 70.77959997441778
  60944.565361229135]]
[['PCA' 'Facebook' 8 None 255.5721177233639 131.95042242284197
  1.5718492174596037 -0.05375429948382293 70.4804892918398
  60959.19998665437]]
[['PCA' 'ForestFires' 2 None 11.359339172599284 4.978928482041842
  3064501908147591.5 -0.13896449783432785 3.476744850273174
  118.0822378171043]]
[['PCA' 'ForestFires' 4 None 11.386857626686496 4.970502637521231
  2919626116037859.5 -0.14448955629868587 3.5284546225915694
  118.34850094195167]]
[['PCA' 'HousePrice' 2 None 92606.19533639576 59920.467233475436
  0.31470044495033345 -0.06401568149623693 23174.241762954123
  8066486888.492419]]
[['PCA' 'HousePrice' 11 None 92640.65220735456 60002.9004718524
  0.3153895002912781 -0.06480762574172738 23100.67849665342
  8076307682.351541]]
[['PCA' 'HousePrice' 20 None 92649.97551445324 60020.988572792085
  0.3155409897536289 -0.06502195989870674 23083.755162640246
  8078825420.765148]]
[['PCA' 'HousePrice' 29 None 92653.39646187678 60028.17379432117
  0.3156050025670357 -0.06510060970670684 23074.57225591093
  8079886836.458805]]
[['PCA' 'HousePrice' 38 None 92655.32692697759 60032.48583779206
  0.3156434519380065 -0.0651449936376709 23069.56407025161
  8080477690.356247]]
[['PCA' 'HousePrice' 47 None 92656.32918666666 60035.11316104602
  0.3156670959324395 -0.0651680372704424 23066.227982891392
  8080818500.951373]]
[['PCA' 'HousePrice' 56 None 92657.17481018636 60036.96436120002
  0.3156827989299962 -0.06518747976860562 23064.366725195687
  8081061900.894732]]
[['PCA' 'HousePrice' 65 None 92657.8758084658 60038.26256943257
  0.3156935096438825 -0.06520359719106472 23063.223306368604
  8081245177.239974]]
[['PCA' 'HousePrice' 74 None 92658.43611845307 60039.30159475522
  0.3157023210199485 -0.06521647998194191 23062.22365830431
  8081395636.304899]]
[['PCA' 'HousePrice' 83 None 92658.7984997495 60039.98958537022
  0.3157083383020527 -0.0652248119870995 23061.47421731066
  8081497708.356414]]
[['PCA' 'HousePrice' 92 None 92659.08427969516 60040.4577606954
  0.31571216682491815 -0.06523138276857465 23061.091897391252
  8081568544.656714]]
[['PCA' 'OnlineNewsPopularity' 2 None 7053.019530032658
  2195.8631597794797 0.6740713573910887 -0.05966346758007757
  1699.3684402668277 46863141.74229501]]
[['PCA' 'OnlineNewsPopularity' 4 None 7037.920772567975
  2178.8216279674148 0.6632258184423473 -0.055131372909770215
  1679.578994151733 46717235.14875717]]
[['PCA' 'OnlineNewsPopularity' 6 None 7033.686119213147
  2172.8070437417855 0.6544173579262711 -0.053862028869102296
  1677.9170821824534 46663219.821965456]]
[['PCA' 'OnlineNewsPopularity' 8 None 7035.915328115389
  2174.0543905409954 0.6539602870787652 -0.05453014253209543
  1680.9717984048834 46684326.11232069]]
[['PCA' 'OnlineNewsPopularity' 10 None 7038.300462207696
  2173.6678948432796 0.6516060937850747 -0.05524522280106603
  1686.6330379217964 46698832.01612249]]
[['PCA' 'OnlineNewsPopularity' 12 None 7039.716549019987
  2172.154007442562 0.647901869517585 -0.05566989042592785
  1688.6716127321233 46711888.545997836]]
[['PCA' 'OnlineNewsPopularity' 14 None 7038.852700659206
  2168.8472915136454 0.6438503818977204 -0.055410822395073334
  1688.5908930806938 46699997.90884265]]
[['PCA' 'OnlineNewsPopularity' 16 None 7040.127420465832
  2170.008242851836 0.6441528717705054 -0.05579312188529029
  1691.2513178866354 46708953.97713507]]
[['PCA' 'OnlineNewsPopularity' 18 None 7041.15695331987 2170.595386856181
  0.6438809392793943 -0.056101938223249936 1693.6468685741127
  46715343.23265581]]
[['PCA' 'OnlineNewsPopularity' 20 None 7041.345592394641
  2170.661125533361 0.6446607341424551 -0.056158526866986413
  1694.6039591987155 46714756.80584569]]
[['PCA' 'OnlineNewsPopularity' 22 None 7041.752247118523
  2171.1580443860908 0.6448038563650805 -0.05628052180405585
  1695.2558133706132 46718274.51352499]]
[['PCA' 'PremiumPrice' 2 None 5874.323069270407 4495.492534436815
  0.20132815670587395 -0.017924341340147087 1179.2080898503114
  33285247.111638714]]
[['PCA' 'PremiumPrice' 4 None 5896.407115761341 4514.209928574706
  0.20190758962025218 -0.0255923377652032 1211.2199907146035
  33469601.399802383]]
[['PCA' 'WineQuality' 2 None 0.7991392187689265 0.5995921357035893
  0.1074078672797217 0.10624500799713288 -0.0025435710151915036
  0.639269336870969]]
[['PCA' 'WineQuality' 4 None 0.7230702089317099 0.5392048481643569
  0.09473122067014227 0.268297517831001 0.05422158993421669
  0.5204215886669676]]
----------kpca----------
Index(['dr_name', 'dataset_name', 'n_components', 'n_neighbors',
       'fit_transform_time'],
      dtype='object')
KPCA,Admission,2,None,0.03027057647705078
KPCA,BankHappiness,2,None,2.0673089027404785
KPCA,BankHappiness,4,None,2.3382441997528076
KPCA,BankHappiness,6,None,2.080796957015991
KPCA,BankHappiness,8,None,2.101566791534424
KPCA,Credit,2,None,0.02291584014892578
KPCA,Credit,4,None,0.02205348014831543
KPCA,Credit,6,None,0.011368751525878906
KPCA,Credit,8,None,0.0017824172973632812
KPCA,Credit,10,None,0.0017292499542236328
KPCA,Facebook,2,None,0.05065727233886719
KPCA,Facebook,4,None,0.013863086700439453
KPCA,Facebook,6,None,0.008817672729492188
KPCA,Facebook,8,None,0.006018877029418945
KPCA,ForestFires,2,None,0.020662307739257812
KPCA,ForestFires,4,None,0.015577554702758789
KPCA,HousePrice,2,None,0.10355472564697266
KPCA,HousePrice,11,None,0.17294573783874512
KPCA,HousePrice,20,None,0.159470796585083
KPCA,HousePrice,29,None,0.18902325630187988
KPCA,HousePrice,38,None,0.13940739631652832
KPCA,HousePrice,47,None,0.19069766998291016
KPCA,HousePrice,56,None,0.21436738967895508
KPCA,HousePrice,65,None,0.18715381622314453
KPCA,HousePrice,74,None,0.2038254737854004
KPCA,HousePrice,83,None,0.2136552333831787
KPCA,HousePrice,92,None,0.17654800415039062
KPCA,OnlineNewsPopularity,2,None,33.1939058303833
KPCA,OnlineNewsPopularity,4,None,36.77370524406433
KPCA,OnlineNewsPopularity,6,None,39.35683465003967
KPCA,OnlineNewsPopularity,8,None,38.23289752006531
** fit_transform took too long **
KPCA,PremiumPrice,2,None,0.05331540107727051
KPCA,PremiumPrice,4,None,0.03422355651855469
KPCA,WineQuality,2,None,0.6045498847961426
KPCA,WineQuality,4,None,0.6732888221740723
Index(['dr_name', 'dataset_name', 'n_components', 'n_neighbors',
       'transform_time'],
      dtype='object')
KPCA,Admission,2,None,0.012929201126098633
KPCA,BankHappiness,2,None,0.28978419303894043
KPCA,BankHappiness,4,None,0.2775452136993408
KPCA,BankHappiness,6,None,0.2895355224609375
KPCA,BankHappiness,8,None,0.30400705337524414
KPCA,Credit,2,None,0.004978179931640625
KPCA,Credit,4,None,0.002410888671875
KPCA,Credit,6,None,0.0027227401733398438
KPCA,Credit,8,None,0.0019767284393310547
KPCA,Credit,10,None,0.0020599365234375
KPCA,Facebook,2,None,0.0044863224029541016
KPCA,Facebook,4,None,0.0035886764526367188
KPCA,Facebook,6,None,0.0028307437896728516
KPCA,Facebook,8,None,0.0032548904418945312
KPCA,ForestFires,2,None,0.0035376548767089844
KPCA,ForestFires,4,None,0.0026082992553710938
KPCA,HousePrice,2,None,0.023855924606323242
KPCA,HousePrice,11,None,0.018682241439819336
KPCA,HousePrice,20,None,0.023691177368164062
KPCA,HousePrice,29,None,0.021673917770385742
KPCA,HousePrice,38,None,0.04489779472351074
KPCA,HousePrice,47,None,0.03845667839050293
KPCA,HousePrice,56,None,0.03656196594238281
KPCA,HousePrice,65,None,0.018790721893310547
KPCA,HousePrice,74,None,0.02975153923034668
KPCA,HousePrice,83,None,0.023617029190063477
KPCA,HousePrice,92,None,0.023581981658935547
KPCA,OnlineNewsPopularity,2,None,3.2903199195861816
KPCA,OnlineNewsPopularity,4,None,3.248133659362793
KPCA,OnlineNewsPopularity,6,None,3.3295977115631104
KPCA,OnlineNewsPopularity,8,None,3.345442295074463
KPCA,PremiumPrice,2,None,0.012041091918945312
KPCA,PremiumPrice,4,None,0.0035102367401123047
KPCA,WineQuality,2,None,0.07354331016540527
KPCA,WineQuality,4,None,0.10988354682922363
Index(['dr_name', 'dataset_name', 'n_components', 'n_neighbors', 'RMSE', 'MAE',
       'MAE_percentage', 'R2', 'residuals_mean', 'residuals_var'],
      dtype='object')
[['KPCA' 'Admission' 2 None 0.07752745398068883 0.05906724290854305
  0.09258899936075848 0.73698675285812 0.00945370268019613
  0.005996084684923826]]
[['KPCA' 'BankHappiness' 2 None 0.3101984799582373 0.17407029470168253
  411354647207939.56 -0.0008192783454024077 -0.008607865545042576
  0.09618856910953766]]
[['KPCA' 'BankHappiness' 4 None 0.3101800320233778 0.17399628040215645
  411009094542757.94 -0.0007002416573829162 -0.008528423634526543
  0.09617848159717995]]
[['KPCA' 'BankHappiness' 6 None 0.3100356706115472 0.17356552561104813
  409053618479383.06 0.00023101675725401005 -0.008090772605770047
  0.09609618593844461]]
[['KPCA' 'BankHappiness' 8 None 0.30968352556079864 0.17145031153717954
  398985943587332.0 0.002500844341679298 -0.005735040891800322
  0.0959104483942248]]
[['KPCA' 'Credit' 2 None 9110.396306798064 6116.053444235013
  1.206529017014209 -0.0011248192892217013 -305.37574039168555
  92117851.69344448]]
[['KPCA' 'Credit' 4 None 9110.393553737224 6116.004157716073
  1.206512544700124 -0.0011242142316529868 -305.293596193453
  92117851.69344449]]
[['KPCA' 'Credit' 6 None 9110.403376476439 6116.179948134801
  1.2065712965668163 -0.0011263730379265091 -305.58658022467387
  92117851.69344433]]
[['KPCA' 'Credit' 8 None 9110.393764481018 6116.007931013357
  1.2065138057942195 -0.0011242605481411871 -305.2998850222628
  92117851.69344443]]
[['KPCA' 'Credit' 10 None 9110.381732616048 6115.792380026123
  1.2064417653328638 -0.0011216162312699396 -304.9406333768802
  92117851.6934443]]
[['KPCA' 'Facebook' 2 None 251.22514387071575 131.34540503093314
  1.5377261322364402 -0.018212967174826566 67.11896744007616
  59201.12840670693]]
[['KPCA' 'Facebook' 4 None 251.05901042918413 129.37599917878833
  1.4292901235857562 -0.016866738131556813 68.3462912032773
  58948.90019842221]]
[['KPCA' 'Facebook' 6 None 249.66044698216237 128.34418552952525
  1.428057816131197 -0.005569063642684835 67.40019846508781
  58371.26468100998]]
[['KPCA' 'Facebook' 8 None 248.9252661305928 127.18685087536507
  1.4294410745139776 0.0003444613007461683 67.00251203385767
  58055.00151448405]]
[['KPCA' 'ForestFires' 2 None 11.3343882046952 4.798990231529036
  2172805206986421.2 -0.13396648595841154 3.7440966807348692
  115.56126200082092]]
[['KPCA' 'ForestFires' 4 None 11.375173283104607 4.943103845649594
  2856650584251653.5 -0.14214198181360227 3.5064314710130073
  118.23639396323904]]
[['KPCA' 'HousePrice' 2 None 92601.97598587006 59913.012313415325
  0.31460395472349145 -0.06391872571841173 23201.348824054687
  8064441318.95464]]
[['KPCA' 'HousePrice' 11 None 92639.87559389252 60003.247351548605
  0.3153909547312585 -0.06478977309387157 23101.623311894895
  8076119493.879386]]
[['KPCA' 'HousePrice' 20 None 92649.27049648037 60021.490218918436
  0.3155460099622866 -0.0650057514375122 23083.023235599252
  8078728239.366852]]
[['KPCA' 'HousePrice' 29 None 92652.61632545934 60028.5337433098
  0.31560944889756415 -0.06508267360706155 23073.697160518608
  8079782298.621496]]
[['KPCA' 'HousePrice' 38 None 92654.344667764 60032.91675125213
  0.31565005356241443 -0.0651224100912573 23067.895320920026
  8080372299.149684]]
[['KPCA' 'HousePrice' 47 None 92655.51222081762 60035.559861985304
  0.31567323787586016 -0.0651492538353291 23064.755146287138
  8080734764.13615]]
[['KPCA' 'HousePrice' 56 None 92656.269419855 60037.347617271036
  0.31568882807661575 -0.06516666312412167 23062.662506404813
  8080972424.016374]]
[['KPCA' 'HousePrice' 65 None 92657.06159149119 60038.69120291105
  0.3156997156552478 -0.06518487664449446 23061.58160122251
  8081169755.708961]]
[['KPCA' 'HousePrice' 74 None 92657.51727875273 60039.63334994135
  0.31570812429733364 -0.06519535382485664 23060.486071972733
  8081305193.102818]]
[['KPCA' 'HousePrice' 83 None 92657.86509085793 60040.2898260514
  0.3157136701783655 -0.06520335076983619 23059.81152443315
  8081401086.77233]]
[['KPCA' 'HousePrice' 92 None 92658.17459412782 60040.84052720088
  0.31571858816797693 -0.06521046693791255 23059.2253373187
  8081485767.078768]]
[['KPCA' 'OnlineNewsPopularity' 2 None 7040.452827666414
  2185.2674174046124 0.6750060640469498 -0.05589072540968876
  1679.5303882388632 46753050.15595128]]
[['KPCA' 'OnlineNewsPopularity' 4 None 7041.990019547979
  2183.8339133324203 0.6707823933850546 -0.05635185593149816
  1684.28380972873 46758708.65971865]]
[['KPCA' 'OnlineNewsPopularity' 6 None 7040.199396019222
  2179.516086307862 0.6623891216006752 -0.055814710040767324
  1682.7512350110526 46738650.463071935]]
[['KPCA' 'OnlineNewsPopularity' 8 None 7041.08030154638 2177.273943649008
  0.656646200322707 -0.056078944375376194 1685.6284790758573
  46741363.43180435]]
[['KPCA' 'PremiumPrice' 2 None 5966.330475000484 4570.323713402762
  0.20370341935225328 -0.05006082119686339 1305.9581760468116
  34063611.018825]]
[['KPCA' 'PremiumPrice' 4 None 5965.8267231034115 4569.909292626769
  0.20371374147686827 -0.049883510267871634 1303.3347033444632
  34064449.816996194]]
[['KPCA' 'WineQuality' 2 None 0.8101825203644359 0.6070162728812097
  0.10969055744407036 0.08137273923206834 -0.03781187410106586
  0.6556349937808111]]
[['KPCA' 'WineQuality' 4 None 0.7596348504064986 0.5708607236420384
  0.10165081396293452 0.19242409440898545 0.006738583187802135
  0.577589074054903]]
----------ica----------
Index(['dr_name', 'dataset_name', 'n_components', 'n_neighbors',
       'fit_transform_time'],
      dtype='object')
ICA,Admission,2,None,0.007221698760986328
ICA,BankHappiness,2,None,0.02375173568725586
ICA,BankHappiness,4,None,0.04460859298706055
ICA,BankHappiness,6,None,0.09121942520141602
ICA,BankHappiness,8,None,0.10500955581665039
ICA,Credit,2,None,0.008211612701416016
ICA,Credit,4,None,0.01069951057434082
ICA,Credit,6,None,0.023671627044677734
ICA,Credit,8,None,0.044840097427368164
ICA,Credit,10,None,0.03392195701599121
ICA,Facebook,2,None,0.0023889541625976562
ICA,Facebook,4,None,0.0033485889434814453
ICA,Facebook,6,None,0.0030524730682373047
ICA,Facebook,8,None,0.0027608871459960938
ICA,ForestFires,2,None,0.0014944076538085938
ICA,ForestFires,4,None,0.003535032272338867
ICA,HousePrice,2,None,0.06785202026367188
ICA,HousePrice,11,None,0.20726490020751953
ICA,HousePrice,20,None,0.3113422393798828
ICA,HousePrice,29,None,0.5931332111358643
ICA,HousePrice,38,None,0.6800022125244141
ICA,HousePrice,47,None,1.1167218685150146
ICA,HousePrice,56,None,1.0918099880218506
ICA,HousePrice,65,None,1.088341474533081
ICA,HousePrice,74,None,1.3337633609771729
ICA,HousePrice,83,None,1.1162514686584473
ICA,HousePrice,92,None,1.8576209545135498
ICA,OnlineNewsPopularity,2,None,0.28110504150390625
ICA,OnlineNewsPopularity,4,None,0.26659607887268066
ICA,OnlineNewsPopularity,6,None,0.33391594886779785
ICA,OnlineNewsPopularity,8,None,0.33922839164733887
ICA,OnlineNewsPopularity,10,None,0.40149831771850586
ICA,OnlineNewsPopularity,12,None,0.46473121643066406
ICA,OnlineNewsPopularity,14,None,0.45953369140625
ICA,OnlineNewsPopularity,16,None,0.7791221141815186
ICA,OnlineNewsPopularity,18,None,0.5913875102996826
ICA,OnlineNewsPopularity,20,None,0.7209877967834473
ICA,OnlineNewsPopularity,22,None,0.908583402633667
ICA,PremiumPrice,2,None,0.008347272872924805
ICA,PremiumPrice,4,None,0.010469198226928711
ICA,WineQuality,2,None,0.027297496795654297
ICA,WineQuality,4,None,0.017525911331176758
Index(['dr_name', 'dataset_name', 'n_components', 'n_neighbors',
       'transform_time'],
      dtype='object')
ICA,Admission,2,None,0.0009319782257080078
ICA,BankHappiness,2,None,0.0009686946868896484
ICA,BankHappiness,4,None,0.0009338855743408203
ICA,BankHappiness,6,None,0.010299205780029297
ICA,BankHappiness,8,None,0.0077707767486572266
ICA,Credit,2,None,0.0008320808410644531
ICA,Credit,4,None,0.0008280277252197266
ICA,Credit,6,None,0.0008223056793212891
ICA,Credit,8,None,0.0008285045623779297
ICA,Credit,10,None,0.0008382797241210938
ICA,Facebook,2,None,0.0008213520050048828
ICA,Facebook,4,None,0.0008122920989990234
ICA,Facebook,6,None,0.0008084774017333984
ICA,Facebook,8,None,0.009285449981689453
ICA,ForestFires,2,None,0.000713348388671875
ICA,ForestFires,4,None,0.000713348388671875
ICA,HousePrice,2,None,0.0021119117736816406
ICA,HousePrice,11,None,0.011676549911499023
ICA,HousePrice,20,None,0.005303859710693359
ICA,HousePrice,29,None,0.006773710250854492
ICA,HousePrice,38,None,0.005330324172973633
ICA,HousePrice,47,None,0.005305767059326172
ICA,HousePrice,56,None,0.005469083786010742
ICA,HousePrice,65,None,0.0045850276947021484
ICA,HousePrice,74,None,0.005415916442871094
ICA,HousePrice,83,None,0.0053899288177490234
ICA,HousePrice,92,None,0.0054051876068115234
ICA,OnlineNewsPopularity,2,None,0.006075620651245117
ICA,OnlineNewsPopularity,4,None,0.00627589225769043
ICA,OnlineNewsPopularity,6,None,0.0029332637786865234
ICA,OnlineNewsPopularity,8,None,0.0028960704803466797
ICA,OnlineNewsPopularity,10,None,0.0029916763305664062
ICA,OnlineNewsPopularity,12,None,0.0032591819763183594
ICA,OnlineNewsPopularity,14,None,0.003142118453979492
ICA,OnlineNewsPopularity,16,None,0.003084897994995117
ICA,OnlineNewsPopularity,18,None,0.0033512115478515625
ICA,OnlineNewsPopularity,20,None,0.0040433406829833984
ICA,OnlineNewsPopularity,22,None,0.0032465457916259766
ICA,PremiumPrice,2,None,0.0007278919219970703
ICA,PremiumPrice,4,None,0.0007190704345703125
ICA,WineQuality,2,None,0.0007526874542236328
ICA,WineQuality,4,None,0.0007371902465820312
Index(['dr_name', 'dataset_name', 'n_components', 'n_neighbors', 'RMSE', 'MAE',
       'MAE_percentage', 'R2', 'residuals_mean', 'residuals_var'],
      dtype='object')
[['ICA' 'Admission' 2 None 0.07800709466798107 0.06056859087969685
  0.09481311720268334 0.733722307006747 0.01148153583319898
  0.0060286391427345105]]
[['ICA' 'BankHappiness' 2 None 0.31017435022604284 0.174050013519684
  411287725639727.5 -0.0006635808584671832 -0.008598427580691875
  0.09617375597823448]]
[['ICA' 'BankHappiness' 4 None 0.3003899371390511 0.17108802410705565
  409333698592186.94 0.061472307215902466 -0.01069265466575231
  0.09015686780042532]]
[['ICA' 'BankHappiness' 6 None 0.3038059504985878 0.1693966316593172
  397596555349427.6 0.04000519348356646 -0.00704010287829765
  0.09228645485241001]]
[['ICA' 'BankHappiness' 8 None 0.3028579642279792 0.16657484847365964
  387463130226011.6 0.04598691985248815 -0.004972125683418212
  0.09173596035734477]]
[['ICA' 'Credit' 2 None 9107.55370927253 6113.3100106251 1.20599105290654
  -0.0005001810473272972 -304.74163915719873 92060741.22294173]]
[['ICA' 'Credit' 4 None 9108.781070080515 6114.579239338861
  1.2062934163572283 -0.0007698599298349151 -305.23267034882394
  92085250.66623205]]
[['ICA' 'Credit' 6 None 9109.428269566213 6114.926229225414
  1.2062962461190838 -0.0009120789037810884 -304.97991727941934
  92098522.94269815]]
[['ICA' 'Credit' 8 None 9109.583507490075 6115.25169620273
  1.2063598877076838 -0.0009461931933820722 -305.1208685190815
  92101569.92836595]]
[['ICA' 'Credit' 10 None 9109.807334821773 6115.432735863049
  1.2063833033825553 -0.0009953813626966124 -305.02797838683
  92106164.01108207]]
[['ICA' 'Facebook' 2 None 242.46827433510705 124.41192120462644
  1.455147829870601 0.051532924852124795 60.877992832983466
  55641.14550269896]]
[['ICA' 'Facebook' 4 None 246.35165657447698 125.8180885049665
  1.4696600318492599 0.020908251741856954 65.12876653355855
  57017.558047279075]]
[['ICA' 'Facebook' 6 None 250.7554805801198 128.7567546145597
  1.5019459080153208 -0.014409444694819085 67.52850126476253
  58907.285412022036]]
[['ICA' 'Facebook' 8 None 253.54763359615836 129.64622199792487
  1.4911396602901192 -0.037126042097544554 70.17333092775624
  59961.72336233877]]
[['ICA' 'ForestFires' 2 None 11.355591522598564 4.935281119231539
  2805199770497141.0 -0.1382130921198359 3.557331029109103
  117.42393103742516]]
[['ICA' 'ForestFires' 4 None 11.301392835211649 4.952907111371688
  3242778183319823.0 -0.12737394960809167 3.3810132197459906
  117.41926097924572]]
[['ICA' 'HousePrice' 2 None 92613.38982824075 59949.12948564843
  0.3149519486946666 -0.0641810127566933 23140.470918480027
  8069393490.362238]]
[['ICA' 'HousePrice' 11 None 92662.19355800902 60048.963576406524
  0.31578271789097623 -0.06530287400840362 23053.393324978617
  8082502975.897739]]
[['ICA' 'HousePrice' 20 None 92672.43272545894 60063.83197321263
  0.3158996249166668 -0.0655383188376153 23042.82130046807
  8084896174.366556]]
[['ICA' 'HousePrice' 29 None 92675.63677688836 60070.17730656459
  0.3159587251532785 -0.0656119998340361 23033.22377403777
  8085935815.589136]]
[['ICA' 'HousePrice' 38 None 92677.03637437262 60073.64849668662
  0.3159914401430355 -0.06564418605228894 23028.10623057206
  8086432657.094569]]
[['ICA' 'HousePrice' 47 None 92677.84050007047 60075.52526969693
  0.3160080432009703 -0.06566267856404484 23025.992122365114
  8086679915.838097]]
[['ICA' 'HousePrice' 56 None 92678.5753247339 60076.69121534428
  0.316016493606336 -0.0656795774973673 23025.53424515061
  8086837746.765464]]
[['ICA' 'HousePrice' 65 None 92679.20826882224 60077.46156216872
  0.31602121734131006 -0.06569413356687037 23025.6315535929
  8086950974.477745]]
[['ICA' 'HousePrice' 74 None 92679.55692772001 60078.22175173983
  0.31602740096596293 -0.06570215185808825 23024.803438180894
  8087054089.669674]]
[['ICA' 'HousePrice' 83 None 92679.91492739087 60078.32036767863
  0.31602678083034696 -0.06571038499534332 23025.333330100235
  8087096190.88648]]
[['ICA' 'HousePrice' 92 None 92680.37805739671 60078.58225382331
  0.31602688680589797 -0.06572103592635448 23026.08690853872
  8087147509.190312]]
[['ICA' 'OnlineNewsPopularity' 2 None 7053.185773115175
  2195.9361363289486 0.6742630489757818 -0.0597134217299673
  1699.1526290954384 46866220.6284672]]
[['ICA' 'OnlineNewsPopularity' 4 None 7038.359227938376 2178.736837379604
  0.66251922784875 -0.05526284424697625 1680.0843095489722
  46721709.84406721]]
[['ICA' 'OnlineNewsPopularity' 6 None 7034.220233955693
  2172.5067117116623 0.6526813061216159 -0.05402208850452794
  1679.6494743036283 46664917.29038021]]
[['ICA' 'OnlineNewsPopularity' 8 None 7037.686790320471 2174.479685775838
  0.6516916774677247 -0.055061216420627446 1685.2818340580734
  46694749.60799335]]
[['ICA' 'OnlineNewsPopularity' 10 None 7040.165700698093
  2174.476102962245 0.6513609363696006 -0.055804603528559316
  1689.8424625292946 46714257.114940345]]
[['ICA' 'OnlineNewsPopularity' 12 None 7042.310901077387
  2173.041739668667 0.6475469117322527 -0.056448127445926755
  1691.3371148197205 46739416.334351584]]
[['ICA' 'OnlineNewsPopularity' 14 None 7041.481517078872
  2169.288151455507 0.6427913456502173 -0.05619930299364695
  1691.7391253136957 46726373.785213836]]
[['ICA' 'OnlineNewsPopularity' 16 None 7043.692487942762
  2171.6223942179054 0.6442894343755347 -0.05686268398844785
  1696.2214670789406 46742331.70989191]]
[['ICA' 'OnlineNewsPopularity' 18 None 7045.605582359221
  2172.826190543752 0.6436569251309091 -0.05743685802519405
  1700.861510650088 46753524.665978454]]
[['ICA' 'OnlineNewsPopularity' 20 None 7045.842278171064
  2173.4100274229036 0.6460944263949635 -0.057507908008589625
  1701.3715531892515 46755124.97090848]]
[['ICA' 'OnlineNewsPopularity' 22 None 7046.760208143896
  2174.5878930594045 0.6462517717150124 -0.0577834695097883
  1703.0625311507386 46762305.0756678]]
[['ICA' 'PremiumPrice' 2 None 5873.563926664608 4494.912673197016
  0.20131023315429006 -0.017661264285513623 1178.3765515576151
  33278253.892712086]]
[['ICA' 'PremiumPrice' 4 None 5918.863479058711 4532.723655746309
  0.20253331166970434 -0.03341911444469603 1240.3645541641527
  33664463.197911754]]
[['ICA' 'WineQuality' 2 None 0.8051502786088038 0.6015653496795054
  0.10768111145793055 0.09274893611231794 0.0025573533907730676
  0.648922597002778]]
[['ICA' 'WineQuality' 4 None 0.7249447020079288 0.5385989219724022
  0.09449292184046802 0.26449885746326685 0.06025546544790565
  0.522447209250215]]
----------svd----------
Index(['dr_name', 'dataset_name', 'n_components', 'n_neighbors',
       'fit_transform_time'],
      dtype='object')
SVD,Admission,2,None,0.007804155349731445
SVD,BankHappiness,2,None,0.03700995445251465
SVD,BankHappiness,4,None,0.04182887077331543
SVD,BankHappiness,6,None,0.03318309783935547
SVD,BankHappiness,8,None,0.039948225021362305
SVD,Credit,2,None,0.0069997310638427734
SVD,Credit,4,None,0.0070378780364990234
SVD,Credit,6,None,0.005037546157836914
SVD,Credit,8,None,0.003947257995605469
SVD,Credit,10,None,0.013102531433105469
SVD,Facebook,2,None,0.0054552555084228516
SVD,Facebook,4,None,0.00757598876953125
SVD,Facebook,6,None,0.007675886154174805
SVD,Facebook,8,None,0.004137277603149414
SVD,ForestFires,2,None,0.0015347003936767578
SVD,ForestFires,4,None,0.0016162395477294922
SVD,HousePrice,2,None,0.056398868560791016
SVD,HousePrice,11,None,0.052284955978393555
SVD,HousePrice,20,None,0.053231239318847656
SVD,HousePrice,29,None,0.04433798789978027
SVD,HousePrice,38,None,0.5331814289093018
SVD,HousePrice,47,None,0.9110615253448486
SVD,HousePrice,56,None,0.7307069301605225
SVD,HousePrice,65,None,1.2615907192230225
SVD,HousePrice,74,None,0.7854282855987549
SVD,HousePrice,83,None,1.302851915359497
SVD,HousePrice,92,None,0.3535771369934082
SVD,OnlineNewsPopularity,2,None,0.1106112003326416
SVD,OnlineNewsPopularity,4,None,0.13799095153808594
SVD,OnlineNewsPopularity,6,None,0.12134408950805664
SVD,OnlineNewsPopularity,8,None,0.16463041305541992
SVD,OnlineNewsPopularity,10,None,0.1481621265411377
SVD,OnlineNewsPopularity,12,None,0.16797995567321777
SVD,OnlineNewsPopularity,14,None,0.2426602840423584
SVD,OnlineNewsPopularity,16,None,0.23535394668579102
SVD,OnlineNewsPopularity,18,None,0.2631649971008301
SVD,OnlineNewsPopularity,20,None,0.28128576278686523
SVD,OnlineNewsPopularity,22,None,0.22897553443908691
SVD,PremiumPrice,2,None,0.010784149169921875
SVD,PremiumPrice,4,None,0.007869243621826172
SVD,WineQuality,2,None,0.011740922927856445
SVD,WineQuality,4,None,0.013408899307250977
Index(['dr_name', 'dataset_name', 'n_components', 'n_neighbors',
       'transform_time'],
      dtype='object')
SVD,Admission,2,None,0.0008070468902587891
SVD,BankHappiness,2,None,0.00086212158203125
SVD,BankHappiness,4,None,0.00083160400390625
SVD,BankHappiness,6,None,0.001165628433227539
SVD,BankHappiness,8,None,0.0009343624114990234
SVD,Credit,2,None,0.0007474422454833984
SVD,Credit,4,None,0.0007257461547851562
SVD,Credit,6,None,0.0007228851318359375
SVD,Credit,8,None,0.0007178783416748047
SVD,Credit,10,None,0.0007677078247070312
SVD,Facebook,2,None,0.0007617473602294922
SVD,Facebook,4,None,0.0007455348968505859
SVD,Facebook,6,None,0.0007445812225341797
SVD,Facebook,8,None,0.0007472038269042969
SVD,ForestFires,2,None,0.0006542205810546875
SVD,ForestFires,4,None,0.0006799697875976562
SVD,HousePrice,2,None,0.0018420219421386719
SVD,HousePrice,11,None,0.008167505264282227
SVD,HousePrice,20,None,0.004948616027832031
SVD,HousePrice,29,None,0.004709482192993164
SVD,HousePrice,38,None,0.004571199417114258
SVD,HousePrice,47,None,0.0045299530029296875
SVD,HousePrice,56,None,0.004660844802856445
SVD,HousePrice,65,None,0.004725456237792969
SVD,HousePrice,74,None,0.004626035690307617
SVD,HousePrice,83,None,0.0047092437744140625
SVD,HousePrice,92,None,0.004613399505615234
SVD,OnlineNewsPopularity,2,None,0.004279136657714844
SVD,OnlineNewsPopularity,4,None,0.0044231414794921875
SVD,OnlineNewsPopularity,6,None,0.004528999328613281
SVD,OnlineNewsPopularity,8,None,0.0048673152923583984
SVD,OnlineNewsPopularity,10,None,0.004720449447631836
SVD,OnlineNewsPopularity,12,None,0.00482177734375
SVD,OnlineNewsPopularity,14,None,0.005032062530517578
SVD,OnlineNewsPopularity,16,None,0.004916667938232422
SVD,OnlineNewsPopularity,18,None,0.005049943923950195
SVD,OnlineNewsPopularity,20,None,0.004855632781982422
SVD,OnlineNewsPopularity,22,None,0.004838466644287109
SVD,PremiumPrice,2,None,0.0006535053253173828
SVD,PremiumPrice,4,None,0.0006396770477294922
SVD,WineQuality,2,None,0.0006666183471679688
SVD,WineQuality,4,None,0.0006616115570068359
Index(['dr_name', 'dataset_name', 'n_components', 'n_neighbors', 'RMSE', 'MAE',
       'MAE_percentage', 'R2', 'residuals_mean', 'residuals_var'],
      dtype='object')
[['SVD' 'Admission' 2 None 0.07539297620562256 0.05815507096385408
  0.09086976944224087 0.7512698939919275 0.008690409245175364
  0.005679572302068802]]
[['SVD' 'BankHappiness' 2 None 0.3101754847889835 0.17404759731863206
  411273028652268.6 -0.0006709013728194435 -0.008594317008196038
  0.09617453079491403]]
[['SVD' 'BankHappiness' 4 None 0.30691612428588433 0.17238773532303459
  406456877874606.4 0.020248939237659025 -0.008115378410422697
  0.09417038528361948]]
[['SVD' 'BankHappiness' 6 None 0.3049487944699033 0.1700982950300641
  397814793309945.1 0.03276907561003628 -0.006563639048982381
  0.09298893720214832]]
[['SVD' 'BankHappiness' 8 None 0.30209292560982337 0.1668640500095645
  388856818722899.06 0.05080062860088097 -0.0056872219222899
  0.09126533351121847]]
[['SVD' 'Credit' 2 None 9105.027877605431 6110.640922113173
  1.2052133485162493 5.4686856077346135e-05 -303.63005029346294
  92010379.38281205]]
[['SVD' 'Credit' 4 None 9105.134924924483 6110.986598222704
  1.205319320106664 3.117411220632249e-05 -303.9047880191938
  92012359.86766513]]
[['SVD' 'Credit' 6 None 9105.16463920065 6111.086490783458
  1.2053502531807134 2.4647377879327692e-05 -303.9852039738045
  92012906.78079435]]
[['SVD' 'Credit' 8 None 9105.178635229715 6111.133993721437
  1.2053650052019576 2.157314574624536e-05 -304.02356862415616
  92013164.0546274]]
[['SVD' 'Credit' 10 None 9105.186786800148 6111.16176330596
  1.2053736404656266 1.9782648589594665e-05 -304.0460262967452
  92013313.81823689]]
[['SVD' 'Facebook' 2 None 259.6452338867197 133.77694084569868
  1.5822742093921547 -0.08760983544012846 73.96727944916631
  62570.19096058417]]
[['SVD' 'Facebook' 4 None 259.6709107621966 133.80231625836657
  1.5826712610139386 -0.08782495822706338 73.97344684032261
  62582.73844306129]]
[['SVD' 'Facebook' 6 None 259.6760084134788 133.8076138593503
  1.5827492271832775 -0.08786766926241008 73.9737520152965
  62585.36702862276]]
[['SVD' 'Facebook' 8 None 259.6774335682569 133.809995129691
  1.5828191416022404 -0.08787961017347601 73.97164119762051
  62586.43010416868]]
[['SVD' 'ForestFires' 2 None 11.337853918690366 4.911016946012477
  2784892725645774.0 -0.13466005746623533 3.5695549551653656
  116.92953132015683]]
[['SVD' 'ForestFires' 4 None 11.385995555544595 4.866570470453946
  2399747306234615.5 -0.14431626984805845 3.70637404475059
  117.02896473838025]]
[['SVD' 'HousePrice' 2 None 92555.66635881757 59877.61171357594
  0.31444824274642863 -0.06285487456060057 23169.771722936843
  8057306569.079285]]
[['SVD' 'HousePrice' 11 None 92622.59021245122 59993.1377653201
  0.3153530563611709 -0.06439245865078536 23087.985862944417
  8073538229.983485]]
[['SVD' 'HousePrice' 20 None 92636.17952797636 60012.73420148177
  0.3155044510324275 -0.06470481065939704 23075.473430900125
  8076644023.285059]]
[['SVD' 'HousePrice' 29 None 92641.32646377584 60020.45392851144
  0.31556723580160173 -0.06482312554607161 23068.651975358796
  8077916763.51285]]
[['SVD' 'HousePrice' 38 None 92644.00441588194 60024.63266526146
  0.3156009020197761 -0.06488468741386577 23065.466168605035
  8078562133.310611]]
[['SVD' 'HousePrice' 47 None 92645.43076827774 60027.34529289297
  0.3156243804479484 -0.06491747771750744 23062.526110297975
  8078963414.578207]]
[['SVD' 'HousePrice' 56 None 92646.63020891637 60029.2405289136
  0.3156394643148404 -0.06494505195527234 23061.10696412552
  8079252106.2536125]]
[['SVD' 'HousePrice' 65 None 92647.46838975722 60030.56878617762
  0.3156500871996011 -0.06496432131401497 23060.107143592104
  8079454221.32879]]
[['SVD' 'HousePrice' 74 None 92648.14179231286 60031.60928656569
  0.3156584963007796 -0.06497980262860192 23059.29461223967
  8079617030.893119]]
[['SVD' 'HousePrice' 83 None 92648.62161742033 60032.342787395
  0.31566447429944566 -0.06499083372672465 23058.6829465871
  8079734552.185552]]
[['SVD' 'HousePrice' 92 None 92649.02213834655 60032.871257052706
  0.31566853105709236 -0.06500004167887097 23058.39158810798
  8079822505.580412]]
[['SVD' 'OnlineNewsPopularity' 2 None 7052.862367298133
  2195.8414832424314 0.674149838320841 -0.05961624305389335
  1699.109299303286 46861805.33957296]]
[['SVD' 'OnlineNewsPopularity' 4 None 7036.879421331054 2182.016534305613
  0.6698356419755307 -0.05481915539333038 1678.817761651956
  46705133.33265081]]
[['SVD' 'OnlineNewsPopularity' 6 None 7033.481529066296 2175.37820011649
  0.659355364053928 -0.05380072199590624 1677.5701339565046
  46661505.78223383]]
[['SVD' 'OnlineNewsPopularity' 8 None 7033.976304086169
  2173.0892736727637 0.6542675054768737 -0.053948987861090814
  1679.0186917620988 46663604.06065255]]
[['SVD' 'OnlineNewsPopularity' 10 None 7037.536391204381
  2173.702055158697 0.6522228962773705 -0.05501612246190013
  1684.702314204037 46694585.658912644]]
[['SVD' 'OnlineNewsPopularity' 12 None 7038.701461043564
  2172.3513955138374 0.6492583265134912 -0.05536546892084071
  1687.874224076524 46700288.669525735]]
[['SVD' 'OnlineNewsPopularity' 14 None 7038.269588555564
  2168.367423181884 0.6431425033243098 -0.05523596511090534
  1688.63986890604 46691622.909538284]]
[['SVD' 'OnlineNewsPopularity' 16 None 7039.1675263295465
  2169.380860289411 0.6436871285167142 -0.05550523489792858
  1689.7500057323484 46700514.21843688]]
[['SVD' 'OnlineNewsPopularity' 18 None 7040.42001901308
  2170.1683246844773 0.6438251459281548 -0.05588088448811712
  1692.762305041393 46707960.5984603]]
[['SVD' 'OnlineNewsPopularity' 20 None 7040.722651702235
  2170.6327982719977 0.6445481164985846 -0.05597166058910097
  1693.2204131756544 46710671.208167665]]
[['SVD' 'OnlineNewsPopularity' 22 None 7041.034659372443
  2170.6859669941655 0.6447547635124059 -0.05606525284493569
  1694.159142085565 46711885.14644243]]
[['SVD' 'PremiumPrice' 2 None 5959.6697047723355 4565.328486177152
  0.20356160185050906 -0.04771756859334553 1294.5185167706122
  34013671.016976655]]
[['SVD' 'PremiumPrice' 4 None 5960.269245271848 4564.935382545098
  0.20349144283779205 -0.04792837917222692 1301.283956713463
  34003202.88805306]]
[['SVD' 'WineQuality' 2 None 0.7991392187689169 0.5995921357036043
  0.10740786727972304 0.10624500799715408 -0.0025435710151249192
  0.6392693368709542]]
[['SVD' 'WineQuality' 4 None 0.7230702089316055 0.5392048481643326
  0.09473122067013733 0.26829751783121236 0.05422158993418996
  0.5204215886668192]]
----------lpp----------
Index(['dr_name', 'dataset_name', 'n_components', 'n_neighbors',
       'fit_transform_time'],
      dtype='object')
LPP,Admission,2,5,0.02294635772705078
LPP,Admission,2,6,0.005311489105224609
LPP,Admission,2,17,0.005040645599365234
LPP,BankHappiness,2,8,0.889371395111084
LPP,BankHappiness,2,19,0.8223876953125
LPP,BankHappiness,2,87,0.8440022468566895
LPP,BankHappiness,4,8,0.7172584533691406
LPP,BankHappiness,4,19,0.7927529811859131
LPP,BankHappiness,4,87,0.868316650390625
LPP,BankHappiness,6,8,0.7170073986053467
LPP,BankHappiness,6,19,0.785139799118042
LPP,BankHappiness,6,87,0.8828103542327881
LPP,BankHappiness,8,8,0.7178463935852051
LPP,BankHappiness,8,19,0.7783019542694092
LPP,BankHappiness,8,87,0.875399112701416
LPP,Credit,2,3,0.05934333801269531
LPP,Credit,2,3,0.014087438583374023
LPP,Credit,2,6,0.0028586387634277344
LPP,Credit,4,3,0.002491474151611328
LPP,Credit,4,3,0.0030281543731689453
LPP,Credit,4,6,0.0022923946380615234
LPP,Credit,6,3,0.0025386810302734375
LPP,Credit,6,3,0.002343893051147461
LPP,Credit,6,6,0.0023267269134521484
LPP,Credit,8,3,0.002568483352661133
LPP,Credit,8,3,0.0023224353790283203
LPP,Credit,8,6,0.002323150634765625
LPP,Credit,10,3,0.002357959747314453
LPP,Credit,10,3,0.0023763179779052734
LPP,Credit,10,6,0.0023424625396728516
LPP,Facebook,2,5,0.0059452056884765625
LPP,Facebook,2,7,0.07521390914916992
LPP,Facebook,2,20,0.07408928871154785
LPP,Facebook,4,5,0.07976913452148438
LPP,Facebook,4,7,0.06250619888305664
LPP,Facebook,4,20,0.08687090873718262
LPP,Facebook,6,5,0.07230067253112793
LPP,Facebook,6,7,0.07515954971313477
LPP,Facebook,6,20,0.0744013786315918
LPP,Facebook,8,5,0.08797621726989746
LPP,Facebook,8,7,0.0747528076171875
LPP,Facebook,8,20,0.0824589729309082
LPP,ForestFires,2,6,0.020740747451782227
LPP,ForestFires,2,7,0.019400835037231445
LPP,ForestFires,2,20,0.010901212692260742
LPP,ForestFires,4,6,0.00809025764465332
LPP,ForestFires,4,7,0.00808405876159668
LPP,ForestFires,4,20,0.008475780487060547
LPP,HousePrice,2,7,0.23519039154052734
LPP,HousePrice,2,10,0.1478123664855957
LPP,HousePrice,2,34,0.1901092529296875
LPP,HousePrice,11,7,0.14597058296203613
LPP,HousePrice,11,10,0.15339994430541992
LPP,HousePrice,11,34,0.18359613418579102
LPP,HousePrice,20,7,0.18181276321411133
LPP,HousePrice,20,10,0.21205949783325195
LPP,HousePrice,20,34,0.1765727996826172
LPP,HousePrice,29,7,0.21545696258544922
LPP,HousePrice,29,10,0.15602707862854004
LPP,HousePrice,29,34,0.17316746711730957
LPP,HousePrice,38,7,0.1808474063873291
LPP,HousePrice,38,10,0.15198087692260742
LPP,HousePrice,38,34,0.1993708610534668
LPP,HousePrice,47,7,0.20696187019348145
LPP,HousePrice,47,10,0.1990349292755127
LPP,HousePrice,47,34,0.13779115676879883
LPP,HousePrice,56,7,0.17033052444458008
LPP,HousePrice,56,10,0.16559624671936035
LPP,HousePrice,56,34,0.16124320030212402
LPP,HousePrice,65,7,0.1475377082824707
LPP,HousePrice,65,10,0.15866756439208984
LPP,HousePrice,65,34,0.1658329963684082
LPP,HousePrice,74,7,0.16710615158081055
LPP,HousePrice,74,10,0.19080305099487305
LPP,HousePrice,74,34,0.18592548370361328
LPP,HousePrice,83,7,0.1821279525756836
LPP,HousePrice,83,10,0.17470335960388184
LPP,HousePrice,83,34,0.17604637145996094
LPP,HousePrice,92,7,0.14495563507080078
LPP,HousePrice,92,10,0.22150492668151855
LPP,HousePrice,92,34,0.17951464653015137
LPP,OnlineNewsPopularity,2,10,22.746824979782104
LPP,OnlineNewsPopularity,2,31,22.254265785217285
LPP,OnlineNewsPopularity,2,178,23.125759840011597
LPP,OnlineNewsPopularity,4,10,21.866530895233154
LPP,OnlineNewsPopularity,4,31,22.96811532974243
LPP,OnlineNewsPopularity,4,178,22.16635513305664
LPP,OnlineNewsPopularity,6,10,22.01026177406311
LPP,OnlineNewsPopularity,6,31,21.857210159301758
LPP,OnlineNewsPopularity,6,178,22.694101572036743
LPP,OnlineNewsPopularity,8,10,21.361326694488525
LPP,OnlineNewsPopularity,8,31,21.17101812362671
LPP,OnlineNewsPopularity,8,178,22.21890425682068
LPP,OnlineNewsPopularity,10,10,20.779761791229248
LPP,OnlineNewsPopularity,10,31,21.244359970092773
LPP,OnlineNewsPopularity,10,178,22.715570211410522
LPP,OnlineNewsPopularity,12,10,20.45081877708435
LPP,OnlineNewsPopularity,12,31,21.263869285583496
LPP,OnlineNewsPopularity,12,178,22.012940645217896
LPP,OnlineNewsPopularity,14,10,20.836858987808228
LPP,OnlineNewsPopularity,14,31,20.847858667373657
LPP,OnlineNewsPopularity,14,178,22.637802124023438
LPP,OnlineNewsPopularity,16,10,20.322989463806152
LPP,OnlineNewsPopularity,16,31,20.791957139968872
LPP,OnlineNewsPopularity,16,178,22.644185304641724
LPP,OnlineNewsPopularity,18,10,20.960249185562134
LPP,OnlineNewsPopularity,18,31,21.681358337402344
LPP,OnlineNewsPopularity,18,178,21.35827660560608
LPP,OnlineNewsPopularity,20,10,19.5485417842865
LPP,OnlineNewsPopularity,20,31,20.847386121749878
LPP,OnlineNewsPopularity,20,178,21.739018201828003
LPP,OnlineNewsPopularity,22,10,19.867900133132935
LPP,OnlineNewsPopularity,22,31,20.161717176437378
LPP,OnlineNewsPopularity,22,178,21.597588539123535
LPP,PremiumPrice,2,6,0.03672456741333008
LPP,PremiumPrice,2,9,0.01978135108947754
LPP,PremiumPrice,2,28,0.022675514221191406
LPP,PremiumPrice,4,6,0.019724607467651367
LPP,PremiumPrice,4,9,0.12340497970581055
LPP,PremiumPrice,4,28,0.04875659942626953
LPP,WineQuality,2,8,0.3451573848724365
LPP,WineQuality,2,15,0.3680729866027832
LPP,WineQuality,2,62,0.48003125190734863
LPP,WineQuality,4,8,0.3301122188568115
LPP,WineQuality,4,15,0.36232757568359375
LPP,WineQuality,4,62,0.45181822776794434
Index(['dr_name', 'dataset_name', 'n_components', 'n_neighbors',
       'transform_time'],
      dtype='object')
LPP,Admission,2,5,0.002696514129638672
LPP,Admission,2,6,0.0007853507995605469
LPP,Admission,2,17,0.0008118152618408203
LPP,BankHappiness,2,8,0.010026693344116211
LPP,BankHappiness,2,19,0.00112152099609375
LPP,BankHappiness,2,87,0.0012764930725097656
LPP,BankHappiness,4,8,0.0017464160919189453
LPP,BankHappiness,4,19,0.0014276504516601562
LPP,BankHappiness,4,87,0.001247406005859375
LPP,BankHappiness,6,8,0.002957582473754883
LPP,BankHappiness,6,19,0.0055310726165771484
LPP,BankHappiness,6,87,0.0014545917510986328
LPP,BankHappiness,8,8,0.0011734962463378906
LPP,BankHappiness,8,19,0.001886606216430664
LPP,BankHappiness,8,87,0.0020608901977539062
LPP,Credit,2,3,0.0016522407531738281
LPP,Credit,2,3,0.0006821155548095703
LPP,Credit,2,6,0.0007491111755371094
LPP,Credit,4,3,0.0009481906890869141
LPP,Credit,4,3,0.0006766319274902344
LPP,Credit,4,6,0.0015037059783935547
LPP,Credit,6,3,0.0014510154724121094
LPP,Credit,6,3,0.0021514892578125
LPP,Credit,6,6,0.0016438961029052734
LPP,Credit,8,3,0.0015480518341064453
LPP,Credit,8,3,0.0014734268188476562
LPP,Credit,8,6,0.0015485286712646484
LPP,Credit,10,3,0.0016145706176757812
LPP,Credit,10,3,0.0006878376007080078
LPP,Credit,10,6,0.0015349388122558594
LPP,Facebook,2,5,0.0028104782104492188
LPP,Facebook,2,7,0.0014541149139404297
LPP,Facebook,2,20,0.0006914138793945312
LPP,Facebook,4,5,0.0007033348083496094
LPP,Facebook,4,7,0.009913921356201172
LPP,Facebook,4,20,0.0008053779602050781
LPP,Facebook,6,5,0.0007052421569824219
LPP,Facebook,6,7,0.0008904933929443359
LPP,Facebook,6,20,0.0007719993591308594
LPP,Facebook,8,5,0.0011157989501953125
LPP,Facebook,8,7,0.0008211135864257812
LPP,Facebook,8,20,0.0008230209350585938
LPP,ForestFires,2,6,0.001722097396850586
LPP,ForestFires,2,7,0.0006539821624755859
LPP,ForestFires,2,20,0.0006651878356933594
LPP,ForestFires,4,6,0.000652313232421875
LPP,ForestFires,4,7,0.0005710124969482422
LPP,ForestFires,4,20,0.0006539821624755859
LPP,HousePrice,2,7,0.008544683456420898
LPP,HousePrice,2,10,0.0018274784088134766
LPP,HousePrice,2,34,0.0023107528686523438
LPP,HousePrice,11,7,0.01232600212097168
LPP,HousePrice,11,10,0.02302241325378418
LPP,HousePrice,11,34,0.021606922149658203
LPP,HousePrice,20,7,0.021579504013061523
LPP,HousePrice,20,10,0.019045591354370117
LPP,HousePrice,20,34,0.02666640281677246
LPP,HousePrice,29,7,0.030836105346679688
LPP,HousePrice,29,10,0.023207902908325195
LPP,HousePrice,29,34,0.025321245193481445
LPP,HousePrice,38,7,0.026255130767822266
LPP,HousePrice,38,10,0.02486109733581543
LPP,HousePrice,38,34,0.022846221923828125
LPP,HousePrice,47,7,0.022866487503051758
LPP,HousePrice,47,10,0.03092479705810547
LPP,HousePrice,47,34,0.02277398109436035
LPP,HousePrice,56,7,0.02957916259765625
LPP,HousePrice,56,10,0.02300548553466797
LPP,HousePrice,56,34,0.03584551811218262
LPP,HousePrice,65,7,0.02641010284423828
LPP,HousePrice,65,10,0.023136615753173828
LPP,HousePrice,65,34,0.030737638473510742
LPP,HousePrice,74,7,0.019153833389282227
LPP,HousePrice,74,10,0.018450498580932617
LPP,HousePrice,74,34,0.03371763229370117
LPP,HousePrice,83,7,0.03095412254333496
LPP,HousePrice,83,10,0.03482937812805176
LPP,HousePrice,83,34,0.023850679397583008
LPP,HousePrice,92,7,0.02759838104248047
LPP,HousePrice,92,10,0.022081613540649414
LPP,HousePrice,92,34,0.030419588088989258
LPP,OnlineNewsPopularity,2,10,0.04131889343261719
LPP,OnlineNewsPopularity,2,31,0.0021886825561523438
LPP,OnlineNewsPopularity,2,178,0.0021343231201171875
LPP,OnlineNewsPopularity,4,10,0.019054174423217773
LPP,OnlineNewsPopularity,4,31,0.0018584728240966797
LPP,OnlineNewsPopularity,4,178,0.012525558471679688
LPP,OnlineNewsPopularity,6,10,0.0019991397857666016
LPP,OnlineNewsPopularity,6,31,0.0021457672119140625
LPP,OnlineNewsPopularity,6,178,0.009415626525878906
LPP,OnlineNewsPopularity,8,10,0.0021393299102783203
LPP,OnlineNewsPopularity,8,31,0.01162576675415039
LPP,OnlineNewsPopularity,8,178,0.0071947574615478516
LPP,OnlineNewsPopularity,10,10,0.011206865310668945
LPP,OnlineNewsPopularity,10,31,0.0027060508728027344
LPP,OnlineNewsPopularity,10,178,0.0021941661834716797
LPP,OnlineNewsPopularity,12,10,0.0024814605712890625
LPP,OnlineNewsPopularity,12,31,0.0023212432861328125
LPP,OnlineNewsPopularity,12,178,0.01382756233215332
LPP,OnlineNewsPopularity,14,10,0.0069158077239990234
LPP,OnlineNewsPopularity,14,31,0.008467674255371094
LPP,OnlineNewsPopularity,14,178,0.0023756027221679688
LPP,OnlineNewsPopularity,16,10,0.002484560012817383
LPP,OnlineNewsPopularity,16,31,0.007536649703979492
LPP,OnlineNewsPopularity,16,178,0.00237274169921875
LPP,OnlineNewsPopularity,18,10,0.02473139762878418
LPP,OnlineNewsPopularity,18,31,0.018054485321044922
LPP,OnlineNewsPopularity,18,178,0.027384281158447266
LPP,OnlineNewsPopularity,20,10,0.03397655487060547
LPP,OnlineNewsPopularity,20,31,0.027592897415161133
LPP,OnlineNewsPopularity,20,178,0.025193214416503906
LPP,OnlineNewsPopularity,22,10,0.02569580078125
LPP,OnlineNewsPopularity,22,31,0.024773836135864258
LPP,OnlineNewsPopularity,22,178,0.019932985305786133
LPP,PremiumPrice,2,6,0.001322031021118164
LPP,PremiumPrice,2,9,0.0006093978881835938
LPP,PremiumPrice,2,28,0.0006103515625
LPP,PremiumPrice,4,6,0.0007715225219726562
LPP,PremiumPrice,4,9,0.0010008811950683594
LPP,PremiumPrice,4,28,0.0007557868957519531
LPP,WineQuality,2,8,0.0024487972259521484
LPP,WineQuality,2,15,0.0016961097717285156
LPP,WineQuality,2,62,0.0024788379669189453
LPP,WineQuality,4,8,0.0018334388732910156
LPP,WineQuality,4,15,0.0006368160247802734
LPP,WineQuality,4,62,0.0006322860717773438
Index(['dr_name', 'dataset_name', 'n_components', 'n_neighbors', 'RMSE', 'MAE',
       'MAE_percentage', 'R2', 'residuals_mean', 'residuals_var'],
      dtype='object')
[['LPP' 'Admission' 2 5 0.07490654022985166 0.05945728399932254
  0.09072337699012005 0.7544691563012442 0.014936276269486126
  0.0054560986535776915]]
[['LPP' 'Admission' 2 6 0.07588535032559006 0.05980603649872478
  0.09139425984074809 0.7480104876327027 0.013815909465388207
  0.005638184343981498]]
[['LPP' 'Admission' 2 17 0.0755984086975257 0.06008293700059233
  0.09232379919982978 0.7499125563848841 0.0136201439098459
  0.005599606154403257]]
[['LPP' 'BankHappiness' 2 8 0.3101894759492164 0.17402282796003138
  411128995306579.7 -0.0007611784151468903 -0.008555122712117629
  0.09618388642917214]]
[['LPP' 'BankHappiness' 2 19 0.31018386972388756 0.1738198450581335
  410118487681494.75 -0.0007250041255539852 -0.008309350081244078
  0.09618455357668836]]
[['LPP' 'BankHappiness' 2 87 0.310184424434751 0.1738386765769386
  410212217434073.9 -0.0007285833801942143 -0.008332142934201326
  0.09618451838013896]]
[['LPP' 'BankHappiness' 4 8 0.3064671643674096 0.17309966973780622
  411361060994811.4 0.02311322168665142 -0.0095813388024629
  0.09386893408288667]]
[['LPP' 'BankHappiness' 4 19 0.30651931868475696 0.17311586248154798
  411361267469241.0 0.02278070189863113 -0.009565237751787478
  0.09390122553765094]]
[['LPP' 'BankHappiness' 4 87 0.3065307124328536 0.1730977778457124
  411292712241609.7 0.02270805135574061 -0.009552877750753213
  0.09390844974690624]]
[['LPP' 'BankHappiness' 6 8 0.3064553495314812 0.17299509455523815
  410624684620503.06 0.02318854156343475 -0.009358897182812138
  0.09386590435442829]]
[['LPP' 'BankHappiness' 6 19 0.30645455617973655 0.17298105616800208
  410688826935870.25 0.023193599096760775 -0.009401420480197613
  0.0938646198223217]]
[['LPP' 'BankHappiness' 6 87 0.30631150391410084 0.17293550748181274
  410930189812637.75 0.02410532810898991 -0.009554155815617775
  0.0937740297983069]]
[['LPP' 'BankHappiness' 8 8 0.3045830082908669 0.1723035227202806
  409894714022683.9 0.0350880715795896 -0.009680827333458136
  0.09271522924203333]]
[['LPP' 'BankHappiness' 8 19 0.3048717580897659 0.17230630041545744
  409487430862562.06 0.03325769900445452 -0.009508166931249472
  0.09289459614590874]]
[['LPP' 'BankHappiness' 8 87 0.30514743398829175 0.17225310703503388
  408772627786787.56 0.03150858293709902 -0.00924669092645161
  0.09306773890295966]]
[['LPP' 'Credit' 2 3 9104.937734879084 6111.495015801163
  1.205564808969519 7.448632330375737e-05 -305.0056189342784
  92007625.2538262]]
[['LPP' 'Credit' 2 6 9110.402820347737 6116.17 1.2065679717468742
  -0.0011262508138998317 -305.57000000000005 92117851.69344443]]
[['LPP' 'Credit' 4 3 9108.441505582485 6114.569771875699
  1.2061176168278975 -0.0006952463062632752 -306.2037584106649
  92077717.68772542]]
[['LPP' 'Credit' 4 6 9106.279716598809 6112.13207205212
  1.2054467326173293 -0.00022029452855010234 -304.5799378449863
  92035068.15377912]]
[['LPP' 'Credit' 6 3 9108.868998299598 6115.480893135567
  1.2064216961721361 -0.0007891811398930137 -306.6565833369674
  92086062.40897734]]
[['LPP' 'Credit' 6 6 9109.01133828263 6114.042347458725
  1.2059381385226697 -0.0008204591016474083 -304.52579254530303
  92090390.6695957]]
[['LPP' 'Credit' 8 3 9109.45982772457 6114.84963688277 1.2061466220450545
  -0.0009190139156534105 -304.98686910866144 92099157.06955452]]
[['LPP' 'Credit' 8 6 9109.466331834166 6114.577226136111
  1.2060103563611608 -0.0009204432186882272 -304.66120912251824
  92099509.33164024]]
[['LPP' 'Credit' 10 3 9109.88354718563 6115.167464760785
  1.2062012307947603 -0.0010121300249967824 -304.91866417386734
  92107780.94613542]]
[['LPP' 'Credit' 10 6 9110.03710019098 6115.4950003428185
  1.206307458934635 -0.0010458757288998033 -305.25514448423894
  92110661.40402447]]
[['LPP' 'Facebook' 2 5 255.87984135466925 132.06674741753986
  1.5869541456068337 -0.056293389580277964 68.93787974125438
  61335.41610956673]]
[['LPP' 'Facebook' 2 7 248.51472507061266 131.77907049280168
  1.6692014779915914 0.0036391145447675077 64.30236478143519
  58206.84288933073]]
[['LPP' 'Facebook' 2 20 248.56229135319813 130.32518991631517
  1.5761773094222875 0.0032576665721963938 66.4334875371768
  57949.297390302956]]
[['LPP' 'Facebook' 4 5 249.75198365978702 126.36025077186196
  1.3893177251906312 -0.00630657193838946 69.70145471877872
  58098.74803240865]]
[['LPP' 'Facebook' 4 7 250.32873776241365 126.39028371219223
  1.380004103424695 -0.010959680886533985 71.09833635396144
  58191.41769436587]]
[['LPP' 'Facebook' 4 20 249.9365826157914 126.01828467603255
  1.358335051426059 -0.007794702613855398 70.71589007233555
  58048.03860700775]]
[['LPP' 'Facebook' 6 5 251.30800193945444 127.47963454905376
  1.4416522113998438 -0.018884723763707312 69.70584063309988
  58885.664263064355]]
[['LPP' 'Facebook' 6 7 251.99454794780522 127.47755882773976
  1.4279789172425228 -0.024459291456023546 70.75669864431947
  59085.59777007641]]
[['LPP' 'Facebook' 6 20 252.70862534779363 127.95049722202009
  1.4265553364917236 -0.030273541969590534 70.87118069728317
  59433.25764822685]]
[['LPP' 'Facebook' 8 5 253.18932101477867 129.34850236686404
  1.4858642582928414 -0.034196787965685926 69.79324673816566
  59832.055541081]]
[['LPP' 'Facebook' 8 7 253.17884445164333 129.24173812320836
  1.4769554164760643 -0.0341112029675803 70.02946018509645
  59793.33533742769]]
[['LPP' 'Facebook' 8 20 253.85545497570206 129.9022894429533
  1.4858016210004823 -0.039645831836130796 70.02514268907328
  60140.47617403598]]
[['LPP' 'ForestFires' 2 6 11.30438051050003 4.957934842848355
  2975985135741389.5 -0.12797010134925046 3.5020317012801767
  116.6463926184249]]
[['LPP' 'ForestFires' 2 7 11.299525339110257 4.995622116834749
  3155102983771055.5 -0.1270013950856539 3.4332351526404135
  117.01733596786764]]
[['LPP' 'ForestFires' 2 20 11.316534428431869 4.974347422754129
  3053844259815314.0 -0.13039688197468347 3.4692374150839744
  117.15483199686591]]
[['LPP' 'ForestFires' 4 6 11.350414642250387 5.023057092950086
  3082866513961163.0 -0.13717553280984363 3.5093417073499373
  117.64766084014452]]
[['LPP' 'ForestFires' 4 7 11.358695406011313 5.004155697714011
  3019417600846340.5 -0.13883540467135536 3.5183108223042043
  117.77389154909481]]
[['LPP' 'ForestFires' 4 20 11.423933064531694 4.985155007749115
  2823219078757538.5 -0.15195457123353084 3.606889505877497
  118.63733839369219]]
[['LPP' 'HousePrice' 2 7 92680.72972560575 60082.66281703247
  0.31606512724026753 -0.0657291235264903 23020.939516476974
  8087450755.411858]]
[['LPP' 'HousePrice' 2 10 92679.17093955677 60082.54532350065
  0.316072627459719 -0.06569327508799572 23014.69769180875
  8087449159.896515]]
[['LPP' 'HousePrice' 2 34 92679.41238610126 60082.94954088723
  0.3160764953875307 -0.06569882775514424 23014.831237827006
  8087487899.696185]]
[['LPP' 'HousePrice' 11 7 92680.72884265905 60082.3117514695
  0.31606146281785463 -0.06572910322060777 23021.236621029453
  8087436864.836973]]
[['LPP' 'HousePrice' 11 10 92679.25606463283 60082.51865917781
  0.31607166427672956 -0.06569523275036637 23015.088099272438
  8087446960.643095]]
[['LPP' 'HousePrice' 11 34 92679.5246257109 60083.0487173946
  0.3160772359732828 -0.06570140899060473 23014.61655246164
  8087518691.611498]]
[['LPP' 'HousePrice' 20 7 92678.73167214068 60083.767123282974
  0.3160957100034755 -0.06568317307225291 23008.75342466781
  8087641974.220794]]
[['LPP' 'HousePrice' 20 10 92679.25509019644 60082.517967631415
  0.31607166270398895 -0.0656952103407733 23015.086774020336
  8087446840.613543]]
[['LPP' 'HousePrice' 20 34 92678.73167211731 60083.76712326475
  0.316095710003546 -0.06568317307171578 23008.75342456352
  8087641974.221264]]
[['LPP' 'HousePrice' 29 7 92678.73167214064 60083.767123283054
  0.31609571000347636 -0.06568317307225224 23008.753424667644
  8087641974.220794]]
[['LPP' 'HousePrice' 29 10 92679.25029911612 60082.504367526686
  0.3160714930335698 -0.06569510015794511 23015.1368752893
  8087443635.396669]]
[['LPP' 'HousePrice' 29 34 92678.73167211622 60083.76712326536
  0.31609571000355835 -0.06568317307169047 23008.753424559323
  8087641974.221253]]
[['LPP' 'HousePrice' 38 7 92678.73167214061 60083.76712328307
  0.3160957100034768 -0.06568317307225136 23008.7534246675
  8087641974.220794]]
[['LPP' 'HousePrice' 38 10 92679.18363296338 60082.57689832019
  0.3160728462033975 -0.06569356700426665 23014.64870102602
  8087453783.573695]]
[['LPP' 'HousePrice' 38 34 92678.73167212316 60083.76712326449
  0.316095710003499 -0.06568317307185012 23008.75342458742
  8087641974.221247]]
[['LPP' 'HousePrice' 47 7 92626.65642413261 59968.79031695868
  0.31503915825975837 -0.06448591619805266 23181.464559642558
  8069954009.985667]]
[['LPP' 'HousePrice' 47 10 92599.08379822283 59912.5219225971
  0.31457090805124 -0.06385226915500763 23240.708730920072
  8062069605.3704815]]
[['LPP' 'HousePrice' 47 34 92623.03360124661 59958.44223464936
  0.3149643778747602 -0.06440264927099082 23179.006689670947
  8069394916.475368]]
[['LPP' 'HousePrice' 56 7 92663.02698505615 60042.39729678007
  0.31569945296800506 -0.06532203729792374 23077.37713761877
  8081547767.933178]]
[['LPP' 'HousePrice' 56 10 92659.5424480185 60039.68833983447
  0.31568599137446335 -0.06524191722371309 23074.08927707165
  8081052046.485506]]
[['LPP' 'HousePrice' 56 34 92663.56623110405 60044.43725390916
  0.3157231310336427 -0.06533443646917036 23068.061136158303
  8082079416.2499075]]
[['LPP' 'HousePrice' 65 7 92672.34750013756 60060.715519281104
  0.31586753051815974 -0.06553635901415444 23050.050355052485
  8084545971.086642]]
[['LPP' 'HousePrice' 65 10 92671.39727078383 60059.78476772469
  0.3158640806043467 -0.0655145078630357 23048.674087397238
  8084432909.004315]]
[['LPP' 'HousePrice' 65 34 92672.03574148628 60061.36548674
  0.3158767880064806 -0.06552918989351864 23046.710842473447
  8084642459.525431]]
[['LPP' 'HousePrice' 74 7 92674.29865329174 60069.42444146238
  0.31595895381052186 -0.0655812277710186 23031.186653358694
  8085781103.393672]]
[['LPP' 'HousePrice' 74 10 92673.8185748823 60069.10175900956
  0.3159565516590423 -0.06557018779071422 23031.417763501508
  8085681133.867886]]
[['LPP' 'HousePrice' 74 34 92674.88105127872 60069.51527258856
  0.31595538145757895 -0.0655946207898177 23033.109094864867
  8085800561.104713]]
[['LPP' 'HousePrice' 83 7 92676.11377258091 60072.72709577112
  0.3159858596991174 -0.06562296913858257 23028.074508798698
  8086262528.297004]]
[['LPP' 'HousePrice' 83 10 92676.18111176479 60073.28378991002
  0.3159918229503923 -0.06562451771899269 23026.83812806943
  8086332189.742342]]
[['LPP' 'HousePrice' 83 34 92676.1359513435 60073.396457020106
  0.31599285674814126 -0.06562347917726918 23026.694809656336
  8086330413.389469]]
[['LPP' 'HousePrice' 92 7 92677.2973539236 60075.15541256191
  0.31600742902457896 -0.06565018779217269 23025.071647985777
  8086621429.437617]]
[['LPP' 'HousePrice' 92 10 92676.82033017343 60075.30543128989
  0.31601234989273014 -0.0656392177022973 23022.90625947695
  8086632761.692599]]
[['LPP' 'HousePrice' 92 34 92677.55445189978 60075.558372621614
  0.31600893758028353 -0.06565610028410851 23025.47241416755
  8086650728.633893]]
[['LPP' 'OnlineNewsPopularity' 2 10 7068.964981451007 2200.494181155501
  0.6575160432200271 -0.064460253526468 1740.3758431736849
  46947278.79183249]]
[['LPP' 'OnlineNewsPopularity' 2 31 7070.01283428961 2200.4531088409635
  0.6560425263434845 -0.06477585287388465 1743.8040232059527
  46950150.32618084]]
[['LPP' 'OnlineNewsPopularity' 2 178 7070.012834289613 2200.453108840962
  0.6560425263434765 -0.06477585287388576 1743.8040232059668
  46950150.32618084]]
[['LPP' 'OnlineNewsPopularity' 4 10 7062.933979945224 2198.582958186732
  0.6666701422238462 -0.06264470546612055 1713.708278459508
  46954162.16788523]]
[['LPP' 'OnlineNewsPopularity' 4 31 7062.796170591624 2198.624958368269
  0.6669944645248697 -0.06260323801032452 1713.3044184275782
  46953599.47263451]]
[['LPP' 'OnlineNewsPopularity' 4 178 7062.564509058995 2198.6564893719187
  0.6674709339574035 -0.06253353183401078 1712.7088059203388
  46952367.59089285]]
[['LPP' 'OnlineNewsPopularity' 6 10 7041.750327410483 2186.3101943345746
  0.663288157597059 -0.056279945882080185 1691.2391233654942
  46731851.69002075]]
[['LPP' 'OnlineNewsPopularity' 6 31 7046.464990830134 2184.2306662531514
  0.6668287556778618 -0.057694841702417454 1687.0038719689796
  46812590.77455113]]
[['LPP' 'OnlineNewsPopularity' 6 178 7045.074086770309 2183.865397122112
  0.6680338873381871 -0.05727732544264752 1684.5815108400695
  46801156.55093663]]
[['LPP' 'OnlineNewsPopularity' 8 10 7044.578259524372 2182.6557304046437
  0.662213441528843 -0.057128509844499575 1690.2558091098726
  46775017.387198836]]
[['LPP' 'OnlineNewsPopularity' 8 31 7045.024816244555 2184.0955135928893
  0.6651396344515762 -0.057262537116252954 1688.0078562660835
  46788905.123062335]]
[['LPP' 'OnlineNewsPopularity' 8 178 7042.24445262023 2181.161526674467
  0.6619502854352963 -0.056428191087553925 1682.7235425667322
  46767546.70041929]]
[['LPP' 'OnlineNewsPopularity' 10 10 7042.655697150928 2181.3070562244734
  0.6610631388806193 -0.05655157873870298 1686.011221555379
  46762263.05369911]]
/home/soyoung/.local/lib/python3.8/site-packages/umap/distances.py:1063: NumbaDeprecationWarning: [1mThe 'nopython' keyword argument was not supplied to the 'numba.jit' decorator. The implicit default value for this argument is currently False, but it will be changed to True in Numba 0.59.0. See https://numba.readthedocs.io/en/stable/reference/deprecation.html#deprecation-of-object-mode-fall-back-behaviour-when-using-jit for details.[0m
  @numba.jit()
/home/soyoung/.local/lib/python3.8/site-packages/umap/distances.py:1071: NumbaDeprecationWarning: [1mThe 'nopython' keyword argument was not supplied to the 'numba.jit' decorator. The implicit default value for this argument is currently False, but it will be changed to True in Numba 0.59.0. See https://numba.readthedocs.io/en/stable/reference/deprecation.html#deprecation-of-object-mode-fall-back-behaviour-when-using-jit for details.[0m
  @numba.jit()
/home/soyoung/.local/lib/python3.8/site-packages/umap/distances.py:1086: NumbaDeprecationWarning: [1mThe 'nopython' keyword argument was not supplied to the 'numba.jit' decorator. The implicit default value for this argument is currently False, but it will be changed to True in Numba 0.59.0. See https://numba.readthedocs.io/en/stable/reference/deprecation.html#deprecation-of-object-mode-fall-back-behaviour-when-using-jit for details.[0m
  @numba.jit()
/home/soyoung/.local/lib/python3.8/site-packages/umap/umap_.py:660: NumbaDeprecationWarning: [1mThe 'nopython' keyword argument was not supplied to the 'numba.jit' decorator. The implicit default value for this argument is currently False, but it will be changed to True in Numba 0.59.0. See https://numba.readthedocs.io/en/stable/reference/deprecation.html#deprecation-of-object-mode-fall-back-behaviour-when-using-jit for details.[0m
  @numba.jit()
[['LPP' 'OnlineNewsPopularity' 10 31 7045.251475680984 2177.1436685532512
  0.652343885562879 -0.05733056878172316 1689.2661504097564
  46787849.07985418]]
[['LPP' 'OnlineNewsPopularity' 10 178 7044.620399988058
  2176.5351362824385 0.6525489129385211 -0.05714115730675551
  1686.7890875905584 46787319.93836766]]
[['LPP' 'OnlineNewsPopularity' 12 10 7043.710751942094 2176.0462048879813
  0.6512385826542483 -0.05686816479681989 1688.5938824910409
  46768410.25661683]]
[['LPP' 'OnlineNewsPopularity' 12 31 7046.303719488854 2176.128504901792
  0.6495141039789699 -0.057646427663878175 1692.1939015317253
  46792777.37964434]]
[['LPP' 'OnlineNewsPopularity' 12 178 7038.144333087182 2166.324413590283
  0.6396024340427207 -0.055198406760150975 1688.6012949372157
  46689989.82935181]]
[['LPP' 'OnlineNewsPopularity' 14 10 7045.420984648506 2175.3981980207395
  0.6485240212625267 -0.05738144820590452 1693.0117693196416
  46777567.55436111]]
[['LPP' 'OnlineNewsPopularity' 14 31 7038.527533548789 2165.7635146292564
  0.6388626950797653 -0.05531331304941012 1688.898358054304
  46694381.23977576]]
[['LPP' 'OnlineNewsPopularity' 14 178 7041.357579014413
  2168.5222287138977 0.6401264768090152 -0.056162122708516726
  1692.9810075881653 46720424.21110091]]
[['LPP' 'OnlineNewsPopularity' 16 10 7040.297280553939 2167.931497425676
  0.6389384189040114 -0.055844069621166614 1692.4374561247082
  46707331.952106096]]
[['LPP' 'OnlineNewsPopularity' 16 31 7039.763999244769 2167.2170210609743
  0.6388248863067335 -0.05568412166437797 1691.5163114076602
  46702939.875803694]]
[['LPP' 'OnlineNewsPopularity' 16 178 7042.732984818648
  2169.2002052230287 0.6398174219655309 -0.05657476852929566
  1696.4322886733073 46728098.70091203]]
[['LPP' 'OnlineNewsPopularity' 18 10 7042.322114879056 2169.643946383703
  0.6403289683507069 -0.05645149191232823 1695.7279261994445
  46724700.45695057]]
[['LPP' 'OnlineNewsPopularity' 18 31 7042.029834494666 2169.193507724522
  0.6399801152258017 -0.05636380105258132 1695.342640677473
  46721890.053096116]]
[['LPP' 'OnlineNewsPopularity' 18 178 7043.969517485589
  2169.6594546245815 0.6387429562126132 -0.05694581877727112
  1699.3804756996524 46735506.81189561]]
[['LPP' 'OnlineNewsPopularity' 20 10 7043.160418414727 2170.65569371838
  0.6411163945286599 -0.05670302250638404 1697.2029601305057
  46731504.53670261]]
[['LPP' 'OnlineNewsPopularity' 20 31 7044.075831442964 2171.111658259155
  0.6411116601096903 -0.05697772378209143 1698.4045532045236
  46740321.14977262]]
[['LPP' 'OnlineNewsPopularity' 20 178 7044.644906833588 2170.976125398584
  0.6432762152502807 -0.05714851249089237 1700.292676154614
  46741921.73765603]]
[['LPP' 'OnlineNewsPopularity' 22 10 7043.876377837532 2171.2049746658504
  0.6412785328732902 -0.056917867801477895 1698.6009164817362
  46736843.77122002]]
[['LPP' 'OnlineNewsPopularity' 22 31 7044.859559063534 2171.8107840250773
  0.6427768884550221 -0.05721293667287397 1700.2210054055245
  46745190.21078888]]
[['LPP' 'OnlineNewsPopularity' 22 178 7045.06376935204 2172.1647935568703
  0.6442585817988559 -0.057274228707461905 1700.7535551801002
  46746256.46433639]]
[['LPP' 'PremiumPrice' 2 6 5832.785323050833 4458.252818201277
  0.20017321664497886 -0.003579610216084106 1107.3923258516245
  32961539.2820586]]
[['LPP' 'PremiumPrice' 2 9 5825.086958989671 4451.942823673724
  0.1999415348380992 -0.0009322222967407257 1102.7074290387447
  32881743.818961382]]
[['LPP' 'PremiumPrice' 2 28 5821.953220740555 4449.647720816468
  0.19985359875313002 0.0001444366074492276 1101.343290628534
  32848081.663017306]]
[['LPP' 'PremiumPrice' 4 6 5898.034171391959 4516.6798132063095
  0.20194594017029255 -0.02615842012187275 1218.1364382929053
  33472001.215801228]]
[['LPP' 'PremiumPrice' 4 9 5896.299209552975 4515.4055870019365
  0.2018947955984597 -0.025554800747932926 1216.6145014461279
  33455158.972803622]]
[['LPP' 'PremiumPrice' 4 28 5898.958986204814 4517.298920650657
  0.20195731223278068 -0.02648024969492746 1219.8287374166146
  33478819.92139709]]
[['LPP' 'WineQuality' 2 8 0.8070821817131757 0.6114026074521773
  0.11006536591199752 0.08838993888972568 -0.024006747098857664
  0.6514700895301107]]
[['LPP' 'WineQuality' 2 15 0.8036710729371445 0.6122413240947496
  0.10979928846106046 0.09607944023657222 -0.00913727882549773
  0.6464633601015057]]
[['LPP' 'WineQuality' 2 62 0.8062002391338949 0.612791146684367
  0.11002637468901544 0.09038118207722134 -0.017463237411149857
  0.6503174501535217]]
[['LPP' 'WineQuality' 4 8 0.7248927288409182 0.5459483983316197
  0.09771625522740163 0.26460431365417236 -0.008726845363535473
  0.5259299737349389]]
[['LPP' 'WineQuality' 4 15 0.7223262361317154 0.543245088811598
  0.0972313711944543 0.2698024524446059 -0.00877824885036818
  0.5222110021208428]]
[['LPP' 'WineQuality' 4 62 0.7143096105474137 0.538030375410924
  0.09641171064257029 0.2859204798592482 -0.013477685300816451
  0.5105775692389616]]
Finished python experiment_script.py
