Entered python experiment_script.py
----------pca----------
Index(['dr_name', 'dataset_name', 'n_components', 'n_neighbors',
       'fit_transform_time'],
      dtype='object')
PCA,AcademicSuccess,2,None,0.13060760498046875
PCA,AcademicSuccess,4,None,0.0988152027130127
PCA,AcademicSuccess,6,None,0.1144566535949707
PCA,AcademicSuccess,8,None,0.17070508003234863
PCA,AcademicSuccess,10,None,0.13476943969726562
PCA,AcademicSuccess,12,None,0.05237936973571777
PCA,AcademicSuccess,14,None,0.13061857223510742
PCA,AcademicSuccess,16,None,0.3216431140899658
PCA,BuyCoupon,2,None,0.23907208442687988
PCA,BuyCoupon,5,None,0.19535326957702637
PCA,BuyCoupon,8,None,0.3424372673034668
PCA,BuyCoupon,11,None,0.19787216186523438
PCA,BuyCoupon,14,None,0.31780099868774414
PCA,BuyCoupon,17,None,0.30199408531188965
PCA,BuyCoupon,20,None,0.2551150321960449
PCA,BuyCoupon,23,None,0.22564005851745605
PCA,BuyCoupon,26,None,0.24982619285583496
PCA,BuyCoupon,29,None,0.47202610969543457
PCA,DryBean,2,None,0.05742979049682617
PCA,DryBean,4,None,0.06136798858642578
PCA,DryBean,6,None,0.0701136589050293
PCA,FakeWebsite,2,None,0.15348434448242188
PCA,FakeWebsite,4,None,0.03840231895446777
PCA,FakeWebsite,6,None,0.09864926338195801
PCA,FakeWebsite,8,None,0.07672953605651855
PCA,FakeWebsite,10,None,0.08430838584899902
PCA,FakeWebsite,12,None,0.07284069061279297
PCA,FakeWebsite,14,None,0.07616639137268066
PCA,Glass,2,None,0.005379676818847656
PCA,Grade,2,None,0.02639627456665039
PCA,Heart,2,None,0.009996175765991211
PCA,Heart,4,None,0.00822305679321289
PCA,Heart,6,None,0.006412506103515625
PCA,Heart,8,None,0.021559715270996094
PCA,Parkinsons,2,None,0.0014433860778808594
PCA,Parkinsons,4,None,0.0015604496002197266
PCA,Parkinsons,6,None,0.0014700889587402344
PCA,Parkinsons,8,None,0.001310586929321289
PCA,Parkinsons,10,None,0.0013074874877929688
PCA,StayHospital,2,None,0.12185549736022949
PCA,StayHospital,4,None,0.06450963020324707
PCA,StayHospital,6,None,0.10322451591491699
PCA,StayHospital,8,None,0.09652161598205566
PCA,StayHospital,10,None,0.15766477584838867
PCA,StayHospital,12,None,0.14147090911865234
PCA,StayHospital,14,None,0.23677778244018555
PCA,StayHospital,16,None,0.2580432891845703
PCA,StayHospital,18,None,0.229783296585083
PCA,StayHospital,20,None,0.2617645263671875
PCA,StayHospital,22,None,0.4303288459777832
PCA,StayHospital,24,None,0.1826941967010498
PCA,Zoo,2,None,0.014822244644165039
PCA,Zoo,4,None,0.006760358810424805
PCA,Zoo,6,None,0.006894588470458984
Index(['dr_name', 'dataset_name', 'n_components', 'n_neighbors',
       'transform_time'],
      dtype='object')
PCA,AcademicSuccess,2,None,0.0010271072387695312
PCA,AcademicSuccess,4,None,0.0009806156158447266
PCA,AcademicSuccess,6,None,0.0009620189666748047
PCA,AcademicSuccess,8,None,0.0009632110595703125
PCA,AcademicSuccess,10,None,0.010255098342895508
PCA,AcademicSuccess,12,None,0.001051187515258789
PCA,AcademicSuccess,14,None,0.0010476112365722656
PCA,AcademicSuccess,16,None,0.0010151863098144531
PCA,BuyCoupon,2,None,0.0018949508666992188
PCA,BuyCoupon,5,None,0.0018694400787353516
PCA,BuyCoupon,8,None,0.0018811225891113281
PCA,BuyCoupon,11,None,0.004007101058959961
PCA,BuyCoupon,14,None,0.004822731018066406
PCA,BuyCoupon,17,None,0.004834175109863281
PCA,BuyCoupon,20,None,0.004844188690185547
PCA,BuyCoupon,23,None,0.004826545715332031
PCA,BuyCoupon,26,None,0.004927396774291992
PCA,BuyCoupon,29,None,0.007184743881225586
PCA,DryBean,2,None,0.000904083251953125
PCA,DryBean,4,None,0.0008566379547119141
PCA,DryBean,6,None,0.0008666515350341797
PCA,FakeWebsite,2,None,0.001043558120727539
PCA,FakeWebsite,4,None,0.0023963451385498047
PCA,FakeWebsite,6,None,0.008323907852172852
PCA,FakeWebsite,8,None,0.0038995742797851562
PCA,FakeWebsite,10,None,0.004724740982055664
PCA,FakeWebsite,12,None,0.0032444000244140625
PCA,FakeWebsite,14,None,0.0032668113708496094
PCA,Glass,2,None,0.0007448196411132812
PCA,Grade,2,None,0.0007634162902832031
PCA,Heart,2,None,0.0008444786071777344
PCA,Heart,4,None,0.0008189678192138672
PCA,Heart,6,None,0.0008194446563720703
PCA,Heart,8,None,0.011788368225097656
PCA,Parkinsons,2,None,0.0007905960083007812
PCA,Parkinsons,4,None,0.0007703304290771484
PCA,Parkinsons,6,None,0.0007662773132324219
PCA,Parkinsons,8,None,0.0007746219635009766
PCA,Parkinsons,10,None,0.0007767677307128906
PCA,StayHospital,2,None,0.0012886524200439453
PCA,StayHospital,4,None,0.0069925785064697266
PCA,StayHospital,6,None,0.02209162712097168
PCA,StayHospital,8,None,0.0039060115814208984
PCA,StayHospital,10,None,0.00949716567993164
PCA,StayHospital,12,None,0.0038886070251464844
PCA,StayHospital,14,None,0.004235267639160156
PCA,StayHospital,16,None,0.008466482162475586
PCA,StayHospital,18,None,0.003755331039428711
PCA,StayHospital,20,None,0.0075283050537109375
PCA,StayHospital,22,None,0.008477926254272461
PCA,StayHospital,24,None,0.0036211013793945312
PCA,Zoo,2,None,0.000797271728515625
PCA,Zoo,4,None,0.0007627010345458984
PCA,Zoo,6,None,0.0007603168487548828
Index(['dr_name', 'dataset_name', 'n_components', 'n_neighbors', 'accuracy',
       'precision', 'recall', 'f1_score'],
      dtype='object')
[['PCA' 'AcademicSuccess' 2 None 0.6632768361581921 0.7347228966701628
  0.6632768361581921 0.5916958017180788]]
[['PCA' 'AcademicSuccess' 4 None 0.6892655367231638 0.645587810426751
  0.6892655367231638 0.6211979123184951]]
[['PCA' 'AcademicSuccess' 6 None 0.7175141242937854 0.6967829518872884
  0.7175141242937854 0.6790754516903743]]
[['PCA' 'AcademicSuccess' 8 None 0.7129943502824859 0.6874847648898461
  0.7129943502824859 0.6778741296651656]]
[['PCA' 'AcademicSuccess' 10 None 0.7175141242937854 0.6942984531715364
  0.7175141242937854 0.6903904314853734]]
[['PCA' 'AcademicSuccess' 12 None 0.7231638418079096 0.701122134335739
  0.7231638418079096 0.693829695538]]
[['PCA' 'AcademicSuccess' 14 None 0.7242937853107345 0.7049712079958974
  0.7242937853107345 0.7033876655969136]]
[['PCA' 'AcademicSuccess' 16 None 0.7344632768361582 0.7169102505339165
  0.7344632768361582 0.7153861336195151]]
[['PCA' 'BuyCoupon' 2 None 0.5648403626330312 0.5672235481304694
  0.9889042995839112 0.7209302325581396]]
[['PCA' 'BuyCoupon' 5 None 0.584548679542767 0.587151841868823
  0.9063800277392511 0.7126499454743731]]
[['PCA' 'BuyCoupon' 8 None 0.5888845092629089 0.5903942002718623
  0.9036061026352289 0.7141682652781585]]
[['PCA' 'BuyCoupon' 11 None 0.5975561687031927 0.5951197469498418
  0.9133148404993066 0.7206566347469221]]
[['PCA' 'BuyCoupon' 14 None 0.6259361450532125 0.6210112911143839
  0.8772538141470181 0.7272204656510493]]
[['PCA' 'BuyCoupon' 17 None 0.6275128104059914 0.6248116524359618
  0.8626907073509015 0.7247305563646955]]
[['PCA' 'BuyCoupon' 20 None 0.6515569570358691 0.6439628482972136
  0.8654646324549237 0.7384615384615384]]
[['PCA' 'BuyCoupon' 23 None 0.6614111154907371 0.6522193211488251
  0.8661581137309292 0.7441167709264225]]
[['PCA' 'BuyCoupon' 26 None 0.6633819471817107 0.657556270096463
  0.8509015256588072 0.7418379685610641]]
[['PCA' 'BuyCoupon' 29 None 0.6673236105636579 0.6621475054229935
  0.8467406380027739 0.7431527693244065]]
[['PCA' 'DryBean' 2 None 0.8813808299669482 0.8843244259056775
  0.8813808299669482 0.8789536856737367]]
[['PCA' 'DryBean' 4 None 0.8993756885787734 0.9005470549775895
  0.8993756885787734 0.8990481345643544]]
[['PCA' 'DryBean' 6 None 0.9302240176276166 0.9309364266339312
  0.9302240176276166 0.9304224615446598]]
[['PCA' 'FakeWebsite' 2 None 0.8977838082315694 0.9023218574859888
  0.9155158407798538 0.9088709677419355]]
[['PCA' 'FakeWebsite' 4 None 0.8986883763003166 0.9123669123669124
  0.9049553208773355 0.9086460032626429]]
[['PCA' 'FakeWebsite' 6 None 0.911352329262777 0.9136690647482014
  0.9285134037367994 0.9210314262691377]]
[['PCA' 'FakeWebsite' 8 None 0.9312528267752148 0.9298804780876494
  0.9480097481722177 0.9388576025744167]]
[['PCA' 'FakeWebsite' 10 None 0.9402985074626866 0.9357652656621729
  0.958570268074736 0.9470304975922954]]
[['PCA' 'FakeWebsite' 12 None 0.939846223428313 0.933649289099526
  0.9601949634443542 0.94673608329996]]
[['PCA' 'FakeWebsite' 14 None 0.9466304839439168 0.9364705882352942
  0.9699431356620634 0.9529130087789306]]
[['PCA' 'Glass' 2 None 0.6976744186046512 0.7586831772878284
  0.6976744186046512 0.6410941815913748]]
[['PCA' 'Grade' 2 None 0.975 0.9757602150537634 0.975 0.974836880818729]]
[['PCA' 'Heart' 2 None 0.7065217391304348 0.7105263157894737
  0.7941176470588235 0.7499999999999999]]
[['PCA' 'Heart' 4 None 0.7336956521739131 0.7345132743362832
  0.8137254901960784 0.772093023255814]]
[['PCA' 'Heart' 6 None 0.7336956521739131 0.7345132743362832
  0.8137254901960784 0.772093023255814]]
[['PCA' 'Heart' 8 None 0.7336956521739131 0.7345132743362832
  0.8137254901960784 0.772093023255814]]
[['PCA' 'Parkinsons' 2 None 0.7948717948717948 0.8 0.9655172413793104
  0.8750000000000001]]
[['PCA' 'Parkinsons' 4 None 0.7948717948717948 0.8 0.9655172413793104
  0.8750000000000001]]
[['PCA' 'Parkinsons' 6 None 0.7948717948717948 0.8181818181818182
  0.9310344827586207 0.8709677419354839]]
[['PCA' 'Parkinsons' 8 None 0.8461538461538461 0.8285714285714286 1.0
  0.90625]]
[['PCA' 'Parkinsons' 10 None 0.8461538461538461 0.8285714285714286 1.0
  0.90625]]
[['PCA' 'StayHospital' 2 None 0.2955 0.79182025 0.2955 0.1348054805094558]]
[['PCA' 'StayHospital' 4 None 0.2955 0.79182025 0.2955 0.1348054805094558]]
[['PCA' 'StayHospital' 6 None 0.2955 0.79182025 0.2955 0.1348054805094558]]
[['PCA' 'StayHospital' 8 None 0.2955 0.79182025 0.2955 0.1348054805094558]]
[['PCA' 'StayHospital' 10 None 0.2955 0.79182025 0.2955
  0.1348054805094558]]
[['PCA' 'StayHospital' 12 None 0.2955 0.79182025 0.2955
  0.1348054805094558]]
[['PCA' 'StayHospital' 14 None 0.2955 0.79182025 0.2955
  0.1348054805094558]]
[['PCA' 'StayHospital' 16 None 0.2955 0.79182025 0.2955
  0.1348054805094558]]
[['PCA' 'StayHospital' 18 None 0.2955 0.79182025 0.2955
  0.1348054805094558]]
[['PCA' 'StayHospital' 20 None 0.2955 0.79182025 0.2955
  0.1348054805094558]]
[['PCA' 'StayHospital' 22 None 0.2955 0.79182025 0.2955
  0.1348054805094558]]
[['PCA' 'StayHospital' 24 None 0.2955 0.79182025 0.2955
  0.1348054805094558]]
[['PCA' 'Zoo' 2 None 0.9047619047619048 0.9325396825396824
  0.9047619047619048 0.8811791383219953]]
[['PCA' 'Zoo' 4 None 0.9523809523809523 0.9642857142857143
  0.9523809523809523 0.9319727891156462]]
[['PCA' 'Zoo' 6 None 0.9523809523809523 0.9642857142857143
  0.9523809523809523 0.9319727891156462]]
----------kpca----------
Index(['dr_name', 'dataset_name', 'n_components', 'n_neighbors',
       'fit_transform_time'],
      dtype='object')
KPCA,AcademicSuccess,2,None,0.9388551712036133
KPCA,AcademicSuccess,4,None,0.8138375282287598
KPCA,AcademicSuccess,6,None,0.857780933380127
KPCA,AcademicSuccess,8,None,0.8849260807037354
KPCA,AcademicSuccess,10,None,3.215682029724121
KPCA,AcademicSuccess,12,None,7.185686826705933
KPCA,AcademicSuccess,14,None,6.172080039978027
KPCA,AcademicSuccess,16,None,1.341641902923584
KPCA,BuyCoupon,2,None,2.2559638023376465
KPCA,BuyCoupon,5,None,2.7765321731567383
KPCA,BuyCoupon,8,None,3.0424602031707764
** fit_transform took too long **
KPCA,DryBean,2,None,2.6148271560668945
KPCA,DryBean,4,None,3.1705594062805176
KPCA,DryBean,6,None,3.1626462936401367
KPCA,FakeWebsite,2,None,2.6663291454315186
KPCA,FakeWebsite,4,None,2.6826729774475098
KPCA,FakeWebsite,6,None,2.9108164310455322
KPCA,FakeWebsite,8,None,3.1982223987579346
KPCA,FakeWebsite,10,None,89.63581609725952
KPCA,FakeWebsite,12,None,90.49860787391663
KPCA,FakeWebsite,14,None,83.6159439086914
KPCA,Glass,2,None,0.11787056922912598
KPCA,Grade,2,None,0.11507248878479004
KPCA,Heart,2,None,0.25595808029174805
KPCA,Heart,4,None,0.22062325477600098
KPCA,Heart,6,None,0.5258114337921143
KPCA,Heart,8,None,0.32915592193603516
KPCA,Parkinsons,2,None,0.03870964050292969
KPCA,Parkinsons,4,None,0.03795886039733887
KPCA,Parkinsons,6,None,0.013160228729248047
KPCA,Parkinsons,8,None,0.024187564849853516
KPCA,Parkinsons,10,None,0.03206181526184082
KPCA,StayHospital,2,None,6.784258127212524
KPCA,StayHospital,4,None,4.601498126983643
KPCA,StayHospital,6,None,5.036147117614746
KPCA,StayHospital,8,None,5.387906074523926
KPCA,StayHospital,10,None,72.0400938987732
KPCA,StayHospital,12,None,69.94213318824768
KPCA,StayHospital,14,None,73.37226891517639
KPCA,StayHospital,16,None,71.5759506225586
KPCA,StayHospital,18,None,69.6468255519867
KPCA,StayHospital,20,None,68.32137680053711
KPCA,StayHospital,22,None,66.50102996826172
KPCA,StayHospital,24,None,71.49214315414429
KPCA,Zoo,2,None,0.0064127445220947266
KPCA,Zoo,4,None,0.0021681785583496094
KPCA,Zoo,6,None,0.002355813980102539
Index(['dr_name', 'dataset_name', 'n_components', 'n_neighbors',
       'transform_time'],
      dtype='object')
KPCA,AcademicSuccess,2,None,0.09377050399780273
KPCA,AcademicSuccess,4,None,0.09912347793579102
KPCA,AcademicSuccess,6,None,0.0824587345123291
KPCA,AcademicSuccess,8,None,0.08197021484375
KPCA,AcademicSuccess,10,None,0.05897855758666992
KPCA,AcademicSuccess,12,None,0.05930447578430176
KPCA,AcademicSuccess,14,None,0.05864310264587402
KPCA,AcademicSuccess,16,None,0.05906367301940918
KPCA,BuyCoupon,2,None,0.33129286766052246
KPCA,BuyCoupon,5,None,0.32843899726867676
KPCA,BuyCoupon,8,None,0.3571743965148926
KPCA,DryBean,2,None,0.37204575538635254
KPCA,DryBean,4,None,0.37896156311035156
KPCA,DryBean,6,None,0.38460874557495117
KPCA,FakeWebsite,2,None,0.2559514045715332
KPCA,FakeWebsite,4,None,0.25414419174194336
KPCA,FakeWebsite,6,None,0.2641723155975342
KPCA,FakeWebsite,8,None,0.2739298343658447
KPCA,FakeWebsite,10,None,0.25865936279296875
KPCA,FakeWebsite,12,None,0.26807546615600586
KPCA,FakeWebsite,14,None,0.26833558082580566
KPCA,Glass,2,None,0.0014646053314208984
KPCA,Grade,2,None,0.005353689193725586
KPCA,Heart,2,None,0.004274606704711914
KPCA,Heart,4,None,0.004220247268676758
KPCA,Heart,6,None,0.004343748092651367
KPCA,Heart,8,None,0.0043506622314453125
KPCA,Parkinsons,2,None,0.001313924789428711
KPCA,Parkinsons,4,None,0.0012848377227783203
KPCA,Parkinsons,6,None,0.0012891292572021484
KPCA,Parkinsons,8,None,0.0012807846069335938
KPCA,Parkinsons,10,None,0.0012848377227783203
KPCA,StayHospital,2,None,0.32472872734069824
KPCA,StayHospital,4,None,0.3203563690185547
KPCA,StayHospital,6,None,0.3181290626525879
KPCA,StayHospital,8,None,0.316317081451416
KPCA,StayHospital,10,None,0.3283827304840088
KPCA,StayHospital,12,None,0.3262450695037842
KPCA,StayHospital,14,None,0.3360764980316162
KPCA,StayHospital,16,None,0.3325183391571045
KPCA,StayHospital,18,None,0.32405805587768555
KPCA,StayHospital,20,None,0.36615681648254395
KPCA,StayHospital,22,None,0.34582948684692383
KPCA,StayHospital,24,None,0.3436267375946045
KPCA,Zoo,2,None,0.0015037059783935547
KPCA,Zoo,4,None,0.0013263225555419922
KPCA,Zoo,6,None,0.001295328140258789
Index(['dr_name', 'dataset_name', 'n_components', 'n_neighbors', 'accuracy',
       'precision', 'recall', 'f1_score'],
      dtype='object')
[['KPCA' 'AcademicSuccess' 2 None 0.6666666666666666 0.6346177901584097
  0.6666666666666666 0.6024883344228782]]
[['KPCA' 'AcademicSuccess' 4 None 0.6983050847457627 0.6788467661963118
  0.6983050847457627 0.6365614054523306]]
[['KPCA' 'AcademicSuccess' 6 None 0.703954802259887 0.6803312552953104
  0.703954802259887 0.6437628237897647]]
[['KPCA' 'AcademicSuccess' 8 None 0.7141242937853107 0.6839291610126276
  0.7141242937853107 0.6641034038175714]]
[['KPCA' 'AcademicSuccess' 10 None 0.7310734463276836 0.7067204315383757
  0.7310734463276836 0.702316567543213]]
[['KPCA' 'AcademicSuccess' 12 None 0.727683615819209 0.7038474448401306
  0.727683615819209 0.6987981208998159]]
[['KPCA' 'AcademicSuccess' 14 None 0.735593220338983 0.7120460067454243
  0.735593220338983 0.7064228537379436]]
[['KPCA' 'AcademicSuccess' 16 None 0.7367231638418079 0.7151890738677986
  0.7367231638418079 0.7096303767166174]]
[['KPCA' 'BuyCoupon' 2 None 0.5683878596767836 0.5683878596767836 1.0
  0.7248052274440815]]
[['KPCA' 'BuyCoupon' 5 None 0.570752857705952 0.5720114239086087
  0.9722607489597781 0.7202671461597739]]
[['KPCA' 'BuyCoupon' 8 None 0.5668111943240047 0.573009791400596
  0.9334257975034674 0.71010287523081]]
[['KPCA' 'DryBean' 2 None 0.7484392214469335 0.7507136604433188
  0.7484392214469335 0.7427455298013773]]
[['KPCA' 'DryBean' 4 None 0.8883584282041865 0.8896628116470202
  0.8883584282041865 0.8877192391048507]]
[['KPCA' 'DryBean' 6 None 0.9059860448035255 0.9066681154499048
  0.9059860448035255 0.9058921184134332]]
[['KPCA' 'FakeWebsite' 2 None 0.898236092265943 0.9030448717948718
  0.9155158407798538 0.90923759580476]]
[['KPCA' 'FakeWebsite' 4 None 0.8995929443690638 0.908502024291498
  0.9114541023558083 0.9099756690997566]]
[['KPCA' 'FakeWebsite' 6 None 0.9095431931252826 0.9114126097366321
  0.9277010560519903 0.9194847020933978]]
[['KPCA' 'FakeWebsite' 8 None 0.932157394843962 0.934136546184739
  0.9447603574329814 0.9394184168012923]]
[['KPCA' 'FakeWebsite' 10 None 0.9366802351876978 0.9346613545816733
  0.9528838342810723 0.9436846339501206]]
[['KPCA' 'FakeWebsite' 12 None 0.9430122116689281 0.9367588932806324
  0.9626320064987814 0.9495192307692307]]
[['KPCA' 'FakeWebsite' 14 None 0.9466304839439168 0.9385342789598109
  0.9675060926076361 0.9528]]
[['KPCA' 'Glass' 2 None 0.46511627906976744 0.5340380549682876
  0.46511627906976744 0.3836597307221542]]
[['KPCA' 'Grade' 2 None 0.445 0.753025 0.445 0.274083044982699]]
[['KPCA' 'Heart' 2 None 0.5543478260869565 0.5543478260869565 1.0
  0.7132867132867133]]
[['KPCA' 'Heart' 4 None 0.5543478260869565 0.5543478260869565 1.0
  0.7132867132867133]]
[['KPCA' 'Heart' 6 None 0.5543478260869565 0.5543478260869565 1.0
  0.7132867132867133]]
[['KPCA' 'Heart' 8 None 0.5543478260869565 0.5543478260869565 1.0
  0.7132867132867133]]
[['KPCA' 'Parkinsons' 2 None 0.8205128205128205 0.8055555555555556 1.0
  0.8923076923076924]]
[['KPCA' 'Parkinsons' 4 None 0.8205128205128205 0.8055555555555556 1.0
  0.8923076923076924]]
[['KPCA' 'Parkinsons' 6 None 0.8974358974358975 0.8787878787878788 1.0
  0.9354838709677419]]
[['KPCA' 'Parkinsons' 8 None 0.8974358974358975 0.8787878787878788 1.0
  0.9354838709677419]]
[['KPCA' 'Parkinsons' 10 None 0.8974358974358975 0.8787878787878788 1.0
  0.9354838709677419]]
[['KPCA' 'StayHospital' 2 None 0.2955 0.79182025 0.2955
  0.1348054805094558]]
[['KPCA' 'StayHospital' 4 None 0.2955 0.79182025 0.2955
  0.1348054805094558]]
[['KPCA' 'StayHospital' 6 None 0.2955 0.79182025 0.2955
  0.1348054805094558]]
[['KPCA' 'StayHospital' 8 None 0.2955 0.79182025 0.2955
  0.1348054805094558]]
[['KPCA' 'StayHospital' 10 None 0.2955 0.79182025 0.2955
  0.1348054805094558]]
[['KPCA' 'StayHospital' 12 None 0.2955 0.79182025 0.2955
  0.1348054805094558]]
[['KPCA' 'StayHospital' 14 None 0.2955 0.79182025 0.2955
  0.1348054805094558]]
[['KPCA' 'StayHospital' 16 None 0.2955 0.79182025 0.2955
  0.1348054805094558]]
[['KPCA' 'StayHospital' 18 None 0.2955 0.79182025 0.2955
  0.1348054805094558]]
[['KPCA' 'StayHospital' 20 None 0.2955 0.79182025 0.2955
  0.1348054805094558]]
[['KPCA' 'StayHospital' 22 None 0.2955 0.79182025 0.2955
  0.1348054805094558]]
[['KPCA' 'StayHospital' 24 None 0.2955 0.79182025 0.2955
  0.1348054805094558]]
[['KPCA' 'Zoo' 2 None 0.8571428571428571 0.8944444444444444
  0.8571428571428571 0.8123960695389266]]
[['KPCA' 'Zoo' 4 None 0.9523809523809523 0.9642857142857143
  0.9523809523809523 0.9319727891156462]]
[['KPCA' 'Zoo' 6 None 0.9523809523809523 0.9642857142857143
  0.9523809523809523 0.9319727891156462]]
----------ica----------
Index(['dr_name', 'dataset_name', 'n_components', 'n_neighbors',
       'fit_transform_time'],
      dtype='object')
ICA,AcademicSuccess,2,None,0.010373592376708984
ICA,AcademicSuccess,4,None,0.03739619255065918
ICA,AcademicSuccess,6,None,0.03441286087036133
ICA,AcademicSuccess,8,None,0.05448603630065918
ICA,AcademicSuccess,10,None,0.14432644844055176
ICA,AcademicSuccess,12,None,0.10760807991027832
ICA,AcademicSuccess,14,None,0.2017688751220703
ICA,AcademicSuccess,16,None,0.1325821876525879
ICA,BuyCoupon,2,None,0.3614535331726074
ICA,BuyCoupon,5,None,0.74143385887146
ICA,BuyCoupon,8,None,0.38154172897338867
ICA,BuyCoupon,11,None,0.8351583480834961
ICA,BuyCoupon,14,None,4.116342067718506
ICA,BuyCoupon,17,None,3.07570219039917
ICA,BuyCoupon,20,None,2.550903081893921
ICA,BuyCoupon,23,None,4.342498064041138
ICA,BuyCoupon,26,None,6.413045406341553
ICA,BuyCoupon,29,None,4.5092878341674805
ICA,DryBean,2,None,0.052339792251586914
ICA,DryBean,4,None,0.09618782997131348
ICA,DryBean,6,None,1.4215152263641357
ICA,FakeWebsite,2,None,0.05689883232116699
ICA,FakeWebsite,4,None,0.3235609531402588
ICA,FakeWebsite,6,None,0.29963231086730957
ICA,FakeWebsite,8,None,0.07798480987548828
ICA,FakeWebsite,10,None,0.16275644302368164
ICA,FakeWebsite,12,None,0.20389795303344727
ICA,FakeWebsite,14,None,0.3166649341583252
ICA,Glass,2,None,0.007728099822998047
ICA,Grade,2,None,0.008194923400878906
ICA,Heart,2,None,0.041769981384277344
ICA,Heart,4,None,0.02054619789123535
ICA,Heart,6,None,0.004746198654174805
ICA,Heart,8,None,0.05371546745300293
ICA,Parkinsons,2,None,0.03759765625
ICA,Parkinsons,4,None,0.024128198623657227
ICA,Parkinsons,6,None,0.028367042541503906
ICA,Parkinsons,8,None,0.03221440315246582
ICA,Parkinsons,10,None,0.03674054145812988
ICA,StayHospital,2,None,0.05351972579956055
ICA,StayHospital,4,None,0.07825279235839844
ICA,StayHospital,6,None,0.16192936897277832
ICA,StayHospital,8,None,0.14662623405456543
ICA,StayHospital,10,None,0.2658884525299072
ICA,StayHospital,12,None,0.2446887493133545
ICA,StayHospital,14,None,0.3695948123931885
ICA,StayHospital,16,None,2.6172268390655518
ICA,StayHospital,18,None,2.657423257827759
ICA,StayHospital,20,None,0.5270862579345703
ICA,StayHospital,22,None,4.138198614120483
ICA,StayHospital,24,None,3.716022253036499
ICA,Zoo,2,None,0.006705522537231445
ICA,Zoo,4,None,0.007020235061645508
ICA,Zoo,6,None,0.01396036148071289
Index(['dr_name', 'dataset_name', 'n_components', 'n_neighbors',
       'transform_time'],
      dtype='object')
ICA,AcademicSuccess,2,None,0.0010304450988769531
ICA,AcademicSuccess,4,None,0.0009932518005371094
ICA,AcademicSuccess,6,None,0.0009915828704833984
ICA,AcademicSuccess,8,None,0.0009903907775878906
ICA,AcademicSuccess,10,None,0.009428024291992188
ICA,AcademicSuccess,12,None,0.010936498641967773
ICA,AcademicSuccess,14,None,0.0069234371185302734
ICA,AcademicSuccess,16,None,0.0007956027984619141
ICA,BuyCoupon,2,None,0.001392364501953125
ICA,BuyCoupon,5,None,0.003108501434326172
ICA,BuyCoupon,8,None,0.0031540393829345703
ICA,BuyCoupon,11,None,0.0069255828857421875
ICA,BuyCoupon,14,None,0.002132415771484375
ICA,BuyCoupon,17,None,0.0021295547485351562
ICA,BuyCoupon,20,None,0.012499332427978516
ICA,BuyCoupon,23,None,0.0028219223022460938
ICA,BuyCoupon,26,None,0.01093912124633789
ICA,BuyCoupon,29,None,0.0028781890869140625
ICA,DryBean,2,None,0.0008687973022460938
ICA,DryBean,4,None,0.0008385181427001953
ICA,DryBean,6,None,0.0008454322814941406
ICA,FakeWebsite,2,None,0.0009763240814208984
ICA,FakeWebsite,4,None,0.002953767776489258
ICA,FakeWebsite,6,None,0.0010006427764892578
ICA,FakeWebsite,8,None,0.008846044540405273
ICA,FakeWebsite,10,None,0.0028998851776123047
ICA,FakeWebsite,12,None,0.0010623931884765625
ICA,FakeWebsite,14,None,0.001062631607055664
ICA,Glass,2,None,0.000701904296875
ICA,Grade,2,None,0.0007131099700927734
ICA,Heart,2,None,0.0008249282836914062
ICA,Heart,4,None,0.0008263587951660156
ICA,Heart,6,None,0.0008218288421630859
ICA,Heart,8,None,0.0008175373077392578
ICA,Parkinsons,2,None,0.00075531005859375
ICA,Parkinsons,4,None,0.0007474422454833984
ICA,Parkinsons,6,None,0.0007412433624267578
ICA,Parkinsons,8,None,0.0007445812225341797
ICA,Parkinsons,10,None,0.000751495361328125
ICA,StayHospital,2,None,0.0011522769927978516
ICA,StayHospital,4,None,0.012041568756103516
ICA,StayHospital,6,None,0.0011706352233886719
ICA,StayHospital,8,None,0.012596607208251953
ICA,StayHospital,10,None,0.002878904342651367
ICA,StayHospital,12,None,0.0012392997741699219
ICA,StayHospital,14,None,0.0012426376342773438
ICA,StayHospital,16,None,0.0012373924255371094
ICA,StayHospital,18,None,0.011883020401000977
ICA,StayHospital,20,None,0.0013015270233154297
ICA,StayHospital,22,None,0.012363433837890625
ICA,StayHospital,24,None,0.0028657913208007812
ICA,Zoo,2,None,0.0008206367492675781
ICA,Zoo,4,None,0.0008063316345214844
ICA,Zoo,6,None,0.0008020401000976562
Index(['dr_name', 'dataset_name', 'n_components', 'n_neighbors', 'accuracy',
       'precision', 'recall', 'f1_score'],
      dtype='object')
[['ICA' 'AcademicSuccess' 2 None 0.6632768361581921 0.7329015521488949
  0.6632768361581921 0.5922454629577624]]
[['ICA' 'AcademicSuccess' 4 None 0.688135593220339 0.6486800415589331
  0.688135593220339 0.6223973335528433]]
[['ICA' 'AcademicSuccess' 6 None 0.7220338983050848 0.7005712887181842
  0.7220338983050848 0.6871392627899197]]
[['ICA' 'AcademicSuccess' 8 None 0.7163841807909604 0.6897124340048578
  0.7163841807909604 0.6814749075522525]]
[['ICA' 'AcademicSuccess' 10 None 0.7163841807909604 0.6907437608395502
  0.7163841807909604 0.6885760714645008]]
[['ICA' 'AcademicSuccess' 12 None 0.7254237288135593 0.7059164615221021
  0.7254237288135593 0.6990001190003091]]
[['ICA' 'AcademicSuccess' 14 None 0.7163841807909604 0.6951726694569254
  0.7163841807909604 0.6940579560004534]]
[['ICA' 'AcademicSuccess' 16 None 0.7209039548022599 0.6982940640690284
  0.7209039548022599 0.6991914643727876]]
[['ICA' 'BuyCoupon' 2 None 0.5648403626330312 0.5672235481304694
  0.9889042995839112 0.7209302325581396]]
[['ICA' 'BuyCoupon' 5 None 0.6081986598344501 0.619530416221985
  0.805131761442441 0.7002412545235223]]
[['ICA' 'BuyCoupon' 8 None 0.6026803310997241 0.61337513061651
  0.8141470180305131 0.699642431466031]]
[['ICA' 'BuyCoupon' 11 None 0.640520299566417 0.644808743169399
  0.8183079056865464 0.7212713936430318]]
[['ICA' 'BuyCoupon' 14 None 0.6677177769018526 0.6760728982951205
  0.79750346740638 0.7317849188673241]]
[['ICA' 'BuyCoupon' 17 None 0.6960977532518723 0.7027190332326284
  0.8065187239944521 0.7510494026477236]]
[['ICA' 'BuyCoupon' 20 None 0.7162002364998029 0.724502487562189
  0.8079056865464632 0.7639344262295082]]
[['ICA' 'BuyCoupon' 23 None 0.7327552227039811 0.7426937738246506
  0.8106796116504854 0.7751989389920425]]
[['ICA' 'BuyCoupon' 26 None 0.7366968860859283 0.7421777221526908
  0.8224687933425797 0.7802631578947368]]
[['ICA' 'BuyCoupon' 29 None 0.7382735514387071 0.7465145754119138
  0.8169209431345353 0.7801324503311259]]
[['ICA' 'DryBean' 2 None 0.8817480719794345 0.8847594473444789
  0.8817480719794345 0.879600793301895]]
[['ICA' 'DryBean' 4 None 0.9015791406536908 0.9025774777273238
  0.9015791406536908 0.9012749984692034]]
[['ICA' 'DryBean' 6 None 0.9331619537275064 0.9335386536491167
  0.9331619537275064 0.933282762455244]]
[['ICA' 'FakeWebsite' 2 None 0.8991406603346902 0.9057971014492754
  0.9138911454102355 0.9098261221188839]]
[['ICA' 'FakeWebsite' 4 None 0.900497512437811 0.9146841673502871
  0.9057676685621446 0.9102040816326531]]
[['ICA' 'FakeWebsite' 6 None 0.9136137494346449 0.9166666666666666
  0.9293257514216084 0.9229528035498185]]
[['ICA' 'FakeWebsite' 8 None 0.9344188150158299 0.931637519872814
  0.9520714865962632 0.9417436721574929]]
[['ICA' 'FakeWebsite' 10 None 0.9389416553595658 0.9349206349206349
  0.9569455727051178 0.9458048976314732]]
[['ICA' 'FakeWebsite' 12 None 0.9448213478064225 0.9383399209486166
  0.9642567018683996 0.9511217948717949]]
[['ICA' 'FakeWebsite' 14 None 0.9511533242876526 0.9424743892829
  0.9715678310316815 0.9568]]
[['ICA' 'Glass' 2 None 0.6976744186046512 0.7586831772878284
  0.6976744186046512 0.6410941815913748]]
[['ICA' 'Grade' 2 None 0.965 0.9667947368421053 0.965 0.9648522851046799]]
[['ICA' 'Heart' 2 None 0.6956521739130435 0.6949152542372882
  0.803921568627451 0.7454545454545455]]
[['ICA' 'Heart' 4 None 0.7391304347826086 0.7288135593220338
  0.8431372549019608 0.7818181818181819]]
[['ICA' 'Heart' 6 None 0.8478260869565217 0.8363636363636363
  0.9019607843137255 0.8679245283018867]]
[['ICA' 'Heart' 8 None 0.8369565217391305 0.8272727272727273
  0.8921568627450981 0.8584905660377359]]
[['ICA' 'Parkinsons' 2 None 0.8461538461538461 0.8285714285714286 1.0
  0.90625]]
[['ICA' 'Parkinsons' 4 None 0.8205128205128205 0.8055555555555556 1.0
  0.8923076923076924]]
[['ICA' 'Parkinsons' 6 None 0.8461538461538461 0.8285714285714286 1.0
  0.90625]]
[['ICA' 'Parkinsons' 8 None 0.8717948717948718 0.8529411764705882 1.0
  0.9206349206349206]]
[['ICA' 'Parkinsons' 10 None 0.8205128205128205 0.8055555555555556 1.0
  0.8923076923076924]]
[['ICA' 'StayHospital' 2 None 0.2975 0.5414044097043852 0.2975
  0.1480585611513613]]
[['ICA' 'StayHospital' 4 None 0.299 0.41279130330225283 0.299
  0.1624705956183184]]
[['ICA' 'StayHospital' 6 None 0.35 0.43987840273874224 0.35
  0.26080781210693604]]
[['ICA' 'StayHospital' 8 None 0.378 0.4110576277709195 0.378
  0.3059247758758022]]
[['ICA' 'StayHospital' 10 None 0.3955 0.47249044165856724 0.3955
  0.3347591846493424]]
[['ICA' 'StayHospital' 12 None 0.4005 0.4321193771195202 0.4005
  0.3406350517732711]]
[['ICA' 'StayHospital' 14 None 0.4055 0.44232387960667446 0.4055
  0.3468690224970343]]
[['ICA' 'StayHospital' 16 None 0.412 0.44189353017139865 0.412
  0.3529711397081986]]
[['ICA' 'StayHospital' 18 None 0.4155 0.44327644646961145 0.4155
  0.35425470808027465]]
[['ICA' 'StayHospital' 20 None 0.413 0.4414682835907191 0.413
  0.350869966649571]]
[['ICA' 'StayHospital' 22 None 0.421 0.4663739817467502 0.421
  0.36078585305106986]]
[['ICA' 'StayHospital' 24 None 0.4145 0.45434459616419365 0.4145
  0.3549321991533389]]
[['ICA' 'Zoo' 2 None 0.8571428571428571 0.8944444444444444
  0.8571428571428571 0.8123960695389266]]
[['ICA' 'Zoo' 4 None 0.9523809523809523 0.9642857142857143
  0.9523809523809523 0.9319727891156462]]
[['ICA' 'Zoo' 6 None 0.9523809523809523 0.9576719576719577
  0.9523809523809523 0.9299719887955182]]
----------svd----------
Index(['dr_name', 'dataset_name', 'n_components', 'n_neighbors',
       'fit_transform_time'],
      dtype='object')
SVD,AcademicSuccess,2,None,0.02518773078918457
SVD,AcademicSuccess,4,None,0.0756523609161377
SVD,AcademicSuccess,6,None,0.09058475494384766
SVD,AcademicSuccess,8,None,0.09460878372192383
SVD,AcademicSuccess,10,None,0.14455842971801758
SVD,AcademicSuccess,12,None,0.15758109092712402
SVD,AcademicSuccess,14,None,0.23911166191101074
SVD,AcademicSuccess,16,None,0.1858534812927246
SVD,BuyCoupon,2,None,0.13544702529907227
SVD,BuyCoupon,5,None,0.16823315620422363
SVD,BuyCoupon,8,None,0.16800594329833984
SVD,BuyCoupon,11,None,0.14859247207641602
SVD,BuyCoupon,14,None,0.38210344314575195
SVD,BuyCoupon,17,None,0.42578697204589844
SVD,BuyCoupon,20,None,0.3381943702697754
SVD,BuyCoupon,23,None,0.4989011287689209
SVD,BuyCoupon,26,None,0.39206814765930176
SVD,BuyCoupon,29,None,0.46291184425354004
SVD,DryBean,2,None,0.05665183067321777
SVD,DryBean,4,None,0.07131481170654297
SVD,DryBean,6,None,0.13707184791564941
SVD,FakeWebsite,2,None,0.1181480884552002
SVD,FakeWebsite,4,None,0.06905412673950195
SVD,FakeWebsite,6,None,0.13695955276489258
SVD,FakeWebsite,8,None,0.19132566452026367
SVD,FakeWebsite,10,None,0.11568236351013184
SVD,FakeWebsite,12,None,0.18219399452209473
SVD,FakeWebsite,14,None,0.2608475685119629
SVD,Glass,2,None,0.006781101226806641
SVD,Grade,2,None,0.009737968444824219
SVD,Heart,2,None,0.012467622756958008
SVD,Heart,4,None,0.03637957572937012
SVD,Heart,6,None,0.005140781402587891
SVD,Heart,8,None,0.01470804214477539
SVD,Parkinsons,2,None,0.0018382072448730469
SVD,Parkinsons,4,None,0.0018875598907470703
SVD,Parkinsons,6,None,0.0017809867858886719
SVD,Parkinsons,8,None,0.0018489360809326172
SVD,Parkinsons,10,None,0.009856700897216797
SVD,StayHospital,2,None,0.12612581253051758
SVD,StayHospital,4,None,0.12491083145141602
SVD,StayHospital,6,None,0.1697235107421875
SVD,StayHospital,8,None,0.196242094039917
SVD,StayHospital,10,None,0.27423858642578125
SVD,StayHospital,12,None,0.1959691047668457
SVD,StayHospital,14,None,0.19597172737121582
SVD,StayHospital,16,None,0.2674250602722168
SVD,StayHospital,18,None,0.3024933338165283
SVD,StayHospital,20,None,0.42249488830566406
SVD,StayHospital,22,None,0.3779010772705078
SVD,StayHospital,24,None,0.35196709632873535
SVD,Zoo,2,None,0.00943899154663086
SVD,Zoo,4,None,0.03489398956298828
SVD,Zoo,6,None,0.022181987762451172
Index(['dr_name', 'dataset_name', 'n_components', 'n_neighbors',
       'transform_time'],
      dtype='object')
SVD,AcademicSuccess,2,None,0.0009164810180664062
SVD,AcademicSuccess,4,None,0.0008575916290283203
SVD,AcademicSuccess,6,None,0.0008640289306640625
SVD,AcademicSuccess,8,None,0.0008664131164550781
SVD,AcademicSuccess,10,None,0.025593042373657227
SVD,AcademicSuccess,12,None,0.0052852630615234375
SVD,AcademicSuccess,14,None,0.0046977996826171875
SVD,AcademicSuccess,16,None,0.010703325271606445
SVD,BuyCoupon,2,None,0.0061070919036865234
SVD,BuyCoupon,5,None,0.011794567108154297
SVD,BuyCoupon,8,None,0.0030913352966308594
SVD,BuyCoupon,11,None,0.018730878829956055
SVD,BuyCoupon,14,None,0.018820524215698242
SVD,BuyCoupon,17,None,0.018674612045288086
SVD,BuyCoupon,20,None,0.01875782012939453
SVD,BuyCoupon,23,None,0.018784523010253906
SVD,BuyCoupon,26,None,0.01882481575012207
SVD,BuyCoupon,29,None,0.026750802993774414
SVD,DryBean,2,None,0.0008614063262939453
SVD,DryBean,4,None,0.0008084774017333984
SVD,DryBean,6,None,0.0007913112640380859
SVD,FakeWebsite,2,None,0.0010132789611816406
SVD,FakeWebsite,4,None,0.011018991470336914
SVD,FakeWebsite,6,None,0.010637044906616211
SVD,FakeWebsite,8,None,0.006897926330566406
SVD,FakeWebsite,10,None,0.002881765365600586
SVD,FakeWebsite,12,None,0.006968975067138672
SVD,FakeWebsite,14,None,0.0029282569885253906
SVD,Glass,2,None,0.0006761550903320312
SVD,Grade,2,None,0.0006525516510009766
SVD,Heart,2,None,0.0007627010345458984
SVD,Heart,4,None,0.0007543563842773438
SVD,Heart,6,None,0.0007522106170654297
SVD,Heart,8,None,0.0007529258728027344
SVD,Parkinsons,2,None,0.012712955474853516
SVD,Parkinsons,4,None,0.0007152557373046875
SVD,Parkinsons,6,None,0.0007219314575195312
SVD,Parkinsons,8,None,0.0007131099700927734
SVD,Parkinsons,10,None,0.0007100105285644531
SVD,StayHospital,2,None,0.0011413097381591797
SVD,StayHospital,4,None,0.004904508590698242
SVD,StayHospital,6,None,0.01510477066040039
SVD,StayHospital,8,None,0.014875411987304688
SVD,StayHospital,10,None,0.0034117698669433594
SVD,StayHospital,12,None,0.0033142566680908203
SVD,StayHospital,14,None,0.009720802307128906
SVD,StayHospital,16,None,0.003326416015625
SVD,StayHospital,18,None,0.010393381118774414
SVD,StayHospital,20,None,0.010915994644165039
SVD,StayHospital,22,None,0.014839887619018555
SVD,StayHospital,24,None,0.0034818649291992188
SVD,Zoo,2,None,0.0007801055908203125
SVD,Zoo,4,None,0.0007650852203369141
SVD,Zoo,6,None,0.0007441043853759766
Index(['dr_name', 'dataset_name', 'n_components', 'n_neighbors', 'accuracy',
       'precision', 'recall', 'f1_score'],
      dtype='object')
[['SVD' 'AcademicSuccess' 2 None 0.6677966101694915 0.7391272845916284
  0.6677966101694915 0.5962875975926383]]
[['SVD' 'AcademicSuccess' 4 None 0.6824858757062147 0.6616507936507936
  0.6824858757062147 0.6134142426069646]]
[['SVD' 'AcademicSuccess' 6 None 0.7073446327683616 0.6887525306512176
  0.7073446327683616 0.6545253462397015]]
[['SVD' 'AcademicSuccess' 8 None 0.7175141242937854 0.697224529670815
  0.7175141242937854 0.6810861794676148]]
[['SVD' 'AcademicSuccess' 10 None 0.7028248587570621 0.673926655233751
  0.7028248587570621 0.666434563674536]]
[['SVD' 'AcademicSuccess' 12 None 0.7141242937853107 0.6896619678488788
  0.7141242937853107 0.6853982715883968]]
[['SVD' 'AcademicSuccess' 14 None 0.727683615819209 0.7081496424692347
  0.727683615819209 0.7054331001173325]]
[['SVD' 'AcademicSuccess' 16 None 0.7446327683615819 0.7325957888170025
  0.7446327683615819 0.7280407461446319]]
[['SVD' 'BuyCoupon' 2 None 0.5683878596767836 0.5683878596767836 1.0
  0.7248052274440815]]
[['SVD' 'BuyCoupon' 5 None 0.5683878596767836 0.5683878596767836 1.0
  0.7248052274440815]]
[['SVD' 'BuyCoupon' 8 None 0.5683878596767836 0.5683878596767836 1.0
  0.7248052274440815]]
[['SVD' 'BuyCoupon' 11 None 0.5683878596767836 0.5683878596767836 1.0
  0.7248052274440815]]
[['SVD' 'BuyCoupon' 14 None 0.5683878596767836 0.5683878596767836 1.0
  0.7248052274440815]]
[['SVD' 'BuyCoupon' 17 None 0.5683878596767836 0.5683878596767836 1.0
  0.7248052274440815]]
[['SVD' 'BuyCoupon' 20 None 0.5683878596767836 0.5683878596767836 1.0
  0.7248052274440815]]
[['SVD' 'BuyCoupon' 23 None 0.5683878596767836 0.5683878596767836 1.0
  0.7248052274440815]]
[['SVD' 'BuyCoupon' 26 None 0.5683878596767836 0.5683878596767836 1.0
  0.7248052274440815]]
[['SVD' 'BuyCoupon' 29 None 0.5683878596767836 0.5683878596767836 1.0
  0.7248052274440815]]
[['SVD' 'DryBean' 2 None 0.8813808299669482 0.8843244259056775
  0.8813808299669482 0.8789536856737367]]
[['SVD' 'DryBean' 4 None 0.8993756885787734 0.9005470549775895
  0.8993756885787734 0.8990481345643544]]
[['SVD' 'DryBean' 6 None 0.9302240176276166 0.9309364266339312
  0.9302240176276166 0.9304224615446598]]
[['SVD' 'FakeWebsite' 2 None 0.8941655359565808 0.8928289992119779
  0.9203899268887084 0.9063999999999999]]
[['SVD' 'FakeWebsite' 4 None 0.8937132519222072 0.9068627450980392
  0.9017059301380991 0.9042769857433809]]
[['SVD' 'FakeWebsite' 6 None 0.9014020805065581 0.9094583670169766
  0.9138911454102355 0.9116693679092382]]
[['SVD' 'FakeWebsite' 8 None 0.9199457259158752 0.9222756410256411
  0.9350121852152722 0.9286002420330778]]
[['SVD' 'FakeWebsite' 10 None 0.926729986431479 0.916601714731099
  0.9553208773354996 0.9355608591885441]]
[['SVD' 'FakeWebsite' 12 None 0.9294436906377205 0.9209083790133125
  0.9553208773354996 0.937799043062201]]
[['SVD' 'FakeWebsite' 14 None 0.9303482587064676 0.9230164964650432
  0.9545085296506904 0.9384984025559105]]
[['SVD' 'Glass' 2 None 0.6976744186046512 0.7586831772878284
  0.6976744186046512 0.6410941815913748]]
[['SVD' 'Grade' 2 None 0.955 0.9580948874395119 0.955 0.9548696167631651]]
[['SVD' 'Heart' 2 None 0.6195652173913043 0.6777777777777778
  0.5980392156862745 0.6354166666666667]]
[['SVD' 'Heart' 4 None 0.7065217391304348 0.7142857142857143
  0.7843137254901961 0.7476635514018691]]
[['SVD' 'Heart' 6 None 0.7119565217391305 0.7207207207207207
  0.7843137254901961 0.7511737089201878]]
[['SVD' 'Heart' 8 None 0.7119565217391305 0.7207207207207207
  0.7843137254901961 0.7511737089201878]]
[['SVD' 'Parkinsons' 2 None 0.7948717948717948 0.8 0.9655172413793104
  0.8750000000000001]]
[['SVD' 'Parkinsons' 4 None 0.7948717948717948 0.8 0.9655172413793104
  0.8750000000000001]]
[['SVD' 'Parkinsons' 6 None 0.7948717948717948 0.8181818181818182
  0.9310344827586207 0.8709677419354839]]
[['SVD' 'Parkinsons' 8 None 0.8461538461538461 0.8285714285714286 1.0
  0.90625]]
[['SVD' 'Parkinsons' 10 None 0.8461538461538461 0.8285714285714286 1.0
  0.90625]]
[['SVD' 'StayHospital' 2 None 0.2955 0.79182025 0.2955 0.1348054805094558]]
[['SVD' 'StayHospital' 4 None 0.2955 0.79182025 0.2955 0.1348054805094558]]
[['SVD' 'StayHospital' 6 None 0.2955 0.79182025 0.2955 0.1348054805094558]]
[['SVD' 'StayHospital' 8 None 0.2955 0.79182025 0.2955 0.1348054805094558]]
[['SVD' 'StayHospital' 10 None 0.2955 0.79182025 0.2955
  0.1348054805094558]]
[['SVD' 'StayHospital' 12 None 0.2955 0.79182025 0.2955
  0.1348054805094558]]
[['SVD' 'StayHospital' 14 None 0.2955 0.79182025 0.2955
  0.1348054805094558]]
[['SVD' 'StayHospital' 16 None 0.2955 0.79182025 0.2955
  0.1348054805094558]]
[['SVD' 'StayHospital' 18 None 0.2955 0.79182025 0.2955
  0.1348054805094558]]
[['SVD' 'StayHospital' 20 None 0.2955 0.79182025 0.2955
  0.1348054805094558]]
[['SVD' 'StayHospital' 22 None 0.2955 0.79182025 0.2955
  0.1348054805094558]]
[['SVD' 'StayHospital' 24 None 0.2955 0.79182025 0.2955
  0.1348054805094558]]
[['SVD' 'Zoo' 2 None 0.7142857142857143 0.7987528344671203
  0.7142857142857143 0.6430839002267573]]
[['SVD' 'Zoo' 4 None 0.9047619047619048 0.9166666666666666
  0.9047619047619048 0.8843537414965985]]
[['SVD' 'Zoo' 6 None 0.9523809523809523 0.9642857142857143
  0.9523809523809523 0.9319727891156462]]
----------lpp----------
Index(['dr_name', 'dataset_name', 'n_components', 'n_neighbors',
       'fit_transform_time'],
      dtype='object')
LPP,AcademicSuccess,2,8,0.2911491394042969
LPP,AcademicSuccess,2,15,0.23384451866149902
LPP,AcademicSuccess,2,59,0.277895450592041
LPP,AcademicSuccess,4,8,0.320742130279541
LPP,AcademicSuccess,4,15,0.26894092559814453
LPP,AcademicSuccess,4,59,0.30533766746520996
LPP,AcademicSuccess,6,8,0.2553870677947998
LPP,AcademicSuccess,6,15,0.27800512313842773
LPP,AcademicSuccess,6,59,0.30752086639404297
LPP,AcademicSuccess,8,8,0.24398350715637207
LPP,AcademicSuccess,8,15,0.26141357421875
LPP,AcademicSuccess,8,59,0.30397462844848633
LPP,AcademicSuccess,10,8,0.23302865028381348
LPP,AcademicSuccess,10,15,0.268294095993042
LPP,AcademicSuccess,10,59,0.2783651351928711
LPP,AcademicSuccess,12,8,0.2717313766479492
LPP,AcademicSuccess,12,15,0.2595546245574951
LPP,AcademicSuccess,12,59,0.28818774223327637
LPP,AcademicSuccess,14,8,0.2575047016143799
LPP,AcademicSuccess,14,15,0.2729930877685547
LPP,AcademicSuccess,14,59,0.2896697521209717
LPP,AcademicSuccess,16,8,0.2577695846557617
LPP,AcademicSuccess,16,15,0.2434682846069336
LPP,AcademicSuccess,16,59,0.31375670433044434
LPP,BuyCoupon,2,9,1.7471182346343994
LPP,BuyCoupon,2,21,1.77321457862854
LPP,BuyCoupon,2,100,2.0590615272521973
LPP,BuyCoupon,5,9,1.714669942855835
LPP,BuyCoupon,5,21,2.0557188987731934
LPP,BuyCoupon,5,100,2.0091238021850586
LPP,BuyCoupon,8,9,1.7372517585754395
LPP,BuyCoupon,8,21,1.8093903064727783
LPP,BuyCoupon,8,100,1.8104100227355957
LPP,BuyCoupon,11,9,1.7891063690185547
LPP,BuyCoupon,11,21,1.8543689250946045
LPP,BuyCoupon,11,100,2.2465035915374756
LPP,BuyCoupon,14,9,1.7282404899597168
LPP,BuyCoupon,14,21,1.973266839981079
LPP,BuyCoupon,14,100,1.8023886680603027
LPP,BuyCoupon,17,9,1.5504941940307617
LPP,BuyCoupon,17,21,1.6424901485443115
LPP,BuyCoupon,17,100,1.8771777153015137
LPP,BuyCoupon,20,9,1.7660579681396484
LPP,BuyCoupon,20,21,1.7808685302734375
LPP,BuyCoupon,20,100,1.8533494472503662
LPP,BuyCoupon,23,9,1.7424366474151611
LPP,BuyCoupon,23,21,1.7945990562438965
LPP,BuyCoupon,23,100,2.126661539077759
LPP,BuyCoupon,26,9,1.7912018299102783
LPP,BuyCoupon,26,21,1.8696739673614502
LPP,BuyCoupon,26,100,2.0328965187072754
LPP,BuyCoupon,29,9,1.6874234676361084
LPP,BuyCoupon,29,21,1.846959114074707
LPP,BuyCoupon,29,100,1.9384033679962158
LPP,DryBean,2,9,1.3321011066436768
LPP,DryBean,2,22,1.3888585567474365
LPP,DryBean,2,104,1.578474760055542
LPP,DryBean,4,9,1.2785227298736572
LPP,DryBean,4,22,1.378539800643921
LPP,DryBean,4,104,1.6766252517700195
LPP,DryBean,6,9,1.2769126892089844
LPP,DryBean,6,22,1.4405992031097412
LPP,DryBean,6,104,1.6262891292572021
LPP,FakeWebsite,2,9,1.9250059127807617
LPP,FakeWebsite,2,20,1.9754319190979004
LPP,FakeWebsite,2,94,2.152297019958496
LPP,FakeWebsite,4,9,1.9958875179290771
LPP,FakeWebsite,4,20,1.9806723594665527
LPP,FakeWebsite,4,94,2.12056827545166
LPP,FakeWebsite,6,9,1.9947774410247803
LPP,FakeWebsite,6,20,1.9813849925994873
LPP,FakeWebsite,6,94,1.9862773418426514
LPP,FakeWebsite,8,9,1.9036900997161865
LPP,FakeWebsite,8,20,1.9853997230529785
LPP,FakeWebsite,8,94,2.030374526977539
LPP,FakeWebsite,10,9,2.0410733222961426
LPP,FakeWebsite,10,20,1.9473814964294434
LPP,FakeWebsite,10,94,2.0048327445983887
LPP,FakeWebsite,12,9,1.9665369987487793
LPP,FakeWebsite,12,20,2.001523971557617
LPP,FakeWebsite,12,94,2.02638840675354
LPP,FakeWebsite,14,9,2.0742251873016357
LPP,FakeWebsite,14,20,2.010651111602783
LPP,FakeWebsite,14,94,2.028378486633301
LPP,Glass,2,5,0.009241342544555664
LPP,Glass,2,5,0.014904022216796875
LPP,Glass,2,13,0.01932048797607422
LPP,Grade,2,6,0.02419281005859375
LPP,Grade,2,9,0.03394293785095215
LPP,Grade,2,28,0.038787126541137695
LPP,Heart,2,6,0.11232590675354004
LPP,Heart,2,9,0.08437013626098633
LPP,Heart,2,27,0.08996748924255371
LPP,Heart,4,6,0.10279989242553711
LPP,Heart,4,9,0.07614755630493164
LPP,Heart,4,27,0.09375548362731934
LPP,Heart,6,6,0.08211469650268555
LPP,Heart,6,9,0.09126520156860352
LPP,Heart,6,27,0.07846975326538086
LPP,Heart,8,6,0.0792691707611084
LPP,Heart,8,9,0.10534358024597168
LPP,Heart,8,27,0.06582808494567871
LPP,Parkinsons,2,5,0.07916975021362305
LPP,Parkinsons,2,5,0.07899069786071777
LPP,Parkinsons,2,12,0.08716416358947754
LPP,Parkinsons,4,5,0.09383201599121094
LPP,Parkinsons,4,5,0.07635879516601562
LPP,Parkinsons,4,12,0.09452080726623535
LPP,Parkinsons,6,5,0.08184528350830078
LPP,Parkinsons,6,5,0.1027975082397461
LPP,Parkinsons,6,12,0.09690642356872559
LPP,Parkinsons,8,5,0.0868370532989502
LPP,Parkinsons,8,5,0.0986025333404541
LPP,Parkinsons,8,12,0.07074499130249023
LPP,Parkinsons,10,5,0.0799262523651123
LPP,Parkinsons,10,5,0.07135510444641113
LPP,Parkinsons,10,12,0.07981681823730469
LPP,StayHospital,2,8,1.7770884037017822
LPP,StayHospital,2,19,1.932844638824463
LPP,StayHospital,2,89,2.0468904972076416
LPP,StayHospital,4,8,1.8447692394256592
LPP,StayHospital,4,19,1.7293345928192139
LPP,StayHospital,4,89,1.9797401428222656
LPP,StayHospital,6,8,1.7044799327850342
LPP,StayHospital,6,19,1.880852460861206
LPP,StayHospital,6,89,1.8615059852600098
LPP,StayHospital,8,8,1.834862470626831
LPP,StayHospital,8,19,1.7632520198822021
LPP,StayHospital,8,89,1.9479715824127197
LPP,StayHospital,10,8,1.8931562900543213
LPP,StayHospital,10,19,1.7347056865692139
LPP,StayHospital,10,89,1.841892957687378
LPP,StayHospital,12,8,1.7100799083709717
LPP,StayHospital,12,19,2.0845370292663574
LPP,StayHospital,12,89,1.9671990871429443
LPP,StayHospital,14,8,1.754822015762329
LPP,StayHospital,14,19,1.8359875679016113
LPP,StayHospital,14,89,1.9183757305145264
LPP,StayHospital,16,8,1.8735270500183105
LPP,StayHospital,16,19,1.7296500205993652
LPP,StayHospital,16,89,1.8072474002838135
LPP,StayHospital,18,8,1.738651990890503
LPP,StayHospital,18,19,1.864236831665039
LPP,StayHospital,18,89,1.8540756702423096
LPP,StayHospital,20,8,2.0781500339508057
LPP,StayHospital,20,19,1.7254583835601807
LPP,StayHospital,20,89,1.784925937652588
LPP,StayHospital,22,8,1.802332878112793
LPP,StayHospital,22,19,1.6833925247192383
LPP,StayHospital,22,89,1.8515307903289795
LPP,StayHospital,24,8,1.6960806846618652
LPP,StayHospital,24,19,1.7665376663208008
LPP,StayHospital,24,89,1.8083302974700928
LPP,Zoo,2,4,0.06426596641540527
LPP,Zoo,2,4,0.008104324340820312
LPP,Zoo,2,8,0.002409219741821289
LPP,Zoo,4,4,0.002339601516723633
LPP,Zoo,4,4,0.002517223358154297
LPP,Zoo,4,8,0.0025413036346435547
LPP,Zoo,6,4,0.0024597644805908203
LPP,Zoo,6,4,0.002389669418334961
LPP,Zoo,6,8,0.002413511276245117
Index(['dr_name', 'dataset_name', 'n_components', 'n_neighbors',
       'transform_time'],
      dtype='object')
LPP,AcademicSuccess,2,8,0.0008103847503662109
LPP,AcademicSuccess,2,15,0.0007710456848144531
LPP,AcademicSuccess,2,59,0.0007636547088623047
LPP,AcademicSuccess,4,8,0.0007691383361816406
LPP,AcademicSuccess,4,15,0.0007653236389160156
LPP,AcademicSuccess,4,59,0.0007641315460205078
LPP,AcademicSuccess,6,8,0.0007741451263427734
LPP,AcademicSuccess,6,15,0.0007696151733398438
LPP,AcademicSuccess,6,59,0.0007715225219726562
LPP,AcademicSuccess,8,8,0.0007660388946533203
LPP,AcademicSuccess,8,15,0.0007855892181396484
LPP,AcademicSuccess,8,59,0.0007886886596679688
LPP,AcademicSuccess,10,8,0.020916461944580078
LPP,AcademicSuccess,10,15,0.028691530227661133
LPP,AcademicSuccess,10,59,0.0009984970092773438
LPP,AcademicSuccess,12,8,0.0009357929229736328
LPP,AcademicSuccess,12,15,0.0009145736694335938
LPP,AcademicSuccess,12,59,0.0009238719940185547
LPP,AcademicSuccess,14,8,0.0009047985076904297
LPP,AcademicSuccess,14,15,0.013735294342041016
LPP,AcademicSuccess,14,59,0.0009324550628662109
LPP,AcademicSuccess,16,8,0.0009083747863769531
LPP,AcademicSuccess,16,15,0.0009031295776367188
LPP,AcademicSuccess,16,59,0.0008950233459472656
LPP,BuyCoupon,2,9,0.0013875961303710938
LPP,BuyCoupon,2,21,0.009826421737670898
LPP,BuyCoupon,2,100,0.0014925003051757812
LPP,BuyCoupon,5,9,0.001497030258178711
LPP,BuyCoupon,5,21,0.001478433609008789
LPP,BuyCoupon,5,100,0.01208806037902832
LPP,BuyCoupon,8,9,0.0015571117401123047
LPP,BuyCoupon,8,21,0.0016036033630371094
LPP,BuyCoupon,8,100,0.0015459060668945312
LPP,BuyCoupon,11,9,0.0015957355499267578
LPP,BuyCoupon,11,21,0.0015788078308105469
LPP,BuyCoupon,11,100,0.0016031265258789062
LPP,BuyCoupon,14,9,0.0016965866088867188
LPP,BuyCoupon,14,21,0.001687765121459961
LPP,BuyCoupon,14,100,0.0016818046569824219
LPP,BuyCoupon,17,9,0.0016562938690185547
LPP,BuyCoupon,17,21,0.001634359359741211
LPP,BuyCoupon,17,100,0.0016520023345947266
LPP,BuyCoupon,20,9,0.0016498565673828125
LPP,BuyCoupon,20,21,0.001644134521484375
LPP,BuyCoupon,20,100,0.0016431808471679688
LPP,BuyCoupon,23,9,0.0016596317291259766
LPP,BuyCoupon,23,21,0.0016651153564453125
LPP,BuyCoupon,23,100,0.0016543865203857422
LPP,BuyCoupon,26,9,0.0017778873443603516
LPP,BuyCoupon,26,21,0.0018277168273925781
LPP,BuyCoupon,26,100,0.0017447471618652344
LPP,BuyCoupon,29,9,0.0018017292022705078
LPP,BuyCoupon,29,21,0.0018100738525390625
LPP,BuyCoupon,29,100,0.0019292831420898438
LPP,DryBean,2,9,0.0007548332214355469
LPP,DryBean,2,22,0.0007445812225341797
LPP,DryBean,2,104,0.0007433891296386719
LPP,DryBean,4,9,0.0007491111755371094
LPP,DryBean,4,22,0.0007476806640625
LPP,DryBean,4,104,0.0007469654083251953
LPP,DryBean,6,9,0.0007843971252441406
LPP,DryBean,6,22,0.0007653236389160156
LPP,DryBean,6,104,0.0007636547088623047
LPP,FakeWebsite,2,9,0.0008652210235595703
LPP,FakeWebsite,2,20,0.0008225440979003906
LPP,FakeWebsite,2,94,0.0008215904235839844
LPP,FakeWebsite,4,9,0.0007929801940917969
LPP,FakeWebsite,4,20,0.0008301734924316406
LPP,FakeWebsite,4,94,0.0008232593536376953
LPP,FakeWebsite,6,9,0.0008490085601806641
LPP,FakeWebsite,6,20,0.0008642673492431641
LPP,FakeWebsite,6,94,0.0008499622344970703
LPP,FakeWebsite,8,9,0.0008699893951416016
LPP,FakeWebsite,8,20,0.010944366455078125
LPP,FakeWebsite,8,94,0.0009353160858154297
LPP,FakeWebsite,10,9,0.0009186267852783203
LPP,FakeWebsite,10,20,0.000888824462890625
LPP,FakeWebsite,10,94,0.0009109973907470703
LPP,FakeWebsite,12,9,0.0009534358978271484
LPP,FakeWebsite,12,20,0.0009708404541015625
LPP,FakeWebsite,12,94,0.0009539127349853516
LPP,FakeWebsite,14,9,0.0009627342224121094
LPP,FakeWebsite,14,20,0.0010008811950683594
LPP,FakeWebsite,14,94,0.0009431838989257812
LPP,Glass,2,5,0.0006582736968994141
LPP,Glass,2,5,0.0006449222564697266
LPP,Glass,2,13,0.0006496906280517578
LPP,Grade,2,6,0.0006389617919921875
LPP,Grade,2,9,0.0006389617919921875
LPP,Grade,2,28,0.0006306171417236328
LPP,Heart,2,6,0.0007598400115966797
LPP,Heart,2,9,0.00074005126953125
LPP,Heart,2,27,0.0007443428039550781
LPP,Heart,4,6,0.0007452964782714844
LPP,Heart,4,9,0.0007467269897460938
LPP,Heart,4,27,0.0007436275482177734
LPP,Heart,6,6,0.0007407665252685547
LPP,Heart,6,9,0.0007467269897460938
LPP,Heart,6,27,0.0007443428039550781
LPP,Heart,8,6,0.0007379055023193359
LPP,Heart,8,9,0.0007419586181640625
LPP,Heart,8,27,0.0007393360137939453
LPP,Parkinsons,2,5,0.0007028579711914062
LPP,Parkinsons,2,5,0.0006997585296630859
LPP,Parkinsons,2,12,0.0006940364837646484
LPP,Parkinsons,4,5,0.0007004737854003906
LPP,Parkinsons,4,5,0.0006761550903320312
LPP,Parkinsons,4,12,0.0006682872772216797
LPP,Parkinsons,6,5,0.0006740093231201172
LPP,Parkinsons,6,5,0.0006732940673828125
LPP,Parkinsons,6,12,0.0006680488586425781
LPP,Parkinsons,8,5,0.0006692409515380859
LPP,Parkinsons,8,5,0.0006721019744873047
LPP,Parkinsons,8,12,0.0006659030914306641
LPP,Parkinsons,10,5,0.0006716251373291016
LPP,Parkinsons,10,5,0.0006761550903320312
LPP,Parkinsons,10,12,0.0006694793701171875
LPP,StayHospital,2,8,0.013143539428710938
LPP,StayHospital,2,19,0.0009319782257080078
LPP,StayHospital,2,89,0.0009229183197021484
LPP,StayHospital,4,8,0.006684541702270508
LPP,StayHospital,4,19,0.011520624160766602
LPP,StayHospital,4,89,0.0027887821197509766
LPP,StayHospital,6,8,0.0026900768280029297
LPP,StayHospital,6,19,0.002711057662963867
LPP,StayHospital,6,89,0.004435539245605469
LPP,StayHospital,8,8,0.011198043823242188
LPP,StayHospital,8,19,0.01111745834350586
LPP,StayHospital,8,89,0.007050514221191406
LPP,StayHospital,10,8,0.0028247833251953125
LPP,StayHospital,10,19,0.0028154850006103516
LPP,StayHospital,10,89,0.00281524658203125
LPP,StayHospital,12,8,0.024131298065185547
LPP,StayHospital,12,19,0.0027740001678466797
LPP,StayHospital,12,89,0.019021034240722656
LPP,StayHospital,14,8,0.0011682510375976562
LPP,StayHospital,14,19,0.0011022090911865234
LPP,StayHospital,14,89,0.001127004623413086
LPP,StayHospital,16,8,0.012804508209228516
LPP,StayHospital,16,19,0.003034830093383789
LPP,StayHospital,16,89,0.001117706298828125
LPP,StayHospital,18,8,0.0011463165283203125
LPP,StayHospital,18,19,0.0011446475982666016
LPP,StayHospital,18,89,0.009069204330444336
LPP,StayHospital,20,8,0.001184225082397461
LPP,StayHospital,20,19,0.0011487007141113281
LPP,StayHospital,20,89,0.0011296272277832031
LPP,StayHospital,22,8,0.00116729736328125
LPP,StayHospital,22,19,0.01108551025390625
LPP,StayHospital,22,89,0.0011837482452392578
LPP,StayHospital,24,8,0.0015044212341308594
LPP,StayHospital,24,19,0.0012285709381103516
LPP,StayHospital,24,89,0.0011773109436035156
LPP,Zoo,2,4,0.0007333755493164062
LPP,Zoo,2,4,0.0007240772247314453
LPP,Zoo,2,8,0.0007138252258300781
LPP,Zoo,4,4,0.0007269382476806641
LPP,Zoo,4,4,0.0007236003875732422
LPP,Zoo,4,8,0.0006825923919677734
LPP,Zoo,6,4,0.0006897449493408203
LPP,Zoo,6,4,0.0007002353668212891
LPP,Zoo,6,8,0.0006833076477050781
Index(['dr_name', 'dataset_name', 'n_components', 'n_neighbors', 'accuracy',
       'precision', 'recall', 'f1_score'],
      dtype='object')
[['LPP' 'AcademicSuccess' 2 8 0.6519774011299435 0.7506112547479971
  0.6519774011299435 0.5786687511422788]]
[['LPP' 'AcademicSuccess' 2 15 0.6474576271186441 0.7455743879472693
  0.6474576271186441 0.5741471697329026]]
[['LPP' 'AcademicSuccess' 2 59 0.656497175141243 0.7615206631820735
  0.656497175141243 0.5826294175231647]]
[['LPP' 'AcademicSuccess' 4 8 0.6587570621468927 0.7654114555460159
  0.6587570621468927 0.5846297445812776]]
[['LPP' 'AcademicSuccess' 4 15 0.6576271186440678 0.7673599950461528
  0.6576271186440678 0.5836295253779259]]
[['LPP' 'AcademicSuccess' 4 59 0.6542372881355932 0.764108824424052
  0.6542372881355932 0.5796075067010135]]
[['LPP' 'AcademicSuccess' 6 8 0.6711864406779661 0.6405752439650746
  0.6711864406779661 0.6041062363460139]]
[['LPP' 'AcademicSuccess' 6 15 0.6768361581920904 0.6773629179719384
  0.6768361581920904 0.6114342097820272]]
[['LPP' 'AcademicSuccess' 6 59 0.6813559322033899 0.6338123358885165
  0.6813559322033899 0.6131615404010166]]
[['LPP' 'AcademicSuccess' 8 8 0.6689265536723163 0.624430882114431
  0.6689265536723163 0.6005400838569093]]
[['LPP' 'AcademicSuccess' 8 15 0.6937853107344633 0.6758695046885345
  0.6937853107344633 0.6324589970624243]]
[['LPP' 'AcademicSuccess' 8 59 0.7050847457627119 0.6955786887263806
  0.7050847457627119 0.6443614211096318]]
[['LPP' 'AcademicSuccess' 10 8 0.6836158192090396 0.6716970583924439
  0.6836158192090396 0.6190222796719513]]
[['LPP' 'AcademicSuccess' 10 15 0.6949152542372882 0.7038020449521002
  0.6949152542372882 0.6384065879019787]]
[['LPP' 'AcademicSuccess' 10 59 0.711864406779661 0.6892935823551346
  0.711864406779661 0.6608232602646311]]
[['LPP' 'AcademicSuccess' 12 8 0.6847457627118644 0.6806243076550491
  0.6847457627118644 0.6265675446435515]]
[['LPP' 'AcademicSuccess' 12 15 0.688135593220339 0.673845739856692
  0.688135593220339 0.6362036531641543]]
[['LPP' 'AcademicSuccess' 12 59 0.7310734463276836 0.7150042229383451
  0.7310734463276836 0.6971070686209789]]
[['LPP' 'AcademicSuccess' 14 8 0.6983050847457627 0.6832071020682998
  0.6983050847457627 0.6541757267234339]]
[['LPP' 'AcademicSuccess' 14 15 0.7028248587570621 0.6905395485570321
  0.7028248587570621 0.6594507237128885]]
[['LPP' 'AcademicSuccess' 14 59 0.7265536723163842 0.7073392099177425
  0.7265536723163842 0.6915299362832711]]
[['LPP' 'AcademicSuccess' 16 8 0.7050847457627119 0.6806964495129463
  0.7050847457627119 0.6685201822247271]]
[['LPP' 'AcademicSuccess' 16 15 0.7084745762711865 0.686544645778427
  0.7084745762711865 0.6739697514349096]]
[['LPP' 'AcademicSuccess' 16 59 0.7163841807909604 0.6950968813700453
  0.7163841807909604 0.6868165078192313]]
[['LPP' 'BuyCoupon' 2 9 0.5675995270003942 0.5680473372781065
  0.9986130374479889 0.7241639426703546]]
[['LPP' 'BuyCoupon' 2 21 0.5683878596767836 0.5683878596767836 1.0
  0.7248052274440815]]
[['LPP' 'BuyCoupon' 2 100 0.5719353567205361 0.5716009654062751
  0.9854368932038835 0.7235234215885947]]
[['LPP' 'BuyCoupon' 5 9 0.5648403626330312 0.5672235481304694
  0.9889042995839112 0.7209302325581396]]
[['LPP' 'BuyCoupon' 5 21 0.5687820260149783 0.5686661404893449
  0.9993065187239945 0.7248490945674044]]
[['LPP' 'BuyCoupon' 5 100 0.5683878596767836 0.5683878596767836 1.0
  0.7248052274440815]]
[['LPP' 'BuyCoupon' 8 9 0.5648403626330312 0.5672235481304694
  0.9889042995839112 0.7209302325581396]]
[['LPP' 'BuyCoupon' 8 21 0.5683878596767836 0.5683878596767836 1.0
  0.7248052274440815]]
[['LPP' 'BuyCoupon' 8 100 0.5683878596767836 0.5683878596767836 1.0
  0.7248052274440815]]
[['LPP' 'BuyCoupon' 11 9 0.5648403626330312 0.5672235481304694
  0.9889042995839112 0.7209302325581396]]
[['LPP' 'BuyCoupon' 11 21 0.5683878596767836 0.5683878596767836 1.0
  0.7248052274440815]]
[['LPP' 'BuyCoupon' 11 100 0.5683878596767836 0.5683878596767836 1.0
  0.7248052274440815]]
[['LPP' 'BuyCoupon' 14 9 0.5648403626330312 0.5672235481304694
  0.9889042995839112 0.7209302325581396]]
[['LPP' 'BuyCoupon' 14 21 0.5648403626330312 0.5672235481304694
  0.9889042995839112 0.7209302325581396]]
[['LPP' 'BuyCoupon' 14 100 0.5683878596767836 0.5683878596767836 1.0
  0.7248052274440815]]
[['LPP' 'BuyCoupon' 17 9 0.5648403626330312 0.5672235481304694
  0.9889042995839112 0.7209302325581396]]
[['LPP' 'BuyCoupon' 17 21 0.5648403626330312 0.5672235481304694
  0.9889042995839112 0.7209302325581396]]
[['LPP' 'BuyCoupon' 17 100 0.5648403626330312 0.5672235481304694
  0.9889042995839112 0.7209302325581396]]
[['LPP' 'BuyCoupon' 20 9 0.5695703586913677 0.5787578757875788
  0.8918169209431346 0.7019650655021834]]
[['LPP' 'BuyCoupon' 20 21 0.5668111943240047 0.574468085106383
  0.9174757281553398 0.7065420560747665]]
[['LPP' 'BuyCoupon' 20 100 0.607016160819866 0.6090151886330231
  0.8619972260748959 0.7137525122021244]]
[['LPP' 'BuyCoupon' 23 9 0.584548679542767 0.5866071428571429
  0.9112343966712899 0.7137425312330257]]
[['LPP' 'BuyCoupon' 23 21 0.6066219944816713 0.6128048780487805
  0.8363384188626907 0.7073313782991202]]
[['LPP' 'BuyCoupon' 23 100 0.62238864800946 0.6283138918345705
  0.8217753120665742 0.7121394230769231]]
[['LPP' 'BuyCoupon' 26 9 0.5932203389830508 0.5961538461538461
  0.8814147018030514 0.7112479015109122]]
[['LPP' 'BuyCoupon' 26 21 0.612534489554592 0.6178736517719569
  0.834257975034674 0.7099439362643847]]
[['LPP' 'BuyCoupon' 26 100 0.6283011430823807 0.635230352303523
  0.812760055478502 0.7131122604198357]]
[['LPP' 'BuyCoupon' 29 9 0.6022861647615294 0.6107416879795396
  0.8280166435506241 0.7029732116573447]]
[['LPP' 'BuyCoupon' 29 21 0.6302719747733544 0.6392265193370166
  0.8023578363384188 0.7115621156211561]]
[['LPP' 'BuyCoupon' 29 100 0.6397319668900275 0.6448957189901208
  0.8148404993065187 0.7199754901960785]]
[['LPP' 'DryBean' 2 9 0.868160117517444 0.8685947829066141
  0.868160117517444 0.8664346204555482]]
[['LPP' 'DryBean' 2 22 0.866691149467499 0.8671714553391268
  0.866691149467499 0.8651389670568765]]
[['LPP' 'DryBean' 2 104 0.8688946015424165 0.8690234094051763
  0.8688946015424165 0.8676427663818823]]
[['LPP' 'DryBean' 4 9 0.9023136246786633 0.9037720549473564
  0.9023136246786633 0.9024127690112971]]
[['LPP' 'DryBean' 4 22 0.9026808666911494 0.9042858718812192
  0.9026808666911494 0.902920397185144]]
[['LPP' 'DryBean' 4 104 0.9052515607785531 0.9070524157441479
  0.9052515607785531 0.9055355107358697]]
[['LPP' 'DryBean' 6 9 0.9155343371281675 0.9164802925044122
  0.9155343371281675 0.9157575380018446]]
[['LPP' 'DryBean' 6 22 0.9214102093279471 0.9223520786484892
  0.9214102093279471 0.9216495678773914]]
[['LPP' 'DryBean' 6 104 0.9239809034153507 0.9249981665282369
  0.9239809034153507 0.9242922181522689]]
[['LPP' 'FakeWebsite' 2 9 0.8163726820443238 0.8035320088300221
  0.8870836718115354 0.8432432432432432]]
[['LPP' 'FakeWebsite' 2 20 0.8181818181818182 0.8001448225923244
  0.8976441917140536 0.8460949464012252]]
[['LPP' 'FakeWebsite' 2 94 0.8548168249660787 0.828757225433526
  0.9317627944760357 0.8772466539196941]]
[['LPP' 'FakeWebsite' 4 9 0.8977838082315694 0.900398406374502
  0.9179528838342811 0.9090909090909091]]
[['LPP' 'FakeWebsite' 4 20 0.89280868385346 0.8976 0.9114541023558083
  0.9044740024183796]]
[['LPP' 'FakeWebsite' 4 94 0.8914518317503393 0.8992747784045125
  0.9065800162469537 0.9029126213592233]]
[['LPP' 'FakeWebsite' 6 9 0.9014020805065581 0.8972549019607843
  0.9293257514216084 0.9130087789305666]]
[['LPP' 'FakeWebsite' 6 20 0.9018543645409317 0.901743264659271
  0.9244516653127539 0.9129562775772162]]
[['LPP' 'FakeWebsite' 6 94 0.8964269561284487 0.9059967585089141
  0.9082047116165719 0.9070993914807303]]
[['LPP' 'FakeWebsite' 8 9 0.9122568973315242 0.9111816019032514
  0.9333874898456539 0.9221508828250401]]
[['LPP' 'FakeWebsite' 8 20 0.911352329262777 0.9110405083399523
  0.9317627944760357 0.921285140562249]]
[['LPP' 'FakeWebsite' 8 94 0.9140660334690185 0.9127676447264076
  0.9350121852152722 0.9237560192616372]]
[['LPP' 'FakeWebsite' 10 9 0.9222071460877431 0.9192399049881235
  0.9431356620633631 0.9310344827586206]]
[['LPP' 'FakeWebsite' 10 20 0.9194934418815016 0.9155485398579322
  0.942323314378554 0.9287429943955163]]
[['LPP' 'FakeWebsite' 10 94 0.9176843057440073 0.913317572892041
  0.9415109666937449 0.9272]]
[['LPP' 'FakeWebsite' 12 9 0.942107643600181 0.9332285938727416
  0.9650690495532088 0.9488817891373802]]
[['LPP' 'FakeWebsite' 12 20 0.9380370872908186 0.9280125195618153
  0.9634443541835905 0.9453965723395775]]
[['LPP' 'FakeWebsite' 12 94 0.9416553595658074 0.9284603421461898
  0.9699431356620634 0.9487485101311085]]
[['LPP' 'FakeWebsite' 14 9 0.9502487562189055 0.9416863672182821
  0.9707554833468724 0.956]]
[['LPP' 'FakeWebsite' 14 20 0.9484396200814111 0.9408050513022889
  0.9683184402924452 0.9543634907926342]]
[['LPP' 'FakeWebsite' 14 94 0.9493441881501583 0.9402045633359559
  0.9707554833468724 0.9552358113509192]]
[['LPP' 'Glass' 2 5 0.5581395348837209 0.6414696111002541
  0.5581395348837209 0.49771533792539047]]
[['LPP' 'Glass' 2 13 0.6046511627906976 0.6788825689394485
  0.6046511627906976 0.5626321353065539]]
[['LPP' 'Grade' 2 6 0.96 0.9623480017006805 0.96 0.9598995742578021]]
[['LPP' 'Grade' 2 9 0.96 0.9623480017006805 0.96 0.9598995742578021]]
[['LPP' 'Grade' 2 28 0.955 0.9591326530612244 0.955 0.9550650166826636]]
[['LPP' 'Heart' 2 6 0.5543478260869565 0.5543478260869565 1.0
  0.7132867132867133]]
[['LPP' 'Heart' 2 9 0.5543478260869565 0.5543478260869565 1.0
  0.7132867132867133]]
[['LPP' 'Heart' 2 27 0.5543478260869565 0.5543478260869565 1.0
  0.7132867132867133]]
[['LPP' 'Heart' 4 6 0.625 0.7323943661971831 0.5098039215686274
  0.6011560693641619]]
[['LPP' 'Heart' 4 9 0.6086956521739131 0.7272727272727273
  0.47058823529411764 0.5714285714285714]]
[['LPP' 'Heart' 4 27 0.6086956521739131 0.7205882352941176
  0.4803921568627451 0.5764705882352942]]
[['LPP' 'Heart' 6 6 0.7065217391304348 0.7105263157894737
  0.7941176470588235 0.7499999999999999]]
[['LPP' 'Heart' 6 9 0.7010869565217391 0.7008547008547008
  0.803921568627451 0.7488584474885844]]
[['LPP' 'Heart' 6 27 0.7119565217391305 0.7168141592920354
  0.7941176470588235 0.7534883720930233]]
[['LPP' 'Heart' 8 6 0.7228260869565217 0.717948717948718
  0.8235294117647058 0.767123287671233]]
[['LPP' 'Heart' 8 9 0.7934782608695652 0.8018867924528302
  0.8333333333333334 0.8173076923076923]]
[['LPP' 'Heart' 8 27 0.7554347826086957 0.7478260869565218
  0.8431372549019608 0.7926267281105991]]
[['LPP' 'Parkinsons' 2 5 0.8461538461538461 0.8285714285714286 1.0
  0.90625]]
[['LPP' 'Parkinsons' 2 12 0.8205128205128205 0.8055555555555556 1.0
  0.8923076923076924]]
[['LPP' 'Parkinsons' 4 5 0.8461538461538461 0.8285714285714286 1.0
  0.90625]]
[['LPP' 'Parkinsons' 4 12 0.8205128205128205 0.8055555555555556 1.0
  0.8923076923076924]]
[['LPP' 'Parkinsons' 6 5 0.8205128205128205 0.8235294117647058
  0.9655172413793104 0.888888888888889]]
[['LPP' 'Parkinsons' 6 12 0.8205128205128205 0.8055555555555556 1.0
  0.8923076923076924]]
[['LPP' 'Parkinsons' 8 5 0.8717948717948718 0.8529411764705882 1.0
  0.9206349206349206]]
[['LPP' 'Parkinsons' 8 12 0.8717948717948718 0.8529411764705882 1.0
  0.9206349206349206]]
[['LPP' 'Parkinsons' 10 5 0.8461538461538461 0.8285714285714286 1.0
  0.90625]]
[['LPP' 'Parkinsons' 10 12 0.8205128205128205 0.8055555555555556 1.0
  0.8923076923076924]]
[['LPP' 'StayHospital' 2 8 0.2945 0.5016704513862877 0.2945
  0.15468598650779652]]
[['LPP' 'StayHospital' 2 19 0.2955 0.79182025 0.2955 0.1348054805094558]]
[['LPP' 'StayHospital' 2 89 0.294 0.5148488157525927 0.294
  0.14373452476015225]]
[['LPP' 'StayHospital' 4 8 0.2955 0.79182025 0.2955 0.1348054805094558]]
/home/soyoung/.local/lib/python3.8/site-packages/umap/distances.py:1063: NumbaDeprecationWarning: [1mThe 'nopython' keyword argument was not supplied to the 'numba.jit' decorator. The implicit default value for this argument is currently False, but it will be changed to True in Numba 0.59.0. See https://numba.readthedocs.io/en/stable/reference/deprecation.html#deprecation-of-object-mode-fall-back-behaviour-when-using-jit for details.[0m
  @numba.jit()
/home/soyoung/.local/lib/python3.8/site-packages/umap/distances.py:1071: NumbaDeprecationWarning: [1mThe 'nopython' keyword argument was not supplied to the 'numba.jit' decorator. The implicit default value for this argument is currently False, but it will be changed to True in Numba 0.59.0. See https://numba.readthedocs.io/en/stable/reference/deprecation.html#deprecation-of-object-mode-fall-back-behaviour-when-using-jit for details.[0m
  @numba.jit()
/home/soyoung/.local/lib/python3.8/site-packages/umap/distances.py:1086: NumbaDeprecationWarning: [1mThe 'nopython' keyword argument was not supplied to the 'numba.jit' decorator. The implicit default value for this argument is currently False, but it will be changed to True in Numba 0.59.0. See https://numba.readthedocs.io/en/stable/reference/deprecation.html#deprecation-of-object-mode-fall-back-behaviour-when-using-jit for details.[0m
  @numba.jit()
/home/soyoung/.local/lib/python3.8/site-packages/umap/umap_.py:660: NumbaDeprecationWarning: [1mThe 'nopython' keyword argument was not supplied to the 'numba.jit' decorator. The implicit default value for this argument is currently False, but it will be changed to True in Numba 0.59.0. See https://numba.readthedocs.io/en/stable/reference/deprecation.html#deprecation-of-object-mode-fall-back-behaviour-when-using-jit for details.[0m
  @numba.jit()
[['LPP' 'StayHospital' 4 19 0.2955 0.79182025 0.2955 0.1348054805094558]]
[['LPP' 'StayHospital' 4 89 0.2955 0.79182025 0.2955 0.1348054805094558]]
[['LPP' 'StayHospital' 6 8 0.2955 0.79182025 0.2955 0.1348054805094558]]
[['LPP' 'StayHospital' 6 19 0.2955 0.79182025 0.2955 0.1348054805094558]]
[['LPP' 'StayHospital' 6 89 0.2955 0.79182025 0.2955 0.1348054805094558]]
[['LPP' 'StayHospital' 8 8 0.2955 0.79182025 0.2955 0.1348054805094558]]
[['LPP' 'StayHospital' 8 19 0.297 0.547941855187823 0.297
  0.14397486192301878]]
[['LPP' 'StayHospital' 8 89 0.2955 0.79182025 0.2955 0.1348054805094558]]
[['LPP' 'StayHospital' 10 8 0.297 0.5563986137943724 0.297
  0.14480254127213066]]
[['LPP' 'StayHospital' 10 19 0.297 0.5510601927669738 0.297
  0.14392687768301654]]
[['LPP' 'StayHospital' 10 89 0.2955 0.5299393088185222 0.2955
  0.14103741659963323]]
[['LPP' 'StayHospital' 12 8 0.297 0.4311234228831854 0.297
  0.15712192518245838]]
[['LPP' 'StayHospital' 12 19 0.297 0.6894654200819672 0.297
  0.14352982171988335]]
[['LPP' 'StayHospital' 12 89 0.296 0.5116918777943369 0.296
  0.1426906222612953]]
[['LPP' 'StayHospital' 14 8 0.299 0.44493460681199953 0.299
  0.16933695837835522]]
[['LPP' 'StayHospital' 14 19 0.304 0.5295151342674604 0.304
  0.17529183756450809]]
[['LPP' 'StayHospital' 14 89 0.298 0.35374544398837876 0.298
  0.16778522327467213]]
[['LPP' 'StayHospital' 16 8 0.3045 0.39659887762775897 0.3045
  0.1781612505230983]]
[['LPP' 'StayHospital' 16 19 0.3125 0.42418161203875493 0.3125
  0.1913077396090493]]
[['LPP' 'StayHospital' 16 89 0.3055 0.3981343580733532 0.3055
  0.17991015199815047]]
[['LPP' 'StayHospital' 18 8 0.322 0.4200561212792386 0.322
  0.22301597219834668]]
[['LPP' 'StayHospital' 18 19 0.3115 0.4164151198972441 0.3115
  0.20314578105225292]]
[['LPP' 'StayHospital' 18 89 0.3135 0.39854133246282675 0.3135
  0.19730159203509157]]
[['LPP' 'StayHospital' 20 8 0.3425 0.44088072125170163 0.3425
  0.2500270890159957]]
[['LPP' 'StayHospital' 20 19 0.32 0.42169415224760487 0.32
  0.21534189110827098]]
[['LPP' 'StayHospital' 20 89 0.3215 0.4078403286556192 0.3215
  0.22397337039284546]]
[['LPP' 'StayHospital' 22 8 0.3565 0.44028285116541216 0.3565
  0.2697506426458152]]
[['LPP' 'StayHospital' 22 19 0.3325 0.42861448904632027 0.3325
  0.23581540094466164]]
[['LPP' 'StayHospital' 22 89 0.3385 0.4228827884275694 0.3385
  0.2515240260281723]]
[['LPP' 'StayHospital' 24 8 0.3585 0.44062318760334057 0.3585
  0.27695840230204216]]
[['LPP' 'StayHospital' 24 19 0.3415 0.4188781066972243 0.3415
  0.2542393540831983]]
[['LPP' 'StayHospital' 24 89 0.3475 0.37158649138330896 0.3475
  0.27332603920259735]]
[['LPP' 'Zoo' 2 4 0.7142857142857143 0.9047619047619048
  0.7142857142857143 0.6428571428571429]]
[['LPP' 'Zoo' 2 8 0.7142857142857143 0.7582417582417582
  0.7142857142857143 0.6235827664399093]]
[['LPP' 'Zoo' 4 4 0.8095238095238095 0.8214285714285714
  0.8095238095238095 0.7573696145124716]]
[['LPP' 'Zoo' 4 8 0.8095238095238095 0.783068783068783 0.8095238095238095
  0.7680672268907562]]
[['LPP' 'Zoo' 6 4 1.0 1.0 1.0 1.0]]
[['LPP' 'Zoo' 6 8 0.9523809523809523 0.9682539682539681
  0.9523809523809523 0.9333333333333333]]
Finished python experiment_script.py
