Entered python experiment_script.py
----------pca----------
Index(['dr_name', 'dataset_name', 'n_components', 'n_neighbors',
       'fit_transform_time'],
      dtype='object')
PCA,AcademicSuccess,2,None,0.08184075355529785
PCA,AcademicSuccess,4,None,0.10725212097167969
PCA,AcademicSuccess,6,None,0.08779168128967285
PCA,AcademicSuccess,8,None,0.13333868980407715
PCA,AcademicSuccess,10,None,0.11191797256469727
PCA,AcademicSuccess,12,None,0.1125490665435791
PCA,AcademicSuccess,14,None,0.0809946060180664
PCA,AcademicSuccess,16,None,0.2497401237487793
PCA,BuyCoupon,2,None,0.25694775581359863
PCA,BuyCoupon,5,None,0.14193964004516602
PCA,BuyCoupon,8,None,0.19809317588806152
PCA,BuyCoupon,11,None,0.11625123023986816
PCA,BuyCoupon,14,None,0.13834214210510254
PCA,BuyCoupon,17,None,0.09105515480041504
PCA,BuyCoupon,20,None,0.17856383323669434
PCA,BuyCoupon,23,None,0.23583531379699707
PCA,BuyCoupon,26,None,0.15997791290283203
PCA,BuyCoupon,29,None,0.2560265064239502
PCA,DryBean,2,None,0.03577113151550293
PCA,DryBean,4,None,0.05883002281188965
PCA,DryBean,6,None,0.06455636024475098
PCA,FakeWebsite,2,None,0.01877760887145996
PCA,FakeWebsite,4,None,0.18183469772338867
PCA,FakeWebsite,6,None,0.27493762969970703
PCA,FakeWebsite,8,None,0.06954216957092285
PCA,FakeWebsite,10,None,0.10289645195007324
PCA,FakeWebsite,12,None,0.12498140335083008
PCA,FakeWebsite,14,None,0.11500167846679688
PCA,Glass,2,None,0.009979248046875
PCA,Grade,2,None,0.01683521270751953
PCA,Heart,2,None,0.012331962585449219
PCA,Heart,4,None,0.020679712295532227
PCA,Heart,6,None,0.0043413639068603516
PCA,Heart,8,None,0.011215686798095703
PCA,Parkinsons,2,None,0.0049664974212646484
PCA,Parkinsons,4,None,0.0046312808990478516
PCA,Parkinsons,6,None,0.006543397903442383
PCA,Parkinsons,8,None,0.006670951843261719
PCA,Parkinsons,10,None,0.0013458728790283203
PCA,StayHospital,2,None,0.2722361087799072
PCA,StayHospital,4,None,0.12687945365905762
PCA,StayHospital,6,None,0.04576992988586426
PCA,StayHospital,8,None,0.03522968292236328
PCA,StayHospital,10,None,0.15455269813537598
PCA,StayHospital,12,None,0.05958271026611328
PCA,StayHospital,14,None,0.2553112506866455
PCA,StayHospital,16,None,0.17847084999084473
PCA,StayHospital,18,None,0.24344372749328613
PCA,StayHospital,20,None,0.340623140335083
PCA,StayHospital,22,None,0.1370687484741211
PCA,StayHospital,24,None,0.21247386932373047
PCA,Zoo,2,None,0.006896257400512695
PCA,Zoo,4,None,0.0070018768310546875
PCA,Zoo,6,None,0.001850128173828125
Index(['dr_name', 'dataset_name', 'n_components', 'n_neighbors',
       'transform_time'],
      dtype='object')
PCA,AcademicSuccess,2,None,0.0009913444519042969
PCA,AcademicSuccess,4,None,0.0009255409240722656
PCA,AcademicSuccess,6,None,0.000934600830078125
PCA,AcademicSuccess,8,None,0.0009443759918212891
PCA,AcademicSuccess,10,None,0.0024461746215820312
PCA,AcademicSuccess,12,None,0.004266500473022461
PCA,AcademicSuccess,14,None,0.004355430603027344
PCA,AcademicSuccess,16,None,0.004212856292724609
PCA,BuyCoupon,2,None,0.006900787353515625
PCA,BuyCoupon,5,None,0.0040242671966552734
PCA,BuyCoupon,8,None,0.00912165641784668
PCA,BuyCoupon,11,None,0.003968000411987305
PCA,BuyCoupon,14,None,0.004065513610839844
PCA,BuyCoupon,17,None,0.0018448829650878906
PCA,BuyCoupon,20,None,0.011462211608886719
PCA,BuyCoupon,23,None,0.004125118255615234
PCA,BuyCoupon,26,None,0.0044422149658203125
PCA,BuyCoupon,29,None,0.0020134449005126953
PCA,DryBean,2,None,0.0008370876312255859
PCA,DryBean,4,None,0.0008072853088378906
PCA,DryBean,6,None,0.0008380413055419922
PCA,FakeWebsite,2,None,0.0009958744049072266
PCA,FakeWebsite,4,None,0.0009315013885498047
PCA,FakeWebsite,6,None,0.0009906291961669922
PCA,FakeWebsite,8,None,0.0036482810974121094
PCA,FakeWebsite,10,None,0.0009942054748535156
PCA,FakeWebsite,12,None,0.00101470947265625
PCA,FakeWebsite,14,None,0.0010557174682617188
PCA,Glass,2,None,0.0006914138793945312
PCA,Grade,2,None,0.0007064342498779297
PCA,Heart,2,None,0.0008115768432617188
PCA,Heart,4,None,0.0008928775787353516
PCA,Heart,6,None,0.000762939453125
PCA,Heart,8,None,0.000751495361328125
PCA,Parkinsons,2,None,0.005870819091796875
PCA,Parkinsons,4,None,0.0007171630859375
PCA,Parkinsons,6,None,0.0007083415985107422
PCA,Parkinsons,8,None,0.0007450580596923828
PCA,Parkinsons,10,None,0.0007197856903076172
PCA,StayHospital,2,None,0.0012786388397216797
PCA,StayHospital,4,None,0.0039861202239990234
PCA,StayHospital,6,None,0.011934518814086914
PCA,StayHospital,8,None,0.008931875228881836
PCA,StayHospital,10,None,0.009101629257202148
PCA,StayHospital,12,None,0.004645586013793945
PCA,StayHospital,14,None,0.001241445541381836
PCA,StayHospital,16,None,0.001253366470336914
PCA,StayHospital,18,None,0.0012595653533935547
PCA,StayHospital,20,None,0.0012187957763671875
PCA,StayHospital,22,None,0.009920835494995117
PCA,StayHospital,24,None,0.00907135009765625
PCA,Zoo,2,None,0.0007805824279785156
PCA,Zoo,4,None,0.0007343292236328125
PCA,Zoo,6,None,0.0009913444519042969
Index(['dr_name', 'dataset_name', 'n_components', 'n_neighbors', 'accuracy',
       'precision', 'recall', 'f1_score'],
      dtype='object')
[['PCA' 'AcademicSuccess' 2 None 0.6632768361581921 0.7347228966701628
  0.6632768361581921 0.5916958017180788]]
[['PCA' 'AcademicSuccess' 4 None 0.6892655367231638 0.6460258885789888
  0.6892655367231638 0.6212531315972794]]
[['PCA' 'AcademicSuccess' 6 None 0.7163841807909604 0.6959356947223863
  0.7163841807909604 0.6779205518747072]]
[['PCA' 'AcademicSuccess' 8 None 0.7129943502824859 0.6883731688950951
  0.7129943502824859 0.6774890733565145]]
[['PCA' 'AcademicSuccess' 10 None 0.7175141242937854 0.6942984531715364
  0.7175141242937854 0.6903904314853734]]
[['PCA' 'AcademicSuccess' 12 None 0.7231638418079096 0.701122134335739
  0.7231638418079096 0.693829695538]]
[['PCA' 'AcademicSuccess' 14 None 0.7265536723163842 0.7082226048294248
  0.7265536723163842 0.7058591877444557]]
[['PCA' 'AcademicSuccess' 16 None 0.7344632768361582 0.7169102505339165
  0.7344632768361582 0.7153861336195151]]
[['PCA' 'BuyCoupon' 2 None 0.5648403626330312 0.5672235481304694
  0.9889042995839112 0.7209302325581396]]
[['PCA' 'BuyCoupon' 5 None 0.5841545132045723 0.5868881903906601
  0.9063800277392511 0.7124557100027257]]
[['PCA' 'BuyCoupon' 8 None 0.5888845092629089 0.590312358533273
  0.9042995839112344 0.7143248425089018]]
[['PCA' 'BuyCoupon' 11 None 0.5991328340559716 0.5965470240799636
  0.9105409153952844 0.7208344770793302]]
[['PCA' 'BuyCoupon' 14 None 0.6208119826566811 0.6169590643274854
  0.8779472954230236 0.7246708643388666]]
[['PCA' 'BuyCoupon' 17 None 0.6267244777296019 0.6240601503759399
  0.863384188626907 0.7244690136747163]]
[['PCA' 'BuyCoupon' 20 None 0.6511627906976745 0.6427473090722706
  0.869625520110957 0.7391688770999115]]
[['PCA' 'BuyCoupon' 23 None 0.6566811194324005 0.6483116883116883
  0.8654646324549237 0.7413127413127413]]
[['PCA' 'BuyCoupon' 26 None 0.6645644461962948 0.6569304301646309
  0.8578363384188626 0.7440601503759399]]
[['PCA' 'BuyCoupon' 29 None 0.6673236105636579 0.6609257265877287
  0.8515950069348127 0.7442424242424243]]
[['PCA' 'DryBean' 2 None 0.8813808299669482 0.8843244259056775
  0.8813808299669482 0.8789536856737367]]
[['PCA' 'DryBean' 4 None 0.8993756885787734 0.9005470549775895
  0.8993756885787734 0.8990481345643544]]
[['PCA' 'DryBean' 6 None 0.9302240176276166 0.9309364266339312
  0.9302240176276166 0.9304224615446598]]
[['PCA' 'FakeWebsite' 2 None 0.8968792401628223 0.9008792965627498
  0.9155158407798538 0.9081385979049155]]
[['PCA' 'FakeWebsite' 4 None 0.8986883763003166 0.9123669123669124
  0.9049553208773355 0.9086460032626429]]
[['PCA' 'FakeWebsite' 6 None 0.911352329262777 0.9136690647482014
  0.9285134037367994 0.9210314262691377]]
[['PCA' 'FakeWebsite' 8 None 0.9312528267752148 0.9298804780876494
  0.9480097481722177 0.9388576025744167]]
[['PCA' 'FakeWebsite' 10 None 0.9402985074626866 0.9357652656621729
  0.958570268074736 0.9470304975922954]]
[['PCA' 'FakeWebsite' 12 None 0.939846223428313 0.933649289099526
  0.9601949634443542 0.94673608329996]]
[['PCA' 'FakeWebsite' 14 None 0.9466304839439168 0.9364705882352942
  0.9699431356620634 0.9529130087789306]]
[['PCA' 'Glass' 2 None 0.6976744186046512 0.7586831772878284
  0.6976744186046512 0.6410941815913748]]
[['PCA' 'Grade' 2 None 0.975 0.9757602150537634 0.975 0.974836880818729]]
[['PCA' 'Heart' 2 None 0.7065217391304348 0.7105263157894737
  0.7941176470588235 0.7499999999999999]]
[['PCA' 'Heart' 4 None 0.7336956521739131 0.7345132743362832
  0.8137254901960784 0.772093023255814]]
[['PCA' 'Heart' 6 None 0.7336956521739131 0.7345132743362832
  0.8137254901960784 0.772093023255814]]
[['PCA' 'Heart' 8 None 0.7336956521739131 0.7345132743362832
  0.8137254901960784 0.772093023255814]]
[['PCA' 'Parkinsons' 2 None 0.7948717948717948 0.8 0.9655172413793104
  0.8750000000000001]]
[['PCA' 'Parkinsons' 4 None 0.7948717948717948 0.8 0.9655172413793104
  0.8750000000000001]]
[['PCA' 'Parkinsons' 6 None 0.7948717948717948 0.8181818181818182
  0.9310344827586207 0.8709677419354839]]
[['PCA' 'Parkinsons' 8 None 0.8461538461538461 0.8285714285714286 1.0
  0.90625]]
[['PCA' 'Parkinsons' 10 None 0.8461538461538461 0.8285714285714286 1.0
  0.90625]]
[['PCA' 'StayHospital' 2 None 0.2955 0.79182025 0.2955 0.1348054805094558]]
[['PCA' 'StayHospital' 4 None 0.2955 0.79182025 0.2955 0.1348054805094558]]
[['PCA' 'StayHospital' 6 None 0.2955 0.79182025 0.2955 0.1348054805094558]]
[['PCA' 'StayHospital' 8 None 0.2955 0.79182025 0.2955 0.1348054805094558]]
[['PCA' 'StayHospital' 10 None 0.2955 0.79182025 0.2955
  0.1348054805094558]]
[['PCA' 'StayHospital' 12 None 0.2955 0.79182025 0.2955
  0.1348054805094558]]
[['PCA' 'StayHospital' 14 None 0.2955 0.79182025 0.2955
  0.1348054805094558]]
[['PCA' 'StayHospital' 16 None 0.2955 0.79182025 0.2955
  0.1348054805094558]]
[['PCA' 'StayHospital' 18 None 0.2955 0.79182025 0.2955
  0.1348054805094558]]
[['PCA' 'StayHospital' 20 None 0.2955 0.79182025 0.2955
  0.1348054805094558]]
[['PCA' 'StayHospital' 22 None 0.2955 0.79182025 0.2955
  0.1348054805094558]]
[['PCA' 'StayHospital' 24 None 0.2955 0.79182025 0.2955
  0.1348054805094558]]
[['PCA' 'Zoo' 2 None 0.9047619047619048 0.9325396825396824
  0.9047619047619048 0.8811791383219953]]
[['PCA' 'Zoo' 4 None 0.9523809523809523 0.9642857142857143
  0.9523809523809523 0.9319727891156462]]
[['PCA' 'Zoo' 6 None 0.9523809523809523 0.9642857142857143
  0.9523809523809523 0.9319727891156462]]
----------kpca----------
Index(['dr_name', 'dataset_name', 'n_components', 'n_neighbors',
       'fit_transform_time'],
      dtype='object')
KPCA,AcademicSuccess,2,None,0.6253445148468018
KPCA,AcademicSuccess,4,None,0.44977402687072754
KPCA,AcademicSuccess,6,None,0.608055591583252
KPCA,AcademicSuccess,8,None,0.6169924736022949
KPCA,AcademicSuccess,10,None,2.4767308235168457
KPCA,AcademicSuccess,12,None,3.8984689712524414
KPCA,AcademicSuccess,14,None,3.086111068725586
KPCA,AcademicSuccess,16,None,3.6858155727386475
KPCA,BuyCoupon,2,None,2.1294331550598145
KPCA,BuyCoupon,5,None,2.3970046043395996
KPCA,BuyCoupon,8,None,2.3270552158355713
KPCA,BuyCoupon,11,None,161.42521595954895
KPCA,BuyCoupon,14,None,164.9543228149414
KPCA,BuyCoupon,17,None,118.53602766990662
KPCA,BuyCoupon,20,None,94.86719512939453
KPCA,BuyCoupon,23,None,86.80609798431396
KPCA,BuyCoupon,26,None,90.86863017082214
KPCA,BuyCoupon,29,None,83.09558844566345
KPCA,DryBean,2,None,2.283198356628418
KPCA,DryBean,4,None,2.744769334793091
KPCA,DryBean,6,None,2.731893301010132
KPCA,FakeWebsite,2,None,2.1924023628234863
KPCA,FakeWebsite,4,None,2.573699474334717
KPCA,FakeWebsite,6,None,2.4077768325805664
KPCA,FakeWebsite,8,None,2.5040206909179688
KPCA,FakeWebsite,10,None,64.4884078502655
KPCA,FakeWebsite,12,None,86.27847671508789
KPCA,FakeWebsite,14,None,89.3960828781128
KPCA,Glass,2,None,0.040308475494384766
KPCA,Grade,2,None,0.11292648315429688
KPCA,Heart,2,None,0.047959327697753906
KPCA,Heart,4,None,0.2556624412536621
KPCA,Heart,6,None,0.48848581314086914
KPCA,Heart,8,None,0.1252138614654541
KPCA,Parkinsons,2,None,0.021886587142944336
KPCA,Parkinsons,4,None,0.00997018814086914
KPCA,Parkinsons,6,None,0.012496709823608398
KPCA,Parkinsons,8,None,0.01295781135559082
KPCA,Parkinsons,10,None,0.008114337921142578
KPCA,StayHospital,2,None,4.9973320960998535
KPCA,StayHospital,4,None,3.8167197704315186
KPCA,StayHospital,6,None,3.606881856918335
KPCA,StayHospital,8,None,4.852571487426758
KPCA,StayHospital,10,None,78.77700781822205
KPCA,StayHospital,12,None,63.336819648742676
KPCA,StayHospital,14,None,60.08785033226013
KPCA,StayHospital,16,None,48.43397903442383
KPCA,StayHospital,18,None,36.14259433746338
KPCA,StayHospital,20,None,35.082478284835815
KPCA,StayHospital,22,None,34.34416890144348
KPCA,StayHospital,24,None,58.52562189102173
KPCA,Zoo,2,None,0.004995107650756836
KPCA,Zoo,4,None,0.008406877517700195
KPCA,Zoo,6,None,0.026204347610473633
Index(['dr_name', 'dataset_name', 'n_components', 'n_neighbors',
       'transform_time'],
      dtype='object')
KPCA,AcademicSuccess,2,None,0.08390283584594727
KPCA,AcademicSuccess,4,None,0.04893660545349121
KPCA,AcademicSuccess,6,None,0.04506230354309082
KPCA,AcademicSuccess,8,None,0.045763254165649414
KPCA,AcademicSuccess,10,None,0.04478168487548828
KPCA,AcademicSuccess,12,None,0.04738140106201172
KPCA,AcademicSuccess,14,None,0.04613971710205078
KPCA,AcademicSuccess,16,None,0.047745466232299805
KPCA,BuyCoupon,2,None,0.3117339611053467
KPCA,BuyCoupon,5,None,0.3103151321411133
KPCA,BuyCoupon,8,None,0.32366442680358887
KPCA,BuyCoupon,11,None,0.3189995288848877
KPCA,BuyCoupon,14,None,0.32112717628479004
KPCA,BuyCoupon,17,None,0.3419342041015625
KPCA,BuyCoupon,20,None,0.3345036506652832
KPCA,BuyCoupon,23,None,0.3398277759552002
KPCA,BuyCoupon,26,None,0.33174610137939453
KPCA,BuyCoupon,29,None,0.34290575981140137
KPCA,DryBean,2,None,0.36693239212036133
KPCA,DryBean,4,None,0.3474864959716797
KPCA,DryBean,6,None,0.35753464698791504
KPCA,FakeWebsite,2,None,0.24213671684265137
KPCA,FakeWebsite,4,None,0.24083828926086426
KPCA,FakeWebsite,6,None,0.25571179389953613
KPCA,FakeWebsite,8,None,0.2603573799133301
KPCA,FakeWebsite,10,None,0.25833821296691895
KPCA,FakeWebsite,12,None,0.2577207088470459
KPCA,FakeWebsite,14,None,0.2566642761230469
KPCA,Glass,2,None,0.0014820098876953125
KPCA,Grade,2,None,0.0072672367095947266
KPCA,Heart,2,None,0.009183883666992188
KPCA,Heart,4,None,0.007077932357788086
KPCA,Heart,6,None,0.005870819091796875
KPCA,Heart,8,None,0.007581233978271484
KPCA,Parkinsons,2,None,0.0012836456298828125
KPCA,Parkinsons,4,None,0.00125885009765625
KPCA,Parkinsons,6,None,0.0012753009796142578
KPCA,Parkinsons,8,None,0.001270294189453125
KPCA,Parkinsons,10,None,0.0012710094451904297
KPCA,StayHospital,2,None,0.29744648933410645
KPCA,StayHospital,4,None,0.30252552032470703
KPCA,StayHospital,6,None,0.3051021099090576
KPCA,StayHospital,8,None,0.3077666759490967
KPCA,StayHospital,10,None,0.30300450325012207
KPCA,StayHospital,12,None,0.3170943260192871
KPCA,StayHospital,14,None,0.3117187023162842
KPCA,StayHospital,16,None,0.30815839767456055
KPCA,StayHospital,18,None,0.31809401512145996
KPCA,StayHospital,20,None,0.3077859878540039
KPCA,StayHospital,22,None,0.3139307498931885
KPCA,StayHospital,24,None,0.3164246082305908
KPCA,Zoo,2,None,0.0011789798736572266
KPCA,Zoo,4,None,0.0016832351684570312
KPCA,Zoo,6,None,0.0016238689422607422
Index(['dr_name', 'dataset_name', 'n_components', 'n_neighbors', 'accuracy',
       'precision', 'recall', 'f1_score'],
      dtype='object')
[['KPCA' 'AcademicSuccess' 2 None 0.6666666666666666 0.6346177901584097
  0.6666666666666666 0.6024883344228782]]
[['KPCA' 'AcademicSuccess' 4 None 0.6983050847457627 0.6788467661963118
  0.6983050847457627 0.6365614054523306]]
[['KPCA' 'AcademicSuccess' 6 None 0.703954802259887 0.6803312552953104
  0.703954802259887 0.6437628237897647]]
[['KPCA' 'AcademicSuccess' 8 None 0.7141242937853107 0.6839291610126276
  0.7141242937853107 0.6641034038175714]]
[['KPCA' 'AcademicSuccess' 10 None 0.7310734463276836 0.7067204315383757
  0.7310734463276836 0.702316567543213]]
[['KPCA' 'AcademicSuccess' 12 None 0.727683615819209 0.7038474448401306
  0.727683615819209 0.6987981208998159]]
[['KPCA' 'AcademicSuccess' 14 None 0.735593220338983 0.7120460067454243
  0.735593220338983 0.7064228537379436]]
[['KPCA' 'AcademicSuccess' 16 None 0.7367231638418079 0.7151890738677986
  0.7367231638418079 0.7096303767166174]]
[['KPCA' 'BuyCoupon' 2 None 0.5683878596767836 0.5683878596767836 1.0
  0.7248052274440815]]
[['KPCA' 'BuyCoupon' 5 None 0.570752857705952 0.5720114239086087
  0.9722607489597781 0.7202671461597739]]
[['KPCA' 'BuyCoupon' 8 None 0.5668111943240047 0.573009791400596
  0.9334257975034674 0.71010287523081]]
[['KPCA' 'BuyCoupon' 11 None 0.5668111943240047 0.573009791400596
  0.9334257975034674 0.71010287523081]]
[['KPCA' 'BuyCoupon' 14 None 0.5668111943240047 0.573009791400596
  0.9334257975034674 0.71010287523081]]
[['KPCA' 'BuyCoupon' 17 None 0.5782420181316515 0.5845454545454546
  0.8918169209431346 0.7062053816584295]]
[['KPCA' 'BuyCoupon' 20 None 0.5798186834844304 0.5852994555353902
  0.8945908460471568 0.7076247942951178]]
[['KPCA' 'BuyCoupon' 23 None 0.5806070161608199 0.5884003741814781
  0.8723994452149791 0.7027932960893856]]
[['KPCA' 'BuyCoupon' 26 None 0.5892786756011037 0.5938967136150235
  0.8772538141470181 0.708286674132139]]
[['KPCA' 'BuyCoupon' 29 None 0.5947970043358297 0.6018700787401575
  0.848127600554785 0.7040875071963154]]
[['KPCA' 'DryBean' 2 None 0.7484392214469335 0.7507136604433188
  0.7484392214469335 0.7427455298013773]]
[['KPCA' 'DryBean' 4 None 0.8883584282041865 0.8896628116470202
  0.8883584282041865 0.8877192391048507]]
[['KPCA' 'DryBean' 6 None 0.9059860448035255 0.9066681154499048
  0.9059860448035255 0.9058921184134332]]
[['KPCA' 'FakeWebsite' 2 None 0.898236092265943 0.9030448717948718
  0.9155158407798538 0.90923759580476]]
[['KPCA' 'FakeWebsite' 4 None 0.8995929443690638 0.908502024291498
  0.9114541023558083 0.9099756690997566]]
[['KPCA' 'FakeWebsite' 6 None 0.9095431931252826 0.9114126097366321
  0.9277010560519903 0.9194847020933978]]
[['KPCA' 'FakeWebsite' 8 None 0.932157394843962 0.934136546184739
  0.9447603574329814 0.9394184168012923]]
[['KPCA' 'FakeWebsite' 10 None 0.9366802351876978 0.9346613545816733
  0.9528838342810723 0.9436846339501206]]
[['KPCA' 'FakeWebsite' 12 None 0.9430122116689281 0.9367588932806324
  0.9626320064987814 0.9495192307692307]]
[['KPCA' 'FakeWebsite' 14 None 0.9466304839439168 0.9385342789598109
  0.9675060926076361 0.9528]]
[['KPCA' 'Glass' 2 None 0.46511627906976744 0.5340380549682876
  0.46511627906976744 0.3836597307221542]]
[['KPCA' 'Grade' 2 None 0.445 0.753025 0.445 0.274083044982699]]
[['KPCA' 'Heart' 2 None 0.5543478260869565 0.5543478260869565 1.0
  0.7132867132867133]]
[['KPCA' 'Heart' 4 None 0.5543478260869565 0.5543478260869565 1.0
  0.7132867132867133]]
[['KPCA' 'Heart' 6 None 0.5543478260869565 0.5543478260869565 1.0
  0.7132867132867133]]
[['KPCA' 'Heart' 8 None 0.5543478260869565 0.5543478260869565 1.0
  0.7132867132867133]]
[['KPCA' 'Parkinsons' 2 None 0.8205128205128205 0.8055555555555556 1.0
  0.8923076923076924]]
[['KPCA' 'Parkinsons' 4 None 0.8205128205128205 0.8055555555555556 1.0
  0.8923076923076924]]
[['KPCA' 'Parkinsons' 6 None 0.8974358974358975 0.8787878787878788 1.0
  0.9354838709677419]]
[['KPCA' 'Parkinsons' 8 None 0.8974358974358975 0.8787878787878788 1.0
  0.9354838709677419]]
[['KPCA' 'Parkinsons' 10 None 0.8974358974358975 0.8787878787878788 1.0
  0.9354838709677419]]
[['KPCA' 'StayHospital' 2 None 0.2955 0.79182025 0.2955
  0.1348054805094558]]
[['KPCA' 'StayHospital' 4 None 0.2955 0.79182025 0.2955
  0.1348054805094558]]
[['KPCA' 'StayHospital' 6 None 0.2955 0.79182025 0.2955
  0.1348054805094558]]
[['KPCA' 'StayHospital' 8 None 0.2955 0.79182025 0.2955
  0.1348054805094558]]
[['KPCA' 'StayHospital' 10 None 0.2955 0.79182025 0.2955
  0.1348054805094558]]
[['KPCA' 'StayHospital' 12 None 0.2955 0.79182025 0.2955
  0.1348054805094558]]
[['KPCA' 'StayHospital' 14 None 0.2955 0.79182025 0.2955
  0.1348054805094558]]
[['KPCA' 'StayHospital' 16 None 0.2955 0.79182025 0.2955
  0.1348054805094558]]
[['KPCA' 'StayHospital' 18 None 0.2955 0.79182025 0.2955
  0.1348054805094558]]
[['KPCA' 'StayHospital' 20 None 0.2955 0.79182025 0.2955
  0.1348054805094558]]
[['KPCA' 'StayHospital' 22 None 0.2955 0.79182025 0.2955
  0.1348054805094558]]
[['KPCA' 'StayHospital' 24 None 0.2955 0.79182025 0.2955
  0.1348054805094558]]
[['KPCA' 'Zoo' 2 None 0.8571428571428571 0.8944444444444444
  0.8571428571428571 0.8123960695389266]]
[['KPCA' 'Zoo' 4 None 0.9523809523809523 0.9642857142857143
  0.9523809523809523 0.9319727891156462]]
[['KPCA' 'Zoo' 6 None 0.9523809523809523 0.9642857142857143
  0.9523809523809523 0.9319727891156462]]
----------ica----------
Index(['dr_name', 'dataset_name', 'n_components', 'n_neighbors',
       'fit_transform_time'],
      dtype='object')
ICA,AcademicSuccess,2,None,0.0057446956634521484
ICA,AcademicSuccess,4,None,0.03990602493286133
ICA,AcademicSuccess,6,None,0.05945158004760742
ICA,AcademicSuccess,8,None,0.1286942958831787
ICA,AcademicSuccess,10,None,0.11485004425048828
ICA,AcademicSuccess,12,None,0.15221953392028809
ICA,AcademicSuccess,14,None,0.12620973587036133
ICA,AcademicSuccess,16,None,0.22757411003112793
ICA,BuyCoupon,2,None,0.27289652824401855
ICA,BuyCoupon,5,None,0.3141210079193115
ICA,BuyCoupon,8,None,0.7856605052947998
ICA,BuyCoupon,11,None,0.3457913398742676
ICA,BuyCoupon,14,None,1.4632177352905273
ICA,BuyCoupon,17,None,2.376649856567383
ICA,BuyCoupon,20,None,2.322441339492798
ICA,BuyCoupon,23,None,2.6626598834991455
ICA,BuyCoupon,26,None,3.1883296966552734
ICA,BuyCoupon,29,None,2.863825798034668
ICA,DryBean,2,None,0.20270490646362305
ICA,DryBean,4,None,0.12450051307678223
ICA,DryBean,6,None,0.8594496250152588
ICA,FakeWebsite,2,None,0.05271124839782715
ICA,FakeWebsite,4,None,0.06562590599060059
ICA,FakeWebsite,6,None,0.1398601531982422
ICA,FakeWebsite,8,None,0.12958192825317383
ICA,FakeWebsite,10,None,0.2065742015838623
ICA,FakeWebsite,12,None,0.2585940361022949
ICA,FakeWebsite,14,None,0.7135131359100342
ICA,Glass,2,None,0.0076372623443603516
ICA,Grade,2,None,0.007330656051635742
ICA,Heart,2,None,0.05330538749694824
ICA,Heart,4,None,0.003665447235107422
ICA,Heart,6,None,0.009430170059204102
ICA,Heart,8,None,0.043951988220214844
ICA,Parkinsons,2,None,0.03730273246765137
ICA,Parkinsons,4,None,0.025310039520263672
ICA,Parkinsons,6,None,0.03471088409423828
ICA,Parkinsons,8,None,0.03450751304626465
ICA,Parkinsons,10,None,0.040326595306396484
ICA,StayHospital,2,None,0.0846102237701416
ICA,StayHospital,4,None,0.06745457649230957
ICA,StayHospital,6,None,0.13662290573120117
ICA,StayHospital,8,None,0.12563586235046387
ICA,StayHospital,10,None,0.15006327629089355
ICA,StayHospital,12,None,0.16096854209899902
ICA,StayHospital,14,None,0.46267127990722656
ICA,StayHospital,16,None,1.900946855545044
ICA,StayHospital,18,None,1.8316426277160645
ICA,StayHospital,20,None,1.952596664428711
ICA,StayHospital,22,None,2.4175496101379395
ICA,StayHospital,24,None,2.3272976875305176
ICA,Zoo,2,None,0.01736903190612793
ICA,Zoo,4,None,0.013323068618774414
ICA,Zoo,6,None,0.021434307098388672
Index(['dr_name', 'dataset_name', 'n_components', 'n_neighbors',
       'transform_time'],
      dtype='object')
ICA,AcademicSuccess,2,None,0.001039743423461914
ICA,AcademicSuccess,4,None,0.0010190010070800781
ICA,AcademicSuccess,6,None,0.0010082721710205078
ICA,AcademicSuccess,8,None,0.0010123252868652344
ICA,AcademicSuccess,10,None,0.001018524169921875
ICA,AcademicSuccess,12,None,0.0010802745819091797
ICA,AcademicSuccess,14,None,0.0054950714111328125
ICA,AcademicSuccess,16,None,0.004649162292480469
ICA,BuyCoupon,2,None,0.004658699035644531
ICA,BuyCoupon,5,None,0.004755258560180664
ICA,BuyCoupon,8,None,0.004843711853027344
ICA,BuyCoupon,11,None,0.004761934280395508
ICA,BuyCoupon,14,None,0.004882097244262695
ICA,BuyCoupon,17,None,0.004982471466064453
ICA,BuyCoupon,20,None,0.00655364990234375
ICA,BuyCoupon,23,None,0.011359691619873047
ICA,BuyCoupon,26,None,0.010164737701416016
ICA,BuyCoupon,29,None,0.0053861141204833984
ICA,DryBean,2,None,0.0008900165557861328
ICA,DryBean,4,None,0.0008594989776611328
ICA,DryBean,6,None,0.0008795261383056641
ICA,FakeWebsite,2,None,0.001009225845336914
ICA,FakeWebsite,4,None,0.0023550987243652344
ICA,FakeWebsite,6,None,0.0031137466430664062
ICA,FakeWebsite,8,None,0.004508018493652344
ICA,FakeWebsite,10,None,0.003998517990112305
ICA,FakeWebsite,12,None,0.0030853748321533203
ICA,FakeWebsite,14,None,0.0032062530517578125
ICA,Glass,2,None,0.0007269382476806641
ICA,Grade,2,None,0.0007393360137939453
ICA,Heart,2,None,0.0008614063262939453
ICA,Heart,4,None,0.0008521080017089844
ICA,Heart,6,None,0.0008530616760253906
ICA,Heart,8,None,0.0008594989776611328
ICA,Parkinsons,2,None,0.0007781982421875
ICA,Parkinsons,4,None,0.0007724761962890625
ICA,Parkinsons,6,None,0.0007739067077636719
ICA,Parkinsons,8,None,0.0007703304290771484
ICA,Parkinsons,10,None,0.0007803440093994141
ICA,StayHospital,2,None,0.0011568069458007812
ICA,StayHospital,4,None,0.006816387176513672
ICA,StayHospital,6,None,0.0034074783325195312
ICA,StayHospital,8,None,0.003437519073486328
ICA,StayHospital,10,None,0.003401041030883789
ICA,StayHospital,12,None,0.0034332275390625
ICA,StayHospital,14,None,0.003848552703857422
ICA,StayHospital,16,None,0.0034971237182617188
ICA,StayHospital,18,None,0.0035436153411865234
ICA,StayHospital,20,None,0.020781755447387695
ICA,StayHospital,22,None,0.003486156463623047
ICA,StayHospital,24,None,0.0035219192504882812
ICA,Zoo,2,None,0.0008361339569091797
ICA,Zoo,4,None,0.0008311271667480469
ICA,Zoo,6,None,0.0008344650268554688
Index(['dr_name', 'dataset_name', 'n_components', 'n_neighbors', 'accuracy',
       'precision', 'recall', 'f1_score'],
      dtype='object')
[['ICA' 'AcademicSuccess' 2 None 0.6632768361581921 0.7329015521488949
  0.6632768361581921 0.5922454629577624]]
[['ICA' 'AcademicSuccess' 4 None 0.688135593220339 0.6486800415589331
  0.688135593220339 0.6223973335528433]]
[['ICA' 'AcademicSuccess' 6 None 0.7220338983050848 0.7005712887181842
  0.7220338983050848 0.6871392627899197]]
[['ICA' 'AcademicSuccess' 8 None 0.7163841807909604 0.6897124340048578
  0.7163841807909604 0.6814749075522525]]
[['ICA' 'AcademicSuccess' 10 None 0.7163841807909604 0.6907437608395502
  0.7163841807909604 0.6885760714645008]]
[['ICA' 'AcademicSuccess' 12 None 0.7254237288135593 0.7059164615221021
  0.7254237288135593 0.6990001190003091]]
[['ICA' 'AcademicSuccess' 14 None 0.7163841807909604 0.6951726694569254
  0.7163841807909604 0.6940579560004534]]
[['ICA' 'AcademicSuccess' 16 None 0.7209039548022599 0.6982940640690284
  0.7209039548022599 0.6991914643727876]]
[['ICA' 'BuyCoupon' 2 None 0.5648403626330312 0.5672235481304694
  0.9889042995839112 0.7209302325581396]]
[['ICA' 'BuyCoupon' 5 None 0.6081986598344501 0.619530416221985
  0.805131761442441 0.7002412545235223]]
[['ICA' 'BuyCoupon' 8 None 0.6026803310997241 0.61337513061651
  0.8141470180305131 0.699642431466031]]
[['ICA' 'BuyCoupon' 11 None 0.640520299566417 0.644808743169399
  0.8183079056865464 0.7212713936430318]]
[['ICA' 'BuyCoupon' 14 None 0.6677177769018526 0.6760728982951205
  0.79750346740638 0.7317849188673241]]
[['ICA' 'BuyCoupon' 17 None 0.6960977532518723 0.7027190332326284
  0.8065187239944521 0.7510494026477236]]
[['ICA' 'BuyCoupon' 20 None 0.7162002364998029 0.724502487562189
  0.8079056865464632 0.7639344262295082]]
[['ICA' 'BuyCoupon' 23 None 0.7327552227039811 0.7426937738246506
  0.8106796116504854 0.7751989389920425]]
[['ICA' 'BuyCoupon' 26 None 0.7366968860859283 0.7421777221526908
  0.8224687933425797 0.7802631578947368]]
[['ICA' 'BuyCoupon' 29 None 0.7382735514387071 0.7465145754119138
  0.8169209431345353 0.7801324503311259]]
[['ICA' 'DryBean' 2 None 0.8817480719794345 0.8847594473444789
  0.8817480719794345 0.879600793301895]]
[['ICA' 'DryBean' 4 None 0.9015791406536908 0.9025774777273238
  0.9015791406536908 0.9012749984692034]]
[['ICA' 'DryBean' 6 None 0.9331619537275064 0.9335386536491167
  0.9331619537275064 0.933282762455244]]
[['ICA' 'FakeWebsite' 2 None 0.8991406603346902 0.9057971014492754
  0.9138911454102355 0.9098261221188839]]
[['ICA' 'FakeWebsite' 4 None 0.900497512437811 0.9146841673502871
  0.9057676685621446 0.9102040816326531]]
[['ICA' 'FakeWebsite' 6 None 0.9136137494346449 0.9166666666666666
  0.9293257514216084 0.9229528035498185]]
[['ICA' 'FakeWebsite' 8 None 0.9344188150158299 0.931637519872814
  0.9520714865962632 0.9417436721574929]]
[['ICA' 'FakeWebsite' 10 None 0.9389416553595658 0.9349206349206349
  0.9569455727051178 0.9458048976314732]]
[['ICA' 'FakeWebsite' 12 None 0.9448213478064225 0.9383399209486166
  0.9642567018683996 0.9511217948717949]]
[['ICA' 'FakeWebsite' 14 None 0.9511533242876526 0.9424743892829
  0.9715678310316815 0.9568]]
[['ICA' 'Glass' 2 None 0.6976744186046512 0.7586831772878284
  0.6976744186046512 0.6410941815913748]]
[['ICA' 'Grade' 2 None 0.965 0.9667947368421053 0.965 0.9648522851046799]]
[['ICA' 'Heart' 2 None 0.6956521739130435 0.6949152542372882
  0.803921568627451 0.7454545454545455]]
[['ICA' 'Heart' 4 None 0.7391304347826086 0.7288135593220338
  0.8431372549019608 0.7818181818181819]]
[['ICA' 'Heart' 6 None 0.8478260869565217 0.8363636363636363
  0.9019607843137255 0.8679245283018867]]
[['ICA' 'Heart' 8 None 0.8369565217391305 0.8272727272727273
  0.8921568627450981 0.8584905660377359]]
[['ICA' 'Parkinsons' 2 None 0.8461538461538461 0.8285714285714286 1.0
  0.90625]]
[['ICA' 'Parkinsons' 4 None 0.8205128205128205 0.8055555555555556 1.0
  0.8923076923076924]]
[['ICA' 'Parkinsons' 6 None 0.8461538461538461 0.8285714285714286 1.0
  0.90625]]
[['ICA' 'Parkinsons' 8 None 0.8717948717948718 0.8529411764705882 1.0
  0.9206349206349206]]
[['ICA' 'Parkinsons' 10 None 0.8205128205128205 0.8055555555555556 1.0
  0.8923076923076924]]
[['ICA' 'StayHospital' 2 None 0.2975 0.5414044097043852 0.2975
  0.1480585611513613]]
[['ICA' 'StayHospital' 4 None 0.299 0.41279130330225283 0.299
  0.1624705956183184]]
[['ICA' 'StayHospital' 6 None 0.35 0.43987840273874224 0.35
  0.26080781210693604]]
[['ICA' 'StayHospital' 8 None 0.378 0.4110576277709195 0.378
  0.3059247758758022]]
[['ICA' 'StayHospital' 10 None 0.3955 0.47249044165856724 0.3955
  0.3347591846493424]]
[['ICA' 'StayHospital' 12 None 0.4005 0.4321193771195202 0.4005
  0.3406350517732711]]
[['ICA' 'StayHospital' 14 None 0.4055 0.44232387960667446 0.4055
  0.3468690224970343]]
[['ICA' 'StayHospital' 16 None 0.412 0.44189353017139865 0.412
  0.3529711397081986]]
[['ICA' 'StayHospital' 18 None 0.4155 0.44327644646961145 0.4155
  0.35425470808027465]]
[['ICA' 'StayHospital' 20 None 0.413 0.4414682835907191 0.413
  0.350869966649571]]
[['ICA' 'StayHospital' 22 None 0.421 0.4663739817467502 0.421
  0.36078585305106986]]
[['ICA' 'StayHospital' 24 None 0.4145 0.45434459616419365 0.4145
  0.3549321991533389]]
[['ICA' 'Zoo' 2 None 0.8571428571428571 0.8944444444444444
  0.8571428571428571 0.8123960695389266]]
[['ICA' 'Zoo' 4 None 0.9523809523809523 0.9642857142857143
  0.9523809523809523 0.9319727891156462]]
[['ICA' 'Zoo' 6 None 0.9523809523809523 0.9576719576719577
  0.9523809523809523 0.9299719887955182]]
----------svd----------
Index(['dr_name', 'dataset_name', 'n_components', 'n_neighbors',
       'fit_transform_time'],
      dtype='object')
SVD,AcademicSuccess,2,None,0.009165763854980469
SVD,AcademicSuccess,4,None,0.11283254623413086
SVD,AcademicSuccess,6,None,0.09753751754760742
SVD,AcademicSuccess,8,None,0.11094236373901367
SVD,AcademicSuccess,10,None,0.09106802940368652
SVD,AcademicSuccess,12,None,0.11544513702392578
SVD,AcademicSuccess,14,None,0.10396456718444824
SVD,AcademicSuccess,16,None,0.14432048797607422
SVD,BuyCoupon,2,None,0.08430004119873047
SVD,BuyCoupon,5,None,0.0888826847076416
SVD,BuyCoupon,8,None,0.15625500679016113
SVD,BuyCoupon,11,None,0.11738896369934082
SVD,BuyCoupon,14,None,0.22975850105285645
SVD,BuyCoupon,17,None,0.1942615509033203
SVD,BuyCoupon,20,None,0.3027153015136719
SVD,BuyCoupon,23,None,0.2670564651489258
SVD,BuyCoupon,26,None,0.22481489181518555
SVD,BuyCoupon,29,None,0.4129679203033447
SVD,DryBean,2,None,0.051177263259887695
SVD,DryBean,4,None,0.06368899345397949
SVD,DryBean,6,None,0.09612321853637695
SVD,FakeWebsite,2,None,0.054605722427368164
SVD,FakeWebsite,4,None,0.061011314392089844
SVD,FakeWebsite,6,None,0.10581612586975098
SVD,FakeWebsite,8,None,0.12453436851501465
SVD,FakeWebsite,10,None,0.10105347633361816
SVD,FakeWebsite,12,None,0.14796710014343262
SVD,FakeWebsite,14,None,0.12777447700500488
SVD,Glass,2,None,0.013310909271240234
SVD,Grade,2,None,0.005505800247192383
SVD,Heart,2,None,0.02445054054260254
SVD,Heart,4,None,0.014742612838745117
SVD,Heart,6,None,0.016997098922729492
SVD,Heart,8,None,0.020232677459716797
SVD,Parkinsons,2,None,0.008603572845458984
SVD,Parkinsons,4,None,0.010372638702392578
SVD,Parkinsons,6,None,0.014495611190795898
SVD,Parkinsons,8,None,0.00909733772277832
SVD,Parkinsons,10,None,0.031167984008789062
SVD,StayHospital,2,None,0.10257363319396973
SVD,StayHospital,4,None,0.14722633361816406
SVD,StayHospital,6,None,0.1314077377319336
SVD,StayHospital,8,None,0.13697123527526855
SVD,StayHospital,10,None,0.11761593818664551
SVD,StayHospital,12,None,0.1638350486755371
SVD,StayHospital,14,None,0.2016890048980713
SVD,StayHospital,16,None,0.19503355026245117
SVD,StayHospital,18,None,0.1824021339416504
SVD,StayHospital,20,None,0.2169191837310791
SVD,StayHospital,22,None,0.16846680641174316
SVD,StayHospital,24,None,0.1463315486907959
SVD,Zoo,2,None,0.015104293823242188
SVD,Zoo,4,None,0.015644550323486328
SVD,Zoo,6,None,0.011044025421142578
Index(['dr_name', 'dataset_name', 'n_components', 'n_neighbors',
       'transform_time'],
      dtype='object')
SVD,AcademicSuccess,2,None,0.0009095668792724609
SVD,AcademicSuccess,4,None,0.0008826255798339844
SVD,AcademicSuccess,6,None,0.0008852481842041016
SVD,AcademicSuccess,8,None,0.0008845329284667969
SVD,AcademicSuccess,10,None,0.0009191036224365234
SVD,AcademicSuccess,12,None,0.0009539127349853516
SVD,AcademicSuccess,14,None,0.003929853439331055
SVD,AcademicSuccess,16,None,0.00483393669128418
SVD,BuyCoupon,2,None,0.006249427795410156
SVD,BuyCoupon,5,None,0.0065500736236572266
SVD,BuyCoupon,8,None,0.006539344787597656
SVD,BuyCoupon,11,None,0.00674891471862793
SVD,BuyCoupon,14,None,0.006675004959106445
SVD,BuyCoupon,17,None,0.0066525936126708984
SVD,BuyCoupon,20,None,0.0018630027770996094
SVD,BuyCoupon,23,None,0.002833127975463867
SVD,BuyCoupon,26,None,0.0060024261474609375
SVD,BuyCoupon,29,None,0.004544496536254883
SVD,DryBean,2,None,0.0007936954498291016
SVD,DryBean,4,None,0.0007767677307128906
SVD,DryBean,6,None,0.000789642333984375
SVD,FakeWebsite,2,None,0.0010578632354736328
SVD,FakeWebsite,4,None,0.008531808853149414
SVD,FakeWebsite,6,None,0.0009229183197021484
SVD,FakeWebsite,8,None,0.0009891986846923828
SVD,FakeWebsite,10,None,0.0010371208190917969
SVD,FakeWebsite,12,None,0.0010716915130615234
SVD,FakeWebsite,14,None,0.0010101795196533203
SVD,Glass,2,None,0.0006814002990722656
SVD,Grade,2,None,0.0006785392761230469
SVD,Heart,2,None,0.0007786750793457031
SVD,Heart,4,None,0.0007712841033935547
SVD,Heart,6,None,0.0007696151733398438
SVD,Heart,8,None,0.0007739067077636719
SVD,Parkinsons,2,None,0.0007371902465820312
SVD,Parkinsons,4,None,0.0007364749908447266
SVD,Parkinsons,6,None,0.0007359981536865234
SVD,Parkinsons,8,None,0.0007297992706298828
SVD,Parkinsons,10,None,0.0008730888366699219
SVD,StayHospital,2,None,0.0011172294616699219
SVD,StayHospital,4,None,0.0009946823120117188
SVD,StayHospital,6,None,0.0010488033294677734
SVD,StayHospital,8,None,0.0025441646575927734
SVD,StayHospital,10,None,0.0010941028594970703
SVD,StayHospital,12,None,0.001138925552368164
SVD,StayHospital,14,None,0.0045757293701171875
SVD,StayHospital,16,None,0.0011336803436279297
SVD,StayHospital,18,None,0.001155853271484375
SVD,StayHospital,20,None,0.0026102066040039062
SVD,StayHospital,22,None,0.0011205673217773438
SVD,StayHospital,24,None,0.0011720657348632812
SVD,Zoo,2,None,0.0007712841033935547
SVD,Zoo,4,None,0.0007266998291015625
SVD,Zoo,6,None,0.0007326602935791016
Index(['dr_name', 'dataset_name', 'n_components', 'n_neighbors', 'accuracy',
       'precision', 'recall', 'f1_score'],
      dtype='object')
[['SVD' 'AcademicSuccess' 2 None 0.6677966101694915 0.7391272845916284
  0.6677966101694915 0.5962875975926383]]
[['SVD' 'AcademicSuccess' 4 None 0.6824858757062147 0.6616507936507936
  0.6824858757062147 0.6134142426069646]]
[['SVD' 'AcademicSuccess' 6 None 0.7073446327683616 0.6887525306512176
  0.7073446327683616 0.6545253462397015]]
[['SVD' 'AcademicSuccess' 8 None 0.7175141242937854 0.697224529670815
  0.7175141242937854 0.6810861794676148]]
[['SVD' 'AcademicSuccess' 10 None 0.7028248587570621 0.673926655233751
  0.7028248587570621 0.666434563674536]]
[['SVD' 'AcademicSuccess' 12 None 0.7141242937853107 0.6896619678488788
  0.7141242937853107 0.6853982715883968]]
[['SVD' 'AcademicSuccess' 14 None 0.7265536723163842 0.7060363369469033
  0.7265536723163842 0.7037591055091045]]
[['SVD' 'AcademicSuccess' 16 None 0.7446327683615819 0.7325957888170025
  0.7446327683615819 0.7280407461446319]]
[['SVD' 'BuyCoupon' 2 None 0.5683878596767836 0.5683878596767836 1.0
  0.7248052274440815]]
[['SVD' 'BuyCoupon' 5 None 0.5683878596767836 0.5683878596767836 1.0
  0.7248052274440815]]
[['SVD' 'BuyCoupon' 8 None 0.5683878596767836 0.5683878596767836 1.0
  0.7248052274440815]]
[['SVD' 'BuyCoupon' 11 None 0.5683878596767836 0.5683878596767836 1.0
  0.7248052274440815]]
[['SVD' 'BuyCoupon' 14 None 0.5683878596767836 0.5683878596767836 1.0
  0.7248052274440815]]
[['SVD' 'BuyCoupon' 17 None 0.5683878596767836 0.5683878596767836 1.0
  0.7248052274440815]]
[['SVD' 'BuyCoupon' 20 None 0.5683878596767836 0.5683878596767836 1.0
  0.7248052274440815]]
[['SVD' 'BuyCoupon' 23 None 0.5683878596767836 0.5683878596767836 1.0
  0.7248052274440815]]
[['SVD' 'BuyCoupon' 26 None 0.5683878596767836 0.5683878596767836 1.0
  0.7248052274440815]]
[['SVD' 'BuyCoupon' 29 None 0.5683878596767836 0.5683878596767836 1.0
  0.7248052274440815]]
[['SVD' 'DryBean' 2 None 0.8813808299669482 0.8843244259056775
  0.8813808299669482 0.8789536856737367]]
[['SVD' 'DryBean' 4 None 0.8993756885787734 0.9005470549775895
  0.8993756885787734 0.8990481345643544]]
[['SVD' 'DryBean' 6 None 0.9302240176276166 0.9309364266339312
  0.9302240176276166 0.9304224615446598]]
[['SVD' 'FakeWebsite' 2 None 0.8941655359565808 0.8928289992119779
  0.9203899268887084 0.9063999999999999]]
[['SVD' 'FakeWebsite' 4 None 0.8937132519222072 0.9068627450980392
  0.9017059301380991 0.9042769857433809]]
[['SVD' 'FakeWebsite' 6 None 0.9014020805065581 0.9094583670169766
  0.9138911454102355 0.9116693679092382]]
[['SVD' 'FakeWebsite' 8 None 0.9199457259158752 0.9222756410256411
  0.9350121852152722 0.9286002420330778]]
[['SVD' 'FakeWebsite' 10 None 0.926729986431479 0.916601714731099
  0.9553208773354996 0.9355608591885441]]
[['SVD' 'FakeWebsite' 12 None 0.9294436906377205 0.9209083790133125
  0.9553208773354996 0.937799043062201]]
[['SVD' 'FakeWebsite' 14 None 0.9303482587064676 0.9230164964650432
  0.9545085296506904 0.9384984025559105]]
[['SVD' 'Glass' 2 None 0.6976744186046512 0.7586831772878284
  0.6976744186046512 0.6410941815913748]]
[['SVD' 'Grade' 2 None 0.955 0.9580948874395119 0.955 0.9548696167631651]]
[['SVD' 'Heart' 2 None 0.6195652173913043 0.6777777777777778
  0.5980392156862745 0.6354166666666667]]
[['SVD' 'Heart' 4 None 0.7065217391304348 0.7142857142857143
  0.7843137254901961 0.7476635514018691]]
[['SVD' 'Heart' 6 None 0.7119565217391305 0.7207207207207207
  0.7843137254901961 0.7511737089201878]]
[['SVD' 'Heart' 8 None 0.7119565217391305 0.7207207207207207
  0.7843137254901961 0.7511737089201878]]
[['SVD' 'Parkinsons' 2 None 0.7948717948717948 0.8 0.9655172413793104
  0.8750000000000001]]
[['SVD' 'Parkinsons' 4 None 0.7948717948717948 0.8 0.9655172413793104
  0.8750000000000001]]
[['SVD' 'Parkinsons' 6 None 0.7948717948717948 0.8181818181818182
  0.9310344827586207 0.8709677419354839]]
[['SVD' 'Parkinsons' 8 None 0.8461538461538461 0.8285714285714286 1.0
  0.90625]]
[['SVD' 'Parkinsons' 10 None 0.8461538461538461 0.8285714285714286 1.0
  0.90625]]
[['SVD' 'StayHospital' 2 None 0.2955 0.79182025 0.2955 0.1348054805094558]]
[['SVD' 'StayHospital' 4 None 0.2955 0.79182025 0.2955 0.1348054805094558]]
[['SVD' 'StayHospital' 6 None 0.2955 0.79182025 0.2955 0.1348054805094558]]
[['SVD' 'StayHospital' 8 None 0.2955 0.79182025 0.2955 0.1348054805094558]]
[['SVD' 'StayHospital' 10 None 0.2955 0.79182025 0.2955
  0.1348054805094558]]
[['SVD' 'StayHospital' 12 None 0.2955 0.79182025 0.2955
  0.1348054805094558]]
[['SVD' 'StayHospital' 14 None 0.2955 0.79182025 0.2955
  0.1348054805094558]]
[['SVD' 'StayHospital' 16 None 0.2955 0.79182025 0.2955
  0.1348054805094558]]
[['SVD' 'StayHospital' 18 None 0.2955 0.79182025 0.2955
  0.1348054805094558]]
[['SVD' 'StayHospital' 20 None 0.2955 0.79182025 0.2955
  0.1348054805094558]]
[['SVD' 'StayHospital' 22 None 0.2955 0.79182025 0.2955
  0.1348054805094558]]
[['SVD' 'StayHospital' 24 None 0.2955 0.79182025 0.2955
  0.1348054805094558]]
[['SVD' 'Zoo' 2 None 0.7142857142857143 0.7987528344671203
  0.7142857142857143 0.6430839002267573]]
[['SVD' 'Zoo' 4 None 0.9047619047619048 0.9166666666666666
  0.9047619047619048 0.8843537414965985]]
[['SVD' 'Zoo' 6 None 0.9523809523809523 0.9642857142857143
  0.9523809523809523 0.9319727891156462]]
----------lpp----------
Index(['dr_name', 'dataset_name', 'n_components', 'n_neighbors',
       'fit_transform_time'],
      dtype='object')
LPP,AcademicSuccess,2,8,0.39177703857421875
LPP,AcademicSuccess,2,15,0.3023362159729004
LPP,AcademicSuccess,2,59,0.3133413791656494
LPP,AcademicSuccess,4,8,0.33538079261779785
LPP,AcademicSuccess,4,15,0.2702291011810303
LPP,AcademicSuccess,4,59,0.2605109214782715
LPP,AcademicSuccess,6,8,0.28875732421875
LPP,AcademicSuccess,6,15,0.37845897674560547
LPP,AcademicSuccess,6,59,0.2983379364013672
LPP,AcademicSuccess,8,8,0.32286810874938965
LPP,AcademicSuccess,8,15,0.3025946617126465
LPP,AcademicSuccess,8,59,0.27546262741088867
LPP,AcademicSuccess,10,8,0.26575636863708496
LPP,AcademicSuccess,10,15,0.3103663921356201
LPP,AcademicSuccess,10,59,0.7905991077423096
LPP,AcademicSuccess,12,8,0.7985091209411621
LPP,AcademicSuccess,12,15,0.7597885131835938
LPP,AcademicSuccess,12,59,0.8570718765258789
LPP,AcademicSuccess,14,8,0.6850569248199463
LPP,AcademicSuccess,14,15,0.2543632984161377
LPP,AcademicSuccess,14,59,0.253582239151001
LPP,AcademicSuccess,16,8,0.33255696296691895
LPP,AcademicSuccess,16,15,0.3225536346435547
LPP,AcademicSuccess,16,59,0.2632725238800049
LPP,BuyCoupon,2,9,2.111968755722046
LPP,BuyCoupon,2,21,2.088618755340576
LPP,BuyCoupon,2,100,2.5129973888397217
LPP,BuyCoupon,5,9,2.085783004760742
LPP,BuyCoupon,5,21,2.384392738342285
LPP,BuyCoupon,5,100,2.318286180496216
LPP,BuyCoupon,8,9,2.202486276626587
LPP,BuyCoupon,8,21,2.025186538696289
LPP,BuyCoupon,8,100,2.44334077835083
LPP,BuyCoupon,11,9,2.020076036453247
LPP,BuyCoupon,11,21,2.2662689685821533
LPP,BuyCoupon,11,100,2.473578929901123
LPP,BuyCoupon,14,9,2.1989986896514893
LPP,BuyCoupon,14,21,2.1341464519500732
LPP,BuyCoupon,14,100,2.690556287765503
LPP,BuyCoupon,17,9,2.1484649181365967
LPP,BuyCoupon,17,21,2.293091058731079
LPP,BuyCoupon,17,100,2.113752603530884
LPP,BuyCoupon,20,9,1.9982655048370361
LPP,BuyCoupon,20,21,2.0411276817321777
LPP,BuyCoupon,20,100,2.5721001625061035
LPP,BuyCoupon,23,9,1.6907148361206055
LPP,BuyCoupon,23,21,2.426114797592163
LPP,BuyCoupon,23,100,2.087151050567627
LPP,BuyCoupon,26,9,1.6098120212554932
LPP,BuyCoupon,26,21,1.7133426666259766
LPP,BuyCoupon,26,100,1.8273303508758545
LPP,BuyCoupon,29,9,1.6818983554840088
LPP,BuyCoupon,29,21,2.161276340484619
LPP,BuyCoupon,29,100,2.077627182006836
LPP,DryBean,2,9,1.3375859260559082
LPP,DryBean,2,22,1.4186313152313232
LPP,DryBean,2,104,1.5523130893707275
LPP,DryBean,4,9,1.2478983402252197
LPP,DryBean,4,22,1.3975706100463867
LPP,DryBean,4,104,1.6080951690673828
LPP,DryBean,6,9,1.3505477905273438
LPP,DryBean,6,22,1.482605218887329
LPP,DryBean,6,104,1.5838279724121094
LPP,FakeWebsite,2,9,1.9648771286010742
LPP,FakeWebsite,2,20,1.986781120300293
LPP,FakeWebsite,2,94,2.0915286540985107
LPP,FakeWebsite,4,9,1.9096755981445312
LPP,FakeWebsite,4,20,2.017077684402466
LPP,FakeWebsite,4,94,2.0173258781433105
LPP,FakeWebsite,6,9,1.977250337600708
LPP,FakeWebsite,6,20,2.055628538131714
LPP,FakeWebsite,6,94,1.971137523651123
LPP,FakeWebsite,8,9,1.9173243045806885
LPP,FakeWebsite,8,20,1.9724645614624023
LPP,FakeWebsite,8,94,2.0798497200012207
LPP,FakeWebsite,10,9,1.9434335231781006
LPP,FakeWebsite,10,20,1.9657237529754639
LPP,FakeWebsite,10,94,2.0150411128997803
LPP,FakeWebsite,12,9,1.9378960132598877
LPP,FakeWebsite,12,20,2.0194199085235596
LPP,FakeWebsite,12,94,2.0620462894439697
LPP,FakeWebsite,14,9,1.9295403957366943
LPP,FakeWebsite,14,20,1.9625287055969238
LPP,FakeWebsite,14,94,2.000643014907837
LPP,Glass,2,5,0.01817774772644043
LPP,Glass,2,5,0.010330677032470703
LPP,Glass,2,13,0.010642766952514648
LPP,Grade,2,6,0.017050504684448242
LPP,Grade,2,9,0.012512922286987305
LPP,Grade,2,28,0.015616178512573242
LPP,Heart,2,6,0.09195137023925781
LPP,Heart,2,9,0.08036518096923828
LPP,Heart,2,27,0.0800168514251709
LPP,Heart,4,6,0.09005928039550781
LPP,Heart,4,9,0.08777356147766113
LPP,Heart,4,27,0.09055709838867188
LPP,Heart,6,6,0.09722757339477539
LPP,Heart,6,9,0.0984809398651123
LPP,Heart,6,27,0.09120869636535645
LPP,Heart,8,6,0.09404134750366211
LPP,Heart,8,9,0.07149219512939453
LPP,Heart,8,27,0.08330392837524414
LPP,Parkinsons,2,5,0.07639789581298828
LPP,Parkinsons,2,5,0.08787131309509277
LPP,Parkinsons,2,12,0.07675790786743164
LPP,Parkinsons,4,5,0.08196187019348145
LPP,Parkinsons,4,5,0.0801088809967041
LPP,Parkinsons,4,12,0.10231137275695801
LPP,Parkinsons,6,5,0.07824826240539551
LPP,Parkinsons,6,5,0.09143495559692383
LPP,Parkinsons,6,12,0.09070348739624023
LPP,Parkinsons,8,5,0.0736541748046875
LPP,Parkinsons,8,5,0.08750534057617188
LPP,Parkinsons,8,12,0.06762814521789551
LPP,Parkinsons,10,5,0.07883477210998535
LPP,Parkinsons,10,5,0.07544803619384766
LPP,Parkinsons,10,12,0.07897520065307617
LPP,StayHospital,2,8,1.889770746231079
LPP,StayHospital,2,19,1.9234681129455566
LPP,StayHospital,2,89,1.9982328414916992
LPP,StayHospital,4,8,1.7171483039855957
LPP,StayHospital,4,19,1.949704885482788
LPP,StayHospital,4,89,2.3473715782165527
LPP,StayHospital,6,8,1.8809354305267334
LPP,StayHospital,6,19,1.9453620910644531
LPP,StayHospital,6,89,1.8358275890350342
LPP,StayHospital,8,8,1.7558000087738037
LPP,StayHospital,8,19,1.8405115604400635
LPP,StayHospital,8,89,1.8705339431762695
LPP,StayHospital,10,8,1.7100448608398438
LPP,StayHospital,10,19,1.8451311588287354
LPP,StayHospital,10,89,1.8499643802642822
LPP,StayHospital,12,8,1.771280288696289
LPP,StayHospital,12,19,1.8384742736816406
LPP,StayHospital,12,89,1.9131360054016113
LPP,StayHospital,14,8,1.9637367725372314
LPP,StayHospital,14,19,2.0322954654693604
LPP,StayHospital,14,89,1.8607902526855469
LPP,StayHospital,16,8,1.7625629901885986
LPP,StayHospital,16,19,1.842451810836792
LPP,StayHospital,16,89,1.911625623703003
LPP,StayHospital,18,8,1.737520694732666
LPP,StayHospital,18,19,1.6930906772613525
LPP,StayHospital,18,89,1.8173675537109375
LPP,StayHospital,20,8,1.699854850769043
LPP,StayHospital,20,19,1.8739488124847412
LPP,StayHospital,20,89,1.792480230331421
LPP,StayHospital,22,8,1.7433769702911377
LPP,StayHospital,22,19,1.651782751083374
LPP,StayHospital,22,89,1.687596321105957
LPP,StayHospital,24,8,1.6698887348175049
LPP,StayHospital,24,19,1.691805362701416
LPP,StayHospital,24,89,1.901918888092041
LPP,Zoo,2,4,0.06658029556274414
LPP,Zoo,2,4,0.004972219467163086
LPP,Zoo,2,8,0.002367734909057617
LPP,Zoo,4,4,0.002314329147338867
LPP,Zoo,4,4,0.0023975372314453125
LPP,Zoo,4,8,0.002254009246826172
LPP,Zoo,6,4,0.0022482872009277344
LPP,Zoo,6,4,0.0022363662719726562
LPP,Zoo,6,8,0.0023000240325927734
Index(['dr_name', 'dataset_name', 'n_components', 'n_neighbors',
       'transform_time'],
      dtype='object')
LPP,AcademicSuccess,2,8,0.0008127689361572266
LPP,AcademicSuccess,2,15,0.0008020401000976562
LPP,AcademicSuccess,2,59,0.0007786750793457031
LPP,AcademicSuccess,4,8,0.0007777214050292969
LPP,AcademicSuccess,4,15,0.0007853507995605469
LPP,AcademicSuccess,4,59,0.0007693767547607422
LPP,AcademicSuccess,6,8,0.0007734298706054688
LPP,AcademicSuccess,6,15,0.0007786750793457031
LPP,AcademicSuccess,6,59,0.0007729530334472656
LPP,AcademicSuccess,8,8,0.0007753372192382812
LPP,AcademicSuccess,8,15,0.0007739067077636719
LPP,AcademicSuccess,8,59,0.0007724761962890625
LPP,AcademicSuccess,10,8,0.040856361389160156
LPP,AcademicSuccess,10,15,0.022002220153808594
LPP,AcademicSuccess,10,59,0.0009143352508544922
LPP,AcademicSuccess,12,8,0.0009036064147949219
LPP,AcademicSuccess,12,15,0.0009205341339111328
LPP,AcademicSuccess,12,59,0.0008978843688964844
LPP,AcademicSuccess,14,8,0.0009419918060302734
LPP,AcademicSuccess,14,15,0.001004934310913086
LPP,AcademicSuccess,14,59,0.012477874755859375
LPP,AcademicSuccess,16,8,0.0008711814880371094
LPP,AcademicSuccess,16,15,0.00091552734375
LPP,AcademicSuccess,16,59,0.0008630752563476562
LPP,BuyCoupon,2,9,0.001360177993774414
LPP,BuyCoupon,2,21,0.0014042854309082031
LPP,BuyCoupon,2,100,0.013720273971557617
LPP,BuyCoupon,5,9,0.0014019012451171875
LPP,BuyCoupon,5,21,0.0013964176177978516
LPP,BuyCoupon,5,100,0.0013995170593261719
LPP,BuyCoupon,8,9,0.0014793872833251953
LPP,BuyCoupon,8,21,0.0015194416046142578
LPP,BuyCoupon,8,100,0.01190495491027832
LPP,BuyCoupon,11,9,0.00153350830078125
LPP,BuyCoupon,11,21,0.0014989376068115234
LPP,BuyCoupon,11,100,0.0015027523040771484
LPP,BuyCoupon,14,9,0.012224197387695312
LPP,BuyCoupon,14,21,0.0015864372253417969
LPP,BuyCoupon,14,100,0.0015735626220703125
LPP,BuyCoupon,17,9,0.001657724380493164
LPP,BuyCoupon,17,21,0.011947870254516602
LPP,BuyCoupon,17,100,0.0016787052154541016
LPP,BuyCoupon,20,9,0.0016393661499023438
LPP,BuyCoupon,20,21,0.0017011165618896484
LPP,BuyCoupon,20,100,0.0016396045684814453
LPP,BuyCoupon,23,9,0.013325929641723633
LPP,BuyCoupon,23,21,0.0017142295837402344
LPP,BuyCoupon,23,100,0.0016787052154541016
LPP,BuyCoupon,26,9,0.0018162727355957031
LPP,BuyCoupon,26,21,0.01162099838256836
LPP,BuyCoupon,26,100,0.0018222332000732422
LPP,BuyCoupon,29,9,0.0018575191497802734
LPP,BuyCoupon,29,21,0.0018541812896728516
LPP,BuyCoupon,29,100,0.011225461959838867
LPP,DryBean,2,9,0.0007233619689941406
LPP,DryBean,2,22,0.0006990432739257812
LPP,DryBean,2,104,0.0007023811340332031
LPP,DryBean,4,9,0.0007033348083496094
LPP,DryBean,4,22,0.0007016658782958984
LPP,DryBean,4,104,0.0007052421569824219
LPP,DryBean,6,9,0.0007174015045166016
LPP,DryBean,6,22,0.0007300376892089844
LPP,DryBean,6,104,0.0007228851318359375
LPP,FakeWebsite,2,9,0.0008237361907958984
LPP,FakeWebsite,2,20,0.0007796287536621094
LPP,FakeWebsite,2,94,0.000774383544921875
LPP,FakeWebsite,4,9,0.0008592605590820312
LPP,FakeWebsite,4,20,0.0007860660552978516
LPP,FakeWebsite,4,94,0.0007798671722412109
LPP,FakeWebsite,6,9,0.0008137226104736328
LPP,FakeWebsite,6,20,0.0008180141448974609
LPP,FakeWebsite,6,94,0.0008096694946289062
LPP,FakeWebsite,8,9,0.0008618831634521484
LPP,FakeWebsite,8,20,0.0008656978607177734
LPP,FakeWebsite,8,94,0.007933855056762695
LPP,FakeWebsite,10,9,0.0008876323699951172
LPP,FakeWebsite,10,20,0.0008826255798339844
LPP,FakeWebsite,10,94,0.0008668899536132812
LPP,FakeWebsite,12,9,0.0009102821350097656
LPP,FakeWebsite,12,20,0.0009245872497558594
LPP,FakeWebsite,12,94,0.010738372802734375
LPP,FakeWebsite,14,9,0.0009446144104003906
LPP,FakeWebsite,14,20,0.0009455680847167969
LPP,FakeWebsite,14,94,0.0009317398071289062
LPP,Glass,2,5,0.0006170272827148438
LPP,Glass,2,5,0.0006186962127685547
LPP,Glass,2,13,0.0006053447723388672
LPP,Grade,2,6,0.0006008148193359375
LPP,Grade,2,9,0.000579833984375
LPP,Grade,2,28,0.0005946159362792969
LPP,Heart,2,6,0.0006992816925048828
LPP,Heart,2,9,0.0006988048553466797
LPP,Heart,2,27,0.00069427490234375
LPP,Heart,4,6,0.0007014274597167969
LPP,Heart,4,9,0.0007073879241943359
LPP,Heart,4,27,0.0006961822509765625
LPP,Heart,6,6,0.0007033348083496094
LPP,Heart,6,9,0.0007033348083496094
LPP,Heart,6,27,0.0006985664367675781
LPP,Heart,8,6,0.0007023811340332031
LPP,Heart,8,9,0.0006918907165527344
LPP,Heart,8,27,0.0007028579711914062
LPP,Parkinsons,2,5,0.0006561279296875
LPP,Parkinsons,2,5,0.0006494522094726562
LPP,Parkinsons,2,12,0.0006494522094726562
LPP,Parkinsons,4,5,0.0006582736968994141
LPP,Parkinsons,4,5,0.0006520748138427734
LPP,Parkinsons,4,12,0.0006513595581054688
LPP,Parkinsons,6,5,0.0006642341613769531
LPP,Parkinsons,6,5,0.0006539821624755859
LPP,Parkinsons,6,12,0.0006535053253173828
LPP,Parkinsons,8,5,0.0006594657897949219
LPP,Parkinsons,8,5,0.0006539821624755859
LPP,Parkinsons,8,12,0.0006468296051025391
LPP,Parkinsons,10,5,0.0006570816040039062
LPP,Parkinsons,10,5,0.000659942626953125
LPP,Parkinsons,10,12,0.0006558895111083984
LPP,StayHospital,2,8,0.0010569095611572266
LPP,StayHospital,2,19,0.0009086132049560547
LPP,StayHospital,2,89,0.0008974075317382812
LPP,StayHospital,4,8,0.0023152828216552734
LPP,StayHospital,4,19,0.0009083747863769531
LPP,StayHospital,4,89,0.0009090900421142578
LPP,StayHospital,6,8,0.0009412765502929688
LPP,StayHospital,6,19,0.0009517669677734375
LPP,StayHospital,6,89,0.004246234893798828
LPP,StayHospital,8,8,0.0010139942169189453
LPP,StayHospital,8,19,0.0009918212890625
LPP,StayHospital,8,89,0.0021352767944335938
LPP,StayHospital,10,8,0.002726316452026367
LPP,StayHospital,10,19,0.0026810169219970703
LPP,StayHospital,10,89,0.0027039051055908203
LPP,StayHospital,12,8,0.002803325653076172
LPP,StayHospital,12,19,0.0027778148651123047
LPP,StayHospital,12,89,0.002771139144897461
LPP,StayHospital,14,8,0.0027887821197509766
LPP,StayHospital,14,19,0.0027697086334228516
LPP,StayHospital,14,89,0.0028579235076904297
LPP,StayHospital,16,8,0.0028073787689208984
LPP,StayHospital,16,19,0.0028226375579833984
LPP,StayHospital,16,89,0.002882242202758789
LPP,StayHospital,18,8,0.017392635345458984
LPP,StayHospital,18,19,0.011146068572998047
LPP,StayHospital,18,89,0.0010898113250732422
LPP,StayHospital,20,8,0.0010869503021240234
LPP,StayHospital,20,19,0.0010874271392822266
LPP,StayHospital,20,89,0.00107574462890625
LPP,StayHospital,22,8,0.011536836624145508
LPP,StayHospital,22,19,0.0011031627655029297
LPP,StayHospital,22,89,0.0011014938354492188
LPP,StayHospital,24,8,0.0011000633239746094
LPP,StayHospital,24,19,0.0011677742004394531
LPP,StayHospital,24,89,0.011427879333496094
LPP,Zoo,2,4,0.000705718994140625
LPP,Zoo,2,4,0.0006883144378662109
LPP,Zoo,2,8,0.0006873607635498047
LPP,Zoo,4,4,0.0006861686706542969
LPP,Zoo,4,4,0.0006814002990722656
LPP,Zoo,4,8,0.0006825923919677734
LPP,Zoo,6,4,0.0006797313690185547
LPP,Zoo,6,4,0.0006818771362304688
LPP,Zoo,6,8,0.0006837844848632812
Index(['dr_name', 'dataset_name', 'n_components', 'n_neighbors', 'accuracy',
       'precision', 'recall', 'f1_score'],
      dtype='object')
[['LPP' 'AcademicSuccess' 2 8 0.6519774011299435 0.7506112547479971
  0.6519774011299435 0.5786687511422788]]
[['LPP' 'AcademicSuccess' 2 15 0.6474576271186441 0.7455743879472693
  0.6474576271186441 0.5741471697329026]]
[['LPP' 'AcademicSuccess' 2 59 0.656497175141243 0.7615206631820735
  0.656497175141243 0.5826294175231647]]
[['LPP' 'AcademicSuccess' 4 8 0.6587570621468927 0.7654114555460159
  0.6587570621468927 0.5846297445812776]]
[['LPP' 'AcademicSuccess' 4 15 0.6576271186440678 0.7673599950461528
  0.6576271186440678 0.5836295253779259]]
[['LPP' 'AcademicSuccess' 4 59 0.6542372881355932 0.764108824424052
  0.6542372881355932 0.5796075067010135]]
[['LPP' 'AcademicSuccess' 6 8 0.6711864406779661 0.6405752439650746
  0.6711864406779661 0.6041062363460139]]
[['LPP' 'AcademicSuccess' 6 15 0.6768361581920904 0.6773629179719384
  0.6768361581920904 0.6114342097820272]]
[['LPP' 'AcademicSuccess' 6 59 0.6813559322033899 0.6338123358885165
  0.6813559322033899 0.6131615404010166]]
[['LPP' 'AcademicSuccess' 8 8 0.6689265536723163 0.624430882114431
  0.6689265536723163 0.6005400838569093]]
[['LPP' 'AcademicSuccess' 8 15 0.6937853107344633 0.6758695046885345
  0.6937853107344633 0.6324589970624243]]
[['LPP' 'AcademicSuccess' 8 59 0.7050847457627119 0.6955786887263806
  0.7050847457627119 0.6443614211096318]]
[['LPP' 'AcademicSuccess' 10 8 0.6836158192090396 0.6716970583924439
  0.6836158192090396 0.6190222796719513]]
[['LPP' 'AcademicSuccess' 10 15 0.6949152542372882 0.7038020449521002
  0.6949152542372882 0.6384065879019787]]
[['LPP' 'AcademicSuccess' 10 59 0.711864406779661 0.6892935823551346
  0.711864406779661 0.6608232602646311]]
[['LPP' 'AcademicSuccess' 12 8 0.6847457627118644 0.6806243076550491
  0.6847457627118644 0.6265675446435515]]
[['LPP' 'AcademicSuccess' 12 15 0.688135593220339 0.673845739856692
  0.688135593220339 0.6362036531641543]]
[['LPP' 'AcademicSuccess' 12 59 0.7310734463276836 0.7150042229383451
  0.7310734463276836 0.6971070686209789]]
[['LPP' 'AcademicSuccess' 14 8 0.6983050847457627 0.6832071020682998
  0.6983050847457627 0.6541757267234339]]
[['LPP' 'AcademicSuccess' 14 15 0.7028248587570621 0.6905395485570321
  0.7028248587570621 0.6594507237128885]]
[['LPP' 'AcademicSuccess' 14 59 0.7265536723163842 0.7073392099177425
  0.7265536723163842 0.6915299362832711]]
[['LPP' 'AcademicSuccess' 16 8 0.7050847457627119 0.6806964495129463
  0.7050847457627119 0.6685201822247271]]
[['LPP' 'AcademicSuccess' 16 15 0.7084745762711865 0.686544645778427
  0.7084745762711865 0.6739697514349096]]
[['LPP' 'AcademicSuccess' 16 59 0.7163841807909604 0.6950968813700453
  0.7163841807909604 0.6868165078192313]]
[['LPP' 'BuyCoupon' 2 9 0.5675995270003942 0.5680473372781065
  0.9986130374479889 0.7241639426703546]]
[['LPP' 'BuyCoupon' 2 21 0.5683878596767836 0.5683878596767836 1.0
  0.7248052274440815]]
[['LPP' 'BuyCoupon' 2 100 0.5719353567205361 0.5716009654062751
  0.9854368932038835 0.7235234215885947]]
[['LPP' 'BuyCoupon' 5 9 0.5648403626330312 0.5672235481304694
  0.9889042995839112 0.7209302325581396]]
[['LPP' 'BuyCoupon' 5 21 0.5687820260149783 0.5686661404893449
  0.9993065187239945 0.7248490945674044]]
[['LPP' 'BuyCoupon' 5 100 0.5683878596767836 0.5683878596767836 1.0
  0.7248052274440815]]
[['LPP' 'BuyCoupon' 8 9 0.5648403626330312 0.5672235481304694
  0.9889042995839112 0.7209302325581396]]
[['LPP' 'BuyCoupon' 8 21 0.5683878596767836 0.5683878596767836 1.0
  0.7248052274440815]]
[['LPP' 'BuyCoupon' 8 100 0.5683878596767836 0.5683878596767836 1.0
  0.7248052274440815]]
[['LPP' 'BuyCoupon' 11 9 0.5648403626330312 0.5672235481304694
  0.9889042995839112 0.7209302325581396]]
[['LPP' 'BuyCoupon' 11 21 0.5683878596767836 0.5683878596767836 1.0
  0.7248052274440815]]
[['LPP' 'BuyCoupon' 11 100 0.5683878596767836 0.5683878596767836 1.0
  0.7248052274440815]]
[['LPP' 'BuyCoupon' 14 9 0.5648403626330312 0.5672235481304694
  0.9889042995839112 0.7209302325581396]]
[['LPP' 'BuyCoupon' 14 21 0.5648403626330312 0.5672235481304694
  0.9889042995839112 0.7209302325581396]]
[['LPP' 'BuyCoupon' 14 100 0.5683878596767836 0.5683878596767836 1.0
  0.7248052274440815]]
[['LPP' 'BuyCoupon' 17 9 0.5648403626330312 0.5672235481304694
  0.9889042995839112 0.7209302325581396]]
[['LPP' 'BuyCoupon' 17 21 0.5648403626330312 0.5672235481304694
  0.9889042995839112 0.7209302325581396]]
[['LPP' 'BuyCoupon' 17 100 0.5648403626330312 0.5672235481304694
  0.9889042995839112 0.7209302325581396]]
[['LPP' 'BuyCoupon' 20 9 0.5695703586913677 0.5787578757875788
  0.8918169209431346 0.7019650655021834]]
[['LPP' 'BuyCoupon' 20 21 0.5668111943240047 0.574468085106383
  0.9174757281553398 0.7065420560747665]]
[['LPP' 'BuyCoupon' 20 100 0.607016160819866 0.6090151886330231
  0.8619972260748959 0.7137525122021244]]
[['LPP' 'BuyCoupon' 23 9 0.584548679542767 0.5866071428571429
  0.9112343966712899 0.7137425312330257]]
[['LPP' 'BuyCoupon' 23 21 0.6066219944816713 0.6128048780487805
  0.8363384188626907 0.7073313782991202]]
[['LPP' 'BuyCoupon' 23 100 0.62238864800946 0.6283138918345705
  0.8217753120665742 0.7121394230769231]]
[['LPP' 'BuyCoupon' 26 9 0.5932203389830508 0.5961538461538461
  0.8814147018030514 0.7112479015109122]]
[['LPP' 'BuyCoupon' 26 21 0.612534489554592 0.6178736517719569
  0.834257975034674 0.7099439362643847]]
[['LPP' 'BuyCoupon' 26 100 0.6283011430823807 0.635230352303523
  0.812760055478502 0.7131122604198357]]
[['LPP' 'BuyCoupon' 29 9 0.6022861647615294 0.6107416879795396
  0.8280166435506241 0.7029732116573447]]
[['LPP' 'BuyCoupon' 29 21 0.6302719747733544 0.6392265193370166
  0.8023578363384188 0.7115621156211561]]
[['LPP' 'BuyCoupon' 29 100 0.6397319668900275 0.6448957189901208
  0.8148404993065187 0.7199754901960785]]
[['LPP' 'DryBean' 2 9 0.868160117517444 0.8685947829066141
  0.868160117517444 0.8664346204555482]]
[['LPP' 'DryBean' 2 22 0.866691149467499 0.8671714553391268
  0.866691149467499 0.8651389670568765]]
[['LPP' 'DryBean' 2 104 0.8688946015424165 0.8690234094051763
  0.8688946015424165 0.8676427663818823]]
[['LPP' 'DryBean' 4 9 0.9023136246786633 0.9037720549473564
  0.9023136246786633 0.9024127690112971]]
[['LPP' 'DryBean' 4 22 0.9026808666911494 0.9042858718812192
  0.9026808666911494 0.902920397185144]]
[['LPP' 'DryBean' 4 104 0.9052515607785531 0.9070524157441479
  0.9052515607785531 0.9055355107358697]]
[['LPP' 'DryBean' 6 9 0.9155343371281675 0.9164802925044122
  0.9155343371281675 0.9157575380018446]]
[['LPP' 'DryBean' 6 22 0.9214102093279471 0.9223520786484892
  0.9214102093279471 0.9216495678773914]]
[['LPP' 'DryBean' 6 104 0.9239809034153507 0.9249981665282369
  0.9239809034153507 0.9242922181522689]]
[['LPP' 'FakeWebsite' 2 9 0.8163726820443238 0.8035320088300221
  0.8870836718115354 0.8432432432432432]]
[['LPP' 'FakeWebsite' 2 20 0.8181818181818182 0.8001448225923244
  0.8976441917140536 0.8460949464012252]]
[['LPP' 'FakeWebsite' 2 94 0.8548168249660787 0.828757225433526
  0.9317627944760357 0.8772466539196941]]
[['LPP' 'FakeWebsite' 4 9 0.8977838082315694 0.900398406374502
  0.9179528838342811 0.9090909090909091]]
[['LPP' 'FakeWebsite' 4 20 0.89280868385346 0.8976 0.9114541023558083
  0.9044740024183796]]
[['LPP' 'FakeWebsite' 4 94 0.8914518317503393 0.8992747784045125
  0.9065800162469537 0.9029126213592233]]
[['LPP' 'FakeWebsite' 6 9 0.9014020805065581 0.8972549019607843
  0.9293257514216084 0.9130087789305666]]
[['LPP' 'FakeWebsite' 6 20 0.9018543645409317 0.901743264659271
  0.9244516653127539 0.9129562775772162]]
[['LPP' 'FakeWebsite' 6 94 0.8964269561284487 0.9059967585089141
  0.9082047116165719 0.9070993914807303]]
[['LPP' 'FakeWebsite' 8 9 0.9122568973315242 0.9111816019032514
  0.9333874898456539 0.9221508828250401]]
[['LPP' 'FakeWebsite' 8 20 0.911352329262777 0.9110405083399523
  0.9317627944760357 0.921285140562249]]
[['LPP' 'FakeWebsite' 8 94 0.9140660334690185 0.9127676447264076
  0.9350121852152722 0.9237560192616372]]
[['LPP' 'FakeWebsite' 10 9 0.9222071460877431 0.9192399049881235
  0.9431356620633631 0.9310344827586206]]
[['LPP' 'FakeWebsite' 10 20 0.9194934418815016 0.9155485398579322
  0.942323314378554 0.9287429943955163]]
[['LPP' 'FakeWebsite' 10 94 0.9176843057440073 0.913317572892041
  0.9415109666937449 0.9272]]
[['LPP' 'FakeWebsite' 12 9 0.942107643600181 0.9332285938727416
  0.9650690495532088 0.9488817891373802]]
[['LPP' 'FakeWebsite' 12 20 0.9380370872908186 0.9280125195618153
  0.9634443541835905 0.9453965723395775]]
[['LPP' 'FakeWebsite' 12 94 0.9416553595658074 0.9284603421461898
  0.9699431356620634 0.9487485101311085]]
[['LPP' 'FakeWebsite' 14 9 0.9502487562189055 0.9416863672182821
  0.9707554833468724 0.956]]
[['LPP' 'FakeWebsite' 14 20 0.9484396200814111 0.9408050513022889
  0.9683184402924452 0.9543634907926342]]
[['LPP' 'FakeWebsite' 14 94 0.9493441881501583 0.9402045633359559
  0.9707554833468724 0.9552358113509192]]
[['LPP' 'Glass' 2 5 0.5581395348837209 0.6414696111002541
  0.5581395348837209 0.49771533792539047]]
[['LPP' 'Glass' 2 13 0.6046511627906976 0.6788825689394485
  0.6046511627906976 0.5626321353065539]]
[['LPP' 'Grade' 2 6 0.96 0.9623480017006805 0.96 0.9598995742578021]]
[['LPP' 'Grade' 2 9 0.96 0.9623480017006805 0.96 0.9598995742578021]]
[['LPP' 'Grade' 2 28 0.955 0.9591326530612244 0.955 0.9550650166826636]]
[['LPP' 'Heart' 2 6 0.5543478260869565 0.5543478260869565 1.0
  0.7132867132867133]]
[['LPP' 'Heart' 2 9 0.5543478260869565 0.5543478260869565 1.0
  0.7132867132867133]]
[['LPP' 'Heart' 2 27 0.5543478260869565 0.5543478260869565 1.0
  0.7132867132867133]]
[['LPP' 'Heart' 4 6 0.625 0.7323943661971831 0.5098039215686274
  0.6011560693641619]]
[['LPP' 'Heart' 4 9 0.6086956521739131 0.7272727272727273
  0.47058823529411764 0.5714285714285714]]
[['LPP' 'Heart' 4 27 0.6086956521739131 0.7205882352941176
  0.4803921568627451 0.5764705882352942]]
[['LPP' 'Heart' 6 6 0.7065217391304348 0.7105263157894737
  0.7941176470588235 0.7499999999999999]]
[['LPP' 'Heart' 6 9 0.7010869565217391 0.7008547008547008
  0.803921568627451 0.7488584474885844]]
[['LPP' 'Heart' 6 27 0.7119565217391305 0.7168141592920354
  0.7941176470588235 0.7534883720930233]]
/home/soyoung/.local/lib/python3.8/site-packages/umap/distances.py:1063: NumbaDeprecationWarning: [1mThe 'nopython' keyword argument was not supplied to the 'numba.jit' decorator. The implicit default value for this argument is currently False, but it will be changed to True in Numba 0.59.0. See https://numba.readthedocs.io/en/stable/reference/deprecation.html#deprecation-of-object-mode-fall-back-behaviour-when-using-jit for details.[0m
  @numba.jit()
/home/soyoung/.local/lib/python3.8/site-packages/umap/distances.py:1071: NumbaDeprecationWarning: [1mThe 'nopython' keyword argument was not supplied to the 'numba.jit' decorator. The implicit default value for this argument is currently False, but it will be changed to True in Numba 0.59.0. See https://numba.readthedocs.io/en/stable/reference/deprecation.html#deprecation-of-object-mode-fall-back-behaviour-when-using-jit for details.[0m
  @numba.jit()
/home/soyoung/.local/lib/python3.8/site-packages/umap/distances.py:1086: NumbaDeprecationWarning: [1mThe 'nopython' keyword argument was not supplied to the 'numba.jit' decorator. The implicit default value for this argument is currently False, but it will be changed to True in Numba 0.59.0. See https://numba.readthedocs.io/en/stable/reference/deprecation.html#deprecation-of-object-mode-fall-back-behaviour-when-using-jit for details.[0m
  @numba.jit()
/home/soyoung/.local/lib/python3.8/site-packages/umap/umap_.py:660: NumbaDeprecationWarning: [1mThe 'nopython' keyword argument was not supplied to the 'numba.jit' decorator. The implicit default value for this argument is currently False, but it will be changed to True in Numba 0.59.0. See https://numba.readthedocs.io/en/stable/reference/deprecation.html#deprecation-of-object-mode-fall-back-behaviour-when-using-jit for details.[0m
  @numba.jit()
[['LPP' 'Heart' 8 6 0.7228260869565217 0.717948717948718
  0.8235294117647058 0.767123287671233]]
[['LPP' 'Heart' 8 9 0.7934782608695652 0.8018867924528302
  0.8333333333333334 0.8173076923076923]]
[['LPP' 'Heart' 8 27 0.7554347826086957 0.7478260869565218
  0.8431372549019608 0.7926267281105991]]
[['LPP' 'Parkinsons' 2 5 0.8461538461538461 0.8285714285714286 1.0
  0.90625]]
[['LPP' 'Parkinsons' 2 12 0.8205128205128205 0.8055555555555556 1.0
  0.8923076923076924]]
[['LPP' 'Parkinsons' 4 5 0.8461538461538461 0.8285714285714286 1.0
  0.90625]]
[['LPP' 'Parkinsons' 4 12 0.8205128205128205 0.8055555555555556 1.0
  0.8923076923076924]]
[['LPP' 'Parkinsons' 6 5 0.8205128205128205 0.8235294117647058
  0.9655172413793104 0.888888888888889]]
[['LPP' 'Parkinsons' 6 12 0.8205128205128205 0.8055555555555556 1.0
  0.8923076923076924]]
[['LPP' 'Parkinsons' 8 5 0.8717948717948718 0.8529411764705882 1.0
  0.9206349206349206]]
[['LPP' 'Parkinsons' 8 12 0.8717948717948718 0.8529411764705882 1.0
  0.9206349206349206]]
[['LPP' 'Parkinsons' 10 5 0.8461538461538461 0.8285714285714286 1.0
  0.90625]]
[['LPP' 'Parkinsons' 10 12 0.8205128205128205 0.8055555555555556 1.0
  0.8923076923076924]]
[['LPP' 'StayHospital' 2 8 0.2945 0.5016704513862877 0.2945
  0.15468598650779652]]
[['LPP' 'StayHospital' 2 19 0.2955 0.79182025 0.2955 0.1348054805094558]]
[['LPP' 'StayHospital' 2 89 0.294 0.5148488157525927 0.294
  0.14373452476015225]]
[['LPP' 'StayHospital' 4 8 0.2955 0.79182025 0.2955 0.1348054805094558]]
[['LPP' 'StayHospital' 4 19 0.2955 0.79182025 0.2955 0.1348054805094558]]
[['LPP' 'StayHospital' 4 89 0.2955 0.79182025 0.2955 0.1348054805094558]]
[['LPP' 'StayHospital' 6 8 0.2955 0.79182025 0.2955 0.1348054805094558]]
[['LPP' 'StayHospital' 6 19 0.2955 0.79182025 0.2955 0.1348054805094558]]
[['LPP' 'StayHospital' 6 89 0.2955 0.79182025 0.2955 0.1348054805094558]]
[['LPP' 'StayHospital' 8 8 0.2955 0.79182025 0.2955 0.1348054805094558]]
[['LPP' 'StayHospital' 8 19 0.297 0.547941855187823 0.297
  0.14397486192301878]]
[['LPP' 'StayHospital' 8 89 0.2955 0.79182025 0.2955 0.1348054805094558]]
[['LPP' 'StayHospital' 10 8 0.297 0.5563986137943724 0.297
  0.14480254127213066]]
[['LPP' 'StayHospital' 10 19 0.297 0.5510601927669738 0.297
  0.14392687768301654]]
[['LPP' 'StayHospital' 10 89 0.2955 0.5299393088185222 0.2955
  0.14103741659963323]]
[['LPP' 'StayHospital' 12 8 0.297 0.4311234228831854 0.297
  0.15712192518245838]]
[['LPP' 'StayHospital' 12 19 0.297 0.6894654200819672 0.297
  0.14352982171988335]]
[['LPP' 'StayHospital' 12 89 0.296 0.5116918777943369 0.296
  0.1426906222612953]]
[['LPP' 'StayHospital' 14 8 0.299 0.44493460681199953 0.299
  0.16933695837835522]]
[['LPP' 'StayHospital' 14 19 0.304 0.5295151342674604 0.304
  0.17529183756450809]]
[['LPP' 'StayHospital' 14 89 0.298 0.35374544398837876 0.298
  0.16778522327467213]]
[['LPP' 'StayHospital' 16 8 0.3045 0.39659887762775897 0.3045
  0.1781612505230983]]
[['LPP' 'StayHospital' 16 19 0.3125 0.42418161203875493 0.3125
  0.1913077396090493]]
[['LPP' 'StayHospital' 16 89 0.3055 0.3981343580733532 0.3055
  0.17991015199815047]]
[['LPP' 'StayHospital' 18 8 0.322 0.4200561212792386 0.322
  0.22301597219834668]]
[['LPP' 'StayHospital' 18 19 0.3115 0.4164151198972441 0.3115
  0.20314578105225292]]
[['LPP' 'StayHospital' 18 89 0.3135 0.39854133246282675 0.3135
  0.19730159203509157]]
[['LPP' 'StayHospital' 20 8 0.3425 0.44088072125170163 0.3425
  0.2500270890159957]]
[['LPP' 'StayHospital' 20 19 0.32 0.42169415224760487 0.32
  0.21534189110827098]]
[['LPP' 'StayHospital' 20 89 0.3215 0.4078403286556192 0.3215
  0.22397337039284546]]
[['LPP' 'StayHospital' 22 8 0.3565 0.44028285116541216 0.3565
  0.2697506426458152]]
[['LPP' 'StayHospital' 22 19 0.3325 0.42861448904632027 0.3325
  0.23581540094466164]]
[['LPP' 'StayHospital' 22 89 0.3385 0.4228827884275694 0.3385
  0.2515240260281723]]
[['LPP' 'StayHospital' 24 8 0.3585 0.44062318760334057 0.3585
  0.27695840230204216]]
[['LPP' 'StayHospital' 24 19 0.3415 0.4188781066972243 0.3415
  0.2542393540831983]]
[['LPP' 'StayHospital' 24 89 0.3475 0.37158649138330896 0.3475
  0.27332603920259735]]
[['LPP' 'Zoo' 2 4 0.7142857142857143 0.9047619047619048
  0.7142857142857143 0.6428571428571429]]
[['LPP' 'Zoo' 2 8 0.7142857142857143 0.7582417582417582
  0.7142857142857143 0.6235827664399093]]
[['LPP' 'Zoo' 4 4 0.8095238095238095 0.8214285714285714
  0.8095238095238095 0.7573696145124716]]
[['LPP' 'Zoo' 4 8 0.8095238095238095 0.783068783068783 0.8095238095238095
  0.7680672268907562]]
[['LPP' 'Zoo' 6 4 1.0 1.0 1.0 1.0]]
[['LPP' 'Zoo' 6 8 0.9523809523809523 0.9682539682539681
  0.9523809523809523 0.9333333333333333]]
Finished python experiment_script.py
