Entered python experiment_script.py
----------pca----------
Index(['dr_name', 'dataset_name', 'n_components', 'n_neighbors',
       'fit_transform_time'],
      dtype='object')
PCA,Admission,2,None,0.011931180953979492
PCA,BankHappiness,2,None,0.03831982612609863
PCA,BankHappiness,4,None,0.053946733474731445
PCA,BankHappiness,6,None,0.04140806198120117
PCA,BankHappiness,8,None,0.03467106819152832
PCA,Credit,2,None,0.007020473480224609
PCA,Credit,4,None,0.006509304046630859
PCA,Credit,6,None,0.006681919097900391
PCA,Credit,8,None,0.006468296051025391
PCA,Credit,10,None,0.006638050079345703
PCA,Facebook,2,None,0.010915040969848633
PCA,Facebook,4,None,0.004736661911010742
PCA,Facebook,6,None,0.006530046463012695
PCA,Facebook,8,None,0.0027163028717041016
PCA,ForestFires,2,None,0.0011298656463623047
PCA,ForestFires,4,None,0.0009751319885253906
PCA,HousePrice,2,None,0.02784895896911621
PCA,HousePrice,11,None,0.04929995536804199
PCA,HousePrice,20,None,0.05258297920227051
PCA,HousePrice,29,None,0.11381816864013672
PCA,HousePrice,38,None,0.0504460334777832
PCA,HousePrice,47,None,0.17994117736816406
PCA,HousePrice,56,None,0.4054076671600342
PCA,HousePrice,65,None,0.8024332523345947
PCA,HousePrice,74,None,1.0747268199920654
PCA,HousePrice,83,None,0.5245893001556396
PCA,HousePrice,92,None,0.39147114753723145
PCA,OnlineNewsPopularity,2,None,0.1809217929840088
PCA,OnlineNewsPopularity,4,None,0.15273022651672363
PCA,OnlineNewsPopularity,6,None,0.1586451530456543
PCA,OnlineNewsPopularity,8,None,0.14252829551696777
PCA,OnlineNewsPopularity,10,None,0.1839902400970459
PCA,OnlineNewsPopularity,12,None,0.2201545238494873
PCA,OnlineNewsPopularity,14,None,0.258007287979126
PCA,OnlineNewsPopularity,16,None,0.21308517456054688
PCA,OnlineNewsPopularity,18,None,0.20758295059204102
PCA,OnlineNewsPopularity,20,None,0.3795795440673828
PCA,OnlineNewsPopularity,22,None,0.27539539337158203
PCA,PremiumPrice,2,None,0.013779401779174805
PCA,PremiumPrice,4,None,0.015309333801269531
PCA,WineQuality,2,None,0.011172056198120117
PCA,WineQuality,4,None,0.011197566986083984
Index(['dr_name', 'dataset_name', 'n_components', 'n_neighbors',
       'transform_time'],
      dtype='object')
PCA,Admission,2,None,0.0007739067077636719
PCA,BankHappiness,2,None,0.0009307861328125
PCA,BankHappiness,4,None,0.0008938312530517578
PCA,BankHappiness,6,None,0.0009443759918212891
PCA,BankHappiness,8,None,0.0009791851043701172
PCA,Credit,2,None,0.0008006095886230469
PCA,Credit,4,None,0.0007712841033935547
PCA,Credit,6,None,0.0007669925689697266
PCA,Credit,8,None,0.0007731914520263672
PCA,Credit,10,None,0.0007693767547607422
PCA,Facebook,2,None,0.0007956027984619141
PCA,Facebook,4,None,0.0007588863372802734
PCA,Facebook,6,None,0.009311199188232422
PCA,Facebook,8,None,0.0007586479187011719
PCA,ForestFires,2,None,0.0007164478302001953
PCA,ForestFires,4,None,0.0006890296936035156
PCA,HousePrice,2,None,0.0020918846130371094
PCA,HousePrice,11,None,0.01357412338256836
PCA,HousePrice,20,None,0.005021572113037109
PCA,HousePrice,29,None,0.005138874053955078
PCA,HousePrice,38,None,0.005114555358886719
PCA,HousePrice,47,None,0.005108833312988281
PCA,HousePrice,56,None,0.005192756652832031
PCA,HousePrice,65,None,0.005272388458251953
PCA,HousePrice,74,None,0.00528264045715332
PCA,HousePrice,83,None,0.0053310394287109375
PCA,HousePrice,92,None,0.005309343338012695
PCA,OnlineNewsPopularity,2,None,0.006280422210693359
PCA,OnlineNewsPopularity,4,None,0.006032228469848633
PCA,OnlineNewsPopularity,6,None,0.0059282779693603516
PCA,OnlineNewsPopularity,8,None,0.006163358688354492
PCA,OnlineNewsPopularity,10,None,0.0060367584228515625
PCA,OnlineNewsPopularity,12,None,0.006677389144897461
PCA,OnlineNewsPopularity,14,None,0.006297111511230469
PCA,OnlineNewsPopularity,16,None,0.0064945220947265625
PCA,OnlineNewsPopularity,18,None,0.006372213363647461
PCA,OnlineNewsPopularity,20,None,0.006254673004150391
PCA,OnlineNewsPopularity,22,None,0.006308555603027344
PCA,PremiumPrice,2,None,0.0007441043853759766
PCA,PremiumPrice,4,None,0.0007081031799316406
PCA,WineQuality,2,None,0.0007295608520507812
PCA,WineQuality,4,None,0.0007164478302001953
Index(['dr_name', 'dataset_name', 'n_components', 'n_neighbors', 'RMSE', 'MAE',
       'MAE_percentage', 'R2', 'residuals_mean', 'residuals_var'],
      dtype='object')
[['PCA' 'Admission' 2 None 0.07596191665356902 0.05803619336361043
  0.09066858506111779 0.747501729483897 0.008537674485822681
  0.005769438882083948]]
[['PCA' 'BankHappiness' 2 None 0.31018895837462807 0.17406064179913333
  411318293233296.4 -0.000757838726582083 -0.008601374039717585
  0.09618277136762328]]
[['PCA' 'BankHappiness' 4 None 0.30139127675816146 0.17109297193747122
  407960865725674.1 0.05520477813715796 -0.01007804657239088
  0.09077247424479741]]
[['PCA' 'BankHappiness' 6 None 0.30353290100904157 0.1692628563165098
  397386402656781.94 0.04173003328255653 -0.0071523900553863585
  0.09211895875397524]]
[['PCA' 'BankHappiness' 8 None 0.30213522742356325 0.16657606760142163
  388086541965057.94 0.05053477883816415 -0.0053157360540457155
  0.09129499310197367]]
[['PCA' 'Credit' 2 None 9104.687953796794 6109.652321221694
  1.2049189355627443 0.0001293486536888544 -302.8671069303735
  92004015.83505788]]
[['PCA' 'Credit' 4 None 9104.687954324689 6109.652321648383
  1.2049189357143493 0.00012934853774293487 -302.8671069491502
  92004015.84572592]]
[['PCA' 'Credit' 6 None 9104.687954624982 6109.652321900868
  1.2049189357780912 0.00012934847178680542 -302.86710694873693
  92004015.85180193]]
[['PCA' 'Credit' 8 None 9104.687954729827 6109.652322070478
  1.2049189358232573 0.00012934844875900353 -302.86710705658425
  92004015.85385065]]
[['PCA' 'Credit' 10 None 9104.687954814797 6109.652322198437
  1.2049189358596781 0.00012934843009637653 -302.8671071463019
  92004015.85550943]]
[['PCA' 'Facebook' 2 None 255.3285960148372 131.81201038637573
  1.5697983989552342 -0.05174711815778377 70.34392280206913
  60852.95400780247]]
[['PCA' 'Facebook' 4 None 255.4794329733617 131.82218083263925
  1.5676025943817182 -0.05299013753274506 70.6978120008073
  60880.36368756455]]
[['PCA' 'Facebook' 6 None 255.62642954153907 131.8981951830849
  1.5671117628627869 -0.05420221527024571 70.77959997441778
  60944.565361229135]]
[['PCA' 'Facebook' 8 None 255.5721177233639 131.95042242284197
  1.5718492174596037 -0.05375429948382293 70.4804892918398
  60959.19998665437]]
[['PCA' 'ForestFires' 2 None 11.359339172599284 4.978928482041842
  3064501908147591.5 -0.13896449783432785 3.476744850273174
  118.0822378171043]]
[['PCA' 'ForestFires' 4 None 11.386857626686496 4.970502637521231
  2919626116037859.5 -0.14448955629868587 3.5284546225915694
  118.34850094195167]]
[['PCA' 'HousePrice' 2 None 92606.19537459778 59920.46716476625
  0.31470044386727225 -0.06401568237409494 23174.24213488517
  8066486878.294542]]
[['PCA' 'HousePrice' 11 None 92640.65186194686 60002.895947672376
  0.31538943524959095 -0.06480761780152489 23100.689658181404
  8076307100.684073]]
[['PCA' 'HousePrice' 20 None 92649.97493823244 60020.98869677138
  0.3155409961178097 -0.06502194665126004 23083.75228824568
  8078825446.784204]]
[['PCA' 'HousePrice' 29 None 92653.39337240293 60028.21663509179
  0.31560566965779 -0.06510053867638188 23074.379938384907
  8079895167.742431]]
[['PCA' 'HousePrice' 38 None 92655.2620696298 60032.47973667036
  0.3156437510527544 -0.06514350246695422 23069.33723333472
  8080476132.273142]]
[['PCA' 'HousePrice' 47 None 92656.35391014021 60035.14456489514
  0.3156672196240429 -0.06516860570775385 23066.24371603317
  8080822369.965928]]
[['PCA' 'HousePrice' 56 None 92657.17917052718 60036.974263466655
  0.31568296414596925 -0.06518758002161995 23064.295567902085
  8081066005.375681]]
[['PCA' 'HousePrice' 65 None 92657.9024318111 60038.257808226095
  0.31569334414884265 -0.06520420932008264 23063.29877894456
  8081246634.669685]]
[['PCA' 'HousePrice' 74 None 92658.41925755906 60039.2954477337
  0.31570235840833466 -0.06521609231080694 23062.178845550792
  8081394575.023994]]
[['PCA' 'HousePrice' 83 None 92658.79247887552 60039.98878913337
  0.3157083577564174 -0.06522467355266581 23061.460825877635
  8081497208.522989]]
[['PCA' 'HousePrice' 92 None 92659.0821790033 60040.45339914026
  0.31571212823291755 -0.0652313344684452 23061.085828352898
  8081568434.901743]]
[['PCA' 'OnlineNewsPopularity' 2 None 7053.019948544877
  2195.8627542712056 0.6740650773275982 -0.059663593336746645
  1699.3790515942887 46863111.576817855]]
[['PCA' 'OnlineNewsPopularity' 4 None 7037.91997697712 2178.813513645873
  0.6632037777506171 -0.055131134358399336 1679.5878702325615
  46717194.12873696]]
[['PCA' 'OnlineNewsPopularity' 6 None 7033.674016698306 2172.808537438914
  0.6544425551899962 -0.053858402215977375 1677.8717112006054
  46663201.82469325]]
[['PCA' 'OnlineNewsPopularity' 8 None 7035.843158747236 2174.054963160453
  0.6540554412002632 -0.054508509416794526 1680.804831175368
  46683871.81163592]]
[['PCA' 'OnlineNewsPopularity' 10 None 7038.286366884858
  2173.6315226154215 0.6515247324263042 -0.055240996210492055
  1686.6882762131372 46698447.217050545]]
[['PCA' 'OnlineNewsPopularity' 12 None 7039.725625714595
  2172.241820744973 0.6480677705651323 -0.055672612694448675
  1688.583788574447 46712312.99893727]]
[['PCA' 'OnlineNewsPopularity' 14 None 7038.901314222839
  2168.8425836610227 0.6437919223727073 -0.05542540075337432
  1688.7494890351925 46700146.66487269]]
[['PCA' 'OnlineNewsPopularity' 16 None 7040.108810719065
  2170.003478906237 0.6441520769353234 -0.05578754016339982
  1691.2167553971985 46708808.83571631]]
[['PCA' 'OnlineNewsPopularity' 18 None 7041.114354096158
  2170.564698905003 0.6438237968592543 -0.05608915936121517
  1693.6440857400416 46714752.69061993]]
[['PCA' 'OnlineNewsPopularity' 20 None 7041.281950773116
  2170.6555326099997 0.6447568550660396 -0.05613943524973797
  1694.2834072476 46714946.90302584]]
[['PCA' 'OnlineNewsPopularity' 22 None 7041.759116557911
  2171.1486638857073 0.6447855853033929 -0.05628258267138153
  1695.3090940491168 46718190.59717041]]
[['PCA' 'PremiumPrice' 2 None 5874.323069270407 4495.492534436815
  0.20132815670587398 -0.017924341340147087 1179.2080898503114
  33285247.111638714]]
[['PCA' 'PremiumPrice' 4 None 5896.407115761341 4514.209928574706
  0.20190758962025218 -0.0255923377652032 1211.2199907146035
  33469601.399802383]]
[['PCA' 'WineQuality' 2 None 0.799139218768918 0.599592135703607
  0.10740786727972348 0.10624500799715164 -0.002543571015125425
  0.639269336870956]]
[['PCA' 'WineQuality' 4 None 0.7230702089316097 0.5392048481643371
  0.09473122067013848 0.2682975178312039 0.05422158993417022
  0.5204215886668275]]
----------kpca----------
Index(['dr_name', 'dataset_name', 'n_components', 'n_neighbors',
       'fit_transform_time'],
      dtype='object')
KPCA,Admission,2,None,0.01795363426208496
KPCA,BankHappiness,2,None,1.9591383934020996
KPCA,BankHappiness,4,None,2.341052293777466
KPCA,BankHappiness,6,None,2.1480488777160645
KPCA,BankHappiness,8,None,2.197477102279663
KPCA,Credit,2,None,0.01713109016418457
KPCA,Credit,4,None,0.007614612579345703
KPCA,Credit,6,None,0.017751455307006836
KPCA,Credit,8,None,0.009446382522583008
KPCA,Credit,10,None,0.001768350601196289
KPCA,Facebook,2,None,0.025959491729736328
KPCA,Facebook,4,None,0.011430501937866211
KPCA,Facebook,6,None,0.02113795280456543
KPCA,Facebook,8,None,0.009780406951904297
KPCA,ForestFires,2,None,0.011915206909179688
KPCA,ForestFires,4,None,0.006129026412963867
KPCA,HousePrice,2,None,0.0919792652130127
KPCA,HousePrice,11,None,0.1170654296875
KPCA,HousePrice,20,None,0.16864299774169922
KPCA,HousePrice,29,None,0.12949466705322266
KPCA,HousePrice,38,None,0.13680124282836914
KPCA,HousePrice,47,None,0.13524985313415527
KPCA,HousePrice,56,None,0.14137935638427734
KPCA,HousePrice,65,None,0.1446683406829834
KPCA,HousePrice,74,None,0.21079134941101074
KPCA,HousePrice,83,None,0.19808626174926758
KPCA,HousePrice,92,None,0.18545937538146973
KPCA,OnlineNewsPopularity,2,None,33.06677055358887
KPCA,OnlineNewsPopularity,4,None,36.11282968521118
KPCA,OnlineNewsPopularity,6,None,36.166696071624756
KPCA,OnlineNewsPopularity,8,None,35.927753925323486
** fit_transform took too long **
KPCA,PremiumPrice,2,None,0.13998961448669434
KPCA,PremiumPrice,4,None,0.06108379364013672
KPCA,WineQuality,2,None,0.5690548419952393
KPCA,WineQuality,4,None,0.538529634475708
Index(['dr_name', 'dataset_name', 'n_components', 'n_neighbors',
       'transform_time'],
      dtype='object')
KPCA,Admission,2,None,0.017977476119995117
KPCA,BankHappiness,2,None,0.2868537902832031
KPCA,BankHappiness,4,None,0.28952884674072266
KPCA,BankHappiness,6,None,0.2942392826080322
KPCA,BankHappiness,8,None,0.30805087089538574
KPCA,Credit,2,None,0.004296064376831055
KPCA,Credit,4,None,0.0022444725036621094
KPCA,Credit,6,None,0.0023963451385498047
KPCA,Credit,8,None,0.0015377998352050781
KPCA,Credit,10,None,0.001684427261352539
KPCA,Facebook,2,None,0.005532503128051758
KPCA,Facebook,4,None,0.0031633377075195312
KPCA,Facebook,6,None,0.0030755996704101562
KPCA,Facebook,8,None,0.002705097198486328
KPCA,ForestFires,2,None,0.0033273696899414062
KPCA,ForestFires,4,None,0.0025653839111328125
KPCA,HousePrice,2,None,0.07161593437194824
KPCA,HousePrice,11,None,0.018705368041992188
KPCA,HousePrice,20,None,0.03307652473449707
KPCA,HousePrice,29,None,0.0316312313079834
KPCA,HousePrice,38,None,0.01656365394592285
KPCA,HousePrice,47,None,0.022774457931518555
KPCA,HousePrice,56,None,0.0250852108001709
KPCA,HousePrice,65,None,0.017381906509399414
KPCA,HousePrice,74,None,0.037747859954833984
KPCA,HousePrice,83,None,0.014873266220092773
KPCA,HousePrice,92,None,0.029458999633789062
KPCA,OnlineNewsPopularity,2,None,3.252686023712158
KPCA,OnlineNewsPopularity,4,None,3.249911308288574
KPCA,OnlineNewsPopularity,6,None,3.4801080226898193
KPCA,OnlineNewsPopularity,8,None,3.4443204402923584
KPCA,PremiumPrice,2,None,0.014317750930786133
KPCA,PremiumPrice,4,None,0.0035071372985839844
KPCA,WineQuality,2,None,0.07597994804382324
KPCA,WineQuality,4,None,0.22315120697021484
Index(['dr_name', 'dataset_name', 'n_components', 'n_neighbors', 'RMSE', 'MAE',
       'MAE_percentage', 'R2', 'residuals_mean', 'residuals_var'],
      dtype='object')
[['KPCA' 'Admission' 2 None 0.07752745398068885 0.05906724290854283
  0.09258899936075801 0.73698675285812 0.009453702680196682
  0.005996084684923816]]
[['KPCA' 'BankHappiness' 2 None 0.3101984799582287 0.17407029470166427
  411354647207860.6 -0.0008192783453468966 -0.008607865545025758
  0.0961885691095326]]
[['KPCA' 'BankHappiness' 4 None 0.31018003202337646 0.17399628040215892
  411009094542772.3 -0.0007002416573744785 -0.008528423634530472
  0.09617848159717905]]
[['KPCA' 'BankHappiness' 6 None 0.3100356706115476 0.17356552561104688
  409053618479376.4 0.00023101675725134552 -0.008090772605768307
  0.09609618593844489]]
[['KPCA' 'BankHappiness' 8 None 0.30968352556079926 0.1714503115371832
  398985943587349.25 0.0025008443416754123 -0.005735040891804356
  0.09591044839422513]]
[['KPCA' 'Credit' 2 None 9110.396306798064 6116.053444235013
  1.206529017014209 -0.0011248192892217013 -305.37574039168555
  92117851.69344448]]
[['KPCA' 'Credit' 4 None 9110.393553737224 6116.004157716073
  1.206512544700124 -0.0011242142316529868 -305.293596193453
  92117851.69344449]]
[['KPCA' 'Credit' 6 None 9110.403376476439 6116.179948134801
  1.2065712965668163 -0.0011263730379265091 -305.58658022467387
  92117851.69344433]]
[['KPCA' 'Credit' 8 None 9110.393764481018 6116.007931013357
  1.2065138057942195 -0.0011242605481411871 -305.2998850222628
  92117851.69344443]]
[['KPCA' 'Credit' 10 None 9110.381732616048 6115.792380026123
  1.2064417653328638 -0.0011216162312699396 -304.9406333768802
  92117851.6934443]]
[['KPCA' 'Facebook' 2 None 251.2251438707158 131.34540503093314
  1.5377261322364402 -0.01821296717482679 67.11896744007616
  59201.12840670693]]
[['KPCA' 'Facebook' 4 None 251.0590104291841 129.37599917878833
  1.4292901235857558 -0.01686673813155659 68.34629120327729
  58948.90019842221]]
[['KPCA' 'Facebook' 6 None 249.6604469821624 128.34418552952525
  1.4280578161311965 -0.005569063642685057 67.40019846508783
  58371.26468100998]]
[['KPCA' 'Facebook' 8 None 248.9252661305928 127.18685087536507
  1.4294410745139776 0.0003444613007461683 67.00251203385766
  58055.00151448405]]
[['KPCA' 'ForestFires' 2 None 11.33438820469516 4.79899023152908
  2172805206986874.2 -0.13396648595840333 3.7440966807346774
  115.56126200082144]]
[['KPCA' 'ForestFires' 4 None 11.375173283104607 4.943103845649594
  2856650584251648.0 -0.14214198181360227 3.506431471013011
  118.23639396323905]]
[['KPCA' 'HousePrice' 2 None 92601.97598587006 59913.012313415325
  0.31460395472349145 -0.06391872571841173 23201.348824054687
  8064441318.95464]]
[['KPCA' 'HousePrice' 11 None 92639.87559389252 60003.247351548605
  0.3153909547312585 -0.06478977309387157 23101.623311894895
  8076119493.879386]]
[['KPCA' 'HousePrice' 20 None 92649.27049648037 60021.490218918436
  0.3155460099622866 -0.0650057514375122 23083.023235599252
  8078728239.366852]]
[['KPCA' 'HousePrice' 29 None 92652.61632545934 60028.5337433098
  0.31560944889756415 -0.06508267360706155 23073.697160518608
  8079782298.621496]]
[['KPCA' 'HousePrice' 38 None 92654.344667764 60032.91675125213
  0.31565005356241443 -0.0651224100912573 23067.895320920026
  8080372299.149684]]
[['KPCA' 'HousePrice' 47 None 92655.51222081762 60035.559861985304
  0.31567323787586016 -0.0651492538353291 23064.755146287138
  8080734764.13615]]
[['KPCA' 'HousePrice' 56 None 92656.269419855 60037.347617271036
  0.31568882807661575 -0.06516666312412167 23062.662506404813
  8080972424.016374]]
[['KPCA' 'HousePrice' 65 None 92657.06159149119 60038.69120291105
  0.3156997156552478 -0.06518487664449446 23061.58160122251
  8081169755.708961]]
[['KPCA' 'HousePrice' 74 None 92657.51727875273 60039.63334994135
  0.31570812429733364 -0.06519535382485664 23060.486071972733
  8081305193.102818]]
[['KPCA' 'HousePrice' 83 None 92657.86509085793 60040.2898260514
  0.3157136701783655 -0.06520335076983619 23059.81152443315
  8081401086.77233]]
[['KPCA' 'HousePrice' 92 None 92658.17459412782 60040.84052720088
  0.31571858816797693 -0.06521046693791255 23059.2253373187
  8081485767.078768]]
[['KPCA' 'OnlineNewsPopularity' 2 None 7040.452827666414
  2185.2674174046124 0.6750060640469498 -0.05589072540968876
  1679.530388238863 46753050.15595128]]
[['KPCA' 'OnlineNewsPopularity' 4 None 7041.990019547979
  2183.8339133324203 0.6707823933850547 -0.05635185593149816
  1684.2838097287295 46758708.65971865]]
[['KPCA' 'OnlineNewsPopularity' 6 None 7040.199396019222
  2179.516086307862 0.6623891216006751 -0.055814710040767324
  1682.7512350110526 46738650.463071935]]
[['KPCA' 'OnlineNewsPopularity' 8 None 7041.08030154638 2177.273943649008
  0.656646200322707 -0.056078944375376194 1685.628479075857
  46741363.43180435]]
[['KPCA' 'PremiumPrice' 2 None 5966.330475000484 4570.323713402762
  0.20370341935225328 -0.05006082119686339 1305.9581760468116
  34063611.018824995]]
[['KPCA' 'PremiumPrice' 4 None 5965.826723103411 4569.909292626769
  0.20371374147686827 -0.04988351026787141 1303.3347033444627
  34064449.8169962]]
[['KPCA' 'WineQuality' 2 None 0.8101825203644288 0.6070162728812153
  0.10969055744407022 0.08137273923208432 -0.03781187410102058
  0.655634993780803]]
[['KPCA' 'WineQuality' 4 None 0.7596348504064881 0.5708607236420766
  0.1016508139629401 0.19242409440900754 0.006738583187858192
  0.5775890740548866]]
----------ica----------
Index(['dr_name', 'dataset_name', 'n_components', 'n_neighbors',
       'fit_transform_time'],
      dtype='object')
ICA,Admission,2,None,0.008770465850830078
ICA,BankHappiness,2,None,0.026662349700927734
ICA,BankHappiness,4,None,0.03113698959350586
ICA,BankHappiness,6,None,0.2216048240661621
ICA,BankHappiness,8,None,0.12308788299560547
ICA,Credit,2,None,0.005904674530029297
ICA,Credit,4,None,0.008989334106445312
ICA,Credit,6,None,0.05587458610534668
ICA,Credit,8,None,0.029915332794189453
ICA,Credit,10,None,0.03347349166870117
ICA,Facebook,2,None,0.0028069019317626953
ICA,Facebook,4,None,0.0032722949981689453
ICA,Facebook,6,None,0.004060983657836914
ICA,Facebook,8,None,0.004889726638793945
ICA,ForestFires,2,None,0.0023229122161865234
ICA,ForestFires,4,None,0.003489971160888672
ICA,HousePrice,2,None,0.11046719551086426
ICA,HousePrice,11,None,0.14404582977294922
ICA,HousePrice,20,None,0.21921968460083008
ICA,HousePrice,29,None,0.6820673942565918
ICA,HousePrice,38,None,0.7662215232849121
ICA,HousePrice,47,None,0.9371988773345947
ICA,HousePrice,56,None,1.1090612411499023
ICA,HousePrice,65,None,1.0946540832519531
ICA,HousePrice,74,None,1.005744218826294
ICA,HousePrice,83,None,1.313445806503296
ICA,HousePrice,92,None,1.5516347885131836
ICA,OnlineNewsPopularity,2,None,0.3534257411956787
ICA,OnlineNewsPopularity,4,None,0.2950098514556885
ICA,OnlineNewsPopularity,6,None,0.27374863624572754
ICA,OnlineNewsPopularity,8,None,0.43436455726623535
ICA,OnlineNewsPopularity,10,None,0.3924837112426758
ICA,OnlineNewsPopularity,12,None,0.36992359161376953
ICA,OnlineNewsPopularity,14,None,0.4099581241607666
ICA,OnlineNewsPopularity,16,None,0.42520833015441895
ICA,OnlineNewsPopularity,18,None,0.7224757671356201
ICA,OnlineNewsPopularity,20,None,0.5415823459625244
ICA,OnlineNewsPopularity,22,None,0.6576015949249268
ICA,PremiumPrice,2,None,0.008038520812988281
ICA,PremiumPrice,4,None,0.00985264778137207
ICA,WineQuality,2,None,0.02689528465270996
ICA,WineQuality,4,None,0.023244619369506836
Index(['dr_name', 'dataset_name', 'n_components', 'n_neighbors',
       'transform_time'],
      dtype='object')
ICA,Admission,2,None,0.0008413791656494141
ICA,BankHappiness,2,None,0.0010347366333007812
ICA,BankHappiness,4,None,0.0009942054748535156
ICA,BankHappiness,6,None,0.005947113037109375
ICA,BankHappiness,8,None,0.003136157989501953
ICA,Credit,2,None,0.0008528232574462891
ICA,Credit,4,None,0.0008382797241210938
ICA,Credit,6,None,0.0008339881896972656
ICA,Credit,8,None,0.0008482933044433594
ICA,Credit,10,None,0.0008342266082763672
ICA,Facebook,2,None,0.0008249282836914062
ICA,Facebook,4,None,0.0008165836334228516
ICA,Facebook,6,None,0.0007951259613037109
ICA,Facebook,8,None,0.0007963180541992188
ICA,ForestFires,2,None,0.0007007122039794922
ICA,ForestFires,4,None,0.0006949901580810547
ICA,HousePrice,2,None,0.002166748046875
ICA,HousePrice,11,None,0.002119302749633789
ICA,HousePrice,20,None,0.0022368431091308594
ICA,HousePrice,29,None,0.002228260040283203
ICA,HousePrice,38,None,0.00226593017578125
ICA,HousePrice,47,None,0.0022423267364501953
ICA,HousePrice,56,None,0.0023314952850341797
ICA,HousePrice,65,None,0.002350330352783203
ICA,HousePrice,74,None,0.0023567676544189453
ICA,HousePrice,83,None,0.0023245811462402344
ICA,HousePrice,92,None,0.0023031234741210938
ICA,OnlineNewsPopularity,2,None,0.002946138381958008
ICA,OnlineNewsPopularity,4,None,0.002594470977783203
ICA,OnlineNewsPopularity,6,None,0.002864837646484375
ICA,OnlineNewsPopularity,8,None,0.002877950668334961
ICA,OnlineNewsPopularity,10,None,0.0028944015502929688
ICA,OnlineNewsPopularity,12,None,0.003075838088989258
ICA,OnlineNewsPopularity,14,None,0.0029802322387695312
ICA,OnlineNewsPopularity,16,None,0.0029447078704833984
ICA,OnlineNewsPopularity,18,None,0.003220796585083008
ICA,OnlineNewsPopularity,20,None,0.003160238265991211
ICA,OnlineNewsPopularity,22,None,0.003081083297729492
ICA,PremiumPrice,2,None,0.0007054805755615234
ICA,PremiumPrice,4,None,0.0006961822509765625
ICA,WineQuality,2,None,0.0007336139678955078
ICA,WineQuality,4,None,0.0007224082946777344
Index(['dr_name', 'dataset_name', 'n_components', 'n_neighbors', 'RMSE', 'MAE',
       'MAE_percentage', 'R2', 'residuals_mean', 'residuals_var'],
      dtype='object')
[['ICA' 'Admission' 2 None 0.07800709466798095 0.06056859087969668
  0.09481311720268315 0.7337223070067478 0.011481535833198738
  0.0060286391427344975]]
[['ICA' 'BankHappiness' 2 None 0.31017435022604284 0.17405001351968416
  411287725639728.3 -0.0006635808584671832 -0.008598427580692089
  0.0961737559782345]]
[['ICA' 'BankHappiness' 4 None 0.3003780552863476 0.17107648404979214
  409292421419563.0 0.06154655222799321 -0.010685863976040402
  0.09014987186071369]]
[['ICA' 'BankHappiness' 6 None 0.30380595049858833 0.16939663165931834
  397596555349432.6 0.040005193483562906 -0.0070401028782987405
  0.09228645485241031]]
[['ICA' 'BankHappiness' 8 None 0.3028579642279793 0.16657484847365936
  387463130226010.2 0.04598691985248793 -0.00497212568341782
  0.09173596035734481]]
[['ICA' 'Credit' 2 None 9107.55370927253 6113.3100106251 1.20599105290654
  -0.0005001810473272972 -304.74163915719873 92060741.22294173]]
[['ICA' 'Credit' 4 None 9108.781070080515 6114.579239338861
  1.2062934163572283 -0.0007698599298349151 -305.23267034882394
  92085250.66623205]]
[['ICA' 'Credit' 6 None 9109.428269566213 6114.926229225414
  1.2062962461190838 -0.0009120789037810884 -304.9799172794195
  92098522.94269815]]
[['ICA' 'Credit' 8 None 9109.583507490075 6115.25169620273
  1.2063598877076838 -0.0009461931933820722 -305.12086851908134
  92101569.92836592]]
[['ICA' 'Credit' 10 None 9109.807334821773 6115.432735863049
  1.2063833033825555 -0.0009953813626968344 -305.02797838683034
  92106164.01108207]]
[['ICA' 'Facebook' 2 None 242.46827433510705 124.41192120462644
  1.455147829870601 0.051532924852124795 60.877992832983466
  55641.14550269896]]
[['ICA' 'Facebook' 4 None 246.35165657447698 125.81808850496647
  1.4696600318492596 0.020908251741856954 65.12876653355855
  57017.558047279075]]
[['ICA' 'Facebook' 6 None 250.75548058011978 128.75675461455964
  1.5019459080153184 -0.014409444694818863 67.52850126476253
  58907.28541202201]]
[['ICA' 'Facebook' 8 None 253.54763359615836 129.64622199792487
  1.4911396602901192 -0.037126042097544554 70.17333092775624
  59961.72336233877]]
[['ICA' 'ForestFires' 2 None 11.355591522598564 4.935281119231539
  2805199770497143.5 -0.1382130921198359 3.5573310291091027
  117.42393103742516]]
[['ICA' 'ForestFires' 4 None 11.301392835211647 4.952907111371688
  3242778183319829.0 -0.12737394960809123 3.381013219745987
  117.41926097924568]]
[['ICA' 'HousePrice' 2 None 92613.38982824075 59949.12948564843
  0.3149519486946666 -0.0641810127566933 23140.470918480027
  8069393490.362238]]
[['ICA' 'HousePrice' 11 None 92662.19355800902 60048.963576406524
  0.31578271789097623 -0.06530287400840362 23053.393324978617
  8082502975.897739]]
[['ICA' 'HousePrice' 20 None 92672.43272545894 60063.83197321263
  0.3158996249166668 -0.0655383188376153 23042.82130046807
  8084896174.366556]]
[['ICA' 'HousePrice' 29 None 92675.63677688836 60070.17730656459
  0.3159587251532785 -0.0656119998340361 23033.22377403777
  8085935815.589136]]
[['ICA' 'HousePrice' 38 None 92677.03637437262 60073.64849668662
  0.3159914401430355 -0.06564418605228894 23028.10623057206
  8086432657.094569]]
[['ICA' 'HousePrice' 47 None 92677.84050007047 60075.52526969693
  0.3160080432009703 -0.06566267856404484 23025.992122365114
  8086679915.838097]]
[['ICA' 'HousePrice' 56 None 92678.5753247339 60076.69121534428
  0.316016493606336 -0.0656795774973673 23025.53424515061
  8086837746.765464]]
[['ICA' 'HousePrice' 65 None 92679.20826882224 60077.46156216872
  0.31602121734131006 -0.06569413356687037 23025.6315535929
  8086950974.477745]]
[['ICA' 'HousePrice' 74 None 92679.55692772001 60078.22175173983
  0.31602740096596293 -0.06570215185808825 23024.803438180894
  8087054089.669674]]
[['ICA' 'HousePrice' 83 None 92679.91492739087 60078.32036767863
  0.31602678083034696 -0.06571038499534332 23025.333330100235
  8087096190.88648]]
[['ICA' 'HousePrice' 92 None 92680.37805739671 60078.58225382331
  0.31602688680589797 -0.06572103592635448 23026.08690853872
  8087147509.190312]]
[['ICA' 'OnlineNewsPopularity' 2 None 7053.185773115175
  2195.9361363289486 0.6742630489757817 -0.0597134217299673
  1699.1526290954384 46866220.6284672]]
[['ICA' 'OnlineNewsPopularity' 4 None 7038.359227938376
  2178.7368373796044 0.66251922784875 -0.05526284424697625
  1680.0843095489722 46721709.84406721]]
[['ICA' 'OnlineNewsPopularity' 6 None 7034.220233955693 2172.506711711663
  0.6526813061216161 -0.05402208850452794 1679.6494743036283
  46664917.29038021]]
[['ICA' 'OnlineNewsPopularity' 8 None 7037.686790320471 2174.479685775838
  0.6516916774677247 -0.055061216420627446 1685.2818340580732
  46694749.60799335]]
[['ICA' 'OnlineNewsPopularity' 10 None 7040.165700698093
  2174.476102962245 0.6513609363696005 -0.055804603528559316
  1689.842462529295 46714257.11494034]]
[['ICA' 'OnlineNewsPopularity' 12 None 7042.310901077387
  2173.041739668667 0.6475469117322527 -0.056448127445926755
  1691.3371148197202 46739416.334351584]]
[['ICA' 'OnlineNewsPopularity' 14 None 7041.481517078872
  2169.288151455507 0.6427913456502177 -0.05619930299364695
  1691.7391253136955 46726373.785213836]]
[['ICA' 'OnlineNewsPopularity' 16 None 7043.692487942762
  2171.622394217906 0.6442894343755353 -0.05686268398844785
  1696.2214670789401 46742331.70989193]]
[['ICA' 'OnlineNewsPopularity' 18 None 7045.605582359221
  2172.8261905437516 0.6436569251309081 -0.05743685802519405
  1700.86151065009 46753524.665978454]]
[['ICA' 'OnlineNewsPopularity' 20 None 7045.842278171063
  2173.4100274229036 0.6460944263949634 -0.057507908008589625
  1701.371553189252 46755124.97090848]]
[['ICA' 'OnlineNewsPopularity' 22 None 7046.760208143896
  2174.5878930594045 0.6462517717150124 -0.0577834695097883
  1703.0625311507379 46762305.07566779]]
[['ICA' 'PremiumPrice' 2 None 5873.563926664608 4494.912673197016
  0.20131023315429006 -0.017661264285513623 1178.3765515576151
  33278253.892712086]]
[['ICA' 'PremiumPrice' 4 None 5918.863479058711 4532.723655746309
  0.20253331166970434 -0.03341911444469603 1240.3645541641527
  33664463.197911754]]
[['ICA' 'WineQuality' 2 None 0.8051502786088037 0.6015653496795058
  0.1076811114579306 0.09274893611231805 0.0025573533907745248
  0.6489225970027778]]
[['ICA' 'WineQuality' 4 None 0.7249447020079285 0.5385989219724014
  0.09449292184046794 0.2644988574632675 0.06025546544790301
  0.522447209250215]]
----------svd----------
Index(['dr_name', 'dataset_name', 'n_components', 'n_neighbors',
       'fit_transform_time'],
      dtype='object')
SVD,Admission,2,None,0.006958723068237305
SVD,BankHappiness,2,None,0.023398399353027344
SVD,BankHappiness,4,None,0.06174468994140625
SVD,BankHappiness,6,None,0.05319571495056152
SVD,BankHappiness,8,None,0.044211626052856445
SVD,Credit,2,None,0.01135110855102539
SVD,Credit,4,None,0.007050752639770508
SVD,Credit,6,None,0.007085323333740234
SVD,Credit,8,None,0.006357431411743164
SVD,Credit,10,None,0.02392125129699707
SVD,Facebook,2,None,0.005493879318237305
SVD,Facebook,4,None,0.004839420318603516
SVD,Facebook,6,None,0.0021514892578125
SVD,Facebook,8,None,0.0030710697174072266
SVD,ForestFires,2,None,0.0017366409301757812
SVD,ForestFires,4,None,0.0016503334045410156
SVD,HousePrice,2,None,0.06351208686828613
SVD,HousePrice,11,None,0.02997875213623047
SVD,HousePrice,20,None,0.05799078941345215
SVD,HousePrice,29,None,0.034658193588256836
SVD,HousePrice,38,None,0.6516256332397461
SVD,HousePrice,47,None,0.17534565925598145
SVD,HousePrice,56,None,0.9420933723449707
SVD,HousePrice,65,None,0.7023487091064453
SVD,HousePrice,74,None,0.32132411003112793
SVD,HousePrice,83,None,0.7789723873138428
SVD,HousePrice,92,None,0.8509960174560547
SVD,OnlineNewsPopularity,2,None,0.25810956954956055
SVD,OnlineNewsPopularity,4,None,0.1246182918548584
SVD,OnlineNewsPopularity,6,None,0.1358027458190918
SVD,OnlineNewsPopularity,8,None,0.18140244483947754
SVD,OnlineNewsPopularity,10,None,0.18707680702209473
SVD,OnlineNewsPopularity,12,None,0.2634119987487793
SVD,OnlineNewsPopularity,14,None,0.2575414180755615
SVD,OnlineNewsPopularity,16,None,0.2966921329498291
SVD,OnlineNewsPopularity,18,None,0.3229062557220459
SVD,OnlineNewsPopularity,20,None,0.3994300365447998
SVD,OnlineNewsPopularity,22,None,0.42259645462036133
SVD,PremiumPrice,2,None,0.003084897994995117
SVD,PremiumPrice,4,None,0.014416694641113281
SVD,WineQuality,2,None,0.010626077651977539
SVD,WineQuality,4,None,0.012311935424804688
Index(['dr_name', 'dataset_name', 'n_components', 'n_neighbors',
       'transform_time'],
      dtype='object')
SVD,Admission,2,None,0.0015833377838134766
SVD,BankHappiness,2,None,0.0008590221405029297
SVD,BankHappiness,4,None,0.0008432865142822266
SVD,BankHappiness,6,None,0.0011796951293945312
SVD,BankHappiness,8,None,0.0015532970428466797
SVD,Credit,2,None,0.0007579326629638672
SVD,Credit,4,None,0.000762939453125
SVD,Credit,6,None,0.0007455348968505859
SVD,Credit,8,None,0.0007662773132324219
SVD,Credit,10,None,0.0007536411285400391
SVD,Facebook,2,None,0.0007469654083251953
SVD,Facebook,4,None,0.0007374286651611328
SVD,Facebook,6,None,0.0007386207580566406
SVD,Facebook,8,None,0.0007367134094238281
SVD,ForestFires,2,None,0.00067138671875
SVD,ForestFires,4,None,0.0006639957427978516
SVD,HousePrice,2,None,0.0019156932830810547
SVD,HousePrice,11,None,0.008402109146118164
SVD,HousePrice,20,None,0.0049686431884765625
SVD,HousePrice,29,None,0.005014657974243164
SVD,HousePrice,38,None,0.004996776580810547
SVD,HousePrice,47,None,0.005045652389526367
SVD,HousePrice,56,None,0.005090236663818359
SVD,HousePrice,65,None,0.005123615264892578
SVD,HousePrice,74,None,0.005038738250732422
SVD,HousePrice,83,None,0.00516057014465332
SVD,HousePrice,92,None,0.005113840103149414
SVD,OnlineNewsPopularity,2,None,0.004903078079223633
SVD,OnlineNewsPopularity,4,None,0.00491642951965332
SVD,OnlineNewsPopularity,6,None,0.0050506591796875
SVD,OnlineNewsPopularity,8,None,0.005146503448486328
SVD,OnlineNewsPopularity,10,None,0.00430750846862793
SVD,OnlineNewsPopularity,12,None,0.005744218826293945
SVD,OnlineNewsPopularity,14,None,0.005311489105224609
SVD,OnlineNewsPopularity,16,None,0.0051538944244384766
SVD,OnlineNewsPopularity,18,None,0.005428791046142578
SVD,OnlineNewsPopularity,20,None,0.0052034854888916016
SVD,OnlineNewsPopularity,22,None,0.005204200744628906
SVD,PremiumPrice,2,None,0.0006628036499023438
SVD,PremiumPrice,4,None,0.012415409088134766
SVD,WineQuality,2,None,0.000698089599609375
SVD,WineQuality,4,None,0.0006804466247558594
Index(['dr_name', 'dataset_name', 'n_components', 'n_neighbors', 'RMSE', 'MAE',
       'MAE_percentage', 'R2', 'residuals_mean', 'residuals_var'],
      dtype='object')
[['SVD' 'Admission' 2 None 0.07539297620562259 0.05815507096385403
  0.09086976944224073 0.7512698939919273 0.008690409245175543
  0.005679572302068802]]
[['SVD' 'BankHappiness' 2 None 0.31018850787424707 0.17405826753149828
  411309171586009.4 -0.0007549318438704322 -0.008599697482216404
  0.09618252062277916]]
[['SVD' 'BankHappiness' 4 None 0.3069161242858904 0.17238773532292084
  406456877874024.56 0.02024893923762061 -0.008115378410278071
  0.09417038528362554]]
[['SVD' 'BankHappiness' 6 None 0.30494503800180084 0.17008884183278797
  397776210104010.6 0.032792904854830884 -0.006555727900352443
  0.09298674904457663]]
[['SVD' 'BankHappiness' 8 None 0.3020929256098207 0.16686405000958437
  388856818723002.5 0.05080062860089751 -0.005687221922316344
  0.09126533351121661]]
[['SVD' 'Credit' 2 None 9105.027877605431 6110.640922113173
  1.2052133485162493 5.4686856077346135e-05 -303.63005029346294
  92010379.38281205]]
[['SVD' 'Credit' 4 None 9105.134924924483 6110.986598222704
  1.205319320106664 3.117411220632249e-05 -303.9047880191938
  92012359.86766513]]
[['SVD' 'Credit' 6 None 9105.16463920065 6111.086490783458
  1.2053502531807134 2.4647377879327692e-05 -303.9852039738045
  92012906.78079435]]
[['SVD' 'Credit' 8 None 9105.178635229715 6111.133993721437
  1.2053650052019576 2.157314574624536e-05 -304.02356862415616
  92013164.0546274]]
[['SVD' 'Credit' 10 None 9105.186786800148 6111.16176330596
  1.2053736404656266 1.9782648589594665e-05 -304.0460262967452
  92013313.81823689]]
[['SVD' 'Facebook' 2 None 259.6452338867203 133.776940845699
  1.5822742093921585 -0.08760983544013334 73.96727944916637
  62570.190960584456]]
[['SVD' 'Facebook' 4 None 259.67091076219725 133.80231625836635
  1.5826712610139169 -0.08782495822706848 73.97344684032332
  62582.73844306149]]
[['SVD' 'Facebook' 6 None 259.6760084134788 133.80761385935034
  1.5827492271832775 -0.08786766926241008 73.9737520152965
  62585.36702862276]]
[['SVD' 'Facebook' 8 None 259.6774335682569 133.809995129691
  1.5828191416022404 -0.08787961017347601 73.97164119762051
  62586.43010416868]]
[['SVD' 'ForestFires' 2 None 11.337853918690366 4.911016946012477
  2784892725645772.5 -0.13466005746623533 3.569554955165365
  116.92953132015683]]
[['SVD' 'ForestFires' 4 None 11.385995555544595 4.866570470453947
  2399747306234613.0 -0.144316269848058 3.7063740447505915
  117.02896473838025]]
[['SVD' 'HousePrice' 2 None 92555.66630847062 59877.61161225311
  0.3144482423323205 -0.06285487340429108 23169.771580985664
  8057306566.328023]]
[['SVD' 'HousePrice' 11 None 92622.68876969459 59993.17862827622
  0.31535329939063284 -0.0643947238355993 23088.028821922304
  8073554559.49612]]
[['SVD' 'HousePrice' 20 None 92636.17611664819 60012.73187699125
  0.31550443264617983 -0.06470473224386919 23075.474467573305
  8076643341.080484]]
[['SVD' 'HousePrice' 29 None 92641.31653313515 60020.42023220801
  0.3155669556862976 -0.06482289725971824 23068.72185759394
  8077911681.952082]]
[['SVD' 'HousePrice' 38 None 92643.99180268365 60024.64142832272
  0.3156010914811712 -0.06488439745228902 23065.41120880464
  8078562332.261526]]
[['SVD' 'HousePrice' 47 None 92645.43378045569 60027.34253954181
  0.3156243078210064 -0.0649175469647647 23062.55199630584
  8078962776.528024]]
[['SVD' 'HousePrice' 56 None 92646.63177845228 60029.2446902244
  0.3156394942920848 -0.06494508803795584 23061.101461034083
  8079252652.76439]]
[['SVD' 'HousePrice' 65 None 92647.46531000166 60030.572178556766
  0.315650138871028 -0.06496425051165411 23060.087042593488
  8079454578.952383]]
[['SVD' 'HousePrice' 74 None 92648.15966187613 60031.61493108276
  0.31565845844103213 -0.06498021344581706 23059.32360396673
  8079619011.782576]]
[['SVD' 'HousePrice' 83 None 92648.61769720554 60032.34037306602
  0.31566447678266923 -0.06499074360141766 23058.67467690432
  8079734205.970827]]
[['SVD' 'HousePrice' 92 None 92649.0186532503 60032.87159456551
  0.3156685435108063 -0.06499996155654464 23058.38976432006
  8079821941.975982]]
[['SVD' 'OnlineNewsPopularity' 2 None 7052.842502882755 2195.839158614178
  0.6741799491242626 -0.0596102742354323 1699.041088928824
  46861756.92099618]]
[['SVD' 'OnlineNewsPopularity' 4 None 7036.878412409701
  2182.0137148207095 0.6698265016477478 -0.05481885292133115
  1678.8306391111387 46705075.88811091]]
[['SVD' 'OnlineNewsPopularity' 6 None 7033.486882621483
  2175.3753048204076 0.6593383271457907 -0.05380232620356473
  1677.5962437807486 46661493.48617033]]
[['SVD' 'OnlineNewsPopularity' 8 None 7034.061166920822
  2173.1020261183157 0.6541064732796996 -0.05397441917742252
  1679.3252659238306 46663768.3534272]]
[['SVD' 'OnlineNewsPopularity' 10 None 7037.533192672554
  2173.702841010366 0.6522327245441892 -0.05501516346099655
  1684.6844199880181 46694600.933815144]]
[['SVD' 'OnlineNewsPopularity' 12 None 7038.718066881426
  2172.353463706197 0.649260212938328 -0.05537044860313878
  1687.8703562375927 46700535.52484145]]
[['SVD' 'OnlineNewsPopularity' 14 None 7038.251265866335
  2168.339924575472 0.6431036590735528 -0.05523047093787281
  1688.6594422725123 46691298.843833216]]
[['SVD' 'OnlineNewsPopularity' 16 None 7039.158231067175
  2169.3736100287874 0.6436925953420404 -0.05550244729795217
  1689.7317951408131 46700444.89032427]]
[['SVD' 'OnlineNewsPopularity' 18 None 7040.430504463951
  2170.169560144222 0.6438175041836164 -0.055884029583255 1692.7872102303
  46708023.93276416]]
[['SVD' 'OnlineNewsPopularity' 20 None 7040.719014044375
  2170.631196114721 0.6445533226548451 -0.05597056943331813
  1693.2185037365402 46710626.44525418]]
[['SVD' 'OnlineNewsPopularity' 22 None 7041.039121668292
  2170.6850834286593 0.6447481873347618 -0.05606659142010684
  1694.1871885843989 46711852.94950974]]
[['SVD' 'PremiumPrice' 2 None 5959.6697047723355 4565.328486177151
  0.20356160185050906 -0.04771756859334553 1294.5185167706122
  34013671.016976655]]
[['SVD' 'PremiumPrice' 4 None 5960.269245271848 4564.935382545098
  0.20349144283779205 -0.04792837917222692 1301.283956713463
  34003202.88805306]]
[['SVD' 'WineQuality' 2 None 0.7991392187689147 0.5995921357036098
  0.107407867279724 0.10624500799715908 -0.0025435710151195065
  0.6392693368709507]]
[['SVD' 'WineQuality' 4 None 0.7230702089316221 0.5392048481643329
  0.0947312206701367 0.2682975178311786 0.05422158993424102
  0.5204215886668379]]
----------lpp----------
Index(['dr_name', 'dataset_name', 'n_components', 'n_neighbors',
       'fit_transform_time'],
      dtype='object')
LPP,Admission,2,5,0.02464604377746582
LPP,Admission,2,6,0.02467966079711914
LPP,Admission,2,17,0.013166666030883789
LPP,BankHappiness,2,8,0.8689601421356201
LPP,BankHappiness,2,19,0.8298790454864502
LPP,BankHappiness,2,87,0.8558781147003174
LPP,BankHappiness,4,8,0.7173209190368652
LPP,BankHappiness,4,19,0.7831606864929199
LPP,BankHappiness,4,87,0.8613789081573486
LPP,BankHappiness,6,8,0.7348916530609131
LPP,BankHappiness,6,19,0.7769384384155273
LPP,BankHappiness,6,87,0.8670961856842041
LPP,BankHappiness,8,8,0.7076296806335449
LPP,BankHappiness,8,19,0.7735788822174072
LPP,BankHappiness,8,87,0.8521740436553955
LPP,Credit,2,3,0.06679725646972656
LPP,Credit,2,3,0.0026679039001464844
LPP,Credit,2,6,0.0026776790618896484
LPP,Credit,4,3,0.002407073974609375
LPP,Credit,4,3,0.002361774444580078
LPP,Credit,4,6,0.002292633056640625
LPP,Credit,6,3,0.0023365020751953125
LPP,Credit,6,3,0.002312183380126953
LPP,Credit,6,6,0.002321958541870117
LPP,Credit,8,3,0.0023450851440429688
LPP,Credit,8,3,0.0023376941680908203
LPP,Credit,8,6,0.0023412704467773438
LPP,Credit,10,3,0.0023488998413085938
LPP,Credit,10,3,0.0023529529571533203
LPP,Credit,10,6,0.002347230911254883
LPP,Facebook,2,5,0.013504981994628906
LPP,Facebook,2,7,0.07942533493041992
LPP,Facebook,2,20,0.0738372802734375
LPP,Facebook,4,5,0.08726024627685547
LPP,Facebook,4,7,0.06748557090759277
LPP,Facebook,4,20,0.08329916000366211
LPP,Facebook,6,5,0.0733480453491211
LPP,Facebook,6,7,0.07626748085021973
LPP,Facebook,6,20,0.08397459983825684
LPP,Facebook,8,5,0.07923340797424316
LPP,Facebook,8,7,0.07232403755187988
LPP,Facebook,8,20,0.0774085521697998
LPP,ForestFires,2,6,0.02597522735595703
LPP,ForestFires,2,7,0.02028965950012207
LPP,ForestFires,2,20,0.021471500396728516
LPP,ForestFires,4,6,0.019770145416259766
LPP,ForestFires,4,7,0.021457433700561523
LPP,ForestFires,4,20,0.021265506744384766
LPP,HousePrice,2,7,0.1709139347076416
LPP,HousePrice,2,10,0.14502358436584473
LPP,HousePrice,2,34,0.15485382080078125
LPP,HousePrice,11,7,0.13975763320922852
LPP,HousePrice,11,10,0.13685250282287598
LPP,HousePrice,11,34,0.14143657684326172
LPP,HousePrice,20,7,0.20925498008728027
LPP,HousePrice,20,10,0.12262630462646484
LPP,HousePrice,20,34,0.17174839973449707
LPP,HousePrice,29,7,0.15340018272399902
LPP,HousePrice,29,10,0.1682891845703125
LPP,HousePrice,29,34,0.15181708335876465
LPP,HousePrice,38,7,0.17614984512329102
LPP,HousePrice,38,10,0.18055438995361328
LPP,HousePrice,38,34,0.17802214622497559
LPP,HousePrice,47,7,0.1840052604675293
LPP,HousePrice,47,10,0.177656888961792
LPP,HousePrice,47,34,0.15487289428710938
LPP,HousePrice,56,7,0.1438431739807129
LPP,HousePrice,56,10,0.1621870994567871
LPP,HousePrice,56,34,0.15689921379089355
LPP,HousePrice,65,7,0.16648578643798828
LPP,HousePrice,65,10,0.14977312088012695
LPP,HousePrice,65,34,0.15286469459533691
LPP,HousePrice,74,7,0.18941235542297363
LPP,HousePrice,74,10,0.1957707405090332
LPP,HousePrice,74,34,0.16950201988220215
LPP,HousePrice,83,7,0.1917726993560791
LPP,HousePrice,83,10,0.19779062271118164
LPP,HousePrice,83,34,0.19120550155639648
LPP,HousePrice,92,7,0.16008996963500977
LPP,HousePrice,92,10,0.16916465759277344
LPP,HousePrice,92,34,0.1560976505279541
LPP,OnlineNewsPopularity,2,10,22.911858081817627
LPP,OnlineNewsPopularity,2,31,22.3479585647583
LPP,OnlineNewsPopularity,2,178,22.941779136657715
LPP,OnlineNewsPopularity,4,10,20.510589361190796
LPP,OnlineNewsPopularity,4,31,21.854321479797363
LPP,OnlineNewsPopularity,4,178,22.42113208770752
LPP,OnlineNewsPopularity,6,10,20.729896783828735
LPP,OnlineNewsPopularity,6,31,20.605732202529907
LPP,OnlineNewsPopularity,6,178,23.1361665725708
LPP,OnlineNewsPopularity,8,10,19.803311586380005
LPP,OnlineNewsPopularity,8,31,21.19200587272644
LPP,OnlineNewsPopularity,8,178,22.02931499481201
LPP,OnlineNewsPopularity,10,10,20.869308710098267
LPP,OnlineNewsPopularity,10,31,20.027928829193115
LPP,OnlineNewsPopularity,10,178,21.68346095085144
LPP,OnlineNewsPopularity,12,10,21.19610571861267
LPP,OnlineNewsPopularity,12,31,20.89061975479126
LPP,OnlineNewsPopularity,12,178,21.642024993896484
LPP,OnlineNewsPopularity,14,10,19.416967391967773
LPP,OnlineNewsPopularity,14,31,20.339649438858032
LPP,OnlineNewsPopularity,14,178,21.72288155555725
LPP,OnlineNewsPopularity,16,10,20.03727912902832
LPP,OnlineNewsPopularity,16,31,19.99348783493042
LPP,OnlineNewsPopularity,16,178,21.920894622802734
LPP,OnlineNewsPopularity,18,10,20.382577657699585
LPP,OnlineNewsPopularity,18,31,20.550496101379395
LPP,OnlineNewsPopularity,18,178,22.688273906707764
LPP,OnlineNewsPopularity,20,10,19.892959356307983
LPP,OnlineNewsPopularity,20,31,20.515069007873535
LPP,OnlineNewsPopularity,20,178,21.152195692062378
LPP,OnlineNewsPopularity,22,10,19.56507706642151
LPP,OnlineNewsPopularity,22,31,20.110978841781616
LPP,OnlineNewsPopularity,22,178,21.257986307144165
LPP,PremiumPrice,2,6,0.03679800033569336
LPP,PremiumPrice,2,9,0.02100992202758789
LPP,PremiumPrice,2,28,0.023215055465698242
LPP,PremiumPrice,4,6,0.12897872924804688
LPP,PremiumPrice,4,9,0.020273447036743164
LPP,PremiumPrice,4,28,0.05912971496582031
LPP,WineQuality,2,8,0.3628880977630615
LPP,WineQuality,2,15,0.38347935676574707
LPP,WineQuality,2,62,0.496417760848999
LPP,WineQuality,4,8,0.3400290012359619
LPP,WineQuality,4,15,0.37776947021484375
LPP,WineQuality,4,62,0.45415282249450684
Index(['dr_name', 'dataset_name', 'n_components', 'n_neighbors',
       'transform_time'],
      dtype='object')
LPP,Admission,2,5,0.0029320716857910156
LPP,Admission,2,6,0.0007374286651611328
LPP,Admission,2,17,0.0007612705230712891
LPP,BankHappiness,2,8,0.007890462875366211
LPP,BankHappiness,2,19,0.0013818740844726562
LPP,BankHappiness,2,87,0.0014197826385498047
LPP,BankHappiness,4,8,0.001481771469116211
LPP,BankHappiness,4,19,0.0015938282012939453
LPP,BankHappiness,4,87,0.0014047622680664062
LPP,BankHappiness,6,8,0.004570484161376953
LPP,BankHappiness,6,19,0.002089262008666992
LPP,BankHappiness,6,87,0.0023703575134277344
LPP,BankHappiness,8,8,0.02091693878173828
LPP,BankHappiness,8,19,0.002696514129638672
LPP,BankHappiness,8,87,0.003143787384033203
LPP,Credit,2,3,0.0016858577728271484
LPP,Credit,2,3,0.0007021427154541016
LPP,Credit,2,6,0.001964092254638672
LPP,Credit,4,3,0.0009942054748535156
LPP,Credit,4,3,0.0006997585296630859
LPP,Credit,4,6,0.001463174819946289
LPP,Credit,6,3,0.0014176368713378906
LPP,Credit,6,3,0.0006966590881347656
LPP,Credit,6,6,0.0016088485717773438
LPP,Credit,8,3,0.0015668869018554688
LPP,Credit,8,3,0.0006909370422363281
LPP,Credit,8,6,0.0014913082122802734
LPP,Credit,10,3,0.0015408992767333984
LPP,Credit,10,3,0.0007061958312988281
LPP,Credit,10,6,0.0014619827270507812
LPP,Facebook,2,5,0.002348184585571289
LPP,Facebook,2,7,0.001529693603515625
LPP,Facebook,2,20,0.0017254352569580078
LPP,Facebook,4,5,0.0014870166778564453
LPP,Facebook,4,7,0.0006897449493408203
LPP,Facebook,4,20,0.0017313957214355469
LPP,Facebook,6,5,0.0016388893127441406
LPP,Facebook,6,7,0.0022826194763183594
LPP,Facebook,6,20,0.0015473365783691406
LPP,Facebook,8,5,0.0009338855743408203
LPP,Facebook,8,7,0.0007603168487548828
LPP,Facebook,8,20,0.0006947517395019531
LPP,ForestFires,2,6,0.0011513233184814453
LPP,ForestFires,2,7,0.0005314350128173828
LPP,ForestFires,2,20,0.0005354881286621094
LPP,ForestFires,4,6,0.0005564689636230469
LPP,ForestFires,4,7,0.0005323886871337891
LPP,ForestFires,4,20,0.00046515464782714844
LPP,HousePrice,2,7,0.01448369026184082
LPP,HousePrice,2,10,0.0015342235565185547
LPP,HousePrice,2,34,0.001512289047241211
LPP,HousePrice,11,7,0.011634349822998047
LPP,HousePrice,11,10,0.01099085807800293
LPP,HousePrice,11,34,0.01917290687561035
LPP,HousePrice,20,7,0.022075653076171875
LPP,HousePrice,20,10,0.016442298889160156
LPP,HousePrice,20,34,0.026623010635375977
LPP,HousePrice,29,7,0.02289104461669922
LPP,HousePrice,29,10,0.02771925926208496
LPP,HousePrice,29,34,0.01871943473815918
LPP,HousePrice,38,7,0.03062915802001953
LPP,HousePrice,38,10,0.02751779556274414
LPP,HousePrice,38,34,0.027040958404541016
LPP,HousePrice,47,7,0.02014327049255371
LPP,HousePrice,47,10,0.02169203758239746
LPP,HousePrice,47,34,0.020791292190551758
LPP,HousePrice,56,7,0.02797389030456543
LPP,HousePrice,56,10,0.030937671661376953
LPP,HousePrice,56,34,0.01915740966796875
LPP,HousePrice,65,7,0.015248298645019531
LPP,HousePrice,65,10,0.023073434829711914
LPP,HousePrice,65,34,0.01916193962097168
LPP,HousePrice,74,7,0.023094892501831055
LPP,HousePrice,74,10,0.023162841796875
LPP,HousePrice,74,34,0.03529763221740723
LPP,HousePrice,83,7,0.021904945373535156
LPP,HousePrice,83,10,0.002804279327392578
LPP,HousePrice,83,34,0.023331880569458008
LPP,HousePrice,92,7,0.023326873779296875
LPP,HousePrice,92,10,0.030325651168823242
LPP,HousePrice,92,34,0.023683547973632812
LPP,OnlineNewsPopularity,2,10,0.03913593292236328
LPP,OnlineNewsPopularity,2,31,0.0053942203521728516
LPP,OnlineNewsPopularity,2,178,0.0018107891082763672
LPP,OnlineNewsPopularity,4,10,0.001909494400024414
LPP,OnlineNewsPopularity,4,31,0.0018627643585205078
LPP,OnlineNewsPopularity,4,178,0.012552738189697266
LPP,OnlineNewsPopularity,6,10,0.011805057525634766
LPP,OnlineNewsPopularity,6,31,0.0025482177734375
LPP,OnlineNewsPopularity,6,178,0.019710063934326172
LPP,OnlineNewsPopularity,8,10,0.0022656917572021484
LPP,OnlineNewsPopularity,8,31,0.0022635459899902344
LPP,OnlineNewsPopularity,8,178,0.01251530647277832
LPP,OnlineNewsPopularity,10,10,0.002748727798461914
LPP,OnlineNewsPopularity,10,31,0.002899169921875
LPP,OnlineNewsPopularity,10,178,0.0022869110107421875
LPP,OnlineNewsPopularity,12,10,0.02287149429321289
LPP,OnlineNewsPopularity,12,31,0.0027849674224853516
LPP,OnlineNewsPopularity,12,178,0.012095928192138672
LPP,OnlineNewsPopularity,14,10,0.004898786544799805
LPP,OnlineNewsPopularity,14,31,0.0024652481079101562
LPP,OnlineNewsPopularity,14,178,0.0024085044860839844
LPP,OnlineNewsPopularity,16,10,0.015051841735839844
LPP,OnlineNewsPopularity,16,31,0.01853036880493164
LPP,OnlineNewsPopularity,16,178,0.011178255081176758
LPP,OnlineNewsPopularity,18,10,0.0062808990478515625
LPP,OnlineNewsPopularity,18,31,0.019028425216674805
LPP,OnlineNewsPopularity,18,178,0.024168729782104492
LPP,OnlineNewsPopularity,20,10,0.02542281150817871
LPP,OnlineNewsPopularity,20,31,0.025240659713745117
LPP,OnlineNewsPopularity,20,178,0.022882699966430664
LPP,OnlineNewsPopularity,22,10,0.026781082153320312
LPP,OnlineNewsPopularity,22,31,0.0280306339263916
LPP,OnlineNewsPopularity,22,178,0.027335166931152344
LPP,PremiumPrice,2,6,0.0012438297271728516
LPP,PremiumPrice,2,9,0.0006196498870849609
LPP,PremiumPrice,2,28,0.0006198883056640625
LPP,PremiumPrice,4,6,0.0006110668182373047
LPP,PremiumPrice,4,9,0.0005998611450195312
LPP,PremiumPrice,4,28,0.000988006591796875
LPP,WineQuality,2,8,0.002172231674194336
LPP,WineQuality,2,15,0.0017549991607666016
LPP,WineQuality,2,62,0.0022346973419189453
LPP,WineQuality,4,8,0.0006392002105712891
LPP,WineQuality,4,15,0.0006399154663085938
LPP,WineQuality,4,62,0.0006301403045654297
Index(['dr_name', 'dataset_name', 'n_components', 'n_neighbors', 'RMSE', 'MAE',
       'MAE_percentage', 'R2', 'residuals_mean', 'residuals_var'],
      dtype='object')
[['LPP' 'Admission' 2 5 0.07490654022985166 0.05945728399932254
  0.09072337699012005 0.7544691563012442 0.014936276269486126
  0.0054560986535776915]]
[['LPP' 'Admission' 2 6 0.07588535032559006 0.05980603649872478
  0.09139425984074809 0.7480104876327027 0.013815909465388207
  0.005638184343981498]]
[['LPP' 'Admission' 2 17 0.0755984086975257 0.06008293700059233
  0.09232379919982978 0.7499125563848841 0.0136201439098459
  0.005599606154403257]]
[['LPP' 'BankHappiness' 2 8 0.3101894759492164 0.17402282796003138
  411128995306579.7 -0.0007611784151468903 -0.008555122712117629
  0.09618388642917214]]
[['LPP' 'BankHappiness' 2 19 0.31018386972388756 0.1738198450581335
  410118487681494.75 -0.0007250041255539852 -0.008309350081244078
  0.09618455357668836]]
[['LPP' 'BankHappiness' 2 87 0.310184424434751 0.1738386765769386
  410212217434073.9 -0.0007285833801942143 -0.008332142934201326
  0.09618451838013896]]
[['LPP' 'BankHappiness' 4 8 0.3064671643674096 0.17309966973780622
  411361060994811.4 0.02311322168665142 -0.0095813388024629
  0.09386893408288667]]
[['LPP' 'BankHappiness' 4 19 0.30651931868475696 0.17311586248154798
  411361267469241.0 0.02278070189863113 -0.009565237751787478
  0.09390122553765094]]
[['LPP' 'BankHappiness' 4 87 0.3065307124328536 0.1730977778457124
  411292712241609.7 0.02270805135574061 -0.009552877750753213
  0.09390844974690624]]
[['LPP' 'BankHappiness' 6 8 0.3064553495314812 0.17299509455523815
  410624684620503.06 0.02318854156343475 -0.009358897182812138
  0.09386590435442829]]
[['LPP' 'BankHappiness' 6 19 0.30645455617973655 0.17298105616800208
  410688826935870.25 0.023193599096760775 -0.009401420480197613
  0.0938646198223217]]
[['LPP' 'BankHappiness' 6 87 0.30631150391410084 0.17293550748181274
  410930189812637.75 0.02410532810898991 -0.009554155815617775
  0.0937740297983069]]
[['LPP' 'BankHappiness' 8 8 0.3045830082908669 0.1723035227202806
  409894714022683.9 0.0350880715795896 -0.009680827333458136
  0.09271522924203333]]
[['LPP' 'BankHappiness' 8 19 0.3048717580897659 0.17230630041545744
  409487430862562.06 0.03325769900445452 -0.009508166931249472
  0.09289459614590874]]
[['LPP' 'BankHappiness' 8 87 0.30514743398829175 0.17225310703503388
  408772627786787.56 0.03150858293709902 -0.00924669092645161
  0.09306773890295966]]
[['LPP' 'Credit' 2 3 9104.937734879084 6111.495015801163
  1.205564808969519 7.448632330375737e-05 -305.0056189342784
  92007625.2538262]]
[['LPP' 'Credit' 2 6 9110.402820347737 6116.17 1.2065679717468742
  -0.0011262508138998317 -305.57000000000005 92117851.69344443]]
[['LPP' 'Credit' 4 3 9108.441505582485 6114.569771875699
  1.2061176168278975 -0.0006952463062632752 -306.2037584106649
  92077717.68772542]]
[['LPP' 'Credit' 4 6 9106.279716598809 6112.13207205212
  1.2054467326173293 -0.00022029452855010234 -304.5799378449863
  92035068.15377912]]
[['LPP' 'Credit' 6 3 9108.868998299598 6115.480893135567
  1.2064216961721361 -0.0007891811398930137 -306.6565833369674
  92086062.40897734]]
[['LPP' 'Credit' 6 6 9109.01133828263 6114.042347458725
  1.2059381385226697 -0.0008204591016474083 -304.52579254530303
  92090390.6695957]]
[['LPP' 'Credit' 8 3 9109.45982772457 6114.84963688277 1.2061466220450545
  -0.0009190139156534105 -304.98686910866144 92099157.06955452]]
[['LPP' 'Credit' 8 6 9109.466331834166 6114.577226136111
  1.2060103563611608 -0.0009204432186882272 -304.66120912251824
  92099509.33164024]]
[['LPP' 'Credit' 10 3 9109.88354718563 6115.167464760785
  1.2062012307947603 -0.0010121300249967824 -304.91866417386734
  92107780.94613542]]
[['LPP' 'Credit' 10 6 9110.03710019098 6115.4950003428185
  1.206307458934635 -0.0010458757288998033 -305.25514448423894
  92110661.40402447]]
[['LPP' 'Facebook' 2 5 255.87984135466925 132.06674741753986
  1.5869541456068337 -0.056293389580277964 68.93787974125438
  61335.41610956673]]
[['LPP' 'Facebook' 2 7 248.51472507061266 131.77907049280168
  1.6692014779915914 0.0036391145447675077 64.30236478143519
  58206.84288933073]]
[['LPP' 'Facebook' 2 20 248.56229135319813 130.32518991631517
  1.5761773094222875 0.0032576665721963938 66.4334875371768
  57949.297390302956]]
[['LPP' 'Facebook' 4 5 249.75198365978702 126.36025077186196
  1.3893177251906312 -0.00630657193838946 69.70145471877872
  58098.74803240865]]
[['LPP' 'Facebook' 4 7 250.32873776241365 126.39028371219223
  1.380004103424695 -0.010959680886533985 71.09833635396144
  58191.41769436587]]
[['LPP' 'Facebook' 4 20 249.9365826157914 126.01828467603255
  1.358335051426059 -0.007794702613855398 70.71589007233555
  58048.03860700775]]
[['LPP' 'Facebook' 6 5 251.30800193945444 127.47963454905376
  1.4416522113998438 -0.018884723763707312 69.70584063309988
  58885.664263064355]]
[['LPP' 'Facebook' 6 7 251.99454794780522 127.47755882773976
  1.4279789172425228 -0.024459291456023546 70.75669864431947
  59085.59777007641]]
[['LPP' 'Facebook' 6 20 252.70862534779363 127.95049722202009
  1.4265553364917236 -0.030273541969590534 70.87118069728317
  59433.25764822685]]
[['LPP' 'Facebook' 8 5 253.18932101477867 129.34850236686404
  1.4858642582928414 -0.034196787965685926 69.79324673816566
  59832.055541081]]
[['LPP' 'Facebook' 8 7 253.17884445164333 129.24173812320836
  1.4769554164760643 -0.0341112029675803 70.02946018509645
  59793.33533742769]]
[['LPP' 'Facebook' 8 20 253.85545497570206 129.9022894429533
  1.4858016210004823 -0.039645831836130796 70.02514268907328
  60140.47617403598]]
[['LPP' 'ForestFires' 2 6 11.30438051050003 4.957934842848355
  2975985135741389.5 -0.12797010134925046 3.5020317012801767
  116.6463926184249]]
[['LPP' 'ForestFires' 2 7 11.299525339110257 4.995622116834749
  3155102983771055.5 -0.1270013950856539 3.4332351526404135
  117.01733596786764]]
[['LPP' 'ForestFires' 2 20 11.316534428431869 4.974347422754129
  3053844259815314.0 -0.13039688197468347 3.4692374150839744
  117.15483199686591]]
[['LPP' 'ForestFires' 4 6 11.350414642250387 5.023057092950086
  3082866513961163.0 -0.13717553280984363 3.5093417073499373
  117.64766084014452]]
[['LPP' 'ForestFires' 4 7 11.358695406011313 5.004155697714011
  3019417600846340.5 -0.13883540467135536 3.5183108223042043
  117.77389154909481]]
[['LPP' 'ForestFires' 4 20 11.423933064531694 4.985155007749115
  2823219078757538.5 -0.15195457123353084 3.606889505877497
  118.63733839369219]]
[['LPP' 'HousePrice' 2 7 92680.72972560575 60082.66281703247
  0.31606512724026753 -0.0657291235264903 23020.939516476974
  8087450755.411858]]
[['LPP' 'HousePrice' 2 10 92679.17093955677 60082.54532350065
  0.316072627459719 -0.06569327508799572 23014.69769180875
  8087449159.896515]]
[['LPP' 'HousePrice' 2 34 92679.41238610126 60082.94954088723
  0.3160764953875307 -0.06569882775514424 23014.831237827006
  8087487899.696185]]
[['LPP' 'HousePrice' 11 7 92680.72884265905 60082.3117514695
  0.31606146281785463 -0.06572910322060777 23021.236621029453
  8087436864.836973]]
[['LPP' 'HousePrice' 11 10 92679.25606463283 60082.51865917781
  0.31607166427672956 -0.06569523275036637 23015.088099272438
  8087446960.643095]]
[['LPP' 'HousePrice' 11 34 92679.5246257109 60083.0487173946
  0.3160772359732828 -0.06570140899060473 23014.61655246164
  8087518691.611498]]
[['LPP' 'HousePrice' 20 7 92678.73167214068 60083.767123282974
  0.3160957100034755 -0.06568317307225291 23008.75342466781
  8087641974.220794]]
[['LPP' 'HousePrice' 20 10 92679.25509019644 60082.517967631415
  0.31607166270398895 -0.0656952103407733 23015.086774020336
  8087446840.613543]]
[['LPP' 'HousePrice' 20 34 92678.73167211731 60083.76712326475
  0.316095710003546 -0.06568317307171578 23008.75342456352
  8087641974.221264]]
[['LPP' 'HousePrice' 29 7 92678.73167214064 60083.767123283054
  0.31609571000347636 -0.06568317307225224 23008.753424667644
  8087641974.220794]]
[['LPP' 'HousePrice' 29 10 92679.25029911612 60082.504367526686
  0.3160714930335698 -0.06569510015794511 23015.1368752893
  8087443635.396669]]
[['LPP' 'HousePrice' 29 34 92678.73167211622 60083.76712326536
  0.31609571000355835 -0.06568317307169047 23008.753424559323
  8087641974.221253]]
[['LPP' 'HousePrice' 38 7 92678.73167214061 60083.76712328307
  0.3160957100034768 -0.06568317307225136 23008.7534246675
  8087641974.220794]]
[['LPP' 'HousePrice' 38 10 92679.18363296338 60082.57689832019
  0.3160728462033975 -0.06569356700426665 23014.64870102602
  8087453783.573695]]
[['LPP' 'HousePrice' 38 34 92678.73167212316 60083.76712326449
  0.316095710003499 -0.06568317307185012 23008.75342458742
  8087641974.221247]]
[['LPP' 'HousePrice' 47 7 92626.65642413261 59968.79031695868
  0.31503915825975837 -0.06448591619805266 23181.464559642558
  8069954009.985667]]
[['LPP' 'HousePrice' 47 10 92599.08379822283 59912.5219225971
  0.31457090805124 -0.06385226915500763 23240.708730920072
  8062069605.3704815]]
[['LPP' 'HousePrice' 47 34 92623.03360124661 59958.44223464936
  0.3149643778747602 -0.06440264927099082 23179.006689670947
  8069394916.475368]]
[['LPP' 'HousePrice' 56 7 92663.02698505615 60042.39729678007
  0.31569945296800506 -0.06532203729792374 23077.37713761877
  8081547767.933178]]
[['LPP' 'HousePrice' 56 10 92659.5424480185 60039.68833983447
  0.31568599137446335 -0.06524191722371309 23074.08927707165
  8081052046.485506]]
[['LPP' 'HousePrice' 56 34 92663.56623110405 60044.43725390916
  0.3157231310336427 -0.06533443646917036 23068.061136158303
  8082079416.2499075]]
[['LPP' 'HousePrice' 65 7 92672.34750013756 60060.715519281104
  0.31586753051815974 -0.06553635901415444 23050.050355052485
  8084545971.086642]]
[['LPP' 'HousePrice' 65 10 92671.39727078383 60059.78476772469
  0.3158640806043467 -0.0655145078630357 23048.674087397238
  8084432909.004315]]
[['LPP' 'HousePrice' 65 34 92672.03574148628 60061.36548674
  0.3158767880064806 -0.06552918989351864 23046.710842473447
  8084642459.525431]]
[['LPP' 'HousePrice' 74 7 92674.29865329174 60069.42444146238
  0.31595895381052186 -0.0655812277710186 23031.186653358694
  8085781103.393672]]
[['LPP' 'HousePrice' 74 10 92673.8185748823 60069.10175900956
  0.3159565516590423 -0.06557018779071422 23031.417763501508
  8085681133.867886]]
[['LPP' 'HousePrice' 74 34 92674.88105127872 60069.51527258856
  0.31595538145757895 -0.0655946207898177 23033.109094864867
  8085800561.104713]]
[['LPP' 'HousePrice' 83 7 92676.11377258091 60072.72709577112
  0.3159858596991174 -0.06562296913858257 23028.074508798698
  8086262528.297004]]
[['LPP' 'HousePrice' 83 10 92676.18111176479 60073.28378991002
  0.3159918229503923 -0.06562451771899269 23026.83812806943
  8086332189.742342]]
[['LPP' 'HousePrice' 83 34 92676.1359513435 60073.396457020106
  0.31599285674814126 -0.06562347917726918 23026.694809656336
  8086330413.389469]]
[['LPP' 'HousePrice' 92 7 92677.2973539236 60075.15541256191
  0.31600742902457896 -0.06565018779217269 23025.071647985777
  8086621429.437617]]
[['LPP' 'HousePrice' 92 10 92676.82033017343 60075.30543128989
  0.31601234989273014 -0.0656392177022973 23022.90625947695
  8086632761.692599]]
[['LPP' 'HousePrice' 92 34 92677.55445189978 60075.558372621614
  0.31600893758028353 -0.06565610028410851 23025.47241416755
  8086650728.633893]]
[['LPP' 'OnlineNewsPopularity' 2 10 7068.964981451007 2200.494181155501
  0.6575160432200271 -0.064460253526468 1740.3758431736849
  46947278.79183249]]
[['LPP' 'OnlineNewsPopularity' 2 31 7070.01283428961 2200.4531088409635
  0.6560425263434845 -0.06477585287388465 1743.8040232059527
  46950150.32618084]]
[['LPP' 'OnlineNewsPopularity' 2 178 7070.012834289613 2200.453108840962
  0.6560425263434765 -0.06477585287388576 1743.8040232059668
  46950150.32618084]]
[['LPP' 'OnlineNewsPopularity' 4 10 7062.933979945224 2198.582958186732
  0.6666701422238462 -0.06264470546612055 1713.708278459508
  46954162.16788523]]
[['LPP' 'OnlineNewsPopularity' 4 31 7062.796170591624 2198.624958368269
  0.6669944645248697 -0.06260323801032452 1713.3044184275782
  46953599.47263451]]
[['LPP' 'OnlineNewsPopularity' 4 178 7062.564509058995 2198.6564893719187
  0.6674709339574035 -0.06253353183401078 1712.7088059203388
  46952367.59089285]]
[['LPP' 'OnlineNewsPopularity' 6 10 7041.750327410483 2186.3101943345746
  0.663288157597059 -0.056279945882080185 1691.2391233654942
  46731851.69002075]]
[['LPP' 'OnlineNewsPopularity' 6 31 7046.464990830134 2184.2306662531514
  0.6668287556778618 -0.057694841702417454 1687.0038719689796
  46812590.77455113]]
[['LPP' 'OnlineNewsPopularity' 6 178 7045.074086770309 2183.865397122112
  0.6680338873381871 -0.05727732544264752 1684.5815108400695
  46801156.55093663]]
[['LPP' 'OnlineNewsPopularity' 8 10 7044.578259524372 2182.6557304046437
  0.662213441528843 -0.057128509844499575 1690.2558091098726
  46775017.387198836]]
[['LPP' 'OnlineNewsPopularity' 8 31 7045.024816244555 2184.0955135928893
  0.6651396344515762 -0.057262537116252954 1688.0078562660835
  46788905.123062335]]
[['LPP' 'OnlineNewsPopularity' 8 178 7042.24445262023 2181.161526674467
  0.6619502854352963 -0.056428191087553925 1682.7235425667322
  46767546.70041929]]
[['LPP' 'OnlineNewsPopularity' 10 10 7042.655697150928 2181.3070562244734
  0.6610631388806193 -0.05655157873870298 1686.011221555379
  46762263.05369911]]
/home/soyoung/.local/lib/python3.8/site-packages/umap/distances.py:1063: NumbaDeprecationWarning: [1mThe 'nopython' keyword argument was not supplied to the 'numba.jit' decorator. The implicit default value for this argument is currently False, but it will be changed to True in Numba 0.59.0. See https://numba.readthedocs.io/en/stable/reference/deprecation.html#deprecation-of-object-mode-fall-back-behaviour-when-using-jit for details.[0m
  @numba.jit()
/home/soyoung/.local/lib/python3.8/site-packages/umap/distances.py:1071: NumbaDeprecationWarning: [1mThe 'nopython' keyword argument was not supplied to the 'numba.jit' decorator. The implicit default value for this argument is currently False, but it will be changed to True in Numba 0.59.0. See https://numba.readthedocs.io/en/stable/reference/deprecation.html#deprecation-of-object-mode-fall-back-behaviour-when-using-jit for details.[0m
  @numba.jit()
/home/soyoung/.local/lib/python3.8/site-packages/umap/distances.py:1086: NumbaDeprecationWarning: [1mThe 'nopython' keyword argument was not supplied to the 'numba.jit' decorator. The implicit default value for this argument is currently False, but it will be changed to True in Numba 0.59.0. See https://numba.readthedocs.io/en/stable/reference/deprecation.html#deprecation-of-object-mode-fall-back-behaviour-when-using-jit for details.[0m
  @numba.jit()
/home/soyoung/.local/lib/python3.8/site-packages/umap/umap_.py:660: NumbaDeprecationWarning: [1mThe 'nopython' keyword argument was not supplied to the 'numba.jit' decorator. The implicit default value for this argument is currently False, but it will be changed to True in Numba 0.59.0. See https://numba.readthedocs.io/en/stable/reference/deprecation.html#deprecation-of-object-mode-fall-back-behaviour-when-using-jit for details.[0m
  @numba.jit()
[['LPP' 'OnlineNewsPopularity' 10 31 7045.251475680984 2177.1436685532512
  0.652343885562879 -0.05733056878172316 1689.2661504097564
  46787849.07985418]]
[['LPP' 'OnlineNewsPopularity' 10 178 7044.620399988058
  2176.5351362824385 0.6525489129385211 -0.05714115730675551
  1686.7890875905584 46787319.93836766]]
[['LPP' 'OnlineNewsPopularity' 12 10 7043.710751942094 2176.0462048879813
  0.6512385826542483 -0.05686816479681989 1688.5938824910409
  46768410.25661683]]
[['LPP' 'OnlineNewsPopularity' 12 31 7046.303719488854 2176.128504901792
  0.6495141039789699 -0.057646427663878175 1692.1939015317253
  46792777.37964434]]
[['LPP' 'OnlineNewsPopularity' 12 178 7038.144333087182 2166.324413590283
  0.6396024340427207 -0.055198406760150975 1688.6012949372157
  46689989.82935181]]
[['LPP' 'OnlineNewsPopularity' 14 10 7045.420984648506 2175.3981980207395
  0.6485240212625267 -0.05738144820590452 1693.0117693196416
  46777567.55436111]]
[['LPP' 'OnlineNewsPopularity' 14 31 7038.527533548789 2165.7635146292564
  0.6388626950797653 -0.05531331304941012 1688.898358054304
  46694381.23977576]]
[['LPP' 'OnlineNewsPopularity' 14 178 7041.357579014413
  2168.5222287138977 0.6401264768090152 -0.056162122708516726
  1692.9810075881653 46720424.21110091]]
[['LPP' 'OnlineNewsPopularity' 16 10 7040.297280553939 2167.931497425676
  0.6389384189040114 -0.055844069621166614 1692.4374561247082
  46707331.952106096]]
[['LPP' 'OnlineNewsPopularity' 16 31 7039.763999244769 2167.2170210609743
  0.6388248863067335 -0.05568412166437797 1691.5163114076602
  46702939.875803694]]
[['LPP' 'OnlineNewsPopularity' 16 178 7042.732984818648
  2169.2002052230287 0.6398174219655309 -0.05657476852929566
  1696.4322886733073 46728098.70091203]]
[['LPP' 'OnlineNewsPopularity' 18 10 7042.322114879056 2169.643946383703
  0.6403289683507069 -0.05645149191232823 1695.7279261994445
  46724700.45695057]]
[['LPP' 'OnlineNewsPopularity' 18 31 7042.029834494666 2169.193507724522
  0.6399801152258017 -0.05636380105258132 1695.342640677473
  46721890.053096116]]
[['LPP' 'OnlineNewsPopularity' 18 178 7043.969517485589
  2169.6594546245815 0.6387429562126132 -0.05694581877727112
  1699.3804756996524 46735506.81189561]]
[['LPP' 'OnlineNewsPopularity' 20 10 7043.160418414727 2170.65569371838
  0.6411163945286599 -0.05670302250638404 1697.2029601305057
  46731504.53670261]]
[['LPP' 'OnlineNewsPopularity' 20 31 7044.075831442964 2171.111658259155
  0.6411116601096903 -0.05697772378209143 1698.4045532045236
  46740321.14977262]]
[['LPP' 'OnlineNewsPopularity' 20 178 7044.644906833588 2170.976125398584
  0.6432762152502807 -0.05714851249089237 1700.292676154614
  46741921.73765603]]
[['LPP' 'OnlineNewsPopularity' 22 10 7043.876377837532 2171.2049746658504
  0.6412785328732902 -0.056917867801477895 1698.6009164817362
  46736843.77122002]]
[['LPP' 'OnlineNewsPopularity' 22 31 7044.859559063534 2171.8107840250773
  0.6427768884550221 -0.05721293667287397 1700.2210054055245
  46745190.21078888]]
[['LPP' 'OnlineNewsPopularity' 22 178 7045.06376935204 2172.1647935568703
  0.6442585817988559 -0.057274228707461905 1700.7535551801002
  46746256.46433639]]
[['LPP' 'PremiumPrice' 2 6 5832.785323050833 4458.252818201277
  0.20017321664497886 -0.003579610216084106 1107.3923258516245
  32961539.2820586]]
[['LPP' 'PremiumPrice' 2 9 5825.086958989671 4451.942823673724
  0.1999415348380992 -0.0009322222967407257 1102.7074290387447
  32881743.818961382]]
[['LPP' 'PremiumPrice' 2 28 5821.953220740555 4449.647720816468
  0.19985359875313002 0.0001444366074492276 1101.343290628534
  32848081.663017306]]
[['LPP' 'PremiumPrice' 4 6 5898.034171391959 4516.6798132063095
  0.20194594017029255 -0.02615842012187275 1218.1364382929053
  33472001.215801228]]
[['LPP' 'PremiumPrice' 4 9 5896.299209552975 4515.4055870019365
  0.2018947955984597 -0.025554800747932926 1216.6145014461279
  33455158.972803622]]
[['LPP' 'PremiumPrice' 4 28 5898.958986204814 4517.298920650657
  0.20195731223278068 -0.02648024969492746 1219.8287374166146
  33478819.92139709]]
[['LPP' 'WineQuality' 2 8 0.8070821817131757 0.6114026074521773
  0.11006536591199752 0.08838993888972568 -0.024006747098857664
  0.6514700895301107]]
[['LPP' 'WineQuality' 2 15 0.8036710729371445 0.6122413240947496
  0.10979928846106046 0.09607944023657222 -0.00913727882549773
  0.6464633601015057]]
[['LPP' 'WineQuality' 2 62 0.8062002391338949 0.612791146684367
  0.11002637468901544 0.09038118207722134 -0.017463237411149857
  0.6503174501535217]]
[['LPP' 'WineQuality' 4 8 0.7248927288409182 0.5459483983316197
  0.09771625522740163 0.26460431365417236 -0.008726845363535473
  0.5259299737349389]]
[['LPP' 'WineQuality' 4 15 0.7223262361317154 0.543245088811598
  0.0972313711944543 0.2698024524446059 -0.00877824885036818
  0.5222110021208428]]
[['LPP' 'WineQuality' 4 62 0.7143096105474137 0.538030375410924
  0.09641171064257029 0.2859204798592482 -0.013477685300816451
  0.5105775692389616]]
Finished python experiment_script.py
