Entered python experiment_script.py
----------pca----------
Index(['dr_name', 'dataset_name', 'n_components', 'n_neighbors',
       'fit_transform_time'],
      dtype='object')
PCA,AcademicSuccess,2,None,0.060381412506103516
PCA,AcademicSuccess,4,None,0.03363466262817383
PCA,AcademicSuccess,6,None,0.07533740997314453
PCA,AcademicSuccess,8,None,0.05255484580993652
PCA,AcademicSuccess,10,None,0.07498860359191895
PCA,AcademicSuccess,12,None,0.037831783294677734
PCA,AcademicSuccess,14,None,0.08380508422851562
PCA,AcademicSuccess,16,None,0.062003374099731445
PCA,BuyCoupon,2,None,0.09807586669921875
PCA,BuyCoupon,5,None,0.10573530197143555
PCA,BuyCoupon,8,None,0.11866307258605957
PCA,BuyCoupon,11,None,0.05566596984863281
PCA,BuyCoupon,14,None,0.09376811981201172
PCA,BuyCoupon,17,None,0.11813473701477051
PCA,BuyCoupon,20,None,0.2206559181213379
PCA,BuyCoupon,23,None,0.10949182510375977
PCA,BuyCoupon,26,None,0.24160003662109375
PCA,BuyCoupon,29,None,0.16604018211364746
PCA,DryBean,2,None,0.03289651870727539
PCA,DryBean,4,None,0.042412519454956055
PCA,DryBean,6,None,0.03177499771118164
PCA,FakeWebsite,2,None,0.032568931579589844
PCA,FakeWebsite,4,None,0.022981643676757812
PCA,FakeWebsite,6,None,0.03872513771057129
PCA,FakeWebsite,8,None,0.06573224067687988
PCA,FakeWebsite,10,None,0.06759929656982422
PCA,FakeWebsite,12,None,0.08645462989807129
PCA,FakeWebsite,14,None,0.05568718910217285
PCA,Glass,2,None,0.006494283676147461
PCA,Grade,2,None,0.0072672367095947266
PCA,Heart,2,None,0.007886648178100586
PCA,Heart,4,None,0.022158145904541016
PCA,Heart,6,None,0.01890850067138672
PCA,Heart,8,None,0.007527351379394531
PCA,Parkinsons,2,None,0.0013968944549560547
PCA,Parkinsons,4,None,0.0015270709991455078
PCA,Parkinsons,6,None,0.0013926029205322266
PCA,Parkinsons,8,None,0.0013887882232666016
PCA,Parkinsons,10,None,0.001369476318359375
PCA,StayHospital,2,None,0.04729151725769043
PCA,StayHospital,4,None,0.06221508979797363
PCA,StayHospital,6,None,0.059058427810668945
PCA,StayHospital,8,None,0.05440640449523926
PCA,StayHospital,10,None,0.08430051803588867
PCA,StayHospital,12,None,0.17253327369689941
PCA,StayHospital,14,None,0.10844540596008301
PCA,StayHospital,16,None,0.055184125900268555
PCA,StayHospital,18,None,0.14992856979370117
PCA,StayHospital,20,None,0.1251821517944336
PCA,StayHospital,22,None,0.06902408599853516
PCA,StayHospital,24,None,0.1034688949584961
PCA,Zoo,2,None,0.008573293685913086
PCA,Zoo,4,None,0.003482341766357422
PCA,Zoo,6,None,0.004747629165649414
Index(['dr_name', 'dataset_name', 'n_components', 'n_neighbors',
       'transform_time'],
      dtype='object')
PCA,AcademicSuccess,2,None,0.0010156631469726562
PCA,AcademicSuccess,4,None,0.0009629726409912109
PCA,AcademicSuccess,6,None,0.0009508132934570312
PCA,AcademicSuccess,8,None,0.0009341239929199219
PCA,AcademicSuccess,10,None,0.002034425735473633
PCA,AcademicSuccess,12,None,0.0009677410125732422
PCA,AcademicSuccess,14,None,0.0038025379180908203
PCA,AcademicSuccess,16,None,0.0009672641754150391
PCA,BuyCoupon,2,None,0.002323627471923828
PCA,BuyCoupon,5,None,0.004404544830322266
PCA,BuyCoupon,8,None,0.004391670227050781
PCA,BuyCoupon,11,None,0.004288196563720703
PCA,BuyCoupon,14,None,0.004824638366699219
PCA,BuyCoupon,17,None,0.004510402679443359
PCA,BuyCoupon,20,None,0.004480600357055664
PCA,BuyCoupon,23,None,0.004731416702270508
PCA,BuyCoupon,26,None,0.004777669906616211
PCA,BuyCoupon,29,None,0.004769563674926758
PCA,DryBean,2,None,0.0008299350738525391
PCA,DryBean,4,None,0.0007948875427246094
PCA,DryBean,6,None,0.0008156299591064453
PCA,FakeWebsite,2,None,0.0009696483612060547
PCA,FakeWebsite,4,None,0.0022754669189453125
PCA,FakeWebsite,6,None,0.00293731689453125
PCA,FakeWebsite,8,None,0.0029268264770507812
PCA,FakeWebsite,10,None,0.0029366016387939453
PCA,FakeWebsite,12,None,0.0019540786743164062
PCA,FakeWebsite,14,None,0.0030493736267089844
PCA,Glass,2,None,0.0006959438323974609
PCA,Grade,2,None,0.0007140636444091797
PCA,Heart,2,None,0.0007827281951904297
PCA,Heart,4,None,0.0007615089416503906
PCA,Heart,6,None,0.0007610321044921875
PCA,Heart,8,None,0.0007596015930175781
PCA,Parkinsons,2,None,0.011907339096069336
PCA,Parkinsons,4,None,0.0007183551788330078
PCA,Parkinsons,6,None,0.0007190704345703125
PCA,Parkinsons,8,None,0.0007467269897460938
PCA,Parkinsons,10,None,0.0007486343383789062
PCA,StayHospital,2,None,0.001239776611328125
PCA,StayHospital,4,None,0.0010809898376464844
PCA,StayHospital,6,None,0.0011644363403320312
PCA,StayHospital,8,None,0.00119781494140625
PCA,StayHospital,10,None,0.0012102127075195312
PCA,StayHospital,12,None,0.0012440681457519531
PCA,StayHospital,14,None,0.001245260238647461
PCA,StayHospital,16,None,0.0012598037719726562
PCA,StayHospital,18,None,0.0012660026550292969
PCA,StayHospital,20,None,0.0012631416320800781
PCA,StayHospital,22,None,0.0012590885162353516
PCA,StayHospital,24,None,0.0013036727905273438
PCA,Zoo,2,None,0.0008032321929931641
PCA,Zoo,4,None,0.0007717609405517578
PCA,Zoo,6,None,0.0007750988006591797
Index(['dr_name', 'dataset_name', 'n_components', 'n_neighbors', 'accuracy',
       'precision', 'recall', 'f1_score'],
      dtype='object')
[['PCA' 'AcademicSuccess' 2 None 0.6632768361581921 0.7347228966701628
  0.6632768361581921 0.5916958017180788]]
[['PCA' 'AcademicSuccess' 4 None 0.6892655367231638 0.645587810426751
  0.6892655367231638 0.6211979123184951]]
[['PCA' 'AcademicSuccess' 6 None 0.7175141242937854 0.6967829518872884
  0.7175141242937854 0.6790754516903743]]
[['PCA' 'AcademicSuccess' 8 None 0.7129943502824859 0.6874847648898461
  0.7129943502824859 0.6778741296651656]]
[['PCA' 'AcademicSuccess' 10 None 0.7175141242937854 0.6942984531715364
  0.7175141242937854 0.6903904314853734]]
[['PCA' 'AcademicSuccess' 12 None 0.7231638418079096 0.701122134335739
  0.7231638418079096 0.693829695538]]
[['PCA' 'AcademicSuccess' 14 None 0.7265536723163842 0.7082226048294248
  0.7265536723163842 0.7058591877444557]]
[['PCA' 'AcademicSuccess' 16 None 0.7344632768361582 0.7169102505339165
  0.7344632768361582 0.7153861336195151]]
[['PCA' 'BuyCoupon' 2 None 0.5648403626330312 0.5672235481304694
  0.9889042995839112 0.7209302325581396]]
[['PCA' 'BuyCoupon' 5 None 0.584548679542767 0.587151841868823
  0.9063800277392511 0.7126499454743731]]
[['PCA' 'BuyCoupon' 8 None 0.5884903429247142 0.5900452488687783
  0.9042995839112344 0.7141292442497262]]
[['PCA' 'BuyCoupon' 11 None 0.598738667717777 0.5958408679927667
  0.9140083217753121 0.7214012041598248]]
[['PCA' 'BuyCoupon' 14 None 0.6235711470240441 0.6183762761302868
  0.8821081830790569 0.7270648756787653]]
[['PCA' 'BuyCoupon' 17 None 0.6231769806858495 0.6202970297029703
  0.8689320388349514 0.7238590410167532]]
[['PCA' 'BuyCoupon' 20 None 0.6551044540796216 0.6468151216986018
  0.8661581137309292 0.740587014527127]]
[['PCA' 'BuyCoupon' 23 None 0.6547102877414269 0.6467842323651453
  0.8647711511789181 0.7400593471810089]]
[['PCA' 'BuyCoupon' 26 None 0.6594402837997635 0.653072033898305
  0.8550624133148405 0.7405405405405404]]
[['PCA' 'BuyCoupon' 29 None 0.6673236105636579 0.6633879781420765
  0.841886269070735 0.7420537897310513]]
[['PCA' 'DryBean' 2 None 0.8813808299669482 0.8843244259056775
  0.8813808299669482 0.8789536856737367]]
[['PCA' 'DryBean' 4 None 0.8993756885787734 0.9005470549775895
  0.8993756885787734 0.8990481345643544]]
[['PCA' 'DryBean' 6 None 0.9302240176276166 0.9309364266339312
  0.9302240176276166 0.9304224615446598]]
[['PCA' 'FakeWebsite' 2 None 0.8977838082315694 0.9023218574859888
  0.9155158407798538 0.9088709677419355]]
[['PCA' 'FakeWebsite' 4 None 0.8986883763003166 0.9123669123669124
  0.9049553208773355 0.9086460032626429]]
[['PCA' 'FakeWebsite' 6 None 0.911352329262777 0.9136690647482014
  0.9285134037367994 0.9210314262691377]]
[['PCA' 'FakeWebsite' 8 None 0.9312528267752148 0.9298804780876494
  0.9480097481722177 0.9388576025744167]]
[['PCA' 'FakeWebsite' 10 None 0.9402985074626866 0.9357652656621729
  0.958570268074736 0.9470304975922954]]
[['PCA' 'FakeWebsite' 12 None 0.939846223428313 0.933649289099526
  0.9601949634443542 0.94673608329996]]
[['PCA' 'FakeWebsite' 14 None 0.9466304839439168 0.9364705882352942
  0.9699431356620634 0.9529130087789306]]
[['PCA' 'Glass' 2 None 0.6976744186046512 0.7586831772878284
  0.6976744186046512 0.6410941815913748]]
[['PCA' 'Grade' 2 None 0.975 0.9757602150537634 0.975 0.974836880818729]]
[['PCA' 'Heart' 2 None 0.7065217391304348 0.7105263157894737
  0.7941176470588235 0.7499999999999999]]
[['PCA' 'Heart' 4 None 0.7336956521739131 0.7345132743362832
  0.8137254901960784 0.772093023255814]]
[['PCA' 'Heart' 6 None 0.7336956521739131 0.7345132743362832
  0.8137254901960784 0.772093023255814]]
[['PCA' 'Heart' 8 None 0.7336956521739131 0.7345132743362832
  0.8137254901960784 0.772093023255814]]
[['PCA' 'Parkinsons' 2 None 0.7948717948717948 0.8 0.9655172413793104
  0.8750000000000001]]
[['PCA' 'Parkinsons' 4 None 0.7948717948717948 0.8 0.9655172413793104
  0.8750000000000001]]
[['PCA' 'Parkinsons' 6 None 0.7948717948717948 0.8181818181818182
  0.9310344827586207 0.8709677419354839]]
[['PCA' 'Parkinsons' 8 None 0.8461538461538461 0.8285714285714286 1.0
  0.90625]]
[['PCA' 'Parkinsons' 10 None 0.8461538461538461 0.8285714285714286 1.0
  0.90625]]
[['PCA' 'StayHospital' 2 None 0.2955 0.79182025 0.2955 0.1348054805094558]]
[['PCA' 'StayHospital' 4 None 0.2955 0.79182025 0.2955 0.1348054805094558]]
[['PCA' 'StayHospital' 6 None 0.2955 0.79182025 0.2955 0.1348054805094558]]
[['PCA' 'StayHospital' 8 None 0.2955 0.79182025 0.2955 0.1348054805094558]]
[['PCA' 'StayHospital' 10 None 0.2955 0.79182025 0.2955
  0.1348054805094558]]
[['PCA' 'StayHospital' 12 None 0.2955 0.79182025 0.2955
  0.1348054805094558]]
[['PCA' 'StayHospital' 14 None 0.2955 0.79182025 0.2955
  0.1348054805094558]]
[['PCA' 'StayHospital' 16 None 0.2955 0.79182025 0.2955
  0.1348054805094558]]
[['PCA' 'StayHospital' 18 None 0.2955 0.79182025 0.2955
  0.1348054805094558]]
[['PCA' 'StayHospital' 20 None 0.2955 0.79182025 0.2955
  0.1348054805094558]]
[['PCA' 'StayHospital' 22 None 0.2955 0.79182025 0.2955
  0.1348054805094558]]
[['PCA' 'StayHospital' 24 None 0.2955 0.79182025 0.2955
  0.1348054805094558]]
[['PCA' 'Zoo' 2 None 0.9047619047619048 0.9325396825396824
  0.9047619047619048 0.8811791383219953]]
[['PCA' 'Zoo' 4 None 0.9523809523809523 0.9642857142857143
  0.9523809523809523 0.9319727891156462]]
[['PCA' 'Zoo' 6 None 0.9523809523809523 0.9642857142857143
  0.9523809523809523 0.9319727891156462]]
----------kpca----------
Index(['dr_name', 'dataset_name', 'n_components', 'n_neighbors',
       'fit_transform_time'],
      dtype='object')
KPCA,AcademicSuccess,2,None,0.40769457817077637
KPCA,AcademicSuccess,4,None,0.49268531799316406
KPCA,AcademicSuccess,6,None,0.4373352527618408
KPCA,AcademicSuccess,8,None,0.4644017219543457
KPCA,AcademicSuccess,10,None,3.132913589477539
KPCA,AcademicSuccess,12,None,1.8148994445800781
KPCA,AcademicSuccess,14,None,2.70246958732605
KPCA,AcademicSuccess,16,None,1.730452537536621
KPCA,BuyCoupon,2,None,1.999223232269287
KPCA,BuyCoupon,5,None,2.4413530826568604
KPCA,BuyCoupon,8,None,2.338517665863037
KPCA,BuyCoupon,11,None,91.92654418945312
KPCA,BuyCoupon,14,None,98.94501829147339
KPCA,BuyCoupon,17,None,155.92702674865723
** fit_transform took too long **
KPCA,DryBean,2,None,2.610661745071411
KPCA,DryBean,4,None,3.473986864089966
KPCA,DryBean,6,None,3.2491960525512695
KPCA,FakeWebsite,2,None,2.8474018573760986
KPCA,FakeWebsite,4,None,2.833216905593872
KPCA,FakeWebsite,6,None,3.0792901515960693
KPCA,FakeWebsite,8,None,2.666783571243286
** fit_transform took too long **
KPCA,Glass,2,None,0.060439348220825195
KPCA,Grade,2,None,0.18544864654541016
KPCA,Heart,2,None,0.2748417854309082
KPCA,Heart,4,None,0.534423828125
KPCA,Heart,6,None,0.20911407470703125
KPCA,Heart,8,None,0.1614549160003662
KPCA,Parkinsons,2,None,0.03714299201965332
KPCA,Parkinsons,4,None,0.04574084281921387
KPCA,Parkinsons,6,None,0.03180670738220215
KPCA,Parkinsons,8,None,0.03014087677001953
KPCA,Parkinsons,10,None,0.0313565731048584
KPCA,StayHospital,2,None,7.021872043609619
KPCA,StayHospital,4,None,5.030015468597412
KPCA,StayHospital,6,None,5.797972679138184
KPCA,StayHospital,8,None,6.284536361694336
KPCA,StayHospital,10,None,75.71312475204468
KPCA,StayHospital,12,None,76.65678238868713
KPCA,StayHospital,14,None,80.2936782836914
KPCA,StayHospital,16,None,63.20100975036621
KPCA,StayHospital,18,None,59.7834153175354
KPCA,StayHospital,20,None,60.029669761657715
KPCA,StayHospital,22,None,59.48274278640747
KPCA,StayHospital,24,None,62.54040813446045
KPCA,Zoo,2,None,0.00871419906616211
KPCA,Zoo,4,None,0.0072519779205322266
KPCA,Zoo,6,None,0.009365081787109375
Index(['dr_name', 'dataset_name', 'n_components', 'n_neighbors',
       'transform_time'],
      dtype='object')
KPCA,AcademicSuccess,2,None,0.08812499046325684
KPCA,AcademicSuccess,4,None,0.07697439193725586
KPCA,AcademicSuccess,6,None,0.06247425079345703
KPCA,AcademicSuccess,8,None,0.062957763671875
KPCA,AcademicSuccess,10,None,0.07449007034301758
KPCA,AcademicSuccess,12,None,0.1516580581665039
KPCA,AcademicSuccess,14,None,0.11187481880187988
KPCA,AcademicSuccess,16,None,0.09821653366088867
KPCA,BuyCoupon,2,None,0.36856889724731445
KPCA,BuyCoupon,5,None,0.32840514183044434
KPCA,BuyCoupon,8,None,0.3334062099456787
KPCA,BuyCoupon,11,None,0.35416603088378906
KPCA,BuyCoupon,14,None,0.3460407257080078
KPCA,BuyCoupon,17,None,0.343458890914917
KPCA,DryBean,2,None,0.35901427268981934
KPCA,DryBean,4,None,0.35824084281921387
KPCA,DryBean,6,None,0.3679368495941162
KPCA,FakeWebsite,2,None,0.251664400100708
KPCA,FakeWebsite,4,None,0.24897313117980957
KPCA,FakeWebsite,6,None,0.26193857192993164
KPCA,FakeWebsite,8,None,0.282543420791626
KPCA,Glass,2,None,0.0015094280242919922
KPCA,Grade,2,None,0.005292415618896484
KPCA,Heart,2,None,0.004286289215087891
KPCA,Heart,4,None,0.004247426986694336
KPCA,Heart,6,None,0.004496335983276367
KPCA,Heart,8,None,0.004282951354980469
KPCA,Parkinsons,2,None,0.001291036605834961
KPCA,Parkinsons,4,None,0.0012660026550292969
KPCA,Parkinsons,6,None,0.0012650489807128906
KPCA,Parkinsons,8,None,0.00127410888671875
KPCA,Parkinsons,10,None,0.0012755393981933594
KPCA,StayHospital,2,None,0.3116340637207031
KPCA,StayHospital,4,None,0.31612253189086914
KPCA,StayHospital,6,None,0.3193624019622803
KPCA,StayHospital,8,None,0.3244285583496094
KPCA,StayHospital,10,None,0.3246006965637207
KPCA,StayHospital,12,None,0.3232572078704834
KPCA,StayHospital,14,None,0.32933545112609863
KPCA,StayHospital,16,None,0.3333883285522461
KPCA,StayHospital,18,None,0.33391499519348145
KPCA,StayHospital,20,None,0.3306436538696289
KPCA,StayHospital,22,None,0.3233678340911865
KPCA,StayHospital,24,None,0.3404979705810547
KPCA,Zoo,2,None,0.0014858245849609375
KPCA,Zoo,4,None,0.0013039112091064453
KPCA,Zoo,6,None,0.001260995864868164
Index(['dr_name', 'dataset_name', 'n_components', 'n_neighbors', 'accuracy',
       'precision', 'recall', 'f1_score'],
      dtype='object')
[['KPCA' 'AcademicSuccess' 2 None 0.6666666666666666 0.6346177901584097
  0.6666666666666666 0.6024883344228782]]
[['KPCA' 'AcademicSuccess' 4 None 0.6983050847457627 0.6788467661963118
  0.6983050847457627 0.6365614054523306]]
[['KPCA' 'AcademicSuccess' 6 None 0.703954802259887 0.6803312552953104
  0.703954802259887 0.6437628237897647]]
[['KPCA' 'AcademicSuccess' 8 None 0.7141242937853107 0.6839291610126276
  0.7141242937853107 0.6641034038175714]]
[['KPCA' 'AcademicSuccess' 10 None 0.7310734463276836 0.7067204315383757
  0.7310734463276836 0.702316567543213]]
[['KPCA' 'AcademicSuccess' 12 None 0.727683615819209 0.7038474448401306
  0.727683615819209 0.6987981208998159]]
[['KPCA' 'AcademicSuccess' 14 None 0.735593220338983 0.7120460067454243
  0.735593220338983 0.7064228537379436]]
[['KPCA' 'AcademicSuccess' 16 None 0.7367231638418079 0.7151890738677986
  0.7367231638418079 0.7096303767166174]]
[['KPCA' 'BuyCoupon' 2 None 0.5683878596767836 0.5683878596767836 1.0
  0.7248052274440815]]
[['KPCA' 'BuyCoupon' 5 None 0.570752857705952 0.5720114239086087
  0.9722607489597781 0.7202671461597739]]
[['KPCA' 'BuyCoupon' 8 None 0.5668111943240047 0.573009791400596
  0.9334257975034674 0.71010287523081]]
[['KPCA' 'BuyCoupon' 11 None 0.5668111943240047 0.573009791400596
  0.9334257975034674 0.71010287523081]]
[['KPCA' 'BuyCoupon' 14 None 0.5668111943240047 0.573009791400596
  0.9334257975034674 0.71010287523081]]
[['KPCA' 'BuyCoupon' 17 None 0.5782420181316515 0.5845454545454546
  0.8918169209431346 0.7062053816584295]]
[['KPCA' 'DryBean' 2 None 0.7484392214469335 0.7507136604433188
  0.7484392214469335 0.7427455298013773]]
[['KPCA' 'DryBean' 4 None 0.8883584282041865 0.8896628116470202
  0.8883584282041865 0.8877192391048507]]
[['KPCA' 'DryBean' 6 None 0.9059860448035255 0.9066681154499048
  0.9059860448035255 0.9058921184134332]]
[['KPCA' 'FakeWebsite' 2 None 0.898236092265943 0.9030448717948718
  0.9155158407798538 0.90923759580476]]
[['KPCA' 'FakeWebsite' 4 None 0.8995929443690638 0.908502024291498
  0.9114541023558083 0.9099756690997566]]
[['KPCA' 'FakeWebsite' 6 None 0.9095431931252826 0.9114126097366321
  0.9277010560519903 0.9194847020933978]]
[['KPCA' 'FakeWebsite' 8 None 0.932157394843962 0.934136546184739
  0.9447603574329814 0.9394184168012923]]
[['KPCA' 'Glass' 2 None 0.46511627906976744 0.5340380549682876
  0.46511627906976744 0.3836597307221542]]
[['KPCA' 'Grade' 2 None 0.445 0.753025 0.445 0.274083044982699]]
[['KPCA' 'Heart' 2 None 0.5543478260869565 0.5543478260869565 1.0
  0.7132867132867133]]
[['KPCA' 'Heart' 4 None 0.5543478260869565 0.5543478260869565 1.0
  0.7132867132867133]]
[['KPCA' 'Heart' 6 None 0.5543478260869565 0.5543478260869565 1.0
  0.7132867132867133]]
[['KPCA' 'Heart' 8 None 0.5543478260869565 0.5543478260869565 1.0
  0.7132867132867133]]
[['KPCA' 'Parkinsons' 2 None 0.8205128205128205 0.8055555555555556 1.0
  0.8923076923076924]]
[['KPCA' 'Parkinsons' 4 None 0.8205128205128205 0.8055555555555556 1.0
  0.8923076923076924]]
[['KPCA' 'Parkinsons' 6 None 0.8974358974358975 0.8787878787878788 1.0
  0.9354838709677419]]
[['KPCA' 'Parkinsons' 8 None 0.8974358974358975 0.8787878787878788 1.0
  0.9354838709677419]]
[['KPCA' 'Parkinsons' 10 None 0.8974358974358975 0.8787878787878788 1.0
  0.9354838709677419]]
[['KPCA' 'StayHospital' 2 None 0.2955 0.79182025 0.2955
  0.1348054805094558]]
[['KPCA' 'StayHospital' 4 None 0.2955 0.79182025 0.2955
  0.1348054805094558]]
[['KPCA' 'StayHospital' 6 None 0.2955 0.79182025 0.2955
  0.1348054805094558]]
[['KPCA' 'StayHospital' 8 None 0.2955 0.79182025 0.2955
  0.1348054805094558]]
[['KPCA' 'StayHospital' 10 None 0.2955 0.79182025 0.2955
  0.1348054805094558]]
[['KPCA' 'StayHospital' 12 None 0.2955 0.79182025 0.2955
  0.1348054805094558]]
[['KPCA' 'StayHospital' 14 None 0.2955 0.79182025 0.2955
  0.1348054805094558]]
[['KPCA' 'StayHospital' 16 None 0.2955 0.79182025 0.2955
  0.1348054805094558]]
[['KPCA' 'StayHospital' 18 None 0.2955 0.79182025 0.2955
  0.1348054805094558]]
[['KPCA' 'StayHospital' 20 None 0.2955 0.79182025 0.2955
  0.1348054805094558]]
[['KPCA' 'StayHospital' 22 None 0.2955 0.79182025 0.2955
  0.1348054805094558]]
[['KPCA' 'StayHospital' 24 None 0.2955 0.79182025 0.2955
  0.1348054805094558]]
[['KPCA' 'Zoo' 2 None 0.8571428571428571 0.8944444444444444
  0.8571428571428571 0.8123960695389266]]
[['KPCA' 'Zoo' 4 None 0.9523809523809523 0.9642857142857143
  0.9523809523809523 0.9319727891156462]]
[['KPCA' 'Zoo' 6 None 0.9523809523809523 0.9642857142857143
  0.9523809523809523 0.9319727891156462]]
----------ica----------
Index(['dr_name', 'dataset_name', 'n_components', 'n_neighbors',
       'fit_transform_time'],
      dtype='object')
ICA,AcademicSuccess,2,None,0.0129852294921875
ICA,AcademicSuccess,4,None,0.0341036319732666
ICA,AcademicSuccess,6,None,0.02745223045349121
ICA,AcademicSuccess,8,None,0.04550743103027344
ICA,AcademicSuccess,10,None,0.09880447387695312
ICA,AcademicSuccess,12,None,0.11939358711242676
ICA,AcademicSuccess,14,None,0.08328652381896973
ICA,AcademicSuccess,16,None,0.1183922290802002
ICA,BuyCoupon,2,None,0.2947535514831543
ICA,BuyCoupon,5,None,0.2979311943054199
ICA,BuyCoupon,8,None,0.2784695625305176
ICA,BuyCoupon,11,None,0.7835681438446045
ICA,BuyCoupon,14,None,0.984210729598999
ICA,BuyCoupon,17,None,2.2478833198547363
ICA,BuyCoupon,20,None,2.4549460411071777
ICA,BuyCoupon,23,None,2.6312055587768555
ICA,BuyCoupon,26,None,4.430892467498779
ICA,BuyCoupon,29,None,4.524968385696411
ICA,DryBean,2,None,0.15037178993225098
ICA,DryBean,4,None,0.09547996520996094
ICA,DryBean,6,None,0.7029075622558594
ICA,FakeWebsite,2,None,0.06790876388549805
ICA,FakeWebsite,4,None,0.08706355094909668
ICA,FakeWebsite,6,None,0.17604827880859375
ICA,FakeWebsite,8,None,0.15061116218566895
ICA,FakeWebsite,10,None,0.10581159591674805
ICA,FakeWebsite,12,None,0.16891765594482422
ICA,FakeWebsite,14,None,0.4573652744293213
ICA,Glass,2,None,0.005942821502685547
ICA,Grade,2,None,0.0034172534942626953
ICA,Heart,2,None,0.019879817962646484
ICA,Heart,4,None,0.003894805908203125
ICA,Heart,6,None,0.02808833122253418
ICA,Heart,8,None,0.008665800094604492
ICA,Parkinsons,2,None,0.025840282440185547
ICA,Parkinsons,4,None,0.04665374755859375
ICA,Parkinsons,6,None,0.028638601303100586
ICA,Parkinsons,8,None,0.032221317291259766
ICA,Parkinsons,10,None,0.03644132614135742
ICA,StayHospital,2,None,0.024871110916137695
ICA,StayHospital,4,None,0.07742190361022949
ICA,StayHospital,6,None,0.1347212791442871
ICA,StayHospital,8,None,0.08553791046142578
ICA,StayHospital,10,None,0.1345350742340088
ICA,StayHospital,12,None,0.1970973014831543
ICA,StayHospital,14,None,0.2920050621032715
ICA,StayHospital,16,None,2.113689661026001
ICA,StayHospital,18,None,0.37980103492736816
ICA,StayHospital,20,None,2.0485610961914062
ICA,StayHospital,22,None,2.2118895053863525
ICA,StayHospital,24,None,2.098562479019165
ICA,Zoo,2,None,0.005902767181396484
ICA,Zoo,4,None,0.007317543029785156
ICA,Zoo,6,None,0.06456708908081055
Index(['dr_name', 'dataset_name', 'n_components', 'n_neighbors',
       'transform_time'],
      dtype='object')
ICA,AcademicSuccess,2,None,0.0010342597961425781
ICA,AcademicSuccess,4,None,0.0009381771087646484
ICA,AcademicSuccess,6,None,0.0009715557098388672
ICA,AcademicSuccess,8,None,0.0009570121765136719
ICA,AcademicSuccess,10,None,0.00978231430053711
ICA,AcademicSuccess,12,None,0.0010302066802978516
ICA,AcademicSuccess,14,None,0.0010535717010498047
ICA,AcademicSuccess,16,None,0.0010242462158203125
ICA,BuyCoupon,2,None,0.0019071102142333984
ICA,BuyCoupon,5,None,0.001957416534423828
ICA,BuyCoupon,8,None,0.0020961761474609375
ICA,BuyCoupon,11,None,0.0020742416381835938
ICA,BuyCoupon,14,None,0.002165555953979492
ICA,BuyCoupon,17,None,0.002165079116821289
ICA,BuyCoupon,20,None,0.0021181106567382812
ICA,BuyCoupon,23,None,0.002104043960571289
ICA,BuyCoupon,26,None,0.0021457672119140625
ICA,BuyCoupon,29,None,0.002241373062133789
ICA,DryBean,2,None,0.0008778572082519531
ICA,DryBean,4,None,0.0008487701416015625
ICA,DryBean,6,None,0.0008332729339599609
ICA,FakeWebsite,2,None,0.000982046127319336
ICA,FakeWebsite,4,None,0.0058286190032958984
ICA,FakeWebsite,6,None,0.0011849403381347656
ICA,FakeWebsite,8,None,0.0010569095611572266
ICA,FakeWebsite,10,None,0.003726959228515625
ICA,FakeWebsite,12,None,0.010928153991699219
ICA,FakeWebsite,14,None,0.002910137176513672
ICA,Glass,2,None,0.0006959438323974609
ICA,Grade,2,None,0.0006930828094482422
ICA,Heart,2,None,0.0008161067962646484
ICA,Heart,4,None,0.0008091926574707031
ICA,Heart,6,None,0.0008087158203125
ICA,Heart,8,None,0.0008034706115722656
ICA,Parkinsons,2,None,0.0007464885711669922
ICA,Parkinsons,4,None,0.0007410049438476562
ICA,Parkinsons,6,None,0.0007386207580566406
ICA,Parkinsons,8,None,0.0007295608520507812
ICA,Parkinsons,10,None,0.0007302761077880859
ICA,StayHospital,2,None,0.0011229515075683594
ICA,StayHospital,4,None,0.01273488998413086
ICA,StayHospital,6,None,0.0011601448059082031
ICA,StayHospital,8,None,0.012691736221313477
ICA,StayHospital,10,None,0.0029120445251464844
ICA,StayHospital,12,None,0.0012557506561279297
ICA,StayHospital,14,None,0.0012395381927490234
ICA,StayHospital,16,None,0.001252889633178711
ICA,StayHospital,18,None,0.011957168579101562
ICA,StayHospital,20,None,0.0012803077697753906
ICA,StayHospital,22,None,0.012551546096801758
ICA,StayHospital,24,None,0.0012810230255126953
ICA,Zoo,2,None,0.0008044242858886719
ICA,Zoo,4,None,0.0007903575897216797
ICA,Zoo,6,None,0.0007886886596679688
Index(['dr_name', 'dataset_name', 'n_components', 'n_neighbors', 'accuracy',
       'precision', 'recall', 'f1_score'],
      dtype='object')
[['ICA' 'AcademicSuccess' 2 None 0.6632768361581921 0.7329015521488949
  0.6632768361581921 0.5922454629577624]]
[['ICA' 'AcademicSuccess' 4 None 0.688135593220339 0.6486800415589331
  0.688135593220339 0.6223973335528433]]
[['ICA' 'AcademicSuccess' 6 None 0.7220338983050848 0.7005712887181842
  0.7220338983050848 0.6871392627899197]]
[['ICA' 'AcademicSuccess' 8 None 0.7163841807909604 0.6897124340048578
  0.7163841807909604 0.6814749075522525]]
[['ICA' 'AcademicSuccess' 10 None 0.7163841807909604 0.6907437608395502
  0.7163841807909604 0.6885760714645008]]
[['ICA' 'AcademicSuccess' 12 None 0.7254237288135593 0.7059164615221021
  0.7254237288135593 0.6990001190003091]]
[['ICA' 'AcademicSuccess' 14 None 0.7163841807909604 0.6951726694569254
  0.7163841807909604 0.6940579560004534]]
[['ICA' 'AcademicSuccess' 16 None 0.7209039548022599 0.6982940640690284
  0.7209039548022599 0.6991914643727876]]
[['ICA' 'BuyCoupon' 2 None 0.5648403626330312 0.5672235481304694
  0.9889042995839112 0.7209302325581396]]
[['ICA' 'BuyCoupon' 5 None 0.6081986598344501 0.619530416221985
  0.805131761442441 0.7002412545235223]]
[['ICA' 'BuyCoupon' 8 None 0.6026803310997241 0.61337513061651
  0.8141470180305131 0.699642431466031]]
[['ICA' 'BuyCoupon' 11 None 0.640520299566417 0.644808743169399
  0.8183079056865464 0.7212713936430318]]
[['ICA' 'BuyCoupon' 14 None 0.6677177769018526 0.6760728982951205
  0.79750346740638 0.7317849188673241]]
[['ICA' 'BuyCoupon' 17 None 0.6960977532518723 0.7027190332326284
  0.8065187239944521 0.7510494026477236]]
[['ICA' 'BuyCoupon' 20 None 0.7162002364998029 0.724502487562189
  0.8079056865464632 0.7639344262295082]]
[['ICA' 'BuyCoupon' 23 None 0.7327552227039811 0.7426937738246506
  0.8106796116504854 0.7751989389920425]]
[['ICA' 'BuyCoupon' 26 None 0.7366968860859283 0.7421777221526908
  0.8224687933425797 0.7802631578947368]]
[['ICA' 'BuyCoupon' 29 None 0.7382735514387071 0.7465145754119138
  0.8169209431345353 0.7801324503311259]]
[['ICA' 'DryBean' 2 None 0.8817480719794345 0.8847594473444789
  0.8817480719794345 0.879600793301895]]
[['ICA' 'DryBean' 4 None 0.9015791406536908 0.9025774777273238
  0.9015791406536908 0.9012749984692034]]
[['ICA' 'DryBean' 6 None 0.9331619537275064 0.9335386536491167
  0.9331619537275064 0.933282762455244]]
[['ICA' 'FakeWebsite' 2 None 0.8991406603346902 0.9057971014492754
  0.9138911454102355 0.9098261221188839]]
[['ICA' 'FakeWebsite' 4 None 0.900497512437811 0.9146841673502871
  0.9057676685621446 0.9102040816326531]]
[['ICA' 'FakeWebsite' 6 None 0.9136137494346449 0.9166666666666666
  0.9293257514216084 0.9229528035498185]]
[['ICA' 'FakeWebsite' 8 None 0.9344188150158299 0.931637519872814
  0.9520714865962632 0.9417436721574929]]
[['ICA' 'FakeWebsite' 10 None 0.9389416553595658 0.9349206349206349
  0.9569455727051178 0.9458048976314732]]
[['ICA' 'FakeWebsite' 12 None 0.9448213478064225 0.9383399209486166
  0.9642567018683996 0.9511217948717949]]
[['ICA' 'FakeWebsite' 14 None 0.9511533242876526 0.9424743892829
  0.9715678310316815 0.9568]]
[['ICA' 'Glass' 2 None 0.6976744186046512 0.7586831772878284
  0.6976744186046512 0.6410941815913748]]
[['ICA' 'Grade' 2 None 0.965 0.9667947368421053 0.965 0.9648522851046799]]
[['ICA' 'Heart' 2 None 0.6956521739130435 0.6949152542372882
  0.803921568627451 0.7454545454545455]]
[['ICA' 'Heart' 4 None 0.7391304347826086 0.7288135593220338
  0.8431372549019608 0.7818181818181819]]
[['ICA' 'Heart' 6 None 0.8478260869565217 0.8363636363636363
  0.9019607843137255 0.8679245283018867]]
[['ICA' 'Heart' 8 None 0.8369565217391305 0.8272727272727273
  0.8921568627450981 0.8584905660377359]]
[['ICA' 'Parkinsons' 2 None 0.8461538461538461 0.8285714285714286 1.0
  0.90625]]
[['ICA' 'Parkinsons' 4 None 0.8205128205128205 0.8055555555555556 1.0
  0.8923076923076924]]
[['ICA' 'Parkinsons' 6 None 0.8461538461538461 0.8285714285714286 1.0
  0.90625]]
[['ICA' 'Parkinsons' 8 None 0.8717948717948718 0.8529411764705882 1.0
  0.9206349206349206]]
[['ICA' 'Parkinsons' 10 None 0.8205128205128205 0.8055555555555556 1.0
  0.8923076923076924]]
[['ICA' 'StayHospital' 2 None 0.2975 0.5414044097043852 0.2975
  0.1480585611513613]]
[['ICA' 'StayHospital' 4 None 0.299 0.41279130330225283 0.299
  0.1624705956183184]]
[['ICA' 'StayHospital' 6 None 0.35 0.43987840273874224 0.35
  0.26080781210693604]]
[['ICA' 'StayHospital' 8 None 0.378 0.4110576277709195 0.378
  0.3059247758758022]]
[['ICA' 'StayHospital' 10 None 0.3955 0.47249044165856724 0.3955
  0.3347591846493424]]
[['ICA' 'StayHospital' 12 None 0.4005 0.4321193771195202 0.4005
  0.3406350517732711]]
[['ICA' 'StayHospital' 14 None 0.4055 0.44232387960667446 0.4055
  0.3468690224970343]]
[['ICA' 'StayHospital' 16 None 0.412 0.44189353017139865 0.412
  0.3529711397081986]]
[['ICA' 'StayHospital' 18 None 0.4155 0.44327644646961145 0.4155
  0.35425470808027465]]
[['ICA' 'StayHospital' 20 None 0.413 0.4414682835907191 0.413
  0.350869966649571]]
[['ICA' 'StayHospital' 22 None 0.421 0.4663739817467502 0.421
  0.36078585305106986]]
[['ICA' 'StayHospital' 24 None 0.4145 0.45434459616419365 0.4145
  0.3549321991533389]]
[['ICA' 'Zoo' 2 None 0.8571428571428571 0.8944444444444444
  0.8571428571428571 0.8123960695389266]]
[['ICA' 'Zoo' 4 None 0.9523809523809523 0.9642857142857143
  0.9523809523809523 0.9319727891156462]]
[['ICA' 'Zoo' 6 None 0.9523809523809523 0.9576719576719577
  0.9523809523809523 0.9299719887955182]]
----------svd----------
Index(['dr_name', 'dataset_name', 'n_components', 'n_neighbors',
       'fit_transform_time'],
      dtype='object')
SVD,AcademicSuccess,2,None,0.04923605918884277
SVD,AcademicSuccess,4,None,0.03568840026855469
SVD,AcademicSuccess,6,None,0.04138612747192383
SVD,AcademicSuccess,8,None,0.06251835823059082
SVD,AcademicSuccess,10,None,0.032364606857299805
SVD,AcademicSuccess,12,None,0.054762840270996094
SVD,AcademicSuccess,14,None,0.0604550838470459
SVD,AcademicSuccess,16,None,0.07723212242126465
SVD,BuyCoupon,2,None,0.050084590911865234
SVD,BuyCoupon,5,None,0.06275701522827148
SVD,BuyCoupon,8,None,0.12262368202209473
SVD,BuyCoupon,11,None,0.21248292922973633
SVD,BuyCoupon,14,None,0.23416399955749512
SVD,BuyCoupon,17,None,0.3396034240722656
SVD,BuyCoupon,20,None,0.3710758686065674
SVD,BuyCoupon,23,None,0.3350491523742676
SVD,BuyCoupon,26,None,0.38602471351623535
SVD,BuyCoupon,29,None,0.5117104053497314
SVD,DryBean,2,None,0.0714571475982666
SVD,DryBean,4,None,0.13451671600341797
SVD,DryBean,6,None,0.09085917472839355
SVD,FakeWebsite,2,None,0.08883261680603027
SVD,FakeWebsite,4,None,0.1149444580078125
SVD,FakeWebsite,6,None,0.15889191627502441
SVD,FakeWebsite,8,None,0.11817574501037598
SVD,FakeWebsite,10,None,0.1689910888671875
SVD,FakeWebsite,12,None,0.11354732513427734
SVD,FakeWebsite,14,None,0.11503195762634277
SVD,Glass,2,None,0.005999565124511719
SVD,Grade,2,None,0.026314496994018555
SVD,Heart,2,None,0.007996559143066406
SVD,Heart,4,None,0.014301300048828125
SVD,Heart,6,None,0.0024487972259521484
SVD,Heart,8,None,0.0023491382598876953
SVD,Parkinsons,2,None,0.0015020370483398438
SVD,Parkinsons,4,None,0.0013270378112792969
SVD,Parkinsons,6,None,0.0014715194702148438
SVD,Parkinsons,8,None,0.004567623138427734
SVD,Parkinsons,10,None,0.011701345443725586
SVD,StayHospital,2,None,0.16322612762451172
SVD,StayHospital,4,None,0.1216573715209961
SVD,StayHospital,6,None,0.16530585289001465
SVD,StayHospital,8,None,0.15123558044433594
SVD,StayHospital,10,None,0.1152348518371582
SVD,StayHospital,12,None,0.20105409622192383
SVD,StayHospital,14,None,0.18561983108520508
SVD,StayHospital,16,None,0.21592020988464355
SVD,StayHospital,18,None,0.15271329879760742
SVD,StayHospital,20,None,0.2732274532318115
SVD,StayHospital,22,None,0.18263649940490723
SVD,StayHospital,24,None,0.2618706226348877
SVD,Zoo,2,None,0.015636444091796875
SVD,Zoo,4,None,0.04044294357299805
SVD,Zoo,6,None,0.01022028923034668
Index(['dr_name', 'dataset_name', 'n_components', 'n_neighbors',
       'transform_time'],
      dtype='object')
SVD,AcademicSuccess,2,None,0.0009250640869140625
SVD,AcademicSuccess,4,None,0.0008988380432128906
SVD,AcademicSuccess,6,None,0.0008974075317382812
SVD,AcademicSuccess,8,None,0.0008938312530517578
SVD,AcademicSuccess,10,None,0.011266708374023438
SVD,AcademicSuccess,12,None,0.011041879653930664
SVD,AcademicSuccess,14,None,0.004957437515258789
SVD,AcademicSuccess,16,None,0.004945516586303711
SVD,BuyCoupon,2,None,0.00687098503112793
SVD,BuyCoupon,5,None,0.0069158077239990234
SVD,BuyCoupon,8,None,0.009965896606445312
SVD,BuyCoupon,11,None,0.007902860641479492
SVD,BuyCoupon,14,None,0.0029261112213134766
SVD,BuyCoupon,17,None,0.004158973693847656
SVD,BuyCoupon,20,None,0.009801387786865234
SVD,BuyCoupon,23,None,0.00420689582824707
SVD,BuyCoupon,26,None,0.003317594528198242
SVD,BuyCoupon,29,None,0.008336305618286133
SVD,DryBean,2,None,0.0007610321044921875
SVD,DryBean,4,None,0.0007538795471191406
SVD,DryBean,6,None,0.0007808208465576172
SVD,FakeWebsite,2,None,0.0009760856628417969
SVD,FakeWebsite,4,None,0.011345624923706055
SVD,FakeWebsite,6,None,0.00091552734375
SVD,FakeWebsite,8,None,0.0009150505065917969
SVD,FakeWebsite,10,None,0.0009226799011230469
SVD,FakeWebsite,12,None,0.0009605884552001953
SVD,FakeWebsite,14,None,0.0009608268737792969
SVD,Glass,2,None,0.0006582736968994141
SVD,Grade,2,None,0.0008678436279296875
SVD,Heart,2,None,0.0007522106170654297
SVD,Heart,4,None,0.0007703304290771484
SVD,Heart,6,None,0.0007450580596923828
SVD,Heart,8,None,0.0007495880126953125
SVD,Parkinsons,2,None,0.0007071495056152344
SVD,Parkinsons,4,None,0.0007028579711914062
SVD,Parkinsons,6,None,0.0007021427154541016
SVD,Parkinsons,8,None,0.0006985664367675781
SVD,Parkinsons,10,None,0.0006997585296630859
SVD,StayHospital,2,None,0.0011463165283203125
SVD,StayHospital,4,None,0.007071495056152344
SVD,StayHospital,6,None,0.0010404586791992188
SVD,StayHospital,8,None,0.0010707378387451172
SVD,StayHospital,10,None,0.0012807846069335938
SVD,StayHospital,12,None,0.00110626220703125
SVD,StayHospital,14,None,0.0011336803436279297
SVD,StayHospital,16,None,0.00797128677368164
SVD,StayHospital,18,None,0.018898487091064453
SVD,StayHospital,20,None,0.0011143684387207031
SVD,StayHospital,22,None,0.01674175262451172
SVD,StayHospital,24,None,0.018851041793823242
SVD,Zoo,2,None,0.0007441043853759766
SVD,Zoo,4,None,0.0007259845733642578
SVD,Zoo,6,None,0.0007259845733642578
Index(['dr_name', 'dataset_name', 'n_components', 'n_neighbors', 'accuracy',
       'precision', 'recall', 'f1_score'],
      dtype='object')
[['SVD' 'AcademicSuccess' 2 None 0.6677966101694915 0.7391272845916284
  0.6677966101694915 0.5962875975926383]]
[['SVD' 'AcademicSuccess' 4 None 0.6824858757062147 0.6616507936507936
  0.6824858757062147 0.6134142426069646]]
[['SVD' 'AcademicSuccess' 6 None 0.7073446327683616 0.6887525306512176
  0.7073446327683616 0.6545253462397015]]
[['SVD' 'AcademicSuccess' 8 None 0.7175141242937854 0.697224529670815
  0.7175141242937854 0.6810861794676148]]
[['SVD' 'AcademicSuccess' 10 None 0.7028248587570621 0.673926655233751
  0.7028248587570621 0.666434563674536]]
[['SVD' 'AcademicSuccess' 12 None 0.7141242937853107 0.6896619678488788
  0.7141242937853107 0.6853982715883968]]
[['SVD' 'AcademicSuccess' 14 None 0.727683615819209 0.7081496424692347
  0.727683615819209 0.7054331001173325]]
[['SVD' 'AcademicSuccess' 16 None 0.7446327683615819 0.7325957888170025
  0.7446327683615819 0.7280407461446319]]
[['SVD' 'BuyCoupon' 2 None 0.5683878596767836 0.5683878596767836 1.0
  0.7248052274440815]]
[['SVD' 'BuyCoupon' 5 None 0.5683878596767836 0.5683878596767836 1.0
  0.7248052274440815]]
[['SVD' 'BuyCoupon' 8 None 0.5683878596767836 0.5683878596767836 1.0
  0.7248052274440815]]
[['SVD' 'BuyCoupon' 11 None 0.5683878596767836 0.5683878596767836 1.0
  0.7248052274440815]]
[['SVD' 'BuyCoupon' 14 None 0.5683878596767836 0.5683878596767836 1.0
  0.7248052274440815]]
[['SVD' 'BuyCoupon' 17 None 0.5683878596767836 0.5683878596767836 1.0
  0.7248052274440815]]
[['SVD' 'BuyCoupon' 20 None 0.5683878596767836 0.5683878596767836 1.0
  0.7248052274440815]]
[['SVD' 'BuyCoupon' 23 None 0.5683878596767836 0.5683878596767836 1.0
  0.7248052274440815]]
[['SVD' 'BuyCoupon' 26 None 0.5683878596767836 0.5683878596767836 1.0
  0.7248052274440815]]
[['SVD' 'BuyCoupon' 29 None 0.5683878596767836 0.5683878596767836 1.0
  0.7248052274440815]]
[['SVD' 'DryBean' 2 None 0.8813808299669482 0.8843244259056775
  0.8813808299669482 0.8789536856737367]]
[['SVD' 'DryBean' 4 None 0.8993756885787734 0.9005470549775895
  0.8993756885787734 0.8990481345643544]]
[['SVD' 'DryBean' 6 None 0.9302240176276166 0.9309364266339312
  0.9302240176276166 0.9304224615446598]]
[['SVD' 'FakeWebsite' 2 None 0.8941655359565808 0.8928289992119779
  0.9203899268887084 0.9063999999999999]]
[['SVD' 'FakeWebsite' 4 None 0.8937132519222072 0.9068627450980392
  0.9017059301380991 0.9042769857433809]]
[['SVD' 'FakeWebsite' 6 None 0.9014020805065581 0.9094583670169766
  0.9138911454102355 0.9116693679092382]]
[['SVD' 'FakeWebsite' 8 None 0.9199457259158752 0.9222756410256411
  0.9350121852152722 0.9286002420330778]]
[['SVD' 'FakeWebsite' 10 None 0.926729986431479 0.916601714731099
  0.9553208773354996 0.9355608591885441]]
[['SVD' 'FakeWebsite' 12 None 0.9294436906377205 0.9209083790133125
  0.9553208773354996 0.937799043062201]]
[['SVD' 'FakeWebsite' 14 None 0.9303482587064676 0.9230164964650432
  0.9545085296506904 0.9384984025559105]]
[['SVD' 'Glass' 2 None 0.6976744186046512 0.7586831772878284
  0.6976744186046512 0.6410941815913748]]
[['SVD' 'Grade' 2 None 0.955 0.9580948874395119 0.955 0.9548696167631651]]
[['SVD' 'Heart' 2 None 0.6195652173913043 0.6777777777777778
  0.5980392156862745 0.6354166666666667]]
[['SVD' 'Heart' 4 None 0.7065217391304348 0.7142857142857143
  0.7843137254901961 0.7476635514018691]]
[['SVD' 'Heart' 6 None 0.7119565217391305 0.7207207207207207
  0.7843137254901961 0.7511737089201878]]
[['SVD' 'Heart' 8 None 0.7119565217391305 0.7207207207207207
  0.7843137254901961 0.7511737089201878]]
[['SVD' 'Parkinsons' 2 None 0.7948717948717948 0.8 0.9655172413793104
  0.8750000000000001]]
[['SVD' 'Parkinsons' 4 None 0.7948717948717948 0.8 0.9655172413793104
  0.8750000000000001]]
[['SVD' 'Parkinsons' 6 None 0.7948717948717948 0.8181818181818182
  0.9310344827586207 0.8709677419354839]]
[['SVD' 'Parkinsons' 8 None 0.8461538461538461 0.8285714285714286 1.0
  0.90625]]
[['SVD' 'Parkinsons' 10 None 0.8461538461538461 0.8285714285714286 1.0
  0.90625]]
[['SVD' 'StayHospital' 2 None 0.2955 0.79182025 0.2955 0.1348054805094558]]
[['SVD' 'StayHospital' 4 None 0.2955 0.79182025 0.2955 0.1348054805094558]]
[['SVD' 'StayHospital' 6 None 0.2955 0.79182025 0.2955 0.1348054805094558]]
[['SVD' 'StayHospital' 8 None 0.2955 0.79182025 0.2955 0.1348054805094558]]
[['SVD' 'StayHospital' 10 None 0.2955 0.79182025 0.2955
  0.1348054805094558]]
[['SVD' 'StayHospital' 12 None 0.2955 0.79182025 0.2955
  0.1348054805094558]]
[['SVD' 'StayHospital' 14 None 0.2955 0.79182025 0.2955
  0.1348054805094558]]
[['SVD' 'StayHospital' 16 None 0.2955 0.79182025 0.2955
  0.1348054805094558]]
[['SVD' 'StayHospital' 18 None 0.2955 0.79182025 0.2955
  0.1348054805094558]]
[['SVD' 'StayHospital' 20 None 0.2955 0.79182025 0.2955
  0.1348054805094558]]
[['SVD' 'StayHospital' 22 None 0.2955 0.79182025 0.2955
  0.1348054805094558]]
[['SVD' 'StayHospital' 24 None 0.2955 0.79182025 0.2955
  0.1348054805094558]]
[['SVD' 'Zoo' 2 None 0.7142857142857143 0.7987528344671203
  0.7142857142857143 0.6430839002267573]]
[['SVD' 'Zoo' 4 None 0.9047619047619048 0.9166666666666666
  0.9047619047619048 0.8843537414965985]]
[['SVD' 'Zoo' 6 None 0.9523809523809523 0.9642857142857143
  0.9523809523809523 0.9319727891156462]]
----------lpp----------
Index(['dr_name', 'dataset_name', 'n_components', 'n_neighbors',
       'fit_transform_time'],
      dtype='object')
LPP,AcademicSuccess,2,8,0.29312658309936523
LPP,AcademicSuccess,2,15,0.2209033966064453
LPP,AcademicSuccess,2,59,0.3011751174926758
LPP,AcademicSuccess,4,8,0.19744396209716797
LPP,AcademicSuccess,4,15,0.24289965629577637
LPP,AcademicSuccess,4,59,0.2503542900085449
LPP,AcademicSuccess,6,8,0.22217202186584473
LPP,AcademicSuccess,6,15,0.23154664039611816
LPP,AcademicSuccess,6,59,0.2845597267150879
LPP,AcademicSuccess,8,8,0.22716355323791504
LPP,AcademicSuccess,8,15,0.24050474166870117
LPP,AcademicSuccess,8,59,0.2730720043182373
LPP,AcademicSuccess,10,8,0.24121928215026855
LPP,AcademicSuccess,10,15,0.2448289394378662
LPP,AcademicSuccess,10,59,0.2583298683166504
LPP,AcademicSuccess,12,8,0.2741405963897705
LPP,AcademicSuccess,12,15,0.2439734935760498
LPP,AcademicSuccess,12,59,0.2550833225250244
LPP,AcademicSuccess,14,8,0.23705697059631348
LPP,AcademicSuccess,14,15,0.24065923690795898
LPP,AcademicSuccess,14,59,0.29651594161987305
LPP,AcademicSuccess,16,8,0.24260163307189941
LPP,AcademicSuccess,16,15,0.25636720657348633
LPP,AcademicSuccess,16,59,0.2556326389312744
LPP,BuyCoupon,2,9,1.6264710426330566
LPP,BuyCoupon,2,21,1.4771287441253662
LPP,BuyCoupon,2,100,1.864367961883545
LPP,BuyCoupon,5,9,1.527514934539795
LPP,BuyCoupon,5,21,1.5760600566864014
LPP,BuyCoupon,5,100,1.7442467212677002
LPP,BuyCoupon,8,9,1.5543773174285889
LPP,BuyCoupon,8,21,1.5737879276275635
LPP,BuyCoupon,8,100,1.8737876415252686
LPP,BuyCoupon,11,9,1.4831697940826416
LPP,BuyCoupon,11,21,1.4223260879516602
LPP,BuyCoupon,11,100,1.807922124862671
LPP,BuyCoupon,14,9,1.3989136219024658
LPP,BuyCoupon,14,21,1.7138853073120117
LPP,BuyCoupon,14,100,1.8698174953460693
LPP,BuyCoupon,17,9,1.602677822113037
LPP,BuyCoupon,17,21,1.5625643730163574
LPP,BuyCoupon,17,100,1.6134860515594482
LPP,BuyCoupon,20,9,1.390934705734253
LPP,BuyCoupon,20,21,1.810300350189209
LPP,BuyCoupon,20,100,1.7677011489868164
LPP,BuyCoupon,23,9,1.4697182178497314
LPP,BuyCoupon,23,21,1.7988626956939697
LPP,BuyCoupon,23,100,1.5957691669464111
LPP,BuyCoupon,26,9,1.314985752105713
LPP,BuyCoupon,26,21,1.4238653182983398
LPP,BuyCoupon,26,100,1.6880650520324707
LPP,BuyCoupon,29,9,1.3259241580963135
LPP,BuyCoupon,29,21,1.4029901027679443
LPP,BuyCoupon,29,100,1.8545317649841309
LPP,DryBean,2,9,1.2232747077941895
LPP,DryBean,2,22,1.2848825454711914
LPP,DryBean,2,104,1.4893279075622559
LPP,DryBean,4,9,1.2068336009979248
LPP,DryBean,4,22,1.2607321739196777
LPP,DryBean,4,104,1.427070140838623
LPP,DryBean,6,9,1.2319462299346924
LPP,DryBean,6,22,1.319014072418213
LPP,DryBean,6,104,1.4597759246826172
LPP,FakeWebsite,2,9,1.7574489116668701
LPP,FakeWebsite,2,20,1.7958638668060303
LPP,FakeWebsite,2,94,1.9146347045898438
LPP,FakeWebsite,4,9,1.7458453178405762
LPP,FakeWebsite,4,20,1.8402912616729736
LPP,FakeWebsite,4,94,1.881676435470581
LPP,FakeWebsite,6,9,1.795356273651123
LPP,FakeWebsite,6,20,1.8401620388031006
LPP,FakeWebsite,6,94,1.8570053577423096
LPP,FakeWebsite,8,9,1.777289867401123
LPP,FakeWebsite,8,20,1.7975554466247559
LPP,FakeWebsite,8,94,1.8725926876068115
LPP,FakeWebsite,10,9,1.7450528144836426
LPP,FakeWebsite,10,20,1.8055548667907715
LPP,FakeWebsite,10,94,1.8688409328460693
LPP,FakeWebsite,12,9,1.7291176319122314
LPP,FakeWebsite,12,20,1.8502871990203857
LPP,FakeWebsite,12,94,1.8725459575653076
LPP,FakeWebsite,14,9,1.7775185108184814
LPP,FakeWebsite,14,20,1.809732437133789
LPP,FakeWebsite,14,94,1.8973846435546875
LPP,Glass,2,5,0.008441925048828125
LPP,Glass,2,5,0.003234386444091797
LPP,Glass,2,13,0.003413677215576172
LPP,Grade,2,6,0.012352228164672852
LPP,Grade,2,9,0.02140665054321289
LPP,Grade,2,28,0.01819324493408203
LPP,Heart,2,6,0.07965540885925293
LPP,Heart,2,9,0.07737350463867188
LPP,Heart,2,27,0.08352303504943848
LPP,Heart,4,6,0.09462618827819824
LPP,Heart,4,9,0.07726788520812988
LPP,Heart,4,27,0.07655477523803711
LPP,Heart,6,6,0.07950091361999512
LPP,Heart,6,9,0.08835363388061523
LPP,Heart,6,27,0.08128905296325684
LPP,Heart,8,6,0.07761955261230469
LPP,Heart,8,9,0.08739209175109863
LPP,Heart,8,27,0.07934761047363281
LPP,Parkinsons,2,5,0.0742027759552002
LPP,Parkinsons,2,5,0.0731656551361084
LPP,Parkinsons,2,12,0.0755608081817627
LPP,Parkinsons,4,5,0.08217167854309082
LPP,Parkinsons,4,5,0.07469987869262695
LPP,Parkinsons,4,12,0.07908248901367188
LPP,Parkinsons,6,5,0.04430198669433594
LPP,Parkinsons,6,5,0.028067588806152344
LPP,Parkinsons,6,12,0.07796454429626465
LPP,Parkinsons,8,5,0.02850198745727539
LPP,Parkinsons,8,5,0.016348600387573242
LPP,Parkinsons,8,12,0.01696467399597168
LPP,Parkinsons,10,5,0.08685588836669922
LPP,Parkinsons,10,5,0.024550437927246094
LPP,Parkinsons,10,12,0.07680678367614746
LPP,StayHospital,2,8,1.5871381759643555
LPP,StayHospital,2,19,1.6089253425598145
LPP,StayHospital,2,89,1.663966178894043
LPP,StayHospital,4,8,1.5554869174957275
LPP,StayHospital,4,19,1.5858445167541504
LPP,StayHospital,4,89,1.6426951885223389
LPP,StayHospital,6,8,1.534233808517456
LPP,StayHospital,6,19,1.584003210067749
LPP,StayHospital,6,89,1.6938798427581787
LPP,StayHospital,8,8,1.6149370670318604
LPP,StayHospital,8,19,1.6691603660583496
LPP,StayHospital,8,89,1.6579177379608154
LPP,StayHospital,10,8,1.5583007335662842
LPP,StayHospital,10,19,1.578190803527832
LPP,StayHospital,10,89,1.626920223236084
LPP,StayHospital,12,8,1.5314373970031738
LPP,StayHospital,12,19,1.5862278938293457
LPP,StayHospital,12,89,1.6609656810760498
LPP,StayHospital,14,8,1.5493035316467285
LPP,StayHospital,14,19,1.5603492259979248
LPP,StayHospital,14,89,1.6979479789733887
LPP,StayHospital,16,8,1.5304994583129883
LPP,StayHospital,16,19,1.5776400566101074
LPP,StayHospital,16,89,1.6468031406402588
LPP,StayHospital,18,8,1.619028091430664
LPP,StayHospital,18,19,1.5910587310791016
LPP,StayHospital,18,89,1.6495985984802246
LPP,StayHospital,20,8,1.5366389751434326
LPP,StayHospital,20,19,1.5977108478546143
LPP,StayHospital,20,89,1.7555434703826904
LPP,StayHospital,22,8,1.6466319561004639
LPP,StayHospital,22,19,1.7118656635284424
LPP,StayHospital,22,89,1.7342517375946045
LPP,StayHospital,24,8,1.6296632289886475
LPP,StayHospital,24,19,1.6427710056304932
LPP,StayHospital,24,89,1.6921489238739014
LPP,Zoo,2,4,0.07000875473022461
LPP,Zoo,2,4,0.002264738082885742
LPP,Zoo,2,8,0.0022575855255126953
LPP,Zoo,4,4,0.002159595489501953
LPP,Zoo,4,4,0.002209901809692383
LPP,Zoo,4,8,0.0022017955780029297
LPP,Zoo,6,4,0.002272367477416992
LPP,Zoo,6,4,0.0023882389068603516
LPP,Zoo,6,8,0.002248525619506836
Index(['dr_name', 'dataset_name', 'n_components', 'n_neighbors',
       'transform_time'],
      dtype='object')
LPP,AcademicSuccess,2,8,0.0008471012115478516
LPP,AcademicSuccess,2,15,0.0007829666137695312
LPP,AcademicSuccess,2,59,0.0007848739624023438
LPP,AcademicSuccess,4,8,0.0007767677307128906
LPP,AcademicSuccess,4,15,0.0007717609405517578
LPP,AcademicSuccess,4,59,0.0007688999176025391
LPP,AcademicSuccess,6,8,0.0007717609405517578
LPP,AcademicSuccess,6,15,0.0007746219635009766
LPP,AcademicSuccess,6,59,0.0007777214050292969
LPP,AcademicSuccess,8,8,0.0007734298706054688
LPP,AcademicSuccess,8,15,0.0007803440093994141
LPP,AcademicSuccess,8,59,0.0007734298706054688
LPP,AcademicSuccess,10,8,0.008799076080322266
LPP,AcademicSuccess,10,15,0.002476930618286133
LPP,AcademicSuccess,10,59,0.0025148391723632812
LPP,AcademicSuccess,12,8,0.00246429443359375
LPP,AcademicSuccess,12,15,0.002454996109008789
LPP,AcademicSuccess,12,59,0.002447843551635742
LPP,AcademicSuccess,14,8,0.0024640560150146484
LPP,AcademicSuccess,14,15,0.0024917125701904297
LPP,AcademicSuccess,14,59,0.002482175827026367
LPP,AcademicSuccess,16,8,0.0024755001068115234
LPP,AcademicSuccess,16,15,0.0024526119232177734
LPP,AcademicSuccess,16,59,0.002473592758178711
LPP,BuyCoupon,2,9,0.003397226333618164
LPP,BuyCoupon,2,21,0.0022699832916259766
LPP,BuyCoupon,2,100,0.0014159679412841797
LPP,BuyCoupon,5,9,0.001421213150024414
LPP,BuyCoupon,5,21,0.001424551010131836
LPP,BuyCoupon,5,100,0.0014116764068603516
LPP,BuyCoupon,8,9,0.00151824951171875
LPP,BuyCoupon,8,21,0.001552581787109375
LPP,BuyCoupon,8,100,0.001552581787109375
LPP,BuyCoupon,11,9,0.0015482902526855469
LPP,BuyCoupon,11,21,0.0015516281127929688
LPP,BuyCoupon,11,100,0.0015513896942138672
LPP,BuyCoupon,14,9,0.0016355514526367188
LPP,BuyCoupon,14,21,0.0016314983367919922
LPP,BuyCoupon,14,100,0.001659393310546875
LPP,BuyCoupon,17,9,0.0016634464263916016
LPP,BuyCoupon,17,21,0.0016548633575439453
LPP,BuyCoupon,17,100,0.0016758441925048828
LPP,BuyCoupon,20,9,0.0016515254974365234
LPP,BuyCoupon,20,21,0.0017132759094238281
LPP,BuyCoupon,20,100,0.0016794204711914062
LPP,BuyCoupon,23,9,0.0017137527465820312
LPP,BuyCoupon,23,21,0.0016994476318359375
LPP,BuyCoupon,23,100,0.0017235279083251953
LPP,BuyCoupon,26,9,0.0017893314361572266
LPP,BuyCoupon,26,21,0.0018086433410644531
LPP,BuyCoupon,26,100,0.0018146038055419922
LPP,BuyCoupon,29,9,0.0018515586853027344
LPP,BuyCoupon,29,21,0.0018017292022705078
LPP,BuyCoupon,29,100,0.0018200874328613281
LPP,DryBean,2,9,0.0007205009460449219
LPP,DryBean,2,22,0.0007038116455078125
LPP,DryBean,2,104,0.0006945133209228516
LPP,DryBean,4,9,0.0007076263427734375
LPP,DryBean,4,22,0.0006985664367675781
LPP,DryBean,4,104,0.0007007122039794922
LPP,DryBean,6,9,0.0007190704345703125
LPP,DryBean,6,22,0.0007221698760986328
LPP,DryBean,6,104,0.0007262229919433594
LPP,FakeWebsite,2,9,0.0008213520050048828
LPP,FakeWebsite,2,20,0.0007734298706054688
LPP,FakeWebsite,2,94,0.0007631778717041016
LPP,FakeWebsite,4,9,0.0007412433624267578
LPP,FakeWebsite,4,20,0.0007865428924560547
LPP,FakeWebsite,4,94,0.000782012939453125
LPP,FakeWebsite,6,9,0.0008196830749511719
LPP,FakeWebsite,6,20,0.0008301734924316406
LPP,FakeWebsite,6,94,0.0008320808410644531
LPP,FakeWebsite,8,9,0.0008561611175537109
LPP,FakeWebsite,8,20,0.0008637905120849609
LPP,FakeWebsite,8,94,0.0008523464202880859
LPP,FakeWebsite,10,9,0.0008723735809326172
LPP,FakeWebsite,10,20,0.0008666515350341797
LPP,FakeWebsite,10,94,0.0008766651153564453
LPP,FakeWebsite,12,9,0.0008997917175292969
LPP,FakeWebsite,12,20,0.0009095668792724609
LPP,FakeWebsite,12,94,0.0008976459503173828
LPP,FakeWebsite,14,9,0.0009341239929199219
LPP,FakeWebsite,14,20,0.0009036064147949219
LPP,FakeWebsite,14,94,0.0009131431579589844
LPP,Glass,2,5,0.0006163120269775391
LPP,Glass,2,5,0.0006029605865478516
LPP,Glass,2,13,0.0005972385406494141
LPP,Grade,2,6,0.0005960464477539062
LPP,Grade,2,9,0.0005843639373779297
LPP,Grade,2,28,0.0005848407745361328
LPP,Heart,2,6,0.0007073879241943359
LPP,Heart,2,9,0.0006890296936035156
LPP,Heart,2,27,0.0006945133209228516
LPP,Heart,4,6,0.0006999969482421875
LPP,Heart,4,9,0.0006961822509765625
LPP,Heart,4,27,0.0006976127624511719
LPP,Heart,6,6,0.0006947517395019531
LPP,Heart,6,9,0.0006928443908691406
LPP,Heart,6,27,0.0006997585296630859
LPP,Heart,8,6,0.0008668899536132812
LPP,Heart,8,9,0.0007128715515136719
LPP,Heart,8,27,0.0007195472717285156
LPP,Parkinsons,2,5,0.0006606578826904297
LPP,Parkinsons,2,5,0.0006525516510009766
LPP,Parkinsons,2,12,0.0006496906280517578
LPP,Parkinsons,4,5,0.0006511211395263672
LPP,Parkinsons,4,5,0.0006539821624755859
LPP,Parkinsons,4,12,0.0006504058837890625
LPP,Parkinsons,6,5,0.0006518363952636719
LPP,Parkinsons,6,5,0.0006537437438964844
LPP,Parkinsons,6,12,0.0006504058837890625
LPP,Parkinsons,8,5,0.0006504058837890625
LPP,Parkinsons,8,5,0.0006542205810546875
LPP,Parkinsons,8,12,0.0006513595581054688
LPP,Parkinsons,10,5,0.000652313232421875
LPP,Parkinsons,10,5,0.0006535053253173828
LPP,Parkinsons,10,12,0.0006537437438964844
LPP,StayHospital,2,8,0.000993967056274414
LPP,StayHospital,2,19,0.0009002685546875
LPP,StayHospital,2,89,0.0008859634399414062
LPP,StayHospital,4,8,0.0008683204650878906
LPP,StayHospital,4,19,0.0009033679962158203
LPP,StayHospital,4,89,0.0009047985076904297
LPP,StayHospital,6,8,0.0009441375732421875
LPP,StayHospital,6,19,0.0009722709655761719
LPP,StayHospital,6,89,0.0009703636169433594
LPP,StayHospital,8,8,0.0009930133819580078
LPP,StayHospital,8,19,0.0010151863098144531
LPP,StayHospital,8,89,0.0009980201721191406
LPP,StayHospital,10,8,0.0010123252868652344
LPP,StayHospital,10,19,0.0010046958923339844
LPP,StayHospital,10,89,0.0010025501251220703
LPP,StayHospital,12,8,0.0010306835174560547
LPP,StayHospital,12,19,0.0011796951293945312
LPP,StayHospital,12,89,0.0010466575622558594
LPP,StayHospital,14,8,0.0010461807250976562
LPP,StayHospital,14,19,0.0010771751403808594
LPP,StayHospital,14,89,0.00104522705078125
LPP,StayHospital,16,8,0.0010476112365722656
LPP,StayHospital,16,19,0.0010612010955810547
LPP,StayHospital,16,89,0.0010471343994140625
LPP,StayHospital,18,8,0.0011012554168701172
LPP,StayHospital,18,19,0.001107931137084961
LPP,StayHospital,18,89,0.0010676383972167969
LPP,StayHospital,20,8,0.001069784164428711
LPP,StayHospital,20,19,0.0010836124420166016
LPP,StayHospital,20,89,0.001047372817993164
LPP,StayHospital,22,8,0.0010600090026855469
LPP,StayHospital,22,19,0.0010752677917480469
LPP,StayHospital,22,89,0.0010704994201660156
LPP,StayHospital,24,8,0.001092672348022461
LPP,StayHospital,24,19,0.0011508464813232422
LPP,StayHospital,24,89,0.001107931137084961
LPP,Zoo,2,4,0.0007088184356689453
LPP,Zoo,2,4,0.0006811618804931641
LPP,Zoo,2,8,0.0006766319274902344
LPP,Zoo,4,4,0.0006840229034423828
LPP,Zoo,4,4,0.0006830692291259766
LPP,Zoo,4,8,0.0006761550903320312
LPP,Zoo,6,4,0.0006823539733886719
LPP,Zoo,6,4,0.0006833076477050781
LPP,Zoo,6,8,0.0006806850433349609
Index(['dr_name', 'dataset_name', 'n_components', 'n_neighbors', 'accuracy',
       'precision', 'recall', 'f1_score'],
      dtype='object')
[['LPP' 'AcademicSuccess' 2 8 0.6519774011299435 0.7506112547479971
  0.6519774011299435 0.5786687511422788]]
[['LPP' 'AcademicSuccess' 2 15 0.6474576271186441 0.7455743879472693
  0.6474576271186441 0.5741471697329026]]
[['LPP' 'AcademicSuccess' 2 59 0.656497175141243 0.7615206631820735
  0.656497175141243 0.5826294175231647]]
[['LPP' 'AcademicSuccess' 4 8 0.6587570621468927 0.7654114555460159
  0.6587570621468927 0.5846297445812776]]
[['LPP' 'AcademicSuccess' 4 15 0.6576271186440678 0.7673599950461528
  0.6576271186440678 0.5836295253779259]]
[['LPP' 'AcademicSuccess' 4 59 0.6542372881355932 0.764108824424052
  0.6542372881355932 0.5796075067010135]]
[['LPP' 'AcademicSuccess' 6 8 0.6711864406779661 0.6405752439650746
  0.6711864406779661 0.6041062363460139]]
[['LPP' 'AcademicSuccess' 6 15 0.6768361581920904 0.6773629179719384
  0.6768361581920904 0.6114342097820272]]
[['LPP' 'AcademicSuccess' 6 59 0.6813559322033899 0.6338123358885165
  0.6813559322033899 0.6131615404010166]]
[['LPP' 'AcademicSuccess' 8 8 0.6689265536723163 0.624430882114431
  0.6689265536723163 0.6005400838569093]]
[['LPP' 'AcademicSuccess' 8 15 0.6937853107344633 0.6758695046885345
  0.6937853107344633 0.6324589970624243]]
[['LPP' 'AcademicSuccess' 8 59 0.7050847457627119 0.6955786887263806
  0.7050847457627119 0.6443614211096318]]
[['LPP' 'AcademicSuccess' 10 8 0.6836158192090396 0.6716970583924439
  0.6836158192090396 0.6190222796719513]]
[['LPP' 'AcademicSuccess' 10 15 0.6949152542372882 0.7038020449521002
  0.6949152542372882 0.6384065879019787]]
[['LPP' 'AcademicSuccess' 10 59 0.711864406779661 0.6892935823551346
  0.711864406779661 0.6608232602646311]]
[['LPP' 'AcademicSuccess' 12 8 0.6847457627118644 0.6806243076550491
  0.6847457627118644 0.6265675446435515]]
[['LPP' 'AcademicSuccess' 12 15 0.688135593220339 0.673845739856692
  0.688135593220339 0.6362036531641543]]
[['LPP' 'AcademicSuccess' 12 59 0.7310734463276836 0.7150042229383451
  0.7310734463276836 0.6971070686209789]]
[['LPP' 'AcademicSuccess' 14 8 0.6983050847457627 0.6832071020682998
  0.6983050847457627 0.6541757267234339]]
[['LPP' 'AcademicSuccess' 14 15 0.7028248587570621 0.6905395485570321
  0.7028248587570621 0.6594507237128885]]
[['LPP' 'AcademicSuccess' 14 59 0.7265536723163842 0.7073392099177425
  0.7265536723163842 0.6915299362832711]]
[['LPP' 'AcademicSuccess' 16 8 0.7050847457627119 0.6806964495129463
  0.7050847457627119 0.6685201822247271]]
[['LPP' 'AcademicSuccess' 16 15 0.7084745762711865 0.686544645778427
  0.7084745762711865 0.6739697514349096]]
[['LPP' 'AcademicSuccess' 16 59 0.7163841807909604 0.6950968813700453
  0.7163841807909604 0.6868165078192313]]
[['LPP' 'BuyCoupon' 2 9 0.5675995270003942 0.5680473372781065
  0.9986130374479889 0.7241639426703546]]
[['LPP' 'BuyCoupon' 2 21 0.5683878596767836 0.5683878596767836 1.0
  0.7248052274440815]]
[['LPP' 'BuyCoupon' 2 100 0.5719353567205361 0.5716009654062751
  0.9854368932038835 0.7235234215885947]]
[['LPP' 'BuyCoupon' 5 9 0.5648403626330312 0.5672235481304694
  0.9889042995839112 0.7209302325581396]]
[['LPP' 'BuyCoupon' 5 21 0.5687820260149783 0.5686661404893449
  0.9993065187239945 0.7248490945674044]]
[['LPP' 'BuyCoupon' 5 100 0.5683878596767836 0.5683878596767836 1.0
  0.7248052274440815]]
[['LPP' 'BuyCoupon' 8 9 0.5648403626330312 0.5672235481304694
  0.9889042995839112 0.7209302325581396]]
[['LPP' 'BuyCoupon' 8 21 0.5683878596767836 0.5683878596767836 1.0
  0.7248052274440815]]
[['LPP' 'BuyCoupon' 8 100 0.5683878596767836 0.5683878596767836 1.0
  0.7248052274440815]]
[['LPP' 'BuyCoupon' 11 9 0.5648403626330312 0.5672235481304694
  0.9889042995839112 0.7209302325581396]]
[['LPP' 'BuyCoupon' 11 21 0.5683878596767836 0.5683878596767836 1.0
  0.7248052274440815]]
[['LPP' 'BuyCoupon' 11 100 0.5683878596767836 0.5683878596767836 1.0
  0.7248052274440815]]
[['LPP' 'BuyCoupon' 14 9 0.5648403626330312 0.5672235481304694
  0.9889042995839112 0.7209302325581396]]
[['LPP' 'BuyCoupon' 14 21 0.5648403626330312 0.5672235481304694
  0.9889042995839112 0.7209302325581396]]
[['LPP' 'BuyCoupon' 14 100 0.5683878596767836 0.5683878596767836 1.0
  0.7248052274440815]]
[['LPP' 'BuyCoupon' 17 9 0.5648403626330312 0.5672235481304694
  0.9889042995839112 0.7209302325581396]]
[['LPP' 'BuyCoupon' 17 21 0.5648403626330312 0.5672235481304694
  0.9889042995839112 0.7209302325581396]]
[['LPP' 'BuyCoupon' 17 100 0.5648403626330312 0.5672235481304694
  0.9889042995839112 0.7209302325581396]]
[['LPP' 'BuyCoupon' 20 9 0.5695703586913677 0.5787578757875788
  0.8918169209431346 0.7019650655021834]]
[['LPP' 'BuyCoupon' 20 21 0.5668111943240047 0.574468085106383
  0.9174757281553398 0.7065420560747665]]
[['LPP' 'BuyCoupon' 20 100 0.607016160819866 0.6090151886330231
  0.8619972260748959 0.7137525122021244]]
[['LPP' 'BuyCoupon' 23 9 0.584548679542767 0.5866071428571429
  0.9112343966712899 0.7137425312330257]]
[['LPP' 'BuyCoupon' 23 21 0.6066219944816713 0.6128048780487805
  0.8363384188626907 0.7073313782991202]]
[['LPP' 'BuyCoupon' 23 100 0.62238864800946 0.6283138918345705
  0.8217753120665742 0.7121394230769231]]
[['LPP' 'BuyCoupon' 26 9 0.5932203389830508 0.5961538461538461
  0.8814147018030514 0.7112479015109122]]
[['LPP' 'BuyCoupon' 26 21 0.612534489554592 0.6178736517719569
  0.834257975034674 0.7099439362643847]]
[['LPP' 'BuyCoupon' 26 100 0.6283011430823807 0.635230352303523
  0.812760055478502 0.7131122604198357]]
[['LPP' 'BuyCoupon' 29 9 0.6022861647615294 0.6107416879795396
  0.8280166435506241 0.7029732116573447]]
[['LPP' 'BuyCoupon' 29 21 0.6302719747733544 0.6392265193370166
  0.8023578363384188 0.7115621156211561]]
[['LPP' 'BuyCoupon' 29 100 0.6397319668900275 0.6448957189901208
  0.8148404993065187 0.7199754901960785]]
[['LPP' 'DryBean' 2 9 0.868160117517444 0.8685947829066141
  0.868160117517444 0.8664346204555482]]
[['LPP' 'DryBean' 2 22 0.866691149467499 0.8671714553391268
  0.866691149467499 0.8651389670568765]]
[['LPP' 'DryBean' 2 104 0.8688946015424165 0.8690234094051763
  0.8688946015424165 0.8676427663818823]]
[['LPP' 'DryBean' 4 9 0.9023136246786633 0.9037720549473564
  0.9023136246786633 0.9024127690112971]]
[['LPP' 'DryBean' 4 22 0.9026808666911494 0.9042858718812192
  0.9026808666911494 0.902920397185144]]
[['LPP' 'DryBean' 4 104 0.9052515607785531 0.9070524157441479
  0.9052515607785531 0.9055355107358697]]
[['LPP' 'DryBean' 6 9 0.9155343371281675 0.9164802925044122
  0.9155343371281675 0.9157575380018446]]
[['LPP' 'DryBean' 6 22 0.9214102093279471 0.9223520786484892
  0.9214102093279471 0.9216495678773914]]
[['LPP' 'DryBean' 6 104 0.9239809034153507 0.9249981665282369
  0.9239809034153507 0.9242922181522689]]
[['LPP' 'FakeWebsite' 2 9 0.8163726820443238 0.8035320088300221
  0.8870836718115354 0.8432432432432432]]
[['LPP' 'FakeWebsite' 2 20 0.8181818181818182 0.8001448225923244
  0.8976441917140536 0.8460949464012252]]
[['LPP' 'FakeWebsite' 2 94 0.8548168249660787 0.828757225433526
  0.9317627944760357 0.8772466539196941]]
[['LPP' 'FakeWebsite' 4 9 0.8977838082315694 0.900398406374502
  0.9179528838342811 0.9090909090909091]]
[['LPP' 'FakeWebsite' 4 20 0.89280868385346 0.8976 0.9114541023558083
  0.9044740024183796]]
[['LPP' 'FakeWebsite' 4 94 0.8914518317503393 0.8992747784045125
  0.9065800162469537 0.9029126213592233]]
[['LPP' 'FakeWebsite' 6 9 0.9014020805065581 0.8972549019607843
  0.9293257514216084 0.9130087789305666]]
[['LPP' 'FakeWebsite' 6 20 0.9018543645409317 0.901743264659271
  0.9244516653127539 0.9129562775772162]]
[['LPP' 'FakeWebsite' 6 94 0.8964269561284487 0.9059967585089141
  0.9082047116165719 0.9070993914807303]]
[['LPP' 'FakeWebsite' 8 9 0.9122568973315242 0.9111816019032514
  0.9333874898456539 0.9221508828250401]]
[['LPP' 'FakeWebsite' 8 20 0.911352329262777 0.9110405083399523
  0.9317627944760357 0.921285140562249]]
[['LPP' 'FakeWebsite' 8 94 0.9140660334690185 0.9127676447264076
  0.9350121852152722 0.9237560192616372]]
[['LPP' 'FakeWebsite' 10 9 0.9222071460877431 0.9192399049881235
  0.9431356620633631 0.9310344827586206]]
[['LPP' 'FakeWebsite' 10 20 0.9194934418815016 0.9155485398579322
  0.942323314378554 0.9287429943955163]]
[['LPP' 'FakeWebsite' 10 94 0.9176843057440073 0.913317572892041
  0.9415109666937449 0.9272]]
[['LPP' 'FakeWebsite' 12 9 0.942107643600181 0.9332285938727416
  0.9650690495532088 0.9488817891373802]]
[['LPP' 'FakeWebsite' 12 20 0.9380370872908186 0.9280125195618153
  0.9634443541835905 0.9453965723395775]]
[['LPP' 'FakeWebsite' 12 94 0.9416553595658074 0.9284603421461898
  0.9699431356620634 0.9487485101311085]]
[['LPP' 'FakeWebsite' 14 9 0.9502487562189055 0.9416863672182821
  0.9707554833468724 0.956]]
[['LPP' 'FakeWebsite' 14 20 0.9484396200814111 0.9408050513022889
  0.9683184402924452 0.9543634907926342]]
[['LPP' 'FakeWebsite' 14 94 0.9493441881501583 0.9402045633359559
  0.9707554833468724 0.9552358113509192]]
[['LPP' 'Glass' 2 5 0.5581395348837209 0.6414696111002541
  0.5581395348837209 0.49771533792539047]]
[['LPP' 'Glass' 2 13 0.6046511627906976 0.6788825689394485
  0.6046511627906976 0.5626321353065539]]
[['LPP' 'Grade' 2 6 0.96 0.9623480017006805 0.96 0.9598995742578021]]
[['LPP' 'Grade' 2 9 0.96 0.9623480017006805 0.96 0.9598995742578021]]
[['LPP' 'Grade' 2 28 0.955 0.9591326530612244 0.955 0.9550650166826636]]
[['LPP' 'Heart' 2 6 0.5543478260869565 0.5543478260869565 1.0
  0.7132867132867133]]
[['LPP' 'Heart' 2 9 0.5543478260869565 0.5543478260869565 1.0
  0.7132867132867133]]
[['LPP' 'Heart' 2 27 0.5543478260869565 0.5543478260869565 1.0
  0.7132867132867133]]
[['LPP' 'Heart' 4 6 0.625 0.7323943661971831 0.5098039215686274
  0.6011560693641619]]
[['LPP' 'Heart' 4 9 0.6086956521739131 0.7272727272727273
  0.47058823529411764 0.5714285714285714]]
[['LPP' 'Heart' 4 27 0.6086956521739131 0.7205882352941176
  0.4803921568627451 0.5764705882352942]]
[['LPP' 'Heart' 6 6 0.7065217391304348 0.7105263157894737
  0.7941176470588235 0.7499999999999999]]
[['LPP' 'Heart' 6 9 0.7010869565217391 0.7008547008547008
  0.803921568627451 0.7488584474885844]]
[['LPP' 'Heart' 6 27 0.7119565217391305 0.7168141592920354
  0.7941176470588235 0.7534883720930233]]
[['LPP' 'Heart' 8 6 0.7228260869565217 0.717948717948718
  0.8235294117647058 0.767123287671233]]
[['LPP' 'Heart' 8 9 0.7934782608695652 0.8018867924528302
  0.8333333333333334 0.8173076923076923]]
[['LPP' 'Heart' 8 27 0.7554347826086957 0.7478260869565218
  0.8431372549019608 0.7926267281105991]]
[['LPP' 'Parkinsons' 2 5 0.8461538461538461 0.8285714285714286 1.0
  0.90625]]
[['LPP' 'Parkinsons' 2 12 0.8205128205128205 0.8055555555555556 1.0
  0.8923076923076924]]
[['LPP' 'Parkinsons' 4 5 0.8461538461538461 0.8285714285714286 1.0
  0.90625]]
[['LPP' 'Parkinsons' 4 12 0.8205128205128205 0.8055555555555556 1.0
  0.8923076923076924]]
[['LPP' 'Parkinsons' 6 5 0.8205128205128205 0.8235294117647058
  0.9655172413793104 0.888888888888889]]
[['LPP' 'Parkinsons' 6 12 0.8205128205128205 0.8055555555555556 1.0
  0.8923076923076924]]
[['LPP' 'Parkinsons' 8 5 0.8717948717948718 0.8529411764705882 1.0
  0.9206349206349206]]
[['LPP' 'Parkinsons' 8 12 0.8717948717948718 0.8529411764705882 1.0
  0.9206349206349206]]
[['LPP' 'Parkinsons' 10 5 0.8461538461538461 0.8285714285714286 1.0
  0.90625]]
[['LPP' 'Parkinsons' 10 12 0.8205128205128205 0.8055555555555556 1.0
  0.8923076923076924]]
[['LPP' 'StayHospital' 2 8 0.2945 0.5016704513862877 0.2945
  0.15468598650779652]]
[['LPP' 'StayHospital' 2 19 0.2955 0.79182025 0.2955 0.1348054805094558]]
[['LPP' 'StayHospital' 2 89 0.294 0.5148488157525927 0.294
  0.14373452476015225]]
[['LPP' 'StayHospital' 4 8 0.2955 0.79182025 0.2955 0.1348054805094558]]
/home/soyoung/.local/lib/python3.8/site-packages/umap/distances.py:1063: NumbaDeprecationWarning: [1mThe 'nopython' keyword argument was not supplied to the 'numba.jit' decorator. The implicit default value for this argument is currently False, but it will be changed to True in Numba 0.59.0. See https://numba.readthedocs.io/en/stable/reference/deprecation.html#deprecation-of-object-mode-fall-back-behaviour-when-using-jit for details.[0m
  @numba.jit()
/home/soyoung/.local/lib/python3.8/site-packages/umap/distances.py:1071: NumbaDeprecationWarning: [1mThe 'nopython' keyword argument was not supplied to the 'numba.jit' decorator. The implicit default value for this argument is currently False, but it will be changed to True in Numba 0.59.0. See https://numba.readthedocs.io/en/stable/reference/deprecation.html#deprecation-of-object-mode-fall-back-behaviour-when-using-jit for details.[0m
  @numba.jit()
/home/soyoung/.local/lib/python3.8/site-packages/umap/distances.py:1086: NumbaDeprecationWarning: [1mThe 'nopython' keyword argument was not supplied to the 'numba.jit' decorator. The implicit default value for this argument is currently False, but it will be changed to True in Numba 0.59.0. See https://numba.readthedocs.io/en/stable/reference/deprecation.html#deprecation-of-object-mode-fall-back-behaviour-when-using-jit for details.[0m
  @numba.jit()
/home/soyoung/.local/lib/python3.8/site-packages/umap/umap_.py:660: NumbaDeprecationWarning: [1mThe 'nopython' keyword argument was not supplied to the 'numba.jit' decorator. The implicit default value for this argument is currently False, but it will be changed to True in Numba 0.59.0. See https://numba.readthedocs.io/en/stable/reference/deprecation.html#deprecation-of-object-mode-fall-back-behaviour-when-using-jit for details.[0m
  @numba.jit()
[['LPP' 'StayHospital' 4 19 0.2955 0.79182025 0.2955 0.1348054805094558]]
[['LPP' 'StayHospital' 4 89 0.2955 0.79182025 0.2955 0.1348054805094558]]
[['LPP' 'StayHospital' 6 8 0.2955 0.79182025 0.2955 0.1348054805094558]]
[['LPP' 'StayHospital' 6 19 0.2955 0.79182025 0.2955 0.1348054805094558]]
[['LPP' 'StayHospital' 6 89 0.2955 0.79182025 0.2955 0.1348054805094558]]
[['LPP' 'StayHospital' 8 8 0.2955 0.79182025 0.2955 0.1348054805094558]]
[['LPP' 'StayHospital' 8 19 0.297 0.547941855187823 0.297
  0.14397486192301878]]
[['LPP' 'StayHospital' 8 89 0.2955 0.79182025 0.2955 0.1348054805094558]]
[['LPP' 'StayHospital' 10 8 0.297 0.5563986137943724 0.297
  0.14480254127213066]]
[['LPP' 'StayHospital' 10 19 0.297 0.5510601927669738 0.297
  0.14392687768301654]]
[['LPP' 'StayHospital' 10 89 0.2955 0.5299393088185222 0.2955
  0.14103741659963323]]
[['LPP' 'StayHospital' 12 8 0.297 0.4311234228831854 0.297
  0.15712192518245838]]
[['LPP' 'StayHospital' 12 19 0.297 0.6894654200819672 0.297
  0.14352982171988335]]
[['LPP' 'StayHospital' 12 89 0.296 0.5116918777943369 0.296
  0.1426906222612953]]
[['LPP' 'StayHospital' 14 8 0.299 0.44493460681199953 0.299
  0.16933695837835522]]
[['LPP' 'StayHospital' 14 19 0.304 0.5295151342674604 0.304
  0.17529183756450809]]
[['LPP' 'StayHospital' 14 89 0.298 0.35374544398837876 0.298
  0.16778522327467213]]
[['LPP' 'StayHospital' 16 8 0.3045 0.39659887762775897 0.3045
  0.1781612505230983]]
[['LPP' 'StayHospital' 16 19 0.3125 0.42418161203875493 0.3125
  0.1913077396090493]]
[['LPP' 'StayHospital' 16 89 0.3055 0.3981343580733532 0.3055
  0.17991015199815047]]
[['LPP' 'StayHospital' 18 8 0.322 0.4200561212792386 0.322
  0.22301597219834668]]
[['LPP' 'StayHospital' 18 19 0.3115 0.4164151198972441 0.3115
  0.20314578105225292]]
[['LPP' 'StayHospital' 18 89 0.3135 0.39854133246282675 0.3135
  0.19730159203509157]]
[['LPP' 'StayHospital' 20 8 0.3425 0.44088072125170163 0.3425
  0.2500270890159957]]
[['LPP' 'StayHospital' 20 19 0.32 0.42169415224760487 0.32
  0.21534189110827098]]
[['LPP' 'StayHospital' 20 89 0.3215 0.4078403286556192 0.3215
  0.22397337039284546]]
[['LPP' 'StayHospital' 22 8 0.3565 0.44028285116541216 0.3565
  0.2697506426458152]]
[['LPP' 'StayHospital' 22 19 0.3325 0.42861448904632027 0.3325
  0.23581540094466164]]
[['LPP' 'StayHospital' 22 89 0.3385 0.4228827884275694 0.3385
  0.2515240260281723]]
[['LPP' 'StayHospital' 24 8 0.3585 0.44062318760334057 0.3585
  0.27695840230204216]]
[['LPP' 'StayHospital' 24 19 0.3415 0.4188781066972243 0.3415
  0.2542393540831983]]
[['LPP' 'StayHospital' 24 89 0.3475 0.37158649138330896 0.3475
  0.27332603920259735]]
[['LPP' 'Zoo' 2 4 0.7142857142857143 0.9047619047619048
  0.7142857142857143 0.6428571428571429]]
[['LPP' 'Zoo' 2 8 0.7142857142857143 0.7582417582417582
  0.7142857142857143 0.6235827664399093]]
[['LPP' 'Zoo' 4 4 0.8095238095238095 0.8214285714285714
  0.8095238095238095 0.7573696145124716]]
[['LPP' 'Zoo' 4 8 0.8095238095238095 0.783068783068783 0.8095238095238095
  0.7680672268907562]]
[['LPP' 'Zoo' 6 4 1.0 1.0 1.0 1.0]]
[['LPP' 'Zoo' 6 8 0.9523809523809523 0.9682539682539681
  0.9523809523809523 0.9333333333333333]]
Finished python experiment_script.py
