Entered python experiment_script.py
----------pca----------
Index(['dr_name', 'dataset_name', 'n_components', 'n_neighbors',
       'fit_transform_time'],
      dtype='object')
PCA,Admission,2,None,0.011081695556640625
PCA,BankHappiness,2,None,0.022328615188598633
PCA,BankHappiness,4,None,0.030190706253051758
PCA,BankHappiness,6,None,0.028046131134033203
PCA,BankHappiness,8,None,0.04967474937438965
PCA,Credit,2,None,0.004948616027832031
PCA,Credit,4,None,0.004927158355712891
PCA,Credit,6,None,0.023047685623168945
PCA,Credit,8,None,0.015267372131347656
PCA,Credit,10,None,0.0066623687744140625
PCA,Facebook,2,None,0.008925199508666992
PCA,Facebook,4,None,0.0015156269073486328
PCA,Facebook,6,None,0.0017228126525878906
PCA,Facebook,8,None,0.0011365413665771484
PCA,ForestFires,2,None,0.0015501976013183594
PCA,ForestFires,4,None,0.0011248588562011719
PCA,HousePrice,2,None,0.037188053131103516
PCA,HousePrice,11,None,0.03887653350830078
PCA,HousePrice,20,None,0.08876919746398926
PCA,HousePrice,29,None,0.04116368293762207
PCA,HousePrice,38,None,0.13104629516601562
PCA,HousePrice,47,None,0.3112306594848633
PCA,HousePrice,56,None,0.3957698345184326
PCA,HousePrice,65,None,0.8157105445861816
PCA,HousePrice,74,None,0.3292996883392334
PCA,HousePrice,83,None,0.43049073219299316
PCA,HousePrice,92,None,0.21503496170043945
PCA,OnlineNewsPopularity,2,None,0.113494873046875
PCA,OnlineNewsPopularity,4,None,0.17719769477844238
PCA,OnlineNewsPopularity,6,None,0.15584564208984375
PCA,OnlineNewsPopularity,8,None,0.14134860038757324
PCA,OnlineNewsPopularity,10,None,0.16889667510986328
PCA,OnlineNewsPopularity,12,None,0.18383002281188965
PCA,OnlineNewsPopularity,14,None,0.19335079193115234
PCA,OnlineNewsPopularity,16,None,0.2736473083496094
PCA,OnlineNewsPopularity,18,None,0.3241560459136963
PCA,OnlineNewsPopularity,20,None,0.3710358142852783
PCA,OnlineNewsPopularity,22,None,0.31058764457702637
PCA,PremiumPrice,2,None,0.008037090301513672
PCA,PremiumPrice,4,None,0.022203445434570312
PCA,WineQuality,2,None,0.015008211135864258
PCA,WineQuality,4,None,0.021748065948486328
Index(['dr_name', 'dataset_name', 'n_components', 'n_neighbors',
       'transform_time'],
      dtype='object')
PCA,Admission,2,None,0.0007867813110351562
PCA,BankHappiness,2,None,0.0009603500366210938
PCA,BankHappiness,4,None,0.0008900165557861328
PCA,BankHappiness,6,None,0.0014922618865966797
PCA,BankHappiness,8,None,0.002888917922973633
PCA,Credit,2,None,0.0008115768432617188
PCA,Credit,4,None,0.0007758140563964844
PCA,Credit,6,None,0.0007965564727783203
PCA,Credit,8,None,0.0007619857788085938
PCA,Credit,10,None,0.0007727146148681641
PCA,Facebook,2,None,0.0055086612701416016
PCA,Facebook,4,None,0.0007655620574951172
PCA,Facebook,6,None,0.0007574558258056641
PCA,Facebook,8,None,0.0007622241973876953
PCA,ForestFires,2,None,0.000713348388671875
PCA,ForestFires,4,None,0.0006895065307617188
PCA,HousePrice,2,None,0.002073526382446289
PCA,HousePrice,11,None,0.007509708404541016
PCA,HousePrice,20,None,0.004980802536010742
PCA,HousePrice,29,None,0.007946491241455078
PCA,HousePrice,38,None,0.005030155181884766
PCA,HousePrice,47,None,0.005051374435424805
PCA,HousePrice,56,None,0.012922525405883789
PCA,HousePrice,65,None,0.005274295806884766
PCA,HousePrice,74,None,0.0051975250244140625
PCA,HousePrice,83,None,0.00518035888671875
PCA,HousePrice,92,None,0.007826089859008789
PCA,OnlineNewsPopularity,2,None,0.0059468746185302734
PCA,OnlineNewsPopularity,4,None,0.005514621734619141
PCA,OnlineNewsPopularity,6,None,0.005443572998046875
PCA,OnlineNewsPopularity,8,None,0.0055980682373046875
PCA,OnlineNewsPopularity,10,None,0.005522251129150391
PCA,OnlineNewsPopularity,12,None,0.002874612808227539
PCA,OnlineNewsPopularity,14,None,0.002946138381958008
PCA,OnlineNewsPopularity,16,None,0.003118276596069336
PCA,OnlineNewsPopularity,18,None,0.0029408931732177734
PCA,OnlineNewsPopularity,20,None,0.0032634735107421875
PCA,OnlineNewsPopularity,22,None,0.002969980239868164
PCA,PremiumPrice,2,None,0.0007641315460205078
PCA,PremiumPrice,4,None,0.0007228851318359375
PCA,WineQuality,2,None,0.0007548332214355469
PCA,WineQuality,4,None,0.0007240772247314453
Index(['dr_name', 'dataset_name', 'n_components', 'n_neighbors', 'RMSE', 'MAE',
       'MAE_percentage', 'R2', 'residuals_mean', 'residuals_var'],
      dtype='object')
[['PCA' 'Admission' 2 None 0.07596191665356902 0.05803619336361043
  0.09066858506111779 0.747501729483897 0.008537674485822681
  0.005769438882083948]]
[['PCA' 'BankHappiness' 2 None 0.3101736641559588 0.17401915800353274
  411134205943335.25 -0.0006591541572440462 -0.00856110665617591
  0.09617397087410028]]
[['PCA' 'BankHappiness' 4 None 0.30139127675816546 0.1710929719374758
  407960865725690.44 0.05520477813713309 -0.010078046572393516
  0.09077247424479977]]
[['PCA' 'BankHappiness' 6 None 0.3035329010090422 0.16926285631653076
  397386402656886.25 0.04173003328255254 -0.0071523900554117505
  0.09211895875397526]]
[['PCA' 'BankHappiness' 8 None 0.3021432643475789 0.16658613325041882
  388121438377599.94 0.050484265818587004 -0.0053212372925037195
  0.09129979310026486]]
[['PCA' 'Credit' 2 None 9104.687953796794 6109.652321221694
  1.2049189355627443 0.0001293486536888544 -302.8671069303735
  92004015.83505788]]
[['PCA' 'Credit' 4 None 9104.687954324689 6109.652321648383
  1.2049189357143493 0.00012934853774293487 -302.8671069491502
  92004015.84572592]]
[['PCA' 'Credit' 6 None 9104.687954624982 6109.652321900868
  1.2049189357780912 0.00012934847178680542 -302.86710694873693
  92004015.85180193]]
[['PCA' 'Credit' 8 None 9104.687954729827 6109.652322070478
  1.2049189358232573 0.00012934844875900353 -302.86710705658425
  92004015.85385065]]
[['PCA' 'Credit' 10 None 9104.687954814797 6109.652322198437
  1.2049189358596781 0.00012934843009637653 -302.8671071463019
  92004015.85550943]]
[['PCA' 'Facebook' 2 None 255.3285960148372 131.81201038637573
  1.5697983989552342 -0.05174711815778377 70.34392280206913
  60852.95400780247]]
[['PCA' 'Facebook' 4 None 255.4794329733617 131.82218083263925
  1.5676025943817182 -0.05299013753274506 70.6978120008073
  60880.36368756455]]
[['PCA' 'Facebook' 6 None 255.62642954153907 131.8981951830849
  1.5671117628627869 -0.05420221527024571 70.77959997441778
  60944.565361229135]]
[['PCA' 'Facebook' 8 None 255.5721177233639 131.95042242284197
  1.5718492174596037 -0.05375429948382293 70.4804892918398
  60959.19998665437]]
[['PCA' 'ForestFires' 2 None 11.359339172599284 4.978928482041842
  3064501908147591.5 -0.13896449783432785 3.476744850273174
  118.0822378171043]]
[['PCA' 'ForestFires' 4 None 11.386857626686496 4.970502637521231
  2919626116037859.5 -0.14448955629868587 3.5284546225915694
  118.34850094195167]]
[['PCA' 'HousePrice' 2 None 92606.19503023913 59920.467059161274
  0.31470044443536227 -0.06401567446095258 23174.24130616051
  8066486852.838005]]
[['PCA' 'HousePrice' 11 None 92640.66274446783 60002.89593941258
  0.3153893423019245 -0.06480786796798399 23100.73479898577
  8076307031.204461]]
[['PCA' 'HousePrice' 20 None 92649.97599049915 60020.987837345965
  0.3155409812242857 -0.06502197084311012 23083.757815071367
  8078825386.402607]]
[['PCA' 'HousePrice' 29 None 92653.48134303768 60028.13507430299
  0.31560379969438734 -0.06510256121676683 23075.025766631785
  8079881618.313891]]
[['PCA' 'HousePrice' 38 None 92655.31992122994 60032.48993353007
  0.31564333201449146 -0.06514483256464865 23069.597454302493
  8080474842.050026]]
[['PCA' 'HousePrice' 47 None 92656.33396067921 60035.127517671295
  0.3156670378689903 -0.06516814703360208 23066.289087632977
  8080816560.073982]]
[['PCA' 'HousePrice' 56 None 92657.18146908436 60036.981968493776
  0.315683070387847 -0.06518763287007978 23064.281231477187
  8081067096.386553]]
[['PCA' 'HousePrice' 65 None 92657.90344617749 60038.26851094356
  0.31569345225236944 -0.06520423264259101 23063.278784185302
  8081247748.752976]]
[['PCA' 'HousePrice' 74 None 92658.43242048378 60039.28372434699
  0.31570216920851546 -0.06521639495702836 23062.23357234742
  8081394489.802571]]
[['PCA' 'HousePrice' 83 None 92658.77997300679 60039.985225336015
  0.3157084000179407 -0.06522438601257008 23061.424918864646
  8081496544.827885]]
