Entered python experiment_script.py
----------pca----------
Index(['dr_name', 'dataset_name', 'n_components', 'n_neighbors',
       'fit_transform_time'],
      dtype='object')
PCA,Admission,2,None,0.004126071929931641
PCA,BankHappiness,2,None,0.039968252182006836
PCA,BankHappiness,4,None,0.031090736389160156
PCA,BankHappiness,6,None,0.03167867660522461
PCA,BankHappiness,8,None,0.03209424018859863
PCA,Credit,2,None,0.00482630729675293
PCA,Credit,4,None,0.004706382751464844
PCA,Credit,6,None,0.006705284118652344
PCA,Credit,8,None,0.006640911102294922
PCA,Credit,10,None,0.006626129150390625
PCA,Facebook,2,None,0.006783008575439453
PCA,Facebook,4,None,0.0067141056060791016
PCA,Facebook,6,None,0.006700038909912109
PCA,Facebook,8,None,0.006687164306640625
PCA,ForestFires,2,None,0.0011630058288574219
PCA,ForestFires,4,None,0.0011527538299560547
PCA,HousePrice,2,None,0.027626752853393555
PCA,HousePrice,11,None,0.033303260803222656
PCA,HousePrice,20,None,0.04894733428955078
PCA,HousePrice,29,None,0.032358646392822266
PCA,HousePrice,38,None,0.47194480895996094
PCA,HousePrice,47,None,0.47922587394714355
PCA,HousePrice,56,None,0.45156192779541016
PCA,HousePrice,65,None,0.829742431640625
PCA,HousePrice,74,None,1.096921682357788
PCA,HousePrice,83,None,0.8991825580596924
PCA,HousePrice,92,None,0.7803661823272705
PCA,OnlineNewsPopularity,2,None,0.1307082176208496
PCA,OnlineNewsPopularity,4,None,0.1461496353149414
PCA,OnlineNewsPopularity,6,None,0.15203619003295898
PCA,OnlineNewsPopularity,8,None,0.1285107135772705
PCA,OnlineNewsPopularity,10,None,0.14437198638916016
PCA,OnlineNewsPopularity,12,None,0.16409087181091309
PCA,OnlineNewsPopularity,14,None,0.18211936950683594
PCA,OnlineNewsPopularity,16,None,0.2113645076751709
PCA,OnlineNewsPopularity,18,None,0.2186892032623291
PCA,OnlineNewsPopularity,20,None,0.3512258529663086
PCA,OnlineNewsPopularity,22,None,0.36600613594055176
PCA,PremiumPrice,2,None,0.01010584831237793
PCA,PremiumPrice,4,None,0.015137672424316406
PCA,WineQuality,2,None,0.011493444442749023
PCA,WineQuality,4,None,0.00835561752319336
Index(['dr_name', 'dataset_name', 'n_components', 'n_neighbors',
       'transform_time'],
      dtype='object')
PCA,Admission,2,None,0.0007939338684082031
PCA,BankHappiness,2,None,0.0009729862213134766
PCA,BankHappiness,4,None,0.0009107589721679688
PCA,BankHappiness,6,None,0.006264925003051758
PCA,BankHappiness,8,None,0.0009980201721191406
PCA,Credit,2,None,0.0008366107940673828
PCA,Credit,4,None,0.0008027553558349609
PCA,Credit,6,None,0.0007941722869873047
PCA,Credit,8,None,0.0007984638214111328
PCA,Credit,10,None,0.0007946491241455078
PCA,Facebook,2,None,0.0008122920989990234
PCA,Facebook,4,None,0.0007824897766113281
PCA,Facebook,6,None,0.0007801055908203125
PCA,Facebook,8,None,0.0007927417755126953
PCA,ForestFires,2,None,0.0007331371307373047
PCA,ForestFires,4,None,0.0007178783416748047
PCA,HousePrice,2,None,0.00213623046875
PCA,HousePrice,11,None,0.018843889236450195
PCA,HousePrice,20,None,0.0029561519622802734
PCA,HousePrice,29,None,0.002081632614135742
PCA,HousePrice,38,None,0.0021200180053710938
PCA,HousePrice,47,None,0.002147674560546875
PCA,HousePrice,56,None,0.002148866653442383
PCA,HousePrice,65,None,0.0022416114807128906
PCA,HousePrice,74,None,0.0022606849670410156
PCA,HousePrice,83,None,0.00218963623046875
PCA,HousePrice,92,None,0.002246856689453125
PCA,OnlineNewsPopularity,2,None,0.0028226375579833984
PCA,OnlineNewsPopularity,4,None,0.002408266067504883
PCA,OnlineNewsPopularity,6,None,0.002466440200805664
PCA,OnlineNewsPopularity,8,None,0.0025162696838378906
PCA,OnlineNewsPopularity,10,None,0.002562284469604492
PCA,OnlineNewsPopularity,12,None,0.003056049346923828
PCA,OnlineNewsPopularity,14,None,0.0029540061950683594
PCA,OnlineNewsPopularity,16,None,0.002984285354614258
PCA,OnlineNewsPopularity,18,None,0.0029964447021484375
PCA,OnlineNewsPopularity,20,None,0.0029723644256591797
PCA,OnlineNewsPopularity,22,None,0.0029954910278320312
PCA,PremiumPrice,2,None,0.0007586479187011719
PCA,PremiumPrice,4,None,0.0006933212280273438
PCA,WineQuality,2,None,0.0007498264312744141
PCA,WineQuality,4,None,0.0007112026214599609
Index(['dr_name', 'dataset_name', 'n_components', 'n_neighbors', 'RMSE', 'MAE',
       'MAE_percentage', 'R2', 'residuals_mean', 'residuals_var'],
      dtype='object')
[['PCA' 'Admission' 2 None 0.07596191665356902 0.05803619336361043
  0.09066858506111779 0.747501729483897 0.008537674485822681
  0.005769438882083948]]
[['PCA' 'BankHappiness' 2 None 0.31016925982244103 0.1740262916081989
  411176972265923.3 -0.0006307364940356663 -0.008572965113916066
  0.09617103428532606]]
[['PCA' 'BankHappiness' 4 None 0.30139127675815836 0.17109297193748382
  407960865725742.3 0.055204778137177724 -0.010078046572408537
  0.09077247424479516]]
[['PCA' 'BankHappiness' 6 None 0.3035329010090392 0.16926285631649174
  397386402656694.6 0.04173003328257163 -0.007152390055365632
  0.09211895875397408]]
[['PCA' 'BankHappiness' 8 None 0.3021352274235624 0.16657606760142654
  388086541965084.4 0.05053477883816937 -0.005315736054052405
  0.09129499310197314]]
[['PCA' 'Credit' 2 None 9104.687953796794 6109.652321221694
  1.2049189355627443 0.0001293486536888544 -302.8671069303735
  92004015.83505788]]
[['PCA' 'Credit' 4 None 9104.687954324689 6109.652321648383
  1.2049189357143493 0.00012934853774293487 -302.8671069491502
  92004015.84572592]]
[['PCA' 'Credit' 6 None 9104.687954624982 6109.652321900868
  1.2049189357780912 0.00012934847178680542 -302.86710694873693
  92004015.85180193]]
[['PCA' 'Credit' 8 None 9104.687954729827 6109.652322070478
  1.2049189358232573 0.00012934844875900353 -302.86710705658425
  92004015.85385065]]
[['PCA' 'Credit' 10 None 9104.687954814797 6109.652322198437
  1.2049189358596781 0.00012934843009637653 -302.8671071463019
  92004015.85550943]]
[['PCA' 'Facebook' 2 None 255.3285960148372 131.81201038637573
  1.5697983989552342 -0.05174711815778377 70.34392280206913
  60852.95400780247]]
[['PCA' 'Facebook' 4 None 255.4794329733617 131.82218083263925
  1.5676025943817182 -0.05299013753274506 70.6978120008073
  60880.36368756455]]
[['PCA' 'Facebook' 6 None 255.62642954153907 131.8981951830849
  1.5671117628627869 -0.05420221527024571 70.77959997441778
  60944.565361229135]]
[['PCA' 'Facebook' 8 None 255.5721177233639 131.95042242284197
  1.5718492174596037 -0.05375429948382293 70.4804892918398
  60959.19998665437]]
[['PCA' 'ForestFires' 2 None 11.359339172599284 4.978928482041842
  3064501908147591.5 -0.13896449783432785 3.476744850273174
  118.0822378171043]]
[['PCA' 'ForestFires' 4 None 11.386857626686496 4.970502637521231
  2919626116037859.5 -0.14448955629868587 3.5284546225915694
  118.34850094195167]]
[['PCA' 'HousePrice' 2 None 92606.19529411792 59920.46717195111
  0.3147004446366651 -0.06401568052471918 23174.2417179166
  8066486882.729724]]
[['PCA' 'HousePrice' 11 None 92640.6316641852 60002.90389719785
  0.31538962284495087 -0.0648071534971899 23100.606884541667
  8076307182.948072]]
[['PCA' 'HousePrice' 20 None 92649.97535573869 60020.989856060834
  0.31554100632446525 -0.06502195624982354 23083.75056993352
  8078825604.016741]]
[['PCA' 'HousePrice' 29 None 92653.46535581225 60028.21162997513
  0.31560511237288125 -0.06510219365295722 23074.64175140181
  8079896428.665529]]
[['PCA' 'HousePrice' 38 None 92655.34768476828 60032.492750252495
  0.31564327036224243 -0.0651454708915975 23069.61190697482
  8080479335.483447]]
[['PCA' 'HousePrice' 47 None 92656.26941215465 60035.12953387773
  0.31566769718869625 -0.06516666294707685 23065.962092638398
  8080819694.167271]]
[['PCA' 'HousePrice' 56 None 92657.18334837869 60036.96473704212
  0.3156829014388964 -0.0651876760788428 23064.30023539222
  8081066566.207462]]
[['PCA' 'HousePrice' 65 None 92657.88734544706 60038.269969655536
  0.3156935458774487 -0.06520386245151033 23063.229104835395
  8081247054.18967]]
[['PCA' 'HousePrice' 74 None 92658.430377631 60039.28966133996
  0.315702234038879 -0.06521634798709375 23062.222081078846
  8081394641.776468]]
[['PCA' 'HousePrice' 83 None 92658.79551397242 60039.99127419566
  0.3157083593335893 -0.06522474333687245 23061.454574807995
  8081498062.221005]]
[['PCA' 'HousePrice' 92 None 92659.07951054884 60040.45445024959
  0.3157120983855376 -0.06523127311404386 23061.112448462507
  8081566706.692168]]
[['PCA' 'OnlineNewsPopularity' 2 None 7053.020372189684 2195.862895397214
  0.6740658874960914 -0.05966372063569003 1699.3781885815329
  46863120.48706322]]
[['PCA' 'OnlineNewsPopularity' 4 None 7037.9192218406515
  2178.8141364626795 0.6632108223943981 -0.0551309079369684
  1679.5748913198988 46717227.10199613]]
[['PCA' 'OnlineNewsPopularity' 6 None 7033.680438203194
  2172.8085435616144 0.6544297750437568 -0.053860326490532406
  1677.8950252813631 46663213.923187785]]
[['PCA' 'OnlineNewsPopularity' 8 None 7035.911018707234
  2174.0251713267357 0.6538711675209196 -0.05452885076003944
  1681.0594225994887 46683970.830991656]]
[['PCA' 'OnlineNewsPopularity' 10 None 7038.283858314831
  2173.6098401774557 0.6515314188057728 -0.055240243997432215
  1686.6326405467 46698599.601164296]]
[['PCA' 'OnlineNewsPopularity' 12 None 7039.717878924716
  2172.225236932638 0.6480165067564481 -0.05567028928872375
  1688.6216639264026 46712075.985709764]]
[['PCA' 'OnlineNewsPopularity' 14 None 7038.892150193707 2168.86548611751
  0.6438295780130912 -0.05542265261346113 1688.7061952139738
  46700163.88069709]]
[['PCA' 'OnlineNewsPopularity' 16 None 7040.146315566178
  2170.007844252939 0.6441091432714565 -0.05579878920991721
  1691.3502742612634 46708885.28666663]]
[['PCA' 'OnlineNewsPopularity' 18 None 7041.131557931785
  2170.578164173592 0.643872563438136 -0.05609432013707738
  1693.6469142180097 46714985.40773603]]
[['PCA' 'OnlineNewsPopularity' 20 None 7041.340105825798 2170.65116387803
  0.6446254727958021 -0.056156880964471245 1694.6155186611713
  46714640.34797821]]
[['PCA' 'OnlineNewsPopularity' 22 None 7041.73975167525
  2171.1573374868485 0.6448197809396322 -0.05627677311163737
  1695.253685695569 46718105.72666478]]
[['PCA' 'PremiumPrice' 2 None 5874.323069270407 4495.492534436815
  0.20132815670587398 -0.017924341340147087 1179.2080898503114
  33285247.111638717]]
[['PCA' 'PremiumPrice' 4 None 5896.407115761341 4514.209928574706
  0.20190758962025218 -0.0255923377652032 1211.219990714603
  33469601.399802376]]
[['PCA' 'WineQuality' 2 None 0.7991392187689207 0.5995921357035995
  0.10740786727972311 0.10624500799714587 -0.0025435710151690215
  0.6392693368709599]]
[['PCA' 'WineQuality' 4 None 0.7230702089316258 0.5392048481643397
  0.09473122067013881 0.26829751783117106 0.05422158993419085
  0.5204215886668486]]
----------kpca----------
Index(['dr_name', 'dataset_name', 'n_components', 'n_neighbors',
       'fit_transform_time'],
      dtype='object')
KPCA,Admission,2,None,0.009568452835083008
KPCA,BankHappiness,2,None,1.9546210765838623
KPCA,BankHappiness,4,None,2.2819859981536865
KPCA,BankHappiness,6,None,2.1086461544036865
KPCA,BankHappiness,8,None,1.9584741592407227
KPCA,Credit,2,None,0.01854228973388672
KPCA,Credit,4,None,0.020873069763183594
KPCA,Credit,6,None,0.004795551300048828
KPCA,Credit,8,None,0.007630348205566406
KPCA,Credit,10,None,0.0017654895782470703
KPCA,Facebook,2,None,0.014906883239746094
KPCA,Facebook,4,None,0.010556221008300781
KPCA,Facebook,6,None,0.011069774627685547
KPCA,Facebook,8,None,0.013666152954101562
KPCA,ForestFires,2,None,0.014348030090332031
KPCA,ForestFires,4,None,0.004043102264404297
KPCA,HousePrice,2,None,0.0790395736694336
KPCA,HousePrice,11,None,0.15257501602172852
KPCA,HousePrice,20,None,0.1522676944732666
KPCA,HousePrice,29,None,0.1571199893951416
KPCA,HousePrice,38,None,0.17281436920166016
KPCA,HousePrice,47,None,0.18993639945983887
KPCA,HousePrice,56,None,0.24646687507629395
KPCA,HousePrice,65,None,0.19280457496643066
KPCA,HousePrice,74,None,0.17925286293029785
KPCA,HousePrice,83,None,0.22416949272155762
KPCA,HousePrice,92,None,0.22678852081298828
KPCA,OnlineNewsPopularity,2,None,33.263744592666626
KPCA,OnlineNewsPopularity,4,None,36.8774733543396
KPCA,OnlineNewsPopularity,6,None,35.52292275428772
KPCA,OnlineNewsPopularity,8,None,36.32995009422302
** fit_transform took too long **
KPCA,PremiumPrice,2,None,0.13016963005065918
KPCA,PremiumPrice,4,None,0.039583444595336914
KPCA,WineQuality,2,None,0.5268115997314453
KPCA,WineQuality,4,None,0.5859310626983643
Index(['dr_name', 'dataset_name', 'n_components', 'n_neighbors',
       'transform_time'],
      dtype='object')
KPCA,Admission,2,None,0.016303539276123047
KPCA,BankHappiness,2,None,0.29129815101623535
KPCA,BankHappiness,4,None,0.2849292755126953
KPCA,BankHappiness,6,None,0.29089832305908203
KPCA,BankHappiness,8,None,0.34019947052001953
KPCA,Credit,2,None,0.006868839263916016
KPCA,Credit,4,None,0.004840850830078125
KPCA,Credit,6,None,0.0049479007720947266
KPCA,Credit,8,None,0.003999233245849609
KPCA,Credit,10,None,0.004494428634643555
KPCA,Facebook,2,None,0.01288747787475586
KPCA,Facebook,4,None,0.008095264434814453
KPCA,Facebook,6,None,0.007993221282958984
KPCA,Facebook,8,None,0.008218526840209961
KPCA,ForestFires,2,None,0.023824214935302734
KPCA,ForestFires,4,None,0.003676176071166992
KPCA,HousePrice,2,None,0.03425288200378418
KPCA,HousePrice,11,None,0.01929616928100586
KPCA,HousePrice,20,None,0.022689342498779297
KPCA,HousePrice,29,None,0.016200542449951172
KPCA,HousePrice,38,None,0.013391733169555664
KPCA,HousePrice,47,None,0.017576217651367188
KPCA,HousePrice,56,None,0.024626970291137695
KPCA,HousePrice,65,None,0.021250247955322266
KPCA,HousePrice,74,None,0.02280735969543457
KPCA,HousePrice,83,None,0.03675436973571777
KPCA,HousePrice,92,None,0.024336814880371094
KPCA,OnlineNewsPopularity,2,None,3.2381997108459473
KPCA,OnlineNewsPopularity,4,None,3.2245471477508545
KPCA,OnlineNewsPopularity,6,None,3.318375825881958
KPCA,OnlineNewsPopularity,8,None,3.3642306327819824
KPCA,PremiumPrice,2,None,0.014720916748046875
KPCA,PremiumPrice,4,None,0.0034580230712890625
KPCA,WineQuality,2,None,0.06815719604492188
KPCA,WineQuality,4,None,0.08537507057189941
Index(['dr_name', 'dataset_name', 'n_components', 'n_neighbors', 'RMSE', 'MAE',
       'MAE_percentage', 'R2', 'residuals_mean', 'residuals_var'],
      dtype='object')
[['KPCA' 'Admission' 2 None 0.0775274539806888 0.05906724290854297
  0.09258899936075811 0.7369867528581202 0.00945370268019764
  0.005996084684923792]]
[['KPCA' 'BankHappiness' 2 None 0.3101984799582506 0.1740702947016886
  411354647207950.94 -0.000819278345488339 -0.00860786554504154
  0.09618856910954593]]
[['KPCA' 'BankHappiness' 4 None 0.3101800320233759 0.1739962804021566
  411009094542761.44 -0.0007002416573709258 -0.008528423634527991
  0.09617848159717877]]
[['KPCA' 'BankHappiness' 6 None 0.3100356706115479 0.17356552561105185
  409053618479400.4 0.0002310167572492361 -0.008090772605774035
  0.09609618593844502]]
[['KPCA' 'BankHappiness' 8 None 0.3096835255608044 0.17145031153717774
  398985943587314.7 0.0025008443416419945 -0.005735040891794466
  0.09591044839422846]]
[['KPCA' 'Credit' 2 None 9110.396306798064 6116.053444235013
  1.206529017014209 -0.0011248192892217013 -305.37574039168555
  92117851.69344448]]
[['KPCA' 'Credit' 4 None 9110.393553737224 6116.004157716073
  1.206512544700124 -0.0011242142316529868 -305.293596193453
  92117851.69344449]]
[['KPCA' 'Credit' 6 None 9110.403376476439 6116.179948134801
  1.2065712965668163 -0.0011263730379265091 -305.58658022467387
  92117851.69344433]]
[['KPCA' 'Credit' 8 None 9110.393764481018 6116.007931013357
  1.2065138057942195 -0.0011242605481411871 -305.2998850222628
  92117851.69344443]]
[['KPCA' 'Credit' 10 None 9110.381732616048 6115.792380026123
  1.2064417653328638 -0.0011216162312699396 -304.9406333768802
  92117851.6934443]]
[['KPCA' 'Facebook' 2 None 251.22514387071575 131.34540503093314
  1.5377261322364402 -0.018212967174826566 67.11896744007616
  59201.12840670693]]
[['KPCA' 'Facebook' 4 None 251.0590104291841 129.37599917878833
  1.4292901235857565 -0.01686673813155659 68.34629120327729
  58948.90019842221]]
[['KPCA' 'Facebook' 6 None 249.6604469821624 128.34418552952525
  1.4280578161311968 -0.005569063642685057 67.40019846508783
  58371.26468100999]]
[['KPCA' 'Facebook' 8 None 248.9252661305928 127.18685087536507
  1.429441074513978 0.0003444613007461683 67.00251203385767
  58055.00151448404]]
[['KPCA' 'ForestFires' 2 None 11.334388204695182 4.798990231529057
  2172805206986627.8 -0.13396648595840777 3.74409668073478
  115.56126200082122]]
[['KPCA' 'ForestFires' 4 None 11.375173283104607 4.943103845649594
  2856650584251649.0 -0.14214198181360227 3.5064314710130096
  118.23639396323904]]
[['KPCA' 'HousePrice' 2 None 92601.97598587006 59913.012313415325
  0.31460395472349145 -0.06391872571841173 23201.348824054687
  8064441318.95464]]
[['KPCA' 'HousePrice' 11 None 92639.87559389252 60003.247351548605
  0.3153909547312585 -0.06478977309387157 23101.623311894895
  8076119493.879386]]
[['KPCA' 'HousePrice' 20 None 92649.27049648037 60021.490218918436
  0.3155460099622866 -0.0650057514375122 23083.023235599252
  8078728239.366852]]
[['KPCA' 'HousePrice' 29 None 92652.61632545934 60028.5337433098
  0.31560944889756415 -0.06508267360706155 23073.697160518608
  8079782298.621496]]
[['KPCA' 'HousePrice' 38 None 92654.344667764 60032.91675125213
  0.31565005356241443 -0.0651224100912573 23067.895320920026
  8080372299.149684]]
[['KPCA' 'HousePrice' 47 None 92655.51222081762 60035.559861985304
  0.31567323787586016 -0.0651492538353291 23064.755146287138
  8080734764.13615]]
[['KPCA' 'HousePrice' 56 None 92656.269419855 60037.347617271036
  0.31568882807661575 -0.06516666312412167 23062.662506404813
  8080972424.016374]]
[['KPCA' 'HousePrice' 65 None 92657.06159149119 60038.69120291105
  0.3156997156552478 -0.06518487664449446 23061.58160122251
  8081169755.708961]]
[['KPCA' 'HousePrice' 74 None 92657.51727875273 60039.63334994135
  0.31570812429733364 -0.06519535382485664 23060.486071972733
  8081305193.102818]]
[['KPCA' 'HousePrice' 83 None 92657.86509085793 60040.2898260514
  0.3157136701783655 -0.06520335076983619 23059.81152443315
  8081401086.77233]]
[['KPCA' 'HousePrice' 92 None 92658.17459412782 60040.84052720088
  0.31571858816797693 -0.06521046693791255 23059.2253373187
  8081485767.078768]]
[['KPCA' 'OnlineNewsPopularity' 2 None 7040.452827666414
  2185.2674174046124 0.6750060640469497 -0.05589072540968876
  1679.5303882388632 46753050.15595128]]
[['KPCA' 'OnlineNewsPopularity' 4 None 7041.990019547979
  2183.8339133324203 0.6707823933850547 -0.05635185593149816
  1684.2838097287297 46758708.65971865]]
[['KPCA' 'OnlineNewsPopularity' 6 None 7040.199396019222
  2179.516086307862 0.6623891216006751 -0.055814710040767324
  1682.7512350110526 46738650.463071935]]
[['KPCA' 'OnlineNewsPopularity' 8 None 7041.08030154638 2177.273943649008
  0.656646200322707 -0.056078944375376194 1685.6284790758573
  46741363.43180435]]
[['KPCA' 'PremiumPrice' 2 None 5966.330475000484 4570.323713402762
  0.20370341935225328 -0.05006082119686339 1305.9581760468116
  34063611.018825]]
[['KPCA' 'PremiumPrice' 4 None 5965.826723103411 4569.909292626769
  0.20371374147686827 -0.04988351026787141 1303.3347033444627
  34064449.8169962]]
[['KPCA' 'WineQuality' 2 None 0.8101825203644284 0.6070162728812193
  0.1096905574440706 0.08137273923208554 -0.03781187410100754
  0.6556349937808031]]
[['KPCA' 'WineQuality' 4 None 0.7596348504064996 0.5708607236420606
  0.10165081396293765 0.19242409440898334 0.006738583187831356
  0.5775890740549042]]
----------ica----------
Index(['dr_name', 'dataset_name', 'n_components', 'n_neighbors',
       'fit_transform_time'],
      dtype='object')
ICA,Admission,2,None,0.008037090301513672
ICA,BankHappiness,2,None,0.04637932777404785
ICA,BankHappiness,4,None,0.028767108917236328
ICA,BankHappiness,6,None,0.21515107154846191
ICA,BankHappiness,8,None,0.08806228637695312
ICA,Credit,2,None,0.023438692092895508
ICA,Credit,4,None,0.009444236755371094
ICA,Credit,6,None,0.05305194854736328
ICA,Credit,8,None,0.01651597023010254
ICA,Credit,10,None,0.03366446495056152
ICA,Facebook,2,None,0.0024445056915283203
ICA,Facebook,4,None,0.002790212631225586
ICA,Facebook,6,None,0.0037772655487060547
ICA,Facebook,8,None,0.0036275386810302734
ICA,ForestFires,2,None,0.0021054744720458984
ICA,ForestFires,4,None,0.004082918167114258
ICA,HousePrice,2,None,0.08151364326477051
ICA,HousePrice,11,None,0.13243484497070312
ICA,HousePrice,20,None,0.2230837345123291
ICA,HousePrice,29,None,0.2955632209777832
ICA,HousePrice,38,None,0.9763286113739014
ICA,HousePrice,47,None,0.43831324577331543
ICA,HousePrice,56,None,1.2659761905670166
ICA,HousePrice,65,None,1.594209909439087
ICA,HousePrice,74,None,1.1269760131835938
ICA,HousePrice,83,None,1.5629196166992188
ICA,HousePrice,92,None,1.3298790454864502
ICA,OnlineNewsPopularity,2,None,0.30815982818603516
ICA,OnlineNewsPopularity,4,None,0.35061073303222656
ICA,OnlineNewsPopularity,6,None,0.34366750717163086
ICA,OnlineNewsPopularity,8,None,0.34806156158447266
ICA,OnlineNewsPopularity,10,None,0.4434337615966797
ICA,OnlineNewsPopularity,12,None,0.4508693218231201
ICA,OnlineNewsPopularity,14,None,0.48316502571105957
ICA,OnlineNewsPopularity,16,None,0.593052864074707
ICA,OnlineNewsPopularity,18,None,0.6280755996704102
ICA,OnlineNewsPopularity,20,None,0.6861920356750488
ICA,OnlineNewsPopularity,22,None,0.8550732135772705
ICA,PremiumPrice,2,None,0.008908987045288086
ICA,PremiumPrice,4,None,0.01040792465209961
ICA,WineQuality,2,None,0.02907848358154297
ICA,WineQuality,4,None,0.013268470764160156
Index(['dr_name', 'dataset_name', 'n_components', 'n_neighbors',
       'transform_time'],
      dtype='object')
ICA,Admission,2,None,0.0007696151733398438
ICA,BankHappiness,2,None,0.0009682178497314453
ICA,BankHappiness,4,None,0.0009279251098632812
ICA,BankHappiness,6,None,0.0009374618530273438
ICA,BankHappiness,8,None,0.0009875297546386719
ICA,Credit,2,None,0.0008168220520019531
ICA,Credit,4,None,0.0008020401000976562
ICA,Credit,6,None,0.008226394653320312
ICA,Credit,8,None,0.0008141994476318359
ICA,Credit,10,None,0.0008168220520019531
ICA,Facebook,2,None,0.0008113384246826172
ICA,Facebook,4,None,0.0007982254028320312
ICA,Facebook,6,None,0.0008199214935302734
ICA,Facebook,8,None,0.0008041858673095703
ICA,ForestFires,2,None,0.014889717102050781
ICA,ForestFires,4,None,0.0007195472717285156
ICA,HousePrice,2,None,0.0020852088928222656
ICA,HousePrice,11,None,0.00842905044555664
ICA,HousePrice,20,None,0.005383729934692383
ICA,HousePrice,29,None,0.00544428825378418
ICA,HousePrice,38,None,0.002282381057739258
ICA,HousePrice,47,None,0.002244234085083008
ICA,HousePrice,56,None,0.0023508071899414062
ICA,HousePrice,65,None,0.002350330352783203
ICA,HousePrice,74,None,0.0023539066314697266
ICA,HousePrice,83,None,0.0023391246795654297
ICA,HousePrice,92,None,0.0023415088653564453
ICA,OnlineNewsPopularity,2,None,0.0030410289764404297
ICA,OnlineNewsPopularity,4,None,0.0031011104583740234
ICA,OnlineNewsPopularity,6,None,0.0027666091918945312
ICA,OnlineNewsPopularity,8,None,0.0027894973754882812
ICA,OnlineNewsPopularity,10,None,0.0029332637786865234
ICA,OnlineNewsPopularity,12,None,0.007166624069213867
ICA,OnlineNewsPopularity,14,None,0.0030012130737304688
ICA,OnlineNewsPopularity,16,None,0.003000020980834961
ICA,OnlineNewsPopularity,18,None,0.003129720687866211
ICA,OnlineNewsPopularity,20,None,0.003149271011352539
ICA,OnlineNewsPopularity,22,None,0.0033016204833984375
ICA,PremiumPrice,2,None,0.0007691383361816406
ICA,PremiumPrice,4,None,0.0007009506225585938
ICA,WineQuality,2,None,0.0007297992706298828
ICA,WineQuality,4,None,0.0007140636444091797
Index(['dr_name', 'dataset_name', 'n_components', 'n_neighbors', 'RMSE', 'MAE',
       'MAE_percentage', 'R2', 'residuals_mean', 'residuals_var'],
      dtype='object')
[['ICA' 'Admission' 2 None 0.07800709466798102 0.06056859087969672
  0.09481311720268319 0.7337223070067473 0.011481535833198688
  0.00602863914273451]]
[['ICA' 'BankHappiness' 2 None 0.31017435022604284 0.17405001351968452
  411287725639729.94 -0.0006635808584674052 -0.008598427580692451
  0.09617375597823451]]
[['ICA' 'BankHappiness' 4 None 0.3003899371390509 0.17108802410705512
  409333698592184.94 0.06147230721590391 -0.010692654665751932
  0.09015686780042521]]
[['ICA' 'BankHappiness' 6 None 0.3038033991534796 0.1693850553339747
  397544206629848.1 0.04002131737952719 -0.007028718545620204
  0.09228506422337161]]
[['ICA' 'BankHappiness' 8 None 0.30285796422797945 0.1665748484736601
  387463130226013.7 0.04598691985248682 -0.004972125683418622
  0.0917359603573449]]
[['ICA' 'Credit' 2 None 9107.55370927253 6113.3100106251 1.20599105290654
  -0.0005001810473272972 -304.74163915719873 92060741.22294173]]
[['ICA' 'Credit' 4 None 9108.781070080515 6114.579239338861
  1.2062934163572283 -0.0007698599298349151 -305.23267034882394
  92085250.66623205]]
[['ICA' 'Credit' 6 None 9109.428269566213 6114.926229225414
  1.2062962461190838 -0.0009120789037810884 -304.9799172794195
  92098522.94269815]]
[['ICA' 'Credit' 8 None 9109.583507490075 6115.25169620273
  1.2063598877076838 -0.0009461931933820722 -305.12086851908134
  92101569.92836592]]
[['ICA' 'Credit' 10 None 9109.807334821773 6115.432735863047
  1.2063833033825553 -0.0009953813626966124 -305.02797838682926
  92106164.01108204]]
[['ICA' 'Facebook' 2 None 242.46827433510705 124.41192120462644
  1.455147829870601 0.051532924852124795 60.877992832983466
  55641.14550269896]]
[['ICA' 'Facebook' 4 None 246.35165657447698 125.8180885049665
  1.4696600318492599 0.020908251741856954 65.12876653355855
  57017.558047279075]]
[['ICA' 'Facebook' 6 None 250.75548058011978 128.75675461455964
  1.5019459080153195 -0.014409444694818863 67.52850126476247
  58907.285412022014]]
[['ICA' 'Facebook' 8 None 253.54763359615836 129.64622199792487
  1.4911396602901192 -0.037126042097544554 70.17333092775624
  59961.72336233877]]
[['ICA' 'ForestFires' 2 None 11.355591522598564 4.935281119231539
  2805199770497138.5 -0.1382130921198359 3.5573310291091036
  117.42393103742515]]
[['ICA' 'ForestFires' 4 None 11.301392835211646 4.952907111371688
  3242778183319834.0 -0.127373949608091 3.381013219745985
  117.41926097924566]]
[['ICA' 'HousePrice' 2 None 92613.38982824075 59949.12948564843
  0.3149519486946666 -0.0641810127566933 23140.470918480027
  8069393490.362238]]
[['ICA' 'HousePrice' 11 None 92662.19355800902 60048.963576406524
  0.31578271789097623 -0.06530287400840362 23053.393324978617
  8082502975.897739]]
[['ICA' 'HousePrice' 20 None 92672.43272545894 60063.83197321263
  0.3158996249166668 -0.0655383188376153 23042.82130046807
  8084896174.366556]]
[['ICA' 'HousePrice' 29 None 92675.63677688836 60070.17730656459
  0.3159587251532785 -0.0656119998340361 23033.22377403777
  8085935815.589136]]
[['ICA' 'HousePrice' 38 None 92677.03637437262 60073.64849668662
  0.3159914401430355 -0.06564418605228894 23028.10623057206
  8086432657.094569]]
[['ICA' 'HousePrice' 47 None 92677.84050007047 60075.52526969693
  0.3160080432009703 -0.06566267856404484 23025.992122365114
  8086679915.838097]]
[['ICA' 'HousePrice' 56 None 92678.5753247339 60076.69121534428
  0.316016493606336 -0.0656795774973673 23025.53424515061
  8086837746.765464]]
[['ICA' 'HousePrice' 65 None 92679.20826882224 60077.46156216872
  0.31602121734131006 -0.06569413356687037 23025.6315535929
  8086950974.477745]]
[['ICA' 'HousePrice' 74 None 92679.55692772001 60078.22175173983
  0.31602740096596293 -0.06570215185808825 23024.803438180894
  8087054089.669674]]
[['ICA' 'HousePrice' 83 None 92679.91492739087 60078.32036767863
  0.31602678083034696 -0.06571038499534332 23025.333330100235
  8087096190.88648]]
[['ICA' 'HousePrice' 92 None 92680.37805739671 60078.58225382331
  0.31602688680589797 -0.06572103592635448 23026.08690853872
  8087147509.190312]]
[['ICA' 'OnlineNewsPopularity' 2 None 7053.185773115175
  2195.9361363289486 0.6742630489757818 -0.0597134217299673
  1699.1526290954384 46866220.6284672]]
[['ICA' 'OnlineNewsPopularity' 4 None 7038.359227938376
  2178.7368373796044 0.66251922784875 -0.05526284424697625
  1680.0843095489722 46721709.84406721]]
[['ICA' 'OnlineNewsPopularity' 6 None 7034.220233955693 2172.506711711663
  0.6526813061216159 -0.05402208850452794 1679.6494743036283
  46664917.29038021]]
[['ICA' 'OnlineNewsPopularity' 8 None 7037.686790320471
  2174.4796857758383 0.6516916774677246 -0.055061216420627446
  1685.2818340580736 46694749.60799335]]
[['ICA' 'OnlineNewsPopularity' 10 None 7040.165700698093
  2174.476102962245 0.6513609363696002 -0.055804603528559316
  1689.842462529295 46714257.114940345]]
[['ICA' 'OnlineNewsPopularity' 12 None 7042.310901077387
  2173.041739668667 0.6475469117322529 -0.056448127445926755
  1691.3371148197205 46739416.334351584]]
[['ICA' 'OnlineNewsPopularity' 14 None 7041.481517078872
  2169.288151455507 0.6427913456502177 -0.05619930299364717
  1691.7391253136955 46726373.785213836]]
[['ICA' 'OnlineNewsPopularity' 16 None 7043.6924879427615
  2171.622394217906 0.6442894343755359 -0.056862683988447627
  1696.2214670789388 46742331.70989193]]
[['ICA' 'OnlineNewsPopularity' 18 None 7045.605582359221
  2172.826190543752 0.6436569251309087 -0.05743685802519405
  1700.8615106500893 46753524.665978454]]
[['ICA' 'OnlineNewsPopularity' 20 None 7045.842278171063
  2173.4100274229036 0.6460944263949631 -0.057507908008589625
  1701.371553189252 46755124.97090848]]
[['ICA' 'OnlineNewsPopularity' 22 None 7046.760208143896
  2174.5878930594045 0.6462517717150125 -0.0577834695097883
  1703.062531150738 46762305.0756678]]
[['ICA' 'PremiumPrice' 2 None 5873.563926664608 4494.912673197016
  0.20131023315429006 -0.017661264285513623 1178.3765515576151
  33278253.892712086]]
[['ICA' 'PremiumPrice' 4 None 5918.863479058711 4532.723655746309
  0.20253331166970434 -0.03341911444469603 1240.3645541641527
  33664463.197911754]]
[['ICA' 'WineQuality' 2 None 0.8051502786088045 0.6015653496795056
  0.10768111145793059 0.09274893611231616 0.0025573533907726504
  0.6489225970027792]]
[['ICA' 'WineQuality' 4 None 0.7249447020079282 0.5385989219724012
  0.09449292184046792 0.2644988574632683 0.060255465447902015
  0.5224472092502145]]
----------svd----------
Index(['dr_name', 'dataset_name', 'n_components', 'n_neighbors',
       'fit_transform_time'],
      dtype='object')
SVD,Admission,2,None,0.007960796356201172
SVD,BankHappiness,2,None,0.025022268295288086
SVD,BankHappiness,4,None,0.042850494384765625
SVD,BankHappiness,6,None,0.037143707275390625
SVD,BankHappiness,8,None,0.0655517578125
SVD,Credit,2,None,0.020412445068359375
SVD,Credit,4,None,0.007325410842895508
SVD,Credit,6,None,0.025229454040527344
SVD,Credit,8,None,0.005282163619995117
SVD,Credit,10,None,0.01816272735595703
SVD,Facebook,2,None,0.0024099349975585938
SVD,Facebook,4,None,0.002021312713623047
SVD,Facebook,6,None,0.002036571502685547
SVD,Facebook,8,None,0.0021209716796875
SVD,ForestFires,2,None,0.0018312931060791016
SVD,ForestFires,4,None,0.0017402172088623047
SVD,HousePrice,2,None,0.04066014289855957
SVD,HousePrice,11,None,0.04830002784729004
SVD,HousePrice,20,None,0.056903839111328125
SVD,HousePrice,29,None,0.06036376953125
SVD,HousePrice,38,None,0.5041708946228027
SVD,HousePrice,47,None,0.6292831897735596
SVD,HousePrice,56,None,0.6394929885864258
SVD,HousePrice,65,None,1.009570598602295
SVD,HousePrice,74,None,0.17844557762145996
SVD,HousePrice,83,None,0.3157048225402832
SVD,HousePrice,92,None,0.4965686798095703
SVD,OnlineNewsPopularity,2,None,0.14606070518493652
SVD,OnlineNewsPopularity,4,None,0.15962576866149902
SVD,OnlineNewsPopularity,6,None,0.16114187240600586
SVD,OnlineNewsPopularity,8,None,0.17359447479248047
SVD,OnlineNewsPopularity,10,None,0.20479679107666016
SVD,OnlineNewsPopularity,12,None,0.18471932411193848
SVD,OnlineNewsPopularity,14,None,0.24952983856201172
SVD,OnlineNewsPopularity,16,None,0.38884687423706055
SVD,OnlineNewsPopularity,18,None,0.3792908191680908
SVD,OnlineNewsPopularity,20,None,0.335798978805542
SVD,OnlineNewsPopularity,22,None,0.4471561908721924
SVD,PremiumPrice,2,None,0.021594524383544922
SVD,PremiumPrice,4,None,0.0161435604095459
SVD,WineQuality,2,None,0.012002944946289062
SVD,WineQuality,4,None,0.011994123458862305
Index(['dr_name', 'dataset_name', 'n_components', 'n_neighbors',
       'transform_time'],
      dtype='object')
SVD,Admission,2,None,0.0008635520935058594
SVD,BankHappiness,2,None,0.0009932518005371094
SVD,BankHappiness,4,None,0.0009715557098388672
SVD,BankHappiness,6,None,0.0010194778442382812
SVD,BankHappiness,8,None,0.0011141300201416016
SVD,Credit,2,None,0.0010347366333007812
SVD,Credit,4,None,0.0010385513305664062
SVD,Credit,6,None,0.0010218620300292969
SVD,Credit,8,None,0.001033782958984375
SVD,Credit,10,None,0.0010263919830322266
SVD,Facebook,2,None,0.0007586479187011719
SVD,Facebook,4,None,0.0007410049438476562
SVD,Facebook,6,None,0.0007371902465820312
SVD,Facebook,8,None,0.0007357597351074219
SVD,ForestFires,2,None,0.0006792545318603516
SVD,ForestFires,4,None,0.0006616115570068359
SVD,HousePrice,2,None,0.02405095100402832
SVD,HousePrice,11,None,0.011677742004394531
SVD,HousePrice,20,None,0.002420186996459961
SVD,HousePrice,29,None,0.003902435302734375
SVD,HousePrice,38,None,0.002053976058959961
SVD,HousePrice,47,None,0.0020613670349121094
SVD,HousePrice,56,None,0.0021200180053710938
SVD,HousePrice,65,None,0.002162456512451172
SVD,HousePrice,74,None,0.0021567344665527344
SVD,HousePrice,83,None,0.0021491050720214844
SVD,HousePrice,92,None,0.002104520797729492
SVD,OnlineNewsPopularity,2,None,0.002116680145263672
SVD,OnlineNewsPopularity,4,None,0.002006053924560547
SVD,OnlineNewsPopularity,6,None,0.0021708011627197266
SVD,OnlineNewsPopularity,8,None,0.002215862274169922
SVD,OnlineNewsPopularity,10,None,0.002208709716796875
SVD,OnlineNewsPopularity,12,None,0.0024309158325195312
SVD,OnlineNewsPopularity,14,None,0.002461671829223633
SVD,OnlineNewsPopularity,16,None,0.0024313926696777344
SVD,OnlineNewsPopularity,18,None,0.002541065216064453
SVD,OnlineNewsPopularity,20,None,0.002476215362548828
SVD,OnlineNewsPopularity,22,None,0.002512693405151367
SVD,PremiumPrice,2,None,0.0006785392761230469
SVD,PremiumPrice,4,None,0.0006639957427978516
SVD,WineQuality,2,None,0.0006957054138183594
SVD,WineQuality,4,None,0.0006895065307617188
Index(['dr_name', 'dataset_name', 'n_components', 'n_neighbors', 'RMSE', 'MAE',
       'MAE_percentage', 'R2', 'residuals_mean', 'residuals_var'],
      dtype='object')
[['SVD' 'Admission' 2 None 0.07539297620562263 0.058155070963854305
  0.09086976944224104 0.7512698939919271 0.008690409245176143
  0.005679572302068797]]
[['SVD' 'BankHappiness' 2 None 0.31017691932166785 0.17403777395221995
  411223931115561.6 -0.0006801574133787902 -0.008582336688326319
  0.09617562694342349]]
[['SVD' 'BankHappiness' 4 None 0.30691612428589155 0.17238773532293852
  406456877874111.7 0.02024893923761306 -0.008115378410299084
  0.09417038528362591]]
[['SVD' 'BankHappiness' 6 None 0.30494879446990353 0.17009829503008736
  397814793310059.75 0.03276907561003484 -0.0065636390490099745
  0.0929889372021481]]
[['SVD' 'BankHappiness' 8 None 0.3020929256098223 0.1668640500095659
  388856818722908.0 0.05080062860088752 -0.00568722192229255
  0.09126533351121782]]
[['SVD' 'Credit' 2 None 9105.027877605431 6110.640922113173
  1.2052133485162493 5.4686856077346135e-05 -303.63005029346294
  92010379.38281205]]
[['SVD' 'Credit' 4 None 9105.134924924483 6110.986598222704
  1.205319320106664 3.117411220632249e-05 -303.9047880191938
  92012359.86766513]]
[['SVD' 'Credit' 6 None 9105.16463920065 6111.086490783458
  1.2053502531807134 2.4647377879327692e-05 -303.9852039738045
  92012906.78079435]]
[['SVD' 'Credit' 8 None 9105.178635229715 6111.133993721437
  1.2053650052019576 2.157314574624536e-05 -304.02356862415616
  92013164.0546274]]
[['SVD' 'Credit' 10 None 9105.186786800148 6111.16176330596
  1.2053736404656266 1.9782648589594665e-05 -304.0460262967452
  92013313.81823689]]
[['SVD' 'Facebook' 2 None 259.6452338867164 133.7769408456981
  1.5822742093921534 -0.08760983544010115 73.9672794491677
  62570.19096058226]]
[['SVD' 'Facebook' 4 None 259.67091076219765 133.80231625836635
  1.5826712610138978 -0.08782495822707181 73.97344684032304
  62582.73844306173]]
[['SVD' 'Facebook' 6 None 259.6760084134788 133.80761385935034
  1.5827492271832775 -0.08786766926241008 73.97375201529648
  62585.36702862276]]
[['SVD' 'Facebook' 8 None 259.6774335682569 133.809995129691
  1.5828191416022404 -0.08787961017347601 73.97164119762051
  62586.43010416868]]
[['SVD' 'ForestFires' 2 None 11.337853918690366 4.911016946012477
  2784892725645776.0 -0.13466005746623555 3.5695549551653656
  116.92953132015684]]
[['SVD' 'ForestFires' 4 None 11.385995555544595 4.866570470453947
  2399747306234616.5 -0.144316269848058 3.7063740447505897
  117.02896473838024]]
[['SVD' 'HousePrice' 2 None 92555.66638057711 59877.61175501343
  0.31444824312472547 -0.06285487506034815 23169.771642549727
  8057306576.858966]]
[['SVD' 'HousePrice' 11 None 92622.680486641 59993.18889150257
  0.3153534743893671 -0.06439453346241408 23087.990519880535
  8073554794.539566]]
[['SVD' 'HousePrice' 20 None 92636.17809524896 60012.73150104779
  0.31550441678063973 -0.0647047777255747 23075.481487003723
  8076643383.853571]]
[['SVD' 'HousePrice' 29 None 92641.28240773239 60020.445992975256
  0.3155672602594117 -0.0648221127824482 23068.616051149827
  8077910235.783806]]
[['SVD' 'HousePrice' 38 None 92643.98682796783 60024.63750397427
  0.3156010811671502 -0.06488428308983507 23065.405197840508
  8078561685.582516]]
[['SVD' 'HousePrice' 47 None 92645.43335084816 60027.34023236485
  0.3156242439792688 -0.0649175370884747 23062.566692345707
  8078962016.466139]]
[['SVD' 'HousePrice' 56 None 92646.6366855777 60029.24234955697
  0.3156394397122523 -0.06494520084981192 23061.121878238926
  8079252620.223368]]
[['SVD' 'HousePrice' 65 None 92647.47496027271 60030.57176481629
  0.31565012579716434 -0.06496447236757175 23060.10372069325
  8079455601.403186]]
[['SVD' 'HousePrice' 74 None 92648.15033334192 60031.61504087569
  0.31565850180285376 -0.06497999898491735 23059.306708236523
  8079618059.185226]]
[['SVD' 'HousePrice' 83 None 92648.61763016178 60032.34159531822
  0.31566448868067076 -0.06499074206008926 23058.6741363548
  8079734218.519491]]
[['SVD' 'HousePrice' 92 None 92649.02046469475 60032.87021545229
  0.3156685411071145 -0.06500000320163313 23058.387420349187
  8079822387.254393]]
[['SVD' 'OnlineNewsPopularity' 2 None 7052.855655522198 2195.839930199532
  0.6741591678975394 -0.059614226311457186 1699.0863689079497
  46861788.58501123]]
[['SVD' 'OnlineNewsPopularity' 4 None 7036.883484444157 2182.017695814577
  0.6698319619888644 -0.05482037350451652 1678.8309082702829
  46705146.37586074]]
[['SVD' 'OnlineNewsPopularity' 6 None 7033.503793681825 2175.398667223011
  0.6593562106965064 -0.05380739365771636 1677.6172968434907
  46661660.75747346]]
[['SVD' 'OnlineNewsPopularity' 8 None 7033.987712259301
  2173.0851671924393 0.6542438911497348 -0.05395240659375511
  1679.0411771696981 46663689.05379604]]
[['SVD' 'OnlineNewsPopularity' 10 None 7037.532925401028
  2173.699256515138 0.6522358479826429 -0.055015083326238834
  1684.666599584597 46694657.22224422]]
[['SVD' 'OnlineNewsPopularity' 12 None 7038.722830193201
  2172.358165601074 0.649247654598535 -0.05537187700533863
  1687.9162365337083 46700447.68691487]]
[['SVD' 'OnlineNewsPopularity' 14 None 7038.200271691584
  2168.3102599128915 0.6431629803052407 -0.055215180090738114
  1688.4962803646615 46691132.02893585]]
[['SVD' 'OnlineNewsPopularity' 16 None 7039.178655566775
  2169.377151709401 0.6436666159915767 -0.05550857250209784
  1689.8137300300032 46700455.53196439]]
[['SVD' 'OnlineNewsPopularity' 18 None 7040.425418795198
  2170.1673698144896 0.6437987513158148 -0.055882504144015854
  1692.790291419891 46707941.88024062]]
[['SVD' 'OnlineNewsPopularity' 20 None 7040.7171992019785
  2170.6343555529006 0.6445632929610751 -0.05597002505144211
  1693.1945518333769 46710682.0077118]]
[['SVD' 'OnlineNewsPopularity' 22 None 7041.034309864886
  2170.6839402303085 0.6447548176560645 -0.056065148001600784
  1694.1627961297352 46711867.84139238]]
[['SVD' 'PremiumPrice' 2 None 5959.6697047723355 4565.328486177151
  0.20356160185050906 -0.047717568593345305 1294.5185167706125
  34013671.016976655]]
[['SVD' 'PremiumPrice' 4 None 5960.269245271848 4564.935382545098
  0.20349144283779205 -0.04792837917222692 1301.283956713463
  34003202.88805306]]
[['SVD' 'WineQuality' 2 None 0.799139218768923 0.5995921357036013
  0.10740786727972249 0.10624500799714065 -0.002543571015119992
  0.6392693368709639]]
[['SVD' 'WineQuality' 4 None 0.7230702089316143 0.5392048481643313
  0.09473122067013712 0.2682975178311944 0.05422158993419811
  0.5204215886668312]]
----------lpp----------
Index(['dr_name', 'dataset_name', 'n_components', 'n_neighbors',
       'fit_transform_time'],
      dtype='object')
LPP,Admission,2,5,0.02460193634033203
LPP,Admission,2,6,0.004536867141723633
LPP,Admission,2,17,0.0046694278717041016
LPP,BankHappiness,2,8,0.8997335433959961
LPP,BankHappiness,2,19,0.7963426113128662
LPP,BankHappiness,2,87,0.9297311305999756
LPP,BankHappiness,4,8,0.7049596309661865
LPP,BankHappiness,4,19,0.7523677349090576
LPP,BankHappiness,4,87,0.8783266544342041
LPP,BankHappiness,6,8,0.7276101112365723
LPP,BankHappiness,6,19,0.7897610664367676
LPP,BankHappiness,6,87,0.8850526809692383
LPP,BankHappiness,8,8,0.714210033416748
LPP,BankHappiness,8,19,0.7628200054168701
LPP,BankHappiness,8,87,0.8648512363433838
LPP,Credit,2,3,0.051163434982299805
LPP,Credit,2,3,0.002415895462036133
LPP,Credit,2,6,0.0023016929626464844
LPP,Credit,4,3,0.003109455108642578
LPP,Credit,4,3,0.004063844680786133
LPP,Credit,4,6,0.002432584762573242
LPP,Credit,6,3,0.0023272037506103516
LPP,Credit,6,3,0.002717256546020508
LPP,Credit,6,6,0.002600431442260742
LPP,Credit,8,3,0.0022826194763183594
LPP,Credit,8,3,0.0022826194763183594
LPP,Credit,8,6,0.0023300647735595703
LPP,Credit,10,3,0.002632617950439453
LPP,Credit,10,3,0.002294301986694336
LPP,Credit,10,6,0.002270936965942383
LPP,Facebook,2,5,0.029200315475463867
LPP,Facebook,2,7,0.05779910087585449
LPP,Facebook,2,20,0.07324838638305664
LPP,Facebook,4,5,0.0764760971069336
LPP,Facebook,4,7,0.07376217842102051
LPP,Facebook,4,20,0.08459973335266113
LPP,Facebook,6,5,0.07094907760620117
LPP,Facebook,6,7,0.07627272605895996
LPP,Facebook,6,20,0.08293366432189941
LPP,Facebook,8,5,0.07863593101501465
LPP,Facebook,8,7,0.08070755004882812
LPP,Facebook,8,20,0.07475042343139648
LPP,ForestFires,2,6,0.03062891960144043
LPP,ForestFires,2,7,0.01812148094177246
LPP,ForestFires,2,20,0.02145242691040039
LPP,ForestFires,4,6,0.019614458084106445
LPP,ForestFires,4,7,0.02194666862487793
LPP,ForestFires,4,20,0.02225470542907715
LPP,HousePrice,2,7,0.18720650672912598
LPP,HousePrice,2,10,0.16599059104919434
LPP,HousePrice,2,34,0.17364192008972168
LPP,HousePrice,11,7,0.1573948860168457
LPP,HousePrice,11,10,0.1370832920074463
LPP,HousePrice,11,34,0.14028334617614746
LPP,HousePrice,20,7,0.1449575424194336
LPP,HousePrice,20,10,0.12343478202819824
LPP,HousePrice,20,34,0.21975970268249512
LPP,HousePrice,29,7,0.13919568061828613
LPP,HousePrice,29,10,0.15790963172912598
LPP,HousePrice,29,34,0.17435979843139648
LPP,HousePrice,38,7,0.16329574584960938
LPP,HousePrice,38,10,0.1647181510925293
LPP,HousePrice,38,34,0.17742180824279785
LPP,HousePrice,47,7,0.14153718948364258
LPP,HousePrice,47,10,0.16908788681030273
LPP,HousePrice,47,34,0.15097880363464355
LPP,HousePrice,56,7,0.22011399269104004
LPP,HousePrice,56,10,0.22991347312927246
LPP,HousePrice,56,34,0.19596481323242188
LPP,HousePrice,65,7,0.16996479034423828
LPP,HousePrice,65,10,0.16912627220153809
LPP,HousePrice,65,34,0.15039396286010742
LPP,HousePrice,74,7,0.1607654094696045
LPP,HousePrice,74,10,0.15381598472595215
LPP,HousePrice,74,34,0.18806886672973633
LPP,HousePrice,83,7,0.2020399570465088
LPP,HousePrice,83,10,0.1510477066040039
LPP,HousePrice,83,34,0.16139626502990723
LPP,HousePrice,92,7,0.17339229583740234
LPP,HousePrice,92,10,0.14656782150268555
LPP,HousePrice,92,34,0.20648550987243652
LPP,OnlineNewsPopularity,2,10,22.813658237457275
LPP,OnlineNewsPopularity,2,31,22.089064836502075
LPP,OnlineNewsPopularity,2,178,22.381694555282593
LPP,OnlineNewsPopularity,4,10,21.732075452804565
LPP,OnlineNewsPopularity,4,31,21.890069484710693
LPP,OnlineNewsPopularity,4,178,21.821754217147827
LPP,OnlineNewsPopularity,6,10,21.535622358322144
LPP,OnlineNewsPopularity,6,31,20.597809076309204
LPP,OnlineNewsPopularity,6,178,22.1147563457489
LPP,OnlineNewsPopularity,8,10,19.78580331802368
LPP,OnlineNewsPopularity,8,31,21.257405757904053
LPP,OnlineNewsPopularity,8,178,22.635836362838745
LPP,OnlineNewsPopularity,10,10,19.79634428024292
LPP,OnlineNewsPopularity,10,31,21.78126573562622
LPP,OnlineNewsPopularity,10,178,22.01784658432007
LPP,OnlineNewsPopularity,12,10,20.854593515396118
LPP,OnlineNewsPopularity,12,31,20.25059175491333
LPP,OnlineNewsPopularity,12,178,21.79907989501953
LPP,OnlineNewsPopularity,14,10,20.119354724884033
LPP,OnlineNewsPopularity,14,31,20.264991521835327
LPP,OnlineNewsPopularity,14,178,21.777897119522095
LPP,OnlineNewsPopularity,16,10,19.688272953033447
LPP,OnlineNewsPopularity,16,31,19.918784618377686
LPP,OnlineNewsPopularity,16,178,21.543717622756958
LPP,OnlineNewsPopularity,18,10,19.866069316864014
LPP,OnlineNewsPopularity,18,31,20.41660213470459
LPP,OnlineNewsPopularity,18,178,22.103384256362915
LPP,OnlineNewsPopularity,20,10,19.938366651535034
LPP,OnlineNewsPopularity,20,31,20.575089693069458
LPP,OnlineNewsPopularity,20,178,21.16870665550232
LPP,OnlineNewsPopularity,22,10,19.706947803497314
LPP,OnlineNewsPopularity,22,31,20.07697582244873
LPP,OnlineNewsPopularity,22,178,21.35060715675354
LPP,PremiumPrice,2,6,0.04635334014892578
LPP,PremiumPrice,2,9,0.04040932655334473
LPP,PremiumPrice,2,28,0.07043266296386719
LPP,PremiumPrice,4,6,0.13535213470458984
LPP,PremiumPrice,4,9,0.019179582595825195
LPP,PremiumPrice,4,28,0.16019082069396973
LPP,WineQuality,2,8,0.33590006828308105
LPP,WineQuality,2,15,0.3658580780029297
LPP,WineQuality,2,62,0.4645364284515381
LPP,WineQuality,4,8,0.35108065605163574
LPP,WineQuality,4,15,0.38367128372192383
LPP,WineQuality,4,62,0.4620349407196045
Index(['dr_name', 'dataset_name', 'n_components', 'n_neighbors',
       'transform_time'],
      dtype='object')
LPP,Admission,2,5,0.002691507339477539
LPP,Admission,2,6,0.000885009765625
LPP,Admission,2,17,0.0008556842803955078
LPP,BankHappiness,2,8,0.010154008865356445
LPP,BankHappiness,2,19,0.0013637542724609375
LPP,BankHappiness,2,87,0.00098419189453125
LPP,BankHappiness,4,8,0.0014019012451171875
LPP,BankHappiness,4,19,0.0013232231140136719
LPP,BankHappiness,4,87,0.0011839866638183594
LPP,BankHappiness,6,8,0.0025506019592285156
LPP,BankHappiness,6,19,0.001565694808959961
LPP,BankHappiness,6,87,0.0013289451599121094
LPP,BankHappiness,8,8,0.010533571243286133
LPP,BankHappiness,8,19,0.001527547836303711
LPP,BankHappiness,8,87,0.002283334732055664
LPP,Credit,2,3,0.0017995834350585938
LPP,Credit,2,3,0.0006933212280273438
LPP,Credit,2,6,0.0008363723754882812
LPP,Credit,4,3,0.0007646083831787109
LPP,Credit,4,3,0.0006966590881347656
LPP,Credit,4,6,0.0009617805480957031
LPP,Credit,6,3,0.0009491443634033203
LPP,Credit,6,3,0.0006933212280273438
LPP,Credit,6,6,0.0009007453918457031
LPP,Credit,8,3,0.0007946491241455078
LPP,Credit,8,3,0.0006992816925048828
LPP,Credit,8,6,0.0008251667022705078
LPP,Credit,10,3,0.0009157657623291016
LPP,Credit,10,3,0.0006952285766601562
LPP,Credit,10,6,0.0008361339569091797
LPP,Facebook,2,5,0.002462148666381836
LPP,Facebook,2,7,0.0008211135864257812
LPP,Facebook,2,20,0.0008203983306884766
LPP,Facebook,4,5,0.0008616447448730469
LPP,Facebook,4,7,0.0007870197296142578
LPP,Facebook,4,20,0.0007710456848144531
LPP,Facebook,6,5,0.0008330345153808594
LPP,Facebook,6,7,0.0008807182312011719
LPP,Facebook,6,20,0.0008814334869384766
LPP,Facebook,8,5,0.0009679794311523438
LPP,Facebook,8,7,0.001003265380859375
LPP,Facebook,8,20,0.001131296157836914
LPP,ForestFires,2,6,0.0013384819030761719
LPP,ForestFires,2,7,0.0008137226104736328
LPP,ForestFires,2,20,0.0007882118225097656
LPP,ForestFires,4,6,0.0007708072662353516
LPP,ForestFires,4,7,0.000701904296875
LPP,ForestFires,4,20,0.0006940364837646484
LPP,HousePrice,2,7,0.013498067855834961
LPP,HousePrice,2,10,0.0016658306121826172
LPP,HousePrice,2,34,0.0017511844635009766
LPP,HousePrice,11,7,0.01353907585144043
LPP,HousePrice,11,10,0.018904924392700195
LPP,HousePrice,11,34,0.01909041404724121
LPP,HousePrice,20,7,0.014815568923950195
LPP,HousePrice,20,10,0.015012502670288086
LPP,HousePrice,20,34,0.018724679946899414
LPP,HousePrice,29,7,0.02287745475769043
LPP,HousePrice,29,10,0.019098997116088867
LPP,HousePrice,29,34,0.022355318069458008
LPP,HousePrice,38,7,0.02266407012939453
LPP,HousePrice,38,10,0.022788047790527344
LPP,HousePrice,38,34,0.02660989761352539
LPP,HousePrice,47,7,0.0265195369720459
LPP,HousePrice,47,10,0.02983379364013672
LPP,HousePrice,47,34,0.03104877471923828
LPP,HousePrice,56,7,0.025086641311645508
LPP,HousePrice,56,10,0.03484535217285156
LPP,HousePrice,56,34,0.02210068702697754
LPP,HousePrice,65,7,0.03557443618774414
LPP,HousePrice,65,10,0.02922844886779785
LPP,HousePrice,65,34,0.026477336883544922
LPP,HousePrice,74,7,0.027248144149780273
LPP,HousePrice,74,10,0.02248692512512207
LPP,HousePrice,74,34,0.01950359344482422
LPP,HousePrice,83,7,0.02300572395324707
LPP,HousePrice,83,10,0.02982640266418457
LPP,HousePrice,83,34,0.02978229522705078
LPP,HousePrice,92,7,0.041642189025878906
LPP,HousePrice,92,10,0.02926158905029297
LPP,HousePrice,92,34,0.021066904067993164
LPP,OnlineNewsPopularity,2,10,0.06692004203796387
LPP,OnlineNewsPopularity,2,31,0.009873628616333008
LPP,OnlineNewsPopularity,2,178,0.001775979995727539
LPP,OnlineNewsPopularity,4,10,0.001764059066772461
LPP,OnlineNewsPopularity,4,31,0.014682531356811523
LPP,OnlineNewsPopularity,4,178,0.019025802612304688
LPP,OnlineNewsPopularity,6,10,0.017672061920166016
LPP,OnlineNewsPopularity,6,31,0.0047969818115234375
LPP,OnlineNewsPopularity,6,178,0.022924184799194336
LPP,OnlineNewsPopularity,8,10,0.015131235122680664
LPP,OnlineNewsPopularity,8,31,0.022683382034301758
LPP,OnlineNewsPopularity,8,178,0.019321918487548828
LPP,OnlineNewsPopularity,10,10,0.0077610015869140625
LPP,OnlineNewsPopularity,10,31,0.005038022994995117
LPP,OnlineNewsPopularity,10,178,0.004950761795043945
LPP,OnlineNewsPopularity,12,10,0.006515026092529297
LPP,OnlineNewsPopularity,12,31,0.014793157577514648
LPP,OnlineNewsPopularity,12,178,0.0033452510833740234
LPP,OnlineNewsPopularity,14,10,0.004863739013671875
LPP,OnlineNewsPopularity,14,31,0.013719797134399414
LPP,OnlineNewsPopularity,14,178,0.011162519454956055
LPP,OnlineNewsPopularity,16,10,0.007729053497314453
LPP,OnlineNewsPopularity,16,31,0.0021886825561523438
LPP,OnlineNewsPopularity,16,178,0.015796661376953125
LPP,OnlineNewsPopularity,18,10,0.0023622512817382812
LPP,OnlineNewsPopularity,18,31,0.0027420520782470703
LPP,OnlineNewsPopularity,18,178,0.0024874210357666016
LPP,OnlineNewsPopularity,20,10,0.002412557601928711
LPP,OnlineNewsPopularity,20,31,0.0023941993713378906
LPP,OnlineNewsPopularity,20,178,0.0025720596313476562
LPP,OnlineNewsPopularity,22,10,0.002354145050048828
LPP,OnlineNewsPopularity,22,31,0.01967906951904297
LPP,OnlineNewsPopularity,22,178,0.004690647125244141
LPP,PremiumPrice,2,6,0.002460479736328125
LPP,PremiumPrice,2,9,0.0005960464477539062
LPP,PremiumPrice,2,28,0.0005853176116943359
LPP,PremiumPrice,4,6,0.004583835601806641
LPP,PremiumPrice,4,9,0.002154111862182617
LPP,PremiumPrice,4,28,0.0020265579223632812
LPP,WineQuality,2,8,0.0026421546936035156
LPP,WineQuality,2,15,0.00205230712890625
LPP,WineQuality,2,62,0.0023224353790283203
LPP,WineQuality,4,8,0.0006372928619384766
LPP,WineQuality,4,15,0.00063323974609375
LPP,WineQuality,4,62,0.0049533843994140625
Index(['dr_name', 'dataset_name', 'n_components', 'n_neighbors', 'RMSE', 'MAE',
       'MAE_percentage', 'R2', 'residuals_mean', 'residuals_var'],
      dtype='object')
[['LPP' 'Admission' 2 5 0.07490654022985166 0.05945728399932254
  0.09072337699012005 0.7544691563012442 0.014936276269486126
  0.0054560986535776915]]
[['LPP' 'Admission' 2 6 0.07588535032559006 0.05980603649872478
  0.09139425984074809 0.7480104876327027 0.013815909465388207
  0.005638184343981498]]
[['LPP' 'Admission' 2 17 0.0755984086975257 0.06008293700059233
  0.09232379919982978 0.7499125563848841 0.0136201439098459
  0.005599606154403257]]
[['LPP' 'BankHappiness' 2 8 0.3101894759492164 0.17402282796003138
  411128995306579.7 -0.0007611784151468903 -0.008555122712117629
  0.09618388642917214]]
[['LPP' 'BankHappiness' 2 19 0.31018386972388756 0.1738198450581335
  410118487681494.75 -0.0007250041255539852 -0.008309350081244078
  0.09618455357668836]]
[['LPP' 'BankHappiness' 2 87 0.310184424434751 0.1738386765769386
  410212217434073.9 -0.0007285833801942143 -0.008332142934201326
  0.09618451838013896]]
[['LPP' 'BankHappiness' 4 8 0.3064671643674096 0.17309966973780622
  411361060994811.4 0.02311322168665142 -0.0095813388024629
  0.09386893408288667]]
[['LPP' 'BankHappiness' 4 19 0.30651931868475696 0.17311586248154798
  411361267469241.0 0.02278070189863113 -0.009565237751787478
  0.09390122553765094]]
[['LPP' 'BankHappiness' 4 87 0.3065307124328536 0.1730977778457124
  411292712241609.7 0.02270805135574061 -0.009552877750753213
  0.09390844974690624]]
[['LPP' 'BankHappiness' 6 8 0.3064553495314812 0.17299509455523815
  410624684620503.06 0.02318854156343475 -0.009358897182812138
  0.09386590435442829]]
[['LPP' 'BankHappiness' 6 19 0.30645455617973655 0.17298105616800208
  410688826935870.25 0.023193599096760775 -0.009401420480197613
  0.0938646198223217]]
[['LPP' 'BankHappiness' 6 87 0.30631150391410084 0.17293550748181274
  410930189812637.75 0.02410532810898991 -0.009554155815617775
  0.0937740297983069]]
[['LPP' 'BankHappiness' 8 8 0.3045830082908669 0.1723035227202806
  409894714022683.9 0.0350880715795896 -0.009680827333458136
  0.09271522924203333]]
[['LPP' 'BankHappiness' 8 19 0.3048717580897659 0.17230630041545744
  409487430862562.06 0.03325769900445452 -0.009508166931249472
  0.09289459614590874]]
[['LPP' 'BankHappiness' 8 87 0.30514743398829175 0.17225310703503388
  408772627786787.56 0.03150858293709902 -0.00924669092645161
  0.09306773890295966]]
[['LPP' 'Credit' 2 3 9104.937734879084 6111.495015801163
  1.205564808969519 7.448632330375737e-05 -305.0056189342784
  92007625.2538262]]
[['LPP' 'Credit' 2 6 9110.402820347737 6116.17 1.2065679717468742
  -0.0011262508138998317 -305.57000000000005 92117851.69344443]]
[['LPP' 'Credit' 4 3 9108.441505582485 6114.569771875699
  1.2061176168278975 -0.0006952463062632752 -306.2037584106649
  92077717.68772542]]
[['LPP' 'Credit' 4 6 9106.279716598809 6112.13207205212
  1.2054467326173293 -0.00022029452855010234 -304.5799378449863
  92035068.15377912]]
[['LPP' 'Credit' 6 3 9108.868998299598 6115.480893135567
  1.2064216961721361 -0.0007891811398930137 -306.6565833369674
  92086062.40897734]]
[['LPP' 'Credit' 6 6 9109.01133828263 6114.042347458725
  1.2059381385226697 -0.0008204591016474083 -304.52579254530303
  92090390.6695957]]
[['LPP' 'Credit' 8 3 9109.45982772457 6114.84963688277 1.2061466220450545
  -0.0009190139156534105 -304.98686910866144 92099157.06955452]]
[['LPP' 'Credit' 8 6 9109.466331834166 6114.577226136111
  1.2060103563611608 -0.0009204432186882272 -304.66120912251824
  92099509.33164024]]
[['LPP' 'Credit' 10 3 9109.88354718563 6115.167464760785
  1.2062012307947603 -0.0010121300249967824 -304.91866417386734
  92107780.94613542]]
[['LPP' 'Credit' 10 6 9110.03710019098 6115.4950003428185
  1.206307458934635 -0.0010458757288998033 -305.25514448423894
  92110661.40402447]]
[['LPP' 'Facebook' 2 5 255.87984135466925 132.06674741753986
  1.5869541456068337 -0.056293389580277964 68.93787974125438
  61335.41610956673]]
[['LPP' 'Facebook' 2 7 248.51472507061266 131.77907049280168
  1.6692014779915914 0.0036391145447675077 64.30236478143519
  58206.84288933073]]
[['LPP' 'Facebook' 2 20 248.56229135319813 130.32518991631517
  1.5761773094222875 0.0032576665721963938 66.4334875371768
  57949.297390302956]]
[['LPP' 'Facebook' 4 5 249.75198365978702 126.36025077186196
  1.3893177251906312 -0.00630657193838946 69.70145471877872
  58098.74803240865]]
[['LPP' 'Facebook' 4 7 250.32873776241365 126.39028371219223
  1.380004103424695 -0.010959680886533985 71.09833635396144
  58191.41769436587]]
[['LPP' 'Facebook' 4 20 249.9365826157914 126.01828467603255
  1.358335051426059 -0.007794702613855398 70.71589007233555
  58048.03860700775]]
[['LPP' 'Facebook' 6 5 251.30800193945444 127.47963454905376
  1.4416522113998438 -0.018884723763707312 69.70584063309988
  58885.664263064355]]
[['LPP' 'Facebook' 6 7 251.99454794780522 127.47755882773976
  1.4279789172425228 -0.024459291456023546 70.75669864431947
  59085.59777007641]]
[['LPP' 'Facebook' 6 20 252.70862534779363 127.95049722202009
  1.4265553364917236 -0.030273541969590534 70.87118069728317
  59433.25764822685]]
[['LPP' 'Facebook' 8 5 253.18932101477867 129.34850236686404
  1.4858642582928414 -0.034196787965685926 69.79324673816566
  59832.055541081]]
[['LPP' 'Facebook' 8 7 253.17884445164333 129.24173812320836
  1.4769554164760643 -0.0341112029675803 70.02946018509645
  59793.33533742769]]
[['LPP' 'Facebook' 8 20 253.85545497570206 129.9022894429533
  1.4858016210004823 -0.039645831836130796 70.02514268907328
  60140.47617403598]]
[['LPP' 'ForestFires' 2 6 11.30438051050003 4.957934842848355
  2975985135741389.5 -0.12797010134925046 3.5020317012801767
  116.6463926184249]]
[['LPP' 'ForestFires' 2 7 11.299525339110257 4.995622116834749
  3155102983771055.5 -0.1270013950856539 3.4332351526404135
  117.01733596786764]]
[['LPP' 'ForestFires' 2 20 11.316534428431869 4.974347422754129
  3053844259815314.0 -0.13039688197468347 3.4692374150839744
  117.15483199686591]]
[['LPP' 'ForestFires' 4 6 11.350414642250387 5.023057092950086
  3082866513961163.0 -0.13717553280984363 3.5093417073499373
  117.64766084014452]]
[['LPP' 'ForestFires' 4 7 11.358695406011313 5.004155697714011
  3019417600846340.5 -0.13883540467135536 3.5183108223042043
  117.77389154909481]]
[['LPP' 'ForestFires' 4 20 11.423933064531694 4.985155007749115
  2823219078757538.5 -0.15195457123353084 3.606889505877497
  118.63733839369219]]
[['LPP' 'HousePrice' 2 7 92680.72972560575 60082.66281703247
  0.31606512724026753 -0.0657291235264903 23020.939516476974
  8087450755.411858]]
[['LPP' 'HousePrice' 2 10 92679.17093955677 60082.54532350065
  0.316072627459719 -0.06569327508799572 23014.69769180875
  8087449159.896515]]
[['LPP' 'HousePrice' 2 34 92679.41238610126 60082.94954088723
  0.3160764953875307 -0.06569882775514424 23014.831237827006
  8087487899.696185]]
[['LPP' 'HousePrice' 11 7 92680.72884265905 60082.3117514695
  0.31606146281785463 -0.06572910322060777 23021.236621029453
  8087436864.836973]]
[['LPP' 'HousePrice' 11 10 92679.25606463283 60082.51865917781
  0.31607166427672956 -0.06569523275036637 23015.088099272438
  8087446960.643095]]
[['LPP' 'HousePrice' 11 34 92679.5246257109 60083.0487173946
  0.3160772359732828 -0.06570140899060473 23014.61655246164
  8087518691.611498]]
[['LPP' 'HousePrice' 20 7 92678.73167214068 60083.767123282974
  0.3160957100034755 -0.06568317307225291 23008.75342466781
  8087641974.220794]]
[['LPP' 'HousePrice' 20 10 92679.25509019644 60082.517967631415
  0.31607166270398895 -0.0656952103407733 23015.086774020336
  8087446840.613543]]
[['LPP' 'HousePrice' 20 34 92678.73167211731 60083.76712326475
  0.316095710003546 -0.06568317307171578 23008.75342456352
  8087641974.221264]]
[['LPP' 'HousePrice' 29 7 92678.73167214064 60083.767123283054
  0.31609571000347636 -0.06568317307225224 23008.753424667644
  8087641974.220794]]
[['LPP' 'HousePrice' 29 10 92679.25029911612 60082.504367526686
  0.3160714930335698 -0.06569510015794511 23015.1368752893
  8087443635.396669]]
[['LPP' 'HousePrice' 29 34 92678.73167211622 60083.76712326536
  0.31609571000355835 -0.06568317307169047 23008.753424559323
  8087641974.221253]]
[['LPP' 'HousePrice' 38 7 92678.73167214061 60083.76712328307
  0.3160957100034768 -0.06568317307225136 23008.7534246675
  8087641974.220794]]
[['LPP' 'HousePrice' 38 10 92679.18363296338 60082.57689832019
  0.3160728462033975 -0.06569356700426665 23014.64870102602
  8087453783.573695]]
[['LPP' 'HousePrice' 38 34 92678.73167212316 60083.76712326449
  0.316095710003499 -0.06568317307185012 23008.75342458742
  8087641974.221247]]
[['LPP' 'HousePrice' 47 7 92626.65642413261 59968.79031695868
  0.31503915825975837 -0.06448591619805266 23181.464559642558
  8069954009.985667]]
[['LPP' 'HousePrice' 47 10 92599.08379822283 59912.5219225971
  0.31457090805124 -0.06385226915500763 23240.708730920072
  8062069605.3704815]]
[['LPP' 'HousePrice' 47 34 92623.03360124661 59958.44223464936
  0.3149643778747602 -0.06440264927099082 23179.006689670947
  8069394916.475368]]
[['LPP' 'HousePrice' 56 7 92663.02698505615 60042.39729678007
  0.31569945296800506 -0.06532203729792374 23077.37713761877
  8081547767.933178]]
[['LPP' 'HousePrice' 56 10 92659.5424480185 60039.68833983447
  0.31568599137446335 -0.06524191722371309 23074.08927707165
  8081052046.485506]]
[['LPP' 'HousePrice' 56 34 92663.56623110405 60044.43725390916
  0.3157231310336427 -0.06533443646917036 23068.061136158303
  8082079416.2499075]]
[['LPP' 'HousePrice' 65 7 92672.34750013756 60060.715519281104
  0.31586753051815974 -0.06553635901415444 23050.050355052485
  8084545971.086642]]
[['LPP' 'HousePrice' 65 10 92671.39727078383 60059.78476772469
  0.3158640806043467 -0.0655145078630357 23048.674087397238
  8084432909.004315]]
[['LPP' 'HousePrice' 65 34 92672.03574148628 60061.36548674
  0.3158767880064806 -0.06552918989351864 23046.710842473447
  8084642459.525431]]
[['LPP' 'HousePrice' 74 7 92674.29865329174 60069.42444146238
  0.31595895381052186 -0.0655812277710186 23031.186653358694
  8085781103.393672]]
[['LPP' 'HousePrice' 74 10 92673.8185748823 60069.10175900956
  0.3159565516590423 -0.06557018779071422 23031.417763501508
  8085681133.867886]]
[['LPP' 'HousePrice' 74 34 92674.88105127872 60069.51527258856
  0.31595538145757895 -0.0655946207898177 23033.109094864867
  8085800561.104713]]
[['LPP' 'HousePrice' 83 7 92676.11377258091 60072.72709577112
  0.3159858596991174 -0.06562296913858257 23028.074508798698
  8086262528.297004]]
[['LPP' 'HousePrice' 83 10 92676.18111176479 60073.28378991002
  0.3159918229503923 -0.06562451771899269 23026.83812806943
  8086332189.742342]]
[['LPP' 'HousePrice' 83 34 92676.1359513435 60073.396457020106
  0.31599285674814126 -0.06562347917726918 23026.694809656336
  8086330413.389469]]
[['LPP' 'HousePrice' 92 7 92677.2973539236 60075.15541256191
  0.31600742902457896 -0.06565018779217269 23025.071647985777
  8086621429.437617]]
[['LPP' 'HousePrice' 92 10 92676.82033017343 60075.30543128989
  0.31601234989273014 -0.0656392177022973 23022.90625947695
  8086632761.692599]]
[['LPP' 'HousePrice' 92 34 92677.55445189978 60075.558372621614
  0.31600893758028353 -0.06565610028410851 23025.47241416755
  8086650728.633893]]
[['LPP' 'OnlineNewsPopularity' 2 10 7068.964981451007 2200.494181155501
  0.6575160432200271 -0.064460253526468 1740.3758431736849
  46947278.79183249]]
[['LPP' 'OnlineNewsPopularity' 2 31 7070.01283428961 2200.4531088409635
  0.6560425263434845 -0.06477585287388465 1743.8040232059527
  46950150.32618084]]
[['LPP' 'OnlineNewsPopularity' 2 178 7070.012834289613 2200.453108840962
  0.6560425263434765 -0.06477585287388576 1743.8040232059668
  46950150.32618084]]
[['LPP' 'OnlineNewsPopularity' 4 10 7062.933979945224 2198.582958186732
  0.6666701422238462 -0.06264470546612055 1713.708278459508
  46954162.16788523]]
[['LPP' 'OnlineNewsPopularity' 4 31 7062.796170591624 2198.624958368269
  0.6669944645248697 -0.06260323801032452 1713.3044184275782
  46953599.47263451]]
[['LPP' 'OnlineNewsPopularity' 4 178 7062.564509058995 2198.6564893719187
  0.6674709339574035 -0.06253353183401078 1712.7088059203388
  46952367.59089285]]
[['LPP' 'OnlineNewsPopularity' 6 10 7041.750327410483 2186.3101943345746
  0.663288157597059 -0.056279945882080185 1691.2391233654942
  46731851.69002075]]
[['LPP' 'OnlineNewsPopularity' 6 31 7046.464990830134 2184.2306662531514
  0.6668287556778618 -0.057694841702417454 1687.0038719689796
  46812590.77455113]]
[['LPP' 'OnlineNewsPopularity' 6 178 7045.074086770309 2183.865397122112
  0.6680338873381871 -0.05727732544264752 1684.5815108400695
  46801156.55093663]]
[['LPP' 'OnlineNewsPopularity' 8 10 7044.578259524372 2182.6557304046437
  0.662213441528843 -0.057128509844499575 1690.2558091098726
  46775017.387198836]]
[['LPP' 'OnlineNewsPopularity' 8 31 7045.024816244555 2184.0955135928893
  0.6651396344515762 -0.057262537116252954 1688.0078562660835
  46788905.123062335]]
[['LPP' 'OnlineNewsPopularity' 8 178 7042.24445262023 2181.161526674467
  0.6619502854352963 -0.056428191087553925 1682.7235425667322
  46767546.70041929]]
[['LPP' 'OnlineNewsPopularity' 10 10 7042.655697150928 2181.3070562244734
  0.6610631388806193 -0.05655157873870298 1686.011221555379
  46762263.05369911]]
/home/soyoung/.local/lib/python3.8/site-packages/umap/distances.py:1063: NumbaDeprecationWarning: [1mThe 'nopython' keyword argument was not supplied to the 'numba.jit' decorator. The implicit default value for this argument is currently False, but it will be changed to True in Numba 0.59.0. See https://numba.readthedocs.io/en/stable/reference/deprecation.html#deprecation-of-object-mode-fall-back-behaviour-when-using-jit for details.[0m
  @numba.jit()
/home/soyoung/.local/lib/python3.8/site-packages/umap/distances.py:1071: NumbaDeprecationWarning: [1mThe 'nopython' keyword argument was not supplied to the 'numba.jit' decorator. The implicit default value for this argument is currently False, but it will be changed to True in Numba 0.59.0. See https://numba.readthedocs.io/en/stable/reference/deprecation.html#deprecation-of-object-mode-fall-back-behaviour-when-using-jit for details.[0m
  @numba.jit()
/home/soyoung/.local/lib/python3.8/site-packages/umap/distances.py:1086: NumbaDeprecationWarning: [1mThe 'nopython' keyword argument was not supplied to the 'numba.jit' decorator. The implicit default value for this argument is currently False, but it will be changed to True in Numba 0.59.0. See https://numba.readthedocs.io/en/stable/reference/deprecation.html#deprecation-of-object-mode-fall-back-behaviour-when-using-jit for details.[0m
  @numba.jit()
/home/soyoung/.local/lib/python3.8/site-packages/umap/umap_.py:660: NumbaDeprecationWarning: [1mThe 'nopython' keyword argument was not supplied to the 'numba.jit' decorator. The implicit default value for this argument is currently False, but it will be changed to True in Numba 0.59.0. See https://numba.readthedocs.io/en/stable/reference/deprecation.html#deprecation-of-object-mode-fall-back-behaviour-when-using-jit for details.[0m
  @numba.jit()
[['LPP' 'OnlineNewsPopularity' 10 31 7045.251475680984 2177.1436685532512
  0.652343885562879 -0.05733056878172316 1689.2661504097564
  46787849.07985418]]
[['LPP' 'OnlineNewsPopularity' 10 178 7044.620399988058
  2176.5351362824385 0.6525489129385211 -0.05714115730675551
  1686.7890875905584 46787319.93836766]]
[['LPP' 'OnlineNewsPopularity' 12 10 7043.710751942094 2176.0462048879813
  0.6512385826542483 -0.05686816479681989 1688.5938824910409
  46768410.25661683]]
[['LPP' 'OnlineNewsPopularity' 12 31 7046.303719488854 2176.128504901792
  0.6495141039789699 -0.057646427663878175 1692.1939015317253
  46792777.37964434]]
[['LPP' 'OnlineNewsPopularity' 12 178 7038.144333087182 2166.324413590283
  0.6396024340427207 -0.055198406760150975 1688.6012949372157
  46689989.82935181]]
[['LPP' 'OnlineNewsPopularity' 14 10 7045.420984648506 2175.3981980207395
  0.6485240212625267 -0.05738144820590452 1693.0117693196416
  46777567.55436111]]
[['LPP' 'OnlineNewsPopularity' 14 31 7038.527533548789 2165.7635146292564
  0.6388626950797653 -0.05531331304941012 1688.898358054304
  46694381.23977576]]
[['LPP' 'OnlineNewsPopularity' 14 178 7041.357579014413
  2168.5222287138977 0.6401264768090152 -0.056162122708516726
  1692.9810075881653 46720424.21110091]]
[['LPP' 'OnlineNewsPopularity' 16 10 7040.297280553939 2167.931497425676
  0.6389384189040114 -0.055844069621166614 1692.4374561247082
  46707331.952106096]]
[['LPP' 'OnlineNewsPopularity' 16 31 7039.763999244769 2167.2170210609743
  0.6388248863067335 -0.05568412166437797 1691.5163114076602
  46702939.875803694]]
[['LPP' 'OnlineNewsPopularity' 16 178 7042.732984818648
  2169.2002052230287 0.6398174219655309 -0.05657476852929566
  1696.4322886733073 46728098.70091203]]
[['LPP' 'OnlineNewsPopularity' 18 10 7042.322114879056 2169.643946383703
  0.6403289683507069 -0.05645149191232823 1695.7279261994445
  46724700.45695057]]
[['LPP' 'OnlineNewsPopularity' 18 31 7042.029834494666 2169.193507724522
  0.6399801152258017 -0.05636380105258132 1695.342640677473
  46721890.053096116]]
[['LPP' 'OnlineNewsPopularity' 18 178 7043.969517485589
  2169.6594546245815 0.6387429562126132 -0.05694581877727112
  1699.3804756996524 46735506.81189561]]
[['LPP' 'OnlineNewsPopularity' 20 10 7043.160418414727 2170.65569371838
  0.6411163945286599 -0.05670302250638404 1697.2029601305057
  46731504.53670261]]
[['LPP' 'OnlineNewsPopularity' 20 31 7044.075831442964 2171.111658259155
  0.6411116601096903 -0.05697772378209143 1698.4045532045236
  46740321.14977262]]
[['LPP' 'OnlineNewsPopularity' 20 178 7044.644906833588 2170.976125398584
  0.6432762152502807 -0.05714851249089237 1700.292676154614
  46741921.73765603]]
[['LPP' 'OnlineNewsPopularity' 22 10 7043.876377837532 2171.2049746658504
  0.6412785328732902 -0.056917867801477895 1698.6009164817362
  46736843.77122002]]
[['LPP' 'OnlineNewsPopularity' 22 31 7044.859559063534 2171.8107840250773
  0.6427768884550221 -0.05721293667287397 1700.2210054055245
  46745190.21078888]]
[['LPP' 'OnlineNewsPopularity' 22 178 7045.06376935204 2172.1647935568703
  0.6442585817988559 -0.057274228707461905 1700.7535551801002
  46746256.46433639]]
[['LPP' 'PremiumPrice' 2 6 5832.785323050833 4458.252818201277
  0.20017321664497886 -0.003579610216084106 1107.3923258516245
  32961539.2820586]]
[['LPP' 'PremiumPrice' 2 9 5825.086958989671 4451.942823673724
  0.1999415348380992 -0.0009322222967407257 1102.7074290387447
  32881743.818961382]]
[['LPP' 'PremiumPrice' 2 28 5821.953220740555 4449.647720816468
  0.19985359875313002 0.0001444366074492276 1101.343290628534
  32848081.663017306]]
[['LPP' 'PremiumPrice' 4 6 5898.034171391959 4516.6798132063095
  0.20194594017029255 -0.02615842012187275 1218.1364382929053
  33472001.215801228]]
[['LPP' 'PremiumPrice' 4 9 5896.299209552975 4515.4055870019365
  0.2018947955984597 -0.025554800747932926 1216.6145014461279
  33455158.972803622]]
[['LPP' 'PremiumPrice' 4 28 5898.958986204814 4517.298920650657
  0.20195731223278068 -0.02648024969492746 1219.8287374166146
  33478819.92139709]]
[['LPP' 'WineQuality' 2 8 0.8070821817131757 0.6114026074521773
  0.11006536591199752 0.08838993888972568 -0.024006747098857664
  0.6514700895301107]]
[['LPP' 'WineQuality' 2 15 0.8036710729371445 0.6122413240947496
  0.10979928846106046 0.09607944023657222 -0.00913727882549773
  0.6464633601015057]]
[['LPP' 'WineQuality' 2 62 0.8062002391338949 0.612791146684367
  0.11002637468901544 0.09038118207722134 -0.017463237411149857
  0.6503174501535217]]
[['LPP' 'WineQuality' 4 8 0.7248927288409182 0.5459483983316197
  0.09771625522740163 0.26460431365417236 -0.008726845363535473
  0.5259299737349389]]
[['LPP' 'WineQuality' 4 15 0.7223262361317154 0.543245088811598
  0.0972313711944543 0.2698024524446059 -0.00877824885036818
  0.5222110021208428]]
[['LPP' 'WineQuality' 4 62 0.7143096105474137 0.538030375410924
  0.09641171064257029 0.2859204798592482 -0.013477685300816451
  0.5105775692389616]]
Finished python experiment_script.py
