Entered python experiment_script.py
----------pca----------
Index(['dr_name', 'dataset_name', 'n_components', 'n_neighbors',
       'fit_transform_time'],
      dtype='object')
PCA,AcademicSuccess,2,None,0.09625530242919922
PCA,AcademicSuccess,4,None,0.06651711463928223
PCA,AcademicSuccess,6,None,0.14322566986083984
PCA,AcademicSuccess,8,None,0.11033892631530762
PCA,AcademicSuccess,10,None,0.10061454772949219
PCA,AcademicSuccess,12,None,0.06027650833129883
PCA,AcademicSuccess,14,None,0.07150769233703613
PCA,AcademicSuccess,16,None,0.11127734184265137
PCA,BuyCoupon,2,None,0.08908891677856445
PCA,BuyCoupon,5,None,0.1920938491821289
PCA,BuyCoupon,8,None,0.14500093460083008
PCA,BuyCoupon,11,None,0.13783740997314453
PCA,BuyCoupon,14,None,0.15008234977722168
PCA,BuyCoupon,17,None,0.14368557929992676
PCA,BuyCoupon,20,None,0.13396668434143066
PCA,BuyCoupon,23,None,0.27724647521972656
PCA,BuyCoupon,26,None,0.11571240425109863
PCA,BuyCoupon,29,None,0.3070826530456543
PCA,DryBean,2,None,0.08921122550964355
PCA,DryBean,4,None,0.06364250183105469
PCA,DryBean,6,None,0.043500661849975586
PCA,FakeWebsite,2,None,0.09964680671691895
PCA,FakeWebsite,4,None,0.10635852813720703
PCA,FakeWebsite,6,None,0.0958566665649414
PCA,FakeWebsite,8,None,0.10629701614379883
PCA,FakeWebsite,10,None,0.13768291473388672
PCA,FakeWebsite,12,None,0.19637346267700195
PCA,FakeWebsite,14,None,0.21991682052612305
PCA,Glass,2,None,0.004709720611572266
PCA,Grade,2,None,0.007576465606689453
PCA,Heart,2,None,0.008246183395385742
PCA,Heart,4,None,0.008118867874145508
PCA,Heart,6,None,0.008364200592041016
PCA,Heart,8,None,0.0165250301361084
PCA,Parkinsons,2,None,0.006673336029052734
PCA,Parkinsons,4,None,0.0013632774353027344
PCA,Parkinsons,6,None,0.0013778209686279297
PCA,Parkinsons,8,None,0.0010890960693359375
PCA,Parkinsons,10,None,0.0010187625885009766
PCA,StayHospital,2,None,0.08032345771789551
PCA,StayHospital,4,None,0.10609292984008789
PCA,StayHospital,6,None,0.031523942947387695
PCA,StayHospital,8,None,0.05550789833068848
PCA,StayHospital,10,None,0.05885910987854004
PCA,StayHospital,12,None,0.0529322624206543
PCA,StayHospital,14,None,0.22797632217407227
PCA,StayHospital,16,None,0.23729920387268066
PCA,StayHospital,18,None,0.10544538497924805
PCA,StayHospital,20,None,0.07811880111694336
PCA,StayHospital,22,None,0.3766005039215088
PCA,StayHospital,24,None,0.13670706748962402
PCA,Zoo,2,None,0.009783506393432617
PCA,Zoo,4,None,0.0068051815032958984
PCA,Zoo,6,None,0.006543874740600586
Index(['dr_name', 'dataset_name', 'n_components', 'n_neighbors',
       'transform_time'],
      dtype='object')
PCA,AcademicSuccess,2,None,0.0010004043579101562
PCA,AcademicSuccess,4,None,0.0009295940399169922
PCA,AcademicSuccess,6,None,0.0009264945983886719
PCA,AcademicSuccess,8,None,0.0009243488311767578
PCA,AcademicSuccess,10,None,0.0009331703186035156
PCA,AcademicSuccess,12,None,0.0009567737579345703
PCA,AcademicSuccess,14,None,0.0009493827819824219
PCA,AcademicSuccess,16,None,0.0018930435180664062
PCA,BuyCoupon,2,None,0.002160787582397461
PCA,BuyCoupon,5,None,0.0021049976348876953
PCA,BuyCoupon,8,None,0.001354217529296875
PCA,BuyCoupon,11,None,0.0013573169708251953
PCA,BuyCoupon,14,None,0.002563953399658203
PCA,BuyCoupon,17,None,0.0013873577117919922
PCA,BuyCoupon,20,None,0.005047321319580078
PCA,BuyCoupon,23,None,0.0019774436950683594
PCA,BuyCoupon,26,None,0.0019176006317138672
PCA,BuyCoupon,29,None,0.0019545555114746094
PCA,DryBean,2,None,0.0008440017700195312
PCA,DryBean,4,None,0.0008044242858886719
PCA,DryBean,6,None,0.0008218288421630859
PCA,FakeWebsite,2,None,0.0012798309326171875
PCA,FakeWebsite,4,None,0.0017325878143310547
PCA,FakeWebsite,6,None,0.0012769699096679688
PCA,FakeWebsite,8,None,0.0012896060943603516
PCA,FakeWebsite,10,None,0.0012934207916259766
PCA,FakeWebsite,12,None,0.0013401508331298828
PCA,FakeWebsite,14,None,0.0010709762573242188
PCA,Glass,2,None,0.0007269382476806641
PCA,Grade,2,None,0.0007338523864746094
PCA,Heart,2,None,0.0008289813995361328
PCA,Heart,4,None,0.0007669925689697266
PCA,Heart,6,None,0.0007669925689697266
PCA,Heart,8,None,0.0008976459503173828
PCA,Parkinsons,2,None,0.0007476806640625
PCA,Parkinsons,4,None,0.0007264614105224609
PCA,Parkinsons,6,None,0.0007374286651611328
PCA,Parkinsons,8,None,0.0007250308990478516
PCA,Parkinsons,10,None,0.0007195472717285156
PCA,StayHospital,2,None,0.0012164115905761719
PCA,StayHospital,4,None,0.001051187515258789
PCA,StayHospital,6,None,0.0011565685272216797
PCA,StayHospital,8,None,0.0011649131774902344
PCA,StayHospital,10,None,0.0011806488037109375
PCA,StayHospital,12,None,0.0012218952178955078
PCA,StayHospital,14,None,0.0012273788452148438
PCA,StayHospital,16,None,0.014690637588500977
PCA,StayHospital,18,None,0.0015540122985839844
PCA,StayHospital,20,None,0.0012371540069580078
PCA,StayHospital,22,None,0.004386425018310547
PCA,StayHospital,24,None,0.0012710094451904297
PCA,Zoo,2,None,0.0007808208465576172
PCA,Zoo,4,None,0.0007412433624267578
PCA,Zoo,6,None,0.0007388591766357422
Index(['dr_name', 'dataset_name', 'n_components', 'n_neighbors', 'accuracy',
       'precision', 'recall', 'f1_score'],
      dtype='object')
[['PCA' 'AcademicSuccess' 2 None 0.6632768361581921 0.7347228966701628
  0.6632768361581921 0.5916958017180788]]
[['PCA' 'AcademicSuccess' 4 None 0.6892655367231638 0.645587810426751
  0.6892655367231638 0.6211979123184951]]
[['PCA' 'AcademicSuccess' 6 None 0.7163841807909604 0.6959356947223863
  0.7163841807909604 0.6779205518747072]]
[['PCA' 'AcademicSuccess' 8 None 0.711864406779661 0.6859556873337452
  0.711864406779661 0.6756036761278381]]
[['PCA' 'AcademicSuccess' 10 None 0.7163841807909604 0.6917869053028409
  0.7163841807909604 0.6886578146350785]]
[['PCA' 'AcademicSuccess' 12 None 0.7231638418079096 0.701122134335739
  0.7231638418079096 0.693829695538]]
[['PCA' 'AcademicSuccess' 14 None 0.7254237288135593 0.7070650214294656
  0.7254237288135593 0.7050209488478177]]
[['PCA' 'AcademicSuccess' 16 None 0.7344632768361582 0.7169102505339165
  0.7344632768361582 0.7153861336195151]]
[['PCA' 'BuyCoupon' 2 None 0.5648403626330312 0.5672235481304694
  0.9889042995839112 0.7209302325581396]]
[['PCA' 'BuyCoupon' 5 None 0.584548679542767 0.587151841868823
  0.9063800277392511 0.7126499454743731]]
[['PCA' 'BuyCoupon' 8 None 0.5888845092629089 0.590312358533273
  0.9042995839112344 0.7143248425089018]]
[['PCA' 'BuyCoupon' 11 None 0.5971620023649981 0.5948509485094851
  0.9133148404993066 0.7204595185995624]]
[['PCA' 'BuyCoupon' 14 None 0.6259361450532125 0.6201852754753778
  0.8821081830790569 0.7283137703979388]]
[['PCA' 'BuyCoupon' 17 None 0.6267244777296019 0.6235646530204693
  0.8661581137309292 0.7251088534107402]]
[['PCA' 'BuyCoupon' 20 None 0.6456444619629483 0.6384497705252422
  0.8682385575589459 0.7358213341169556]]
[['PCA' 'BuyCoupon' 23 None 0.6551044540796216 0.6474258970358814
  0.863384188626907 0.7399702823179791]]
[['PCA' 'BuyCoupon' 26 None 0.6614111154907371 0.6548061603823686
  0.8550624133148405 0.7416541353383459]]
[['PCA' 'BuyCoupon' 29 None 0.6649586125344895 0.6610446137105549
  0.8425797503467406 0.7408536585365854]]
[['PCA' 'DryBean' 2 None 0.8813808299669482 0.8843244259056775
  0.8813808299669482 0.8789536856737367]]
[['PCA' 'DryBean' 4 None 0.8993756885787734 0.9005470549775895
  0.8993756885787734 0.8990481345643544]]
[['PCA' 'DryBean' 6 None 0.9302240176276166 0.9309364266339312
  0.9302240176276166 0.9304224615446598]]
[['PCA' 'FakeWebsite' 2 None 0.8977838082315694 0.9023218574859888
  0.9155158407798538 0.9088709677419355]]
[['PCA' 'FakeWebsite' 4 None 0.8986883763003166 0.9123669123669124
  0.9049553208773355 0.9086460032626429]]
[['PCA' 'FakeWebsite' 6 None 0.911352329262777 0.9136690647482014
  0.9285134037367994 0.9210314262691377]]
[['PCA' 'FakeWebsite' 8 None 0.9312528267752148 0.9298804780876494
  0.9480097481722177 0.9388576025744167]]
[['PCA' 'FakeWebsite' 10 None 0.9402985074626866 0.9357652656621729
  0.958570268074736 0.9470304975922954]]
[['PCA' 'FakeWebsite' 12 None 0.939846223428313 0.933649289099526
  0.9601949634443542 0.94673608329996]]
[['PCA' 'FakeWebsite' 14 None 0.9466304839439168 0.9364705882352942
  0.9699431356620634 0.9529130087789306]]
[['PCA' 'Glass' 2 None 0.6976744186046512 0.7586831772878284
  0.6976744186046512 0.6410941815913748]]
[['PCA' 'Grade' 2 None 0.975 0.9757602150537634 0.975 0.974836880818729]]
[['PCA' 'Heart' 2 None 0.7065217391304348 0.7105263157894737
  0.7941176470588235 0.7499999999999999]]
[['PCA' 'Heart' 4 None 0.7336956521739131 0.7345132743362832
  0.8137254901960784 0.772093023255814]]
[['PCA' 'Heart' 6 None 0.7336956521739131 0.7345132743362832
  0.8137254901960784 0.772093023255814]]
[['PCA' 'Heart' 8 None 0.7336956521739131 0.7345132743362832
  0.8137254901960784 0.772093023255814]]
[['PCA' 'Parkinsons' 2 None 0.7948717948717948 0.8 0.9655172413793104
  0.8750000000000001]]
[['PCA' 'Parkinsons' 4 None 0.7948717948717948 0.8 0.9655172413793104
  0.8750000000000001]]
[['PCA' 'Parkinsons' 6 None 0.7948717948717948 0.8181818181818182
  0.9310344827586207 0.8709677419354839]]
[['PCA' 'Parkinsons' 8 None 0.8461538461538461 0.8285714285714286 1.0
  0.90625]]
[['PCA' 'Parkinsons' 10 None 0.8461538461538461 0.8285714285714286 1.0
  0.90625]]
[['PCA' 'StayHospital' 2 None 0.2955 0.79182025 0.2955 0.1348054805094558]]
[['PCA' 'StayHospital' 4 None 0.2955 0.79182025 0.2955 0.1348054805094558]]
[['PCA' 'StayHospital' 6 None 0.2955 0.79182025 0.2955 0.1348054805094558]]
[['PCA' 'StayHospital' 8 None 0.2955 0.79182025 0.2955 0.1348054805094558]]
[['PCA' 'StayHospital' 10 None 0.2955 0.79182025 0.2955
  0.1348054805094558]]
[['PCA' 'StayHospital' 12 None 0.2955 0.79182025 0.2955
  0.1348054805094558]]
[['PCA' 'StayHospital' 14 None 0.2955 0.79182025 0.2955
  0.1348054805094558]]
[['PCA' 'StayHospital' 16 None 0.2955 0.79182025 0.2955
  0.1348054805094558]]
[['PCA' 'StayHospital' 18 None 0.2955 0.79182025 0.2955
  0.1348054805094558]]
[['PCA' 'StayHospital' 20 None 0.2955 0.79182025 0.2955
  0.1348054805094558]]
[['PCA' 'StayHospital' 22 None 0.2955 0.79182025 0.2955
  0.1348054805094558]]
[['PCA' 'StayHospital' 24 None 0.2955 0.79182025 0.2955
  0.1348054805094558]]
[['PCA' 'Zoo' 2 None 0.9047619047619048 0.9325396825396824
  0.9047619047619048 0.8811791383219953]]
[['PCA' 'Zoo' 4 None 0.9523809523809523 0.9642857142857143
  0.9523809523809523 0.9319727891156462]]
[['PCA' 'Zoo' 6 None 0.9523809523809523 0.9642857142857143
  0.9523809523809523 0.9319727891156462]]
----------kpca----------
Index(['dr_name', 'dataset_name', 'n_components', 'n_neighbors',
       'fit_transform_time'],
      dtype='object')
KPCA,AcademicSuccess,2,None,0.540658712387085
KPCA,AcademicSuccess,4,None,0.5116286277770996
KPCA,AcademicSuccess,6,None,0.4887247085571289
KPCA,AcademicSuccess,8,None,0.6296608448028564
KPCA,AcademicSuccess,10,None,3.5969836711883545
KPCA,AcademicSuccess,12,None,1.8299832344055176
KPCA,AcademicSuccess,14,None,1.5607507228851318
KPCA,AcademicSuccess,16,None,12.998146533966064
KPCA,BuyCoupon,2,None,2.0851755142211914
KPCA,BuyCoupon,5,None,2.4410336017608643
KPCA,BuyCoupon,8,None,2.378267765045166
KPCA,BuyCoupon,11,None,102.99381875991821
KPCA,BuyCoupon,14,None,133.60928988456726
KPCA,BuyCoupon,17,None,96.76508474349976
KPCA,BuyCoupon,20,None,100.84336614608765
KPCA,BuyCoupon,23,None,119.29007029533386
KPCA,BuyCoupon,26,None,138.5381371974945
KPCA,BuyCoupon,29,None,101.31913232803345
KPCA,DryBean,2,None,2.1908671855926514
KPCA,DryBean,4,None,2.811121702194214
KPCA,DryBean,6,None,2.677774429321289
KPCA,FakeWebsite,2,None,2.2036421298980713
KPCA,FakeWebsite,4,None,2.1624202728271484
KPCA,FakeWebsite,6,None,2.448073625564575
KPCA,FakeWebsite,8,None,2.3014371395111084
KPCA,FakeWebsite,10,None,55.44557547569275
KPCA,FakeWebsite,12,None,102.53481578826904
KPCA,FakeWebsite,14,None,113.65014886856079
KPCA,Glass,2,None,0.04150748252868652
KPCA,Grade,2,None,0.0814211368560791
KPCA,Heart,2,None,0.46725010871887207
KPCA,Heart,4,None,0.1828906536102295
KPCA,Heart,6,None,0.09322166442871094
KPCA,Heart,8,None,0.06064152717590332
KPCA,Parkinsons,2,None,0.01984405517578125
KPCA,Parkinsons,4,None,0.010392904281616211
KPCA,Parkinsons,6,None,0.020667314529418945
KPCA,Parkinsons,8,None,0.011399507522583008
KPCA,Parkinsons,10,None,0.02178025245666504
KPCA,StayHospital,2,None,5.092909336090088
KPCA,StayHospital,4,None,3.770627975463867
KPCA,StayHospital,6,None,3.8530478477478027
KPCA,StayHospital,8,None,4.739789962768555
KPCA,StayHospital,10,None,52.44778084754944
KPCA,StayHospital,12,None,69.18118977546692
KPCA,StayHospital,14,None,60.30082726478577
KPCA,StayHospital,16,None,55.88836932182312
KPCA,StayHospital,18,None,52.881192445755005
KPCA,StayHospital,20,None,38.20434880256653
KPCA,StayHospital,22,None,33.49942421913147
KPCA,StayHospital,24,None,41.040080547332764
KPCA,Zoo,2,None,0.005296945571899414
KPCA,Zoo,4,None,0.0021796226501464844
KPCA,Zoo,6,None,0.006558656692504883
Index(['dr_name', 'dataset_name', 'n_components', 'n_neighbors',
       'transform_time'],
      dtype='object')
KPCA,AcademicSuccess,2,None,0.09548807144165039
KPCA,AcademicSuccess,4,None,0.06598091125488281
KPCA,AcademicSuccess,6,None,0.05318593978881836
KPCA,AcademicSuccess,8,None,0.0632932186126709
KPCA,AcademicSuccess,10,None,0.09616589546203613
KPCA,AcademicSuccess,12,None,0.05600094795227051
KPCA,AcademicSuccess,14,None,0.05945897102355957
KPCA,AcademicSuccess,16,None,0.05802178382873535
KPCA,BuyCoupon,2,None,0.31603097915649414
KPCA,BuyCoupon,5,None,0.30863094329833984
KPCA,BuyCoupon,8,None,0.3266105651855469
KPCA,BuyCoupon,11,None,0.3196125030517578
KPCA,BuyCoupon,14,None,0.3339540958404541
KPCA,BuyCoupon,17,None,0.33771777153015137
KPCA,BuyCoupon,20,None,0.3325774669647217
KPCA,BuyCoupon,23,None,0.32369208335876465
KPCA,BuyCoupon,26,None,0.3337721824645996
KPCA,BuyCoupon,29,None,0.34786391258239746
KPCA,DryBean,2,None,0.3757343292236328
KPCA,DryBean,4,None,0.3424339294433594
KPCA,DryBean,6,None,0.36670899391174316
KPCA,FakeWebsite,2,None,0.2414395809173584
KPCA,FakeWebsite,4,None,0.2386021614074707
KPCA,FakeWebsite,6,None,0.24640822410583496
KPCA,FakeWebsite,8,None,0.2506065368652344
KPCA,FakeWebsite,10,None,0.24633193016052246
KPCA,FakeWebsite,12,None,0.25775885581970215
KPCA,FakeWebsite,14,None,0.252896785736084
KPCA,Glass,2,None,0.0014653205871582031
KPCA,Grade,2,None,0.008906841278076172
KPCA,Heart,2,None,0.0058710575103759766
KPCA,Heart,4,None,0.00689697265625
KPCA,Heart,6,None,0.009217977523803711
KPCA,Heart,8,None,0.004626035690307617
KPCA,Parkinsons,2,None,0.0012698173522949219
KPCA,Parkinsons,4,None,0.0012562274932861328
KPCA,Parkinsons,6,None,0.0012407302856445312
KPCA,Parkinsons,8,None,0.0012462139129638672
KPCA,Parkinsons,10,None,0.0012531280517578125
KPCA,StayHospital,2,None,0.3007354736328125
KPCA,StayHospital,4,None,0.2998085021972656
KPCA,StayHospital,6,None,0.30437779426574707
KPCA,StayHospital,8,None,0.30486345291137695
KPCA,StayHospital,10,None,0.30951666831970215
KPCA,StayHospital,12,None,0.35289645195007324
KPCA,StayHospital,14,None,0.3062739372253418
KPCA,StayHospital,16,None,0.3081173896789551
KPCA,StayHospital,18,None,0.3844873905181885
KPCA,StayHospital,20,None,0.3080563545227051
KPCA,StayHospital,22,None,0.30809926986694336
KPCA,StayHospital,24,None,0.31136631965637207
KPCA,Zoo,2,None,0.0014271736145019531
KPCA,Zoo,4,None,0.0011985301971435547
KPCA,Zoo,6,None,0.0012149810791015625
Index(['dr_name', 'dataset_name', 'n_components', 'n_neighbors', 'accuracy',
       'precision', 'recall', 'f1_score'],
      dtype='object')
[['KPCA' 'AcademicSuccess' 2 None 0.6666666666666666 0.6346177901584097
  0.6666666666666666 0.6024883344228782]]
[['KPCA' 'AcademicSuccess' 4 None 0.6983050847457627 0.6788467661963118
  0.6983050847457627 0.6365614054523306]]
[['KPCA' 'AcademicSuccess' 6 None 0.703954802259887 0.6803312552953104
  0.703954802259887 0.6437628237897647]]
[['KPCA' 'AcademicSuccess' 8 None 0.7141242937853107 0.6839291610126276
  0.7141242937853107 0.6641034038175714]]
[['KPCA' 'AcademicSuccess' 10 None 0.7310734463276836 0.7067204315383757
  0.7310734463276836 0.702316567543213]]
[['KPCA' 'AcademicSuccess' 12 None 0.727683615819209 0.7038474448401306
  0.727683615819209 0.6987981208998159]]
[['KPCA' 'AcademicSuccess' 14 None 0.735593220338983 0.7120460067454243
  0.735593220338983 0.7064228537379436]]
[['KPCA' 'AcademicSuccess' 16 None 0.7367231638418079 0.7151890738677986
  0.7367231638418079 0.7096303767166174]]
[['KPCA' 'BuyCoupon' 2 None 0.5683878596767836 0.5683878596767836 1.0
  0.7248052274440815]]
[['KPCA' 'BuyCoupon' 5 None 0.570752857705952 0.5720114239086087
  0.9722607489597781 0.7202671461597739]]
[['KPCA' 'BuyCoupon' 8 None 0.5668111943240047 0.573009791400596
  0.9334257975034674 0.71010287523081]]
[['KPCA' 'BuyCoupon' 11 None 0.5668111943240047 0.573009791400596
  0.9334257975034674 0.71010287523081]]
[['KPCA' 'BuyCoupon' 14 None 0.5668111943240047 0.573009791400596
  0.9334257975034674 0.71010287523081]]
[['KPCA' 'BuyCoupon' 17 None 0.5782420181316515 0.5845454545454546
  0.8918169209431346 0.7062053816584295]]
[['KPCA' 'BuyCoupon' 20 None 0.5798186834844304 0.5852994555353902
  0.8945908460471568 0.7076247942951178]]
[['KPCA' 'BuyCoupon' 23 None 0.5806070161608199 0.5884003741814781
  0.8723994452149791 0.7027932960893856]]
[['KPCA' 'BuyCoupon' 26 None 0.5892786756011037 0.5938967136150235
  0.8772538141470181 0.708286674132139]]
[['KPCA' 'BuyCoupon' 29 None 0.5947970043358297 0.6018700787401575
  0.848127600554785 0.7040875071963154]]
[['KPCA' 'DryBean' 2 None 0.7484392214469335 0.7507136604433188
  0.7484392214469335 0.7427455298013773]]
[['KPCA' 'DryBean' 4 None 0.8883584282041865 0.8896628116470202
  0.8883584282041865 0.8877192391048507]]
[['KPCA' 'DryBean' 6 None 0.9059860448035255 0.9066681154499048
  0.9059860448035255 0.9058921184134332]]
[['KPCA' 'FakeWebsite' 2 None 0.898236092265943 0.9030448717948718
  0.9155158407798538 0.90923759580476]]
[['KPCA' 'FakeWebsite' 4 None 0.8995929443690638 0.908502024291498
  0.9114541023558083 0.9099756690997566]]
[['KPCA' 'FakeWebsite' 6 None 0.9095431931252826 0.9114126097366321
  0.9277010560519903 0.9194847020933978]]
[['KPCA' 'FakeWebsite' 8 None 0.932157394843962 0.934136546184739
  0.9447603574329814 0.9394184168012923]]
[['KPCA' 'FakeWebsite' 10 None 0.9366802351876978 0.9346613545816733
  0.9528838342810723 0.9436846339501206]]
[['KPCA' 'FakeWebsite' 12 None 0.9430122116689281 0.9367588932806324
  0.9626320064987814 0.9495192307692307]]
[['KPCA' 'FakeWebsite' 14 None 0.9466304839439168 0.9385342789598109
  0.9675060926076361 0.9528]]
[['KPCA' 'Glass' 2 None 0.46511627906976744 0.5340380549682876
  0.46511627906976744 0.3836597307221542]]
[['KPCA' 'Grade' 2 None 0.445 0.753025 0.445 0.274083044982699]]
[['KPCA' 'Heart' 2 None 0.5543478260869565 0.5543478260869565 1.0
  0.7132867132867133]]
[['KPCA' 'Heart' 4 None 0.5543478260869565 0.5543478260869565 1.0
  0.7132867132867133]]
[['KPCA' 'Heart' 6 None 0.5543478260869565 0.5543478260869565 1.0
  0.7132867132867133]]
[['KPCA' 'Heart' 8 None 0.5543478260869565 0.5543478260869565 1.0
  0.7132867132867133]]
[['KPCA' 'Parkinsons' 2 None 0.8205128205128205 0.8055555555555556 1.0
  0.8923076923076924]]
[['KPCA' 'Parkinsons' 4 None 0.8205128205128205 0.8055555555555556 1.0
  0.8923076923076924]]
[['KPCA' 'Parkinsons' 6 None 0.8974358974358975 0.8787878787878788 1.0
  0.9354838709677419]]
[['KPCA' 'Parkinsons' 8 None 0.8974358974358975 0.8787878787878788 1.0
  0.9354838709677419]]
[['KPCA' 'Parkinsons' 10 None 0.8974358974358975 0.8787878787878788 1.0
  0.9354838709677419]]
[['KPCA' 'StayHospital' 2 None 0.2955 0.79182025 0.2955
  0.1348054805094558]]
[['KPCA' 'StayHospital' 4 None 0.2955 0.79182025 0.2955
  0.1348054805094558]]
[['KPCA' 'StayHospital' 6 None 0.2955 0.79182025 0.2955
  0.1348054805094558]]
[['KPCA' 'StayHospital' 8 None 0.2955 0.79182025 0.2955
  0.1348054805094558]]
[['KPCA' 'StayHospital' 10 None 0.2955 0.79182025 0.2955
  0.1348054805094558]]
[['KPCA' 'StayHospital' 12 None 0.2955 0.79182025 0.2955
  0.1348054805094558]]
[['KPCA' 'StayHospital' 14 None 0.2955 0.79182025 0.2955
  0.1348054805094558]]
[['KPCA' 'StayHospital' 16 None 0.2955 0.79182025 0.2955
  0.1348054805094558]]
[['KPCA' 'StayHospital' 18 None 0.2955 0.79182025 0.2955
  0.1348054805094558]]
[['KPCA' 'StayHospital' 20 None 0.2955 0.79182025 0.2955
  0.1348054805094558]]
[['KPCA' 'StayHospital' 22 None 0.2955 0.79182025 0.2955
  0.1348054805094558]]
[['KPCA' 'StayHospital' 24 None 0.2955 0.79182025 0.2955
  0.1348054805094558]]
[['KPCA' 'Zoo' 2 None 0.8571428571428571 0.8944444444444444
  0.8571428571428571 0.8123960695389266]]
[['KPCA' 'Zoo' 4 None 0.9523809523809523 0.9642857142857143
  0.9523809523809523 0.9319727891156462]]
[['KPCA' 'Zoo' 6 None 0.9523809523809523 0.9642857142857143
  0.9523809523809523 0.9319727891156462]]
----------ica----------
Index(['dr_name', 'dataset_name', 'n_components', 'n_neighbors',
       'fit_transform_time'],
      dtype='object')
ICA,AcademicSuccess,2,None,0.006844997406005859
ICA,AcademicSuccess,4,None,0.022349834442138672
ICA,AcademicSuccess,6,None,0.04309439659118652
ICA,AcademicSuccess,8,None,0.036211252212524414
ICA,AcademicSuccess,10,None,0.1308138370513916
ICA,AcademicSuccess,12,None,0.2797219753265381
ICA,AcademicSuccess,14,None,0.18458127975463867
ICA,AcademicSuccess,16,None,0.08696651458740234
ICA,BuyCoupon,2,None,0.14747047424316406
ICA,BuyCoupon,5,None,0.16600608825683594
ICA,BuyCoupon,8,None,0.21025538444519043
ICA,BuyCoupon,11,None,0.39341068267822266
ICA,BuyCoupon,14,None,1.3121685981750488
ICA,BuyCoupon,17,None,1.089742660522461
ICA,BuyCoupon,20,None,1.231436014175415
ICA,BuyCoupon,23,None,2.1284449100494385
ICA,BuyCoupon,26,None,1.8534204959869385
ICA,BuyCoupon,29,None,1.7053735256195068
ICA,DryBean,2,None,0.14731621742248535
ICA,DryBean,4,None,0.09102201461791992
ICA,DryBean,6,None,0.5429003238677979
ICA,FakeWebsite,2,None,0.061205387115478516
ICA,FakeWebsite,4,None,0.041019439697265625
ICA,FakeWebsite,6,None,0.04690265655517578
ICA,FakeWebsite,8,None,0.09870386123657227
ICA,FakeWebsite,10,None,0.08732485771179199
ICA,FakeWebsite,12,None,0.07319831848144531
ICA,FakeWebsite,14,None,0.2040843963623047
ICA,Glass,2,None,0.008493661880493164
ICA,Grade,2,None,0.00926661491394043
ICA,Heart,2,None,0.0281524658203125
ICA,Heart,4,None,0.016360998153686523
ICA,Heart,6,None,0.011737585067749023
ICA,Heart,8,None,0.05423450469970703
ICA,Parkinsons,2,None,0.034773826599121094
ICA,Parkinsons,4,None,0.023828506469726562
ICA,Parkinsons,6,None,0.027734756469726562
ICA,Parkinsons,8,None,0.009764671325683594
ICA,Parkinsons,10,None,0.036029815673828125
ICA,StayHospital,2,None,0.025646209716796875
ICA,StayHospital,4,None,0.05096912384033203
ICA,StayHospital,6,None,0.08512639999389648
ICA,StayHospital,8,None,0.1332690715789795
ICA,StayHospital,10,None,0.08408164978027344
ICA,StayHospital,12,None,0.5421035289764404
ICA,StayHospital,14,None,0.3024466037750244
ICA,StayHospital,16,None,0.8244953155517578
ICA,StayHospital,18,None,0.16268658638000488
ICA,StayHospital,20,None,0.7409443855285645
ICA,StayHospital,22,None,1.0350534915924072
ICA,StayHospital,24,None,1.131645917892456
ICA,Zoo,2,None,0.006033182144165039
ICA,Zoo,4,None,0.0035734176635742188
ICA,Zoo,6,None,0.03724336624145508
Index(['dr_name', 'dataset_name', 'n_components', 'n_neighbors',
       'transform_time'],
      dtype='object')
ICA,AcademicSuccess,2,None,0.0010068416595458984
ICA,AcademicSuccess,4,None,0.0009648799896240234
ICA,AcademicSuccess,6,None,0.0009779930114746094
ICA,AcademicSuccess,8,None,0.0009992122650146484
ICA,AcademicSuccess,10,None,0.0010027885437011719
ICA,AcademicSuccess,12,None,0.0010340213775634766
ICA,AcademicSuccess,14,None,0.0010230541229248047
ICA,AcademicSuccess,16,None,0.0010209083557128906
ICA,BuyCoupon,2,None,0.0019071102142333984
ICA,BuyCoupon,5,None,0.0019114017486572266
ICA,BuyCoupon,8,None,0.0020003318786621094
ICA,BuyCoupon,11,None,0.002014636993408203
ICA,BuyCoupon,14,None,0.0021126270294189453
ICA,BuyCoupon,17,None,0.002094745635986328
ICA,BuyCoupon,20,None,0.0020782947540283203
ICA,BuyCoupon,23,None,0.0020546913146972656
ICA,BuyCoupon,26,None,0.002162456512451172
ICA,BuyCoupon,29,None,0.0021398067474365234
ICA,DryBean,2,None,0.000827789306640625
ICA,DryBean,4,None,0.0008106231689453125
ICA,DryBean,6,None,0.000843048095703125
ICA,FakeWebsite,2,None,0.0009877681732177734
ICA,FakeWebsite,4,None,0.0009148120880126953
ICA,FakeWebsite,6,None,0.0010161399841308594
ICA,FakeWebsite,8,None,0.0010123252868652344
ICA,FakeWebsite,10,None,0.0010271072387695312
ICA,FakeWebsite,12,None,0.0010845661163330078
ICA,FakeWebsite,14,None,0.0010793209075927734
ICA,Glass,2,None,0.0006687641143798828
ICA,Grade,2,None,0.0006849765777587891
ICA,Heart,2,None,0.0008018016815185547
ICA,Heart,4,None,0.0007960796356201172
ICA,Heart,6,None,0.0008220672607421875
ICA,Heart,8,None,0.0008072853088378906
ICA,Parkinsons,2,None,0.0007245540618896484
ICA,Parkinsons,4,None,0.0007297992706298828
ICA,Parkinsons,6,None,0.0007219314575195312
ICA,Parkinsons,8,None,0.0007195472717285156
ICA,Parkinsons,10,None,0.0007190704345703125
ICA,StayHospital,2,None,0.0011196136474609375
ICA,StayHospital,4,None,0.0010461807250976562
ICA,StayHospital,6,None,0.0011796951293945312
ICA,StayHospital,8,None,0.0011782646179199219
ICA,StayHospital,10,None,0.0011773109436035156
ICA,StayHospital,12,None,0.0012371540069580078
ICA,StayHospital,14,None,0.0012335777282714844
ICA,StayHospital,16,None,0.0012238025665283203
ICA,StayHospital,18,None,0.0012428760528564453
ICA,StayHospital,20,None,0.0012173652648925781
ICA,StayHospital,22,None,0.001249551773071289
ICA,StayHospital,24,None,0.0012767314910888672
ICA,Zoo,2,None,0.0007791519165039062
ICA,Zoo,4,None,0.0007843971252441406
ICA,Zoo,6,None,0.0007774829864501953
Index(['dr_name', 'dataset_name', 'n_components', 'n_neighbors', 'accuracy',
       'precision', 'recall', 'f1_score'],
      dtype='object')
[['ICA' 'AcademicSuccess' 2 None 0.6632768361581921 0.7329015521488949
  0.6632768361581921 0.5922454629577624]]
[['ICA' 'AcademicSuccess' 4 None 0.688135593220339 0.6486800415589331
  0.688135593220339 0.6223973335528433]]
[['ICA' 'AcademicSuccess' 6 None 0.7220338983050848 0.7005712887181842
  0.7220338983050848 0.6871392627899197]]
[['ICA' 'AcademicSuccess' 8 None 0.7163841807909604 0.6897124340048578
  0.7163841807909604 0.6814749075522525]]
[['ICA' 'AcademicSuccess' 10 None 0.7163841807909604 0.6907437608395502
  0.7163841807909604 0.6885760714645008]]
[['ICA' 'AcademicSuccess' 12 None 0.7254237288135593 0.7059164615221021
  0.7254237288135593 0.6990001190003091]]
[['ICA' 'AcademicSuccess' 14 None 0.7163841807909604 0.6951726694569254
  0.7163841807909604 0.6940579560004534]]
[['ICA' 'AcademicSuccess' 16 None 0.7209039548022599 0.6982940640690284
  0.7209039548022599 0.6991914643727876]]
[['ICA' 'BuyCoupon' 2 None 0.5648403626330312 0.5672235481304694
  0.9889042995839112 0.7209302325581396]]
[['ICA' 'BuyCoupon' 5 None 0.6085928261726449 0.6198611852642819
  0.805131761442441 0.7004524886877829]]
[['ICA' 'BuyCoupon' 8 None 0.6026803310997241 0.61337513061651
  0.8141470180305131 0.699642431466031]]
[['ICA' 'BuyCoupon' 11 None 0.640520299566417 0.644808743169399
  0.8183079056865464 0.7212713936430318]]
[['ICA' 'BuyCoupon' 14 None 0.6677177769018526 0.6760728982951205
  0.79750346740638 0.7317849188673241]]
[['ICA' 'BuyCoupon' 17 None 0.6960977532518723 0.7027190332326284
  0.8065187239944521 0.7510494026477236]]
[['ICA' 'BuyCoupon' 20 None 0.7162002364998029 0.724502487562189
  0.8079056865464632 0.7639344262295082]]
[['ICA' 'BuyCoupon' 23 None 0.7327552227039811 0.7426937738246506
  0.8106796116504854 0.7751989389920425]]
[['ICA' 'BuyCoupon' 26 None 0.7366968860859283 0.7421777221526908
  0.8224687933425797 0.7802631578947368]]
[['ICA' 'BuyCoupon' 29 None 0.7382735514387071 0.7465145754119138
  0.8169209431345353 0.7801324503311259]]
[['ICA' 'DryBean' 2 None 0.8817480719794345 0.8847594473444789
  0.8817480719794345 0.879600793301895]]
[['ICA' 'DryBean' 4 None 0.9015791406536908 0.9025774777273238
  0.9015791406536908 0.9012749984692034]]
[['ICA' 'DryBean' 6 None 0.9331619537275064 0.9335386536491167
  0.9331619537275064 0.933282762455244]]
[['ICA' 'FakeWebsite' 2 None 0.8991406603346902 0.9057971014492754
  0.9138911454102355 0.9098261221188839]]
[['ICA' 'FakeWebsite' 4 None 0.900497512437811 0.9146841673502871
  0.9057676685621446 0.9102040816326531]]
[['ICA' 'FakeWebsite' 6 None 0.9136137494346449 0.9166666666666666
  0.9293257514216084 0.9229528035498185]]
[['ICA' 'FakeWebsite' 8 None 0.9344188150158299 0.931637519872814
  0.9520714865962632 0.9417436721574929]]
[['ICA' 'FakeWebsite' 10 None 0.9389416553595658 0.9349206349206349
  0.9569455727051178 0.9458048976314732]]
[['ICA' 'FakeWebsite' 12 None 0.9448213478064225 0.9383399209486166
  0.9642567018683996 0.9511217948717949]]
[['ICA' 'FakeWebsite' 14 None 0.9511533242876526 0.9424743892829
  0.9715678310316815 0.9568]]
[['ICA' 'Glass' 2 None 0.6976744186046512 0.7586831772878284
  0.6976744186046512 0.6410941815913748]]
[['ICA' 'Grade' 2 None 0.965 0.9667947368421053 0.965 0.9648522851046799]]
[['ICA' 'Heart' 2 None 0.6956521739130435 0.6949152542372882
  0.803921568627451 0.7454545454545455]]
[['ICA' 'Heart' 4 None 0.7391304347826086 0.7288135593220338
  0.8431372549019608 0.7818181818181819]]
[['ICA' 'Heart' 6 None 0.8478260869565217 0.8363636363636363
  0.9019607843137255 0.8679245283018867]]
[['ICA' 'Heart' 8 None 0.8369565217391305 0.8272727272727273
  0.8921568627450981 0.8584905660377359]]
[['ICA' 'Parkinsons' 2 None 0.8461538461538461 0.8285714285714286 1.0
  0.90625]]
[['ICA' 'Parkinsons' 4 None 0.8205128205128205 0.8055555555555556 1.0
  0.8923076923076924]]
[['ICA' 'Parkinsons' 6 None 0.8461538461538461 0.8285714285714286 1.0
  0.90625]]
[['ICA' 'Parkinsons' 8 None 0.8717948717948718 0.8529411764705882 1.0
  0.9206349206349206]]
[['ICA' 'Parkinsons' 10 None 0.8205128205128205 0.8055555555555556 1.0
  0.8923076923076924]]
[['ICA' 'StayHospital' 2 None 0.2975 0.5414044097043852 0.2975
  0.1480585611513613]]
[['ICA' 'StayHospital' 4 None 0.299 0.41279130330225283 0.299
  0.1624705956183184]]
[['ICA' 'StayHospital' 6 None 0.35 0.43987840273874224 0.35
  0.26080781210693604]]
[['ICA' 'StayHospital' 8 None 0.378 0.4110576277709195 0.378
  0.3059247758758022]]
[['ICA' 'StayHospital' 10 None 0.3955 0.47249044165856724 0.3955
  0.3347591846493424]]
[['ICA' 'StayHospital' 12 None 0.4005 0.4321193771195202 0.4005
  0.3406350517732711]]
[['ICA' 'StayHospital' 14 None 0.4055 0.44232387960667446 0.4055
  0.3468690224970343]]
[['ICA' 'StayHospital' 16 None 0.412 0.44189353017139865 0.412
  0.3529711397081986]]
[['ICA' 'StayHospital' 18 None 0.4155 0.44327644646961145 0.4155
  0.35425470808027465]]
[['ICA' 'StayHospital' 20 None 0.413 0.4414682835907191 0.413
  0.350869966649571]]
[['ICA' 'StayHospital' 22 None 0.421 0.4663739817467502 0.421
  0.36078585305106986]]
[['ICA' 'StayHospital' 24 None 0.4145 0.45434459616419365 0.4145
  0.3549321991533389]]
[['ICA' 'Zoo' 2 None 0.8571428571428571 0.8944444444444444
  0.8571428571428571 0.8123960695389266]]
[['ICA' 'Zoo' 4 None 0.9523809523809523 0.9642857142857143
  0.9523809523809523 0.9319727891156462]]
[['ICA' 'Zoo' 6 None 0.9523809523809523 0.9576719576719577
  0.9523809523809523 0.9299719887955182]]
----------svd----------
Index(['dr_name', 'dataset_name', 'n_components', 'n_neighbors',
       'fit_transform_time'],
      dtype='object')
SVD,AcademicSuccess,2,None,0.023957252502441406
SVD,AcademicSuccess,4,None,0.030663490295410156
SVD,AcademicSuccess,6,None,0.03232240676879883
SVD,AcademicSuccess,8,None,0.03175783157348633
SVD,AcademicSuccess,10,None,0.04099154472351074
SVD,AcademicSuccess,12,None,0.02669048309326172
SVD,AcademicSuccess,14,None,0.033754587173461914
SVD,AcademicSuccess,16,None,0.027376413345336914
SVD,BuyCoupon,2,None,0.04407238960266113
SVD,BuyCoupon,5,None,0.0469050407409668
SVD,BuyCoupon,8,None,0.05896139144897461
SVD,BuyCoupon,11,None,0.05135321617126465
SVD,BuyCoupon,14,None,0.06804609298706055
SVD,BuyCoupon,17,None,0.11662626266479492
SVD,BuyCoupon,20,None,0.08910775184631348
SVD,BuyCoupon,23,None,0.0800628662109375
SVD,BuyCoupon,26,None,0.09233927726745605
SVD,BuyCoupon,29,None,0.08347058296203613
SVD,DryBean,2,None,0.04036974906921387
SVD,DryBean,4,None,0.03568553924560547
SVD,DryBean,6,None,0.04452943801879883
SVD,FakeWebsite,2,None,0.02663874626159668
SVD,FakeWebsite,4,None,0.020054101943969727
SVD,FakeWebsite,6,None,0.02011561393737793
SVD,FakeWebsite,8,None,0.04314017295837402
SVD,FakeWebsite,10,None,0.047271013259887695
SVD,FakeWebsite,12,None,0.051119327545166016
SVD,FakeWebsite,14,None,0.06320428848266602
SVD,Glass,2,None,0.005115032196044922
SVD,Grade,2,None,0.005927562713623047
SVD,Heart,2,None,0.008033037185668945
SVD,Heart,4,None,0.006555318832397461
SVD,Heart,6,None,0.008463144302368164
SVD,Heart,8,None,0.006815910339355469
SVD,Parkinsons,2,None,0.007130146026611328
SVD,Parkinsons,4,None,0.005224943161010742
SVD,Parkinsons,6,None,0.0032739639282226562
SVD,Parkinsons,8,None,0.001369476318359375
SVD,Parkinsons,10,None,0.002460956573486328
SVD,StayHospital,2,None,0.07555127143859863
SVD,StayHospital,4,None,0.13700342178344727
SVD,StayHospital,6,None,0.2069871425628662
SVD,StayHospital,8,None,0.24272394180297852
SVD,StayHospital,10,None,0.16399312019348145
SVD,StayHospital,12,None,0.12212014198303223
SVD,StayHospital,14,None,0.12062859535217285
SVD,StayHospital,16,None,0.11309242248535156
SVD,StayHospital,18,None,0.060559749603271484
SVD,StayHospital,20,None,0.22836041450500488
SVD,StayHospital,22,None,0.2730112075805664
SVD,StayHospital,24,None,0.11365818977355957
SVD,Zoo,2,None,0.007090568542480469
SVD,Zoo,4,None,0.009725809097290039
SVD,Zoo,6,None,0.007148027420043945
Index(['dr_name', 'dataset_name', 'n_components', 'n_neighbors',
       'transform_time'],
      dtype='object')
SVD,AcademicSuccess,2,None,0.0009055137634277344
SVD,AcademicSuccess,4,None,0.0008878707885742188
SVD,AcademicSuccess,6,None,0.0008902549743652344
SVD,AcademicSuccess,8,None,0.0008838176727294922
SVD,AcademicSuccess,10,None,0.0008919239044189453
SVD,AcademicSuccess,12,None,0.0009703636169433594
SVD,AcademicSuccess,14,None,0.0009768009185791016
SVD,AcademicSuccess,16,None,0.0010759830474853516
SVD,BuyCoupon,2,None,0.00386810302734375
SVD,BuyCoupon,5,None,0.004042625427246094
SVD,BuyCoupon,8,None,0.004077434539794922
SVD,BuyCoupon,11,None,0.0040662288665771484
SVD,BuyCoupon,14,None,0.004106998443603516
SVD,BuyCoupon,17,None,0.004096269607543945
SVD,BuyCoupon,20,None,0.004087209701538086
SVD,BuyCoupon,23,None,0.004129886627197266
SVD,BuyCoupon,26,None,0.0041463375091552734
SVD,BuyCoupon,29,None,0.004257917404174805
SVD,DryBean,2,None,0.0007817745208740234
SVD,DryBean,4,None,0.0007803440093994141
SVD,DryBean,6,None,0.0007696151733398438
SVD,FakeWebsite,2,None,0.0009546279907226562
SVD,FakeWebsite,4,None,0.010191202163696289
SVD,FakeWebsite,6,None,0.0027480125427246094
SVD,FakeWebsite,8,None,0.0027992725372314453
SVD,FakeWebsite,10,None,0.0027892589569091797
SVD,FakeWebsite,12,None,0.0028247833251953125
SVD,FakeWebsite,14,None,0.00290679931640625
SVD,Glass,2,None,0.0006568431854248047
SVD,Grade,2,None,0.00064849853515625
SVD,Heart,2,None,0.0007472038269042969
SVD,Heart,4,None,0.0007424354553222656
SVD,Heart,6,None,0.00917673110961914
SVD,Heart,8,None,0.0007476806640625
SVD,Parkinsons,2,None,0.0007193088531494141
SVD,Parkinsons,4,None,0.0007104873657226562
SVD,Parkinsons,6,None,0.0007104873657226562
SVD,Parkinsons,8,None,0.0007059574127197266
SVD,Parkinsons,10,None,0.0007102489471435547
SVD,StayHospital,2,None,0.0011103153228759766
SVD,StayHospital,4,None,0.004679679870605469
SVD,StayHospital,6,None,0.0031244754791259766
SVD,StayHospital,8,None,0.003200531005859375
SVD,StayHospital,10,None,0.0031499862670898438
SVD,StayHospital,12,None,0.0032508373260498047
SVD,StayHospital,14,None,0.0011401176452636719
SVD,StayHospital,16,None,0.0011534690856933594
SVD,StayHospital,18,None,0.0011355876922607422
SVD,StayHospital,20,None,0.001150369644165039
SVD,StayHospital,22,None,0.0011315345764160156
SVD,StayHospital,24,None,0.0011582374572753906
SVD,Zoo,2,None,0.0007607936859130859
SVD,Zoo,4,None,0.0007572174072265625
SVD,Zoo,6,None,0.0007650852203369141
Index(['dr_name', 'dataset_name', 'n_components', 'n_neighbors', 'accuracy',
       'precision', 'recall', 'f1_score'],
      dtype='object')
[['SVD' 'AcademicSuccess' 2 None 0.6677966101694915 0.7391272845916284
  0.6677966101694915 0.5962875975926383]]
[['SVD' 'AcademicSuccess' 4 None 0.6824858757062147 0.6616507936507936
  0.6824858757062147 0.6134142426069646]]
[['SVD' 'AcademicSuccess' 6 None 0.7062146892655368 0.6879313749572538
  0.7062146892655368 0.6533694479981774]]
[['SVD' 'AcademicSuccess' 8 None 0.7175141242937854 0.697224529670815
  0.7175141242937854 0.6810861794676148]]
[['SVD' 'AcademicSuccess' 10 None 0.7016949152542373 0.6722885190828143
  0.7016949152542373 0.6654657146046458]]
[['SVD' 'AcademicSuccess' 12 None 0.7141242937853107 0.6896619678488788
  0.7141242937853107 0.6853982715883968]]
[['SVD' 'AcademicSuccess' 14 None 0.727683615819209 0.7081496424692347
  0.727683615819209 0.7054331001173325]]
[['SVD' 'AcademicSuccess' 16 None 0.7446327683615819 0.7325957888170025
  0.7446327683615819 0.7280407461446319]]
[['SVD' 'BuyCoupon' 2 None 0.5683878596767836 0.5683878596767836 1.0
  0.7248052274440815]]
[['SVD' 'BuyCoupon' 5 None 0.5683878596767836 0.5683878596767836 1.0
  0.7248052274440815]]
[['SVD' 'BuyCoupon' 8 None 0.5683878596767836 0.5683878596767836 1.0
  0.7248052274440815]]
[['SVD' 'BuyCoupon' 11 None 0.5683878596767836 0.5683878596767836 1.0
  0.7248052274440815]]
[['SVD' 'BuyCoupon' 14 None 0.5683878596767836 0.5683878596767836 1.0
  0.7248052274440815]]
[['SVD' 'BuyCoupon' 17 None 0.5683878596767836 0.5683878596767836 1.0
  0.7248052274440815]]
[['SVD' 'BuyCoupon' 20 None 0.5683878596767836 0.5683878596767836 1.0
  0.7248052274440815]]
[['SVD' 'BuyCoupon' 23 None 0.5683878596767836 0.5683878596767836 1.0
  0.7248052274440815]]
[['SVD' 'BuyCoupon' 26 None 0.5683878596767836 0.5683878596767836 1.0
  0.7248052274440815]]
[['SVD' 'BuyCoupon' 29 None 0.5683878596767836 0.5683878596767836 1.0
  0.7248052274440815]]
[['SVD' 'DryBean' 2 None 0.8813808299669482 0.8843244259056775
  0.8813808299669482 0.8789536856737367]]
[['SVD' 'DryBean' 4 None 0.8993756885787734 0.9005470549775895
  0.8993756885787734 0.8990481345643544]]
[['SVD' 'DryBean' 6 None 0.9302240176276166 0.9309364266339312
  0.9302240176276166 0.9304224615446598]]
[['SVD' 'FakeWebsite' 2 None 0.8941655359565808 0.8928289992119779
  0.9203899268887084 0.9063999999999999]]
[['SVD' 'FakeWebsite' 4 None 0.8937132519222072 0.9068627450980392
  0.9017059301380991 0.9042769857433809]]
[['SVD' 'FakeWebsite' 6 None 0.9014020805065581 0.9094583670169766
  0.9138911454102355 0.9116693679092382]]
[['SVD' 'FakeWebsite' 8 None 0.9199457259158752 0.9222756410256411
  0.9350121852152722 0.9286002420330778]]
[['SVD' 'FakeWebsite' 10 None 0.926729986431479 0.916601714731099
  0.9553208773354996 0.9355608591885441]]
[['SVD' 'FakeWebsite' 12 None 0.9294436906377205 0.9209083790133125
  0.9553208773354996 0.937799043062201]]
[['SVD' 'FakeWebsite' 14 None 0.9303482587064676 0.9230164964650432
  0.9545085296506904 0.9384984025559105]]
[['SVD' 'Glass' 2 None 0.6976744186046512 0.7586831772878284
  0.6976744186046512 0.6410941815913748]]
[['SVD' 'Grade' 2 None 0.955 0.9580948874395119 0.955 0.9548696167631651]]
[['SVD' 'Heart' 2 None 0.6195652173913043 0.6777777777777778
  0.5980392156862745 0.6354166666666667]]
[['SVD' 'Heart' 4 None 0.7065217391304348 0.7142857142857143
  0.7843137254901961 0.7476635514018691]]
[['SVD' 'Heart' 6 None 0.7119565217391305 0.7207207207207207
  0.7843137254901961 0.7511737089201878]]
[['SVD' 'Heart' 8 None 0.7119565217391305 0.7207207207207207
  0.7843137254901961 0.7511737089201878]]
[['SVD' 'Parkinsons' 2 None 0.7948717948717948 0.8 0.9655172413793104
  0.8750000000000001]]
[['SVD' 'Parkinsons' 4 None 0.7948717948717948 0.8 0.9655172413793104
  0.8750000000000001]]
[['SVD' 'Parkinsons' 6 None 0.7948717948717948 0.8181818181818182
  0.9310344827586207 0.8709677419354839]]
[['SVD' 'Parkinsons' 8 None 0.8461538461538461 0.8285714285714286 1.0
  0.90625]]
[['SVD' 'Parkinsons' 10 None 0.8461538461538461 0.8285714285714286 1.0
  0.90625]]
[['SVD' 'StayHospital' 2 None 0.2955 0.79182025 0.2955 0.1348054805094558]]
[['SVD' 'StayHospital' 4 None 0.2955 0.79182025 0.2955 0.1348054805094558]]
[['SVD' 'StayHospital' 6 None 0.2955 0.79182025 0.2955 0.1348054805094558]]
[['SVD' 'StayHospital' 8 None 0.2955 0.79182025 0.2955 0.1348054805094558]]
[['SVD' 'StayHospital' 10 None 0.2955 0.79182025 0.2955
  0.1348054805094558]]
[['SVD' 'StayHospital' 12 None 0.2955 0.79182025 0.2955
  0.1348054805094558]]
[['SVD' 'StayHospital' 14 None 0.2955 0.79182025 0.2955
  0.1348054805094558]]
[['SVD' 'StayHospital' 16 None 0.2955 0.79182025 0.2955
  0.1348054805094558]]
[['SVD' 'StayHospital' 18 None 0.2955 0.79182025 0.2955
  0.1348054805094558]]
[['SVD' 'StayHospital' 20 None 0.2955 0.79182025 0.2955
  0.1348054805094558]]
[['SVD' 'StayHospital' 22 None 0.2955 0.79182025 0.2955
  0.1348054805094558]]
[['SVD' 'StayHospital' 24 None 0.2955 0.79182025 0.2955
  0.1348054805094558]]
[['SVD' 'Zoo' 2 None 0.7142857142857143 0.7987528344671203
  0.7142857142857143 0.6430839002267573]]
[['SVD' 'Zoo' 4 None 0.9047619047619048 0.9166666666666666
  0.9047619047619048 0.8843537414965985]]
[['SVD' 'Zoo' 6 None 0.9523809523809523 0.9642857142857143
  0.9523809523809523 0.9319727891156462]]
----------lpp----------
Index(['dr_name', 'dataset_name', 'n_components', 'n_neighbors',
       'fit_transform_time'],
      dtype='object')
LPP,AcademicSuccess,2,8,0.2760734558105469
LPP,AcademicSuccess,2,15,0.2277679443359375
LPP,AcademicSuccess,2,59,0.25126194953918457
LPP,AcademicSuccess,4,8,0.21900224685668945
LPP,AcademicSuccess,4,15,0.2371232509613037
LPP,AcademicSuccess,4,59,0.2488112449645996
LPP,AcademicSuccess,6,8,0.22658276557922363
LPP,AcademicSuccess,6,15,0.24194574356079102
LPP,AcademicSuccess,6,59,0.26799917221069336
LPP,AcademicSuccess,8,8,0.22741436958312988
LPP,AcademicSuccess,8,15,0.22786617279052734
LPP,AcademicSuccess,8,59,0.25165581703186035
LPP,AcademicSuccess,10,8,0.22789812088012695
LPP,AcademicSuccess,10,15,0.22715997695922852
LPP,AcademicSuccess,10,59,0.24994587898254395
LPP,AcademicSuccess,12,8,0.22127556800842285
LPP,AcademicSuccess,12,15,0.3719019889831543
LPP,AcademicSuccess,12,59,0.27030181884765625
LPP,AcademicSuccess,14,8,0.22167038917541504
LPP,AcademicSuccess,14,15,0.30118632316589355
LPP,AcademicSuccess,14,59,0.2646160125732422
LPP,AcademicSuccess,16,8,0.2245190143585205
LPP,AcademicSuccess,16,15,0.24689817428588867
LPP,AcademicSuccess,16,59,0.2577195167541504
LPP,BuyCoupon,2,9,1.6519598960876465
LPP,BuyCoupon,2,21,1.7622902393341064
LPP,BuyCoupon,2,100,1.5165722370147705
LPP,BuyCoupon,5,9,1.7762904167175293
LPP,BuyCoupon,5,21,1.763833999633789
LPP,BuyCoupon,5,100,2.4657905101776123
LPP,BuyCoupon,8,9,2.077098846435547
LPP,BuyCoupon,8,21,1.4559357166290283
LPP,BuyCoupon,8,100,1.5382871627807617
LPP,BuyCoupon,11,9,1.2869067192077637
LPP,BuyCoupon,11,21,1.8371882438659668
LPP,BuyCoupon,11,100,1.57606840133667
LPP,BuyCoupon,14,9,1.2943236827850342
LPP,BuyCoupon,14,21,2.0156993865966797
LPP,BuyCoupon,14,100,1.530236005783081
LPP,BuyCoupon,17,9,1.6201729774475098
LPP,BuyCoupon,17,21,2.436556100845337
LPP,BuyCoupon,17,100,2.3669369220733643
LPP,BuyCoupon,20,9,2.0116159915924072
LPP,BuyCoupon,20,21,2.347344160079956
LPP,BuyCoupon,20,100,2.215594530105591
LPP,BuyCoupon,23,9,2.295820474624634
LPP,BuyCoupon,23,21,1.4538326263427734
LPP,BuyCoupon,23,100,1.5735974311828613
LPP,BuyCoupon,26,9,2.020850658416748
LPP,BuyCoupon,26,21,2.335155963897705
LPP,BuyCoupon,26,100,1.5798594951629639
LPP,BuyCoupon,29,9,2.7527782917022705
LPP,BuyCoupon,29,21,1.3746492862701416
LPP,BuyCoupon,29,100,2.370661497116089
LPP,DryBean,2,9,1.2349536418914795
LPP,DryBean,2,22,1.281536340713501
LPP,DryBean,2,104,1.4435784816741943
LPP,DryBean,4,9,1.2215685844421387
LPP,DryBean,4,22,1.2946226596832275
LPP,DryBean,4,104,1.4478588104248047
LPP,DryBean,6,9,1.1793885231018066
LPP,DryBean,6,22,1.30792236328125
LPP,DryBean,6,104,1.4431211948394775
LPP,FakeWebsite,2,9,1.7073583602905273
LPP,FakeWebsite,2,20,1.7405517101287842
LPP,FakeWebsite,2,94,1.7922956943511963
LPP,FakeWebsite,4,9,1.7018532752990723
LPP,FakeWebsite,4,20,1.746483564376831
LPP,FakeWebsite,4,94,1.8294224739074707
LPP,FakeWebsite,6,9,1.7315483093261719
LPP,FakeWebsite,6,20,1.7283365726470947
LPP,FakeWebsite,6,94,1.7936170101165771
LPP,FakeWebsite,8,9,1.6998002529144287
LPP,FakeWebsite,8,20,1.7228529453277588
LPP,FakeWebsite,8,94,1.7932443618774414
LPP,FakeWebsite,10,9,1.707420825958252
LPP,FakeWebsite,10,20,1.7751619815826416
LPP,FakeWebsite,10,94,1.818589448928833
LPP,FakeWebsite,12,9,1.6862173080444336
LPP,FakeWebsite,12,20,1.7645831108093262
LPP,FakeWebsite,12,94,1.8218843936920166
LPP,FakeWebsite,14,9,1.7751045227050781
LPP,FakeWebsite,14,20,1.8538463115692139
LPP,FakeWebsite,14,94,1.9117789268493652
LPP,Glass,2,5,0.015459299087524414
LPP,Glass,2,5,0.02383875846862793
LPP,Glass,2,13,0.014152288436889648
LPP,Grade,2,6,0.01707148551940918
LPP,Grade,2,9,0.027422428131103516
LPP,Grade,2,28,0.029802560806274414
LPP,Heart,2,6,0.07533001899719238
LPP,Heart,2,9,0.07601237297058105
LPP,Heart,2,27,0.08724403381347656
LPP,Heart,4,6,0.07371258735656738
LPP,Heart,4,9,0.07789039611816406
LPP,Heart,4,27,0.0847465991973877
LPP,Heart,6,6,0.08007574081420898
LPP,Heart,6,9,0.07976436614990234
LPP,Heart,6,27,0.07731080055236816
LPP,Heart,8,6,0.08381199836730957
LPP,Heart,8,9,0.07847404479980469
LPP,Heart,8,27,0.07670140266418457
LPP,Parkinsons,2,5,0.07621526718139648
LPP,Parkinsons,2,5,0.07398819923400879
LPP,Parkinsons,2,12,0.06759119033813477
LPP,Parkinsons,4,5,0.07743072509765625
LPP,Parkinsons,4,5,0.06831240653991699
LPP,Parkinsons,4,12,0.037793874740600586
LPP,Parkinsons,6,5,0.061446189880371094
LPP,Parkinsons,6,5,0.07642579078674316
LPP,Parkinsons,6,12,0.047743797302246094
LPP,Parkinsons,8,5,0.07973718643188477
LPP,Parkinsons,8,5,0.07682132720947266
LPP,Parkinsons,8,12,0.07813644409179688
LPP,Parkinsons,10,5,0.08264923095703125
LPP,Parkinsons,10,5,0.07619333267211914
LPP,Parkinsons,10,12,0.07349157333374023
LPP,StayHospital,2,8,1.8296566009521484
LPP,StayHospital,2,19,2.0811448097229004
LPP,StayHospital,2,89,2.259300947189331
LPP,StayHospital,4,8,2.08304762840271
LPP,StayHospital,4,19,1.616140365600586
LPP,StayHospital,4,89,1.6630520820617676
LPP,StayHospital,6,8,1.5299041271209717
LPP,StayHospital,6,19,1.5617873668670654
LPP,StayHospital,6,89,2.0320420265197754
LPP,StayHospital,8,8,2.0758020877838135
LPP,StayHospital,8,19,2.1197221279144287
LPP,StayHospital,8,89,1.658022165298462
LPP,StayHospital,10,8,1.5236074924468994
LPP,StayHospital,10,19,1.8878545761108398
LPP,StayHospital,10,89,1.986889123916626
LPP,StayHospital,12,8,1.951279640197754
LPP,StayHospital,12,19,1.5872595310211182
LPP,StayHospital,12,89,1.6821227073669434
LPP,StayHospital,14,8,1.6455824375152588
LPP,StayHospital,14,19,1.714432954788208
LPP,StayHospital,14,89,3.846130609512329
LPP,StayHospital,16,8,1.83717942237854
LPP,StayHospital,16,19,2.0445690155029297
LPP,StayHospital,16,89,2.0057766437530518
LPP,StayHospital,18,8,1.8101081848144531
LPP,StayHospital,18,19,1.7000885009765625
LPP,StayHospital,18,89,1.6722102165222168
LPP,StayHospital,20,8,1.5422754287719727
LPP,StayHospital,20,19,1.6733837127685547
LPP,StayHospital,20,89,1.9592978954315186
LPP,StayHospital,22,8,1.515183448791504
LPP,StayHospital,22,19,1.6097157001495361
LPP,StayHospital,22,89,2.351588487625122
LPP,StayHospital,24,8,1.789407730102539
LPP,StayHospital,24,19,1.9506263732910156
LPP,StayHospital,24,89,1.8412144184112549
LPP,Zoo,2,4,0.057599544525146484
LPP,Zoo,2,4,0.01340484619140625
LPP,Zoo,2,8,0.0025186538696289062
LPP,Zoo,4,4,0.0024933815002441406
LPP,Zoo,4,4,0.0022094249725341797
LPP,Zoo,4,8,0.002228260040283203
LPP,Zoo,6,4,0.0022382736206054688
LPP,Zoo,6,4,0.002179861068725586
LPP,Zoo,6,8,0.0022497177124023438
Index(['dr_name', 'dataset_name', 'n_components', 'n_neighbors',
       'transform_time'],
      dtype='object')
LPP,AcademicSuccess,2,8,0.0006475448608398438
LPP,AcademicSuccess,2,15,0.0006155967712402344
LPP,AcademicSuccess,2,59,0.0006048679351806641
LPP,AcademicSuccess,4,8,0.0005915164947509766
LPP,AcademicSuccess,4,15,0.0005922317504882812
LPP,AcademicSuccess,4,59,0.0005931854248046875
LPP,AcademicSuccess,6,8,0.0005977153778076172
LPP,AcademicSuccess,6,15,0.0006062984466552734
LPP,AcademicSuccess,6,59,0.0006012916564941406
LPP,AcademicSuccess,8,8,0.0005960464477539062
LPP,AcademicSuccess,8,15,0.0006034374237060547
LPP,AcademicSuccess,8,59,0.0005998611450195312
LPP,AcademicSuccess,10,8,0.0006430149078369141
LPP,AcademicSuccess,10,15,0.0008232593536376953
LPP,AcademicSuccess,10,59,0.0008156299591064453
LPP,AcademicSuccess,12,8,0.0008378028869628906
LPP,AcademicSuccess,12,15,0.003264188766479492
LPP,AcademicSuccess,12,59,0.011725425720214844
LPP,AcademicSuccess,14,8,0.0009021759033203125
LPP,AcademicSuccess,14,15,0.009476184844970703
LPP,AcademicSuccess,14,59,0.0008940696716308594
LPP,AcademicSuccess,16,8,0.0008845329284667969
LPP,AcademicSuccess,16,15,0.0008831024169921875
LPP,AcademicSuccess,16,59,0.0008778572082519531
LPP,BuyCoupon,2,9,0.0013556480407714844
LPP,BuyCoupon,2,21,0.0023179054260253906
LPP,BuyCoupon,2,100,0.011180877685546875
LPP,BuyCoupon,5,9,0.001392364501953125
LPP,BuyCoupon,5,21,0.0013942718505859375
LPP,BuyCoupon,5,100,0.0013933181762695312
LPP,BuyCoupon,8,9,0.0014846324920654297
LPP,BuyCoupon,8,21,0.0019130706787109375
LPP,BuyCoupon,8,100,0.0015039443969726562
LPP,BuyCoupon,11,9,0.0015094280242919922
LPP,BuyCoupon,11,21,0.0015010833740234375
LPP,BuyCoupon,11,100,0.0014908313751220703
LPP,BuyCoupon,14,9,0.009942770004272461
LPP,BuyCoupon,14,21,0.003741025924682617
LPP,BuyCoupon,14,100,0.0037152767181396484
LPP,BuyCoupon,17,9,0.0036017894744873047
LPP,BuyCoupon,17,21,0.0036783218383789062
LPP,BuyCoupon,17,100,0.0038046836853027344
LPP,BuyCoupon,20,9,0.003638029098510742
LPP,BuyCoupon,20,21,0.003653287887573242
LPP,BuyCoupon,20,100,0.0036330223083496094
LPP,BuyCoupon,23,9,0.0036449432373046875
LPP,BuyCoupon,23,21,0.003661632537841797
LPP,BuyCoupon,23,100,0.003840208053588867
LPP,BuyCoupon,26,9,0.0036923885345458984
LPP,BuyCoupon,26,21,0.0038127899169921875
LPP,BuyCoupon,26,100,0.0040798187255859375
LPP,BuyCoupon,29,9,0.00402069091796875
LPP,BuyCoupon,29,21,0.0038390159606933594
LPP,BuyCoupon,29,100,0.003999948501586914
LPP,DryBean,2,9,0.0006971359252929688
LPP,DryBean,2,22,0.0006880760192871094
LPP,DryBean,2,104,0.0006885528564453125
LPP,DryBean,4,9,0.0006940364837646484
LPP,DryBean,4,22,0.0007004737854003906
LPP,DryBean,4,104,0.0006914138793945312
LPP,DryBean,6,9,0.0007116794586181641
LPP,DryBean,6,22,0.0007150173187255859
LPP,DryBean,6,104,0.0007112026214599609
LPP,FakeWebsite,2,9,0.0007975101470947266
LPP,FakeWebsite,2,20,0.0007562637329101562
LPP,FakeWebsite,2,94,0.0007572174072265625
LPP,FakeWebsite,4,9,0.009297847747802734
LPP,FakeWebsite,4,20,0.002321481704711914
LPP,FakeWebsite,4,94,0.002329587936401367
LPP,FakeWebsite,6,9,0.0023293495178222656
LPP,FakeWebsite,6,20,0.002348184585571289
LPP,FakeWebsite,6,94,0.0023708343505859375
LPP,FakeWebsite,8,9,0.00238037109375
LPP,FakeWebsite,8,20,0.0024013519287109375
LPP,FakeWebsite,8,94,0.002356290817260742
LPP,FakeWebsite,10,9,0.0023720264434814453
LPP,FakeWebsite,10,20,0.002402782440185547
LPP,FakeWebsite,10,94,0.0023801326751708984
LPP,FakeWebsite,12,9,0.0024154186248779297
LPP,FakeWebsite,12,20,0.0023965835571289062
LPP,FakeWebsite,12,94,0.0024492740631103516
LPP,FakeWebsite,14,9,0.0024597644805908203
LPP,FakeWebsite,14,20,0.0024466514587402344
LPP,FakeWebsite,14,94,0.0024499893188476562
LPP,Glass,2,5,0.0006124973297119141
LPP,Glass,2,5,0.0006067752838134766
LPP,Glass,2,13,0.0006034374237060547
LPP,Grade,2,6,0.0005922317504882812
LPP,Grade,2,9,0.0005848407745361328
LPP,Grade,2,28,0.0005886554718017578
LPP,Heart,2,6,0.0006999969482421875
LPP,Heart,2,9,0.0008022785186767578
LPP,Heart,2,27,0.0008153915405273438
LPP,Heart,4,6,0.0006997585296630859
LPP,Heart,4,9,0.0006999969482421875
LPP,Heart,4,27,0.0006937980651855469
LPP,Heart,6,6,0.000701904296875
LPP,Heart,6,9,0.0006997585296630859
LPP,Heart,6,27,0.0006997585296630859
LPP,Heart,8,6,0.0006973743438720703
LPP,Heart,8,9,0.0006976127624511719
LPP,Heart,8,27,0.0006928443908691406
LPP,Parkinsons,2,5,0.0006647109985351562
LPP,Parkinsons,2,5,0.000652313232421875
LPP,Parkinsons,2,12,0.0006473064422607422
LPP,Parkinsons,4,5,0.0006494522094726562
LPP,Parkinsons,4,5,0.0006513595581054688
LPP,Parkinsons,4,12,0.0006530284881591797
LPP,Parkinsons,6,5,0.0006573200225830078
LPP,Parkinsons,6,5,0.0006549358367919922
LPP,Parkinsons,6,12,0.0006487369537353516
LPP,Parkinsons,8,5,0.0006515979766845703
LPP,Parkinsons,8,5,0.0006513595581054688
LPP,Parkinsons,8,12,0.0006465911865234375
LPP,Parkinsons,10,5,0.0006539821624755859
LPP,Parkinsons,10,5,0.0006544589996337891
LPP,Parkinsons,10,12,0.0006508827209472656
LPP,StayHospital,2,8,0.0009396076202392578
LPP,StayHospital,2,19,0.0009067058563232422
LPP,StayHospital,2,89,0.0009016990661621094
LPP,StayHospital,4,8,0.0008952617645263672
LPP,StayHospital,4,19,0.0008864402770996094
LPP,StayHospital,4,89,0.0008952617645263672
LPP,StayHospital,6,8,0.0009315013885498047
LPP,StayHospital,6,19,0.0009484291076660156
LPP,StayHospital,6,89,0.0009510517120361328
LPP,StayHospital,8,8,0.0009772777557373047
LPP,StayHospital,8,19,0.0009658336639404297
LPP,StayHospital,8,89,0.0009725093841552734
LPP,StayHospital,10,8,0.0009741783142089844
LPP,StayHospital,10,19,0.000978231430053711
LPP,StayHospital,10,89,0.0014050006866455078
LPP,StayHospital,12,8,0.0010340213775634766
LPP,StayHospital,12,19,0.00101470947265625
LPP,StayHospital,12,89,0.0010073184967041016
LPP,StayHospital,14,8,0.0010116100311279297
LPP,StayHospital,14,19,0.0010156631469726562
LPP,StayHospital,14,89,0.0010421276092529297
LPP,StayHospital,16,8,0.0010161399841308594
LPP,StayHospital,16,19,0.0010528564453125
LPP,StayHospital,16,89,0.0010526180267333984
LPP,StayHospital,18,8,0.0010683536529541016
LPP,StayHospital,18,19,0.0010461807250976562
LPP,StayHospital,18,89,0.0010654926300048828
LPP,StayHospital,20,8,0.0010745525360107422
LPP,StayHospital,20,19,0.0011191368103027344
LPP,StayHospital,20,89,0.0010831356048583984
LPP,StayHospital,22,8,0.0011005401611328125
LPP,StayHospital,22,19,0.0010950565338134766
LPP,StayHospital,22,89,0.0010831356048583984
LPP,StayHospital,24,8,0.0011029243469238281
LPP,StayHospital,24,19,0.001154184341430664
LPP,StayHospital,24,89,0.0011358261108398438
LPP,Zoo,2,4,0.0006875991821289062
LPP,Zoo,2,4,0.0006871223449707031
LPP,Zoo,2,8,0.0006737709045410156
LPP,Zoo,4,4,0.0006816387176513672
LPP,Zoo,4,4,0.0006928443908691406
LPP,Zoo,4,8,0.0006725788116455078
LPP,Zoo,6,4,0.0006785392761230469
LPP,Zoo,6,4,0.0006830692291259766
LPP,Zoo,6,8,0.0006735324859619141
Index(['dr_name', 'dataset_name', 'n_components', 'n_neighbors', 'accuracy',
       'precision', 'recall', 'f1_score'],
      dtype='object')
[['LPP' 'AcademicSuccess' 2 8 0.6519774011299435 0.7506112547479971
  0.6519774011299435 0.5786687511422788]]
[['LPP' 'AcademicSuccess' 2 15 0.6474576271186441 0.7455743879472693
  0.6474576271186441 0.5741471697329026]]
[['LPP' 'AcademicSuccess' 2 59 0.656497175141243 0.7615206631820735
  0.656497175141243 0.5826294175231647]]
[['LPP' 'AcademicSuccess' 4 8 0.6587570621468927 0.7654114555460159
  0.6587570621468927 0.5846297445812776]]
[['LPP' 'AcademicSuccess' 4 15 0.6576271186440678 0.7673599950461528
  0.6576271186440678 0.5836295253779259]]
[['LPP' 'AcademicSuccess' 4 59 0.6542372881355932 0.764108824424052
  0.6542372881355932 0.5796075067010135]]
[['LPP' 'AcademicSuccess' 6 8 0.6711864406779661 0.6405752439650746
  0.6711864406779661 0.6041062363460139]]
[['LPP' 'AcademicSuccess' 6 15 0.6768361581920904 0.6773629179719384
  0.6768361581920904 0.6114342097820272]]
[['LPP' 'AcademicSuccess' 6 59 0.6813559322033899 0.6338123358885165
  0.6813559322033899 0.6131615404010166]]
[['LPP' 'AcademicSuccess' 8 8 0.6689265536723163 0.624430882114431
  0.6689265536723163 0.6005400838569093]]
[['LPP' 'AcademicSuccess' 8 15 0.6937853107344633 0.6758695046885345
  0.6937853107344633 0.6324589970624243]]
[['LPP' 'AcademicSuccess' 8 59 0.7050847457627119 0.6955786887263806
  0.7050847457627119 0.6443614211096318]]
[['LPP' 'AcademicSuccess' 10 8 0.6836158192090396 0.6716970583924439
  0.6836158192090396 0.6190222796719513]]
[['LPP' 'AcademicSuccess' 10 15 0.6949152542372882 0.7038020449521002
  0.6949152542372882 0.6384065879019787]]
[['LPP' 'AcademicSuccess' 10 59 0.711864406779661 0.6892935823551346
  0.711864406779661 0.6608232602646311]]
[['LPP' 'AcademicSuccess' 12 8 0.6847457627118644 0.6806243076550491
  0.6847457627118644 0.6265675446435515]]
[['LPP' 'AcademicSuccess' 12 15 0.688135593220339 0.673845739856692
  0.688135593220339 0.6362036531641543]]
[['LPP' 'AcademicSuccess' 12 59 0.7310734463276836 0.7150042229383451
  0.7310734463276836 0.6971070686209789]]
[['LPP' 'AcademicSuccess' 14 8 0.6983050847457627 0.6832071020682998
  0.6983050847457627 0.6541757267234339]]
[['LPP' 'AcademicSuccess' 14 15 0.7028248587570621 0.6905395485570321
  0.7028248587570621 0.6594507237128885]]
[['LPP' 'AcademicSuccess' 14 59 0.7265536723163842 0.7073392099177425
  0.7265536723163842 0.6915299362832711]]
[['LPP' 'AcademicSuccess' 16 8 0.7050847457627119 0.6806964495129463
  0.7050847457627119 0.6685201822247271]]
[['LPP' 'AcademicSuccess' 16 15 0.7084745762711865 0.686544645778427
  0.7084745762711865 0.6739697514349096]]
[['LPP' 'AcademicSuccess' 16 59 0.7163841807909604 0.6950968813700453
  0.7163841807909604 0.6868165078192313]]
[['LPP' 'BuyCoupon' 2 9 0.5675995270003942 0.5680473372781065
  0.9986130374479889 0.7241639426703546]]
[['LPP' 'BuyCoupon' 2 21 0.5683878596767836 0.5683878596767836 1.0
  0.7248052274440815]]
[['LPP' 'BuyCoupon' 2 100 0.5719353567205361 0.5716009654062751
  0.9854368932038835 0.7235234215885947]]
[['LPP' 'BuyCoupon' 5 9 0.5648403626330312 0.5672235481304694
  0.9889042995839112 0.7209302325581396]]
[['LPP' 'BuyCoupon' 5 21 0.5687820260149783 0.5686661404893449
  0.9993065187239945 0.7248490945674044]]
[['LPP' 'BuyCoupon' 5 100 0.5683878596767836 0.5683878596767836 1.0
  0.7248052274440815]]
[['LPP' 'BuyCoupon' 8 9 0.5648403626330312 0.5672235481304694
  0.9889042995839112 0.7209302325581396]]
[['LPP' 'BuyCoupon' 8 21 0.5683878596767836 0.5683878596767836 1.0
  0.7248052274440815]]
[['LPP' 'BuyCoupon' 8 100 0.5683878596767836 0.5683878596767836 1.0
  0.7248052274440815]]
[['LPP' 'BuyCoupon' 11 9 0.5648403626330312 0.5672235481304694
  0.9889042995839112 0.7209302325581396]]
[['LPP' 'BuyCoupon' 11 21 0.5683878596767836 0.5683878596767836 1.0
  0.7248052274440815]]
[['LPP' 'BuyCoupon' 11 100 0.5683878596767836 0.5683878596767836 1.0
  0.7248052274440815]]
[['LPP' 'BuyCoupon' 14 9 0.5648403626330312 0.5672235481304694
  0.9889042995839112 0.7209302325581396]]
[['LPP' 'BuyCoupon' 14 21 0.5648403626330312 0.5672235481304694
  0.9889042995839112 0.7209302325581396]]
[['LPP' 'BuyCoupon' 14 100 0.5683878596767836 0.5683878596767836 1.0
  0.7248052274440815]]
[['LPP' 'BuyCoupon' 17 9 0.5648403626330312 0.5672235481304694
  0.9889042995839112 0.7209302325581396]]
[['LPP' 'BuyCoupon' 17 21 0.5648403626330312 0.5672235481304694
  0.9889042995839112 0.7209302325581396]]
[['LPP' 'BuyCoupon' 17 100 0.5648403626330312 0.5672235481304694
  0.9889042995839112 0.7209302325581396]]
[['LPP' 'BuyCoupon' 20 9 0.5695703586913677 0.5787578757875788
  0.8918169209431346 0.7019650655021834]]
[['LPP' 'BuyCoupon' 20 21 0.5668111943240047 0.574468085106383
  0.9174757281553398 0.7065420560747665]]
[['LPP' 'BuyCoupon' 20 100 0.607016160819866 0.6090151886330231
  0.8619972260748959 0.7137525122021244]]
[['LPP' 'BuyCoupon' 23 9 0.584548679542767 0.5866071428571429
  0.9112343966712899 0.7137425312330257]]
[['LPP' 'BuyCoupon' 23 21 0.6066219944816713 0.6128048780487805
  0.8363384188626907 0.7073313782991202]]
[['LPP' 'BuyCoupon' 23 100 0.62238864800946 0.6283138918345705
  0.8217753120665742 0.7121394230769231]]
[['LPP' 'BuyCoupon' 26 9 0.5932203389830508 0.5961538461538461
  0.8814147018030514 0.7112479015109122]]
[['LPP' 'BuyCoupon' 26 21 0.612534489554592 0.6178736517719569
  0.834257975034674 0.7099439362643847]]
[['LPP' 'BuyCoupon' 26 100 0.6283011430823807 0.635230352303523
  0.812760055478502 0.7131122604198357]]
[['LPP' 'BuyCoupon' 29 9 0.6022861647615294 0.6107416879795396
  0.8280166435506241 0.7029732116573447]]
[['LPP' 'BuyCoupon' 29 21 0.6302719747733544 0.6392265193370166
  0.8023578363384188 0.7115621156211561]]
[['LPP' 'BuyCoupon' 29 100 0.6397319668900275 0.6448957189901208
  0.8148404993065187 0.7199754901960785]]
[['LPP' 'DryBean' 2 9 0.868160117517444 0.8685947829066141
  0.868160117517444 0.8664346204555482]]
[['LPP' 'DryBean' 2 22 0.866691149467499 0.8671714553391268
  0.866691149467499 0.8651389670568765]]
[['LPP' 'DryBean' 2 104 0.8688946015424165 0.8690234094051763
  0.8688946015424165 0.8676427663818823]]
[['LPP' 'DryBean' 4 9 0.9023136246786633 0.9037720549473564
  0.9023136246786633 0.9024127690112971]]
[['LPP' 'DryBean' 4 22 0.9026808666911494 0.9042858718812192
  0.9026808666911494 0.902920397185144]]
[['LPP' 'DryBean' 4 104 0.9052515607785531 0.9070524157441479
  0.9052515607785531 0.9055355107358697]]
[['LPP' 'DryBean' 6 9 0.9155343371281675 0.9164802925044122
  0.9155343371281675 0.9157575380018446]]
[['LPP' 'DryBean' 6 22 0.9214102093279471 0.9223520786484892
  0.9214102093279471 0.9216495678773914]]
[['LPP' 'DryBean' 6 104 0.9239809034153507 0.9249981665282369
  0.9239809034153507 0.9242922181522689]]
[['LPP' 'FakeWebsite' 2 9 0.8163726820443238 0.8035320088300221
  0.8870836718115354 0.8432432432432432]]
[['LPP' 'FakeWebsite' 2 20 0.8181818181818182 0.8001448225923244
  0.8976441917140536 0.8460949464012252]]
[['LPP' 'FakeWebsite' 2 94 0.8548168249660787 0.828757225433526
  0.9317627944760357 0.8772466539196941]]
[['LPP' 'FakeWebsite' 4 9 0.8977838082315694 0.900398406374502
  0.9179528838342811 0.9090909090909091]]
[['LPP' 'FakeWebsite' 4 20 0.89280868385346 0.8976 0.9114541023558083
  0.9044740024183796]]
[['LPP' 'FakeWebsite' 4 94 0.8914518317503393 0.8992747784045125
  0.9065800162469537 0.9029126213592233]]
[['LPP' 'FakeWebsite' 6 9 0.9014020805065581 0.8972549019607843
  0.9293257514216084 0.9130087789305666]]
[['LPP' 'FakeWebsite' 6 20 0.9018543645409317 0.901743264659271
  0.9244516653127539 0.9129562775772162]]
[['LPP' 'FakeWebsite' 6 94 0.8964269561284487 0.9059967585089141
  0.9082047116165719 0.9070993914807303]]
[['LPP' 'FakeWebsite' 8 9 0.9122568973315242 0.9111816019032514
  0.9333874898456539 0.9221508828250401]]
[['LPP' 'FakeWebsite' 8 20 0.911352329262777 0.9110405083399523
  0.9317627944760357 0.921285140562249]]
[['LPP' 'FakeWebsite' 8 94 0.9140660334690185 0.9127676447264076
  0.9350121852152722 0.9237560192616372]]
[['LPP' 'FakeWebsite' 10 9 0.9222071460877431 0.9192399049881235
  0.9431356620633631 0.9310344827586206]]
[['LPP' 'FakeWebsite' 10 20 0.9194934418815016 0.9155485398579322
  0.942323314378554 0.9287429943955163]]
[['LPP' 'FakeWebsite' 10 94 0.9176843057440073 0.913317572892041
  0.9415109666937449 0.9272]]
[['LPP' 'FakeWebsite' 12 9 0.942107643600181 0.9332285938727416
  0.9650690495532088 0.9488817891373802]]
[['LPP' 'FakeWebsite' 12 20 0.9380370872908186 0.9280125195618153
  0.9634443541835905 0.9453965723395775]]
[['LPP' 'FakeWebsite' 12 94 0.9416553595658074 0.9284603421461898
  0.9699431356620634 0.9487485101311085]]
[['LPP' 'FakeWebsite' 14 9 0.9502487562189055 0.9416863672182821
  0.9707554833468724 0.956]]
[['LPP' 'FakeWebsite' 14 20 0.9484396200814111 0.9408050513022889
  0.9683184402924452 0.9543634907926342]]
[['LPP' 'FakeWebsite' 14 94 0.9493441881501583 0.9402045633359559
  0.9707554833468724 0.9552358113509192]]
[['LPP' 'Glass' 2 5 0.5581395348837209 0.6414696111002541
  0.5581395348837209 0.49771533792539047]]
[['LPP' 'Glass' 2 13 0.6046511627906976 0.6788825689394485
  0.6046511627906976 0.5626321353065539]]
[['LPP' 'Grade' 2 6 0.96 0.9623480017006805 0.96 0.9598995742578021]]
[['LPP' 'Grade' 2 9 0.96 0.9623480017006805 0.96 0.9598995742578021]]
[['LPP' 'Grade' 2 28 0.955 0.9591326530612244 0.955 0.9550650166826636]]
[['LPP' 'Heart' 2 6 0.5543478260869565 0.5543478260869565 1.0
  0.7132867132867133]]
[['LPP' 'Heart' 2 9 0.5543478260869565 0.5543478260869565 1.0
  0.7132867132867133]]
[['LPP' 'Heart' 2 27 0.5543478260869565 0.5543478260869565 1.0
  0.7132867132867133]]
[['LPP' 'Heart' 4 6 0.625 0.7323943661971831 0.5098039215686274
  0.6011560693641619]]
[['LPP' 'Heart' 4 9 0.6086956521739131 0.7272727272727273
  0.47058823529411764 0.5714285714285714]]
[['LPP' 'Heart' 4 27 0.6086956521739131 0.7205882352941176
  0.4803921568627451 0.5764705882352942]]
[['LPP' 'Heart' 6 6 0.7065217391304348 0.7105263157894737
  0.7941176470588235 0.7499999999999999]]
[['LPP' 'Heart' 6 9 0.7010869565217391 0.7008547008547008
  0.803921568627451 0.7488584474885844]]
[['LPP' 'Heart' 6 27 0.7119565217391305 0.7168141592920354
  0.7941176470588235 0.7534883720930233]]
/home/soyoung/.local/lib/python3.8/site-packages/umap/distances.py:1063: NumbaDeprecationWarning: [1mThe 'nopython' keyword argument was not supplied to the 'numba.jit' decorator. The implicit default value for this argument is currently False, but it will be changed to True in Numba 0.59.0. See https://numba.readthedocs.io/en/stable/reference/deprecation.html#deprecation-of-object-mode-fall-back-behaviour-when-using-jit for details.[0m
  @numba.jit()
/home/soyoung/.local/lib/python3.8/site-packages/umap/distances.py:1071: NumbaDeprecationWarning: [1mThe 'nopython' keyword argument was not supplied to the 'numba.jit' decorator. The implicit default value for this argument is currently False, but it will be changed to True in Numba 0.59.0. See https://numba.readthedocs.io/en/stable/reference/deprecation.html#deprecation-of-object-mode-fall-back-behaviour-when-using-jit for details.[0m
  @numba.jit()
/home/soyoung/.local/lib/python3.8/site-packages/umap/distances.py:1086: NumbaDeprecationWarning: [1mThe 'nopython' keyword argument was not supplied to the 'numba.jit' decorator. The implicit default value for this argument is currently False, but it will be changed to True in Numba 0.59.0. See https://numba.readthedocs.io/en/stable/reference/deprecation.html#deprecation-of-object-mode-fall-back-behaviour-when-using-jit for details.[0m
  @numba.jit()
/home/soyoung/.local/lib/python3.8/site-packages/umap/umap_.py:660: NumbaDeprecationWarning: [1mThe 'nopython' keyword argument was not supplied to the 'numba.jit' decorator. The implicit default value for this argument is currently False, but it will be changed to True in Numba 0.59.0. See https://numba.readthedocs.io/en/stable/reference/deprecation.html#deprecation-of-object-mode-fall-back-behaviour-when-using-jit for details.[0m
  @numba.jit()
[['LPP' 'Heart' 8 6 0.7228260869565217 0.717948717948718
  0.8235294117647058 0.767123287671233]]
[['LPP' 'Heart' 8 9 0.7934782608695652 0.8018867924528302
  0.8333333333333334 0.8173076923076923]]
[['LPP' 'Heart' 8 27 0.7554347826086957 0.7478260869565218
  0.8431372549019608 0.7926267281105991]]
[['LPP' 'Parkinsons' 2 5 0.8461538461538461 0.8285714285714286 1.0
  0.90625]]
[['LPP' 'Parkinsons' 2 12 0.8205128205128205 0.8055555555555556 1.0
  0.8923076923076924]]
[['LPP' 'Parkinsons' 4 5 0.8461538461538461 0.8285714285714286 1.0
  0.90625]]
[['LPP' 'Parkinsons' 4 12 0.8205128205128205 0.8055555555555556 1.0
  0.8923076923076924]]
[['LPP' 'Parkinsons' 6 5 0.8205128205128205 0.8235294117647058
  0.9655172413793104 0.888888888888889]]
[['LPP' 'Parkinsons' 6 12 0.8205128205128205 0.8055555555555556 1.0
  0.8923076923076924]]
[['LPP' 'Parkinsons' 8 5 0.8717948717948718 0.8529411764705882 1.0
  0.9206349206349206]]
[['LPP' 'Parkinsons' 8 12 0.8717948717948718 0.8529411764705882 1.0
  0.9206349206349206]]
[['LPP' 'Parkinsons' 10 5 0.8461538461538461 0.8285714285714286 1.0
  0.90625]]
[['LPP' 'Parkinsons' 10 12 0.8205128205128205 0.8055555555555556 1.0
  0.8923076923076924]]
[['LPP' 'StayHospital' 2 8 0.2945 0.5016704513862877 0.2945
  0.15468598650779652]]
[['LPP' 'StayHospital' 2 19 0.2955 0.79182025 0.2955 0.1348054805094558]]
[['LPP' 'StayHospital' 2 89 0.294 0.5148488157525927 0.294
  0.14373452476015225]]
[['LPP' 'StayHospital' 4 8 0.2955 0.79182025 0.2955 0.1348054805094558]]
[['LPP' 'StayHospital' 4 19 0.2955 0.79182025 0.2955 0.1348054805094558]]
[['LPP' 'StayHospital' 4 89 0.2955 0.79182025 0.2955 0.1348054805094558]]
[['LPP' 'StayHospital' 6 8 0.2955 0.79182025 0.2955 0.1348054805094558]]
[['LPP' 'StayHospital' 6 19 0.2955 0.79182025 0.2955 0.1348054805094558]]
[['LPP' 'StayHospital' 6 89 0.2955 0.79182025 0.2955 0.1348054805094558]]
[['LPP' 'StayHospital' 8 8 0.2955 0.79182025 0.2955 0.1348054805094558]]
[['LPP' 'StayHospital' 8 19 0.297 0.547941855187823 0.297
  0.14397486192301878]]
[['LPP' 'StayHospital' 8 89 0.2955 0.79182025 0.2955 0.1348054805094558]]
[['LPP' 'StayHospital' 10 8 0.297 0.5563986137943724 0.297
  0.14480254127213066]]
[['LPP' 'StayHospital' 10 19 0.297 0.5510601927669738 0.297
  0.14392687768301654]]
[['LPP' 'StayHospital' 10 89 0.2955 0.5299393088185222 0.2955
  0.14103741659963323]]
[['LPP' 'StayHospital' 12 8 0.297 0.4311234228831854 0.297
  0.15712192518245838]]
[['LPP' 'StayHospital' 12 19 0.297 0.6894654200819672 0.297
  0.14352982171988335]]
[['LPP' 'StayHospital' 12 89 0.296 0.5116918777943369 0.296
  0.1426906222612953]]
[['LPP' 'StayHospital' 14 8 0.299 0.44493460681199953 0.299
  0.16933695837835522]]
[['LPP' 'StayHospital' 14 19 0.304 0.5295151342674604 0.304
  0.17529183756450809]]
[['LPP' 'StayHospital' 14 89 0.298 0.35374544398837876 0.298
  0.16778522327467213]]
[['LPP' 'StayHospital' 16 8 0.3045 0.39659887762775897 0.3045
  0.1781612505230983]]
[['LPP' 'StayHospital' 16 19 0.3125 0.42418161203875493 0.3125
  0.1913077396090493]]
[['LPP' 'StayHospital' 16 89 0.3055 0.3981343580733532 0.3055
  0.17991015199815047]]
[['LPP' 'StayHospital' 18 8 0.322 0.4200561212792386 0.322
  0.22301597219834668]]
[['LPP' 'StayHospital' 18 19 0.3115 0.4164151198972441 0.3115
  0.20314578105225292]]
[['LPP' 'StayHospital' 18 89 0.3135 0.39854133246282675 0.3135
  0.19730159203509157]]
[['LPP' 'StayHospital' 20 8 0.3425 0.44088072125170163 0.3425
  0.2500270890159957]]
[['LPP' 'StayHospital' 20 19 0.32 0.42169415224760487 0.32
  0.21534189110827098]]
[['LPP' 'StayHospital' 20 89 0.3215 0.4078403286556192 0.3215
  0.22397337039284546]]
[['LPP' 'StayHospital' 22 8 0.3565 0.44028285116541216 0.3565
  0.2697506426458152]]
[['LPP' 'StayHospital' 22 19 0.3325 0.42861448904632027 0.3325
  0.23581540094466164]]
[['LPP' 'StayHospital' 22 89 0.3385 0.4228827884275694 0.3385
  0.2515240260281723]]
[['LPP' 'StayHospital' 24 8 0.3585 0.44062318760334057 0.3585
  0.27695840230204216]]
[['LPP' 'StayHospital' 24 19 0.3415 0.4188781066972243 0.3415
  0.2542393540831983]]
[['LPP' 'StayHospital' 24 89 0.3475 0.37158649138330896 0.3475
  0.27332603920259735]]
[['LPP' 'Zoo' 2 4 0.7142857142857143 0.9047619047619048
  0.7142857142857143 0.6428571428571429]]
[['LPP' 'Zoo' 2 8 0.7142857142857143 0.7582417582417582
  0.7142857142857143 0.6235827664399093]]
[['LPP' 'Zoo' 4 4 0.8095238095238095 0.8214285714285714
  0.8095238095238095 0.7573696145124716]]
[['LPP' 'Zoo' 4 8 0.8095238095238095 0.783068783068783 0.8095238095238095
  0.7680672268907562]]
[['LPP' 'Zoo' 6 4 1.0 1.0 1.0 1.0]]
[['LPP' 'Zoo' 6 8 0.9523809523809523 0.9682539682539681
  0.9523809523809523 0.9333333333333333]]
Finished python experiment_script.py
