Entered python experiment_script.py
----------pca----------
Index(['dr_name', 'dataset_name', 'n_components', 'n_neighbors',
       'fit_transform_time'],
      dtype='object')
PCA,Admission,2,None,0.011810302734375
PCA,BankHappiness,2,None,0.03641200065612793
PCA,BankHappiness,4,None,0.0340418815612793
PCA,BankHappiness,6,None,0.026463985443115234
PCA,BankHappiness,8,None,0.03054022789001465
PCA,Credit,2,None,0.004721879959106445
PCA,Credit,4,None,0.017599105834960938
PCA,Credit,6,None,0.0067157745361328125
PCA,Credit,8,None,0.006587028503417969
PCA,Credit,10,None,0.004545688629150391
PCA,Facebook,2,None,0.0066738128662109375
PCA,Facebook,4,None,0.00661921501159668
PCA,Facebook,6,None,0.005730152130126953
PCA,Facebook,8,None,0.0009837150573730469
PCA,ForestFires,2,None,0.0008556842803955078
PCA,ForestFires,4,None,0.0008459091186523438
PCA,HousePrice,2,None,0.042844533920288086
PCA,HousePrice,11,None,0.03307032585144043
PCA,HousePrice,20,None,0.11149764060974121
PCA,HousePrice,29,None,0.05140089988708496
PCA,HousePrice,38,None,0.41980576515197754
PCA,HousePrice,47,None,0.42859935760498047
PCA,HousePrice,56,None,0.37247490882873535
PCA,HousePrice,65,None,0.6474401950836182
PCA,HousePrice,74,None,1.1243503093719482
PCA,HousePrice,83,None,0.2503671646118164
PCA,HousePrice,92,None,0.6813969612121582
PCA,OnlineNewsPopularity,2,None,0.12330484390258789
PCA,OnlineNewsPopularity,4,None,0.11938643455505371
PCA,OnlineNewsPopularity,6,None,0.1868114471435547
PCA,OnlineNewsPopularity,8,None,0.13910913467407227
PCA,OnlineNewsPopularity,10,None,0.13668155670166016
PCA,OnlineNewsPopularity,12,None,0.1846756935119629
PCA,OnlineNewsPopularity,14,None,0.1676023006439209
PCA,OnlineNewsPopularity,16,None,0.19587445259094238
PCA,OnlineNewsPopularity,18,None,0.2378695011138916
PCA,OnlineNewsPopularity,20,None,0.3841688632965088
PCA,OnlineNewsPopularity,22,None,0.30075502395629883
PCA,PremiumPrice,2,None,0.006101131439208984
PCA,PremiumPrice,4,None,0.01511526107788086
PCA,WineQuality,2,None,0.021734237670898438
PCA,WineQuality,4,None,0.01869821548461914
Index(['dr_name', 'dataset_name', 'n_components', 'n_neighbors',
       'transform_time'],
      dtype='object')
PCA,Admission,2,None,0.0008094310760498047
PCA,BankHappiness,2,None,0.0009655952453613281
PCA,BankHappiness,4,None,0.0009112358093261719
PCA,BankHappiness,6,None,0.0009427070617675781
PCA,BankHappiness,8,None,0.0010023117065429688
PCA,Credit,2,None,0.0008196830749511719
PCA,Credit,4,None,0.0007946491241455078
PCA,Credit,6,None,0.00079345703125
PCA,Credit,8,None,0.0007975101470947266
PCA,Credit,10,None,0.0008006095886230469
PCA,Facebook,2,None,0.0008113384246826172
PCA,Facebook,4,None,0.007872819900512695
PCA,Facebook,6,None,0.0007765293121337891
PCA,Facebook,8,None,0.0046842098236083984
PCA,ForestFires,2,None,0.0007317066192626953
PCA,ForestFires,4,None,0.0007040500640869141
PCA,HousePrice,2,None,0.002128124237060547
PCA,HousePrice,11,None,0.012155771255493164
PCA,HousePrice,20,None,0.004753828048706055
PCA,HousePrice,29,None,0.005141019821166992
PCA,HousePrice,38,None,0.005213499069213867
PCA,HousePrice,47,None,0.005109310150146484
PCA,HousePrice,56,None,0.005255222320556641
PCA,HousePrice,65,None,0.0052852630615234375
PCA,HousePrice,74,None,0.005219221115112305
PCA,HousePrice,83,None,0.005244731903076172
PCA,HousePrice,92,None,0.004967927932739258
PCA,OnlineNewsPopularity,2,None,0.005645751953125
PCA,OnlineNewsPopularity,4,None,0.005865335464477539
PCA,OnlineNewsPopularity,6,None,0.005811452865600586
PCA,OnlineNewsPopularity,8,None,0.0059125423431396484
PCA,OnlineNewsPopularity,10,None,0.005816459655761719
PCA,OnlineNewsPopularity,12,None,0.006963968276977539
PCA,OnlineNewsPopularity,14,None,0.006544589996337891
PCA,OnlineNewsPopularity,16,None,0.0061187744140625
PCA,OnlineNewsPopularity,18,None,0.0029637813568115234
PCA,OnlineNewsPopularity,20,None,0.0029916763305664062
PCA,OnlineNewsPopularity,22,None,0.003146648406982422
PCA,PremiumPrice,2,None,0.0007450580596923828
PCA,PremiumPrice,4,None,0.0007255077362060547
PCA,WineQuality,2,None,0.0007536411285400391
PCA,WineQuality,4,None,0.0007281303405761719
Index(['dr_name', 'dataset_name', 'n_components', 'n_neighbors', 'RMSE', 'MAE',
       'MAE_percentage', 'R2', 'residuals_mean', 'residuals_var'],
      dtype='object')
[['PCA' 'Admission' 2 None 0.07596191665356902 0.05803619336361043
  0.09066858506111779 0.747501729483897 0.008537674485822681
  0.005769438882083948]]
[['PCA' 'BankHappiness' 2 None 0.31018275677355167 0.17404705480724939
  411259675004070.5 -0.0007178228673385689 -0.008588929308501794
  0.09617913650321791]]
[['PCA' 'BankHappiness' 4 None 0.30139127675816635 0.17109297193746598
  407960865725639.44 0.05520477813712721 -0.010078046572380704
  0.09077247424480059]]
[['PCA' 'BankHappiness' 6 None 0.30353290100904146 0.16926285631652785
  397386402656872.75 0.04173003328255698 -0.007152390055408644
  0.09211895875397487]]
[['PCA' 'BankHappiness' 8 None 0.3021352274235623 0.16657606760142907
  388086541965096.3 0.05053477883817037 -0.005315736054055041
  0.091294993101973]]
[['PCA' 'Credit' 2 None 9104.687953796794 6109.652321221694
  1.2049189355627443 0.0001293486536888544 -302.8671069303735
  92004015.83505788]]
[['PCA' 'Credit' 4 None 9104.687954324689 6109.652321648383
  1.2049189357143493 0.00012934853774293487 -302.8671069491502
  92004015.84572592]]
[['PCA' 'Credit' 6 None 9104.687954624982 6109.652321900868
  1.2049189357780912 0.00012934847178680542 -302.86710694873693
  92004015.85180193]]
[['PCA' 'Credit' 8 None 9104.687954729827 6109.652322070478
  1.2049189358232573 0.00012934844875900353 -302.86710705658425
  92004015.85385065]]
[['PCA' 'Credit' 10 None 9104.687954814797 6109.652322198437
  1.2049189358596781 0.00012934843009637653 -302.8671071463019
  92004015.85550943]]
[['PCA' 'Facebook' 2 None 255.3285960148372 131.81201038637573
  1.5697983989552342 -0.05174711815778377 70.34392280206913
  60852.95400780247]]
[['PCA' 'Facebook' 4 None 255.4794329733617 131.82218083263925
  1.5676025943817182 -0.05299013753274506 70.6978120008073
  60880.36368756455]]
[['PCA' 'Facebook' 6 None 255.62642954153907 131.8981951830849
  1.5671117628627869 -0.05420221527024571 70.77959997441778
  60944.565361229135]]
[['PCA' 'Facebook' 8 None 255.5721177233639 131.95042242284197
  1.5718492174596037 -0.05375429948382293 70.4804892918398
  60959.19998665437]]
[['PCA' 'ForestFires' 2 None 11.359339172599284 4.978928482041842
  3064501908147591.5 -0.13896449783432785 3.476744850273174
  118.0822378171043]]
[['PCA' 'ForestFires' 4 None 11.386857626686496 4.970502637521231
  2919626116037859.5 -0.14448955629868587 3.5284546225915694
  118.34850094195167]]
[['PCA' 'HousePrice' 2 None 92606.19528607426 59920.46708172663
  0.3147004437301666 -0.06401568033988081 23174.24178108777
  8066486878.296866]]
[['PCA' 'HousePrice' 11 None 92640.64748343173 60002.902107436494
  0.3153895326762695 -0.06480751714860289 23100.660825583338
  8076307623.321927]]
[['PCA' 'HousePrice' 20 None 92649.9764895607 60020.989160363744
  0.3155409935910751 -0.06502198231664802 23083.755029997803
  8078825608.218248]]
[['PCA' 'HousePrice' 29 None 92653.4140773939 60028.19806633349
  0.3156052891512466 -0.06510101470642682 23074.52070348611
  8079892499.224777]]
[['PCA' 'HousePrice' 38 None 92655.31067393003 60032.502288201795
  0.3156437171780559 -0.06514461995487686 23069.432903266334
  8080480740.853683]]
[['PCA' 'HousePrice' 47 None 92656.32745095485 60035.12592421767
  0.31566726418086816 -0.06516799736329904 23066.189095629397
  8080819978.324897]]
[['PCA' 'HousePrice' 56 None 92657.1913107885 60036.97373015737
  0.31568288848141346 -0.06518785915069669 23064.347610570218
  8081065853.964366]]
[['PCA' 'HousePrice' 65 None 92657.8807365574 60038.25745636623
  0.3156934502263778 -0.06520371049867069 23063.24786554417
  8081244956.910344]]
[['PCA' 'HousePrice' 74 None 92658.409010983 60039.277592042126
  0.3157021590145938 -0.06521585671824681 23062.194065488267
  8081391965.21324]]
[['PCA' 'HousePrice' 83 None 92658.78638307631 60039.98124076739
  0.3157082903859894 -0.0652245333955297 23061.456899720906
  8081496256.690343]]
[['PCA' 'HousePrice' 92 None 92659.09404882019 60040.45744841478
  0.3157121027733725 -0.06523160738506406 23061.112374496817
  8081569413.579689]]
[['PCA' 'OnlineNewsPopularity' 2 None 7053.0199130354695
  2195.8627647531594 0.6740656634878427 -0.05966358266670024
  1699.3783874516016 46863113.33340218]]
[['PCA' 'OnlineNewsPopularity' 4 None 7037.9228882317175
  2178.8138214058536 0.6632025589742321 -0.05513200727426382
  1679.5979480805486 46717201.25463388]]
[['PCA' 'OnlineNewsPopularity' 6 None 7033.6767659694315
  2172.8085525407378 0.6544372548332517 -0.05385922606508786
  1677.8821021741826 46663205.63058535]]
[['PCA' 'OnlineNewsPopularity' 8 None 7035.888385214102 2174.044666673635
  0.653961678520627 -0.054522066241858846 1680.9468382134414
  46684030.85399733]]
[['PCA' 'OnlineNewsPopularity' 10 None 7038.247422341997
  2173.6761204253476 0.6516544870813749 -0.05522931843486112
  1686.5179993978043 46698473.39500067]]
[['PCA' 'OnlineNewsPopularity' 12 None 7039.686462622328
  2172.228044949099 0.6480763269363858 -0.05566086698413786
  1688.500470538887 46712042.9435898]]
[['PCA' 'OnlineNewsPopularity' 14 None 7038.950159304242
  2168.9460064795253 0.6438788024110281 -0.055440048641214545
  1688.8000729819555 46700663.51407136]]
[['PCA' 'OnlineNewsPopularity' 16 None 7040.105680609199
  2169.982052869039 0.6441504843326341 -0.05578660133408597
  1691.1977416771317 46708829.077933334]]
[['PCA' 'OnlineNewsPopularity' 18 None 7041.150071676132
  2170.5832450350736 0.6438696702484352 -0.05609987387110249
  1693.6630592468784 46715191.46126795]]
[['PCA' 'OnlineNewsPopularity' 20 None 7041.386346952519
  2170.656783853495 0.6445808002018364 -0.056170752768360144
  1694.793208695159 46714689.291137405]]
[['PCA' 'OnlineNewsPopularity' 22 None 7041.786250681158
  2171.1539732416722 0.6447114751540107 -0.05629072306827032
  1695.4898250929034 46717959.89010161]]
[['PCA' 'PremiumPrice' 2 None 5874.323069270407 4495.492534436815
  0.20132815670587398 -0.017924341340147087 1179.2080898503114
  33285247.111638714]]
[['PCA' 'PremiumPrice' 4 None 5896.407115761341 4514.209928574706
  0.20190758962025218 -0.0255923377652032 1211.219990714603
  33469601.399802376]]
[['PCA' 'WineQuality' 2 None 0.7991392187689229 0.5995921357035962
  0.10740786727972226 0.10624500799714098 -0.002543571015155378
  0.6392693368709635]]
[['PCA' 'WineQuality' 4 None 0.7230702089316265 0.5392048481643427
  0.09473122067013985 0.2682975178311696 0.05422158993415579
  0.5204215886668535]]
----------kpca----------
Index(['dr_name', 'dataset_name', 'n_components', 'n_neighbors',
       'fit_transform_time'],
      dtype='object')
KPCA,Admission,2,None,0.02278733253479004
KPCA,BankHappiness,2,None,1.9860401153564453
KPCA,BankHappiness,4,None,2.3037068843841553
KPCA,BankHappiness,6,None,2.222963571548462
KPCA,BankHappiness,8,None,2.167506456375122
KPCA,Credit,2,None,0.012894153594970703
KPCA,Credit,4,None,0.013549089431762695
KPCA,Credit,6,None,0.013514518737792969
KPCA,Credit,8,None,0.011753559112548828
KPCA,Credit,10,None,0.010303020477294922
KPCA,Facebook,2,None,0.012486934661865234
KPCA,Facebook,4,None,0.01981377601623535
KPCA,Facebook,6,None,0.013666391372680664
KPCA,Facebook,8,None,0.01784992218017578
KPCA,ForestFires,2,None,0.02402353286743164
KPCA,ForestFires,4,None,0.01802992820739746
KPCA,HousePrice,2,None,0.11293554306030273
KPCA,HousePrice,11,None,0.18070459365844727
KPCA,HousePrice,20,None,0.1530625820159912
KPCA,HousePrice,29,None,0.15900230407714844
KPCA,HousePrice,38,None,0.16451740264892578
KPCA,HousePrice,47,None,0.16234183311462402
KPCA,HousePrice,56,None,0.19088196754455566
KPCA,HousePrice,65,None,0.17299127578735352
KPCA,HousePrice,74,None,0.19350624084472656
KPCA,HousePrice,83,None,0.19985437393188477
KPCA,HousePrice,92,None,0.1972811222076416
KPCA,OnlineNewsPopularity,2,None,32.50556778907776
KPCA,OnlineNewsPopularity,4,None,37.14242601394653
KPCA,OnlineNewsPopularity,6,None,36.00832748413086
KPCA,OnlineNewsPopularity,8,None,37.710999727249146
** fit_transform took too long **
KPCA,PremiumPrice,2,None,0.09144949913024902
KPCA,PremiumPrice,4,None,0.048380136489868164
KPCA,WineQuality,2,None,0.480865478515625
KPCA,WineQuality,4,None,0.6149024963378906
Index(['dr_name', 'dataset_name', 'n_components', 'n_neighbors',
       'transform_time'],
      dtype='object')
KPCA,Admission,2,None,0.013158321380615234
KPCA,BankHappiness,2,None,0.2954230308532715
KPCA,BankHappiness,4,None,0.32973790168762207
KPCA,BankHappiness,6,None,0.3444356918334961
KPCA,BankHappiness,8,None,0.28548693656921387
KPCA,Credit,2,None,0.005082130432128906
KPCA,Credit,4,None,0.00238037109375
KPCA,Credit,6,None,0.0021295547485351562
KPCA,Credit,8,None,0.0020530223846435547
KPCA,Credit,10,None,0.0018477439880371094
KPCA,Facebook,2,None,0.005334377288818359
KPCA,Facebook,4,None,0.0038819313049316406
KPCA,Facebook,6,None,0.00388336181640625
KPCA,Facebook,8,None,0.0033850669860839844
KPCA,ForestFires,2,None,0.0035622119903564453
KPCA,ForestFires,4,None,0.002339601516723633
KPCA,HousePrice,2,None,0.02344655990600586
KPCA,HousePrice,11,None,0.02031874656677246
KPCA,HousePrice,20,None,0.019860267639160156
KPCA,HousePrice,29,None,0.01929163932800293
KPCA,HousePrice,38,None,0.023835182189941406
KPCA,HousePrice,47,None,0.0267486572265625
KPCA,HousePrice,56,None,0.04157614707946777
KPCA,HousePrice,65,None,0.02421426773071289
KPCA,HousePrice,74,None,0.026098251342773438
KPCA,HousePrice,83,None,0.01699972152709961
KPCA,HousePrice,92,None,0.02216815948486328
KPCA,OnlineNewsPopularity,2,None,3.3085315227508545
KPCA,OnlineNewsPopularity,4,None,3.224104166030884
KPCA,OnlineNewsPopularity,6,None,3.2766950130462646
KPCA,OnlineNewsPopularity,8,None,3.2764127254486084
KPCA,PremiumPrice,2,None,0.01377248764038086
KPCA,PremiumPrice,4,None,0.003458738327026367
KPCA,WineQuality,2,None,0.09480881690979004
KPCA,WineQuality,4,None,0.06743550300598145
Index(['dr_name', 'dataset_name', 'n_components', 'n_neighbors', 'RMSE', 'MAE',
       'MAE_percentage', 'R2', 'residuals_mean', 'residuals_var'],
      dtype='object')
[['KPCA' 'Admission' 2 None 0.07752745398068885 0.05906724290854237
  0.09258899936075729 0.73698675285812 0.00945370268019747
  0.005996084684923802]]
[['KPCA' 'BankHappiness' 2 None 0.3101984799582454 0.17407029470167956
  411354647207912.8 -0.0008192783454550323 -0.008607865545033655
  0.09618856910954288]]
[['KPCA' 'BankHappiness' 4 None 0.3101800320233759 0.17399628040215354
  411009094542746.06 -0.0007002416573707038 -0.008528423634524222
  0.09617848159717882]]
[['KPCA' 'BankHappiness' 6 None 0.3100356706115478 0.1735655256110503
  409053618479393.06 0.00023101675725012427 -0.008090772605772283
  0.09609618593844496]]
[['KPCA' 'BankHappiness' 8 None 0.3096835255607999 0.17145031153717522
  398985943587308.3 0.0025008443416708603 -0.005735040891794158
  0.09591044839422568]]
[['KPCA' 'Credit' 2 None 9110.396306798064 6116.053444235013
  1.206529017014209 -0.0011248192892217013 -305.37574039168555
  92117851.69344448]]
[['KPCA' 'Credit' 4 None 9110.393553737224 6116.004157716073
  1.206512544700124 -0.0011242142316529868 -305.293596193453
  92117851.69344449]]
[['KPCA' 'Credit' 6 None 9110.403376476439 6116.179948134801
  1.2065712965668163 -0.0011263730379265091 -305.58658022467387
  92117851.69344433]]
[['KPCA' 'Credit' 8 None 9110.393764481018 6116.007931013357
  1.2065138057942195 -0.0011242605481411871 -305.2998850222628
  92117851.69344443]]
[['KPCA' 'Credit' 10 None 9110.381732616048 6115.792380026123
  1.2064417653328638 -0.0011216162312699396 -304.9406333768802
  92117851.6934443]]
[['KPCA' 'Facebook' 2 None 251.2251438707158 131.34540503093314
  1.5377261322364402 -0.01821296717482679 67.11896744007618
  59201.12840670693]]
[['KPCA' 'Facebook' 4 None 251.0590104291841 129.37599917878833
  1.4292901235857558 -0.01686673813155659 68.3462912032773
  58948.90019842221]]
[['KPCA' 'Facebook' 6 None 249.6604469821624 128.34418552952525
  1.4280578161311965 -0.005569063642685057 67.40019846508781
  58371.26468100998]]
[['KPCA' 'Facebook' 8 None 248.92526613059277 127.18685087536507
  1.429441074513978 0.00034446130074627934 67.00251203385766
  58055.00151448404]]
[['KPCA' 'ForestFires' 2 None 11.334388204695188 4.798990231529051
  2172805206986568.0 -0.1339664859584091 3.7440966807348066
  115.5612620008212]]
[['KPCA' 'ForestFires' 4 None 11.375173283104605 4.943103845649597
  2856650584251669.0 -0.14214198181360205 3.506431471013002
  118.23639396323908]]
[['KPCA' 'HousePrice' 2 None 92601.97598587006 59913.012313415325
  0.31460395472349145 -0.06391872571841173 23201.348824054687
  8064441318.95464]]
[['KPCA' 'HousePrice' 11 None 92639.87559389252 60003.247351548605
  0.3153909547312585 -0.06478977309387157 23101.623311894895
  8076119493.879386]]
[['KPCA' 'HousePrice' 20 None 92649.27049648037 60021.490218918436
  0.3155460099622866 -0.0650057514375122 23083.023235599252
  8078728239.366852]]
[['KPCA' 'HousePrice' 29 None 92652.61632545934 60028.5337433098
  0.31560944889756415 -0.06508267360706155 23073.697160518608
  8079782298.621496]]
[['KPCA' 'HousePrice' 38 None 92654.344667764 60032.91675125213
  0.31565005356241443 -0.0651224100912573 23067.895320920026
  8080372299.149684]]
[['KPCA' 'HousePrice' 47 None 92655.51222081762 60035.559861985304
  0.31567323787586016 -0.0651492538353291 23064.755146287138
  8080734764.13615]]
[['KPCA' 'HousePrice' 56 None 92656.269419855 60037.347617271036
  0.31568882807661575 -0.06516666312412167 23062.662506404813
  8080972424.016374]]
[['KPCA' 'HousePrice' 65 None 92657.06159149119 60038.69120291105
  0.3156997156552478 -0.06518487664449446 23061.58160122251
  8081169755.708961]]
[['KPCA' 'HousePrice' 74 None 92657.51727875273 60039.63334994135
  0.31570812429733364 -0.06519535382485664 23060.486071972733
  8081305193.102818]]
[['KPCA' 'HousePrice' 83 None 92657.86509085793 60040.2898260514
  0.3157136701783655 -0.06520335076983619 23059.81152443315
  8081401086.77233]]
[['KPCA' 'HousePrice' 92 None 92658.17459412782 60040.84052720088
  0.31571858816797693 -0.06521046693791255 23059.2253373187
  8081485767.078768]]
[['KPCA' 'OnlineNewsPopularity' 2 None 7040.452827666414
  2185.2674174046124 0.6750060640469498 -0.05589072540968876
  1679.5303882388635 46753050.15595128]]
[['KPCA' 'OnlineNewsPopularity' 4 None 7041.990019547979
  2183.8339133324203 0.6707823933850547 -0.05635185593149816
  1684.2838097287295 46758708.65971865]]
[['KPCA' 'OnlineNewsPopularity' 6 None 7040.199396019222
  2179.5160863078627 0.6623891216006751 -0.055814710040767324
  1682.7512350110524 46738650.463071935]]
[['KPCA' 'OnlineNewsPopularity' 8 None 7041.08030154638 2177.273943649008
  0.656646200322707 -0.056078944375376194 1685.6284790758573
  46741363.43180435]]
[['KPCA' 'PremiumPrice' 2 None 5966.330475000484 4570.323713402762
  0.20370341935225328 -0.05006082119686339 1305.9581760468116
  34063611.018825]]
[['KPCA' 'PremiumPrice' 4 None 5965.826723103411 4569.909292626769
  0.20371374147686827 -0.04988351026787141 1303.3347033444627
  34064449.8169962]]
[['KPCA' 'WineQuality' 2 None 0.8101825203644422 0.6070162728812121
  0.10969055744406996 0.08137273923205413 -0.03781187410102528
  0.6556349937808241]]
[['KPCA' 'WineQuality' 4 None 0.7596348504064844 0.5708607236420966
  0.10165081396294194 0.19242409440901564 0.006738583187937109
  0.5775890740548796]]
----------ica----------
Index(['dr_name', 'dataset_name', 'n_components', 'n_neighbors',
       'fit_transform_time'],
      dtype='object')
ICA,Admission,2,None,0.007615327835083008
ICA,BankHappiness,2,None,0.03323054313659668
ICA,BankHappiness,4,None,0.0257718563079834
ICA,BankHappiness,6,None,0.0878896713256836
ICA,BankHappiness,8,None,0.05486917495727539
ICA,Credit,2,None,0.008162736892700195
ICA,Credit,4,None,0.011200189590454102
ICA,Credit,6,None,0.0580744743347168
ICA,Credit,8,None,0.029538631439208984
ICA,Credit,10,None,0.0330958366394043
ICA,Facebook,2,None,0.0022363662719726562
ICA,Facebook,4,None,0.0020029544830322266
ICA,Facebook,6,None,0.0033288002014160156
ICA,Facebook,8,None,0.0031054019927978516
ICA,ForestFires,2,None,0.003383636474609375
ICA,ForestFires,4,None,0.005750179290771484
ICA,HousePrice,2,None,0.07217693328857422
ICA,HousePrice,11,None,0.172743558883667
ICA,HousePrice,20,None,0.22821259498596191
ICA,HousePrice,29,None,0.4157600402832031
ICA,HousePrice,38,None,0.45916175842285156
ICA,HousePrice,47,None,0.9431068897247314
ICA,HousePrice,56,None,0.9861056804656982
ICA,HousePrice,65,None,1.856278657913208
ICA,HousePrice,74,None,1.842031478881836
ICA,HousePrice,83,None,1.0309524536132812
ICA,HousePrice,92,None,2.579557180404663
ICA,OnlineNewsPopularity,2,None,0.31490182876586914
ICA,OnlineNewsPopularity,4,None,0.3450453281402588
ICA,OnlineNewsPopularity,6,None,0.3552546501159668
ICA,OnlineNewsPopularity,8,None,0.42204761505126953
ICA,OnlineNewsPopularity,10,None,0.29122352600097656
ICA,OnlineNewsPopularity,12,None,0.5614089965820312
ICA,OnlineNewsPopularity,14,None,0.43769168853759766
ICA,OnlineNewsPopularity,16,None,0.4703347682952881
ICA,OnlineNewsPopularity,18,None,0.631364107131958
ICA,OnlineNewsPopularity,20,None,0.7348787784576416
ICA,OnlineNewsPopularity,22,None,0.7483210563659668
ICA,PremiumPrice,2,None,0.008008241653442383
ICA,PremiumPrice,4,None,0.011353492736816406
ICA,WineQuality,2,None,0.0282437801361084
ICA,WineQuality,4,None,0.0169069766998291
Index(['dr_name', 'dataset_name', 'n_components', 'n_neighbors',
       'transform_time'],
      dtype='object')
ICA,Admission,2,None,0.0008728504180908203
ICA,BankHappiness,2,None,0.0010159015655517578
ICA,BankHappiness,4,None,0.0009682178497314453
ICA,BankHappiness,6,None,0.0009870529174804688
ICA,BankHappiness,8,None,0.002111196517944336
ICA,Credit,2,None,0.0008208751678466797
ICA,Credit,4,None,0.0008571147918701172
ICA,Credit,6,None,0.0008244514465332031
ICA,Credit,8,None,0.00991058349609375
ICA,Credit,10,None,0.0008385181427001953
ICA,Facebook,2,None,0.0008156299591064453
ICA,Facebook,4,None,0.0008175373077392578
ICA,Facebook,6,None,0.0008070468902587891
ICA,Facebook,8,None,0.0008099079132080078
ICA,ForestFires,2,None,0.0007119178771972656
ICA,ForestFires,4,None,0.0007021427154541016
ICA,HousePrice,2,None,0.006162405014038086
ICA,HousePrice,11,None,0.0020685195922851562
ICA,HousePrice,20,None,0.0024085044860839844
ICA,HousePrice,29,None,0.0022835731506347656
ICA,HousePrice,38,None,0.002243518829345703
ICA,HousePrice,47,None,0.002249002456665039
ICA,HousePrice,56,None,0.002306222915649414
ICA,HousePrice,65,None,0.0023190975189208984
ICA,HousePrice,74,None,0.0023195743560791016
ICA,HousePrice,83,None,0.002285003662109375
ICA,HousePrice,92,None,0.0022630691528320312
ICA,OnlineNewsPopularity,2,None,0.0028002262115478516
ICA,OnlineNewsPopularity,4,None,0.002722024917602539
ICA,OnlineNewsPopularity,6,None,0.0027163028717041016
ICA,OnlineNewsPopularity,8,None,0.0027341842651367188
ICA,OnlineNewsPopularity,10,None,0.002735614776611328
ICA,OnlineNewsPopularity,12,None,0.0030241012573242188
ICA,OnlineNewsPopularity,14,None,0.003116130828857422
ICA,OnlineNewsPopularity,16,None,0.003047466278076172
ICA,OnlineNewsPopularity,18,None,0.0032346248626708984
ICA,OnlineNewsPopularity,20,None,0.0031991004943847656
ICA,OnlineNewsPopularity,22,None,0.0031690597534179688
ICA,PremiumPrice,2,None,0.0006954669952392578
ICA,PremiumPrice,4,None,0.0006730556488037109
ICA,WineQuality,2,None,0.0007097721099853516
ICA,WineQuality,4,None,0.0007028579711914062
Index(['dr_name', 'dataset_name', 'n_components', 'n_neighbors', 'RMSE', 'MAE',
       'MAE_percentage', 'R2', 'residuals_mean', 'residuals_var'],
      dtype='object')
[['ICA' 'Admission' 2 None 0.07800709466798116 0.06056859087969688
  0.09481311720268346 0.7337223070067465 0.011481535833198851
  0.006028639142734527]]
[['ICA' 'BankHappiness' 2 None 0.31017435022604345 0.17405001351968413
  411287725639727.4 -0.00066358085847118 -0.008598427580691674
  0.09617375597823488]]
[['ICA' 'BankHappiness' 4 None 0.30038993713905093 0.1710880241070552
  409333698592185.0 0.061472307215903466 -0.010692654665751896
  0.09015686780042527]]
[['ICA' 'BankHappiness' 6 None 0.30380595049858816 0.1693966316593171
  397596555349426.4 0.04000519348356413 -0.007040102878297277
  0.09228645485241022]]
[['ICA' 'BankHappiness' 8 None 0.30285796422797917 0.16657484847365933
  387463130226010.06 0.045986919852488595 -0.0049721256834178275
  0.09173596035734473]]
[['ICA' 'Credit' 2 None 9107.55370927253 6113.3100106251 1.20599105290654
  -0.0005001810473272972 -304.74163915719873 92060741.22294173]]
[['ICA' 'Credit' 4 None 9108.781070080515 6114.579239338861
  1.2062934163572283 -0.0007698599298349151 -305.23267034882394
  92085250.66623205]]
[['ICA' 'Credit' 6 None 9109.428269566213 6114.926229225414
  1.2062962461190838 -0.0009120789037810884 -304.9799172794195
  92098522.94269815]]
[['ICA' 'Credit' 8 None 9109.583507490075 6115.25169620273
  1.2063598877076838 -0.0009461931933820722 -305.12086851908134
  92101569.92836592]]
[['ICA' 'Credit' 10 None 9109.807334821773 6115.432735863049
  1.2063833033825553 -0.0009953813626966124 -305.02797838682983
  92106164.01108204]]
[['ICA' 'Facebook' 2 None 242.46827433510708 124.41192120462644
  1.455147829870601 0.05153292485212457 60.877992832983466
  55641.14550269896]]
[['ICA' 'Facebook' 4 None 246.35165657447698 125.8180885049665
  1.4696600318492596 0.020908251741856954 65.12876653355856
  57017.558047279075]]
[['ICA' 'Facebook' 6 None 250.7554805801198 128.75675461455967
  1.5019459080153206 -0.014409444694819085 67.52850126476253
  58907.28541202203]]
[['ICA' 'Facebook' 8 None 253.54763359615836 129.64622199792487
  1.4911396602901195 -0.037126042097544554 70.17333092775624
  59961.72336233877]]
[['ICA' 'ForestFires' 2 None 11.355591522598564 4.935281119231539
  2805199770497142.0 -0.1382130921198359 3.557331029109103
  117.42393103742516]]
[['ICA' 'ForestFires' 4 None 11.301392835211646 4.952907111371688
  3242778183319831.0 -0.127373949608091 3.381013219745986
  117.41926097924566]]
[['ICA' 'HousePrice' 2 None 92613.38982824075 59949.12948564843
  0.3149519486946666 -0.0641810127566933 23140.470918480027
  8069393490.362238]]
[['ICA' 'HousePrice' 11 None 92662.19355800902 60048.963576406524
  0.31578271789097623 -0.06530287400840362 23053.393324978617
  8082502975.897739]]
[['ICA' 'HousePrice' 20 None 92672.43272545894 60063.83197321263
  0.3158996249166668 -0.0655383188376153 23042.82130046807
  8084896174.366556]]
[['ICA' 'HousePrice' 29 None 92675.63677688836 60070.17730656459
  0.3159587251532785 -0.0656119998340361 23033.223774037768
  8085935815.589136]]
[['ICA' 'HousePrice' 38 None 92677.03637437262 60073.64849668662
  0.3159914401430355 -0.06564418605228894 23028.10623057206
  8086432657.094569]]
[['ICA' 'HousePrice' 47 None 92677.84050007047 60075.52526969693
  0.3160080432009703 -0.06566267856404484 23025.992122365114
  8086679915.838097]]
[['ICA' 'HousePrice' 56 None 92678.5753247339 60076.69121534428
  0.316016493606336 -0.0656795774973673 23025.53424515061
  8086837746.765464]]
[['ICA' 'HousePrice' 65 None 92679.20826882224 60077.46156216872
  0.31602121734131006 -0.06569413356687037 23025.6315535929
  8086950974.477745]]
[['ICA' 'HousePrice' 74 None 92679.55692772001 60078.22175173983
  0.31602740096596293 -0.06570215185808825 23024.803438180894
  8087054089.669674]]
[['ICA' 'HousePrice' 83 None 92679.91492739087 60078.32036767863
  0.31602678083034696 -0.06571038499534332 23025.333330100235
  8087096190.88648]]
[['ICA' 'HousePrice' 92 None 92680.37805739671 60078.58225382331
  0.31602688680589797 -0.06572103592635448 23026.08690853872
  8087147509.190312]]
[['ICA' 'OnlineNewsPopularity' 2 None 7053.185773115175
  2195.9361363289486 0.6742630489757818 -0.0597134217299673
  1699.1526290954384 46866220.6284672]]
[['ICA' 'OnlineNewsPopularity' 4 None 7038.359227938376
  2178.7368373796044 0.6625192278487501 -0.05526284424697625
  1680.0843095489715 46721709.84406721]]
[['ICA' 'OnlineNewsPopularity' 6 None 7034.220233955693
  2172.5067117116623 0.652681306121616 -0.05402208850452794
  1679.6494743036283 46664917.29038021]]
[['ICA' 'OnlineNewsPopularity' 8 None 7037.686790320471 2174.479685775838
  0.6516916774677247 -0.055061216420627446 1685.2818340580732
  46694749.60799335]]
[['ICA' 'OnlineNewsPopularity' 10 None 7040.165700698093
  2174.476102962245 0.6513609363696009 -0.055804603528559316
  1689.8424625292944 46714257.114940345]]
[['ICA' 'OnlineNewsPopularity' 12 None 7042.310901077387
  2173.041739668667 0.6475469117322532 -0.056448127445926755
  1691.3371148197195 46739416.334351584]]
[['ICA' 'OnlineNewsPopularity' 14 None 7041.481517078872
  2169.288151455507 0.6427913456502177 -0.05619930299364695
  1691.7391253136952 46726373.785213836]]
[['ICA' 'OnlineNewsPopularity' 16 None 7043.692487942762
  2171.622394217906 0.6442894343755353 -0.05686268398844785
  1696.22146707894 46742331.70989193]]
[['ICA' 'OnlineNewsPopularity' 18 None 7045.605582359221
  2172.826190543752 0.6436569251309089 -0.05743685802519405
  1700.8615106500883 46753524.66597846]]
[['ICA' 'OnlineNewsPopularity' 20 None 7045.842278171063
  2173.4100274229036 0.6460944263949632 -0.057507908008589625
  1701.3715531892515 46755124.97090848]]
[['ICA' 'OnlineNewsPopularity' 22 None 7046.760208143896
  2174.5878930594045 0.6462517717150125 -0.0577834695097883
  1703.062531150738 46762305.0756678]]
[['ICA' 'PremiumPrice' 2 None 5873.563926664608 4494.912673197016
  0.20131023315429006 -0.017661264285513623 1178.3765515576151
  33278253.892712086]]
[['ICA' 'PremiumPrice' 4 None 5918.863479058711 4532.723655746309
  0.20253331166970429 -0.03341911444469603 1240.3645541641529
  33664463.19791175]]
[['ICA' 'WineQuality' 2 None 0.8051502786088042 0.6015653496795057
  0.10768111145793054 0.09274893611231705 0.0025573533907779816
  0.6489225970027785]]
[['ICA' 'WineQuality' 4 None 0.7249447020079284 0.5385989219724018
  0.094492921840468 0.26449885746326784 0.0602554654479017
  0.5224472092502148]]
----------svd----------
Index(['dr_name', 'dataset_name', 'n_components', 'n_neighbors',
       'fit_transform_time'],
      dtype='object')
SVD,Admission,2,None,0.007451534271240234
SVD,BankHappiness,2,None,0.037093162536621094
SVD,BankHappiness,4,None,0.04355764389038086
SVD,BankHappiness,6,None,0.03986167907714844
SVD,BankHappiness,8,None,0.06443619728088379
SVD,Credit,2,None,0.006884098052978516
SVD,Credit,4,None,0.005017995834350586
SVD,Credit,6,None,0.006966829299926758
SVD,Credit,8,None,0.005188703536987305
SVD,Credit,10,None,0.005148410797119141
SVD,Facebook,2,None,0.0054247379302978516
SVD,Facebook,4,None,0.007502317428588867
SVD,Facebook,6,None,0.005693674087524414
SVD,Facebook,8,None,0.007787466049194336
SVD,ForestFires,2,None,0.007043361663818359
SVD,ForestFires,4,None,0.002232789993286133
SVD,HousePrice,2,None,0.04767727851867676
SVD,HousePrice,11,None,0.034052371978759766
SVD,HousePrice,20,None,0.055100440979003906
SVD,HousePrice,29,None,0.38008594512939453
SVD,HousePrice,38,None,0.5350251197814941
SVD,HousePrice,47,None,0.4730381965637207
SVD,HousePrice,56,None,0.5102932453155518
SVD,HousePrice,65,None,0.8590645790100098
SVD,HousePrice,74,None,1.3739848136901855
SVD,HousePrice,83,None,0.9172043800354004
SVD,HousePrice,92,None,1.027857780456543
SVD,OnlineNewsPopularity,2,None,0.1175394058227539
SVD,OnlineNewsPopularity,4,None,0.0845947265625
SVD,OnlineNewsPopularity,6,None,0.18371987342834473
SVD,OnlineNewsPopularity,8,None,0.22444987297058105
SVD,OnlineNewsPopularity,10,None,0.19980287551879883
SVD,OnlineNewsPopularity,12,None,0.15844368934631348
SVD,OnlineNewsPopularity,14,None,0.19764423370361328
SVD,OnlineNewsPopularity,16,None,0.3148488998413086
SVD,OnlineNewsPopularity,18,None,0.33121442794799805
SVD,OnlineNewsPopularity,20,None,0.3076479434967041
SVD,OnlineNewsPopularity,22,None,0.31849169731140137
SVD,PremiumPrice,2,None,0.008314132690429688
SVD,PremiumPrice,4,None,0.019318819046020508
SVD,WineQuality,2,None,0.013216257095336914
SVD,WineQuality,4,None,0.01879739761352539
Index(['dr_name', 'dataset_name', 'n_components', 'n_neighbors',
       'transform_time'],
      dtype='object')
SVD,Admission,2,None,0.0007166862487792969
SVD,BankHappiness,2,None,0.0008466243743896484
SVD,BankHappiness,4,None,0.0008144378662109375
SVD,BankHappiness,6,None,0.0010731220245361328
SVD,BankHappiness,8,None,0.0008783340454101562
SVD,Credit,2,None,0.0007464885711669922
SVD,Credit,4,None,0.0007333755493164062
SVD,Credit,6,None,0.0007340908050537109
SVD,Credit,8,None,0.0007510185241699219
SVD,Credit,10,None,0.0007390975952148438
SVD,Facebook,2,None,0.0007336139678955078
SVD,Facebook,4,None,0.0007216930389404297
SVD,Facebook,6,None,0.0007369518280029297
SVD,Facebook,8,None,0.0007340908050537109
SVD,ForestFires,2,None,0.0006604194641113281
SVD,ForestFires,4,None,0.0006575584411621094
SVD,HousePrice,2,None,0.008692741394042969
SVD,HousePrice,11,None,0.005744457244873047
SVD,HousePrice,20,None,0.004817008972167969
SVD,HousePrice,29,None,0.0048944950103759766
SVD,HousePrice,38,None,0.004878044128417969
SVD,HousePrice,47,None,0.0020394325256347656
SVD,HousePrice,56,None,0.0021321773529052734
SVD,HousePrice,65,None,0.00217437744140625
SVD,HousePrice,74,None,0.002109050750732422
SVD,HousePrice,83,None,0.002111196517944336
SVD,HousePrice,92,None,0.0021200180053710938
SVD,OnlineNewsPopularity,2,None,0.0020651817321777344
SVD,OnlineNewsPopularity,4,None,0.0018620491027832031
SVD,OnlineNewsPopularity,6,None,0.002000570297241211
SVD,OnlineNewsPopularity,8,None,0.002052783966064453
SVD,OnlineNewsPopularity,10,None,0.002084970474243164
SVD,OnlineNewsPopularity,12,None,0.0026977062225341797
SVD,OnlineNewsPopularity,14,None,0.002651691436767578
SVD,OnlineNewsPopularity,16,None,0.0025293827056884766
SVD,OnlineNewsPopularity,18,None,0.0024614334106445312
SVD,OnlineNewsPopularity,20,None,0.0023932456970214844
SVD,OnlineNewsPopularity,22,None,0.002630949020385742
SVD,PremiumPrice,2,None,0.0006392002105712891
SVD,PremiumPrice,4,None,0.0006330013275146484
SVD,WineQuality,2,None,0.0006759166717529297
SVD,WineQuality,4,None,0.0006723403930664062
Index(['dr_name', 'dataset_name', 'n_components', 'n_neighbors', 'RMSE', 'MAE',
       'MAE_percentage', 'R2', 'residuals_mean', 'residuals_var'],
      dtype='object')
[['SVD' 'Admission' 2 None 0.07539297620562255 0.05815507096385405
  0.09086976944224075 0.7512698939919276 0.00869040924517562
  0.0056795723020687935]]
[['SVD' 'BankHappiness' 2 None 0.3101846226482529 0.17401862352012848
  411113620046181.0 -0.0007298623482190347 -0.008552499164778866
  0.09618091922904978]]
[['SVD' 'BankHappiness' 4 None 0.3069184882972304 0.17235716803440104
  406300727795781.5 0.02023384617893287 -0.008076601133932894
  0.09417246513202854]]
[['SVD' 'BankHappiness' 6 None 0.30494503800180245 0.1700888418326791
  397776210103468.4 0.03279290485482056 -0.006555727900220514
  0.09298674904457935]]
[['SVD' 'BankHappiness' 8 None 0.30209292560982154 0.16686405000953647
  388856818722762.4 0.05080062860089252 -0.005687221922257207
  0.09126533351121775]]
[['SVD' 'Credit' 2 None 9105.027877605431 6110.640922113173
  1.2052133485162493 5.4686856077346135e-05 -303.63005029346294
  92010379.38281205]]
[['SVD' 'Credit' 4 None 9105.134924924483 6110.986598222704
  1.205319320106664 3.117411220632249e-05 -303.9047880191938
  92012359.86766513]]
[['SVD' 'Credit' 6 None 9105.16463920065 6111.086490783458
  1.2053502531807134 2.4647377879327692e-05 -303.9852039738045
  92012906.78079435]]
[['SVD' 'Credit' 8 None 9105.178635229715 6111.133993721437
  1.2053650052019576 2.157314574624536e-05 -304.02356862415616
  92013164.0546274]]
[['SVD' 'Credit' 10 None 9105.186786800148 6111.16176330596
  1.2053736404656266 1.9782648589594665e-05 -304.0460262967452
  92013313.81823689]]
[['SVD' 'Facebook' 2 None 259.6452338867191 133.77694084569856
  1.582274209392152 -0.08760983544012335 73.9672794491668
  62570.19096058378]]
[['SVD' 'Facebook' 4 None 259.6709107621976 133.80231625836595
  1.5826712610138949 -0.08782495822707137 73.97344684032372
  62582.73844306161]]
[['SVD' 'Facebook' 6 None 259.6760084134788 133.8076138593503
  1.5827492271832775 -0.08786766926241008 73.97375201529648
  62585.36702862276]]
[['SVD' 'Facebook' 8 None 259.6774335682569 133.809995129691
  1.5828191416022404 -0.08787961017347601 73.97164119762051
  62586.43010416868]]
[['SVD' 'ForestFires' 2 None 11.337853918690366 4.911016946012477
  2784892725645773.5 -0.13466005746623555 3.569554955165365
  116.92953132015687]]
[['SVD' 'ForestFires' 4 None 11.385995555544595 4.866570470453949
  2399747306234618.0 -0.144316269848058 3.7063740447505897
  117.02896473838025]]
[['SVD' 'HousePrice' 2 None 92555.66643434609 59877.61169200858
  0.31444824200315835 -0.06285487629525077 23169.771997314063
  8057306570.350304]]
[['SVD' 'HousePrice' 11 None 92622.66420241058 59993.19261915338
  0.3153535898306098 -0.06439415919459512 23087.958933823393
  8073553231.123703]]
[['SVD' 'HousePrice' 20 None 92636.17581658608 60012.73113929105
  0.31550442621578645 -0.06470472534640082 23075.476973989385
  8076643169.225241]]
[['SVD' 'HousePrice' 29 None 92641.3030681013 60020.44837953353
  0.315567353716482 -0.06482258772449478 23068.601138553156
  8077914767.335095]]
[['SVD' 'HousePrice' 38 None 92644.01071238132 60024.65110701051
  0.3156011280853155 -0.06488483216248797 23065.444291145828
  8078564316.680891]]
[['SVD' 'HousePrice' 47 None 92645.43844398316 60027.33791892932
  0.31562426219459094 -0.06491765417506468 23062.555942540133
  8078963460.960562]]
[['SVD' 'HousePrice' 56 None 92646.63892902236 60029.24078135292
  0.31563941543706886 -0.06494525242525495 23061.123304085522
  8079252971.357855]]
[['SVD' 'HousePrice' 65 None 92647.4679649029 60030.57206326058
  0.3156501183298373 -0.06496431154678195 23060.108043404103
  8079454100.692772]]
[['SVD' 'HousePrice' 74 None 92648.14706890912 60031.61093994975
  0.3156584839063372 -0.06497992393634755 23059.303145518283
  8079617617.091508]]
[['SVD' 'HousePrice' 83 None 92648.61577326938 60032.33928186065
  0.31566445960442713 -0.06499069937033841 23058.67758869616
  8079733713.500104]]
[['SVD' 'HousePrice' 92 None 92649.02179289274 60032.87161224606
  0.31566853924164273 -0.06500003373689145 23058.388423676926
  8079822587.783384]]
[['SVD' 'OnlineNewsPopularity' 2 None 7052.854191674841
  2195.8409102893934 0.6741640386359543 -0.05961378645747484
  1699.0788766824699 46861793.396832265]]
[['SVD' 'OnlineNewsPopularity' 4 None 7036.869076070933 2182.002952697584
  0.6698189437444645 -0.05481605391329403 1678.8094245844272
  46705015.71399233]]
[['SVD' 'OnlineNewsPopularity' 6 None 7033.480363565961
  2175.3751563977867 0.659350824908417 -0.053800372750660186
  1677.583675027487 46661443.94701054]]
[['SVD' 'OnlineNewsPopularity' 8 None 7033.983279140324
  2173.0780611886817 0.6542356299326626 -0.053951078102682404
  1679.0430196257244 46663620.493037574]]
[['SVD' 'OnlineNewsPopularity' 10 None 7037.52591800312
  2173.7020320197616 0.6522429271340089 -0.055012982332358185
  1684.6548651788387 46694598.1222379]]
[['SVD' 'OnlineNewsPopularity' 12 None 7038.73721620257
  2172.3662349737733 0.6492640356742948 -0.055376191028093436
  1687.9195094051183 46700639.1808618]]
[['SVD' 'OnlineNewsPopularity' 14 None 7038.278921050974 2168.38070602529
  0.6431355277543855 -0.05523876352355672 1688.7027978167716
  46691541.73612992]]
[['SVD' 'OnlineNewsPopularity' 16 None 7039.169630423275
  2169.369779461224 0.6436628564851179 -0.05550586590500939
  1689.7864541402091 46700420.65005375]]
[['SVD' 'OnlineNewsPopularity' 18 None 7040.4256256227845
  2170.165241448762 0.6438048317882396 -0.05588256618163978
  1692.7803691010697 46707978.389865085]]
[['SVD' 'OnlineNewsPopularity' 20 None 7040.72058382681
  2170.6347182522504 0.6445542722663995 -0.05597104030688449
  1693.2027815421875 46710701.8015282]]
[['SVD' 'OnlineNewsPopularity' 22 None 7041.039503514262
  2170.683891403495 0.6447464358818957 -0.0560667059642177
  1694.1835277070563 46711870.73334716]]
[['SVD' 'PremiumPrice' 2 None 5959.6697047723355 4565.328486177151
  0.20356160185050906 -0.047717568593345305 1294.5185167706122
  34013671.01697664]]
[['SVD' 'PremiumPrice' 4 None 5960.269245271848 4564.935382545098
  0.20349144283779205 -0.04792837917222692 1301.283956713463
  34003202.88805306]]
[['SVD' 'WineQuality' 2 None 0.7991392187689225 0.5995921357035955
  0.10740786727972203 0.10624500799714165 -0.0025435710151448104
  0.639269336870963]]
[['SVD' 'WineQuality' 4 None 0.7230702089315859 0.5392048481643311
  0.09473122067013734 0.268297517831252 0.05422158993416268
  0.5204215886667939]]
----------lpp----------
Index(['dr_name', 'dataset_name', 'n_components', 'n_neighbors',
       'fit_transform_time'],
      dtype='object')
LPP,Admission,2,5,0.03052234649658203
LPP,Admission,2,6,0.01598358154296875
LPP,Admission,2,17,0.007383823394775391
LPP,BankHappiness,2,8,0.844038724899292
LPP,BankHappiness,2,19,0.7690496444702148
LPP,BankHappiness,2,87,0.8781759738922119
LPP,BankHappiness,4,8,0.721088171005249
LPP,BankHappiness,4,19,0.758899450302124
LPP,BankHappiness,4,87,0.8561570644378662
LPP,BankHappiness,6,8,0.7194316387176514
LPP,BankHappiness,6,19,0.7808947563171387
LPP,BankHappiness,6,87,0.8499388694763184
LPP,BankHappiness,8,8,0.7085886001586914
LPP,BankHappiness,8,19,0.7758042812347412
LPP,BankHappiness,8,87,0.9063432216644287
LPP,Credit,2,3,0.02750849723815918
LPP,Credit,2,3,0.023169517517089844
LPP,Credit,2,6,0.005067586898803711
LPP,Credit,4,3,0.002637147903442383
LPP,Credit,4,3,0.0026111602783203125
LPP,Credit,4,6,0.0024597644805908203
LPP,Credit,6,3,0.002653360366821289
LPP,Credit,6,3,0.002636432647705078
LPP,Credit,6,6,0.0024144649505615234
LPP,Credit,8,3,0.002415895462036133
LPP,Credit,8,3,0.0023453235626220703
LPP,Credit,8,6,0.002289295196533203
LPP,Credit,10,3,0.0023398399353027344
LPP,Credit,10,3,0.002508401870727539
LPP,Credit,10,6,0.002295255661010742
LPP,Facebook,2,5,0.013549089431762695
LPP,Facebook,2,7,0.08379697799682617
LPP,Facebook,2,20,0.08644342422485352
LPP,Facebook,4,5,0.06719207763671875
LPP,Facebook,4,7,0.08555722236633301
LPP,Facebook,4,20,0.07661032676696777
LPP,Facebook,6,5,0.07653975486755371
LPP,Facebook,6,7,0.08183741569519043
LPP,Facebook,6,20,0.07621979713439941
LPP,Facebook,8,5,0.0795755386352539
LPP,Facebook,8,7,0.06473064422607422
LPP,Facebook,8,20,0.06564450263977051
LPP,ForestFires,2,6,0.014309883117675781
LPP,ForestFires,2,7,0.014110565185546875
LPP,ForestFires,2,20,0.015247583389282227
LPP,ForestFires,4,6,0.014046669006347656
LPP,ForestFires,4,7,0.00958251953125
LPP,ForestFires,4,20,0.015226364135742188
LPP,HousePrice,2,7,0.17926478385925293
LPP,HousePrice,2,10,0.15373492240905762
LPP,HousePrice,2,34,0.16082096099853516
LPP,HousePrice,11,7,0.1870894432067871
LPP,HousePrice,11,10,0.15569734573364258
LPP,HousePrice,11,34,0.17222332954406738
LPP,HousePrice,20,7,0.149702787399292
LPP,HousePrice,20,10,0.15089654922485352
LPP,HousePrice,20,34,0.14431262016296387
LPP,HousePrice,29,7,0.15415048599243164
LPP,HousePrice,29,10,0.18190741539001465
LPP,HousePrice,29,34,0.16816020011901855
LPP,HousePrice,38,7,0.12699174880981445
LPP,HousePrice,38,10,0.16813087463378906
LPP,HousePrice,38,34,0.17911911010742188
LPP,HousePrice,47,7,0.1753389835357666
LPP,HousePrice,47,10,0.16685199737548828
LPP,HousePrice,47,34,0.1672360897064209
LPP,HousePrice,56,7,0.15624618530273438
LPP,HousePrice,56,10,0.17754220962524414
LPP,HousePrice,56,34,0.19129586219787598
LPP,HousePrice,65,7,0.20089983940124512
LPP,HousePrice,65,10,0.16669416427612305
LPP,HousePrice,65,34,0.1655595302581787
LPP,HousePrice,74,7,0.1425011157989502
LPP,HousePrice,74,10,0.21167683601379395
LPP,HousePrice,74,34,0.15891289710998535
LPP,HousePrice,83,7,0.18576383590698242
LPP,HousePrice,83,10,0.15661048889160156
LPP,HousePrice,83,34,0.14894986152648926
LPP,HousePrice,92,7,0.17366266250610352
LPP,HousePrice,92,10,0.14735770225524902
LPP,HousePrice,92,34,0.14570283889770508
LPP,OnlineNewsPopularity,2,10,22.431442737579346
LPP,OnlineNewsPopularity,2,31,21.876920700073242
LPP,OnlineNewsPopularity,2,178,23.137863874435425
LPP,OnlineNewsPopularity,4,10,21.516458988189697
LPP,OnlineNewsPopularity,4,31,22.532140970230103
LPP,OnlineNewsPopularity,4,178,21.939062356948853
LPP,OnlineNewsPopularity,6,10,21.29583239555359
LPP,OnlineNewsPopularity,6,31,21.25295376777649
LPP,OnlineNewsPopularity,6,178,22.515506505966187
LPP,OnlineNewsPopularity,8,10,20.471917152404785
LPP,OnlineNewsPopularity,8,31,21.003777980804443
LPP,OnlineNewsPopularity,8,178,21.698333978652954
LPP,OnlineNewsPopularity,10,10,20.602348804473877
LPP,OnlineNewsPopularity,10,31,20.701207160949707
LPP,OnlineNewsPopularity,10,178,21.75899577140808
LPP,OnlineNewsPopularity,12,10,20.847193717956543
LPP,OnlineNewsPopularity,12,31,20.64578676223755
LPP,OnlineNewsPopularity,12,178,21.56341242790222
LPP,OnlineNewsPopularity,14,10,19.557050466537476
LPP,OnlineNewsPopularity,14,31,20.420466423034668
LPP,OnlineNewsPopularity,14,178,21.7990779876709
LPP,OnlineNewsPopularity,16,10,20.36095428466797
LPP,OnlineNewsPopularity,16,31,19.933584451675415
LPP,OnlineNewsPopularity,16,178,21.04563808441162
LPP,OnlineNewsPopularity,18,10,20.29292631149292
LPP,OnlineNewsPopularity,18,31,20.015888214111328
LPP,OnlineNewsPopularity,18,178,21.94005537033081
LPP,OnlineNewsPopularity,20,10,21.10111355781555
LPP,OnlineNewsPopularity,20,31,23.129058837890625
LPP,OnlineNewsPopularity,20,178,22.08554744720459
LPP,OnlineNewsPopularity,22,10,20.405251502990723
LPP,OnlineNewsPopularity,22,31,20.83713674545288
LPP,OnlineNewsPopularity,22,178,21.712385177612305
LPP,PremiumPrice,2,6,0.040489912033081055
LPP,PremiumPrice,2,9,0.09853839874267578
LPP,PremiumPrice,2,28,0.04778027534484863
LPP,PremiumPrice,4,6,0.041994333267211914
LPP,PremiumPrice,4,9,0.04110002517700195
LPP,PremiumPrice,4,28,0.11126947402954102
LPP,WineQuality,2,8,0.34925317764282227
LPP,WineQuality,2,15,0.3767547607421875
LPP,WineQuality,2,62,0.45916008949279785
LPP,WineQuality,4,8,0.3394932746887207
LPP,WineQuality,4,15,0.3902401924133301
LPP,WineQuality,4,62,0.4655330181121826
Index(['dr_name', 'dataset_name', 'n_components', 'n_neighbors',
       'transform_time'],
      dtype='object')
LPP,Admission,2,5,0.0025787353515625
LPP,Admission,2,6,0.0008149147033691406
LPP,Admission,2,17,0.0008759498596191406
LPP,BankHappiness,2,8,0.009974002838134766
LPP,BankHappiness,2,19,0.0010352134704589844
LPP,BankHappiness,2,87,0.0013203620910644531
LPP,BankHappiness,4,8,0.0013458728790283203
LPP,BankHappiness,4,19,0.00188446044921875
LPP,BankHappiness,4,87,0.0014138221740722656
LPP,BankHappiness,6,8,0.004066944122314453
LPP,BankHappiness,6,19,0.014032840728759766
LPP,BankHappiness,6,87,0.011222362518310547
LPP,BankHappiness,8,8,0.009929418563842773
LPP,BankHappiness,8,19,0.001997232437133789
LPP,BankHappiness,8,87,0.0014524459838867188
LPP,Credit,2,3,0.0018198490142822266
LPP,Credit,2,3,0.0006697177886962891
LPP,Credit,2,6,0.0006573200225830078
LPP,Credit,4,3,0.000728607177734375
LPP,Credit,4,3,0.0006556510925292969
LPP,Credit,4,6,0.0011379718780517578
LPP,Credit,6,3,0.0014486312866210938
LPP,Credit,6,3,0.0006577968597412109
LPP,Credit,6,6,0.00321197509765625
LPP,Credit,8,3,0.0015468597412109375
LPP,Credit,8,3,0.0006909370422363281
LPP,Credit,8,6,0.001405477523803711
LPP,Credit,10,3,0.0014603137969970703
LPP,Credit,10,3,0.0006740093231201172
LPP,Credit,10,6,0.001378774642944336
LPP,Facebook,2,5,0.0024399757385253906
LPP,Facebook,2,7,0.0013644695281982422
LPP,Facebook,2,20,0.0006659030914306641
LPP,Facebook,4,5,0.001354217529296875
LPP,Facebook,4,7,0.0008208751678466797
LPP,Facebook,4,20,0.0007688999176025391
LPP,Facebook,6,5,0.0008931159973144531
LPP,Facebook,6,7,0.0009140968322753906
LPP,Facebook,6,20,0.0007634162902832031
LPP,Facebook,8,5,0.0009012222290039062
LPP,Facebook,8,7,0.0006976127624511719
LPP,Facebook,8,20,0.0009248256683349609
LPP,ForestFires,2,6,0.0013153553009033203
LPP,ForestFires,2,7,0.0006136894226074219
LPP,ForestFires,2,20,0.0007002353668212891
LPP,ForestFires,4,6,0.0006170272827148438
LPP,ForestFires,4,7,0.0006873607635498047
LPP,ForestFires,4,20,0.0006647109985351562
LPP,HousePrice,2,7,0.013109445571899414
LPP,HousePrice,2,10,0.0012722015380859375
LPP,HousePrice,2,34,0.0011959075927734375
LPP,HousePrice,11,7,0.01907801628112793
LPP,HousePrice,11,10,0.018193960189819336
LPP,HousePrice,11,34,0.02190566062927246
LPP,HousePrice,20,7,0.01892995834350586
LPP,HousePrice,20,10,0.024079084396362305
LPP,HousePrice,20,34,0.022072553634643555
LPP,HousePrice,29,7,0.007368326187133789
LPP,HousePrice,29,10,0.010866165161132812
LPP,HousePrice,29,34,0.018979310989379883
LPP,HousePrice,38,7,0.0230560302734375
LPP,HousePrice,38,10,0.03098440170288086
LPP,HousePrice,38,34,0.023073434829711914
LPP,HousePrice,47,7,0.030902385711669922
LPP,HousePrice,47,10,0.019202709197998047
LPP,HousePrice,47,34,0.022932052612304688
LPP,HousePrice,56,7,0.03751707077026367
LPP,HousePrice,56,10,0.0342564582824707
LPP,HousePrice,56,34,0.03895688056945801
LPP,HousePrice,65,7,0.023150920867919922
LPP,HousePrice,65,10,0.02316570281982422
LPP,HousePrice,65,34,0.026991605758666992
LPP,HousePrice,74,7,0.02278590202331543
LPP,HousePrice,74,10,0.0425267219543457
LPP,HousePrice,74,34,0.02692866325378418
LPP,HousePrice,83,7,0.03892374038696289
LPP,HousePrice,83,10,0.0231473445892334
LPP,HousePrice,83,34,0.01903676986694336
LPP,HousePrice,92,7,0.02623438835144043
LPP,HousePrice,92,10,0.024028539657592773
LPP,HousePrice,92,34,0.030899524688720703
LPP,OnlineNewsPopularity,2,10,0.039063215255737305
LPP,OnlineNewsPopularity,2,31,0.01909470558166504
LPP,OnlineNewsPopularity,2,178,0.01115870475769043
LPP,OnlineNewsPopularity,4,10,0.007699012756347656
LPP,OnlineNewsPopularity,4,31,0.003065824508666992
LPP,OnlineNewsPopularity,4,178,0.022484302520751953
LPP,OnlineNewsPopularity,6,10,0.003779172897338867
LPP,OnlineNewsPopularity,6,31,0.01081705093383789
LPP,OnlineNewsPopularity,6,178,0.003567218780517578
LPP,OnlineNewsPopularity,8,10,0.03036808967590332
LPP,OnlineNewsPopularity,8,31,0.002110004425048828
LPP,OnlineNewsPopularity,8,178,0.008556842803955078
LPP,OnlineNewsPopularity,10,10,0.004472970962524414
LPP,OnlineNewsPopularity,10,31,0.004706382751464844
LPP,OnlineNewsPopularity,10,178,0.004120826721191406
LPP,OnlineNewsPopularity,12,10,0.0044858455657958984
LPP,OnlineNewsPopularity,12,31,0.018619537353515625
LPP,OnlineNewsPopularity,12,178,0.0029976367950439453
LPP,OnlineNewsPopularity,14,10,0.014267683029174805
LPP,OnlineNewsPopularity,14,31,0.0070552825927734375
LPP,OnlineNewsPopularity,14,178,0.0032241344451904297
LPP,OnlineNewsPopularity,16,10,0.011010169982910156
LPP,OnlineNewsPopularity,16,31,0.0031006336212158203
LPP,OnlineNewsPopularity,16,178,0.015862464904785156
LPP,OnlineNewsPopularity,18,10,0.003288745880126953
LPP,OnlineNewsPopularity,18,31,0.0032927989959716797
LPP,OnlineNewsPopularity,18,178,0.002892732620239258
LPP,OnlineNewsPopularity,20,10,0.01590895652770996
LPP,OnlineNewsPopularity,20,31,0.017449140548706055
LPP,OnlineNewsPopularity,20,178,0.0040891170501708984
LPP,OnlineNewsPopularity,22,10,0.021673917770385742
LPP,OnlineNewsPopularity,22,31,0.018282413482666016
LPP,OnlineNewsPopularity,22,178,0.021199464797973633
LPP,PremiumPrice,2,6,0.001123666763305664
LPP,PremiumPrice,2,9,0.0005939006805419922
LPP,PremiumPrice,2,28,0.0005834102630615234
LPP,PremiumPrice,4,6,0.0005919933319091797
LPP,PremiumPrice,4,9,0.0009856224060058594
LPP,PremiumPrice,4,28,0.0006747245788574219
LPP,WineQuality,2,8,0.003111600875854492
LPP,WineQuality,2,15,0.0015780925750732422
LPP,WineQuality,2,62,0.0021965503692626953
LPP,WineQuality,4,8,0.0006303787231445312
LPP,WineQuality,4,15,0.0035467147827148438
LPP,WineQuality,4,62,0.002134561538696289
Index(['dr_name', 'dataset_name', 'n_components', 'n_neighbors', 'RMSE', 'MAE',
       'MAE_percentage', 'R2', 'residuals_mean', 'residuals_var'],
      dtype='object')
[['LPP' 'Admission' 2 5 0.07490654022985166 0.05945728399932254
  0.09072337699012005 0.7544691563012442 0.014936276269486126
  0.0054560986535776915]]
[['LPP' 'Admission' 2 6 0.07588535032559006 0.05980603649872478
  0.09139425984074809 0.7480104876327027 0.013815909465388207
  0.005638184343981498]]
[['LPP' 'Admission' 2 17 0.0755984086975257 0.06008293700059233
  0.09232379919982978 0.7499125563848841 0.0136201439098459
  0.005599606154403257]]
[['LPP' 'BankHappiness' 2 8 0.3101894759492164 0.17402282796003138
  411128995306579.7 -0.0007611784151468903 -0.008555122712117629
  0.09618388642917214]]
[['LPP' 'BankHappiness' 2 19 0.31018386972388756 0.1738198450581335
  410118487681494.75 -0.0007250041255539852 -0.008309350081244078
  0.09618455357668836]]
[['LPP' 'BankHappiness' 2 87 0.310184424434751 0.1738386765769386
  410212217434073.9 -0.0007285833801942143 -0.008332142934201326
  0.09618451838013896]]
[['LPP' 'BankHappiness' 4 8 0.3064671643674096 0.17309966973780622
  411361060994811.4 0.02311322168665142 -0.0095813388024629
  0.09386893408288667]]
[['LPP' 'BankHappiness' 4 19 0.30651931868475696 0.17311586248154798
  411361267469241.0 0.02278070189863113 -0.009565237751787478
  0.09390122553765094]]
[['LPP' 'BankHappiness' 4 87 0.3065307124328536 0.1730977778457124
  411292712241609.7 0.02270805135574061 -0.009552877750753213
  0.09390844974690624]]
[['LPP' 'BankHappiness' 6 8 0.3064553495314812 0.17299509455523815
  410624684620503.06 0.02318854156343475 -0.009358897182812138
  0.09386590435442829]]
[['LPP' 'BankHappiness' 6 19 0.30645455617973655 0.17298105616800208
  410688826935870.25 0.023193599096760775 -0.009401420480197613
  0.0938646198223217]]
[['LPP' 'BankHappiness' 6 87 0.30631150391410084 0.17293550748181274
  410930189812637.75 0.02410532810898991 -0.009554155815617775
  0.0937740297983069]]
[['LPP' 'BankHappiness' 8 8 0.3045830082908669 0.1723035227202806
  409894714022683.9 0.0350880715795896 -0.009680827333458136
  0.09271522924203333]]
[['LPP' 'BankHappiness' 8 19 0.3048717580897659 0.17230630041545744
  409487430862562.06 0.03325769900445452 -0.009508166931249472
  0.09289459614590874]]
[['LPP' 'BankHappiness' 8 87 0.30514743398829175 0.17225310703503388
  408772627786787.56 0.03150858293709902 -0.00924669092645161
  0.09306773890295966]]
[['LPP' 'Credit' 2 3 9104.937734879084 6111.495015801163
  1.205564808969519 7.448632330375737e-05 -305.0056189342784
  92007625.2538262]]
[['LPP' 'Credit' 2 6 9110.402820347737 6116.17 1.2065679717468742
  -0.0011262508138998317 -305.57000000000005 92117851.69344443]]
[['LPP' 'Credit' 4 3 9108.441505582485 6114.569771875699
  1.2061176168278975 -0.0006952463062632752 -306.2037584106649
  92077717.68772542]]
[['LPP' 'Credit' 4 6 9106.279716598809 6112.13207205212
  1.2054467326173293 -0.00022029452855010234 -304.5799378449863
  92035068.15377912]]
[['LPP' 'Credit' 6 3 9108.868998299598 6115.480893135567
  1.2064216961721361 -0.0007891811398930137 -306.6565833369674
  92086062.40897734]]
[['LPP' 'Credit' 6 6 9109.01133828263 6114.042347458725
  1.2059381385226697 -0.0008204591016474083 -304.52579254530303
  92090390.6695957]]
[['LPP' 'Credit' 8 3 9109.45982772457 6114.84963688277 1.2061466220450545
  -0.0009190139156534105 -304.98686910866144 92099157.06955452]]
[['LPP' 'Credit' 8 6 9109.466331834166 6114.577226136111
  1.2060103563611608 -0.0009204432186882272 -304.66120912251824
  92099509.33164024]]
[['LPP' 'Credit' 10 3 9109.88354718563 6115.167464760785
  1.2062012307947603 -0.0010121300249967824 -304.91866417386734
  92107780.94613542]]
[['LPP' 'Credit' 10 6 9110.03710019098 6115.4950003428185
  1.206307458934635 -0.0010458757288998033 -305.25514448423894
  92110661.40402447]]
[['LPP' 'Facebook' 2 5 255.87984135466925 132.06674741753986
  1.5869541456068337 -0.056293389580277964 68.93787974125438
  61335.41610956673]]
[['LPP' 'Facebook' 2 7 248.51472507061266 131.77907049280168
  1.6692014779915914 0.0036391145447675077 64.30236478143519
  58206.84288933073]]
[['LPP' 'Facebook' 2 20 248.56229135319813 130.32518991631517
  1.5761773094222875 0.0032576665721963938 66.4334875371768
  57949.297390302956]]
[['LPP' 'Facebook' 4 5 249.75198365978702 126.36025077186196
  1.3893177251906312 -0.00630657193838946 69.70145471877872
  58098.74803240865]]
[['LPP' 'Facebook' 4 7 250.32873776241365 126.39028371219223
  1.380004103424695 -0.010959680886533985 71.09833635396144
  58191.41769436587]]
[['LPP' 'Facebook' 4 20 249.9365826157914 126.01828467603255
  1.358335051426059 -0.007794702613855398 70.71589007233555
  58048.03860700775]]
[['LPP' 'Facebook' 6 5 251.30800193945444 127.47963454905376
  1.4416522113998438 -0.018884723763707312 69.70584063309988
  58885.664263064355]]
[['LPP' 'Facebook' 6 7 251.99454794780522 127.47755882773976
  1.4279789172425228 -0.024459291456023546 70.75669864431947
  59085.59777007641]]
[['LPP' 'Facebook' 6 20 252.70862534779363 127.95049722202009
  1.4265553364917236 -0.030273541969590534 70.87118069728317
  59433.25764822685]]
[['LPP' 'Facebook' 8 5 253.18932101477867 129.34850236686404
  1.4858642582928414 -0.034196787965685926 69.79324673816566
  59832.055541081]]
[['LPP' 'Facebook' 8 7 253.17884445164333 129.24173812320836
  1.4769554164760643 -0.0341112029675803 70.02946018509645
  59793.33533742769]]
[['LPP' 'Facebook' 8 20 253.85545497570206 129.9022894429533
  1.4858016210004823 -0.039645831836130796 70.02514268907328
  60140.47617403598]]
[['LPP' 'ForestFires' 2 6 11.30438051050003 4.957934842848355
  2975985135741389.5 -0.12797010134925046 3.5020317012801767
  116.6463926184249]]
[['LPP' 'ForestFires' 2 7 11.299525339110257 4.995622116834749
  3155102983771055.5 -0.1270013950856539 3.4332351526404135
  117.01733596786764]]
[['LPP' 'ForestFires' 2 20 11.316534428431869 4.974347422754129
  3053844259815314.0 -0.13039688197468347 3.4692374150839744
  117.15483199686591]]
[['LPP' 'ForestFires' 4 6 11.350414642250387 5.023057092950086
  3082866513961163.0 -0.13717553280984363 3.5093417073499373
  117.64766084014452]]
[['LPP' 'ForestFires' 4 7 11.358695406011313 5.004155697714011
  3019417600846340.5 -0.13883540467135536 3.5183108223042043
  117.77389154909481]]
[['LPP' 'ForestFires' 4 20 11.423933064531694 4.985155007749115
  2823219078757538.5 -0.15195457123353084 3.606889505877497
  118.63733839369219]]
[['LPP' 'HousePrice' 2 7 92680.72972560575 60082.66281703247
  0.31606512724026753 -0.0657291235264903 23020.939516476974
  8087450755.411858]]
[['LPP' 'HousePrice' 2 10 92679.17093955677 60082.54532350065
  0.316072627459719 -0.06569327508799572 23014.69769180875
  8087449159.896515]]
[['LPP' 'HousePrice' 2 34 92679.41238610126 60082.94954088723
  0.3160764953875307 -0.06569882775514424 23014.831237827006
  8087487899.696185]]
[['LPP' 'HousePrice' 11 7 92680.72884265905 60082.3117514695
  0.31606146281785463 -0.06572910322060777 23021.236621029453
  8087436864.836973]]
[['LPP' 'HousePrice' 11 10 92679.25606463283 60082.51865917781
  0.31607166427672956 -0.06569523275036637 23015.088099272438
  8087446960.643095]]
[['LPP' 'HousePrice' 11 34 92679.5246257109 60083.0487173946
  0.3160772359732828 -0.06570140899060473 23014.61655246164
  8087518691.611498]]
[['LPP' 'HousePrice' 20 7 92678.73167214068 60083.767123282974
  0.3160957100034755 -0.06568317307225291 23008.75342466781
  8087641974.220794]]
[['LPP' 'HousePrice' 20 10 92679.25509019644 60082.517967631415
  0.31607166270398895 -0.0656952103407733 23015.086774020336
  8087446840.613543]]
[['LPP' 'HousePrice' 20 34 92678.73167211731 60083.76712326475
  0.316095710003546 -0.06568317307171578 23008.75342456352
  8087641974.221264]]
[['LPP' 'HousePrice' 29 7 92678.73167214064 60083.767123283054
  0.31609571000347636 -0.06568317307225224 23008.753424667644
  8087641974.220794]]
[['LPP' 'HousePrice' 29 10 92679.25029911612 60082.504367526686
  0.3160714930335698 -0.06569510015794511 23015.1368752893
  8087443635.396669]]
[['LPP' 'HousePrice' 29 34 92678.73167211622 60083.76712326536
  0.31609571000355835 -0.06568317307169047 23008.753424559323
  8087641974.221253]]
[['LPP' 'HousePrice' 38 7 92678.73167214061 60083.76712328307
  0.3160957100034768 -0.06568317307225136 23008.7534246675
  8087641974.220794]]
[['LPP' 'HousePrice' 38 10 92679.18363296338 60082.57689832019
  0.3160728462033975 -0.06569356700426665 23014.64870102602
  8087453783.573695]]
[['LPP' 'HousePrice' 38 34 92678.73167212316 60083.76712326449
  0.316095710003499 -0.06568317307185012 23008.75342458742
  8087641974.221247]]
[['LPP' 'HousePrice' 47 7 92626.65642413261 59968.79031695868
  0.31503915825975837 -0.06448591619805266 23181.464559642558
  8069954009.985667]]
[['LPP' 'HousePrice' 47 10 92599.08379822283 59912.5219225971
  0.31457090805124 -0.06385226915500763 23240.708730920072
  8062069605.3704815]]
[['LPP' 'HousePrice' 47 34 92623.03360124661 59958.44223464936
  0.3149643778747602 -0.06440264927099082 23179.006689670947
  8069394916.475368]]
[['LPP' 'HousePrice' 56 7 92663.02698505615 60042.39729678007
  0.31569945296800506 -0.06532203729792374 23077.37713761877
  8081547767.933178]]
[['LPP' 'HousePrice' 56 10 92659.5424480185 60039.68833983447
  0.31568599137446335 -0.06524191722371309 23074.08927707165
  8081052046.485506]]
[['LPP' 'HousePrice' 56 34 92663.56623110405 60044.43725390916
  0.3157231310336427 -0.06533443646917036 23068.061136158303
  8082079416.2499075]]
[['LPP' 'HousePrice' 65 7 92672.34750013756 60060.715519281104
  0.31586753051815974 -0.06553635901415444 23050.050355052485
  8084545971.086642]]
[['LPP' 'HousePrice' 65 10 92671.39727078383 60059.78476772469
  0.3158640806043467 -0.0655145078630357 23048.674087397238
  8084432909.004315]]
[['LPP' 'HousePrice' 65 34 92672.03574148628 60061.36548674
  0.3158767880064806 -0.06552918989351864 23046.710842473447
  8084642459.525431]]
[['LPP' 'HousePrice' 74 7 92674.29865329174 60069.42444146238
  0.31595895381052186 -0.0655812277710186 23031.186653358694
  8085781103.393672]]
[['LPP' 'HousePrice' 74 10 92673.8185748823 60069.10175900956
  0.3159565516590423 -0.06557018779071422 23031.417763501508
  8085681133.867886]]
[['LPP' 'HousePrice' 74 34 92674.88105127872 60069.51527258856
  0.31595538145757895 -0.0655946207898177 23033.109094864867
  8085800561.104713]]
[['LPP' 'HousePrice' 83 7 92676.11377258091 60072.72709577112
  0.3159858596991174 -0.06562296913858257 23028.074508798698
  8086262528.297004]]
[['LPP' 'HousePrice' 83 10 92676.18111176479 60073.28378991002
  0.3159918229503923 -0.06562451771899269 23026.83812806943
  8086332189.742342]]
[['LPP' 'HousePrice' 83 34 92676.1359513435 60073.396457020106
  0.31599285674814126 -0.06562347917726918 23026.694809656336
  8086330413.389469]]
[['LPP' 'HousePrice' 92 7 92677.2973539236 60075.15541256191
  0.31600742902457896 -0.06565018779217269 23025.071647985777
  8086621429.437617]]
[['LPP' 'HousePrice' 92 10 92676.82033017343 60075.30543128989
  0.31601234989273014 -0.0656392177022973 23022.90625947695
  8086632761.692599]]
[['LPP' 'HousePrice' 92 34 92677.55445189978 60075.558372621614
  0.31600893758028353 -0.06565610028410851 23025.47241416755
  8086650728.633893]]
[['LPP' 'OnlineNewsPopularity' 2 10 7068.964981451007 2200.494181155501
  0.6575160432200271 -0.064460253526468 1740.3758431736849
  46947278.79183249]]
[['LPP' 'OnlineNewsPopularity' 2 31 7070.01283428961 2200.4531088409635
  0.6560425263434845 -0.06477585287388465 1743.8040232059527
  46950150.32618084]]
[['LPP' 'OnlineNewsPopularity' 2 178 7070.012834289613 2200.453108840962
  0.6560425263434765 -0.06477585287388576 1743.8040232059668
  46950150.32618084]]
[['LPP' 'OnlineNewsPopularity' 4 10 7062.933979945224 2198.582958186732
  0.6666701422238462 -0.06264470546612055 1713.708278459508
  46954162.16788523]]
[['LPP' 'OnlineNewsPopularity' 4 31 7062.796170591624 2198.624958368269
  0.6669944645248697 -0.06260323801032452 1713.3044184275782
  46953599.47263451]]
[['LPP' 'OnlineNewsPopularity' 4 178 7062.564509058995 2198.6564893719187
  0.6674709339574035 -0.06253353183401078 1712.7088059203388
  46952367.59089285]]
[['LPP' 'OnlineNewsPopularity' 6 10 7041.750327410483 2186.3101943345746
  0.663288157597059 -0.056279945882080185 1691.2391233654942
  46731851.69002075]]
[['LPP' 'OnlineNewsPopularity' 6 31 7046.464990830134 2184.2306662531514
  0.6668287556778618 -0.057694841702417454 1687.0038719689796
  46812590.77455113]]
[['LPP' 'OnlineNewsPopularity' 6 178 7045.074086770309 2183.865397122112
  0.6680338873381871 -0.05727732544264752 1684.5815108400695
  46801156.55093663]]
[['LPP' 'OnlineNewsPopularity' 8 10 7044.578259524372 2182.6557304046437
  0.662213441528843 -0.057128509844499575 1690.2558091098726
  46775017.387198836]]
[['LPP' 'OnlineNewsPopularity' 8 31 7045.024816244555 2184.0955135928893
  0.6651396344515762 -0.057262537116252954 1688.0078562660835
  46788905.123062335]]
[['LPP' 'OnlineNewsPopularity' 8 178 7042.24445262023 2181.161526674467
  0.6619502854352963 -0.056428191087553925 1682.7235425667322
  46767546.70041929]]
[['LPP' 'OnlineNewsPopularity' 10 10 7042.655697150928 2181.3070562244734
  0.6610631388806193 -0.05655157873870298 1686.011221555379
  46762263.05369911]]
/home/soyoung/.local/lib/python3.8/site-packages/umap/distances.py:1063: NumbaDeprecationWarning: [1mThe 'nopython' keyword argument was not supplied to the 'numba.jit' decorator. The implicit default value for this argument is currently False, but it will be changed to True in Numba 0.59.0. See https://numba.readthedocs.io/en/stable/reference/deprecation.html#deprecation-of-object-mode-fall-back-behaviour-when-using-jit for details.[0m
  @numba.jit()
/home/soyoung/.local/lib/python3.8/site-packages/umap/distances.py:1071: NumbaDeprecationWarning: [1mThe 'nopython' keyword argument was not supplied to the 'numba.jit' decorator. The implicit default value for this argument is currently False, but it will be changed to True in Numba 0.59.0. See https://numba.readthedocs.io/en/stable/reference/deprecation.html#deprecation-of-object-mode-fall-back-behaviour-when-using-jit for details.[0m
  @numba.jit()
/home/soyoung/.local/lib/python3.8/site-packages/umap/distances.py:1086: NumbaDeprecationWarning: [1mThe 'nopython' keyword argument was not supplied to the 'numba.jit' decorator. The implicit default value for this argument is currently False, but it will be changed to True in Numba 0.59.0. See https://numba.readthedocs.io/en/stable/reference/deprecation.html#deprecation-of-object-mode-fall-back-behaviour-when-using-jit for details.[0m
  @numba.jit()
/home/soyoung/.local/lib/python3.8/site-packages/umap/umap_.py:660: NumbaDeprecationWarning: [1mThe 'nopython' keyword argument was not supplied to the 'numba.jit' decorator. The implicit default value for this argument is currently False, but it will be changed to True in Numba 0.59.0. See https://numba.readthedocs.io/en/stable/reference/deprecation.html#deprecation-of-object-mode-fall-back-behaviour-when-using-jit for details.[0m
  @numba.jit()
[['LPP' 'OnlineNewsPopularity' 10 31 7045.251475680984 2177.1436685532512
  0.652343885562879 -0.05733056878172316 1689.2661504097564
  46787849.07985418]]
[['LPP' 'OnlineNewsPopularity' 10 178 7044.620399988058
  2176.5351362824385 0.6525489129385211 -0.05714115730675551
  1686.7890875905584 46787319.93836766]]
[['LPP' 'OnlineNewsPopularity' 12 10 7043.710751942094 2176.0462048879813
  0.6512385826542483 -0.05686816479681989 1688.5938824910409
  46768410.25661683]]
[['LPP' 'OnlineNewsPopularity' 12 31 7046.303719488854 2176.128504901792
  0.6495141039789699 -0.057646427663878175 1692.1939015317253
  46792777.37964434]]
[['LPP' 'OnlineNewsPopularity' 12 178 7038.144333087182 2166.324413590283
  0.6396024340427207 -0.055198406760150975 1688.6012949372157
  46689989.82935181]]
[['LPP' 'OnlineNewsPopularity' 14 10 7045.420984648506 2175.3981980207395
  0.6485240212625267 -0.05738144820590452 1693.0117693196416
  46777567.55436111]]
[['LPP' 'OnlineNewsPopularity' 14 31 7038.527533548789 2165.7635146292564
  0.6388626950797653 -0.05531331304941012 1688.898358054304
  46694381.23977576]]
[['LPP' 'OnlineNewsPopularity' 14 178 7041.357579014413
  2168.5222287138977 0.6401264768090152 -0.056162122708516726
  1692.9810075881653 46720424.21110091]]
[['LPP' 'OnlineNewsPopularity' 16 10 7040.297280553939 2167.931497425676
  0.6389384189040114 -0.055844069621166614 1692.4374561247082
  46707331.952106096]]
[['LPP' 'OnlineNewsPopularity' 16 31 7039.763999244769 2167.2170210609743
  0.6388248863067335 -0.05568412166437797 1691.5163114076602
  46702939.875803694]]
[['LPP' 'OnlineNewsPopularity' 16 178 7042.732984818648
  2169.2002052230287 0.6398174219655309 -0.05657476852929566
  1696.4322886733073 46728098.70091203]]
[['LPP' 'OnlineNewsPopularity' 18 10 7042.322114879056 2169.643946383703
  0.6403289683507069 -0.05645149191232823 1695.7279261994445
  46724700.45695057]]
[['LPP' 'OnlineNewsPopularity' 18 31 7042.029834494666 2169.193507724522
  0.6399801152258017 -0.05636380105258132 1695.342640677473
  46721890.053096116]]
[['LPP' 'OnlineNewsPopularity' 18 178 7043.969517485589
  2169.6594546245815 0.6387429562126132 -0.05694581877727112
  1699.3804756996524 46735506.81189561]]
[['LPP' 'OnlineNewsPopularity' 20 10 7043.160418414727 2170.65569371838
  0.6411163945286599 -0.05670302250638404 1697.2029601305057
  46731504.53670261]]
[['LPP' 'OnlineNewsPopularity' 20 31 7044.075831442964 2171.111658259155
  0.6411116601096903 -0.05697772378209143 1698.4045532045236
  46740321.14977262]]
[['LPP' 'OnlineNewsPopularity' 20 178 7044.644906833588 2170.976125398584
  0.6432762152502807 -0.05714851249089237 1700.292676154614
  46741921.73765603]]
[['LPP' 'OnlineNewsPopularity' 22 10 7043.876377837532 2171.2049746658504
  0.6412785328732902 -0.056917867801477895 1698.6009164817362
  46736843.77122002]]
[['LPP' 'OnlineNewsPopularity' 22 31 7044.859559063534 2171.8107840250773
  0.6427768884550221 -0.05721293667287397 1700.2210054055245
  46745190.21078888]]
[['LPP' 'OnlineNewsPopularity' 22 178 7045.06376935204 2172.1647935568703
  0.6442585817988559 -0.057274228707461905 1700.7535551801002
  46746256.46433639]]
[['LPP' 'PremiumPrice' 2 6 5832.785323050833 4458.252818201277
  0.20017321664497886 -0.003579610216084106 1107.3923258516245
  32961539.2820586]]
[['LPP' 'PremiumPrice' 2 9 5825.086958989671 4451.942823673724
  0.1999415348380992 -0.0009322222967407257 1102.7074290387447
  32881743.818961382]]
[['LPP' 'PremiumPrice' 2 28 5821.953220740555 4449.647720816468
  0.19985359875313002 0.0001444366074492276 1101.343290628534
  32848081.663017306]]
[['LPP' 'PremiumPrice' 4 6 5898.034171391959 4516.6798132063095
  0.20194594017029255 -0.02615842012187275 1218.1364382929053
  33472001.215801228]]
[['LPP' 'PremiumPrice' 4 9 5896.299209552975 4515.4055870019365
  0.2018947955984597 -0.025554800747932926 1216.6145014461279
  33455158.972803622]]
[['LPP' 'PremiumPrice' 4 28 5898.958986204814 4517.298920650657
  0.20195731223278068 -0.02648024969492746 1219.8287374166146
  33478819.92139709]]
[['LPP' 'WineQuality' 2 8 0.8070821817131757 0.6114026074521773
  0.11006536591199752 0.08838993888972568 -0.024006747098857664
  0.6514700895301107]]
[['LPP' 'WineQuality' 2 15 0.8036710729371445 0.6122413240947496
  0.10979928846106046 0.09607944023657222 -0.00913727882549773
  0.6464633601015057]]
[['LPP' 'WineQuality' 2 62 0.8062002391338949 0.612791146684367
  0.11002637468901544 0.09038118207722134 -0.017463237411149857
  0.6503174501535217]]
[['LPP' 'WineQuality' 4 8 0.7248927288409182 0.5459483983316197
  0.09771625522740163 0.26460431365417236 -0.008726845363535473
  0.5259299737349389]]
[['LPP' 'WineQuality' 4 15 0.7223262361317154 0.543245088811598
  0.0972313711944543 0.2698024524446059 -0.00877824885036818
  0.5222110021208428]]
[['LPP' 'WineQuality' 4 62 0.7143096105474137 0.538030375410924
  0.09641171064257029 0.2859204798592482 -0.013477685300816451
  0.5105775692389616]]
Finished python experiment_script.py
